{"episode_reward": 0.0, "episode": 1.0, "duration": 16.980168104171753, "step": 250}
{"episode_reward": 31.0, "episode": 2.0, "duration": 0.4884207248687744, "step": 500}
{"episode_reward": 41.0, "episode": 3.0, "duration": 0.5204403400421143, "step": 750}
{"episode_reward": 38.0, "episode": 4.0, "duration": 0.48595738410949707, "step": 1000}
{"episode_reward": 22.0, "episode": 5.0, "batch_reward": 0.13388836068855084, "critic_loss": 1.5559579107412298, "actor_loss": -1.6165602514222, "alpha_loss": 0.2996705478733386, "alpha_value": 0.09474529194715184, "duration": 447.3271675109863, "step": 1250}
{"episode_reward": 58.0, "episode": 6.0, "batch_reward": 0.13996875, "critic_loss": 3.2087145192623137, "actor_loss": -3.2385559616088866, "alpha_loss": 0.2198257701396942, "alpha_value": 0.08950198876857758, "duration": 83.45291948318481, "step": 1500}
{"episode_reward": 0.0, "episode": 7.0, "batch_reward": 0.1204375, "critic_loss": 2.8095467274188994, "actor_loss": -3.6319922714233397, "alpha_loss": 0.19983002066612243, "alpha_value": 0.08867103087902069, "duration": 83.79433512687683, "step": 1750}
{"episode_reward": 0.0, "episode": 8.0, "batch_reward": 0.10921875, "critic_loss": 2.4664533076286315, "actor_loss": -4.142411809921264, "alpha_loss": 0.16763421440124512, "alpha_value": 0.08792510622739792, "duration": 83.88671278953552, "step": 2000}
{"episode_reward": 0.0, "episode": 9.0, "batch_reward": 0.090875, "critic_loss": 2.17319481754303, "actor_loss": -4.3969113063812255, "alpha_loss": 0.1703501640558243, "alpha_value": 0.08722361320257187, "duration": 83.92664694786072, "step": 2250}
{"episode_reward": 0.0, "episode": 10.0, "batch_reward": 0.10975, "critic_loss": 3.2690620241165163, "actor_loss": -4.523169334411621, "alpha_loss": 0.18746212327480316, "alpha_value": 0.08643302649259567, "duration": 83.61219072341919, "step": 2500}
{"episode_reward": 121.0, "episode": 11.0, "batch_reward": 0.11784375, "critic_loss": 3.665656029701233, "actor_loss": -4.808440605163574, "alpha_loss": 0.18018082523345946, "alpha_value": 0.0856065901517868, "duration": 83.86096811294556, "step": 2750}
{"episode_reward": 0.0, "episode": 12.0, "batch_reward": 0.1080625, "critic_loss": 2.9517631468772887, "actor_loss": -5.175660110473633, "alpha_loss": 0.17612742364406586, "alpha_value": 0.08480124849081039, "duration": 83.51050901412964, "step": 3000}
{"episode_reward": 4.0, "episode": 13.0, "batch_reward": 0.11503125, "critic_loss": 3.364987548828125, "actor_loss": -5.632844432830811, "alpha_loss": 0.17552608132362366, "alpha_value": 0.08397773432731628, "duration": 84.04078245162964, "step": 3250}
{"episode_reward": 125.0, "episode": 14.0, "batch_reward": 0.217625, "critic_loss": 4.19725150346756, "actor_loss": -6.578591609954834, "alpha_loss": 0.159676724255085, "alpha_value": 0.08317199045419693, "duration": 83.816251039505, "step": 3500}
{"episode_reward": 594.0, "episode": 15.0, "batch_reward": 0.30409375, "critic_loss": 4.729676826953888, "actor_loss": -8.210829753875732, "alpha_loss": 0.13009035164117813, "alpha_value": 0.08246778339147567, "duration": 84.81732273101807, "step": 3750}
{"episode_reward": 362.0, "episode": 16.0, "batch_reward": 0.38515625, "critic_loss": 5.309538372993469, "actor_loss": -10.101513542175294, "alpha_loss": 0.10168777096271515, "alpha_value": 0.08187768602371216, "duration": 84.91948986053467, "step": 4000}
{"episode_reward": 240.0, "episode": 17.0, "batch_reward": 0.4049375, "critic_loss": 5.5880656900405885, "actor_loss": -11.683370246887208, "alpha_loss": 0.08525288248062134, "alpha_value": 0.08140537124872207, "duration": 85.56385350227356, "step": 4250}
{"episode_reward": 20.0, "episode": 18.0, "batch_reward": 0.37534375, "critic_loss": 7.187135225296021, "actor_loss": -12.604310150146484, "alpha_loss": 0.08319219499826432, "alpha_value": 0.08093256711959838, "duration": 85.82004618644714, "step": 4500}
{"episode_reward": 0.0, "episode": 19.0, "batch_reward": 0.436125, "critic_loss": 7.874484514236451, "actor_loss": -13.868379905700683, "alpha_loss": 0.06538747125864029, "alpha_value": 0.08050006783008576, "duration": 85.39551568031311, "step": 4750}
{"episode_reward": 871.0, "episode": 20.0, "batch_reward": 0.60628125, "critic_loss": 7.663086924552918, "actor_loss": -15.538201560974121, "alpha_loss": 0.05497797034680843, "alpha_value": 0.08013465905189514, "duration": 85.14503216743469, "step": 5000}
{"episode_reward": 839.0, "episode": 21.0, "batch_reward": 0.65525, "critic_loss": 8.574330097198485, "actor_loss": -17.0605517578125, "alpha_loss": 0.04371109316125512, "alpha_value": 0.07982782638072967, "duration": 85.41290879249573, "step": 5250}
{"episode_reward": 0.0, "episode": 22.0, "batch_reward": 0.62625, "critic_loss": 9.420233827590943, "actor_loss": -18.271664833068847, "alpha_loss": 0.04017396602220833, "alpha_value": 0.07953758698701859, "duration": 84.84762835502625, "step": 5500}
{"episode_reward": 31.0, "episode": 23.0, "batch_reward": 0.61215625, "critic_loss": 8.234876301765443, "actor_loss": -19.427088424682616, "alpha_loss": 0.05340294563770294, "alpha_value": 0.07920795154571533, "duration": 85.34200429916382, "step": 5750}
{"episode_reward": 266.0, "episode": 24.0, "batch_reward": 0.700125, "critic_loss": 8.181629658699036, "actor_loss": -21.60256149291992, "alpha_loss": 0.04627744797617197, "alpha_value": 0.0788363252878189, "duration": 85.05921411514282, "step": 6000}
{"episode_reward": 960.0, "episode": 25.0, "batch_reward": 0.7406875, "critic_loss": 7.670572691917419, "actor_loss": -23.52977705383301, "alpha_loss": 0.0530688290335238, "alpha_value": 0.07844691920280457, "duration": 85.31441903114319, "step": 6250}
{"episode_reward": 48.0, "episode": 26.0, "batch_reward": 0.796, "critic_loss": 8.988105812072753, "actor_loss": -25.857987655639647, "alpha_loss": 0.03767912618629635, "alpha_value": 0.07805741673707962, "duration": 84.56695628166199, "step": 6500}
{"episode_reward": 814.0, "episode": 27.0, "batch_reward": 0.82978125, "critic_loss": 9.301592164993286, "actor_loss": -28.049164672851564, "alpha_loss": 0.038783395405858755, "alpha_value": 0.07772628110647202, "duration": 84.80516576766968, "step": 6750}
{"episode_reward": 20.0, "episode": 28.0, "batch_reward": 0.85846875, "critic_loss": 8.633643990516662, "actor_loss": -30.55433201599121, "alpha_loss": 0.0385181385949254, "alpha_value": 0.07736742234230042, "duration": 84.87279605865479, "step": 7000}
{"episode_reward": 780.0, "episode": 29.0, "batch_reward": 0.93771875, "critic_loss": 8.745321286201477, "actor_loss": -33.75010092163086, "alpha_loss": 0.03404476832598448, "alpha_value": 0.07701799082756043, "duration": 85.25558352470398, "step": 7250}
{"episode_reward": 740.0, "episode": 30.0, "batch_reward": 0.94178125, "critic_loss": 9.819601861953736, "actor_loss": -35.77053601074219, "alpha_loss": 0.03460463674739003, "alpha_value": 0.07667602825164795, "duration": 85.57719588279724, "step": 7500}
{"episode_reward": 6.0, "episode": 31.0, "batch_reward": 0.91790625, "critic_loss": 10.810833848953248, "actor_loss": -36.71185177612305, "alpha_loss": 0.045548819944262506, "alpha_value": 0.07627532529830933, "duration": 84.97271013259888, "step": 7750}
{"episode_reward": 66.0, "episode": 32.0, "batch_reward": 0.9013125, "critic_loss": 9.62359652709961, "actor_loss": -38.109393112182616, "alpha_loss": 0.05623021178692579, "alpha_value": 0.07572315812110901, "duration": 85.33287811279297, "step": 8000}
{"episode_reward": 11.0, "episode": 33.0, "batch_reward": 0.86903125, "critic_loss": 9.632746592521668, "actor_loss": -38.49828889465332, "alpha_loss": 0.05833071713149548, "alpha_value": 0.07504928076267242, "duration": 84.77083587646484, "step": 8250}
{"episode_reward": 47.0, "episode": 34.0, "batch_reward": 0.89784375, "critic_loss": 8.595293118476867, "actor_loss": -40.84764129638672, "alpha_loss": 0.04974660646170378, "alpha_value": 0.07443872809410096, "duration": 85.22044730186462, "step": 8500}
{"episode_reward": 964.0, "episode": 35.0, "batch_reward": 0.98446875, "critic_loss": 12.388759294509887, "actor_loss": -43.46569903564453, "alpha_loss": 0.031104943577200176, "alpha_value": 0.07394599282741547, "duration": 85.62148809432983, "step": 8750}
{"episode_reward": 715.0, "episode": 36.0, "batch_reward": 1.03059375, "critic_loss": 9.286097950935364, "actor_loss": -45.053165252685545, "alpha_loss": 0.033551481161266564, "alpha_value": 0.07354585582017899, "duration": 85.1899733543396, "step": 9000}
{"episode_reward": 858.0, "episode": 37.0, "batch_reward": 1.10675, "critic_loss": 9.407181806564331, "actor_loss": -48.89037368774414, "alpha_loss": 0.03524652300961316, "alpha_value": 0.07312415838241577, "duration": 85.13008093833923, "step": 9250}
{"episode_reward": 977.0, "episode": 38.0, "batch_reward": 1.12240625, "critic_loss": 10.853356561660767, "actor_loss": -51.94848568725586, "alpha_loss": 0.024332355465739964, "alpha_value": 0.07270294725894928, "duration": 84.85424613952637, "step": 9500}
{"episode_reward": 6.0, "episode": 39.0, "batch_reward": 1.11759375, "critic_loss": 28.043956995010376, "actor_loss": -54.665612762451175, "alpha_loss": 0.0067201321804896, "alpha_value": 0.07248246204853058, "duration": 85.53483510017395, "step": 9750}
{"episode_reward": 288.0, "episode": 40.0, "batch_reward": 1.131, "critic_loss": 27.607032524108888, "actor_loss": -57.45108572387695, "alpha_loss": -0.014073793867602944, "alpha_value": 0.07253261768817902, "duration": 85.65526223182678, "step": 10000}
{"episode_reward": 551.0, "episode": 41.0, "batch_reward": 1.16453125, "critic_loss": 19.998778858184814, "actor_loss": -61.023025939941405, "alpha_loss": -0.016471636567264795, "alpha_value": 0.07283313471078873, "duration": 102.41430735588074, "step": 10250}
{"episode_reward": 456.0, "episode": 42.0, "batch_reward": 1.1569375, "critic_loss": 14.641550029754638, "actor_loss": -62.693469421386716, "alpha_loss": -0.009890213685110212, "alpha_value": 0.07300388967990876, "duration": 85.48975229263306, "step": 10500}
{"episode_reward": 0.0, "episode": 43.0, "batch_reward": 1.10928125, "critic_loss": 18.8286551361084, "actor_loss": -63.24689743041992, "alpha_loss": -0.011836327156051993, "alpha_value": 0.07320451575517654, "duration": 85.5812292098999, "step": 10750}
{"episode_reward": 0.0, "episode": 44.0, "batch_reward": 1.13353125, "critic_loss": 14.453337558746338, "actor_loss": -66.34238317871093, "alpha_loss": -0.012873348477296532, "alpha_value": 0.07344888317584991, "duration": 85.6540277004242, "step": 11000}
{"episode_reward": 997.0, "episode": 45.0, "batch_reward": 1.178625, "critic_loss": 12.96868988418579, "actor_loss": -68.74073306274414, "alpha_loss": -0.011163100816309453, "alpha_value": 0.0736571410894394, "duration": 85.38803029060364, "step": 11250}
{"episode_reward": 9.0, "episode": 46.0, "batch_reward": 1.15653125, "critic_loss": 14.805762201309204, "actor_loss": -70.8125245666504, "alpha_loss": -0.018874616835266353, "alpha_value": 0.07396269541978837, "duration": 85.55086541175842, "step": 11500}
{"episode_reward": 154.0, "episode": 47.0, "batch_reward": 1.13090625, "critic_loss": 12.455864225387574, "actor_loss": -71.20582446289062, "alpha_loss": -0.012717061067000032, "alpha_value": 0.07433727407455444, "duration": 85.64578032493591, "step": 11750}
{"episode_reward": 9.0, "episode": 48.0, "batch_reward": 1.1376875, "critic_loss": 12.89801391029358, "actor_loss": -72.7943101196289, "alpha_loss": -0.012516025027260184, "alpha_value": 0.07461067646741867, "duration": 87.10458707809448, "step": 12000}
{"episode_reward": 884.0, "episode": 49.0, "batch_reward": 1.1663125, "critic_loss": 11.385239845275878, "actor_loss": -76.2867299194336, "alpha_loss": -0.004006663989275694, "alpha_value": 0.07481956660747528, "duration": 95.37205481529236, "step": 12250}
{"episode_reward": 14.0, "episode": 50.0, "batch_reward": 1.16175, "critic_loss": 11.642095132827759, "actor_loss": -77.26415948486328, "alpha_loss": -0.0006915804967284202, "alpha_value": 0.07487531077861787, "duration": 96.90940356254578, "step": 12500}
{"episode_reward": 971.0, "episode": 51.0, "batch_reward": 1.19265625, "critic_loss": 10.59921008491516, "actor_loss": -79.41970196533204, "alpha_loss": 0.007506069676950574, "alpha_value": 0.07479786062240601, "duration": 95.81713819503784, "step": 12750}
{"episode_reward": 87.0, "episode": 52.0, "batch_reward": 1.209, "critic_loss": 10.02814785385132, "actor_loss": -80.73094140625, "alpha_loss": 0.00861616106890142, "alpha_value": 0.07453327643871308, "duration": 97.13755989074707, "step": 13000}
{"episode_reward": 975.0, "episode": 53.0, "batch_reward": 1.24775, "critic_loss": 10.907441570281982, "actor_loss": -83.11199401855468, "alpha_loss": 0.008911108011379837, "alpha_value": 0.07427127075195313, "duration": 97.10125374794006, "step": 13250}
{"episode_reward": 850.0, "episode": 54.0, "batch_reward": 1.2690625, "critic_loss": 11.192124937057494, "actor_loss": -85.90900817871093, "alpha_loss": 0.004241154899820685, "alpha_value": 0.07408877158164978, "duration": 97.9817545413971, "step": 13500}
{"episode_reward": 10.0, "episode": 55.0, "batch_reward": 1.25290625, "critic_loss": 12.569621896743774, "actor_loss": -86.66741784667968, "alpha_loss": 0.007375300912186503, "alpha_value": 0.07392371815443038, "duration": 96.40674233436584, "step": 13750}
{"episode_reward": 27.0, "episode": 56.0, "batch_reward": 1.21309375, "critic_loss": 13.324497030258179, "actor_loss": -88.55876574707031, "alpha_loss": 0.013853744216263295, "alpha_value": 0.0735829656124115, "duration": 97.65067601203918, "step": 14000}
{"episode_reward": 7.0, "episode": 57.0, "batch_reward": 1.20521875, "critic_loss": 12.277835472106933, "actor_loss": -88.64928790283203, "alpha_loss": 0.009906368507072329, "alpha_value": 0.07316421031951904, "duration": 88.68833017349243, "step": 14250}
{"episode_reward": 32.0, "episode": 58.0, "batch_reward": 1.1983125, "critic_loss": 16.19150037384033, "actor_loss": -90.46538104248047, "alpha_loss": 0.01045964343007654, "alpha_value": 0.0728414889574051, "duration": 96.20678186416626, "step": 14500}
{"episode_reward": 19.0, "episode": 59.0, "batch_reward": 1.16059375, "critic_loss": 16.451994352340698, "actor_loss": -90.281419921875, "alpha_loss": 0.004182714207097888, "alpha_value": 0.07259125190973281, "duration": 96.46863150596619, "step": 14750}
{"episode_reward": 68.0, "episode": 60.0, "batch_reward": 1.2144375, "critic_loss": 17.6553482837677, "actor_loss": -93.5193217163086, "alpha_loss": -0.002508310791105032, "alpha_value": 0.07254813975095749, "duration": 96.59671354293823, "step": 15000}
{"episode_reward": 983.0, "episode": 61.0, "batch_reward": 1.21965625, "critic_loss": 12.789062494277955, "actor_loss": -94.47352307128907, "alpha_loss": 0.0038228399120271207, "alpha_value": 0.07251965951919556, "duration": 97.36955618858337, "step": 15250}
{"episode_reward": 908.0, "episode": 62.0, "batch_reward": 1.230875, "critic_loss": 17.964308122634886, "actor_loss": -97.0059956665039, "alpha_loss": 0.006855489304289222, "alpha_value": 0.07231609827280044, "duration": 96.89672946929932, "step": 15500}
{"episode_reward": 75.0, "episode": 63.0, "batch_reward": 1.217875, "critic_loss": 25.142855171203614, "actor_loss": -97.60720001220703, "alpha_loss": 0.017683808884583412, "alpha_value": 0.0718404455780983, "duration": 97.76818299293518, "step": 15750}
{"episode_reward": 80.0, "episode": 64.0, "batch_reward": 1.21209375, "critic_loss": 18.787611854553223, "actor_loss": -99.39323693847656, "alpha_loss": 0.012492373680695891, "alpha_value": 0.07119542962312699, "duration": 97.22356247901917, "step": 16000}
{"episode_reward": 87.0, "episode": 65.0, "batch_reward": 1.198375, "critic_loss": 15.133670347213744, "actor_loss": -100.14463696289063, "alpha_loss": 0.014001317877322436, "alpha_value": 0.07074165791273117, "duration": 97.20569062232971, "step": 16250}
{"episode_reward": 709.0, "episode": 66.0, "batch_reward": 1.23825, "critic_loss": 17.003811601638795, "actor_loss": -101.80734490966798, "alpha_loss": 0.011257444510236383, "alpha_value": 0.07020491713285446, "duration": 97.03734064102173, "step": 16500}
{"episode_reward": 0.0, "episode": 67.0, "batch_reward": 1.19740625, "critic_loss": 19.343501806259155, "actor_loss": -102.97444287109376, "alpha_loss": 0.012161376270465553, "alpha_value": 0.06980290740728379, "duration": 97.97759890556335, "step": 16750}
{"episode_reward": 9.0, "episode": 68.0, "batch_reward": 1.20496875, "critic_loss": 13.405781421661377, "actor_loss": -106.12414752197266, "alpha_loss": 0.010420367585495114, "alpha_value": 0.0692806521654129, "duration": 97.6614511013031, "step": 17000}
{"episode_reward": 787.0, "episode": 69.0, "batch_reward": 1.25996875, "critic_loss": 16.302941070556642, "actor_loss": -108.30550720214843, "alpha_loss": 0.008479575225152075, "alpha_value": 0.06888695800304413, "duration": 97.83310770988464, "step": 17250}
{"episode_reward": 758.0, "episode": 70.0, "batch_reward": 1.2409375, "critic_loss": 26.27471912574768, "actor_loss": -109.08440631103515, "alpha_loss": 0.01462996017653495, "alpha_value": 0.06840674537420273, "duration": 97.02288627624512, "step": 17500}
{"episode_reward": 10.0, "episode": 71.0, "batch_reward": 1.2239375, "critic_loss": 24.427393119812013, "actor_loss": -109.41617010498047, "alpha_loss": 0.00726274396199733, "alpha_value": 0.06795078164339066, "duration": 97.37595915794373, "step": 17750}
{"episode_reward": 20.0, "episode": 72.0, "batch_reward": 1.21259375, "critic_loss": 18.876606544494628, "actor_loss": -111.4838447265625, "alpha_loss": 0.01143219701386988, "alpha_value": 0.0675891969203949, "duration": 97.08185648918152, "step": 18000}
{"episode_reward": 49.0, "episode": 73.0, "batch_reward": 1.21859375, "critic_loss": 20.10560394477844, "actor_loss": -111.13467053222656, "alpha_loss": 0.015825375119224192, "alpha_value": 0.06706038236618042, "duration": 97.1243691444397, "step": 18250}
{"episode_reward": 916.0, "episode": 74.0, "batch_reward": 1.22403125, "critic_loss": 14.826662734985351, "actor_loss": -112.37741094970703, "alpha_loss": 0.016450037375092506, "alpha_value": 0.0663093581199646, "duration": 97.17656207084656, "step": 18500}
{"episode_reward": 0.0, "episode": 75.0, "batch_reward": 1.23690625, "critic_loss": 14.27618461227417, "actor_loss": -114.18559167480468, "alpha_loss": 0.016485264778137207, "alpha_value": 0.06567284631729126, "duration": 97.38382363319397, "step": 18750}
{"episode_reward": 924.0, "episode": 76.0, "batch_reward": 1.24396875, "critic_loss": 13.16592686843872, "actor_loss": -115.6624423828125, "alpha_loss": 0.016353158127516507, "alpha_value": 0.06499526929855347, "duration": 97.79699921607971, "step": 19000}
{"episode_reward": 0.0, "episode": 77.0, "batch_reward": 1.228, "critic_loss": 13.531466058731079, "actor_loss": -117.86801245117188, "alpha_loss": 0.015740046583116056, "alpha_value": 0.0643552075624466, "duration": 97.15917253494263, "step": 19250}
{"episode_reward": 7.0, "episode": 78.0, "batch_reward": 1.24378125, "critic_loss": 13.515343118667603, "actor_loss": -118.94513140869141, "alpha_loss": 0.026100392375141383, "alpha_value": 0.06355815643072128, "duration": 97.95239782333374, "step": 19500}
{"episode_reward": 932.0, "episode": 79.0, "batch_reward": 1.25565625, "critic_loss": 16.998178052902222, "actor_loss": -119.8315712890625, "alpha_loss": 0.023404261954128744, "alpha_value": 0.06260805600881576, "duration": 97.49935603141785, "step": 19750}
{"episode_reward": 713.0, "episode": 80.0, "batch_reward": 1.2870625, "critic_loss": 17.332109439849855, "actor_loss": -123.7269755859375, "alpha_loss": 0.02124344399571419, "alpha_value": 0.06186181879043579, "duration": 97.09065842628479, "step": 20000}
{"episode_reward": 165.0, "episode": 81.0, "batch_reward": 1.2520625, "critic_loss": 14.27048335647583, "actor_loss": -122.4083560180664, "alpha_loss": 0.02625517440587282, "alpha_value": 0.061085225343704225, "duration": 112.41712260246277, "step": 20250}
{"episode_reward": 12.0, "episode": 82.0, "batch_reward": 1.24734375, "critic_loss": 18.058478101730348, "actor_loss": -121.71322180175781, "alpha_loss": 0.018061716634780168, "alpha_value": 0.060332910627126694, "duration": 98.02343273162842, "step": 20500}
{"episode_reward": 111.0, "episode": 83.0, "batch_reward": 1.22953125, "critic_loss": 13.950459491729736, "actor_loss": -124.15446392822265, "alpha_loss": 0.014741484897211193, "alpha_value": 0.05980816787481308, "duration": 97.17870950698853, "step": 20750}
{"episode_reward": 0.0, "episode": 84.0, "batch_reward": 1.2285, "critic_loss": 12.566045959472657, "actor_loss": -123.751736328125, "alpha_loss": 0.017808799751102923, "alpha_value": 0.059319459348917004, "duration": 97.68195915222168, "step": 21000}
{"episode_reward": 889.0, "episode": 85.0, "batch_reward": 1.2539375, "critic_loss": 14.003999689102173, "actor_loss": -126.73590411376954, "alpha_loss": 0.022093168742023408, "alpha_value": 0.05869923400878906, "duration": 98.08114624023438, "step": 21250}
{"episode_reward": 973.0, "episode": 86.0, "batch_reward": 1.277125, "critic_loss": 11.634611486434936, "actor_loss": -127.5445821533203, "alpha_loss": 0.022260525096207857, "alpha_value": 0.05799928480386734, "duration": 96.85103988647461, "step": 21500}
{"episode_reward": 1.0, "episode": 87.0, "batch_reward": 1.2774375, "critic_loss": 12.30343140220642, "actor_loss": -130.0036013183594, "alpha_loss": 0.023274462951347233, "alpha_value": 0.05725097516179085, "duration": 97.80993413925171, "step": 21750}
{"episode_reward": 427.0, "episode": 88.0, "batch_reward": 1.273625, "critic_loss": 16.37122667312622, "actor_loss": -131.15855169677735, "alpha_loss": 0.013692857638932765, "alpha_value": 0.05669195613265038, "duration": 97.28366041183472, "step": 22000}
{"episode_reward": 39.0, "episode": 89.0, "batch_reward": 1.24446875, "critic_loss": 28.595965682983397, "actor_loss": -130.31755505371095, "alpha_loss": 0.010558999229222536, "alpha_value": 0.05631834250688553, "duration": 96.95799994468689, "step": 22250}
{"episode_reward": 100.0, "episode": 90.0, "batch_reward": 1.24534375, "critic_loss": 17.111584222793578, "actor_loss": -130.5883501586914, "alpha_loss": 0.01910252171382308, "alpha_value": 0.05589274165034294, "duration": 97.66932773590088, "step": 22500}
{"episode_reward": 21.0, "episode": 91.0, "batch_reward": 1.23496875, "critic_loss": 13.148394804000855, "actor_loss": -132.23048669433595, "alpha_loss": 0.0218409516941756, "alpha_value": 0.05525152713060379, "duration": 97.611407995224, "step": 22750}
{"episode_reward": 90.0, "episode": 92.0, "batch_reward": 1.228125, "critic_loss": 12.970153743743897, "actor_loss": -130.83572863769533, "alpha_loss": 0.02050403589196503, "alpha_value": 0.054594471722841265, "duration": 97.12694978713989, "step": 23000}
{"episode_reward": 0.0, "episode": 93.0, "batch_reward": 1.228625, "critic_loss": 11.301488788604736, "actor_loss": -132.7880475463867, "alpha_loss": 0.017018700685352085, "alpha_value": 0.054057109981775285, "duration": 97.21250653266907, "step": 23250}
{"episode_reward": 955.0, "episode": 94.0, "batch_reward": 1.24090625, "critic_loss": 19.74747566795349, "actor_loss": -133.15838024902342, "alpha_loss": 0.013469281883910299, "alpha_value": 0.05358424463868141, "duration": 97.28428530693054, "step": 23500}
{"episode_reward": 537.0, "episode": 95.0, "batch_reward": 1.24228125, "critic_loss": 13.417837434768677, "actor_loss": -133.79059338378906, "alpha_loss": 0.0171154049243778, "alpha_value": 0.05314506298303604, "duration": 97.72531008720398, "step": 23750}
{"episode_reward": 970.0, "episode": 96.0, "batch_reward": 1.2819375, "critic_loss": 27.610878004074095, "actor_loss": -136.61424536132813, "alpha_loss": 0.011867251887917518, "alpha_value": 0.052653668969869616, "duration": 97.74124312400818, "step": 24000}
{"episode_reward": 120.0, "episode": 97.0, "batch_reward": 1.26065625, "critic_loss": 19.672175888061524, "actor_loss": -134.74684020996094, "alpha_loss": 0.015416801530867816, "alpha_value": 0.05224704316258431, "duration": 97.32778692245483, "step": 24250}
{"episode_reward": 149.0, "episode": 98.0, "batch_reward": 1.2626875, "critic_loss": 15.887087673187256, "actor_loss": -135.40922662353515, "alpha_loss": 0.018781816359609366, "alpha_value": 0.051705314606428146, "duration": 96.59841442108154, "step": 24500}
{"episode_reward": 906.0, "episode": 99.0, "batch_reward": 1.29021875, "critic_loss": 16.13917115974426, "actor_loss": -136.5858909301758, "alpha_loss": 0.01085019103810191, "alpha_value": 0.05128906545042992, "duration": 97.82371354103088, "step": 24750}
{"episode_reward": 787.0, "episode": 100.0, "batch_reward": 1.3040625, "critic_loss": 14.176890687942505, "actor_loss": -137.04657580566408, "alpha_loss": 0.011188731648027897, "alpha_value": 0.050924794971942904, "duration": 97.07294631004333, "step": 25000}
{"episode_reward": 229.0, "episode": 101.0, "batch_reward": 1.29840625, "critic_loss": 12.63711068534851, "actor_loss": -137.21130261230468, "alpha_loss": 0.01601605105306953, "alpha_value": 0.05048858693242073, "duration": 97.52254128456116, "step": 25250}
{"episode_reward": 0.0, "episode": 102.0, "batch_reward": 1.29915625, "critic_loss": 12.62503179359436, "actor_loss": -135.96029711914062, "alpha_loss": 0.021361288742162286, "alpha_value": 0.04993359923362732, "duration": 97.88132643699646, "step": 25500}
{"episode_reward": 60.0, "episode": 103.0, "batch_reward": 1.2885625, "critic_loss": 12.603225381851196, "actor_loss": -137.08224047851562, "alpha_loss": 0.018681830001994967, "alpha_value": 0.04927366277575493, "duration": 97.08360147476196, "step": 25750}
{"episode_reward": 986.0, "episode": 104.0, "batch_reward": 1.32396875, "critic_loss": 13.550708145141602, "actor_loss": -141.72988513183594, "alpha_loss": 0.013014842316508294, "alpha_value": 0.048804603934288024, "duration": 97.34843635559082, "step": 26000}
{"episode_reward": 939.0, "episode": 105.0, "batch_reward": 1.322875, "critic_loss": 34.906960418701175, "actor_loss": -141.63811822509766, "alpha_loss": 0.010906705651432275, "alpha_value": 0.04845650628209114, "duration": 96.93500828742981, "step": 26250}
{"episode_reward": 40.0, "episode": 106.0, "batch_reward": 1.3115625, "critic_loss": 30.688576416015625, "actor_loss": -142.52280548095703, "alpha_loss": 0.010855546284466982, "alpha_value": 0.04815645036101341, "duration": 98.11355400085449, "step": 26500}
{"episode_reward": 34.0, "episode": 107.0, "batch_reward": 1.29296875, "critic_loss": 17.660703634262084, "actor_loss": -141.8811224975586, "alpha_loss": 0.014467510394752026, "alpha_value": 0.047757133901119235, "duration": 97.3619613647461, "step": 26750}
{"episode_reward": 0.0, "episode": 108.0, "batch_reward": 1.27940625, "critic_loss": 17.9865565700531, "actor_loss": -141.12631121826172, "alpha_loss": 0.011385612164158374, "alpha_value": 0.04733356311917305, "duration": 97.16612195968628, "step": 27000}
{"episode_reward": 0.0, "episode": 109.0, "batch_reward": 1.29509375, "critic_loss": 14.923839660644532, "actor_loss": -142.46771954345704, "alpha_loss": 0.012654375524260103, "alpha_value": 0.04694254910945892, "duration": 98.0640857219696, "step": 27250}
{"episode_reward": 427.0, "episode": 110.0, "batch_reward": 1.313625, "critic_loss": 13.993339780807496, "actor_loss": -143.1965849609375, "alpha_loss": 0.014336112897843123, "alpha_value": 0.046498746305704115, "duration": 96.99102306365967, "step": 27500}
{"episode_reward": 880.0, "episode": 111.0, "batch_reward": 1.28425, "critic_loss": 14.862161838531494, "actor_loss": -142.95873956298828, "alpha_loss": 0.009020896771922707, "alpha_value": 0.046124941438436505, "duration": 97.85298538208008, "step": 27750}
{"episode_reward": 38.0, "episode": 112.0, "batch_reward": 1.30590625, "critic_loss": 15.385573329925537, "actor_loss": -144.96732885742188, "alpha_loss": 0.010836764027364552, "alpha_value": 0.04580281835794449, "duration": 98.33458995819092, "step": 28000}
{"episode_reward": 0.0, "episode": 113.0, "batch_reward": 1.2911875, "critic_loss": 24.956525960922242, "actor_loss": -144.65387377929687, "alpha_loss": 0.007689628866966814, "alpha_value": 0.04550062358379364, "duration": 97.14459419250488, "step": 28250}
{"episode_reward": 8.0, "episode": 114.0, "batch_reward": 1.288375, "critic_loss": 16.252663639068604, "actor_loss": -143.12668127441407, "alpha_loss": 0.004832340174354612, "alpha_value": 0.045268514573574066, "duration": 97.66708278656006, "step": 28500}
{"episode_reward": 952.0, "episode": 115.0, "batch_reward": 1.28646875, "critic_loss": 13.547658527374267, "actor_loss": -146.0211098022461, "alpha_loss": 0.007690511961467564, "alpha_value": 0.04507547008991242, "duration": 97.52490401268005, "step": 28750}
{"episode_reward": 6.0, "episode": 116.0, "batch_reward": 1.28478125, "critic_loss": 13.465362518310547, "actor_loss": -145.10799713134764, "alpha_loss": 0.0031750593986362217, "alpha_value": 0.04485191529989242, "duration": 98.36490821838379, "step": 29000}
{"episode_reward": 994.0, "episode": 117.0, "batch_reward": 1.3071875, "critic_loss": 43.900083278656005, "actor_loss": -147.9474439086914, "alpha_loss": -0.006908641198650003, "alpha_value": 0.04491991803050041, "duration": 97.52528476715088, "step": 29250}
{"episode_reward": 7.0, "episode": 118.0, "batch_reward": 1.29790625, "critic_loss": 25.765853565216066, "actor_loss": -146.97356134033203, "alpha_loss": 0.0039741685148328544, "alpha_value": 0.04501889452338219, "duration": 98.11280369758606, "step": 29500}
{"episode_reward": 8.0, "episode": 119.0, "batch_reward": 1.29875, "critic_loss": 30.972909927368164, "actor_loss": -146.57692211914062, "alpha_loss": 0.0024044522903859614, "alpha_value": 0.0448641699552536, "duration": 97.86923289299011, "step": 29750}
{"episode_reward": 724.0, "episode": 120.0, "batch_reward": 1.290125, "critic_loss": 17.102438196182252, "actor_loss": -148.46499829101563, "alpha_loss": 0.0022685016696341338, "alpha_value": 0.04477523362636566, "duration": 98.0222430229187, "step": 30000}
{"episode_reward": 978.0, "episode": 121.0, "batch_reward": 1.3109375, "critic_loss": 16.773411712646485, "actor_loss": -150.34297680664062, "alpha_loss": -0.0009620139668695629, "alpha_value": 0.04473960942029953, "duration": 113.32614374160767, "step": 30250}
{"episode_reward": 32.0, "episode": 122.0, "batch_reward": 1.32475, "critic_loss": 17.454093915939332, "actor_loss": -151.59990362548828, "alpha_loss": -0.005214623721316457, "alpha_value": 0.044826898664236066, "duration": 98.0093469619751, "step": 30500}
{"episode_reward": 986.0, "episode": 123.0, "batch_reward": 1.33646875, "critic_loss": 19.173381948471068, "actor_loss": -154.38930853271484, "alpha_loss": -0.011741795501671731, "alpha_value": 0.045255807429552077, "duration": 97.25909066200256, "step": 30750}
{"episode_reward": 7.0, "episode": 124.0, "batch_reward": 1.32234375, "critic_loss": 18.778641187667848, "actor_loss": -152.83671575927735, "alpha_loss": -0.004905925199389457, "alpha_value": 0.04561538296937943, "duration": 97.70925664901733, "step": 31000}
{"episode_reward": 80.0, "episode": 125.0, "batch_reward": 1.31153125, "critic_loss": 21.89101007652283, "actor_loss": -153.62017474365234, "alpha_loss": -0.0018083046386018395, "alpha_value": 0.045756571412086486, "duration": 96.31340265274048, "step": 31250}
{"episode_reward": 111.0, "episode": 126.0, "batch_reward": 1.31528125, "critic_loss": 20.117397563934325, "actor_loss": -153.9328834838867, "alpha_loss": -0.0023626092178747056, "alpha_value": 0.04580990394949913, "duration": 96.72970247268677, "step": 31500}
{"episode_reward": 966.0, "episode": 127.0, "batch_reward": 1.32425, "critic_loss": 21.35066862106323, "actor_loss": -154.22745751953124, "alpha_loss": -0.005400148109532893, "alpha_value": 0.04605573797225952, "duration": 97.19929528236389, "step": 31750}
{"episode_reward": 3.0, "episode": 128.0, "batch_reward": 1.34415625, "critic_loss": 22.22246894836426, "actor_loss": -158.00553283691406, "alpha_loss": -0.007465239819604903, "alpha_value": 0.04627404302358627, "duration": 97.82068943977356, "step": 32000}
{"episode_reward": 42.0, "episode": 129.0, "batch_reward": 1.33959375, "critic_loss": 19.661462825775146, "actor_loss": -157.25855157470704, "alpha_loss": -0.010868829273618758, "alpha_value": 0.046672073274850845, "duration": 98.0880856513977, "step": 32250}
{"episode_reward": 1000.0, "episode": 130.0, "batch_reward": 1.343625, "critic_loss": 21.31938800430298, "actor_loss": -158.0746686401367, "alpha_loss": -0.007918677507899702, "alpha_value": 0.04718886810541153, "duration": 98.18710994720459, "step": 32500}
{"episode_reward": 826.0, "episode": 131.0, "batch_reward": 1.34575, "critic_loss": 70.60314735984802, "actor_loss": -159.3276153564453, "alpha_loss": -0.00318279832508415, "alpha_value": 0.04733029851317406, "duration": 97.65774321556091, "step": 32750}
{"episode_reward": 98.0, "episode": 132.0, "batch_reward": 1.344375, "critic_loss": 42.51680974960327, "actor_loss": -160.5042689819336, "alpha_loss": -0.00948978520743549, "alpha_value": 0.04772864615917206, "duration": 98.46276998519897, "step": 33000}
{"episode_reward": 737.0, "episode": 133.0, "batch_reward": 1.337125, "critic_loss": 23.006075736999513, "actor_loss": -160.56049438476563, "alpha_loss": 0.002554541346617043, "alpha_value": 0.04787697672843933, "duration": 99.04147911071777, "step": 33250}
{"episode_reward": 28.0, "episode": 134.0, "batch_reward": 1.35096875, "critic_loss": 20.606754539489746, "actor_loss": -159.7974560546875, "alpha_loss": 0.005581575997173786, "alpha_value": 0.047640523076057435, "duration": 99.0506591796875, "step": 33500}
{"episode_reward": 54.0, "episode": 135.0, "batch_reward": 1.33278125, "critic_loss": 19.445620086669923, "actor_loss": -159.89149719238281, "alpha_loss": 0.006430203950963914, "alpha_value": 0.0474282408952713, "duration": 98.46540880203247, "step": 33750}
{"episode_reward": 47.0, "episode": 136.0, "batch_reward": 1.3329375, "critic_loss": 18.52666176223755, "actor_loss": -159.4138198852539, "alpha_loss": 0.007327914020046592, "alpha_value": 0.04702748629450798, "duration": 102.91783928871155, "step": 34000}
{"episode_reward": 994.0, "episode": 137.0, "batch_reward": 1.33834375, "critic_loss": 18.622411283493044, "actor_loss": -159.58048815917968, "alpha_loss": 0.00270020239893347, "alpha_value": 0.04684902557730675, "duration": 111.20700788497925, "step": 34250}
{"episode_reward": 841.0, "episode": 138.0, "batch_reward": 1.34921875, "critic_loss": 19.46305365371704, "actor_loss": -159.94203491210936, "alpha_loss": -0.00020373556576669215, "alpha_value": 0.04675184828042984, "duration": 110.7766580581665, "step": 34500}
{"episode_reward": 44.0, "episode": 139.0, "batch_reward": 1.33440625, "critic_loss": 18.488258993148804, "actor_loss": -162.37490771484374, "alpha_loss": -0.0020184714468196034, "alpha_value": 0.04685025265812874, "duration": 109.8116466999054, "step": 34750}
{"episode_reward": 0.0, "episode": 140.0, "batch_reward": 1.3443125, "critic_loss": 17.667699136734008, "actor_loss": -160.6574758300781, "alpha_loss": -0.003212976151145995, "alpha_value": 0.04694567412137985, "duration": 110.64841365814209, "step": 35000}
{"episode_reward": 0.0, "episode": 141.0, "batch_reward": 1.34884375, "critic_loss": 17.829710641860963, "actor_loss": -160.89357501220704, "alpha_loss": -0.006372128774411977, "alpha_value": 0.047200977742671964, "duration": 110.5667712688446, "step": 35250}
{"episode_reward": 961.0, "episode": 142.0, "batch_reward": 1.34440625, "critic_loss": 17.928130098342894, "actor_loss": -161.95554113769532, "alpha_loss": 0.00041469917446374893, "alpha_value": 0.04732767286896706, "duration": 110.21658873558044, "step": 35500}
{"episode_reward": 951.0, "episode": 143.0, "batch_reward": 1.35278125, "critic_loss": 20.290741779327394, "actor_loss": -161.71685095214843, "alpha_loss": 0.000977756800595671, "alpha_value": 0.04731131067872047, "duration": 110.03847742080688, "step": 35750}
{"episode_reward": 0.0, "episode": 144.0, "batch_reward": 1.36675, "critic_loss": 24.417780492782594, "actor_loss": -162.81030041503905, "alpha_loss": 0.00256240292545408, "alpha_value": 0.047169171154499055, "duration": 109.91874980926514, "step": 36000}
{"episode_reward": 651.0, "episode": 145.0, "batch_reward": 1.35484375, "critic_loss": 24.34798980140686, "actor_loss": -159.85075610351564, "alpha_loss": -0.0016723077166825532, "alpha_value": 0.047223967730998996, "duration": 110.01262593269348, "step": 36250}
{"episode_reward": 729.0, "episode": 146.0, "batch_reward": 1.3855625, "critic_loss": 22.98298336029053, "actor_loss": -164.35613940429687, "alpha_loss": 0.0036870512962341308, "alpha_value": 0.047178071200847625, "duration": 111.23291802406311, "step": 36500}
{"episode_reward": 969.0, "episode": 147.0, "batch_reward": 1.38378125, "critic_loss": 20.320380821228028, "actor_loss": -164.44743737792967, "alpha_loss": 0.0036910212598741054, "alpha_value": 0.046924474954605104, "duration": 110.73940563201904, "step": 36750}
{"episode_reward": 5.0, "episode": 148.0, "batch_reward": 1.3811875, "critic_loss": 20.340003143310547, "actor_loss": -163.91654846191406, "alpha_loss": 0.0008963866303674877, "alpha_value": 0.04681023567914963, "duration": 110.2737979888916, "step": 37000}
{"episode_reward": 992.0, "episode": 149.0, "batch_reward": 1.4085, "critic_loss": 21.803202657699586, "actor_loss": -165.83693103027343, "alpha_loss": 9.802065324038267e-05, "alpha_value": 0.04679588669538498, "duration": 112.55563616752625, "step": 37250}
{"episode_reward": 972.0, "episode": 150.0, "batch_reward": 1.4251875, "critic_loss": 19.637315570831298, "actor_loss": -169.28031420898438, "alpha_loss": -0.0038342684442177416, "alpha_value": 0.04689159354567528, "duration": 112.86795425415039, "step": 37500}
{"episode_reward": 960.0, "episode": 151.0, "batch_reward": 1.42975, "critic_loss": 19.603320373535155, "actor_loss": -170.51716442871094, "alpha_loss": -0.006662732793949544, "alpha_value": 0.04719119825959205, "duration": 110.91658592224121, "step": 37750}
{"episode_reward": 15.0, "episode": 152.0, "batch_reward": 1.41090625, "critic_loss": 55.793728130340575, "actor_loss": -170.0843310546875, "alpha_loss": -0.005684822796843946, "alpha_value": 0.047407409727573395, "duration": 109.98082780838013, "step": 38000}
{"episode_reward": 599.0, "episode": 153.0, "batch_reward": 1.4235, "critic_loss": 32.15763635635376, "actor_loss": -171.0173046875, "alpha_loss": -0.006753602168522775, "alpha_value": 0.04780131962895393, "duration": 110.31057214736938, "step": 38250}
{"episode_reward": 83.0, "episode": 154.0, "batch_reward": 1.421625, "critic_loss": 25.199314056396485, "actor_loss": -172.640857421875, "alpha_loss": -0.006536775327287614, "alpha_value": 0.048147540807724, "duration": 110.95620536804199, "step": 38500}
{"episode_reward": 997.0, "episode": 155.0, "batch_reward": 1.45290625, "critic_loss": 22.29470618057251, "actor_loss": -175.2779268798828, "alpha_loss": -0.006190803665667773, "alpha_value": 0.04844290435314178, "duration": 112.13874626159668, "step": 38750}
{"episode_reward": 955.0, "episode": 156.0, "batch_reward": 1.462625, "critic_loss": 23.216229665756227, "actor_loss": -177.35144165039063, "alpha_loss": -0.0037825239999219776, "alpha_value": 0.048752977967262266, "duration": 109.39886474609375, "step": 39000}
{"episode_reward": 966.0, "episode": 157.0, "batch_reward": 1.46453125, "critic_loss": 21.73490591621399, "actor_loss": -178.27112048339845, "alpha_loss": -0.006104658329859376, "alpha_value": 0.04891850656270981, "duration": 110.80719184875488, "step": 39250}
{"episode_reward": 179.0, "episode": 158.0, "batch_reward": 1.43634375, "critic_loss": 32.12497399520874, "actor_loss": -176.86154833984375, "alpha_loss": -0.007530660076998174, "alpha_value": 0.0493608683347702, "duration": 110.69370889663696, "step": 39500}
{"episode_reward": 0.0, "episode": 159.0, "batch_reward": 1.4591875, "critic_loss": 25.857146564483642, "actor_loss": -179.02770959472656, "alpha_loss": -0.004834177752025426, "alpha_value": 0.0496521637737751, "duration": 111.5221631526947, "step": 39750}
{"episode_reward": 951.0, "episode": 160.0, "batch_reward": 1.474625, "critic_loss": 25.16745348739624, "actor_loss": -181.134541015625, "alpha_loss": -0.0019625395596958696, "alpha_value": 0.04978028872609139, "duration": 110.78432583808899, "step": 40000}
{"episode_reward": 984.0, "episode": 161.0, "batch_reward": 1.4931875, "critic_loss": 22.701992992401124, "actor_loss": -182.44826892089844, "alpha_loss": -0.007291603639721871, "alpha_value": 0.05003439891338348, "duration": 125.20328760147095, "step": 40250}
{"episode_reward": 64.0, "episode": 162.0, "batch_reward": 1.44853125, "critic_loss": 22.898366432189942, "actor_loss": -182.5355841064453, "alpha_loss": -0.006027827511541546, "alpha_value": 0.050413229703903197, "duration": 110.184885263443, "step": 40500}
{"episode_reward": 13.0, "episode": 163.0, "batch_reward": 1.48240625, "critic_loss": 49.10327853775024, "actor_loss": -184.25233935546876, "alpha_loss": -0.005990263292565942, "alpha_value": 0.05067868420481682, "duration": 111.02999305725098, "step": 40750}
{"episode_reward": 798.0, "episode": 164.0, "batch_reward": 1.4644375, "critic_loss": 37.202662052154544, "actor_loss": -184.28768920898438, "alpha_loss": -0.009058259524405003, "alpha_value": 0.051092798471450804, "duration": 110.72372794151306, "step": 41000}
{"episode_reward": 849.0, "episode": 165.0, "batch_reward": 1.50490625, "critic_loss": 39.622746402740475, "actor_loss": -187.5069296875, "alpha_loss": -0.004375181547366083, "alpha_value": 0.051468815863132476, "duration": 110.40973043441772, "step": 41250}
{"episode_reward": 960.0, "episode": 166.0, "batch_reward": 1.50509375, "critic_loss": 30.823597801208496, "actor_loss": -188.4328232421875, "alpha_loss": -0.00479088794440031, "alpha_value": 0.05168523815274238, "duration": 110.94595241546631, "step": 41500}
{"episode_reward": 991.0, "episode": 167.0, "batch_reward": 1.526125, "critic_loss": 26.857013404846192, "actor_loss": -189.85828295898438, "alpha_loss": 0.000642946632578969, "alpha_value": 0.05178303530812264, "duration": 111.54739689826965, "step": 41750}
{"episode_reward": 984.0, "episode": 168.0, "batch_reward": 1.54253125, "critic_loss": 31.255483242034913, "actor_loss": -194.4125596923828, "alpha_loss": 0.003471618726849556, "alpha_value": 0.05169798907637596, "duration": 111.425208568573, "step": 42000}
{"episode_reward": 37.0, "episode": 169.0, "batch_reward": 1.52690625, "critic_loss": 25.35581393814087, "actor_loss": -190.5927946777344, "alpha_loss": 0.0027890263739973305, "alpha_value": 0.05148038390278816, "duration": 111.91588711738586, "step": 42250}
{"episode_reward": 118.0, "episode": 170.0, "batch_reward": 1.5164375, "critic_loss": 23.745355974197388, "actor_loss": -190.99953369140624, "alpha_loss": -0.003951263410970568, "alpha_value": 0.051503603547811506, "duration": 112.7832396030426, "step": 42500}
{"episode_reward": 57.0, "episode": 171.0, "batch_reward": 1.53553125, "critic_loss": 23.833913606643677, "actor_loss": -192.32402075195313, "alpha_loss": -0.005171316722407937, "alpha_value": 0.05178211694955826, "duration": 110.82211947441101, "step": 42750}
{"episode_reward": 952.0, "episode": 172.0, "batch_reward": 1.5274375, "critic_loss": 22.516200370788575, "actor_loss": -192.4123029785156, "alpha_loss": -0.0051774113308638335, "alpha_value": 0.05205206564068794, "duration": 110.40026903152466, "step": 43000}
{"episode_reward": 465.0, "episode": 173.0, "batch_reward": 1.513625, "critic_loss": 28.94653879547119, "actor_loss": -192.47222766113282, "alpha_loss": -0.009807785455137491, "alpha_value": 0.05239401119947434, "duration": 110.89333176612854, "step": 43250}
{"episode_reward": 761.0, "episode": 174.0, "batch_reward": 1.54159375, "critic_loss": 64.44085097885132, "actor_loss": -195.23333178710936, "alpha_loss": -0.011934210483916104, "alpha_value": 0.053004211008548734, "duration": 111.77452063560486, "step": 43500}
{"episode_reward": 286.0, "episode": 175.0, "batch_reward": 1.5309375, "critic_loss": 37.13538732910156, "actor_loss": -195.64952392578124, "alpha_loss": -0.007593948232941329, "alpha_value": 0.0534619160592556, "duration": 111.14887118339539, "step": 43750}
{"episode_reward": 0.0, "episode": 176.0, "batch_reward": 1.52190625, "critic_loss": 29.566652042388917, "actor_loss": -195.5250031738281, "alpha_loss": -0.0046715734116733075, "alpha_value": 0.0537704567015171, "duration": 113.84060740470886, "step": 44000}
{"episode_reward": 989.0, "episode": 177.0, "batch_reward": 1.529, "critic_loss": 28.438741718292235, "actor_loss": -196.60854150390625, "alpha_loss": -8.735210634768009e-05, "alpha_value": 0.053863946825265886, "duration": 111.4752631187439, "step": 44250}
{"episode_reward": 983.0, "episode": 178.0, "batch_reward": 1.54659375, "critic_loss": 49.242264163970944, "actor_loss": -197.5554735107422, "alpha_loss": -0.0032744299760088325, "alpha_value": 0.05394710612297058, "duration": 110.57442450523376, "step": 44500}
{"episode_reward": 43.0, "episode": 179.0, "batch_reward": 1.56328125, "critic_loss": 30.576444347381592, "actor_loss": -199.63748486328126, "alpha_loss": 0.00018022523168474436, "alpha_value": 0.05405536729097366, "duration": 111.47726631164551, "step": 44750}
{"episode_reward": 988.0, "episode": 180.0, "batch_reward": 1.55421875, "critic_loss": 22.012489307403566, "actor_loss": -199.22947436523438, "alpha_loss": -0.0006928038392215967, "alpha_value": 0.05402476799488068, "duration": 112.77232456207275, "step": 45000}
{"episode_reward": 976.0, "episode": 181.0, "batch_reward": 1.548125, "critic_loss": 23.304447578430175, "actor_loss": -202.5212674560547, "alpha_loss": -0.00028548692632466557, "alpha_value": 0.05406932583451271, "duration": 111.33556962013245, "step": 45250}
{"episode_reward": 19.0, "episode": 182.0, "batch_reward": 1.56871875, "critic_loss": 23.94580075073242, "actor_loss": -201.92952880859374, "alpha_loss": 0.003224599809385836, "alpha_value": 0.05400603753328324, "duration": 111.14695525169373, "step": 45500}
{"episode_reward": 222.0, "episode": 183.0, "batch_reward": 1.56753125, "critic_loss": 34.33319226837158, "actor_loss": -201.56655651855468, "alpha_loss": -0.0065080964332446456, "alpha_value": 0.05401956796646118, "duration": 112.35180926322937, "step": 45750}
{"episode_reward": 656.0, "episode": 184.0, "batch_reward": 1.54984375, "critic_loss": 30.01005075073242, "actor_loss": -199.49186840820312, "alpha_loss": 0.0009058813685551286, "alpha_value": 0.054250481992959974, "duration": 110.75048971176147, "step": 46000}
{"episode_reward": 193.0, "episode": 185.0, "batch_reward": 1.55175, "critic_loss": 39.73040507698059, "actor_loss": -201.42682019042968, "alpha_loss": -0.002547866139560938, "alpha_value": 0.05426525726914406, "duration": 111.60312676429749, "step": 46250}
{"episode_reward": 711.0, "episode": 186.0, "batch_reward": 1.58175, "critic_loss": 29.22362769317627, "actor_loss": -202.33806091308594, "alpha_loss": 0.0007110178945586085, "alpha_value": 0.05434609878063202, "duration": 111.94112205505371, "step": 46500}
{"episode_reward": 940.0, "episode": 187.0, "batch_reward": 1.58403125, "critic_loss": 26.19012512588501, "actor_loss": -203.8301075439453, "alpha_loss": 0.005136825330555439, "alpha_value": 0.05417377641797066, "duration": 111.14013075828552, "step": 46750}
{"episode_reward": 970.0, "episode": 188.0, "batch_reward": 1.60190625, "critic_loss": 24.632715604782103, "actor_loss": -203.80997607421875, "alpha_loss": 0.0035545884082093834, "alpha_value": 0.053917663007974626, "duration": 112.45991945266724, "step": 47000}
{"episode_reward": 973.0, "episode": 189.0, "batch_reward": 1.5925, "critic_loss": 23.172170860290528, "actor_loss": -206.1326300048828, "alpha_loss": 0.002395120406523347, "alpha_value": 0.053759437590837476, "duration": 115.60384035110474, "step": 47250}
{"episode_reward": 0.0, "episode": 190.0, "batch_reward": 1.59503125, "critic_loss": 28.991332542419432, "actor_loss": -203.33310083007814, "alpha_loss": 0.004306827176362276, "alpha_value": 0.053596689641475674, "duration": 115.6562922000885, "step": 47500}
{"episode_reward": 328.0, "episode": 191.0, "batch_reward": 1.59803125, "critic_loss": 25.728172378540037, "actor_loss": -205.1412197265625, "alpha_loss": 0.004748942475765944, "alpha_value": 0.05336349740624428, "duration": 111.6561210155487, "step": 47750}
{"episode_reward": 109.0, "episode": 192.0, "batch_reward": 1.5796875, "critic_loss": 45.39059432601929, "actor_loss": -204.9508582763672, "alpha_loss": 0.0019677823754027488, "alpha_value": 0.05316988894343376, "duration": 113.36675333976746, "step": 48000}
{"episode_reward": 19.0, "episode": 193.0, "batch_reward": 1.5825, "critic_loss": 95.95677934265137, "actor_loss": -205.7401473388672, "alpha_loss": -0.010760155064053834, "alpha_value": 0.05339475727081299, "duration": 111.46406936645508, "step": 48250}
{"episode_reward": 955.0, "episode": 194.0, "batch_reward": 1.5979375, "critic_loss": 65.70161674499512, "actor_loss": -205.89947827148438, "alpha_loss": -0.01176035737991333, "alpha_value": 0.05386547821760178, "duration": 112.23433423042297, "step": 48500}
{"episode_reward": 972.0, "episode": 195.0, "batch_reward": 1.58575, "critic_loss": 26.902442642211913, "actor_loss": -206.4472998046875, "alpha_loss": 0.004909416853450239, "alpha_value": 0.05419149929285049, "duration": 111.93108201026917, "step": 48750}
{"episode_reward": 9.0, "episode": 196.0, "batch_reward": 1.58509375, "critic_loss": 62.295609153747556, "actor_loss": -206.67579931640626, "alpha_loss": 0.0001812094682827592, "alpha_value": 0.054064842462539675, "duration": 112.09147500991821, "step": 49000}
{"episode_reward": 41.0, "episode": 197.0, "batch_reward": 1.59284375, "critic_loss": 26.20732369995117, "actor_loss": -206.3109744873047, "alpha_loss": 0.006773721100762487, "alpha_value": 0.053852113485336306, "duration": 111.84602975845337, "step": 49250}
{"episode_reward": 297.0, "episode": 198.0, "batch_reward": 1.605625, "critic_loss": 24.756070499420165, "actor_loss": -210.13210180664063, "alpha_loss": 0.005784407204948366, "alpha_value": 0.05352488666772842, "duration": 112.2410044670105, "step": 49500}
{"episode_reward": 965.0, "episode": 199.0, "batch_reward": 1.591875, "critic_loss": 20.07758570098877, "actor_loss": -208.35729174804686, "alpha_loss": 0.005410654295235872, "alpha_value": 0.05327324375510216, "duration": 112.72471904754639, "step": 49750}
{"episode_reward": 982.0, "episode": 200.0, "batch_reward": 1.61109375, "critic_loss": 22.391750980377196, "actor_loss": -209.72478552246093, "alpha_loss": 0.0040399368610233065, "alpha_value": 0.05311033096909523, "duration": 111.05754733085632, "step": 50000}
{"episode_reward": 805.0, "episode": 201.0, "batch_reward": 1.62025, "critic_loss": 26.267358352661134, "actor_loss": -211.27841455078126, "alpha_loss": 0.005416530193760991, "alpha_value": 0.052817808598279954, "duration": 128.07611751556396, "step": 50250}
{"episode_reward": 385.0, "episode": 202.0, "batch_reward": 1.60775, "critic_loss": 20.260653766632082, "actor_loss": -210.23152807617188, "alpha_loss": 0.007698360877111554, "alpha_value": 0.05250810313224792, "duration": 113.46353554725647, "step": 50500}
{"episode_reward": 0.0, "episode": 203.0, "batch_reward": 1.60646875, "critic_loss": 25.507866271972656, "actor_loss": -211.69370251464844, "alpha_loss": 0.004200920729897916, "alpha_value": 0.05219528856873512, "duration": 112.64556622505188, "step": 50750}
{"episode_reward": 45.0, "episode": 204.0, "batch_reward": 1.600625, "critic_loss": 27.09751280784607, "actor_loss": -210.31128576660157, "alpha_loss": 0.002801018813624978, "alpha_value": 0.052043410211801526, "duration": 113.79287672042847, "step": 51000}
{"episode_reward": 918.0, "episode": 205.0, "batch_reward": 1.60246875, "critic_loss": 25.32022525024414, "actor_loss": -212.57572216796876, "alpha_loss": 0.0017375440765172244, "alpha_value": 0.05191091936826706, "duration": 115.43624639511108, "step": 51250}
{"episode_reward": 41.0, "episode": 206.0, "batch_reward": 1.60778125, "critic_loss": 46.432580684661865, "actor_loss": -213.46318615722657, "alpha_loss": 0.005882050116546452, "alpha_value": 0.05173847690224648, "duration": 111.78692817687988, "step": 51500}
{"episode_reward": 945.0, "episode": 207.0, "batch_reward": 1.633625, "critic_loss": 43.35147947311401, "actor_loss": -214.29151623535157, "alpha_loss": 0.003678124756552279, "alpha_value": 0.051578356713056564, "duration": 113.45013213157654, "step": 51750}
{"episode_reward": 10.0, "episode": 208.0, "batch_reward": 1.62640625, "critic_loss": 78.19157929229736, "actor_loss": -213.8920577392578, "alpha_loss": 1.0960511863231659e-06, "alpha_value": 0.05140337756276131, "duration": 110.99229884147644, "step": 52000}
{"episode_reward": 248.0, "episode": 209.0, "batch_reward": 1.6305, "critic_loss": 63.01147222900391, "actor_loss": -212.95953784179687, "alpha_loss": 0.0009501795070245862, "alpha_value": 0.05141524064540863, "duration": 110.78663897514343, "step": 52250}
{"episode_reward": 557.0, "episode": 210.0, "batch_reward": 1.606, "critic_loss": 52.77316612243652, "actor_loss": -211.15974951171876, "alpha_loss": -0.0037849880401045082, "alpha_value": 0.05139468237757683, "duration": 110.9158308506012, "step": 52500}
{"episode_reward": 813.0, "episode": 211.0, "batch_reward": 1.6176875, "critic_loss": 47.625640869140625, "actor_loss": -214.29770874023438, "alpha_loss": -0.0031819793554022906, "alpha_value": 0.05157422906160355, "duration": 112.68851327896118, "step": 52750}
{"episode_reward": 176.0, "episode": 212.0, "batch_reward": 1.611375, "critic_loss": 31.707006088256836, "actor_loss": -213.2698469238281, "alpha_loss": -0.0012772728712297976, "alpha_value": 0.05172607392072678, "duration": 112.8681480884552, "step": 53000}
{"episode_reward": 250.0, "episode": 213.0, "batch_reward": 1.597, "critic_loss": 25.1623180809021, "actor_loss": -211.80656408691405, "alpha_loss": -0.00042881190776824954, "alpha_value": 0.05183744180202484, "duration": 111.95590400695801, "step": 53250}
{"episode_reward": 0.0, "episode": 214.0, "batch_reward": 1.60278125, "critic_loss": 38.50168658065796, "actor_loss": -214.29526489257813, "alpha_loss": -0.0007714290032163262, "alpha_value": 0.05179315286874771, "duration": 112.02734017372131, "step": 53500}
{"episode_reward": 9.0, "episode": 215.0, "batch_reward": 1.58921875, "critic_loss": 31.143811687469483, "actor_loss": -214.0925087890625, "alpha_loss": 0.0004310134123079479, "alpha_value": 0.0518422800898552, "duration": 112.09460735321045, "step": 53750}
{"episode_reward": 3.0, "episode": 216.0, "batch_reward": 1.58478125, "critic_loss": 38.68076751327515, "actor_loss": -213.99639709472658, "alpha_loss": -0.0017756781512871386, "alpha_value": 0.05191753765940666, "duration": 112.95427417755127, "step": 54000}
{"episode_reward": 79.0, "episode": 217.0, "batch_reward": 1.59928125, "critic_loss": 37.40263427734375, "actor_loss": -212.77039514160157, "alpha_loss": -0.008604785964824259, "alpha_value": 0.05210888710618019, "duration": 112.52259540557861, "step": 54250}
{"episode_reward": 66.0, "episode": 218.0, "batch_reward": 1.587125, "critic_loss": 27.167928749084474, "actor_loss": -212.87630151367188, "alpha_loss": -0.0007141753630712629, "alpha_value": 0.05238336345553398, "duration": 111.65558791160583, "step": 54500}
{"episode_reward": 989.0, "episode": 219.0, "batch_reward": 1.59484375, "critic_loss": 25.844016784667968, "actor_loss": -214.63564880371095, "alpha_loss": -0.00454561322927475, "alpha_value": 0.05256094601750374, "duration": 112.8818883895874, "step": 54750}
{"episode_reward": 0.0, "episode": 220.0, "batch_reward": 1.56871875, "critic_loss": 32.143393829345705, "actor_loss": -213.52061535644532, "alpha_loss": -0.00370768213737756, "alpha_value": 0.05270790779590607, "duration": 111.52628469467163, "step": 55000}
{"episode_reward": 59.0, "episode": 221.0, "batch_reward": 1.5716875, "critic_loss": 32.784094429016115, "actor_loss": -212.6105744628906, "alpha_loss": -0.0020009845504537225, "alpha_value": 0.05291253709793091, "duration": 111.93351721763611, "step": 55250}
{"episode_reward": 0.0, "episode": 222.0, "batch_reward": 1.56309375, "critic_loss": 54.35606311416626, "actor_loss": -213.98290368652343, "alpha_loss": -0.005553436879068613, "alpha_value": 0.05315255653858185, "duration": 111.34634184837341, "step": 55500}
{"episode_reward": 4.0, "episode": 223.0, "batch_reward": 1.5591875, "critic_loss": 39.654815383911135, "actor_loss": -214.6287733154297, "alpha_loss": -0.003760174480266869, "alpha_value": 0.053489861845970155, "duration": 112.85532999038696, "step": 55750}
{"episode_reward": 870.0, "episode": 224.0, "batch_reward": 1.548875, "critic_loss": 37.62283093261719, "actor_loss": -214.0619405517578, "alpha_loss": -0.0012886681780219077, "alpha_value": 0.05352944880723953, "duration": 111.99307179450989, "step": 56000}
{"episode_reward": 0.0, "episode": 225.0, "batch_reward": 1.564625, "critic_loss": 41.29313497161865, "actor_loss": -214.4050625, "alpha_loss": -0.00018291370291262864, "alpha_value": 0.05356612932682037, "duration": 113.26694631576538, "step": 56250}
{"episode_reward": 934.0, "episode": 226.0, "batch_reward": 1.55009375, "critic_loss": 38.925355800628665, "actor_loss": -214.33887536621094, "alpha_loss": -0.003667086971923709, "alpha_value": 0.05365589764714241, "duration": 112.10711646080017, "step": 56500}
{"episode_reward": 970.0, "episode": 227.0, "batch_reward": 1.58015625, "critic_loss": 67.02148551940918, "actor_loss": -215.68978283691405, "alpha_loss": -0.0020453001372516154, "alpha_value": 0.05374887093901634, "duration": 101.3526725769043, "step": 56750}
{"episode_reward": 932.0, "episode": 228.0, "batch_reward": 1.5843125, "critic_loss": 95.14308811187745, "actor_loss": -216.91779064941406, "alpha_loss": -0.012773360569961369, "alpha_value": 0.054315763175487516, "duration": 86.40737795829773, "step": 57000}
{"episode_reward": 979.0, "episode": 229.0, "batch_reward": 1.61721875, "critic_loss": 68.68823958969116, "actor_loss": -219.89916333007812, "alpha_loss": -0.00171276527736336, "alpha_value": 0.05455344209074974, "duration": 101.34328579902649, "step": 57250}
{"episode_reward": 579.0, "episode": 230.0, "batch_reward": 1.58946875, "critic_loss": 55.81234892272949, "actor_loss": -219.87805615234376, "alpha_loss": -0.003986637700349092, "alpha_value": 0.054697606354951855, "duration": 109.7494580745697, "step": 57500}
{"episode_reward": 71.0, "episode": 231.0, "batch_reward": 1.588375, "critic_loss": 41.34703486251831, "actor_loss": -217.2427205810547, "alpha_loss": 0.0021827146988362073, "alpha_value": 0.05473315045237541, "duration": 111.01472735404968, "step": 57750}
{"episode_reward": 25.0, "episode": 232.0, "batch_reward": 1.59759375, "critic_loss": 45.848677032470704, "actor_loss": -220.04968151855468, "alpha_loss": -0.003076553836464882, "alpha_value": 0.054710643142461775, "duration": 110.44944262504578, "step": 58000}
{"episode_reward": 160.0, "episode": 233.0, "batch_reward": 1.57875, "critic_loss": 44.832288833618165, "actor_loss": -218.77725048828125, "alpha_loss": -0.004331339962780476, "alpha_value": 0.05496735265851021, "duration": 109.30668997764587, "step": 58250}
{"episode_reward": 33.0, "episode": 234.0, "batch_reward": 1.5765625, "critic_loss": 44.80805553817749, "actor_loss": -217.77532849121093, "alpha_loss": -0.0003250141330063343, "alpha_value": 0.0550428392291069, "duration": 110.07221055030823, "step": 58500}
{"episode_reward": 784.0, "episode": 235.0, "batch_reward": 1.58275, "critic_loss": 68.38571389770507, "actor_loss": -219.28908337402345, "alpha_loss": 0.0033867739718407394, "alpha_value": 0.0549771218597889, "duration": 109.28013062477112, "step": 58750}
{"episode_reward": 950.0, "episode": 236.0, "batch_reward": 1.60796875, "critic_loss": 73.2186262550354, "actor_loss": -220.25644177246093, "alpha_loss": -0.011445746280252933, "alpha_value": 0.05523420387506485, "duration": 109.42327523231506, "step": 59000}
{"episode_reward": 772.0, "episode": 237.0, "batch_reward": 1.6253125, "critic_loss": 80.51828904724121, "actor_loss": -223.45535974121094, "alpha_loss": -0.00018198109371587635, "alpha_value": 0.055451978474855425, "duration": 109.24013185501099, "step": 59250}
{"episode_reward": 819.0, "episode": 238.0, "batch_reward": 1.6098125, "critic_loss": 42.92524643707275, "actor_loss": -222.3945625, "alpha_loss": 0.0016129226293414831, "alpha_value": 0.05540281346440315, "duration": 108.33436727523804, "step": 59500}
{"episode_reward": 493.0, "episode": 239.0, "batch_reward": 1.5855, "critic_loss": 117.90876596450806, "actor_loss": -221.01452416992188, "alpha_loss": -0.0022985984291881323, "alpha_value": 0.055362917304039, "duration": 109.61255645751953, "step": 59750}
{"episode_reward": 907.0, "episode": 240.0, "batch_reward": 1.63546875, "critic_loss": 51.07748773574829, "actor_loss": -224.61105908203126, "alpha_loss": -0.005770998185500502, "alpha_value": 0.05566463994979858, "duration": 109.0978467464447, "step": 60000}
{"episode_reward": 953.0, "episode": 241.0, "batch_reward": 1.6484375, "critic_loss": 45.147916015625, "actor_loss": -224.16756604003905, "alpha_loss": -0.012010489490814506, "alpha_value": 0.056055236518383025, "duration": 126.38099002838135, "step": 60250}
{"episode_reward": 975.0, "episode": 242.0, "batch_reward": 1.6661875, "critic_loss": 34.3326531791687, "actor_loss": -229.36661303710937, "alpha_loss": -0.00837557926774025, "alpha_value": 0.05665576958656311, "duration": 108.31609725952148, "step": 60500}
{"episode_reward": 957.0, "episode": 243.0, "batch_reward": 1.6621875, "critic_loss": 33.20090567779541, "actor_loss": -227.65948681640626, "alpha_loss": -0.001888450308702886, "alpha_value": 0.05684578248858452, "duration": 109.92691278457642, "step": 60750}
{"episode_reward": 970.0, "episode": 244.0, "batch_reward": 1.654625, "critic_loss": 78.52241240692139, "actor_loss": -226.87758935546876, "alpha_loss": -0.0010649842424318194, "alpha_value": 0.056914354860782626, "duration": 109.10110521316528, "step": 61000}
{"episode_reward": 27.0, "episode": 245.0, "batch_reward": 1.63765625, "critic_loss": 66.76647072601318, "actor_loss": -226.00718994140624, "alpha_loss": -0.0034596279505640266, "alpha_value": 0.05703885191679001, "duration": 109.48720908164978, "step": 61250}
{"episode_reward": 33.0, "episode": 246.0, "batch_reward": 1.6669375, "critic_loss": 42.0901883354187, "actor_loss": -228.94090173339845, "alpha_loss": -0.009725345394574106, "alpha_value": 0.05734201440215111, "duration": 108.64051103591919, "step": 61500}
{"episode_reward": 872.0, "episode": 247.0, "batch_reward": 1.6554375, "critic_loss": 47.18638631057739, "actor_loss": -228.6039210205078, "alpha_loss": -0.009372012417763472, "alpha_value": 0.0578438917696476, "duration": 109.89898943901062, "step": 61750}
{"episode_reward": 897.0, "episode": 248.0, "batch_reward": 1.6576875, "critic_loss": 50.70444076919556, "actor_loss": -228.35369958496094, "alpha_loss": -0.010211878426373005, "alpha_value": 0.05831912869215011, "duration": 109.60926032066345, "step": 62000}
{"episode_reward": 512.0, "episode": 249.0, "batch_reward": 1.66353125, "critic_loss": 37.882299236297605, "actor_loss": -227.91240319824217, "alpha_loss": -0.0119030161453411, "alpha_value": 0.058906704872846605, "duration": 109.30281639099121, "step": 62250}
{"episode_reward": 966.0, "episode": 250.0, "batch_reward": 1.68125, "critic_loss": 68.27725263977051, "actor_loss": -229.186814453125, "alpha_loss": -0.017989201967604458, "alpha_value": 0.05953721237182617, "duration": 109.0058228969574, "step": 62500}
{"episode_reward": 11.0, "episode": 251.0, "batch_reward": 1.69146875, "critic_loss": 52.964810554504396, "actor_loss": -232.29239904785157, "alpha_loss": -0.00989833981078118, "alpha_value": 0.06024621412158013, "duration": 109.52776980400085, "step": 62750}
{"episode_reward": 967.0, "episode": 252.0, "batch_reward": 1.6649375, "critic_loss": 43.83797513961792, "actor_loss": -230.4695478515625, "alpha_loss": -0.006597883956506848, "alpha_value": 0.06066614726185798, "duration": 109.66684174537659, "step": 63000}
{"episode_reward": 974.0, "episode": 253.0, "batch_reward": 1.6606875, "critic_loss": 38.89602558898926, "actor_loss": -231.07705395507813, "alpha_loss": -0.0010869851801544427, "alpha_value": 0.06077246588468552, "duration": 108.85111498832703, "step": 63250}
{"episode_reward": 17.0, "episode": 254.0, "batch_reward": 1.673, "critic_loss": 31.63527975463867, "actor_loss": -233.07944775390624, "alpha_loss": -0.011443200805224478, "alpha_value": 0.06106913402676582, "duration": 109.1228768825531, "step": 63500}
{"episode_reward": 1000.0, "episode": 255.0, "batch_reward": 1.659625, "critic_loss": 59.64066437530518, "actor_loss": -231.31820764160156, "alpha_loss": -0.012539356730878352, "alpha_value": 0.061654396563768386, "duration": 109.57906174659729, "step": 63750}
{"episode_reward": 0.0, "episode": 256.0, "batch_reward": 1.691, "critic_loss": 48.88391850280762, "actor_loss": -233.76483862304687, "alpha_loss": -0.015783511389046906, "alpha_value": 0.06228256824612617, "duration": 109.3609869480133, "step": 64000}
{"episode_reward": 963.0, "episode": 257.0, "batch_reward": 1.68815625, "critic_loss": 80.42126550292969, "actor_loss": -235.4938876953125, "alpha_loss": -0.02171718269959092, "alpha_value": 0.06308946001529693, "duration": 109.1989414691925, "step": 64250}
{"episode_reward": 969.0, "episode": 258.0, "batch_reward": 1.6841875, "critic_loss": 74.77662256240845, "actor_loss": -234.68854443359376, "alpha_loss": -0.02511226683109999, "alpha_value": 0.06416152584552764, "duration": 109.83738470077515, "step": 64500}
{"episode_reward": 204.0, "episode": 259.0, "batch_reward": 1.68840625, "critic_loss": 53.526575771331785, "actor_loss": -235.04096118164063, "alpha_loss": -0.0176059078425169, "alpha_value": 0.06505881923437118, "duration": 109.12891840934753, "step": 64750}
{"episode_reward": 3.0, "episode": 260.0, "batch_reward": 1.67853125, "critic_loss": 36.32352379989624, "actor_loss": -232.04535766601563, "alpha_loss": -0.0038512527532875537, "alpha_value": 0.06540711545944214, "duration": 109.2010269165039, "step": 65000}
{"episode_reward": 932.0, "episode": 261.0, "batch_reward": 1.70378125, "critic_loss": 30.01368385696411, "actor_loss": -234.94670471191407, "alpha_loss": -0.005139482786878944, "alpha_value": 0.06563643288612366, "duration": 109.14082860946655, "step": 65250}
{"episode_reward": 73.0, "episode": 262.0, "batch_reward": 1.69515625, "critic_loss": 36.02461533355713, "actor_loss": -235.00084802246093, "alpha_loss": -0.004150212591513992, "alpha_value": 0.06582879066467286, "duration": 109.06934428215027, "step": 65500}
{"episode_reward": 971.0, "episode": 263.0, "batch_reward": 1.70534375, "critic_loss": 38.09408229064941, "actor_loss": -237.42732641601563, "alpha_loss": 0.003635689119808376, "alpha_value": 0.06583104866743088, "duration": 109.25951647758484, "step": 65750}
{"episode_reward": 4.0, "episode": 264.0, "batch_reward": 1.71734375, "critic_loss": 55.77005604553223, "actor_loss": -238.78351232910157, "alpha_loss": -0.0008684783084318042, "alpha_value": 0.06576844280958176, "duration": 108.21555471420288, "step": 66000}
{"episode_reward": 979.0, "episode": 265.0, "batch_reward": 1.70146875, "critic_loss": 47.85943338775635, "actor_loss": -236.215474609375, "alpha_loss": 0.0008150102188810706, "alpha_value": 0.0657540960907936, "duration": 109.32904267311096, "step": 66250}
{"episode_reward": 166.0, "episode": 266.0, "batch_reward": 1.684875, "critic_loss": 48.98799041748047, "actor_loss": -235.91709765625, "alpha_loss": -0.0002842621933668852, "alpha_value": 0.06577101397514343, "duration": 108.7501494884491, "step": 66500}
{"episode_reward": 951.0, "episode": 267.0, "batch_reward": 1.69253125, "critic_loss": 49.91745518493652, "actor_loss": -236.96920373535156, "alpha_loss": 0.00437972561083734, "alpha_value": 0.0656314553618431, "duration": 109.45020866394043, "step": 66750}
{"episode_reward": 61.0, "episode": 268.0, "batch_reward": 1.6965625, "critic_loss": 40.808643314361575, "actor_loss": -238.21160546875, "alpha_loss": 0.010254628775641322, "alpha_value": 0.06527768456935883, "duration": 108.55468368530273, "step": 67000}
{"episode_reward": 939.0, "episode": 269.0, "batch_reward": 1.69975, "critic_loss": 50.08529081344604, "actor_loss": -239.21121240234376, "alpha_loss": 0.006413628090173006, "alpha_value": 0.06489289873838425, "duration": 109.65769529342651, "step": 67250}
{"episode_reward": 10.0, "episode": 270.0, "batch_reward": 1.68203125, "critic_loss": 57.314371013641356, "actor_loss": -237.3351016845703, "alpha_loss": 0.00271497967839241, "alpha_value": 0.06471806305646896, "duration": 109.69125151634216, "step": 67500}
{"episode_reward": 144.0, "episode": 271.0, "batch_reward": 1.70090625, "critic_loss": 87.367349899292, "actor_loss": -238.4945495605469, "alpha_loss": 0.005331977412104606, "alpha_value": 0.06443289774656295, "duration": 109.36306428909302, "step": 67750}
{"episode_reward": 954.0, "episode": 272.0, "batch_reward": 1.72084375, "critic_loss": 47.32101830673218, "actor_loss": -239.46721044921875, "alpha_loss": -0.0023271407149732114, "alpha_value": 0.0644481680393219, "duration": 109.8114001750946, "step": 68000}
{"episode_reward": 965.0, "episode": 273.0, "batch_reward": 1.72840625, "critic_loss": 48.40790629196167, "actor_loss": -241.28260510253907, "alpha_loss": 0.0007390968753024935, "alpha_value": 0.06450609076023102, "duration": 110.10801553726196, "step": 68250}
{"episode_reward": 992.0, "episode": 274.0, "batch_reward": 1.71965625, "critic_loss": 29.714046989440916, "actor_loss": -240.28252478027343, "alpha_loss": 0.0008331403741613031, "alpha_value": 0.0644437391757965, "duration": 109.30033826828003, "step": 68500}
{"episode_reward": 54.0, "episode": 275.0, "batch_reward": 1.72290625, "critic_loss": 35.682181129455564, "actor_loss": -240.3630469970703, "alpha_loss": 0.00041313867177814246, "alpha_value": 0.06439427649974823, "duration": 109.9048056602478, "step": 68750}
{"episode_reward": 970.0, "episode": 276.0, "batch_reward": 1.73184375, "critic_loss": 24.192776641845704, "actor_loss": -241.39022277832032, "alpha_loss": 0.0006438969159498811, "alpha_value": 0.06441579073667526, "duration": 109.06020879745483, "step": 69000}
{"episode_reward": 948.0, "episode": 277.0, "batch_reward": 1.7560625, "critic_loss": 26.05939930534363, "actor_loss": -242.20748681640626, "alpha_loss": 0.005646054867655039, "alpha_value": 0.06429533177614212, "duration": 110.59237408638, "step": 69250}
{"episode_reward": 988.0, "episode": 278.0, "batch_reward": 1.73396875, "critic_loss": 29.01606901168823, "actor_loss": -243.80576953125, "alpha_loss": 0.002546085494570434, "alpha_value": 0.06408989924192429, "duration": 109.92348718643188, "step": 69500}
{"episode_reward": 11.0, "episode": 279.0, "batch_reward": 1.71528125, "critic_loss": 103.86850316619874, "actor_loss": -240.2016044921875, "alpha_loss": -0.01156716519780457, "alpha_value": 0.06409243983030319, "duration": 110.10568857192993, "step": 69750}
{"episode_reward": 0.0, "episode": 280.0, "batch_reward": 1.71165625, "critic_loss": 64.32469375610351, "actor_loss": -242.34175549316407, "alpha_loss": -0.0015418510679155587, "alpha_value": 0.06461277586221695, "duration": 109.62903428077698, "step": 70000}
