{"episode_reward": 0.0, "episode": 1.0, "duration": 20.5081205368042, "step": 250}
{"episode_reward": 60.05167594552366, "episode": 2.0, "duration": 0.7700634002685547, "step": 500}
{"episode_reward": 36.26825777873599, "episode": 3.0, "duration": 0.7477638721466064, "step": 750}
{"episode_reward": 42.8554866870705, "episode": 4.0, "duration": 0.7594254016876221, "step": 1000}
{"episode_reward": 44.422143520706726, "episode": 5.0, "batch_reward": 0.18329899254038012, "critic_loss": 0.09025695998880795, "actor_loss": -3.502813016893044, "alpha_loss": 0.9422036532968866, "alpha_value": 0.09463540948529685, "duration": 1043.3262877464294, "step": 1250}
{"episode_reward": 36.013085407113245, "episode": 6.0, "batch_reward": 0.17662980794906616, "critic_loss": 0.14264758041501044, "actor_loss": -6.239823417663574, "alpha_loss": 0.8869181799888611, "alpha_value": 0.08904214257001877, "duration": 189.29449653625488, "step": 1500}
{"episode_reward": 48.887284500800554, "episode": 7.0, "batch_reward": 0.17756121695041657, "critic_loss": 0.14151701867580413, "actor_loss": -6.693427143096923, "alpha_loss": 0.8783449521064758, "alpha_value": 0.08799096298217773, "duration": 188.8474633693695, "step": 1750}
{"episode_reward": 39.161771693661585, "episode": 8.0, "batch_reward": 0.1841795635819435, "critic_loss": 0.17469915217161178, "actor_loss": -7.175413291931152, "alpha_loss": 0.8663417143821717, "alpha_value": 0.08695492225885391, "duration": 189.8957793712616, "step": 2000}
{"episode_reward": 69.63824974317139, "episode": 9.0, "batch_reward": 0.19057962656021118, "critic_loss": 0.2022042180597782, "actor_loss": -7.648047473907471, "alpha_loss": 0.8521358966827393, "alpha_value": 0.08593838000297546, "duration": 188.91110587120056, "step": 2250}
{"episode_reward": 49.53387974455716, "episode": 10.0, "batch_reward": 0.19053187197446822, "critic_loss": 0.2023986009657383, "actor_loss": -8.068974681854248, "alpha_loss": 0.8383541488647461, "alpha_value": 0.0849405762553215, "duration": 189.52105498313904, "step": 2500}
{"episode_reward": 44.85936310039482, "episode": 11.0, "batch_reward": 0.19417858690023423, "critic_loss": 0.2268258806169033, "actor_loss": -8.553836906433105, "alpha_loss": 0.8219670715332031, "alpha_value": 0.08396167868375778, "duration": 189.30283164978027, "step": 2750}
{"episode_reward": 61.483810794232106, "episode": 12.0, "batch_reward": 0.19926272392272948, "critic_loss": 0.28461066576838495, "actor_loss": -8.977486885070801, "alpha_loss": 0.8070193376541138, "alpha_value": 0.08300157076120376, "duration": 189.82989621162415, "step": 3000}
{"episode_reward": 69.86742754471743, "episode": 13.0, "batch_reward": 0.19764953297376633, "critic_loss": 0.23813403710722925, "actor_loss": -9.385380714416504, "alpha_loss": 0.7944237122535706, "alpha_value": 0.08205737322568893, "duration": 189.8089611530304, "step": 3250}
{"episode_reward": 45.02638601900882, "episode": 14.0, "batch_reward": 0.2097600318789482, "critic_loss": 0.30440958943963053, "actor_loss": -9.881013862609864, "alpha_loss": 0.780645447254181, "alpha_value": 0.08112880921363831, "duration": 189.53392553329468, "step": 3500}
{"episode_reward": 122.8028502252896, "episode": 15.0, "batch_reward": 0.22347792035341263, "critic_loss": 0.3807029156684876, "actor_loss": -10.361124038696289, "alpha_loss": 0.7616564908027649, "alpha_value": 0.08021912169456481, "duration": 189.5209081172943, "step": 3750}
{"episode_reward": 62.22243344860132, "episode": 16.0, "batch_reward": 0.2396738845705986, "critic_loss": 0.4277794785499573, "actor_loss": -10.840527305603027, "alpha_loss": 0.7434215250015259, "alpha_value": 0.07932716852426529, "duration": 189.87265729904175, "step": 4000}
{"episode_reward": 151.3467734220624, "episode": 17.0, "batch_reward": 0.2563086312413216, "critic_loss": 0.5014516625404358, "actor_loss": -11.270453804016114, "alpha_loss": 0.7166398367881774, "alpha_value": 0.07845914494991303, "duration": 189.28589868545532, "step": 4250}
{"episode_reward": 105.09921509467561, "episode": 18.0, "batch_reward": 0.2551794912815094, "critic_loss": 0.5225658065080643, "actor_loss": -11.710387763977051, "alpha_loss": 0.6862245821952819, "alpha_value": 0.0776222363114357, "duration": 190.47937512397766, "step": 4500}
{"episode_reward": 48.17858929800517, "episode": 19.0, "batch_reward": 0.2612492670416832, "critic_loss": 0.6826863465309143, "actor_loss": -12.162082382202149, "alpha_loss": 0.6612766418457031, "alpha_value": 0.07680927008390427, "duration": 190.1033797264099, "step": 4750}
{"episode_reward": 164.5097241066384, "episode": 20.0, "batch_reward": 0.2735534033179283, "critic_loss": 0.7770119708776474, "actor_loss": -12.631801719665527, "alpha_loss": 0.6364796514511109, "alpha_value": 0.07602416688203811, "duration": 189.75297212600708, "step": 5000}
{"episode_reward": 96.7717107693253, "episode": 21.0, "batch_reward": 0.27853407675027847, "critic_loss": 0.7688397926092148, "actor_loss": -13.140920783996583, "alpha_loss": 0.629089210987091, "alpha_value": 0.07524392420053481, "duration": 189.25137543678284, "step": 5250}
{"episode_reward": 62.0429387337892, "episode": 22.0, "batch_reward": 0.2804130150079727, "critic_loss": 0.7907629399299622, "actor_loss": -13.525763320922852, "alpha_loss": 0.6188144607543945, "alpha_value": 0.07447158843278885, "duration": 190.32867693901062, "step": 5500}
{"episode_reward": 69.33014970313816, "episode": 23.0, "batch_reward": 0.2853500447869301, "critic_loss": 0.8625144993066788, "actor_loss": -14.014867393493653, "alpha_loss": 0.6095594267845154, "alpha_value": 0.07369895726442337, "duration": 189.71206760406494, "step": 5750}
{"episode_reward": 148.04525586692745, "episode": 24.0, "batch_reward": 0.29822042667865756, "critic_loss": 1.049343968153, "actor_loss": -14.48950121307373, "alpha_loss": 0.5893550724983215, "alpha_value": 0.07293873035907746, "duration": 189.57183003425598, "step": 6000}
{"episode_reward": 132.14475977117672, "episode": 25.0, "batch_reward": 0.30387406796216965, "critic_loss": 1.1663403034210205, "actor_loss": -15.052132995605469, "alpha_loss": 0.5774675493240357, "alpha_value": 0.0721928460597992, "duration": 190.04332876205444, "step": 6250}
{"episode_reward": 109.99888498223552, "episode": 26.0, "batch_reward": 0.3106042660474777, "critic_loss": 1.1300608788728714, "actor_loss": -15.47742360687256, "alpha_loss": 0.5776787347793579, "alpha_value": 0.07144729465246201, "duration": 190.15997171401978, "step": 6500}
{"episode_reward": 103.36369227635981, "episode": 27.0, "batch_reward": 0.3252076053619385, "critic_loss": 1.312168880224228, "actor_loss": -16.041176986694335, "alpha_loss": 0.557195818901062, "alpha_value": 0.07070613700151443, "duration": 190.20079231262207, "step": 6750}
{"episode_reward": 204.69525158819656, "episode": 28.0, "batch_reward": 0.33132746428251264, "critic_loss": 1.3819949626922607, "actor_loss": -16.565120307922363, "alpha_loss": 0.54101859664917, "alpha_value": 0.06998173040151597, "duration": 190.17852997779846, "step": 7000}
{"episode_reward": 112.43879748218077, "episode": 29.0, "batch_reward": 0.34815781009197233, "critic_loss": 1.4545580132007598, "actor_loss": -17.02007110595703, "alpha_loss": 0.5259744052886963, "alpha_value": 0.0692721306681633, "duration": 190.39775896072388, "step": 7250}
{"episode_reward": 181.8934676394059, "episode": 30.0, "batch_reward": 0.35382657682895663, "critic_loss": 1.628544864654541, "actor_loss": -17.629951873779298, "alpha_loss": 0.5146931960582734, "alpha_value": 0.06857038694620132, "duration": 190.39399003982544, "step": 7500}
{"episode_reward": 169.39458590947848, "episode": 31.0, "batch_reward": 0.36602385449409486, "critic_loss": 1.805158808708191, "actor_loss": -18.213990020751954, "alpha_loss": 0.5023391439914703, "alpha_value": 0.0678776239156723, "duration": 189.8839566707611, "step": 7750}
{"episode_reward": 181.58236561286932, "episode": 32.0, "batch_reward": 0.3741653735637665, "critic_loss": 1.9575073416233062, "actor_loss": -18.705505630493164, "alpha_loss": 0.48027293491363526, "alpha_value": 0.06719849842786789, "duration": 190.10191559791565, "step": 8000}
{"episode_reward": 200.61146896209297, "episode": 33.0, "batch_reward": 0.3846393986940384, "critic_loss": 2.0742568316459655, "actor_loss": -19.361335311889647, "alpha_loss": 0.4677741503715515, "alpha_value": 0.06653680032491684, "duration": 189.99476647377014, "step": 8250}
{"episode_reward": 157.21423225737544, "episode": 34.0, "batch_reward": 0.39526346588134764, "critic_loss": 2.128384047985077, "actor_loss": -19.982515777587892, "alpha_loss": 0.4524478721618652, "alpha_value": 0.06588637036085129, "duration": 189.92040872573853, "step": 8500}
{"episode_reward": 99.79654660908704, "episode": 35.0, "batch_reward": 0.39594541943073275, "critic_loss": 2.2743062405586243, "actor_loss": -20.53123403930664, "alpha_loss": 0.43842516946792603, "alpha_value": 0.065249214053154, "duration": 190.30925726890564, "step": 8750}
{"episode_reward": 155.41692327072136, "episode": 36.0, "batch_reward": 0.40169798469543455, "critic_loss": 2.6036540002822877, "actor_loss": -20.989704986572267, "alpha_loss": 0.418398913860321, "alpha_value": 0.06462150830030441, "duration": 190.31587934494019, "step": 9000}
{"episode_reward": 145.35868984325467, "episode": 37.0, "batch_reward": 0.40281416380405427, "critic_loss": 2.632986167430878, "actor_loss": -21.540288986206054, "alpha_loss": 0.40805025172233583, "alpha_value": 0.06401132369041443, "duration": 190.22242379188538, "step": 9250}
{"episode_reward": 147.4756107550398, "episode": 38.0, "batch_reward": 0.40603164160251615, "critic_loss": 2.48403244972229, "actor_loss": -22.057697555541992, "alpha_loss": 0.39469677019119265, "alpha_value": 0.06340765941143035, "duration": 190.58057713508606, "step": 9500}
{"episode_reward": 88.62903501007415, "episode": 39.0, "batch_reward": 0.4141851131916046, "critic_loss": 2.7344972925186157, "actor_loss": -22.499261108398436, "alpha_loss": 0.39583330726623533, "alpha_value": 0.06280233547091484, "duration": 189.8904881477356, "step": 9750}
{"episode_reward": 184.5839229945447, "episode": 40.0, "batch_reward": 0.42685753071308136, "critic_loss": 2.9136906757354737, "actor_loss": -23.163693527221678, "alpha_loss": 0.3884418740272522, "alpha_value": 0.06218866342306137, "duration": 190.36560893058777, "step": 10000}
{"episode_reward": 241.59119464286655, "episode": 41.0, "batch_reward": 0.4349871257543564, "critic_loss": 3.127720636844635, "actor_loss": -23.854840103149414, "alpha_loss": 0.3650287101268768, "alpha_value": 0.061588782519102096, "duration": 207.5343840122223, "step": 10250}
{"episode_reward": 195.07635117052712, "episode": 42.0, "batch_reward": 0.43933890080451965, "critic_loss": 3.3544404487609865, "actor_loss": -24.40867283630371, "alpha_loss": 0.3544687066078186, "alpha_value": 0.061015776634216305, "duration": 190.47266745567322, "step": 10500}
{"episode_reward": 175.67015437155135, "episode": 43.0, "batch_reward": 0.44780122601985933, "critic_loss": 3.371522050380707, "actor_loss": -25.08882731628418, "alpha_loss": 0.3388269205093384, "alpha_value": 0.06044980135560036, "duration": 190.43917036056519, "step": 10750}
{"episode_reward": 204.4110474620604, "episode": 44.0, "batch_reward": 0.4563161768913269, "critic_loss": 3.573054647922516, "actor_loss": -25.777968444824218, "alpha_loss": 0.32690557503700257, "alpha_value": 0.05989209881424904, "duration": 189.92515993118286, "step": 11000}
{"episode_reward": 166.03647023585015, "episode": 45.0, "batch_reward": 0.46620289504528045, "critic_loss": 3.8253521423339842, "actor_loss": -26.38432620239258, "alpha_loss": 0.3193913116455078, "alpha_value": 0.05934586593508721, "duration": 190.20943450927734, "step": 11250}
{"episode_reward": 260.03531669322473, "episode": 46.0, "batch_reward": 0.47347041201591494, "critic_loss": 3.831060115814209, "actor_loss": -26.8559327545166, "alpha_loss": 0.30807107567787173, "alpha_value": 0.058801417976617816, "duration": 190.66057085990906, "step": 11500}
{"episode_reward": 247.5083264813237, "episode": 47.0, "batch_reward": 0.49048316168785094, "critic_loss": 4.220851483345032, "actor_loss": -27.6166173248291, "alpha_loss": 0.2999058060646057, "alpha_value": 0.05826198893785477, "duration": 190.0726330280304, "step": 11750}
{"episode_reward": 170.12236329367715, "episode": 48.0, "batch_reward": 0.48836097872257234, "critic_loss": 4.1830736622810365, "actor_loss": -28.16524040222168, "alpha_loss": 0.27453311216831205, "alpha_value": 0.057743165701627734, "duration": 190.5354356765747, "step": 12000}
{"episode_reward": 226.37564677400272, "episode": 49.0, "batch_reward": 0.4974254935979843, "critic_loss": 4.247645432472229, "actor_loss": -28.810059204101563, "alpha_loss": 0.26259985959529875, "alpha_value": 0.05724886843562126, "duration": 189.98365592956543, "step": 12250}
{"episode_reward": 160.45188465716376, "episode": 50.0, "batch_reward": 0.4914279541969299, "critic_loss": 4.358631936073303, "actor_loss": -29.381062881469727, "alpha_loss": 0.2567562438249588, "alpha_value": 0.056756395101547244, "duration": 190.362300157547, "step": 12500}
{"episode_reward": 202.65250770603015, "episode": 51.0, "batch_reward": 0.5104632289409637, "critic_loss": 4.872066693305969, "actor_loss": -30.057839141845704, "alpha_loss": 0.2464150413274765, "alpha_value": 0.05627154651284218, "duration": 190.38745379447937, "step": 12750}
{"episode_reward": 182.89236217482537, "episode": 52.0, "batch_reward": 0.5151155642271041, "critic_loss": 4.612093061447143, "actor_loss": -30.575145370483398, "alpha_loss": 0.24877815067768097, "alpha_value": 0.055782868564128875, "duration": 189.22601914405823, "step": 13000}
{"episode_reward": 274.05404321000987, "episode": 53.0, "batch_reward": 0.5243107856512069, "critic_loss": 4.684089869499206, "actor_loss": -31.414921447753905, "alpha_loss": 0.22559361362457275, "alpha_value": 0.05529692727327347, "duration": 190.29385042190552, "step": 13250}
{"episode_reward": 272.76431467090816, "episode": 54.0, "batch_reward": 0.5374985566139221, "critic_loss": 4.914950408935547, "actor_loss": -32.04901387023926, "alpha_loss": 0.2178526178598404, "alpha_value": 0.05483848887681961, "duration": 190.2940318584442, "step": 13500}
{"episode_reward": 190.98644324767116, "episode": 55.0, "batch_reward": 0.5314580265283585, "critic_loss": 5.085796019554138, "actor_loss": -32.65558932495117, "alpha_loss": 0.20475085031986237, "alpha_value": 0.05438302713632583, "duration": 190.6294469833374, "step": 13750}
{"episode_reward": 219.3627222399779, "episode": 56.0, "batch_reward": 0.5441934829950332, "critic_loss": 5.109922982215881, "actor_loss": -33.37858657836914, "alpha_loss": 0.19729648530483246, "alpha_value": 0.0539453487098217, "duration": 190.92409896850586, "step": 14000}
{"episode_reward": 257.4634651241641, "episode": 57.0, "batch_reward": 0.5591115453243256, "critic_loss": 5.311865154266357, "actor_loss": -34.29042800903321, "alpha_loss": 0.1762065736055374, "alpha_value": 0.05352905908226967, "duration": 190.66569066047668, "step": 14250}
{"episode_reward": 237.28808159661634, "episode": 58.0, "batch_reward": 0.5603346670866013, "critic_loss": 5.279625056266784, "actor_loss": -34.99704849243164, "alpha_loss": 0.1734741792678833, "alpha_value": 0.05311639508605003, "duration": 190.1923840045929, "step": 14500}
{"episode_reward": 230.8494757117894, "episode": 59.0, "batch_reward": 0.5691252781152725, "critic_loss": 5.185540174484253, "actor_loss": -35.752843048095706, "alpha_loss": 0.1424321431517601, "alpha_value": 0.052735195338726046, "duration": 189.8832447528839, "step": 14750}
{"episode_reward": 277.470377929877, "episode": 60.0, "batch_reward": 0.5696405020952224, "critic_loss": 5.294983078956604, "actor_loss": -36.48664605712891, "alpha_loss": 0.13494095158576966, "alpha_value": 0.05239473488926887, "duration": 190.17834496498108, "step": 15000}
{"episode_reward": 261.185972957297, "episode": 61.0, "batch_reward": 0.5823193116188049, "critic_loss": 5.211725137710571, "actor_loss": -37.2998908996582, "alpha_loss": 0.13038912808895112, "alpha_value": 0.052049984991550446, "duration": 190.54852437973022, "step": 15250}
{"episode_reward": 209.71738447318887, "episode": 62.0, "batch_reward": 0.5867871569395066, "critic_loss": 5.270981570243835, "actor_loss": -38.10139733886719, "alpha_loss": 0.1178124344944954, "alpha_value": 0.051718405693769454, "duration": 189.7007098197937, "step": 15500}
{"episode_reward": 194.85618373628017, "episode": 63.0, "batch_reward": 0.5889985344409943, "critic_loss": 5.089800531387329, "actor_loss": -38.78880764770508, "alpha_loss": 0.11867858624458313, "alpha_value": 0.05138391959667206, "duration": 190.5156123638153, "step": 15750}
{"episode_reward": 213.9724004239012, "episode": 64.0, "batch_reward": 0.603168895483017, "critic_loss": 4.9633157081604, "actor_loss": -39.5796780090332, "alpha_loss": 0.1136669100522995, "alpha_value": 0.051045898735523225, "duration": 190.60468864440918, "step": 16000}
{"episode_reward": 265.19373519397277, "episode": 65.0, "batch_reward": 0.6059923149347305, "critic_loss": 5.091803488731384, "actor_loss": -40.36510983276367, "alpha_loss": 0.11115158438682556, "alpha_value": 0.05070758590102196, "duration": 190.5880663394928, "step": 16250}
{"episode_reward": 291.5287047861005, "episode": 66.0, "batch_reward": 0.6116071339845658, "critic_loss": 5.037507499694824, "actor_loss": -40.89714334106446, "alpha_loss": 0.10428220638632775, "alpha_value": 0.05037390312552452, "duration": 190.5996766090393, "step": 16500}
{"episode_reward": 262.80481786204285, "episode": 67.0, "batch_reward": 0.6205970480442047, "critic_loss": 5.06316856098175, "actor_loss": -41.71565719604492, "alpha_loss": 0.10421025022864341, "alpha_value": 0.05002571314573288, "duration": 190.49841499328613, "step": 16750}
{"episode_reward": 259.4739513658372, "episode": 68.0, "batch_reward": 0.6274257656335831, "critic_loss": 5.028587545394897, "actor_loss": -42.480167572021486, "alpha_loss": 0.09203541207313537, "alpha_value": 0.04970196637511253, "duration": 190.85359811782837, "step": 17000}
{"episode_reward": 268.56272113960256, "episode": 69.0, "batch_reward": 0.6282054091691971, "critic_loss": 4.891041724205017, "actor_loss": -42.99093063354492, "alpha_loss": 0.09820739844441415, "alpha_value": 0.049351992964744566, "duration": 190.71188735961914, "step": 17250}
{"episode_reward": 225.8762903517968, "episode": 70.0, "batch_reward": 0.6296027526855469, "critic_loss": 4.968919763565063, "actor_loss": -43.744743255615234, "alpha_loss": 0.09507124200463295, "alpha_value": 0.04901514846086502, "duration": 190.67853045463562, "step": 17500}
{"episode_reward": 228.53790546435724, "episode": 71.0, "batch_reward": 0.6405296623706818, "critic_loss": 4.982837079048156, "actor_loss": -44.49133331298828, "alpha_loss": 0.09420226311683655, "alpha_value": 0.048667736023664476, "duration": 190.46347784996033, "step": 17750}
{"episode_reward": 385.6537865024665, "episode": 72.0, "batch_reward": 0.6485285221338272, "critic_loss": 4.829688380241394, "actor_loss": -45.40968969726563, "alpha_loss": 0.09388979241251945, "alpha_value": 0.04829716429114342, "duration": 190.04374861717224, "step": 18000}
{"episode_reward": 290.4882739098175, "episode": 73.0, "batch_reward": 0.6543266373872757, "critic_loss": 4.929880644798279, "actor_loss": -46.07926983642578, "alpha_loss": 0.08667692460119725, "alpha_value": 0.047927372395992276, "duration": 190.8511312007904, "step": 18250}
{"episode_reward": 299.7895651840063, "episode": 74.0, "batch_reward": 0.6639360498189926, "critic_loss": 4.6898897304534914, "actor_loss": -46.659775299072265, "alpha_loss": 0.08514035440981388, "alpha_value": 0.04757823750376702, "duration": 190.54985570907593, "step": 18500}
{"episode_reward": 331.5955829464648, "episode": 75.0, "batch_reward": 0.6723217971324921, "critic_loss": 4.962865751266479, "actor_loss": -47.32539459228516, "alpha_loss": 0.08290089067816735, "alpha_value": 0.04722304436564446, "duration": 190.7923572063446, "step": 18750}
{"episode_reward": 296.23609137101465, "episode": 76.0, "batch_reward": 0.6852122217416763, "critic_loss": 4.76834174823761, "actor_loss": -47.98720715332031, "alpha_loss": 0.07447767847776413, "alpha_value": 0.04687750619649887, "duration": 190.70130324363708, "step": 19000}
{"episode_reward": 282.9262442037753, "episode": 77.0, "batch_reward": 0.6939789779186248, "critic_loss": 5.018800190925598, "actor_loss": -48.76127536010742, "alpha_loss": 0.06434201658517122, "alpha_value": 0.04656020548939705, "duration": 190.57903051376343, "step": 19250}
{"episode_reward": 294.47861837515404, "episode": 78.0, "batch_reward": 0.6951505455970765, "critic_loss": 4.856900300979614, "actor_loss": -49.51944763183594, "alpha_loss": 0.05856908417493105, "alpha_value": 0.04627928817272186, "duration": 190.76868653297424, "step": 19500}
{"episode_reward": 372.0247570415577, "episode": 79.0, "batch_reward": 0.7010885457992554, "critic_loss": 4.849994899749756, "actor_loss": -50.097343658447265, "alpha_loss": 0.06196934898942709, "alpha_value": 0.04597228077054024, "duration": 190.1494336128235, "step": 19750}
{"episode_reward": 278.32291732399347, "episode": 80.0, "batch_reward": 0.7102747242450714, "critic_loss": 5.000044726371765, "actor_loss": -50.761636169433594, "alpha_loss": 0.05761227085441351, "alpha_value": 0.04566714715957641, "duration": 189.9598262310028, "step": 20000}
{"episode_reward": 265.98777248425364, "episode": 81.0, "batch_reward": 0.708799275636673, "critic_loss": 4.898610563278198, "actor_loss": -51.3637099609375, "alpha_loss": 0.03955218706652522, "alpha_value": 0.045414704084396365, "duration": 210.2384102344513, "step": 20250}
{"episode_reward": 287.2800087160366, "episode": 82.0, "batch_reward": 0.7146382222175598, "critic_loss": 4.844895834922791, "actor_loss": -52.171484405517575, "alpha_loss": 0.04387086012680084, "alpha_value": 0.045179073482751846, "duration": 189.53306078910828, "step": 20500}
{"episode_reward": 306.5748290093832, "episode": 83.0, "batch_reward": 0.7309278564453126, "critic_loss": 5.043422835350037, "actor_loss": -52.87462066650391, "alpha_loss": 0.0419855406396091, "alpha_value": 0.0449299653172493, "duration": 190.73335456848145, "step": 20750}
{"episode_reward": 360.6214861895555, "episode": 84.0, "batch_reward": 0.734492550611496, "critic_loss": 4.9611582260131835, "actor_loss": -53.57214627075195, "alpha_loss": 0.028091537340544166, "alpha_value": 0.044724778920412066, "duration": 190.89702916145325, "step": 21000}
{"episode_reward": 311.20152123206486, "episode": 85.0, "batch_reward": 0.7343488116264343, "critic_loss": 5.006267113685608, "actor_loss": -54.20929965209961, "alpha_loss": 0.026445556417107583, "alpha_value": 0.04454580524563789, "duration": 190.47085046768188, "step": 21250}
{"episode_reward": 351.8408415121001, "episode": 86.0, "batch_reward": 0.7485503051280975, "critic_loss": 5.049585951805115, "actor_loss": -55.02706799316406, "alpha_loss": 0.03110006983205676, "alpha_value": 0.04436329829692841, "duration": 190.06457352638245, "step": 21500}
{"episode_reward": 400.22865821295306, "episode": 87.0, "batch_reward": 0.7550735795497894, "critic_loss": 4.9557284078598025, "actor_loss": -55.66582733154297, "alpha_loss": 0.026610110830515624, "alpha_value": 0.044159997433424, "duration": 190.04545664787292, "step": 21750}
{"episode_reward": 338.60070757987256, "episode": 88.0, "batch_reward": 0.769379135131836, "critic_loss": 5.014043865203857, "actor_loss": -56.37479296875, "alpha_loss": 0.018834720591083168, "alpha_value": 0.04399728816747665, "duration": 189.96298789978027, "step": 22000}
{"episode_reward": 308.1924868101976, "episode": 89.0, "batch_reward": 0.7820418303012848, "critic_loss": 5.082270169258118, "actor_loss": -57.06134902954101, "alpha_loss": 0.023010746601969004, "alpha_value": 0.04383232295513153, "duration": 190.49557328224182, "step": 22250}
{"episode_reward": 345.3314984362032, "episode": 90.0, "batch_reward": 0.7765010249614716, "critic_loss": 5.072310276031494, "actor_loss": -57.712282775878904, "alpha_loss": 0.016313373586162926, "alpha_value": 0.0436748888194561, "duration": 189.28971362113953, "step": 22500}
{"episode_reward": 355.07873308108384, "episode": 91.0, "batch_reward": 0.7827353882789612, "critic_loss": 4.776974100112915, "actor_loss": -58.42333181762695, "alpha_loss": 0.015980896520428358, "alpha_value": 0.04353815364837647, "duration": 189.48885893821716, "step": 22750}
{"episode_reward": 364.68169042484715, "episode": 92.0, "batch_reward": 0.7858479759693145, "critic_loss": 4.840606707572937, "actor_loss": -59.11439706420899, "alpha_loss": 0.014392522781156004, "alpha_value": 0.04341008427739143, "duration": 189.8436598777771, "step": 23000}
{"episode_reward": 311.4433886050476, "episode": 93.0, "batch_reward": 0.7978576226234436, "critic_loss": 4.864053392410279, "actor_loss": -59.69754177856446, "alpha_loss": 0.014558069806545972, "alpha_value": 0.04327263930439949, "duration": 189.86163687705994, "step": 23250}
{"episode_reward": 444.0717694008125, "episode": 94.0, "batch_reward": 0.8094329528808594, "critic_loss": 4.870992169380188, "actor_loss": -60.43891055297851, "alpha_loss": 0.007494087014347315, "alpha_value": 0.043161865413188935, "duration": 190.3230016231537, "step": 23500}
{"episode_reward": 304.98241175927325, "episode": 95.0, "batch_reward": 0.8147761065959931, "critic_loss": 5.103721508026123, "actor_loss": -61.054679962158204, "alpha_loss": 0.007754353131167591, "alpha_value": 0.043069915413856505, "duration": 189.70554113388062, "step": 23750}
{"episode_reward": 323.3072883939018, "episode": 96.0, "batch_reward": 0.813517450094223, "critic_loss": 4.951171051979065, "actor_loss": -61.77946343994141, "alpha_loss": -8.78175999969244e-05, "alpha_value": 0.043023866057395936, "duration": 190.15883994102478, "step": 24000}
{"episode_reward": 343.05953758977586, "episode": 97.0, "batch_reward": 0.8200155289173127, "critic_loss": 5.0207618236541744, "actor_loss": -62.53090853881836, "alpha_loss": -0.006068494150415063, "alpha_value": 0.043074622899293896, "duration": 189.4062864780426, "step": 24250}
{"episode_reward": 371.50175731016327, "episode": 98.0, "batch_reward": 0.8243537104129791, "critic_loss": 4.9683892421722415, "actor_loss": -63.154599182128905, "alpha_loss": -0.0011433032993227244, "alpha_value": 0.04312602779269219, "duration": 190.1490979194641, "step": 24500}
{"episode_reward": 298.4786080780608, "episode": 99.0, "batch_reward": 0.8322801194190979, "critic_loss": 4.940257477760315, "actor_loss": -63.773821990966795, "alpha_loss": -0.002268678351305425, "alpha_value": 0.04311680588126183, "duration": 190.17312097549438, "step": 24750}
{"episode_reward": 344.2761431067461, "episode": 100.0, "batch_reward": 0.8355992634296417, "critic_loss": 4.9532085218429565, "actor_loss": -64.35370925903321, "alpha_loss": -0.0021359638068825008, "alpha_value": 0.04317617085576057, "duration": 189.83255219459534, "step": 25000}
{"episode_reward": 282.44661509644374, "episode": 101.0, "batch_reward": 0.8431987318992614, "critic_loss": 5.000453901290894, "actor_loss": -65.08183416748047, "alpha_loss": -0.0021999134290963413, "alpha_value": 0.0431773142516613, "duration": 190.21712827682495, "step": 25250}
{"episode_reward": 391.40411862926317, "episode": 102.0, "batch_reward": 0.8436205611228943, "critic_loss": 4.94646040725708, "actor_loss": -65.71206475830078, "alpha_loss": 0.0013745504654943943, "alpha_value": 0.043204978674650195, "duration": 190.43626356124878, "step": 25500}
{"episode_reward": 200.22969976756406, "episode": 103.0, "batch_reward": 0.8507205438613892, "critic_loss": 5.207946197509766, "actor_loss": -66.28340234375, "alpha_loss": -0.008894615127705037, "alpha_value": 0.043244235277175906, "duration": 190.01951265335083, "step": 25750}
{"episode_reward": 366.9600520162733, "episode": 104.0, "batch_reward": 0.8561968312263489, "critic_loss": 5.250544097900391, "actor_loss": -66.9691176147461, "alpha_loss": -0.0037432116521522404, "alpha_value": 0.043365909934043885, "duration": 189.75975799560547, "step": 26000}
{"episode_reward": 341.8049727159752, "episode": 105.0, "batch_reward": 0.8512469997406006, "critic_loss": 5.229067945480347, "actor_loss": -67.47514239501953, "alpha_loss": 0.0027451915591955186, "alpha_value": 0.04336275884509087, "duration": 190.20599484443665, "step": 26250}
{"episode_reward": 340.1264792472813, "episode": 106.0, "batch_reward": 0.8584980742931366, "critic_loss": 5.222398657798767, "actor_loss": -68.11316381835937, "alpha_loss": -0.0047753824545070525, "alpha_value": 0.04339157822728157, "duration": 190.13289523124695, "step": 26500}
{"episode_reward": 364.28845298668097, "episode": 107.0, "batch_reward": 0.8729929373264312, "critic_loss": 5.31301047706604, "actor_loss": -68.72976971435547, "alpha_loss": -0.007465616893023252, "alpha_value": 0.043512624889612196, "duration": 190.02859377861023, "step": 26750}
{"episode_reward": 412.0114239062313, "episode": 108.0, "batch_reward": 0.8710207064151764, "critic_loss": 5.318916951179505, "actor_loss": -69.36604595947266, "alpha_loss": -0.006481923077255487, "alpha_value": 0.043655284374952315, "duration": 190.00839161872864, "step": 27000}
{"episode_reward": 386.08850965178686, "episode": 109.0, "batch_reward": 0.885993976354599, "critic_loss": 5.342690076828003, "actor_loss": -70.06001434326171, "alpha_loss": -0.01003749882336706, "alpha_value": 0.04378911256790161, "duration": 189.88711786270142, "step": 27250}
{"episode_reward": 474.60160574929756, "episode": 110.0, "batch_reward": 0.8986849496364594, "critic_loss": 5.333000966072083, "actor_loss": -70.69837506103515, "alpha_loss": -0.0016270713414996863, "alpha_value": 0.043933609008789065, "duration": 189.87787222862244, "step": 27500}
{"episode_reward": 385.32652459021045, "episode": 111.0, "batch_reward": 0.9108585305213929, "critic_loss": 5.404417351722717, "actor_loss": -71.36374420166015, "alpha_loss": -0.0018464275980368257, "alpha_value": 0.043961574018001555, "duration": 189.76561188697815, "step": 27750}
{"episode_reward": 333.44967613624425, "episode": 112.0, "batch_reward": 0.8953453161716461, "critic_loss": 5.3234613409042355, "actor_loss": -71.86027478027344, "alpha_loss": -0.001915191102772951, "alpha_value": 0.04400287806987763, "duration": 190.22985649108887, "step": 28000}
{"episode_reward": 415.4276294559246, "episode": 113.0, "batch_reward": 0.9073390469551087, "critic_loss": 5.330635129928589, "actor_loss": -72.53154357910157, "alpha_loss": -0.0003937409035861492, "alpha_value": 0.04402975714206696, "duration": 189.54274559020996, "step": 28250}
{"episode_reward": 388.86542848975324, "episode": 114.0, "batch_reward": 0.9219856433868409, "critic_loss": 5.416643884658813, "actor_loss": -73.16115509033203, "alpha_loss": -0.006046468371525407, "alpha_value": 0.044108244717121124, "duration": 190.38761639595032, "step": 28500}
{"episode_reward": 382.49034060952107, "episode": 115.0, "batch_reward": 0.9163350150585174, "critic_loss": 5.493863354682922, "actor_loss": -73.65096008300782, "alpha_loss": -0.005437073938548565, "alpha_value": 0.04427256259322167, "duration": 190.2208490371704, "step": 28750}
{"episode_reward": 307.16099550691786, "episode": 116.0, "batch_reward": 0.9225513865947723, "critic_loss": 5.327116753578186, "actor_loss": -74.3305009765625, "alpha_loss": -0.005118674252182245, "alpha_value": 0.044375083327293396, "duration": 190.44649291038513, "step": 29000}
{"episode_reward": 420.1829247471024, "episode": 117.0, "batch_reward": 0.9358692824840545, "critic_loss": 5.200178468704224, "actor_loss": -74.94713348388672, "alpha_loss": -0.007887504618614913, "alpha_value": 0.04454424422979355, "duration": 189.95209765434265, "step": 29250}
{"episode_reward": 387.2256353685943, "episode": 118.0, "batch_reward": 0.9373321578502655, "critic_loss": 5.383800377845764, "actor_loss": -75.58693194580079, "alpha_loss": -0.005814771334640681, "alpha_value": 0.04475054082274437, "duration": 189.47294926643372, "step": 29500}
{"episode_reward": 413.9166278297988, "episode": 119.0, "batch_reward": 0.9410341498851776, "critic_loss": 5.248653845787048, "actor_loss": -75.99576837158203, "alpha_loss": 0.0014484255872666836, "alpha_value": 0.04479571151733398, "duration": 190.09696435928345, "step": 29750}
{"episode_reward": 371.08894505132565, "episode": 120.0, "batch_reward": 0.950979110956192, "critic_loss": 5.403427276611328, "actor_loss": -76.68485021972656, "alpha_loss": -0.00022649595513939857, "alpha_value": 0.044769592970609666, "duration": 189.87386298179626, "step": 30000}
{"episode_reward": 415.9881769207742, "episode": 121.0, "batch_reward": 0.9444073173999786, "critic_loss": 5.579738801002502, "actor_loss": -77.20767614746094, "alpha_loss": 0.0023649636786431073, "alpha_value": 0.044744295477867124, "duration": 208.26971125602722, "step": 30250}
{"episode_reward": 415.8617304605476, "episode": 122.0, "batch_reward": 0.9574584050178527, "critic_loss": 5.6578267936706546, "actor_loss": -77.8227958984375, "alpha_loss": -0.0005373459849506617, "alpha_value": 0.0447038134932518, "duration": 190.26258492469788, "step": 30500}
{"episode_reward": 313.8843479152306, "episode": 123.0, "batch_reward": 0.9364629461765289, "critic_loss": 5.508464945793152, "actor_loss": -78.32978833007813, "alpha_loss": -0.0008526404518634081, "alpha_value": 0.04476407703757286, "duration": 190.19155359268188, "step": 30750}
{"episode_reward": 335.41682037993115, "episode": 124.0, "batch_reward": 0.9629315159320831, "critic_loss": 5.311940819740295, "actor_loss": -78.9966309814453, "alpha_loss": 0.0007317232377827168, "alpha_value": 0.044750174075365065, "duration": 190.2677447795868, "step": 31000}
{"episode_reward": 350.75311350694113, "episode": 125.0, "batch_reward": 0.968115930557251, "critic_loss": 5.358939868927002, "actor_loss": -79.56844549560547, "alpha_loss": 0.005586639947257936, "alpha_value": 0.04463079670071602, "duration": 190.46138286590576, "step": 31250}
{"episode_reward": 370.0274000043349, "episode": 126.0, "batch_reward": 0.9698988847732544, "critic_loss": 5.486316272735595, "actor_loss": -80.09589544677735, "alpha_loss": 0.0006735877608880401, "alpha_value": 0.044590270161628726, "duration": 190.2648344039917, "step": 31500}
{"episode_reward": 322.9266075039184, "episode": 127.0, "batch_reward": 0.9691971497535705, "critic_loss": 5.491355073928833, "actor_loss": -80.50232403564453, "alpha_loss": 2.3110069334506988e-05, "alpha_value": 0.044574327647686006, "duration": 190.23626232147217, "step": 31750}
{"episode_reward": 433.8280962835539, "episode": 128.0, "batch_reward": 0.9824521305561066, "critic_loss": 5.592412291526794, "actor_loss": -81.0524853515625, "alpha_loss": 0.0003860009042546153, "alpha_value": 0.04455375352501869, "duration": 190.08888006210327, "step": 32000}
{"episode_reward": 415.27880118399725, "episode": 129.0, "batch_reward": 0.9787446851730347, "critic_loss": 5.524233006477356, "actor_loss": -81.66414501953125, "alpha_loss": 0.001528160043992102, "alpha_value": 0.044533468306064604, "duration": 190.36477375030518, "step": 32250}
{"episode_reward": 359.8473050061448, "episode": 130.0, "batch_reward": 0.9818086397647857, "critic_loss": 5.380735342979431, "actor_loss": -82.03742053222656, "alpha_loss": -0.004731387360021472, "alpha_value": 0.04456938084959984, "duration": 190.41038370132446, "step": 32500}
{"episode_reward": 461.0609342297895, "episode": 131.0, "batch_reward": 0.9872883958816528, "critic_loss": 5.5646415672302245, "actor_loss": -82.70199755859375, "alpha_loss": -0.007590411877259612, "alpha_value": 0.04473887303471565, "duration": 190.1749505996704, "step": 32750}
{"episode_reward": 418.0108807700976, "episode": 132.0, "batch_reward": 1.0006168966293334, "critic_loss": 5.712197716712952, "actor_loss": -83.16037878417968, "alpha_loss": -0.0029128968771547077, "alpha_value": 0.044880759000778196, "duration": 190.16266083717346, "step": 33000}
{"episode_reward": 324.5036530052355, "episode": 133.0, "batch_reward": 0.994089426279068, "critic_loss": 5.823935984611511, "actor_loss": -83.71226977539062, "alpha_loss": -0.005756697953678667, "alpha_value": 0.045049763828516005, "duration": 189.9501190185547, "step": 33250}
{"episode_reward": 392.8938461165148, "episode": 134.0, "batch_reward": 0.9907115194797516, "critic_loss": 5.658219977378845, "actor_loss": -84.06648699951172, "alpha_loss": -0.008270286593586206, "alpha_value": 0.045230200976133346, "duration": 190.29646110534668, "step": 33500}
{"episode_reward": 343.33489188632626, "episode": 135.0, "batch_reward": 1.0038910572528839, "critic_loss": 5.814203579902649, "actor_loss": -84.71135467529297, "alpha_loss": -0.002478970780968666, "alpha_value": 0.04545702305436134, "duration": 190.28203463554382, "step": 33750}
{"episode_reward": 423.2979916695272, "episode": 136.0, "batch_reward": 1.0094468173980713, "critic_loss": 5.7269454669952395, "actor_loss": -85.2165463256836, "alpha_loss": -0.000389039121568203, "alpha_value": 0.04542270812392235, "duration": 189.9249005317688, "step": 34000}
{"episode_reward": 432.8743659861281, "episode": 137.0, "batch_reward": 1.0175819461345672, "critic_loss": 5.963120122909546, "actor_loss": -85.73551544189453, "alpha_loss": -0.0034722653375938535, "alpha_value": 0.04552182370424271, "duration": 189.90831327438354, "step": 34250}
{"episode_reward": 401.31134157306764, "episode": 138.0, "batch_reward": 1.0166138677597045, "critic_loss": 5.915469891548157, "actor_loss": -86.22990325927735, "alpha_loss": -0.0009177830945700407, "alpha_value": 0.04559296691417694, "duration": 189.89609789848328, "step": 34500}
{"episode_reward": 414.7048079090385, "episode": 139.0, "batch_reward": 1.034930815935135, "critic_loss": 5.730334067344666, "actor_loss": -86.71039514160157, "alpha_loss": -0.0028354828022420404, "alpha_value": 0.045655903220176694, "duration": 190.01992654800415, "step": 34750}
{"episode_reward": 335.24672321182203, "episode": 140.0, "batch_reward": 1.0352993924617768, "critic_loss": 5.83198234462738, "actor_loss": -87.27329846191407, "alpha_loss": -0.006306402370333672, "alpha_value": 0.0458445927798748, "duration": 190.30886363983154, "step": 35000}
{"episode_reward": 458.6992828961504, "episode": 141.0, "batch_reward": 1.0329416685104371, "critic_loss": 5.742963704109192, "actor_loss": -87.71894812011719, "alpha_loss": -0.0034156601391732693, "alpha_value": 0.04600180262327194, "duration": 189.95269227027893, "step": 35250}
{"episode_reward": 412.4332397257518, "episode": 142.0, "batch_reward": 1.0354127590656281, "critic_loss": 5.779247278213501, "actor_loss": -88.27389709472656, "alpha_loss": 0.00015542749874293804, "alpha_value": 0.04601536592841148, "duration": 190.47034072875977, "step": 35500}
{"episode_reward": 411.51958129492436, "episode": 143.0, "batch_reward": 1.0511767551898956, "critic_loss": 5.680721187591553, "actor_loss": -88.74373266601563, "alpha_loss": 0.004061490597203374, "alpha_value": 0.04596678969264031, "duration": 190.05320692062378, "step": 35750}
{"episode_reward": 468.32137905230235, "episode": 144.0, "batch_reward": 1.066315271615982, "critic_loss": 5.592530736923218, "actor_loss": -89.39532751464844, "alpha_loss": 0.0017035518568009138, "alpha_value": 0.04592020246386528, "duration": 190.04304575920105, "step": 36000}
{"episode_reward": 460.0155851128731, "episode": 145.0, "batch_reward": 1.0634086680412294, "critic_loss": 5.61868244934082, "actor_loss": -89.90083239746093, "alpha_loss": -0.0014388923542574049, "alpha_value": 0.04584764683246612, "duration": 190.25660228729248, "step": 36250}
{"episode_reward": 392.6803327179357, "episode": 146.0, "batch_reward": 1.0644838256835938, "critic_loss": 6.03439351272583, "actor_loss": -90.28120343017578, "alpha_loss": 0.0015063053546473383, "alpha_value": 0.04587208938598633, "duration": 189.47646498680115, "step": 36500}
{"episode_reward": 317.0122538312801, "episode": 147.0, "batch_reward": 1.0755662009716034, "critic_loss": 5.844466881752014, "actor_loss": -90.74288580322266, "alpha_loss": -0.00045313093438744545, "alpha_value": 0.04581984815001488, "duration": 190.1810700893402, "step": 36750}
{"episode_reward": 453.89018085455444, "episode": 148.0, "batch_reward": 1.083282951593399, "critic_loss": 5.709811014175415, "actor_loss": -91.34539990234374, "alpha_loss": 0.0056997296456247565, "alpha_value": 0.04575772556662559, "duration": 189.94198274612427, "step": 37000}
{"episode_reward": 422.5692168943445, "episode": 149.0, "batch_reward": 1.0708286967277527, "critic_loss": 5.897853879928589, "actor_loss": -91.70664404296875, "alpha_loss": -0.0004122785711660981, "alpha_value": 0.045646800577640534, "duration": 190.24570178985596, "step": 37250}
{"episode_reward": 395.8839394852083, "episode": 150.0, "batch_reward": 1.0787219762802125, "critic_loss": 5.761035070419312, "actor_loss": -92.27053271484375, "alpha_loss": 0.0017477666717022658, "alpha_value": 0.04570591396093369, "duration": 190.19879388809204, "step": 37500}
{"episode_reward": 420.1537836628292, "episode": 151.0, "batch_reward": 1.0840446536540984, "critic_loss": 5.848545914649963, "actor_loss": -92.68372674560547, "alpha_loss": 0.0029918493945151566, "alpha_value": 0.045585683524608615, "duration": 190.11993837356567, "step": 37750}
{"episode_reward": 380.8805991099194, "episode": 152.0, "batch_reward": 1.0757031133174897, "critic_loss": 6.017267603874206, "actor_loss": -93.05206097412109, "alpha_loss": 0.0007986933998763562, "alpha_value": 0.0455220927298069, "duration": 190.17631912231445, "step": 38000}
{"episode_reward": 397.371444606003, "episode": 153.0, "batch_reward": 1.0927487058639527, "critic_loss": 6.082610124588013, "actor_loss": -93.65373901367188, "alpha_loss": 0.0012893602531403303, "alpha_value": 0.04547041562199593, "duration": 189.53391242027283, "step": 38250}
{"episode_reward": 465.7528724084536, "episode": 154.0, "batch_reward": 1.0901512668132782, "critic_loss": 6.28372809791565, "actor_loss": -94.2299819946289, "alpha_loss": -0.001475042810663581, "alpha_value": 0.04547235706448555, "duration": 189.49460339546204, "step": 38500}
{"episode_reward": 436.77784168164305, "episode": 155.0, "batch_reward": 1.091931282043457, "critic_loss": 6.023321277618408, "actor_loss": -94.58009552001953, "alpha_loss": -0.00536313857883215, "alpha_value": 0.045590927928686145, "duration": 189.31894278526306, "step": 38750}
{"episode_reward": 437.33623486925325, "episode": 156.0, "batch_reward": 1.0941267306804656, "critic_loss": 5.944481273651123, "actor_loss": -95.05298852539063, "alpha_loss": 0.001408296950161457, "alpha_value": 0.045690629303455355, "duration": 190.27737069129944, "step": 39000}
{"episode_reward": 375.7916445805447, "episode": 157.0, "batch_reward": 1.1054804728031158, "critic_loss": 5.810225109100342, "actor_loss": -95.55981671142578, "alpha_loss": 2.0049281418323517e-05, "alpha_value": 0.04564082834124565, "duration": 190.17380785942078, "step": 39250}
{"episode_reward": 372.124405927489, "episode": 158.0, "batch_reward": 1.106157582759857, "critic_loss": 5.937674179077148, "actor_loss": -96.12632873535156, "alpha_loss": 0.0025314640160650015, "alpha_value": 0.04560899272561073, "duration": 189.89575958251953, "step": 39500}
{"episode_reward": 398.6807574729512, "episode": 159.0, "batch_reward": 1.1084315423965454, "critic_loss": 5.940381246566773, "actor_loss": -96.47596282958985, "alpha_loss": 0.0019999125450849533, "alpha_value": 0.04548031187057495, "duration": 189.91872429847717, "step": 39750}
{"episode_reward": 389.37440084843337, "episode": 160.0, "batch_reward": 1.120133840084076, "critic_loss": 6.116259733200073, "actor_loss": -96.87428881835937, "alpha_loss": 0.000257774218916893, "alpha_value": 0.04547301781177521, "duration": 190.0936360359192, "step": 40000}
{"episode_reward": 383.41448381740196, "episode": 161.0, "batch_reward": 1.1107522225379944, "critic_loss": 5.911093523025513, "actor_loss": -97.31901440429688, "alpha_loss": 0.00012495582923293113, "alpha_value": 0.04549920153617859, "duration": 209.47368550300598, "step": 40250}
{"episode_reward": 482.57874905904185, "episode": 162.0, "batch_reward": 1.1142794353961945, "critic_loss": 5.791660236358642, "actor_loss": -97.706908203125, "alpha_loss": -0.00390293984580785, "alpha_value": 0.04555916705727577, "duration": 189.55926036834717, "step": 40500}
{"episode_reward": 384.6232778000426, "episode": 163.0, "batch_reward": 1.127293199300766, "critic_loss": 5.946629843711853, "actor_loss": -98.20455633544921, "alpha_loss": 0.0012483598375692964, "alpha_value": 0.04551182588934898, "duration": 190.0145218372345, "step": 40750}
{"episode_reward": 432.2599651552981, "episode": 164.0, "batch_reward": 1.1086822583675384, "critic_loss": 5.913621705055236, "actor_loss": -98.58192492675781, "alpha_loss": 0.0027678113877773287, "alpha_value": 0.04548746520280838, "duration": 189.63238549232483, "step": 41000}
{"episode_reward": 341.4450880378505, "episode": 165.0, "batch_reward": 1.129802639722824, "critic_loss": 6.1396871795654295, "actor_loss": -99.13668933105468, "alpha_loss": 0.00637546182051301, "alpha_value": 0.04536230313777924, "duration": 189.97798490524292, "step": 41250}
{"episode_reward": 372.5945141027739, "episode": 166.0, "batch_reward": 1.1303262712955475, "critic_loss": 5.935506699562072, "actor_loss": -99.47777801513672, "alpha_loss": 0.005471827264875173, "alpha_value": 0.0451670503616333, "duration": 189.82041335105896, "step": 41500}
{"episode_reward": 392.446493775366, "episode": 167.0, "batch_reward": 1.1265413582324981, "critic_loss": 6.1292285747528075, "actor_loss": -99.8899984741211, "alpha_loss": 0.0048340241312980654, "alpha_value": 0.045022780030965805, "duration": 189.69622921943665, "step": 41750}
{"episode_reward": 428.77943360645855, "episode": 168.0, "batch_reward": 1.1253063514232635, "critic_loss": 6.2771995182037355, "actor_loss": -100.22868371582031, "alpha_loss": -0.002970058172941208, "alpha_value": 0.04501627346873283, "duration": 189.8134503364563, "step": 42000}
{"episode_reward": 444.97436171987977, "episode": 169.0, "batch_reward": 1.1381907002925873, "critic_loss": 6.037663311004638, "actor_loss": -100.80044879150391, "alpha_loss": 0.0012175452699884773, "alpha_value": 0.045051837414503096, "duration": 189.99511170387268, "step": 42250}
{"episode_reward": 516.8644601779373, "episode": 170.0, "batch_reward": 1.1382201750278473, "critic_loss": 5.9614695472717285, "actor_loss": -101.2186361694336, "alpha_loss": 0.007902664510533213, "alpha_value": 0.044889007568359375, "duration": 189.96939754486084, "step": 42500}
{"episode_reward": 491.2762267259843, "episode": 171.0, "batch_reward": 1.1428555986881257, "critic_loss": 6.158587976455689, "actor_loss": -101.64346276855468, "alpha_loss": 0.004938273295760155, "alpha_value": 0.044635120302438734, "duration": 190.0349440574646, "step": 42750}
{"episode_reward": 506.697664867786, "episode": 172.0, "batch_reward": 1.154873379945755, "critic_loss": 6.144476689338684, "actor_loss": -102.04111279296875, "alpha_loss": -0.001539159631356597, "alpha_value": 0.04460628005862236, "duration": 190.50900864601135, "step": 43000}
{"episode_reward": 360.11554679558776, "episode": 173.0, "batch_reward": 1.1555078518390656, "critic_loss": 6.008372094154358, "actor_loss": -102.403771484375, "alpha_loss": -0.00048670020140707495, "alpha_value": 0.044622568577528, "duration": 190.2101013660431, "step": 43250}
{"episode_reward": 403.0593067893142, "episode": 174.0, "batch_reward": 1.1462407250404358, "critic_loss": 6.152001043319702, "actor_loss": -102.867349609375, "alpha_loss": 0.00196656780783087, "alpha_value": 0.04460938218235969, "duration": 190.34706807136536, "step": 43500}
{"episode_reward": 363.7114189194313, "episode": 175.0, "batch_reward": 1.156585054397583, "critic_loss": 6.020575374603271, "actor_loss": -103.31587133789063, "alpha_loss": 0.003829459519125521, "alpha_value": 0.0445244126021862, "duration": 189.79516100883484, "step": 43750}
{"episode_reward": 444.5229615572882, "episode": 176.0, "batch_reward": 1.1656017324924468, "critic_loss": 6.07625510597229, "actor_loss": -103.89484399414063, "alpha_loss": -0.0039996252618730065, "alpha_value": 0.044540889322757724, "duration": 190.10493516921997, "step": 44000}
{"episode_reward": 400.7727635443301, "episode": 177.0, "batch_reward": 1.1671274876594544, "critic_loss": 5.961000602722168, "actor_loss": -104.16929608154297, "alpha_loss": 0.0005001891162246466, "alpha_value": 0.044554298996925354, "duration": 190.22450351715088, "step": 44250}
{"episode_reward": 381.97221116861823, "episode": 178.0, "batch_reward": 1.1656785414218902, "critic_loss": 6.143271656036377, "actor_loss": -104.64246990966797, "alpha_loss": 0.0019047349113970994, "alpha_value": 0.044536862313747407, "duration": 189.6395778656006, "step": 44500}
{"episode_reward": 396.30224240347417, "episode": 179.0, "batch_reward": 1.1665580685138703, "critic_loss": 6.020205876350403, "actor_loss": -105.04889178466797, "alpha_loss": 0.000542296439409256, "alpha_value": 0.04450651827454567, "duration": 190.04510521888733, "step": 44750}
{"episode_reward": 369.32035177643235, "episode": 180.0, "batch_reward": 1.18471648979187, "critic_loss": 6.001299531936645, "actor_loss": -105.55391357421875, "alpha_loss": -0.001378965863958001, "alpha_value": 0.04452656233310699, "duration": 190.13629603385925, "step": 45000}
{"episode_reward": 389.8050326006751, "episode": 181.0, "batch_reward": 1.1616528036594391, "critic_loss": 6.105855844497681, "actor_loss": -105.78058306884766, "alpha_loss": -0.006077279331162572, "alpha_value": 0.044625243216753006, "duration": 189.77245616912842, "step": 45250}
{"episode_reward": 456.25586701905735, "episode": 182.0, "batch_reward": 1.1797888560295104, "critic_loss": 6.201526184082031, "actor_loss": -106.2881879272461, "alpha_loss": -0.004499940072186291, "alpha_value": 0.04487624537944794, "duration": 188.542631149292, "step": 45500}
{"episode_reward": 399.2015082749503, "episode": 183.0, "batch_reward": 1.1905565493106842, "critic_loss": 6.137981127738953, "actor_loss": -106.75228393554687, "alpha_loss": 0.0007900489047169686, "alpha_value": 0.04490413013100624, "duration": 188.80040955543518, "step": 45750}
{"episode_reward": 419.1080838596107, "episode": 184.0, "batch_reward": 1.17889301776886, "critic_loss": 6.113852074623108, "actor_loss": -107.09719110107422, "alpha_loss": -0.0009531705118715763, "alpha_value": 0.04485242468118668, "duration": 189.37149739265442, "step": 46000}
{"episode_reward": 497.3998323578741, "episode": 185.0, "batch_reward": 1.1934210267066956, "critic_loss": 6.050014839172364, "actor_loss": -107.4475326538086, "alpha_loss": 0.004753233466297388, "alpha_value": 0.04482218709588051, "duration": 188.36602902412415, "step": 46250}
{"episode_reward": 420.6412482085864, "episode": 186.0, "batch_reward": 1.1819972541332244, "critic_loss": 5.907580871582031, "actor_loss": -107.92257141113281, "alpha_loss": 0.0020575121864676474, "alpha_value": 0.04470959141850472, "duration": 189.17247986793518, "step": 46500}
{"episode_reward": 450.16236900189153, "episode": 187.0, "batch_reward": 1.1859439661502837, "critic_loss": 6.137787456512451, "actor_loss": -108.30826428222656, "alpha_loss": -0.0014610947854816914, "alpha_value": 0.044729522317647936, "duration": 190.11422753334045, "step": 46750}
{"episode_reward": 430.44199698601165, "episode": 188.0, "batch_reward": 1.193197552919388, "critic_loss": 6.251271315574646, "actor_loss": -108.65680419921875, "alpha_loss": -0.007166801877319813, "alpha_value": 0.0448243713080883, "duration": 190.0718162059784, "step": 47000}
