{"episode_reward": 0.0, "episode": 1.0, "duration": 12.509837627410889, "step": 250}
{"episode_reward": 3.0, "episode": 2.0, "duration": 0.4323849678039551, "step": 500}
{"episode_reward": 0.0, "episode": 3.0, "duration": 0.506356954574585, "step": 750}
{"episode_reward": 0.0, "episode": 4.0, "duration": 0.45111989974975586, "step": 1000}
{"episode_reward": 0.0, "episode": 5.0, "batch_reward": 0.0033964671737389913, "critic_loss": 0.006572030162600185, "actor_loss": -0.79930773784085, "alpha_loss": 0.3161022826711054, "alpha_value": 0.09464326489623967, "duration": 417.0975241661072, "step": 1250}
{"episode_reward": 0.0, "episode": 6.0, "batch_reward": 0.0094375, "critic_loss": 0.03484337071573827, "actor_loss": -1.50350811958313, "alpha_loss": 0.2989463133811951, "alpha_value": 0.08903236824274063, "duration": 76.43143939971924, "step": 1500}
{"episode_reward": 31.0, "episode": 7.0, "batch_reward": 0.0235, "critic_loss": 0.04323241244256496, "actor_loss": -1.606905369758606, "alpha_loss": 0.2954281542301178, "alpha_value": 0.08797760504484177, "duration": 75.84778261184692, "step": 1750}
{"episode_reward": 2.0, "episode": 8.0, "batch_reward": 0.01971875, "critic_loss": 0.07673304398171604, "actor_loss": -1.7334403085708618, "alpha_loss": 0.2914326150417328, "alpha_value": 0.0869396802186966, "duration": 76.4566297531128, "step": 2000}
{"episode_reward": 2.0, "episode": 9.0, "batch_reward": 0.01996875, "critic_loss": 0.1505956845674664, "actor_loss": -1.859614914894104, "alpha_loss": 0.2878445794582367, "alpha_value": 0.08591882246732711, "duration": 77.01689028739929, "step": 2250}
{"episode_reward": 0.0, "episode": 10.0, "batch_reward": 0.02978125, "critic_loss": 0.2301988518163562, "actor_loss": -1.989407392501831, "alpha_loss": 0.2801130118370056, "alpha_value": 0.08491917586326599, "duration": 77.53488779067993, "step": 2500}
{"episode_reward": 51.0, "episode": 11.0, "batch_reward": 0.03446875, "critic_loss": 0.3566888381885365, "actor_loss": -2.1172723598480223, "alpha_loss": 0.2759720494747162, "alpha_value": 0.08394405210018158, "duration": 77.55107069015503, "step": 2750}
{"episode_reward": 0.0, "episode": 12.0, "batch_reward": 0.03765625, "critic_loss": 0.4904470645412803, "actor_loss": -2.241224397659302, "alpha_loss": 0.26818535232543944, "alpha_value": 0.08298590660095215, "duration": 77.63918137550354, "step": 3000}
{"episode_reward": 160.0, "episode": 13.0, "batch_reward": 0.09028125, "critic_loss": 0.892613867148757, "actor_loss": -2.383524236679077, "alpha_loss": 0.25240331518650055, "alpha_value": 0.08207188534736633, "duration": 77.4397325515747, "step": 3250}
{"episode_reward": 58.0, "episode": 14.0, "batch_reward": 0.0895, "critic_loss": 0.9061360659003258, "actor_loss": -2.4936997413635256, "alpha_loss": 0.24726761269569397, "alpha_value": 0.0811909431219101, "duration": 76.77872586250305, "step": 3500}
{"episode_reward": 0.0, "episode": 15.0, "batch_reward": 0.0840625, "critic_loss": 1.2978129070997237, "actor_loss": -2.720367183685303, "alpha_loss": 0.23671039581298828, "alpha_value": 0.08032473641633987, "duration": 77.46804618835449, "step": 3750}
{"episode_reward": 17.0, "episode": 16.0, "batch_reward": 0.09125, "critic_loss": 1.4288746905922889, "actor_loss": -2.9605103588104247, "alpha_loss": 0.2254248765707016, "alpha_value": 0.07949207466840744, "duration": 77.86105871200562, "step": 4000}
{"episode_reward": 61.0, "episode": 17.0, "batch_reward": 0.096125, "critic_loss": 2.242614514827728, "actor_loss": -3.2639880847930907, "alpha_loss": 0.20256117153167724, "alpha_value": 0.0787085216641426, "duration": 77.23717784881592, "step": 4250}
{"episode_reward": 0.0, "episode": 18.0, "batch_reward": 0.09071875, "critic_loss": 2.319768395781517, "actor_loss": -3.4213225803375242, "alpha_loss": 0.19988464808464051, "alpha_value": 0.07796980023384094, "duration": 77.70765137672424, "step": 4500}
{"episode_reward": 0.0, "episode": 19.0, "batch_reward": 0.0830625, "critic_loss": 2.6616720447540283, "actor_loss": -3.6230058555603026, "alpha_loss": 0.1969076441526413, "alpha_value": 0.07722179275751113, "duration": 77.38818526268005, "step": 4750}
{"episode_reward": 0.0, "episode": 20.0, "batch_reward": 0.08603125, "critic_loss": 2.9467802002429964, "actor_loss": -4.014236227035522, "alpha_loss": 0.18981306898593903, "alpha_value": 0.07647718787193299, "duration": 77.81415319442749, "step": 5000}
{"episode_reward": 36.0, "episode": 21.0, "batch_reward": 0.09246875, "critic_loss": 2.854046070933342, "actor_loss": -4.280389198303222, "alpha_loss": 0.18197939372062683, "alpha_value": 0.07575197094678879, "duration": 77.748122215271, "step": 5250}
{"episode_reward": 81.0, "episode": 22.0, "batch_reward": 0.0936875, "critic_loss": 4.36321453166008, "actor_loss": -4.790699598312378, "alpha_loss": 0.17854246985912323, "alpha_value": 0.07503430831432342, "duration": 77.58635187149048, "step": 5500}
{"episode_reward": 0.0, "episode": 23.0, "batch_reward": 0.0884375, "critic_loss": 4.674162638187409, "actor_loss": -5.160439554214477, "alpha_loss": 0.17954013574123381, "alpha_value": 0.07430356746912002, "duration": 77.85539865493774, "step": 5750}
{"episode_reward": 0.0, "episode": 24.0, "batch_reward": 0.08396875, "critic_loss": 5.0021765027046206, "actor_loss": -5.465094804763794, "alpha_loss": 0.17418757581710814, "alpha_value": 0.07358126139640808, "duration": 77.42570495605469, "step": 6000}
{"episode_reward": 21.0, "episode": 25.0, "batch_reward": 0.1023125, "critic_loss": 5.6330833225250245, "actor_loss": -5.753803897857666, "alpha_loss": 0.17505432498455048, "alpha_value": 0.07285447198152542, "duration": 76.88114285469055, "step": 6250}
{"episode_reward": 361.0, "episode": 26.0, "batch_reward": 0.13809375, "critic_loss": 6.691377883911133, "actor_loss": -6.06812686920166, "alpha_loss": 0.15661641281843186, "alpha_value": 0.07215245372056961, "duration": 75.97939920425415, "step": 6500}
{"episode_reward": 26.0, "episode": 27.0, "batch_reward": 0.14575, "critic_loss": 6.908782705783844, "actor_loss": -6.318678962707519, "alpha_loss": 0.14614986199140548, "alpha_value": 0.07149877601861954, "duration": 75.52492022514343, "step": 6750}
{"episode_reward": 39.0, "episode": 28.0, "batch_reward": 0.1381875, "critic_loss": 7.285360721588135, "actor_loss": -6.771148452758789, "alpha_loss": 0.13079402631521225, "alpha_value": 0.07089499831199646, "duration": 76.01210594177246, "step": 7000}
{"episode_reward": 33.0, "episode": 29.0, "batch_reward": 0.15240625, "critic_loss": 9.981022899627686, "actor_loss": -7.475333034515381, "alpha_loss": 0.1210832736492157, "alpha_value": 0.07031930893659592, "duration": 77.3024537563324, "step": 7250}
{"episode_reward": 146.0, "episode": 30.0, "batch_reward": 0.15203125, "critic_loss": 9.110062721252442, "actor_loss": -7.592714126586914, "alpha_loss": 0.12455657637119293, "alpha_value": 0.06975248223543166, "duration": 76.61728167533875, "step": 7500}
{"episode_reward": 22.0, "episode": 31.0, "batch_reward": 0.15396875, "critic_loss": 11.098549880027772, "actor_loss": -7.945010246276856, "alpha_loss": 0.11750778502225875, "alpha_value": 0.06916725099086761, "duration": 2829.732120513916, "step": 7750}
{"episode_reward": 7.0, "episode": 32.0, "batch_reward": 0.16803125, "critic_loss": 14.785420106887818, "actor_loss": -9.061455009460449, "alpha_loss": 0.10915847420692444, "alpha_value": 0.06861006820201873, "duration": 74.9380350112915, "step": 8000}
{"episode_reward": 143.0, "episode": 33.0, "batch_reward": 0.18834375, "critic_loss": 14.426008169174194, "actor_loss": -10.471357990264893, "alpha_loss": 0.08628132030367851, "alpha_value": 0.06811380362510681, "duration": 74.649493932724, "step": 8250}
{"episode_reward": 328.0, "episode": 34.0, "batch_reward": 0.2009375, "critic_loss": 11.760669414520263, "actor_loss": -10.670013122558593, "alpha_loss": 0.08183568620681762, "alpha_value": 0.06766859441995621, "duration": 74.80557250976562, "step": 8500}
{"episode_reward": 296.0, "episode": 35.0, "batch_reward": 0.26715625, "critic_loss": 14.652314485549926, "actor_loss": -11.114291137695313, "alpha_loss": 0.057116952650249006, "alpha_value": 0.06728245145082473, "duration": 74.31593036651611, "step": 8750}
{"episode_reward": 935.0, "episode": 36.0, "batch_reward": 0.3264375, "critic_loss": 12.47723498725891, "actor_loss": -12.05302433013916, "alpha_loss": 0.04130053787305951, "alpha_value": 0.06700135987997055, "duration": 74.94560551643372, "step": 9000}
{"episode_reward": 34.0, "episode": 37.0, "batch_reward": 0.3710625, "critic_loss": 12.577780258178711, "actor_loss": -13.147470397949219, "alpha_loss": 0.03080054264795035, "alpha_value": 0.06679085111618042, "duration": 74.67969131469727, "step": 9250}
{"episode_reward": 752.0, "episode": 38.0, "batch_reward": 0.3778125, "critic_loss": 12.516294614791871, "actor_loss": -13.664067192077637, "alpha_loss": 0.019842649646103383, "alpha_value": 0.0666260729432106, "duration": 75.05076622962952, "step": 9500}
{"episode_reward": 0.0, "episode": 39.0, "batch_reward": 0.415875, "critic_loss": 14.269757080078126, "actor_loss": -14.671821846008301, "alpha_loss": 0.009196810299530626, "alpha_value": 0.06653118079900741, "duration": 74.80697822570801, "step": 9750}
{"episode_reward": 653.0, "episode": 40.0, "batch_reward": 0.45540625, "critic_loss": 18.38574101257324, "actor_loss": -16.061890785217287, "alpha_loss": 0.004790151956491172, "alpha_value": 0.06647286570072174, "duration": 75.28497076034546, "step": 10000}
{"episode_reward": 464.0, "episode": 41.0, "batch_reward": 0.4878125, "critic_loss": 18.226488290786744, "actor_loss": -17.056674407958983, "alpha_loss": -0.0009601603196933865, "alpha_value": 0.06647530144453048, "duration": 90.28972339630127, "step": 10250}
{"episode_reward": 110.0, "episode": 42.0, "batch_reward": 0.47190625, "critic_loss": 19.773442667007448, "actor_loss": -18.034797775268554, "alpha_loss": -0.012459476228803397, "alpha_value": 0.06649861723184586, "duration": 74.9966869354248, "step": 10500}
{"episode_reward": 20.0, "episode": 43.0, "batch_reward": 0.45625, "critic_loss": 21.55008140563965, "actor_loss": -19.439769607543944, "alpha_loss": -0.01780536437779665, "alpha_value": 0.06666239947080613, "duration": 74.84430527687073, "step": 10750}
{"episode_reward": 39.0, "episode": 44.0, "batch_reward": 0.45946875, "critic_loss": 19.05086198425293, "actor_loss": -20.367692634582518, "alpha_loss": -0.013986726742237806, "alpha_value": 0.06680953478813172, "duration": 75.0269079208374, "step": 11000}
{"episode_reward": 0.0, "episode": 45.0, "batch_reward": 0.4481875, "critic_loss": 20.801468513488768, "actor_loss": -21.366243423461913, "alpha_loss": -0.016178324120119214, "alpha_value": 0.06695779949426652, "duration": 75.19150829315186, "step": 11250}
{"episode_reward": 94.0, "episode": 46.0, "batch_reward": 0.44346875, "critic_loss": 23.599416316986083, "actor_loss": -23.026376708984376, "alpha_loss": -0.012654205981642007, "alpha_value": 0.0671119933128357, "duration": 74.97995328903198, "step": 11500}
{"episode_reward": 0.0, "episode": 47.0, "batch_reward": 0.4398125, "critic_loss": 24.37068754196167, "actor_loss": -23.821619003295897, "alpha_loss": -0.014896038338541985, "alpha_value": 0.06723706406354904, "duration": 75.45069003105164, "step": 11750}
{"episode_reward": 302.0, "episode": 48.0, "batch_reward": 0.47409375, "critic_loss": 25.280430492401123, "actor_loss": -25.077765380859375, "alpha_loss": -0.01744816108234227, "alpha_value": 0.06743318754434585, "duration": 74.84080934524536, "step": 12000}
{"episode_reward": 540.0, "episode": 49.0, "batch_reward": 0.46984375, "critic_loss": 26.315198070526122, "actor_loss": -25.970958953857423, "alpha_loss": -0.0202341362927109, "alpha_value": 0.06767107087373733, "duration": 75.29528522491455, "step": 12250}
{"episode_reward": 10.0, "episode": 50.0, "batch_reward": 0.4845, "critic_loss": 26.552135673522947, "actor_loss": -27.449019912719727, "alpha_loss": -0.017102818477898837, "alpha_value": 0.06792526936531067, "duration": 75.06334185600281, "step": 12500}
{"episode_reward": 26.0, "episode": 51.0, "batch_reward": 0.45646875, "critic_loss": 26.61121992111206, "actor_loss": -28.59238787841797, "alpha_loss": -0.008425064688548445, "alpha_value": 0.0681120138168335, "duration": 75.2293906211853, "step": 12750}
{"episode_reward": 50.0, "episode": 52.0, "batch_reward": 0.45778125, "critic_loss": 27.75518395614624, "actor_loss": -29.055405654907226, "alpha_loss": -0.007072269381955266, "alpha_value": 0.06820689707994461, "duration": 75.80115151405334, "step": 13000}
{"episode_reward": 17.0, "episode": 53.0, "batch_reward": 0.45959375, "critic_loss": 27.514696144104004, "actor_loss": -30.426800903320313, "alpha_loss": -0.00650535577815026, "alpha_value": 0.06833614587783814, "duration": 75.73234701156616, "step": 13250}
{"episode_reward": 14.0, "episode": 54.0, "batch_reward": 0.454625, "critic_loss": 30.41289232635498, "actor_loss": -31.628523071289063, "alpha_loss": 0.0018937767539173366, "alpha_value": 0.06834989959001542, "duration": 75.60739254951477, "step": 13500}
{"episode_reward": 343.0, "episode": 55.0, "batch_reward": 0.46871875, "critic_loss": 38.97342337799072, "actor_loss": -32.74185202026367, "alpha_loss": -0.009484788334928452, "alpha_value": 0.06839830505847931, "duration": 75.31271076202393, "step": 13750}
{"episode_reward": 376.0, "episode": 56.0, "batch_reward": 0.4823125, "critic_loss": 34.07752222442627, "actor_loss": -34.47354927062988, "alpha_loss": -0.009379821549169718, "alpha_value": 0.06857167482376099, "duration": 74.93952441215515, "step": 14000}
{"episode_reward": 0.0, "episode": 57.0, "batch_reward": 0.46775, "critic_loss": 29.642054069519045, "actor_loss": -34.71197799682617, "alpha_loss": -0.009382420612499118, "alpha_value": 0.06880488020181656, "duration": 75.27768278121948, "step": 14250}
{"episode_reward": 9.0, "episode": 58.0, "batch_reward": 0.4846875, "critic_loss": 28.548339786529542, "actor_loss": -35.52011808776855, "alpha_loss": -0.007468425494618714, "alpha_value": 0.06897138506174087, "duration": 75.10907244682312, "step": 14500}
{"episode_reward": 714.0, "episode": 59.0, "batch_reward": 0.5128125, "critic_loss": 32.3468518409729, "actor_loss": -38.81389251708984, "alpha_loss": -0.0028547300472855567, "alpha_value": 0.06908038121461868, "duration": 75.05871868133545, "step": 14750}
{"episode_reward": 151.0, "episode": 60.0, "batch_reward": 0.53553125, "critic_loss": 28.42224102783203, "actor_loss": -41.52218606567383, "alpha_loss": -0.00043633868638426066, "alpha_value": 0.0691157311797142, "duration": 75.1923496723175, "step": 15000}
{"episode_reward": 954.0, "episode": 61.0, "batch_reward": 0.557, "critic_loss": 28.557884716033936, "actor_loss": -42.67767681884766, "alpha_loss": -0.0058299462012946605, "alpha_value": 0.06916839092969894, "duration": 74.99932622909546, "step": 15250}
{"episode_reward": 7.0, "episode": 62.0, "batch_reward": 0.557375, "critic_loss": 30.696068710327147, "actor_loss": -43.538705017089846, "alpha_loss": -0.010463832445442677, "alpha_value": 0.0693890322446823, "duration": 75.6789162158966, "step": 15500}
{"episode_reward": 26.0, "episode": 63.0, "batch_reward": 0.5630625, "critic_loss": 30.77681819534302, "actor_loss": -44.358792755126956, "alpha_loss": -0.009927225322462619, "alpha_value": 0.06969737845659256, "duration": 76.38099813461304, "step": 15750}
{"episode_reward": 594.0, "episode": 64.0, "batch_reward": 0.58059375, "critic_loss": 29.279770820617674, "actor_loss": -45.571750244140624, "alpha_loss": -0.011137826988473534, "alpha_value": 0.06997034537792206, "duration": 81.60435581207275, "step": 16000}
{"episode_reward": 0.0, "episode": 65.0, "batch_reward": 0.56596875, "critic_loss": 29.20230894470215, "actor_loss": -46.017318878173825, "alpha_loss": -0.0025382023975253107, "alpha_value": 0.07015408951044083, "duration": 88.86983466148376, "step": 16250}
{"episode_reward": 23.0, "episode": 66.0, "batch_reward": 0.600375, "critic_loss": 29.185799999237062, "actor_loss": -48.07071347045898, "alpha_loss": -0.005526836577802897, "alpha_value": 0.07027351313829422, "duration": 88.58809518814087, "step": 16500}
{"episode_reward": 688.0, "episode": 67.0, "batch_reward": 0.61228125, "critic_loss": 27.584133781433106, "actor_loss": -49.35673931884766, "alpha_loss": -0.002524872017093003, "alpha_value": 0.07032836234569549, "duration": 89.26203775405884, "step": 16750}
{"episode_reward": 919.0, "episode": 68.0, "batch_reward": 0.62859375, "critic_loss": 27.01832241439819, "actor_loss": -51.20179461669922, "alpha_loss": -0.004794033002108336, "alpha_value": 0.07052287840843201, "duration": 88.5666561126709, "step": 17000}
{"episode_reward": 6.0, "episode": 69.0, "batch_reward": 0.62371875, "critic_loss": 26.362879508972167, "actor_loss": -52.522889862060545, "alpha_loss": -0.0006482054106891155, "alpha_value": 0.07058834058046341, "duration": 88.94551992416382, "step": 17250}
{"episode_reward": 32.0, "episode": 70.0, "batch_reward": 0.65134375, "critic_loss": 26.487844352722167, "actor_loss": -54.364696899414064, "alpha_loss": -0.0038710265439003706, "alpha_value": 0.07066013443470001, "duration": 88.9553337097168, "step": 17500}
{"episode_reward": 973.0, "episode": 71.0, "batch_reward": 0.70584375, "critic_loss": 28.06574868774414, "actor_loss": -56.96753042602539, "alpha_loss": 0.0037629648013971745, "alpha_value": 0.07068194162845612, "duration": 88.59868955612183, "step": 17750}
{"episode_reward": 988.0, "episode": 72.0, "batch_reward": 0.713875, "critic_loss": 25.755833820343017, "actor_loss": -58.09889715576172, "alpha_loss": 0.007355112303979695, "alpha_value": 0.07050088965892792, "duration": 89.31320667266846, "step": 18000}
{"episode_reward": 0.0, "episode": 73.0, "batch_reward": 0.7026875, "critic_loss": 25.382065799713136, "actor_loss": -59.62362878417969, "alpha_loss": 0.007152999861165881, "alpha_value": 0.0701937884092331, "duration": 89.09921908378601, "step": 18250}
{"episode_reward": 25.0, "episode": 74.0, "batch_reward": 0.706375, "critic_loss": 24.79692247772217, "actor_loss": -60.07045193481445, "alpha_loss": 0.010952729681506753, "alpha_value": 0.06985510134696961, "duration": 88.58400440216064, "step": 18500}
{"episode_reward": 99.0, "episode": 75.0, "batch_reward": 0.68203125, "critic_loss": 27.421391300201417, "actor_loss": -61.07842965698242, "alpha_loss": 0.01167754090577364, "alpha_value": 0.06936105144023895, "duration": 88.71240186691284, "step": 18750}
{"episode_reward": 0.0, "episode": 76.0, "batch_reward": 0.6728125, "critic_loss": 31.1638137550354, "actor_loss": -63.032308776855466, "alpha_loss": 0.0029527437826618553, "alpha_value": 0.06902411299943924, "duration": 89.63386869430542, "step": 19000}
{"episode_reward": 0.0, "episode": 77.0, "batch_reward": 0.6858125, "critic_loss": 32.02322742080688, "actor_loss": -63.488468353271486, "alpha_loss": -0.0020880924127995967, "alpha_value": 0.06901625049114227, "duration": 88.56126618385315, "step": 19250}
{"episode_reward": 240.0, "episode": 78.0, "batch_reward": 0.674625, "critic_loss": 29.577340412139893, "actor_loss": -64.09393563842774, "alpha_loss": -0.0047464969316497446, "alpha_value": 0.06921773517131806, "duration": 88.28796696662903, "step": 19500}
{"episode_reward": 0.0, "episode": 79.0, "batch_reward": 0.678375, "critic_loss": 27.521981845855713, "actor_loss": -65.38675329589844, "alpha_loss": -0.0019397878460586072, "alpha_value": 0.06936405217647552, "duration": 89.3008942604065, "step": 19750}
{"episode_reward": 0.0, "episode": 80.0, "batch_reward": 0.646, "critic_loss": 27.853444442749023, "actor_loss": -64.44752383422852, "alpha_loss": -0.00020723081938922404, "alpha_value": 0.06943262189626694, "duration": 89.17940998077393, "step": 20000}
{"episode_reward": 0.0, "episode": 81.0, "batch_reward": 0.65034375, "critic_loss": 29.05285718536377, "actor_loss": -65.88130517578125, "alpha_loss": 0.0011824563080444933, "alpha_value": 0.06937418735027313, "duration": 103.39800024032593, "step": 20250}
{"episode_reward": 88.0, "episode": 82.0, "batch_reward": 0.6619375, "critic_loss": 34.45058275222778, "actor_loss": -67.51777389526367, "alpha_loss": -0.00023897571489214897, "alpha_value": 0.06939431983232498, "duration": 88.59841418266296, "step": 20500}
{"episode_reward": 954.0, "episode": 83.0, "batch_reward": 0.7121875, "critic_loss": 32.80148090362549, "actor_loss": -70.32948626708985, "alpha_loss": 0.0005012603644281626, "alpha_value": 0.06927484422922134, "duration": 88.44729113578796, "step": 20750}
{"episode_reward": 952.0, "episode": 84.0, "batch_reward": 0.7370625, "critic_loss": 32.460068408966066, "actor_loss": -72.22628665161133, "alpha_loss": -0.0006910354001447559, "alpha_value": 0.06940349185466767, "duration": 88.79669380187988, "step": 21000}
{"episode_reward": 171.0, "episode": 85.0, "batch_reward": 0.74096875, "critic_loss": 30.630194702148437, "actor_loss": -73.88339556884766, "alpha_loss": 0.003207705656066537, "alpha_value": 0.06931996017694474, "duration": 88.32618308067322, "step": 21250}
{"episode_reward": 0.0, "episode": 86.0, "batch_reward": 0.7313125, "critic_loss": 30.53085298156738, "actor_loss": -74.78069305419922, "alpha_loss": 0.0038626350928097964, "alpha_value": 0.06912438279390334, "duration": 89.83271050453186, "step": 21500}
{"episode_reward": 92.0, "episode": 87.0, "batch_reward": 0.712375, "critic_loss": 31.116330936431886, "actor_loss": -74.44809310913087, "alpha_loss": 9.303442388772965e-05, "alpha_value": 0.06903566616773606, "duration": 88.90010619163513, "step": 21750}
{"episode_reward": 37.0, "episode": 88.0, "batch_reward": 0.71409375, "critic_loss": 30.682470722198488, "actor_loss": -73.92510424804688, "alpha_loss": 0.0023489906806498768, "alpha_value": 0.06894490528106689, "duration": 89.90747714042664, "step": 22000}
{"episode_reward": 240.0, "episode": 89.0, "batch_reward": 0.71121875, "critic_loss": 31.189576221466066, "actor_loss": -76.4376005859375, "alpha_loss": 0.004005486858077347, "alpha_value": 0.06886867922544479, "duration": 89.04688763618469, "step": 22250}
{"episode_reward": 47.0, "episode": 90.0, "batch_reward": 0.706, "critic_loss": 32.002510845184325, "actor_loss": -76.33393203735352, "alpha_loss": 0.005916056951507926, "alpha_value": 0.06854602128267288, "duration": 89.38764715194702, "step": 22500}
{"episode_reward": 11.0, "episode": 91.0, "batch_reward": 0.68778125, "critic_loss": 30.94843235015869, "actor_loss": -75.761109375, "alpha_loss": -0.0019273043405264615, "alpha_value": 0.06843117779493332, "duration": 89.78824019432068, "step": 22750}
{"episode_reward": 49.0, "episode": 92.0, "batch_reward": 0.69734375, "critic_loss": 31.103539501190184, "actor_loss": -76.42526937866211, "alpha_loss": 0.00010378373041749, "alpha_value": 0.06846081727743149, "duration": 89.7446641921997, "step": 23000}
{"episode_reward": 278.0, "episode": 93.0, "batch_reward": 0.71621875, "critic_loss": 31.22884804534912, "actor_loss": -78.44461053466797, "alpha_loss": -0.0024086607489734887, "alpha_value": 0.0685811812877655, "duration": 89.88854479789734, "step": 23250}
{"episode_reward": 699.0, "episode": 94.0, "batch_reward": 0.71565625, "critic_loss": 33.094513351440426, "actor_loss": -78.31774291992187, "alpha_loss": -0.005840458924882114, "alpha_value": 0.06876250332593918, "duration": 89.49858593940735, "step": 23500}
{"episode_reward": 21.0, "episode": 95.0, "batch_reward": 0.7181875, "critic_loss": 32.91678591537475, "actor_loss": -79.76170809936524, "alpha_loss": -0.0007889673393219709, "alpha_value": 0.06890886580944061, "duration": 89.8389675617218, "step": 23750}
{"episode_reward": 341.0, "episode": 96.0, "batch_reward": 0.72321875, "critic_loss": 36.276925746917726, "actor_loss": -81.41230444335937, "alpha_loss": -0.004126391720026732, "alpha_value": 0.06905314159393311, "duration": 90.0314314365387, "step": 24000}
{"episode_reward": 724.0, "episode": 97.0, "batch_reward": 0.74825, "critic_loss": 31.107612174987793, "actor_loss": -82.6778217163086, "alpha_loss": -0.0038923515658825635, "alpha_value": 0.06922438490390778, "duration": 89.7078914642334, "step": 24250}
{"episode_reward": 393.0, "episode": 98.0, "batch_reward": 0.75934375, "critic_loss": 34.01102568817139, "actor_loss": -83.35189056396484, "alpha_loss": -0.004444139893166721, "alpha_value": 0.06947940981388093, "duration": 89.690110206604, "step": 24500}
{"episode_reward": 177.0, "episode": 99.0, "batch_reward": 0.73578125, "critic_loss": 32.30576466369629, "actor_loss": -83.60462829589844, "alpha_loss": -0.0002615633960813284, "alpha_value": 0.06968037098646164, "duration": 89.98631811141968, "step": 24750}
{"episode_reward": 86.0, "episode": 100.0, "batch_reward": 0.74003125, "critic_loss": 30.855080696105958, "actor_loss": -85.08188598632813, "alpha_loss": -0.003000061120837927, "alpha_value": 0.06972854137420655, "duration": 89.03419780731201, "step": 25000}
{"episode_reward": 0.0, "episode": 101.0, "batch_reward": 0.7365625, "critic_loss": 28.473670207977296, "actor_loss": -84.7506064453125, "alpha_loss": 0.0005701071657240391, "alpha_value": 0.06986105054616928, "duration": 88.87008595466614, "step": 25250}
{"episode_reward": 10.0, "episode": 102.0, "batch_reward": 0.74459375, "critic_loss": 29.428019470214842, "actor_loss": -85.19315570068359, "alpha_loss": 0.0015038073211908341, "alpha_value": 0.06973891252279282, "duration": 88.94027209281921, "step": 25500}
{"episode_reward": 389.0, "episode": 103.0, "batch_reward": 0.73890625, "critic_loss": 72.03037243652344, "actor_loss": -85.08179431152344, "alpha_loss": 0.007629201519303024, "alpha_value": 0.06948307222127914, "duration": 89.04707407951355, "step": 25750}
{"episode_reward": 261.0, "episode": 104.0, "batch_reward": 0.73859375, "critic_loss": 113.93773705291748, "actor_loss": -86.61523388671876, "alpha_loss": 0.005263565426692367, "alpha_value": 0.06914593237638474, "duration": 88.93048095703125, "step": 26000}
{"episode_reward": 16.0, "episode": 105.0, "batch_reward": 0.7243125, "critic_loss": 81.5015115737915, "actor_loss": -86.57633197021484, "alpha_loss": 0.005462289212271571, "alpha_value": 0.06895985364913941, "duration": 88.99299430847168, "step": 26250}
{"episode_reward": 92.0, "episode": 106.0, "batch_reward": 0.73009375, "critic_loss": 79.3171969833374, "actor_loss": -87.13862426757812, "alpha_loss": 0.020704276986420155, "alpha_value": 0.06817843818664551, "duration": 89.60542678833008, "step": 26500}
{"episode_reward": 109.0, "episode": 107.0, "batch_reward": 0.72409375, "critic_loss": 68.62620873260498, "actor_loss": -86.42187707519531, "alpha_loss": 0.00832180848531425, "alpha_value": 0.06743692129850387, "duration": 90.01457190513611, "step": 26750}
{"episode_reward": 0.0, "episode": 108.0, "batch_reward": 0.71246875, "critic_loss": 58.148134986877444, "actor_loss": -86.7489091796875, "alpha_loss": 0.00829732332751155, "alpha_value": 0.06705732202529907, "duration": 89.62828230857849, "step": 27000}
{"episode_reward": 4.0, "episode": 109.0, "batch_reward": 0.71609375, "critic_loss": 44.13921083068848, "actor_loss": -87.47658392333985, "alpha_loss": 0.010176444999873639, "alpha_value": 0.06665952223539352, "duration": 90.09147429466248, "step": 27250}
{"episode_reward": 18.0, "episode": 110.0, "batch_reward": 0.724875, "critic_loss": 40.65033076477051, "actor_loss": -87.411615234375, "alpha_loss": 0.01500246067903936, "alpha_value": 0.06608831584453582, "duration": 89.62203931808472, "step": 27500}
{"episode_reward": 8.0, "episode": 111.0, "batch_reward": 0.7013125, "critic_loss": 50.75868958282471, "actor_loss": -89.07125921630859, "alpha_loss": 0.011907537173479796, "alpha_value": 0.06541547667980194, "duration": 89.9070086479187, "step": 27750}
{"episode_reward": 0.0, "episode": 112.0, "batch_reward": 0.69428125, "critic_loss": 40.72350463104248, "actor_loss": -89.59828247070313, "alpha_loss": 0.009422241799533368, "alpha_value": 0.06492001235485077, "duration": 90.1692464351654, "step": 28000}
{"episode_reward": 2.0, "episode": 113.0, "batch_reward": 0.6875625, "critic_loss": 36.48223659515381, "actor_loss": -90.26825933837891, "alpha_loss": 0.005069457395933568, "alpha_value": 0.06462696027755738, "duration": 90.17350792884827, "step": 28250}
{"episode_reward": 247.0, "episode": 114.0, "batch_reward": 0.6959375, "critic_loss": 35.897390739440915, "actor_loss": -90.07305505371093, "alpha_loss": 0.004479367913212627, "alpha_value": 0.06440479981899261, "duration": 90.66264390945435, "step": 28500}
{"episode_reward": 348.0, "episode": 115.0, "batch_reward": 0.68828125, "critic_loss": 35.42208274841309, "actor_loss": -89.51205151367188, "alpha_loss": -0.003167768884450197, "alpha_value": 0.06438880640268325, "duration": 89.64997744560242, "step": 28750}
{"episode_reward": 135.0, "episode": 116.0, "batch_reward": 0.70325, "critic_loss": 36.5334790725708, "actor_loss": -91.05070147705078, "alpha_loss": -0.0032591002099215984, "alpha_value": 0.06456212216615677, "duration": 89.56893730163574, "step": 29000}
{"episode_reward": 20.0, "episode": 117.0, "batch_reward": 0.68453125, "critic_loss": 39.25100213623047, "actor_loss": -91.38308782958984, "alpha_loss": -0.0061586219305172565, "alpha_value": 0.06479217952489853, "duration": 89.55509638786316, "step": 29250}
{"episode_reward": 28.0, "episode": 118.0, "batch_reward": 0.712625, "critic_loss": 39.728339851379395, "actor_loss": -92.89892077636719, "alpha_loss": -0.005777359782718122, "alpha_value": 0.06502323144674302, "duration": 89.63255572319031, "step": 29500}
{"episode_reward": 745.0, "episode": 119.0, "batch_reward": 0.705, "critic_loss": 41.91604514312744, "actor_loss": -92.51235070800782, "alpha_loss": -0.005788574129343033, "alpha_value": 0.06537788581848145, "duration": 89.69885325431824, "step": 29750}
{"episode_reward": 0.0, "episode": 120.0, "batch_reward": 0.69590625, "critic_loss": 38.2914702835083, "actor_loss": -92.34080523681641, "alpha_loss": -0.008504222389310598, "alpha_value": 0.06568611150979996, "duration": 89.08995175361633, "step": 30000}
{"episode_reward": 0.0, "episode": 121.0, "batch_reward": 0.69471875, "critic_loss": 47.06943653106689, "actor_loss": -94.43626593017578, "alpha_loss": -0.003532529861666262, "alpha_value": 0.06601179349422455, "duration": 105.37451577186584, "step": 30250}
{"episode_reward": 269.0, "episode": 122.0, "batch_reward": 0.70515625, "critic_loss": 42.34198268890381, "actor_loss": -94.07118688964843, "alpha_loss": -0.008782246282324196, "alpha_value": 0.06624022454023361, "duration": 90.37151026725769, "step": 30500}
{"episode_reward": 828.0, "episode": 123.0, "batch_reward": 0.71740625, "critic_loss": 36.19679008483887, "actor_loss": -94.93418786621093, "alpha_loss": -0.014761876514181494, "alpha_value": 0.06695161575078964, "duration": 89.38621997833252, "step": 30750}
{"episode_reward": 156.0, "episode": 124.0, "batch_reward": 0.717375, "critic_loss": 39.00848571777344, "actor_loss": -95.20329193115235, "alpha_loss": -0.008625858711078764, "alpha_value": 0.06751649433374404, "duration": 89.58124613761902, "step": 31000}
{"episode_reward": 510.0, "episode": 125.0, "batch_reward": 0.72353125, "critic_loss": 38.03950695037842, "actor_loss": -96.46373626708984, "alpha_loss": -0.010194937413558364, "alpha_value": 0.06793181300163269, "duration": 90.48018503189087, "step": 31250}
{"episode_reward": 121.0, "episode": 126.0, "batch_reward": 0.7136875, "critic_loss": 35.972836364746094, "actor_loss": -97.71051318359375, "alpha_loss": -0.012541533977724612, "alpha_value": 0.06849681192636489, "duration": 90.46701455116272, "step": 31500}
{"episode_reward": 217.0, "episode": 127.0, "batch_reward": 0.7399375, "critic_loss": 36.28957373428345, "actor_loss": -97.79667999267578, "alpha_loss": -0.012829185435548425, "alpha_value": 0.06913259851932525, "duration": 90.32004475593567, "step": 31750}
{"episode_reward": 45.0, "episode": 128.0, "batch_reward": 0.72359375, "critic_loss": 36.469298751831055, "actor_loss": -98.64369586181641, "alpha_loss": -0.0071667985543608665, "alpha_value": 0.06961503618955613, "duration": 89.68006992340088, "step": 32000}
{"episode_reward": 0.0, "episode": 129.0, "batch_reward": 0.71040625, "critic_loss": 37.68169351196289, "actor_loss": -99.4304365234375, "alpha_loss": -0.0063903719065710905, "alpha_value": 0.06996405595541, "duration": 90.08835673332214, "step": 32250}
{"episode_reward": 0.0, "episode": 130.0, "batch_reward": 0.73078125, "critic_loss": 43.40754642486572, "actor_loss": -100.36471533203125, "alpha_loss": -0.014244888246059418, "alpha_value": 0.07042267417907715, "duration": 89.7424840927124, "step": 32500}
{"episode_reward": 826.0, "episode": 131.0, "batch_reward": 0.74253125, "critic_loss": 44.659123725891114, "actor_loss": -101.2956860961914, "alpha_loss": -0.0095891765486449, "alpha_value": 0.0711472869515419, "duration": 89.46827530860901, "step": 32750}
{"episode_reward": 768.0, "episode": 132.0, "batch_reward": 0.77328125, "critic_loss": 42.46550478363037, "actor_loss": -103.81490594482422, "alpha_loss": -0.013069565611891449, "alpha_value": 0.07161158710718155, "duration": 89.27741074562073, "step": 33000}
{"episode_reward": 961.0, "episode": 133.0, "batch_reward": 0.770875, "critic_loss": 35.74033871459961, "actor_loss": -104.23229113769531, "alpha_loss": -0.01353944443538785, "alpha_value": 0.07221936058998107, "duration": 89.65876269340515, "step": 33250}
{"episode_reward": 11.0, "episode": 134.0, "batch_reward": 0.76540625, "critic_loss": 36.45236695098877, "actor_loss": -105.15974725341798, "alpha_loss": -0.01105749126151204, "alpha_value": 0.07287716007232665, "duration": 90.39046311378479, "step": 33500}
{"episode_reward": 144.0, "episode": 135.0, "batch_reward": 0.7600625, "critic_loss": 37.25403200531006, "actor_loss": -104.45897412109375, "alpha_loss": -0.012967884942889214, "alpha_value": 0.07345330065488816, "duration": 90.63705325126648, "step": 33750}
{"episode_reward": 0.0, "episode": 136.0, "batch_reward": 0.7665, "critic_loss": 34.18245063781738, "actor_loss": -105.76480108642578, "alpha_loss": -0.011190387284383178, "alpha_value": 0.07407424223423004, "duration": 90.48873496055603, "step": 34000}
{"episode_reward": 960.0, "episode": 137.0, "batch_reward": 0.785875, "critic_loss": 38.38214967346192, "actor_loss": -105.72696435546875, "alpha_loss": -0.005151270179077983, "alpha_value": 0.07441347777843475, "duration": 89.95870995521545, "step": 34250}
{"episode_reward": 314.0, "episode": 138.0, "batch_reward": 0.8039375, "critic_loss": 37.00256519317627, "actor_loss": -109.70478826904296, "alpha_loss": -0.007054649171419442, "alpha_value": 0.07470476180315018, "duration": 89.52573990821838, "step": 34500}
{"episode_reward": 956.0, "episode": 139.0, "batch_reward": 0.81596875, "critic_loss": 35.58680672454834, "actor_loss": -110.06040753173828, "alpha_loss": -0.00812178848683834, "alpha_value": 0.07510473167896271, "duration": 89.57078862190247, "step": 34750}
{"episode_reward": 91.0, "episode": 140.0, "batch_reward": 0.79284375, "critic_loss": 39.78518424224853, "actor_loss": -110.55313861083984, "alpha_loss": -0.004042329359799623, "alpha_value": 0.07546558570861817, "duration": 89.86719751358032, "step": 35000}
{"episode_reward": 145.0, "episode": 141.0, "batch_reward": 0.7958125, "critic_loss": 36.840164428710935, "actor_loss": -110.79076171875, "alpha_loss": -0.00045074642263352873, "alpha_value": 0.07559983319044113, "duration": 89.65201330184937, "step": 35250}
{"episode_reward": 183.0, "episode": 142.0, "batch_reward": 0.7966875, "critic_loss": 44.0456180267334, "actor_loss": -110.42149591064454, "alpha_loss": -0.0038458892107009887, "alpha_value": 0.07572478836774826, "duration": 89.64933156967163, "step": 35500}
{"episode_reward": 194.0, "episode": 143.0, "batch_reward": 0.7858125, "critic_loss": 98.4415815963745, "actor_loss": -111.69848803710937, "alpha_loss": 0.00051959961745888, "alpha_value": 0.07573104870319367, "duration": 90.17198157310486, "step": 35750}
{"episode_reward": 196.0, "episode": 144.0, "batch_reward": 0.79971875, "critic_loss": 93.819629737854, "actor_loss": -110.65775720214843, "alpha_loss": -0.012745238924399018, "alpha_value": 0.076039919257164, "duration": 89.74777436256409, "step": 36000}
{"episode_reward": 7.0, "episode": 145.0, "batch_reward": 0.8024375, "critic_loss": 73.39209007263183, "actor_loss": -111.71592608642578, "alpha_loss": -0.010729903414845466, "alpha_value": 0.07669979959726334, "duration": 89.38324689865112, "step": 36250}
{"episode_reward": 629.0, "episode": 146.0, "batch_reward": 0.793125, "critic_loss": 48.24254196166992, "actor_loss": -110.19163256835938, "alpha_loss": 0.002739479986950755, "alpha_value": 0.07691653621196747, "duration": 89.31299448013306, "step": 36500}
{"episode_reward": 12.0, "episode": 147.0, "batch_reward": 0.804, "critic_loss": 43.78153137969971, "actor_loss": -112.43518670654296, "alpha_loss": 0.012166582832112909, "alpha_value": 0.07650355494022369, "duration": 89.65433239936829, "step": 36750}
{"episode_reward": 18.0, "episode": 148.0, "batch_reward": 0.803125, "critic_loss": 44.70893732452392, "actor_loss": -112.05878802490234, "alpha_loss": 0.014412072638049722, "alpha_value": 0.07580835843086242, "duration": 89.40432167053223, "step": 37000}
{"episode_reward": 6.0, "episode": 149.0, "batch_reward": 0.79096875, "critic_loss": 47.700362586975096, "actor_loss": -113.03958154296875, "alpha_loss": 0.00990597902238369, "alpha_value": 0.0751271241903305, "duration": 89.68237566947937, "step": 37250}
{"episode_reward": 4.0, "episode": 150.0, "batch_reward": 0.77934375, "critic_loss": 50.40627188873291, "actor_loss": -113.73392218017578, "alpha_loss": 0.006180909315124154, "alpha_value": 0.07478630071878434, "duration": 89.42640972137451, "step": 37500}
{"episode_reward": 61.0, "episode": 151.0, "batch_reward": 0.77775, "critic_loss": 42.81317868804932, "actor_loss": -114.90590032958984, "alpha_loss": 0.010526217961683869, "alpha_value": 0.07440635359287262, "duration": 90.02181196212769, "step": 37750}
{"episode_reward": 1.0, "episode": 152.0, "batch_reward": 0.791125, "critic_loss": 39.790536895751956, "actor_loss": -115.54480102539063, "alpha_loss": 0.0025525950156152248, "alpha_value": 0.07409974950551987, "duration": 89.45108318328857, "step": 38000}
{"episode_reward": 975.0, "episode": 153.0, "batch_reward": 0.7910625, "critic_loss": 38.23372492218017, "actor_loss": -116.37406109619141, "alpha_loss": 0.008303727691993118, "alpha_value": 0.07380987077951431, "duration": 89.5064046382904, "step": 38250}
{"episode_reward": 195.0, "episode": 154.0, "batch_reward": 0.7995625, "critic_loss": 38.74185691833496, "actor_loss": -114.99924548339844, "alpha_loss": 0.006889025755226612, "alpha_value": 0.07336759114265443, "duration": 89.83139395713806, "step": 38500}
{"episode_reward": 0.0, "episode": 155.0, "batch_reward": 0.81221875, "critic_loss": 42.16562804412842, "actor_loss": -116.0622900390625, "alpha_loss": 0.010798337780870497, "alpha_value": 0.07290708458423614, "duration": 89.4700837135315, "step": 38750}
{"episode_reward": 72.0, "episode": 156.0, "batch_reward": 0.80121875, "critic_loss": 43.200406692504885, "actor_loss": -116.30903430175782, "alpha_loss": 0.009148095625452697, "alpha_value": 0.07241090518236161, "duration": 89.41524410247803, "step": 39000}
{"episode_reward": 7.0, "episode": 157.0, "batch_reward": 0.796625, "critic_loss": 39.511818733215335, "actor_loss": -116.89066815185546, "alpha_loss": 0.005119889645837247, "alpha_value": 0.07202903693914413, "duration": 90.64368391036987, "step": 39250}
{"episode_reward": 203.0, "episode": 158.0, "batch_reward": 0.80278125, "critic_loss": 40.451197784423826, "actor_loss": -116.25660369873047, "alpha_loss": 0.009771886080503464, "alpha_value": 0.0716961430311203, "duration": 90.43131971359253, "step": 39500}
{"episode_reward": 962.0, "episode": 159.0, "batch_reward": 0.80778125, "critic_loss": 43.84089893341064, "actor_loss": -116.72357794189453, "alpha_loss": 0.009881360502913595, "alpha_value": 0.07114538216590881, "duration": 90.59479260444641, "step": 39750}
{"episode_reward": 206.0, "episode": 160.0, "batch_reward": 0.79184375, "critic_loss": 43.307778686523434, "actor_loss": -115.83506091308594, "alpha_loss": 0.004204400987364351, "alpha_value": 0.07081956350803376, "duration": 90.51328134536743, "step": 40000}
{"episode_reward": 49.0, "episode": 161.0, "batch_reward": 0.81009375, "critic_loss": 42.052595695495604, "actor_loss": -118.03872161865235, "alpha_loss": 0.005209487611427904, "alpha_value": 0.07053719305992126, "duration": 104.80919218063354, "step": 40250}
{"episode_reward": 261.0, "episode": 162.0, "batch_reward": 0.8308125, "critic_loss": 39.69127610015869, "actor_loss": -119.59178887939453, "alpha_loss": 0.0009848058708012105, "alpha_value": 0.07042090302705764, "duration": 90.26129484176636, "step": 40500}
{"episode_reward": 992.0, "episode": 163.0, "batch_reward": 0.8438125, "critic_loss": 42.62681367492676, "actor_loss": -119.77664642333984, "alpha_loss": 0.00302098005823791, "alpha_value": 0.0702592995762825, "duration": 90.22499895095825, "step": 40750}
{"episode_reward": 213.0, "episode": 164.0, "batch_reward": 0.83934375, "critic_loss": 42.452397277832034, "actor_loss": -118.31038708496094, "alpha_loss": -0.00028165715746581555, "alpha_value": 0.07017536759376526, "duration": 89.78111958503723, "step": 41000}
{"episode_reward": 0.0, "episode": 165.0, "batch_reward": 0.82065625, "critic_loss": 42.651138542175296, "actor_loss": -119.24940844726562, "alpha_loss": -0.0019100839383900167, "alpha_value": 0.0702891029715538, "duration": 89.94014358520508, "step": 41250}
{"episode_reward": 357.0, "episode": 166.0, "batch_reward": 0.82590625, "critic_loss": 49.263607025146484, "actor_loss": -120.4145269165039, "alpha_loss": -0.0034515652116388082, "alpha_value": 0.07037782001495362, "duration": 89.53867030143738, "step": 41500}
{"episode_reward": 51.0, "episode": 167.0, "batch_reward": 0.83515625, "critic_loss": 52.153087394714355, "actor_loss": -121.65405688476562, "alpha_loss": -0.009697143323719501, "alpha_value": 0.0707329438328743, "duration": 89.5989739894867, "step": 41750}
{"episode_reward": 991.0, "episode": 168.0, "batch_reward": 0.83875, "critic_loss": 90.75795602416993, "actor_loss": -123.60514868164063, "alpha_loss": -0.013867545483633876, "alpha_value": 0.07149644947052002, "duration": 89.80675053596497, "step": 42000}
{"episode_reward": 0.0, "episode": 169.0, "batch_reward": 0.819375, "critic_loss": 110.46358818817139, "actor_loss": -122.89397180175781, "alpha_loss": -0.003990579170174897, "alpha_value": 0.07192753851413727, "duration": 90.70131587982178, "step": 42250}
{"episode_reward": 241.0, "episode": 170.0, "batch_reward": 0.8314375, "critic_loss": 73.91747648620606, "actor_loss": -123.26170153808594, "alpha_loss": -0.014747962288558483, "alpha_value": 0.07252380418777465, "duration": 90.57114911079407, "step": 42500}
{"episode_reward": 830.0, "episode": 171.0, "batch_reward": 0.8595, "critic_loss": 68.29639218902588, "actor_loss": -124.99197454833984, "alpha_loss": -0.007268408226780593, "alpha_value": 0.073045769572258, "duration": 90.72399234771729, "step": 42750}
{"episode_reward": 676.0, "episode": 172.0, "batch_reward": 0.86903125, "critic_loss": 59.308457946777345, "actor_loss": -127.60175152587891, "alpha_loss": -0.01181090884283185, "alpha_value": 0.07350995188951492, "duration": 90.87626576423645, "step": 43000}
{"episode_reward": 0.0, "episode": 173.0, "batch_reward": 0.868, "critic_loss": 58.117694511413575, "actor_loss": -126.11801593017579, "alpha_loss": -0.012528215611353517, "alpha_value": 0.07414894443750382, "duration": 90.2634584903717, "step": 43250}
{"episode_reward": 92.0, "episode": 174.0, "batch_reward": 0.8569375, "critic_loss": 59.36496369934082, "actor_loss": -126.93444451904297, "alpha_loss": -0.01312559189647436, "alpha_value": 0.07487996232509612, "duration": 90.75733876228333, "step": 43500}
{"episode_reward": 74.0, "episode": 175.0, "batch_reward": 0.84371875, "critic_loss": 54.919243011474606, "actor_loss": -125.557376953125, "alpha_loss": -0.012783129096962512, "alpha_value": 0.07547333562374114, "duration": 90.6024603843689, "step": 43750}
{"episode_reward": 613.0, "episode": 176.0, "batch_reward": 0.866875, "critic_loss": 55.83374616241455, "actor_loss": -127.65022918701172, "alpha_loss": -0.017200365092605353, "alpha_value": 0.07618843728303909, "duration": 90.70371770858765, "step": 44000}
{"episode_reward": 974.0, "episode": 177.0, "batch_reward": 0.88509375, "critic_loss": 54.92750345611572, "actor_loss": -130.7998762207031, "alpha_loss": -0.02438054344803095, "alpha_value": 0.07725866395235062, "duration": 90.36805415153503, "step": 44250}
{"episode_reward": 0.0, "episode": 178.0, "batch_reward": 0.87659375, "critic_loss": 60.06838290405273, "actor_loss": -128.0503836669922, "alpha_loss": -0.016315475502982735, "alpha_value": 0.07821091443300247, "duration": 90.40701293945312, "step": 44500}
{"episode_reward": 148.0, "episode": 179.0, "batch_reward": 0.87678125, "critic_loss": 62.74987335968017, "actor_loss": -130.32894018554688, "alpha_loss": -0.015559922656975686, "alpha_value": 0.07896188074350358, "duration": 90.63731861114502, "step": 44750}
{"episode_reward": 623.0, "episode": 180.0, "batch_reward": 0.8725, "critic_loss": 67.34996154022217, "actor_loss": -131.4789539794922, "alpha_loss": -0.015429426268674433, "alpha_value": 0.07969456911087036, "duration": 90.55141091346741, "step": 45000}
{"episode_reward": 330.0, "episode": 181.0, "batch_reward": 0.893375, "critic_loss": 61.884990005493165, "actor_loss": -134.18318353271485, "alpha_loss": -0.008867875881493091, "alpha_value": 0.08026909095048905, "duration": 89.51327300071716, "step": 45250}
{"episode_reward": 0.0, "episode": 182.0, "batch_reward": 0.88371875, "critic_loss": 60.491383438110354, "actor_loss": -133.0233204345703, "alpha_loss": -0.005983256358653307, "alpha_value": 0.08056665289402008, "duration": 88.26594281196594, "step": 45500}
{"episode_reward": 130.0, "episode": 183.0, "batch_reward": 0.881875, "critic_loss": 65.48394184112549, "actor_loss": -131.91001989746093, "alpha_loss": -0.003594122951850295, "alpha_value": 0.08083430999517441, "duration": 88.68447399139404, "step": 45750}
{"episode_reward": 362.0, "episode": 184.0, "batch_reward": 0.8995625, "critic_loss": 58.699484481811524, "actor_loss": -132.67167797851562, "alpha_loss": 0.001794301605783403, "alpha_value": 0.08094833207130432, "duration": 88.54043531417847, "step": 46000}
{"episode_reward": 0.0, "episode": 185.0, "batch_reward": 0.87015625, "critic_loss": 55.179371597290036, "actor_loss": -131.93519329833984, "alpha_loss": 0.008010722476989031, "alpha_value": 0.08068676447868348, "duration": 88.53872895240784, "step": 46250}
{"episode_reward": 194.0, "episode": 186.0, "batch_reward": 0.86721875, "critic_loss": 54.69189949035645, "actor_loss": -132.93258416748046, "alpha_loss": 0.0032516532819718124, "alpha_value": 0.08035750949382782, "duration": 89.80759239196777, "step": 46500}
{"episode_reward": 419.0, "episode": 187.0, "batch_reward": 0.87728125, "critic_loss": 53.221015571594236, "actor_loss": -132.76145190429688, "alpha_loss": 0.0020339601803570986, "alpha_value": 0.08018416625261307, "duration": 89.76382756233215, "step": 46750}
{"episode_reward": 271.0, "episode": 188.0, "batch_reward": 0.887375, "critic_loss": 52.84638404083252, "actor_loss": -133.1942967529297, "alpha_loss": -0.006245377516373992, "alpha_value": 0.08025753331184388, "duration": 89.97383332252502, "step": 47000}
{"episode_reward": 93.0, "episode": 189.0, "batch_reward": 0.87590625, "critic_loss": 50.420435943603515, "actor_loss": -134.22654925537108, "alpha_loss": -0.005919730436056853, "alpha_value": 0.08070553594827652, "duration": 90.56315875053406, "step": 47250}
{"episode_reward": 347.0, "episode": 190.0, "batch_reward": 0.90153125, "critic_loss": 47.987841300964355, "actor_loss": -133.91501446533204, "alpha_loss": -0.004854018049314618, "alpha_value": 0.08097345197200775, "duration": 90.28050637245178, "step": 47500}
{"episode_reward": 912.0, "episode": 191.0, "batch_reward": 0.8879375, "critic_loss": 52.78805023956299, "actor_loss": -134.69653692626954, "alpha_loss": -0.0026162737980484963, "alpha_value": 0.08117389440536499, "duration": 90.05114221572876, "step": 47750}
{"episode_reward": 0.0, "episode": 192.0, "batch_reward": 0.8943125, "critic_loss": 53.56372576904297, "actor_loss": -136.42935791015626, "alpha_loss": -0.005563125894404948, "alpha_value": 0.08140641909837723, "duration": 89.77486968040466, "step": 48000}
{"episode_reward": 992.0, "episode": 193.0, "batch_reward": 0.90565625, "critic_loss": 48.29107906341553, "actor_loss": -135.57661639404296, "alpha_loss": -0.0027359282467514278, "alpha_value": 0.08162050610780716, "duration": 89.83767652511597, "step": 48250}
{"episode_reward": 19.0, "episode": 194.0, "batch_reward": 0.89590625, "critic_loss": 52.4896604385376, "actor_loss": -135.77636889648437, "alpha_loss": -0.0022435921113938095, "alpha_value": 0.08176843810081481, "duration": 89.60865879058838, "step": 48500}
{"episode_reward": 674.0, "episode": 195.0, "batch_reward": 0.9081875, "critic_loss": 50.29210665130615, "actor_loss": -136.19183068847656, "alpha_loss": -0.00507927674613893, "alpha_value": 0.08201523494720458, "duration": 89.99181532859802, "step": 48750}
{"episode_reward": 659.0, "episode": 196.0, "batch_reward": 0.91165625, "critic_loss": 51.165516288757324, "actor_loss": -138.46455419921875, "alpha_loss": 0.0027398287281394005, "alpha_value": 0.08205857050418854, "duration": 89.43775701522827, "step": 49000}
{"episode_reward": 81.0, "episode": 197.0, "batch_reward": 0.9289375, "critic_loss": 48.76687728881836, "actor_loss": -137.48042260742187, "alpha_loss": 0.0017674526236951351, "alpha_value": 0.08193405616283417, "duration": 89.76241278648376, "step": 49250}
{"episode_reward": 964.0, "episode": 198.0, "batch_reward": 0.94153125, "critic_loss": 52.342012084960935, "actor_loss": -139.24940814208983, "alpha_loss": -0.006023477101698518, "alpha_value": 0.08202244699001313, "duration": 89.98516464233398, "step": 49500}
{"episode_reward": 13.0, "episode": 199.0, "batch_reward": 0.92421875, "critic_loss": 51.33477088165283, "actor_loss": -139.38979943847656, "alpha_loss": -0.006703723966144025, "alpha_value": 0.08241225409507752, "duration": 90.25305962562561, "step": 49750}
{"episode_reward": 0.0, "episode": 200.0, "batch_reward": 0.9163125, "critic_loss": 49.26385311126709, "actor_loss": -138.82295770263673, "alpha_loss": -0.002843876400962472, "alpha_value": 0.08274092847108841, "duration": 90.46977305412292, "step": 50000}
{"episode_reward": 239.0, "episode": 201.0, "batch_reward": 0.92403125, "critic_loss": 60.03113705444336, "actor_loss": -140.2396226196289, "alpha_loss": -0.006106097150593996, "alpha_value": 0.08294105768203736, "duration": 104.22046089172363, "step": 50250}
{"episode_reward": 395.0, "episode": 202.0, "batch_reward": 0.91425, "critic_loss": 54.52287224578858, "actor_loss": -140.4595806274414, "alpha_loss": -0.003447857789695263, "alpha_value": 0.08326996320486069, "duration": 90.50839829444885, "step": 50500}
{"episode_reward": 195.0, "episode": 203.0, "batch_reward": 0.91940625, "critic_loss": 58.025647605896, "actor_loss": -141.87039587402344, "alpha_loss": 0.0001396760931238532, "alpha_value": 0.08329059779644013, "duration": 89.7156970500946, "step": 50750}
{"episode_reward": 33.0, "episode": 204.0, "batch_reward": 0.9073125, "critic_loss": 52.52189555358887, "actor_loss": -142.03093878173829, "alpha_loss": 0.0008121771011501551, "alpha_value": 0.08330889362096787, "duration": 89.41798305511475, "step": 51000}
{"episode_reward": 933.0, "episode": 205.0, "batch_reward": 0.93821875, "critic_loss": 58.35003352355957, "actor_loss": -144.14868475341797, "alpha_loss": -0.0013968462143093348, "alpha_value": 0.08333024674654008, "duration": 89.74413847923279, "step": 51250}
{"episode_reward": 60.0, "episode": 206.0, "batch_reward": 0.94184375, "critic_loss": 64.97360961914063, "actor_loss": -144.2056470336914, "alpha_loss": 0.0030996370855718852, "alpha_value": 0.08329455596208572, "duration": 89.86918783187866, "step": 51500}
{"episode_reward": 48.0, "episode": 207.0, "batch_reward": 0.91753125, "critic_loss": 80.53664157867432, "actor_loss": -143.67977423095704, "alpha_loss": 0.0019012152627110482, "alpha_value": 0.08304840713739395, "duration": 89.3399178981781, "step": 51750}
{"episode_reward": 60.0, "episode": 208.0, "batch_reward": 0.93428125, "critic_loss": 90.66020167541504, "actor_loss": -145.4689935913086, "alpha_loss": 0.0017396796932443977, "alpha_value": 0.08297977268695832, "duration": 89.37708568572998, "step": 52000}
{"episode_reward": 842.0, "episode": 209.0, "batch_reward": 0.92275, "critic_loss": 103.40857095336914, "actor_loss": -144.23287390136718, "alpha_loss": -0.0062250064667314295, "alpha_value": 0.08315787345170975, "duration": 89.93805575370789, "step": 52250}
{"episode_reward": 13.0, "episode": 210.0, "batch_reward": 0.9368125, "critic_loss": 85.18620631408692, "actor_loss": -143.89239929199218, "alpha_loss": -0.0035907593145966528, "alpha_value": 0.08339120888710022, "duration": 90.1881468296051, "step": 52500}
{"episode_reward": 9.0, "episode": 211.0, "batch_reward": 0.9481875, "critic_loss": 74.73453827667237, "actor_loss": -146.97624499511718, "alpha_loss": -0.0019481198824942113, "alpha_value": 0.08363655430078507, "duration": 89.69476246833801, "step": 52750}
{"episode_reward": 933.0, "episode": 212.0, "batch_reward": 0.9259375, "critic_loss": 66.29500166320801, "actor_loss": -146.56919244384767, "alpha_loss": -0.003269803976640105, "alpha_value": 0.08369169121980667, "duration": 90.21486520767212, "step": 53000}
{"episode_reward": 12.0, "episode": 213.0, "batch_reward": 0.9431875, "critic_loss": 69.70744525909424, "actor_loss": -145.60622772216797, "alpha_loss": -0.004668145019561053, "alpha_value": 0.08410799604654312, "duration": 90.91241955757141, "step": 53250}
{"episode_reward": 256.0, "episode": 214.0, "batch_reward": 0.92840625, "critic_loss": 57.42028674316406, "actor_loss": -146.0079910888672, "alpha_loss": -0.0034098907578736545, "alpha_value": 0.08433626419305801, "duration": 91.03805875778198, "step": 53500}
{"episode_reward": 467.0, "episode": 215.0, "batch_reward": 0.9494375, "critic_loss": 58.79067490386963, "actor_loss": -147.45038159179688, "alpha_loss": 0.00035558750480413435, "alpha_value": 0.08426875990629196, "duration": 90.32779383659363, "step": 53750}
{"episode_reward": 977.0, "episode": 216.0, "batch_reward": 0.96803125, "critic_loss": 56.63889670562744, "actor_loss": -149.76036877441408, "alpha_loss": 0.001498860496096313, "alpha_value": 0.08429659473896027, "duration": 90.3577516078949, "step": 54000}
{"episode_reward": 898.0, "episode": 217.0, "batch_reward": 0.96246875, "critic_loss": 61.989024688720704, "actor_loss": -149.36928497314454, "alpha_loss": 0.0039306512642651795, "alpha_value": 0.08415407991409302, "duration": 90.74850845336914, "step": 54250}
{"episode_reward": 34.0, "episode": 218.0, "batch_reward": 0.9534375, "critic_loss": 59.15057990264893, "actor_loss": -147.93585223388672, "alpha_loss": -0.000750463517382741, "alpha_value": 0.08407187217473984, "duration": 90.49280571937561, "step": 54500}
{"episode_reward": 534.0, "episode": 219.0, "batch_reward": 0.962625, "critic_loss": 56.0423330154419, "actor_loss": -149.09733770751953, "alpha_loss": 0.0009246262535452843, "alpha_value": 0.0840910126566887, "duration": 90.61024808883667, "step": 54750}
{"episode_reward": 75.0, "episode": 220.0, "batch_reward": 0.965125, "critic_loss": 56.15584058380127, "actor_loss": -149.77192803955077, "alpha_loss": 0.003849530544131994, "alpha_value": 0.08392820304632187, "duration": 90.71596217155457, "step": 55000}
{"episode_reward": 42.0, "episode": 221.0, "batch_reward": 0.96940625, "critic_loss": 58.632264755249025, "actor_loss": -149.93524926757811, "alpha_loss": 0.001134016040712595, "alpha_value": 0.08371152436733245, "duration": 90.70864725112915, "step": 55250}
{"episode_reward": 961.0, "episode": 222.0, "batch_reward": 0.97665625, "critic_loss": 55.094614051818844, "actor_loss": -148.44241455078125, "alpha_loss": -3.661627136170864e-05, "alpha_value": 0.08369828993082047, "duration": 90.7097487449646, "step": 55500}
{"episode_reward": 384.0, "episode": 223.0, "batch_reward": 0.9810625, "critic_loss": 54.846994995117186, "actor_loss": -150.72276348876954, "alpha_loss": -0.004011309489607811, "alpha_value": 0.0838149396777153, "duration": 90.1840488910675, "step": 55750}
{"episode_reward": 756.0, "episode": 224.0, "batch_reward": 0.98878125, "critic_loss": 57.238948387145996, "actor_loss": -152.32862805175782, "alpha_loss": 0.0031949828146025537, "alpha_value": 0.08380990904569625, "duration": 89.9804003238678, "step": 56000}
{"episode_reward": 126.0, "episode": 225.0, "batch_reward": 0.98734375, "critic_loss": 59.37671035003662, "actor_loss": -152.39997778320313, "alpha_loss": -0.0004415586199611425, "alpha_value": 0.08373060321807861, "duration": 89.82247614860535, "step": 56250}
{"episode_reward": 9.0, "episode": 226.0, "batch_reward": 0.98625, "critic_loss": 59.75375438690185, "actor_loss": -151.02442437744142, "alpha_loss": -0.002125132467597723, "alpha_value": 0.0838687203526497, "duration": 90.68646192550659, "step": 56500}
{"episode_reward": 351.0, "episode": 227.0, "batch_reward": 0.98009375, "critic_loss": 56.113082748413085, "actor_loss": -153.81491027832033, "alpha_loss": -0.0014182047862559557, "alpha_value": 0.08397941607236863, "duration": 90.08788776397705, "step": 56750}
{"episode_reward": 0.0, "episode": 228.0, "batch_reward": 0.98621875, "critic_loss": 53.731652290344236, "actor_loss": -151.64801342773438, "alpha_loss": 0.00205921571329236, "alpha_value": 0.08397723251581192, "duration": 89.3895354270935, "step": 57000}
{"episode_reward": 6.0, "episode": 229.0, "batch_reward": 0.9639375, "critic_loss": 54.47549799346924, "actor_loss": -150.90315930175782, "alpha_loss": 0.0036200032252818345, "alpha_value": 0.08376520651578903, "duration": 90.43031597137451, "step": 57250}
{"episode_reward": 394.0, "episode": 230.0, "batch_reward": 0.9750625, "critic_loss": 55.28607305908203, "actor_loss": -152.8243428955078, "alpha_loss": 0.003120780193246901, "alpha_value": 0.08358180052042008, "duration": 90.42232966423035, "step": 57500}
{"episode_reward": 202.0, "episode": 231.0, "batch_reward": 0.9781875, "critic_loss": 54.68239022827149, "actor_loss": -153.27171685791015, "alpha_loss": -0.0034923955481499435, "alpha_value": 0.08354804277420044, "duration": 89.74284172058105, "step": 57750}
{"episode_reward": 0.0, "episode": 232.0, "batch_reward": 0.96190625, "critic_loss": 55.19663957977295, "actor_loss": -153.96374182128906, "alpha_loss": -0.0039834825834259395, "alpha_value": 0.08376896959543229, "duration": 89.47141313552856, "step": 58000}
{"episode_reward": 0.0, "episode": 233.0, "batch_reward": 0.98321875, "critic_loss": 52.935144958496096, "actor_loss": -152.30146472167968, "alpha_loss": 0.000964438859373331, "alpha_value": 0.0839552851319313, "duration": 90.32787227630615, "step": 58250}
{"episode_reward": 994.0, "episode": 234.0, "batch_reward": 0.98065625, "critic_loss": 57.76280452728272, "actor_loss": -155.16910906982423, "alpha_loss": -0.004373182186856866, "alpha_value": 0.0839719604253769, "duration": 90.65499329566956, "step": 58500}
{"episode_reward": 982.0, "episode": 235.0, "batch_reward": 0.97825, "critic_loss": 56.04245051574707, "actor_loss": -156.89948571777344, "alpha_loss": -0.0064515129467472435, "alpha_value": 0.08438800328969956, "duration": 90.86482810974121, "step": 58750}
{"episode_reward": 437.0, "episode": 236.0, "batch_reward": 1.0025, "critic_loss": 51.94338094329834, "actor_loss": -158.27995837402344, "alpha_loss": -0.001101815115660429, "alpha_value": 0.08457144021987915, "duration": 90.6825783252716, "step": 59000}
{"episode_reward": 998.0, "episode": 237.0, "batch_reward": 0.99890625, "critic_loss": 52.273405792236325, "actor_loss": -157.4791201171875, "alpha_loss": -0.0006717744655907154, "alpha_value": 0.08463430237770081, "duration": 90.76990461349487, "step": 59250}
{"episode_reward": 763.0, "episode": 238.0, "batch_reward": 1.02453125, "critic_loss": 52.784631401062015, "actor_loss": -159.90462426757813, "alpha_loss": 0.00026092180423438547, "alpha_value": 0.08463379776477814, "duration": 90.08057928085327, "step": 59500}
{"episode_reward": 0.0, "episode": 239.0, "batch_reward": 1.005625, "critic_loss": 54.525428733825684, "actor_loss": -159.8012482910156, "alpha_loss": 0.0037943257261067627, "alpha_value": 0.08448691874742507, "duration": 90.13678979873657, "step": 59750}
{"episode_reward": 19.0, "episode": 240.0, "batch_reward": 0.99840625, "critic_loss": 51.39559760284424, "actor_loss": -158.5537645263672, "alpha_loss": 0.011547040672972799, "alpha_value": 0.08409188395738601, "duration": 90.06307816505432, "step": 60000}
{"episode_reward": 12.0, "episode": 241.0, "batch_reward": 1.001, "critic_loss": 51.77499243927002, "actor_loss": -159.1647286376953, "alpha_loss": 0.0051202065497636794, "alpha_value": 0.0835213788151741, "duration": 104.5554587841034, "step": 60250}
{"episode_reward": 861.0, "episode": 242.0, "batch_reward": 1.031875, "critic_loss": 51.58401750946045, "actor_loss": -161.1765908203125, "alpha_loss": 0.003341079803183675, "alpha_value": 0.08325484079122543, "duration": 89.553790807724, "step": 60500}
{"episode_reward": 994.0, "episode": 243.0, "batch_reward": 1.0164375, "critic_loss": 53.29394732666016, "actor_loss": -162.02028552246094, "alpha_loss": 0.0027171529941260814, "alpha_value": 0.08305655336380005, "duration": 89.58591294288635, "step": 60750}
{"episode_reward": 246.0, "episode": 244.0, "batch_reward": 1.026375, "critic_loss": 56.60138195037842, "actor_loss": -162.53823095703126, "alpha_loss": 0.00788555453158915, "alpha_value": 0.08276884657144547, "duration": 90.13807272911072, "step": 61000}
{"episode_reward": 996.0, "episode": 245.0, "batch_reward": 1.0465, "critic_loss": 52.5734327545166, "actor_loss": -163.34599291992188, "alpha_loss": 0.008342989601194858, "alpha_value": 0.08226626539230347, "duration": 84.2856330871582, "step": 61250}
{"episode_reward": 0.0, "episode": 246.0, "batch_reward": 1.0266875, "critic_loss": 52.157453926086426, "actor_loss": -161.22098278808593, "alpha_loss": 0.0041417835894972084, "alpha_value": 0.08190638309717178, "duration": 75.6600112915039, "step": 61500}
{"episode_reward": 487.0, "episode": 247.0, "batch_reward": 1.05134375, "critic_loss": 52.021336418151854, "actor_loss": -162.5184482421875, "alpha_loss": 0.005065191185101867, "alpha_value": 0.08168196392059326, "duration": 75.74895691871643, "step": 61750}
{"episode_reward": 563.0, "episode": 248.0, "batch_reward": 1.04946875, "critic_loss": 49.802518836975096, "actor_loss": -162.93371203613282, "alpha_loss": 0.008209249751642346, "alpha_value": 0.08123045212030411, "duration": 76.49963331222534, "step": 62000}
{"episode_reward": 953.0, "episode": 249.0, "batch_reward": 1.038125, "critic_loss": 53.53886038970947, "actor_loss": -163.29502709960937, "alpha_loss": 0.002369799269363284, "alpha_value": 0.08091931200027466, "duration": 76.52384305000305, "step": 62250}
{"episode_reward": 92.0, "episode": 250.0, "batch_reward": 1.03496875, "critic_loss": 63.33818769073486, "actor_loss": -164.02978173828126, "alpha_loss": 0.0024434301164001225, "alpha_value": 0.08078936976194381, "duration": 77.18662333488464, "step": 62500}
{"episode_reward": 460.0, "episode": 251.0, "batch_reward": 1.04353125, "critic_loss": 59.05562004089356, "actor_loss": -162.98972290039063, "alpha_loss": -0.0005707127964124084, "alpha_value": 0.0808219428062439, "duration": 77.16595602035522, "step": 62750}
{"episode_reward": 10.0, "episode": 252.0, "batch_reward": 1.03359375, "critic_loss": 54.886423377990724, "actor_loss": -163.8130146484375, "alpha_loss": -0.0012402200708165766, "alpha_value": 0.08084429723024368, "duration": 77.10191082954407, "step": 63000}
{"episode_reward": 0.0, "episode": 253.0, "batch_reward": 1.057, "critic_loss": 56.09247483062744, "actor_loss": -164.24478991699218, "alpha_loss": -0.0017016385663300752, "alpha_value": 0.08093511837720871, "duration": 76.004465341568, "step": 63250}
{"episode_reward": 644.0, "episode": 254.0, "batch_reward": 1.053875, "critic_loss": 53.934398735046386, "actor_loss": -164.81323474121095, "alpha_loss": -0.0008098142519593239, "alpha_value": 0.08095672637224198, "duration": 76.32462692260742, "step": 63500}
{"episode_reward": 947.0, "episode": 255.0, "batch_reward": 1.08003125, "critic_loss": 57.98784155273437, "actor_loss": -165.37300341796876, "alpha_loss": -0.007377499928697944, "alpha_value": 0.08125109952688217, "duration": 75.99393129348755, "step": 63750}
{"episode_reward": 951.0, "episode": 256.0, "batch_reward": 1.08778125, "critic_loss": 56.61741723632812, "actor_loss": -166.6919979248047, "alpha_loss": -0.006668724309653044, "alpha_value": 0.0816670719385147, "duration": 76.1868953704834, "step": 64000}
{"episode_reward": 944.0, "episode": 257.0, "batch_reward": 1.08684375, "critic_loss": 52.216631736755375, "actor_loss": -166.33800122070312, "alpha_loss": -0.009166399578563869, "alpha_value": 0.08217739969491959, "duration": 76.36002254486084, "step": 64250}
{"episode_reward": 272.0, "episode": 258.0, "batch_reward": 1.08440625, "critic_loss": 58.62559622192383, "actor_loss": -167.31425341796876, "alpha_loss": -0.0070824638158082966, "alpha_value": 0.08264137744903564, "duration": 76.7276964187622, "step": 64500}
{"episode_reward": 970.0, "episode": 259.0, "batch_reward": 1.09365625, "critic_loss": 50.891562133789066, "actor_loss": -168.50697424316405, "alpha_loss": -0.00511262677051127, "alpha_value": 0.08299390357732774, "duration": 77.22614693641663, "step": 64750}
{"episode_reward": 752.0, "episode": 260.0, "batch_reward": 1.0930625, "critic_loss": 52.213691497802735, "actor_loss": -166.65346142578124, "alpha_loss": 0.0020579030513763427, "alpha_value": 0.08317873227596283, "duration": 77.04427695274353, "step": 65000}
{"episode_reward": 156.0, "episode": 261.0, "batch_reward": 1.10659375, "critic_loss": 51.234077774047854, "actor_loss": -170.309310546875, "alpha_loss": -0.008010427627712488, "alpha_value": 0.08337471371889114, "duration": 77.04111313819885, "step": 65250}
{"episode_reward": 937.0, "episode": 262.0, "batch_reward": 1.10375, "critic_loss": 54.36120509338379, "actor_loss": -170.60009362792968, "alpha_loss": -0.005414686349220574, "alpha_value": 0.08369727820158004, "duration": 77.21522498130798, "step": 65500}
{"episode_reward": 1000.0, "episode": 263.0, "batch_reward": 1.1396875, "critic_loss": 56.635784141540526, "actor_loss": -172.4256433105469, "alpha_loss": -0.002362747997045517, "alpha_value": 0.08393305945396423, "duration": 76.93752241134644, "step": 65750}
{"episode_reward": 992.0, "episode": 264.0, "batch_reward": 1.12328125, "critic_loss": 58.50997325134277, "actor_loss": -171.21216845703125, "alpha_loss": -8.80721788853407e-05, "alpha_value": 0.08405355089902877, "duration": 76.97202610969543, "step": 66000}
{"episode_reward": 138.0, "episode": 265.0, "batch_reward": 1.13146875, "critic_loss": 50.39587929534912, "actor_loss": -172.17225610351562, "alpha_loss": 0.0017732199430465698, "alpha_value": 0.08392234963178635, "duration": 77.17822194099426, "step": 66250}
{"episode_reward": 438.0, "episode": 266.0, "batch_reward": 1.123625, "critic_loss": 123.09969039916992, "actor_loss": -173.09508435058595, "alpha_loss": -0.0016620828164741397, "alpha_value": 0.08392151898145675, "duration": 77.05087232589722, "step": 66500}
{"episode_reward": 421.0, "episode": 267.0, "batch_reward": 1.14384375, "critic_loss": 229.2044101257324, "actor_loss": -174.32960290527345, "alpha_loss": -0.009362811195664109, "alpha_value": 0.08416549408435822, "duration": 77.26079607009888, "step": 66750}
{"episode_reward": 276.0, "episode": 268.0, "batch_reward": 1.15540625, "critic_loss": 148.45326379394533, "actor_loss": -176.1773468017578, "alpha_loss": -0.013432140646502376, "alpha_value": 0.08488007873296738, "duration": 76.98076343536377, "step": 67000}
{"episode_reward": 967.0, "episode": 269.0, "batch_reward": 1.15409375, "critic_loss": 91.72802662658691, "actor_loss": -175.26569226074218, "alpha_loss": -0.007784668803215027, "alpha_value": 0.08556462508440017, "duration": 76.6502537727356, "step": 67250}
{"episode_reward": 955.0, "episode": 270.0, "batch_reward": 1.15221875, "critic_loss": 102.49176316070556, "actor_loss": -176.30218518066405, "alpha_loss": -0.008264380407519638, "alpha_value": 0.08596793347597122, "duration": 77.4532425403595, "step": 67500}
{"episode_reward": 365.0, "episode": 271.0, "batch_reward": 1.16071875, "critic_loss": 109.47718296813964, "actor_loss": -175.72649462890624, "alpha_loss": -0.016440780997276305, "alpha_value": 0.08666546523571014, "duration": 76.80253291130066, "step": 67750}
{"episode_reward": 986.0, "episode": 272.0, "batch_reward": 1.17340625, "critic_loss": 79.23156278991699, "actor_loss": -177.30849877929688, "alpha_loss": -0.010927458793856204, "alpha_value": 0.0875084291100502, "duration": 77.15650200843811, "step": 68000}
{"episode_reward": 972.0, "episode": 273.0, "batch_reward": 1.17928125, "critic_loss": 100.9191897277832, "actor_loss": -176.58596276855468, "alpha_loss": -0.011652014156803489, "alpha_value": 0.08804907804727555, "duration": 77.15567636489868, "step": 68250}
{"episode_reward": 0.0, "episode": 274.0, "batch_reward": 1.1773125, "critic_loss": 97.73165936279297, "actor_loss": -175.9953525390625, "alpha_loss": -0.007391019206494093, "alpha_value": 0.0886385367512703, "duration": 76.78120017051697, "step": 68500}
{"episode_reward": 997.0, "episode": 275.0, "batch_reward": 1.17159375, "critic_loss": 92.17421117401123, "actor_loss": -179.36571557617188, "alpha_loss": -0.0063183764908462765, "alpha_value": 0.08895866286754608, "duration": 77.25758910179138, "step": 68750}
{"episode_reward": 180.0, "episode": 276.0, "batch_reward": 1.19790625, "critic_loss": 109.4008324508667, "actor_loss": -181.24149353027343, "alpha_loss": -0.004273813143372536, "alpha_value": 0.08921522617340089, "duration": 76.80986738204956, "step": 69000}
{"episode_reward": 590.0, "episode": 277.0, "batch_reward": 1.18140625, "critic_loss": 86.94192768096924, "actor_loss": -179.13048413085937, "alpha_loss": -0.007111121084541082, "alpha_value": 0.0896174054145813, "duration": 76.31817173957825, "step": 69250}
{"episode_reward": 0.0, "episode": 278.0, "batch_reward": 1.18315625, "critic_loss": 113.34041821289063, "actor_loss": -178.957150390625, "alpha_loss": -0.0017340153902769089, "alpha_value": 0.08986592656373978, "duration": 77.17264342308044, "step": 69500}
{"episode_reward": 110.0, "episode": 279.0, "batch_reward": 1.19090625, "critic_loss": 95.23821084594726, "actor_loss": -179.52456896972657, "alpha_loss": -0.004612416198477149, "alpha_value": 0.09003116530179978, "duration": 77.42433643341064, "step": 69750}
{"episode_reward": 953.0, "episode": 280.0, "batch_reward": 1.18465625, "critic_loss": 90.22998764038086, "actor_loss": -181.09871508789064, "alpha_loss": 0.009461074110120534, "alpha_value": 0.08987715339660644, "duration": 77.03610920906067, "step": 70000}
{"episode_reward": 0.0, "episode": 281.0, "batch_reward": 1.1640625, "critic_loss": 80.81561911010742, "actor_loss": -182.05505737304688, "alpha_loss": 0.00553384717926383, "alpha_value": 0.08935143780708313, "duration": 89.96005320549011, "step": 70250}
{"episode_reward": 11.0, "episode": 282.0, "batch_reward": 1.18003125, "critic_loss": 82.05196520996094, "actor_loss": -182.53447583007812, "alpha_loss": 0.005023944144137204, "alpha_value": 0.08913734275102615, "duration": 75.85393476486206, "step": 70500}
{"episode_reward": 46.0, "episode": 283.0, "batch_reward": 1.18215625, "critic_loss": 97.2441996307373, "actor_loss": -182.37531506347656, "alpha_loss": 0.006931695153936743, "alpha_value": 0.08877518171072006, "duration": 76.13842129707336, "step": 70750}
{"episode_reward": 529.0, "episode": 284.0, "batch_reward": 1.1820625, "critic_loss": 80.78549622344971, "actor_loss": -181.92920178222656, "alpha_loss": 0.008214331151917578, "alpha_value": 0.0884572623372078, "duration": 76.25136756896973, "step": 71000}
{"episode_reward": 938.0, "episode": 285.0, "batch_reward": 1.18071875, "critic_loss": 84.19762713623047, "actor_loss": -183.1617734375, "alpha_loss": 0.005502803498879075, "alpha_value": 0.08788756233453751, "duration": 77.17489314079285, "step": 71250}
{"episode_reward": 46.0, "episode": 286.0, "batch_reward": 1.183875, "critic_loss": 77.0818228225708, "actor_loss": -182.9644669189453, "alpha_loss": 0.012170044265687466, "alpha_value": 0.08750560337305069, "duration": 77.24991178512573, "step": 71500}
{"episode_reward": 301.0, "episode": 287.0, "batch_reward": 1.17940625, "critic_loss": 68.71017729187011, "actor_loss": -182.69396057128907, "alpha_loss": 0.01720587280765176, "alpha_value": 0.08660678774118423, "duration": 76.52650880813599, "step": 71750}
{"episode_reward": 8.0, "episode": 288.0, "batch_reward": 1.1684375, "critic_loss": 76.33805973815917, "actor_loss": -182.89466186523438, "alpha_loss": 0.010551375847309828, "alpha_value": 0.08587827789783478, "duration": 76.20512318611145, "step": 72000}
{"episode_reward": 20.0, "episode": 289.0, "batch_reward": 1.16403125, "critic_loss": 75.5199489440918, "actor_loss": -181.08779968261717, "alpha_loss": 0.018027889175340532, "alpha_value": 0.08513426846265792, "duration": 76.36549973487854, "step": 72250}
{"episode_reward": 261.0, "episode": 290.0, "batch_reward": 1.14946875, "critic_loss": 77.11601166534423, "actor_loss": -181.79457458496094, "alpha_loss": 0.010876092126592993, "alpha_value": 0.08435697984695435, "duration": 75.99921250343323, "step": 72500}
{"episode_reward": 0.0, "episode": 291.0, "batch_reward": 1.16125, "critic_loss": 68.7309223022461, "actor_loss": -182.88444470214844, "alpha_loss": 0.009764975912868977, "alpha_value": 0.08383757054805756, "duration": 76.5125641822815, "step": 72750}
{"episode_reward": 38.0, "episode": 292.0, "batch_reward": 1.1619375, "critic_loss": 63.34244192504883, "actor_loss": -181.60344555664062, "alpha_loss": 0.012488954285159707, "alpha_value": 0.08328163331747054, "duration": 76.17476177215576, "step": 73000}
{"episode_reward": 602.0, "episode": 293.0, "batch_reward": 1.15925, "critic_loss": 61.21405535888672, "actor_loss": -182.57060900878906, "alpha_loss": 0.012061778680421412, "alpha_value": 0.08270056599378586, "duration": 75.84175300598145, "step": 73250}
{"episode_reward": 0.0, "episode": 294.0, "batch_reward": 1.17071875, "critic_loss": 67.58613864135742, "actor_loss": -183.47092785644531, "alpha_loss": 0.010509482476860284, "alpha_value": 0.08204189801216126, "duration": 76.00166583061218, "step": 73500}
{"episode_reward": 604.0, "episode": 295.0, "batch_reward": 1.17746875, "critic_loss": 97.6653320465088, "actor_loss": -185.0422138671875, "alpha_loss": 0.005500879419967532, "alpha_value": 0.08175945311784744, "duration": 75.57481861114502, "step": 73750}
{"episode_reward": 961.0, "episode": 296.0, "batch_reward": 1.18578125, "critic_loss": 65.32890313720704, "actor_loss": -183.90637670898437, "alpha_loss": 0.00864664451777935, "alpha_value": 0.08136730647087097, "duration": 76.7621283531189, "step": 74000}
{"episode_reward": 789.0, "episode": 297.0, "batch_reward": 1.197, "critic_loss": 61.866523941040036, "actor_loss": -184.93937915039064, "alpha_loss": 0.003561159721575677, "alpha_value": 0.08099873614311218, "duration": 77.04475021362305, "step": 74250}
{"episode_reward": 966.0, "episode": 298.0, "batch_reward": 1.20496875, "critic_loss": 63.55211112213135, "actor_loss": -185.4702598876953, "alpha_loss": -0.00042040521651506423, "alpha_value": 0.08093390083312989, "duration": 77.1031723022461, "step": 74500}
{"episode_reward": 214.0, "episode": 299.0, "batch_reward": 1.21084375, "critic_loss": 67.84478591918945, "actor_loss": -186.5446396484375, "alpha_loss": -0.0008067202977836132, "alpha_value": 0.08095038652420045, "duration": 77.63506031036377, "step": 74750}
{"episode_reward": 20.0, "episode": 300.0, "batch_reward": 1.1843125, "critic_loss": 64.28117002868652, "actor_loss": -184.38858862304687, "alpha_loss": -0.007814586644992232, "alpha_value": 0.08116727477312088, "duration": 76.92340445518494, "step": 75000}
{"episode_reward": 903.0, "episode": 301.0, "batch_reward": 1.21090625, "critic_loss": 61.895090393066404, "actor_loss": -186.52924951171875, "alpha_loss": -0.00048242994584143164, "alpha_value": 0.08148113363981246, "duration": 76.70371747016907, "step": 75250}
{"episode_reward": 378.0, "episode": 302.0, "batch_reward": 1.21059375, "critic_loss": 75.14997842407226, "actor_loss": -185.69669848632813, "alpha_loss": 0.0010254456140100956, "alpha_value": 0.081410280585289, "duration": 76.19214677810669, "step": 75500}
{"episode_reward": 81.0, "episode": 303.0, "batch_reward": 1.20296875, "critic_loss": 89.5899273223877, "actor_loss": -187.62962658691407, "alpha_loss": 0.002795945699326694, "alpha_value": 0.08128771144151688, "duration": 76.67955756187439, "step": 75750}
{"episode_reward": 613.0, "episode": 304.0, "batch_reward": 1.2175625, "critic_loss": 86.80297848510742, "actor_loss": -188.35141772460938, "alpha_loss": -0.008749046163633466, "alpha_value": 0.08146210706233978, "duration": 76.3282253742218, "step": 76000}
{"episode_reward": 952.0, "episode": 305.0, "batch_reward": 1.2115, "critic_loss": 87.47093449401855, "actor_loss": -189.84271362304688, "alpha_loss": -0.014769038014113903, "alpha_value": 0.08213711351156235, "duration": 76.31670641899109, "step": 76250}
{"episode_reward": 37.0, "episode": 306.0, "batch_reward": 1.19115625, "critic_loss": 81.92696337890625, "actor_loss": -186.1491007080078, "alpha_loss": -0.010053420133888722, "alpha_value": 0.0828430142402649, "duration": 75.94405317306519, "step": 76500}
{"episode_reward": 970.0, "episode": 307.0, "batch_reward": 1.2110625, "critic_loss": 73.95706713867187, "actor_loss": -189.22749829101562, "alpha_loss": -0.013638759665191173, "alpha_value": 0.08355224168300629, "duration": 76.30342602729797, "step": 76750}
{"episode_reward": 956.0, "episode": 308.0, "batch_reward": 1.22746875, "critic_loss": 71.6432359161377, "actor_loss": -190.75699755859375, "alpha_loss": -0.013586443128064275, "alpha_value": 0.0842165269255638, "duration": 76.30064058303833, "step": 77000}
{"episode_reward": 478.0, "episode": 309.0, "batch_reward": 1.20978125, "critic_loss": 72.77040295410156, "actor_loss": -190.34162316894532, "alpha_loss": -0.01214436624571681, "alpha_value": 0.0849385421872139, "duration": 76.38285660743713, "step": 77250}
{"episode_reward": 40.0, "episode": 310.0, "batch_reward": 1.23053125, "critic_loss": 71.20376615905762, "actor_loss": -191.86087585449218, "alpha_loss": -0.010458223257213831, "alpha_value": 0.08555515402555466, "duration": 76.39540886878967, "step": 77500}
{"episode_reward": 968.0, "episode": 311.0, "batch_reward": 1.23625, "critic_loss": 69.24778771972656, "actor_loss": -191.23785986328124, "alpha_loss": -0.010192918892949819, "alpha_value": 0.08620049929618835, "duration": 77.01215887069702, "step": 77750}
{"episode_reward": 0.0, "episode": 312.0, "batch_reward": 1.23303125, "critic_loss": 63.28311242675781, "actor_loss": -191.54720593261717, "alpha_loss": 0.0010620588958263398, "alpha_value": 0.08642608684301377, "duration": 77.35506391525269, "step": 78000}
{"episode_reward": 984.0, "episode": 313.0, "batch_reward": 1.2306875, "critic_loss": 66.80195062255859, "actor_loss": -191.62555017089844, "alpha_loss": 0.0009258890608325601, "alpha_value": 0.08644476133584976, "duration": 76.11791491508484, "step": 78250}
{"episode_reward": 29.0, "episode": 314.0, "batch_reward": 1.2231875, "critic_loss": 67.34180311584473, "actor_loss": -190.01446020507814, "alpha_loss": 0.002351701868698001, "alpha_value": 0.08616579115390778, "duration": 75.27166795730591, "step": 78500}
{"episode_reward": 56.0, "episode": 315.0, "batch_reward": 1.24215625, "critic_loss": 68.32048988342285, "actor_loss": -192.46279626464843, "alpha_loss": 0.0010659444108605384, "alpha_value": 0.08615028554201126, "duration": 75.70025563240051, "step": 78750}
{"episode_reward": 966.0, "episode": 316.0, "batch_reward": 1.2266875, "critic_loss": 65.5889317779541, "actor_loss": -192.66693469238282, "alpha_loss": 0.0030024577230215073, "alpha_value": 0.08601821774244309, "duration": 76.94602823257446, "step": 79000}
{"episode_reward": 100.0, "episode": 317.0, "batch_reward": 1.22275, "critic_loss": 65.98992543029784, "actor_loss": -191.73818200683593, "alpha_loss": -0.005676077103242278, "alpha_value": 0.08605779182910919, "duration": 76.75956273078918, "step": 79250}
{"episode_reward": 20.0, "episode": 318.0, "batch_reward": 1.22321875, "critic_loss": 68.28208369445801, "actor_loss": -192.6137724609375, "alpha_loss": -0.0006704586949199438, "alpha_value": 0.08631963503360748, "duration": 76.07501029968262, "step": 79500}
{"episode_reward": 88.0, "episode": 319.0, "batch_reward": 1.2381875, "critic_loss": 67.43195838928223, "actor_loss": -193.3350225830078, "alpha_loss": -0.001931429674848914, "alpha_value": 0.08638184547424316, "duration": 76.20880699157715, "step": 79750}
{"episode_reward": 567.0, "episode": 320.0, "batch_reward": 1.24784375, "critic_loss": 66.75358828735351, "actor_loss": -193.20596423339845, "alpha_loss": -0.0027318229619413613, "alpha_value": 0.08655749195814133, "duration": 76.66633749008179, "step": 80000}
