{"episode_reward": 0.0, "episode": 1.0, "duration": 14.21230959892273, "step": 250}
{"episode_reward": 14.0, "episode": 2.0, "duration": 0.6661431789398193, "step": 500}
{"episode_reward": 37.0, "episode": 3.0, "duration": 0.670799970626831, "step": 750}
{"episode_reward": 30.0, "episode": 4.0, "duration": 0.6511411666870117, "step": 1000}
{"episode_reward": 8.0, "episode": 5.0, "batch_reward": 0.09473829063250601, "critic_loss": 1.0417171494574475, "actor_loss": -1.2283111177931716, "alpha_loss": 0.30261769677840467, "alpha_value": 0.09472173232969652, "duration": 412.60751247406006, "step": 1250}
{"episode_reward": 183.0, "episode": 6.0, "batch_reward": 0.20209375, "critic_loss": 1.8732973477840424, "actor_loss": -2.4009338970184326, "alpha_loss": 0.2662386256456375, "alpha_value": 0.08933574217557907, "duration": 76.62101697921753, "step": 1500}
{"episode_reward": 26.0, "episode": 7.0, "batch_reward": 0.2101875, "critic_loss": 2.8158819687366488, "actor_loss": -2.7010147342681883, "alpha_loss": 0.2607770801782608, "alpha_value": 0.088335065305233, "duration": 77.65722274780273, "step": 1750}
{"episode_reward": 48.0, "episode": 8.0, "batch_reward": 0.19746875, "critic_loss": 2.4537465546131134, "actor_loss": -2.9937835807800295, "alpha_loss": 0.2574968452453613, "alpha_value": 0.08734599441289902, "duration": 77.31085085868835, "step": 2000}
{"episode_reward": 15.0, "episode": 9.0, "batch_reward": 0.17625, "critic_loss": 2.652539318561554, "actor_loss": -3.3162124824523924, "alpha_loss": 0.24093682646751405, "alpha_value": 0.08638543510437012, "duration": 77.03092098236084, "step": 2250}
{"episode_reward": 11.0, "episode": 10.0, "batch_reward": 0.20909375, "critic_loss": 4.120696653366089, "actor_loss": -3.800295108795166, "alpha_loss": 0.19296459186077117, "alpha_value": 0.08553192299604416, "duration": 77.87156224250793, "step": 2500}
{"episode_reward": 284.0, "episode": 11.0, "batch_reward": 0.2776875, "critic_loss": 4.240007489442825, "actor_loss": -4.558257474899292, "alpha_loss": 0.15505149859189987, "alpha_value": 0.08484529185295105, "duration": 77.44273924827576, "step": 2750}
{"episode_reward": 295.0, "episode": 12.0, "batch_reward": 0.32525, "critic_loss": 5.790199833393097, "actor_loss": -6.012726490020752, "alpha_loss": 0.09606976342201233, "alpha_value": 0.08432169830799102, "duration": 77.2796311378479, "step": 3000}
{"episode_reward": 0.0, "episode": 13.0, "batch_reward": 0.30365625, "critic_loss": 7.553041575431823, "actor_loss": -8.12378843688965, "alpha_loss": 0.06268397234380245, "alpha_value": 0.08397695273160935, "duration": 76.37263178825378, "step": 3250}
{"episode_reward": 7.0, "episode": 14.0, "batch_reward": 0.28690625, "critic_loss": 6.908696892738342, "actor_loss": -10.28691311264038, "alpha_loss": 0.050899427404627204, "alpha_value": 0.08372266387939453, "duration": 76.54473066329956, "step": 3500}
{"episode_reward": 0.0, "episode": 15.0, "batch_reward": 0.31228125, "critic_loss": 9.772695019721985, "actor_loss": -12.577855270385742, "alpha_loss": 0.0322166086230427, "alpha_value": 0.08350290936231614, "duration": 77.90964269638062, "step": 3750}
{"episode_reward": 365.0, "episode": 16.0, "batch_reward": 0.327875, "critic_loss": 8.710576839447022, "actor_loss": -14.047139701843262, "alpha_loss": 0.04344140648469329, "alpha_value": 0.08331643629074097, "duration": 77.39151501655579, "step": 4000}
{"episode_reward": 0.0, "episode": 17.0, "batch_reward": 0.3196875, "critic_loss": 7.94784306049347, "actor_loss": -15.694567131042481, "alpha_loss": 0.043245052933692935, "alpha_value": 0.08306053221225738, "duration": 76.95100355148315, "step": 4250}
{"episode_reward": 55.0, "episode": 18.0, "batch_reward": 0.34509375, "critic_loss": 8.618034056663513, "actor_loss": -18.132726554870604, "alpha_loss": 0.033239246642217044, "alpha_value": 0.08283593839406968, "duration": 74.41385102272034, "step": 4500}
{"episode_reward": 277.0, "episode": 19.0, "batch_reward": 0.35334375, "critic_loss": 7.593896766662597, "actor_loss": -20.117626678466795, "alpha_loss": 0.02914629964157939, "alpha_value": 0.08264818966388703, "duration": 73.5593376159668, "step": 4750}
{"episode_reward": 8.0, "episode": 20.0, "batch_reward": 0.34328125, "critic_loss": 7.9520276794433595, "actor_loss": -20.96630226135254, "alpha_loss": 0.027346120268106462, "alpha_value": 0.08245113325119019, "duration": 74.28460550308228, "step": 5000}
{"episode_reward": 37.0, "episode": 21.0, "batch_reward": 0.418125, "critic_loss": 7.672835186004638, "actor_loss": -23.296452743530274, "alpha_loss": 0.012649134736508132, "alpha_value": 0.08229589968919754, "duration": 73.85906744003296, "step": 5250}
{"episode_reward": 957.0, "episode": 22.0, "batch_reward": 0.491, "critic_loss": 8.167288066864014, "actor_loss": -25.898808868408203, "alpha_loss": 0.009009202904999257, "alpha_value": 0.08222751414775849, "duration": 74.76462531089783, "step": 5500}
{"episode_reward": 12.0, "episode": 23.0, "batch_reward": 0.4849375, "critic_loss": 8.42209580230713, "actor_loss": -28.302903228759767, "alpha_loss": 0.018760616052895786, "alpha_value": 0.08211149603128433, "duration": 73.64059400558472, "step": 5750}
{"episode_reward": 501.0, "episode": 24.0, "batch_reward": 0.55359375, "critic_loss": 9.513528717041016, "actor_loss": -31.171078308105468, "alpha_loss": 0.009614299261942506, "alpha_value": 0.08198182439804078, "duration": 75.17956042289734, "step": 6000}
{"episode_reward": 154.0, "episode": 25.0, "batch_reward": 0.536375, "critic_loss": 9.131912789344788, "actor_loss": -31.51678251647949, "alpha_loss": 0.020697851764038204, "alpha_value": 0.08186336982250214, "duration": 73.38949584960938, "step": 6250}
{"episode_reward": 11.0, "episode": 26.0, "batch_reward": 0.5293125, "critic_loss": 12.327865842819214, "actor_loss": -33.333242599487306, "alpha_loss": 0.02338453753106296, "alpha_value": 0.08162136870622635, "duration": 76.66406393051147, "step": 6500}
{"episode_reward": 0.0, "episode": 27.0, "batch_reward": 0.50478125, "critic_loss": 10.752186689376831, "actor_loss": -34.59249200439453, "alpha_loss": 0.024389450926333666, "alpha_value": 0.08139910262823105, "duration": 77.78416609764099, "step": 6750}
{"episode_reward": 219.0, "episode": 28.0, "batch_reward": 0.54409375, "critic_loss": 10.56208395576477, "actor_loss": -35.157214294433594, "alpha_loss": 0.02397479458153248, "alpha_value": 0.08111579382419586, "duration": 77.6974823474884, "step": 7000}
{"episode_reward": 270.0, "episode": 29.0, "batch_reward": 0.570125, "critic_loss": 12.07177696800232, "actor_loss": -36.849754623413084, "alpha_loss": 0.012797295566648244, "alpha_value": 0.08092842131853104, "duration": 77.32139897346497, "step": 7250}
{"episode_reward": 377.0, "episode": 30.0, "batch_reward": 0.57459375, "critic_loss": 13.652933017730714, "actor_loss": -38.40321722412109, "alpha_loss": 0.00422829557582736, "alpha_value": 0.08079416024684906, "duration": 76.42246723175049, "step": 7500}
{"episode_reward": 90.0, "episode": 31.0, "batch_reward": 0.55590625, "critic_loss": 11.480834999084472, "actor_loss": -39.07262142944336, "alpha_loss": 0.005771087400615215, "alpha_value": 0.08075470930337905, "duration": 77.4454619884491, "step": 7750}
{"episode_reward": 0.0, "episode": 32.0, "batch_reward": 0.59303125, "critic_loss": 12.37008770751953, "actor_loss": -42.00866192626953, "alpha_loss": 0.00031040383875370023, "alpha_value": 0.08069103240966796, "duration": 77.6314868927002, "step": 8000}
{"episode_reward": 868.0, "episode": 33.0, "batch_reward": 0.66075, "critic_loss": 13.31599617576599, "actor_loss": -43.87780999755859, "alpha_loss": -0.002508782047778368, "alpha_value": 0.08070974785089492, "duration": 77.30578660964966, "step": 8250}
{"episode_reward": 535.0, "episode": 34.0, "batch_reward": 0.73809375, "critic_loss": 13.828724573135377, "actor_loss": -45.28675213623047, "alpha_loss": -0.013155812688171864, "alpha_value": 0.08083791667222977, "duration": 77.8857011795044, "step": 8500}
{"episode_reward": 924.0, "episode": 35.0, "batch_reward": 0.79925, "critic_loss": 14.376563737869263, "actor_loss": -47.36511337280273, "alpha_loss": -0.0095073181707412, "alpha_value": 0.08102594619989395, "duration": 77.76244711875916, "step": 8750}
{"episode_reward": 192.0, "episode": 36.0, "batch_reward": 0.7500625, "critic_loss": 14.585324432373048, "actor_loss": -48.62905993652344, "alpha_loss": -0.013758862705901265, "alpha_value": 0.08125948721170426, "duration": 77.89127922058105, "step": 9000}
{"episode_reward": 24.0, "episode": 37.0, "batch_reward": 0.760375, "critic_loss": 14.786465768814088, "actor_loss": -49.76863375854492, "alpha_loss": -0.011401773683726787, "alpha_value": 0.08144885593652726, "duration": 77.61929774284363, "step": 9250}
{"episode_reward": 12.0, "episode": 38.0, "batch_reward": 0.72859375, "critic_loss": 15.784201984405518, "actor_loss": -50.86573382568359, "alpha_loss": -0.014621468963101507, "alpha_value": 0.08171064287424087, "duration": 77.53317737579346, "step": 9500}
{"episode_reward": 0.0, "episode": 39.0, "batch_reward": 0.71303125, "critic_loss": 16.20739370536804, "actor_loss": -52.910008514404296, "alpha_loss": -0.009953947754576802, "alpha_value": 0.08196977823972702, "duration": 76.82418417930603, "step": 9750}
{"episode_reward": 0.0, "episode": 40.0, "batch_reward": 0.70075, "critic_loss": 14.881918510437012, "actor_loss": -54.45675164794922, "alpha_loss": -0.009545913441106677, "alpha_value": 0.08218858021497727, "duration": 77.80844831466675, "step": 10000}
{"episode_reward": 24.0, "episode": 41.0, "batch_reward": 0.67034375, "critic_loss": 15.803095193862916, "actor_loss": -55.5499733581543, "alpha_loss": -0.002811965612694621, "alpha_value": 0.08233026242256164, "duration": 93.70910787582397, "step": 10250}
{"episode_reward": 0.0, "episode": 42.0, "batch_reward": 0.67384375, "critic_loss": 15.605448379516602, "actor_loss": -55.78689541625977, "alpha_loss": 0.00018059527035802603, "alpha_value": 0.0823039545416832, "duration": 77.8263144493103, "step": 10500}
{"episode_reward": 372.0, "episode": 43.0, "batch_reward": 0.71025, "critic_loss": 14.822306873321534, "actor_loss": -58.354644592285155, "alpha_loss": 0.0019947697445750236, "alpha_value": 0.08231996655464173, "duration": 77.1947250366211, "step": 10750}
{"episode_reward": 156.0, "episode": 44.0, "batch_reward": 0.68390625, "critic_loss": 19.646775512695314, "actor_loss": -60.455885040283206, "alpha_loss": -0.00821278192102909, "alpha_value": 0.08236999648809433, "duration": 76.87063884735107, "step": 11000}
{"episode_reward": 259.0, "episode": 45.0, "batch_reward": 0.722875, "critic_loss": 17.67514193344116, "actor_loss": -61.57620425415039, "alpha_loss": -0.01589506273344159, "alpha_value": 0.08272343838214874, "duration": 73.36349606513977, "step": 11250}
{"episode_reward": 965.0, "episode": 46.0, "batch_reward": 0.77053125, "critic_loss": 16.927938438415527, "actor_loss": -64.95342498779297, "alpha_loss": -0.01724202838726342, "alpha_value": 0.08321844905614853, "duration": 76.34599304199219, "step": 11500}
{"episode_reward": 145.0, "episode": 47.0, "batch_reward": 0.77040625, "critic_loss": 18.292256160736084, "actor_loss": -65.820900390625, "alpha_loss": -0.014455170499160886, "alpha_value": 0.08367807382345199, "duration": 77.72692203521729, "step": 11750}
{"episode_reward": 0.0, "episode": 48.0, "batch_reward": 0.73446875, "critic_loss": 17.70488346862793, "actor_loss": -66.36674560546875, "alpha_loss": -0.022234848285093905, "alpha_value": 0.08424309134483338, "duration": 77.72146654129028, "step": 12000}
{"episode_reward": 64.0, "episode": 49.0, "batch_reward": 0.7313125, "critic_loss": 17.785435440063477, "actor_loss": -67.42000653076173, "alpha_loss": -0.019894085394218563, "alpha_value": 0.08491976809501647, "duration": 77.90076613426208, "step": 12250}
{"episode_reward": 6.0, "episode": 50.0, "batch_reward": 0.71259375, "critic_loss": 16.541347747802735, "actor_loss": -68.58700701904297, "alpha_loss": -0.014061560826376081, "alpha_value": 0.08550159686803818, "duration": 77.22403407096863, "step": 12500}
{"episode_reward": 9.0, "episode": 51.0, "batch_reward": 0.73075, "critic_loss": 16.29712129211426, "actor_loss": -70.66263998413086, "alpha_loss": -0.0060433592172339555, "alpha_value": 0.08583991873264313, "duration": 77.12083625793457, "step": 12750}
{"episode_reward": 982.0, "episode": 52.0, "batch_reward": 0.76659375, "critic_loss": 18.049429565429687, "actor_loss": -73.80459442138672, "alpha_loss": -0.008389809608459472, "alpha_value": 0.08612762624025345, "duration": 77.45678448677063, "step": 13000}
{"episode_reward": 9.0, "episode": 53.0, "batch_reward": 0.7850625, "critic_loss": 18.739194034576418, "actor_loss": -75.72235437011719, "alpha_loss": -0.00842727015633136, "alpha_value": 0.08637482935190201, "duration": 77.4736328125, "step": 13250}
{"episode_reward": 927.0, "episode": 54.0, "batch_reward": 0.82825, "critic_loss": 19.3071568069458, "actor_loss": -78.2265648803711, "alpha_loss": -0.007402830189093947, "alpha_value": 0.08663491451740266, "duration": 77.96542930603027, "step": 13500}
{"episode_reward": 893.0, "episode": 55.0, "batch_reward": 0.87584375, "critic_loss": 19.03009694290161, "actor_loss": -81.41577264404297, "alpha_loss": -0.015496512329205871, "alpha_value": 0.08714609521627426, "duration": 77.00919938087463, "step": 13750}
{"episode_reward": 978.0, "episode": 56.0, "batch_reward": 0.93278125, "critic_loss": 18.269418634414674, "actor_loss": -84.50973266601562, "alpha_loss": -0.014819132322445512, "alpha_value": 0.08770781254768371, "duration": 76.76893138885498, "step": 14000}
{"episode_reward": 710.0, "episode": 57.0, "batch_reward": 0.9456875, "critic_loss": 19.0164845123291, "actor_loss": -86.08039093017578, "alpha_loss": -0.01179771342407912, "alpha_value": 0.08826677972078323, "duration": 78.00392556190491, "step": 14250}
{"episode_reward": 140.0, "episode": 58.0, "batch_reward": 0.97715625, "critic_loss": 18.63825312423706, "actor_loss": -89.37511840820312, "alpha_loss": -0.013807229284197092, "alpha_value": 0.08881122940778732, "duration": 75.93679070472717, "step": 14500}
{"episode_reward": 986.0, "episode": 59.0, "batch_reward": 0.986625, "critic_loss": 18.914341226577758, "actor_loss": -91.4701840209961, "alpha_loss": -0.018928636882454157, "alpha_value": 0.08956902879476547, "duration": 77.60319113731384, "step": 14750}
{"episode_reward": 0.0, "episode": 60.0, "batch_reward": 0.99725, "critic_loss": 20.597362831115724, "actor_loss": -92.98723583984375, "alpha_loss": -0.015163708528503775, "alpha_value": 0.09029411697387696, "duration": 76.48170757293701, "step": 15000}
{"episode_reward": 927.0, "episode": 61.0, "batch_reward": 1.04509375, "critic_loss": 19.99991697692871, "actor_loss": -95.84396551513672, "alpha_loss": -0.013133509730920196, "alpha_value": 0.09074949997663498, "duration": 78.07257628440857, "step": 15250}
{"episode_reward": 655.0, "episode": 62.0, "batch_reward": 1.08234375, "critic_loss": 18.820085285186767, "actor_loss": -98.9457435913086, "alpha_loss": -0.01682169808447361, "alpha_value": 0.09144973480701446, "duration": 77.93344688415527, "step": 15500}
{"episode_reward": 958.0, "episode": 63.0, "batch_reward": 1.10553125, "critic_loss": 21.899782016754152, "actor_loss": -101.3821005859375, "alpha_loss": -0.021211293840780854, "alpha_value": 0.09222611784934998, "duration": 76.75887560844421, "step": 15750}
{"episode_reward": 385.0, "episode": 64.0, "batch_reward": 1.14596875, "critic_loss": 19.820281620025636, "actor_loss": -103.5297861328125, "alpha_loss": -0.012108712887391447, "alpha_value": 0.0930694265961647, "duration": 77.6599931716919, "step": 16000}
{"episode_reward": 988.0, "episode": 65.0, "batch_reward": 1.1794375, "critic_loss": 21.162427494049073, "actor_loss": -107.91457647705079, "alpha_loss": -0.023285729175433516, "alpha_value": 0.09381193190813064, "duration": 77.9328682422638, "step": 16250}
{"episode_reward": 953.0, "episode": 66.0, "batch_reward": 1.20803125, "critic_loss": 18.81532497024536, "actor_loss": -110.85304180908203, "alpha_loss": -0.0153215099144727, "alpha_value": 0.09460816776752472, "duration": 77.73970532417297, "step": 16500}
{"episode_reward": 944.0, "episode": 67.0, "batch_reward": 1.24871875, "critic_loss": 18.47719221496582, "actor_loss": -113.51837725830079, "alpha_loss": -0.014023491136729717, "alpha_value": 0.09530175715684891, "duration": 77.62195491790771, "step": 16750}
{"episode_reward": 906.0, "episode": 68.0, "batch_reward": 1.26925, "critic_loss": 22.45129786300659, "actor_loss": -116.67716101074218, "alpha_loss": -0.007767814887687564, "alpha_value": 0.09575909167528153, "duration": 79.77945137023926, "step": 17000}
{"episode_reward": 174.0, "episode": 69.0, "batch_reward": 1.25409375, "critic_loss": 22.2615940284729, "actor_loss": -118.25673797607422, "alpha_loss": -0.013592659622430801, "alpha_value": 0.09616485184431076, "duration": 88.34971380233765, "step": 17250}
{"episode_reward": 473.0, "episode": 70.0, "batch_reward": 1.2711875, "critic_loss": 25.907326091766357, "actor_loss": -120.42588177490235, "alpha_loss": -0.018515888884663583, "alpha_value": 0.09685501861572265, "duration": 89.18901228904724, "step": 17500}
{"episode_reward": 394.0, "episode": 71.0, "batch_reward": 1.279125, "critic_loss": 22.761190673828125, "actor_loss": -121.65401983642577, "alpha_loss": -0.01674190137349069, "alpha_value": 0.09769940620660782, "duration": 88.72740054130554, "step": 17750}
{"episode_reward": 585.0, "episode": 72.0, "batch_reward": 1.29121875, "critic_loss": 21.99786977005005, "actor_loss": -123.88167694091797, "alpha_loss": -0.014941429244354367, "alpha_value": 0.09836010360717773, "duration": 88.12375259399414, "step": 18000}
{"episode_reward": 45.0, "episode": 73.0, "batch_reward": 1.285625, "critic_loss": 21.138765491485596, "actor_loss": -125.21346270751953, "alpha_loss": -0.016404509844258428, "alpha_value": 0.09916347676515579, "duration": 88.76769042015076, "step": 18250}
{"episode_reward": 914.0, "episode": 74.0, "batch_reward": 1.31321875, "critic_loss": 20.21464337158203, "actor_loss": -128.05853112792968, "alpha_loss": -0.015821916805580257, "alpha_value": 0.0999359551668167, "duration": 88.74815249443054, "step": 18500}
{"episode_reward": 607.0, "episode": 75.0, "batch_reward": 1.31915625, "critic_loss": 20.847063610076905, "actor_loss": -130.4156615600586, "alpha_loss": -0.013693892616778612, "alpha_value": 0.10054535675048829, "duration": 90.44822764396667, "step": 18750}
{"episode_reward": 214.0, "episode": 76.0, "batch_reward": 1.29390625, "critic_loss": 19.711634353637695, "actor_loss": -131.2385166015625, "alpha_loss": 0.000720758568495512, "alpha_value": 0.10080441981554031, "duration": 90.18393158912659, "step": 19000}
{"episode_reward": 0.0, "episode": 77.0, "batch_reward": 1.317375, "critic_loss": 19.779656730651855, "actor_loss": -133.14047894287108, "alpha_loss": 0.003943685380741954, "alpha_value": 0.10068299013376236, "duration": 89.474116563797, "step": 19250}
{"episode_reward": 892.0, "episode": 78.0, "batch_reward": 1.310875, "critic_loss": 20.681699565887453, "actor_loss": -135.3872919921875, "alpha_loss": -0.005101450992748141, "alpha_value": 0.10077392435073852, "duration": 90.76324224472046, "step": 19500}
{"episode_reward": 717.0, "episode": 79.0, "batch_reward": 1.341875, "critic_loss": 19.95482974243164, "actor_loss": -138.05984881591797, "alpha_loss": 0.007236195929348469, "alpha_value": 0.10072295022010803, "duration": 90.41427683830261, "step": 19750}
{"episode_reward": 461.0, "episode": 80.0, "batch_reward": 1.33909375, "critic_loss": 18.577277229309082, "actor_loss": -140.24525073242188, "alpha_loss": 0.006495822060853243, "alpha_value": 0.10033653706312179, "duration": 90.20512771606445, "step": 20000}
{"episode_reward": 35.0, "episode": 81.0, "batch_reward": 1.33696875, "critic_loss": 18.993101284027098, "actor_loss": -139.48330883789063, "alpha_loss": 0.013320345686748624, "alpha_value": 0.09989995610713959, "duration": 103.88184380531311, "step": 20250}
{"episode_reward": 12.0, "episode": 82.0, "batch_reward": 1.30978125, "critic_loss": 21.288619190216064, "actor_loss": -141.43707629394532, "alpha_loss": 0.013160678217187523, "alpha_value": 0.09914659249782562, "duration": 90.5712537765503, "step": 20500}
{"episode_reward": 658.0, "episode": 83.0, "batch_reward": 1.33134375, "critic_loss": 19.472532485961914, "actor_loss": -143.58651684570313, "alpha_loss": 0.002057185991667211, "alpha_value": 0.09881139945983887, "duration": 90.17303085327148, "step": 20750}
{"episode_reward": 57.0, "episode": 84.0, "batch_reward": 1.3393125, "critic_loss": 19.314975215911865, "actor_loss": -145.33945812988281, "alpha_loss": 0.0031078199464827775, "alpha_value": 0.0987261905670166, "duration": 89.08760643005371, "step": 21000}
{"episode_reward": 969.0, "episode": 85.0, "batch_reward": 1.35584375, "critic_loss": 18.603156158447266, "actor_loss": -147.98945904541014, "alpha_loss": 0.0041031458601355555, "alpha_value": 0.09855957388877869, "duration": 89.44156789779663, "step": 21250}
{"episode_reward": 979.0, "episode": 86.0, "batch_reward": 1.3845, "critic_loss": 17.945070514678957, "actor_loss": -147.6195975341797, "alpha_loss": 0.012223628180101514, "alpha_value": 0.09810032576322555, "duration": 90.38143563270569, "step": 21500}
{"episode_reward": 3.0, "episode": 87.0, "batch_reward": 1.3844375, "critic_loss": 19.40366682434082, "actor_loss": -149.84942492675782, "alpha_loss": 0.010333639342337846, "alpha_value": 0.09758201950788498, "duration": 90.42256617546082, "step": 21750}
{"episode_reward": 647.0, "episode": 88.0, "batch_reward": 1.375375, "critic_loss": 19.9380790309906, "actor_loss": -151.03643359375, "alpha_loss": 0.011892785631120204, "alpha_value": 0.09693364155292511, "duration": 90.78968811035156, "step": 22000}
{"episode_reward": 316.0, "episode": 89.0, "batch_reward": 1.3674375, "critic_loss": 21.20672399902344, "actor_loss": -153.33186975097655, "alpha_loss": 0.01757446643617004, "alpha_value": 0.09625410926342011, "duration": 90.89208507537842, "step": 22250}
{"episode_reward": 12.0, "episode": 90.0, "batch_reward": 1.36509375, "critic_loss": 19.984003795623778, "actor_loss": -153.7751221923828, "alpha_loss": 0.021355551216751336, "alpha_value": 0.0952963297367096, "duration": 90.58314061164856, "step": 22500}
{"episode_reward": 938.0, "episode": 91.0, "batch_reward": 1.415625, "critic_loss": 17.988232276916502, "actor_loss": -156.8210068359375, "alpha_loss": 0.0154524688962847, "alpha_value": 0.09441770058870315, "duration": 89.22984981536865, "step": 22750}
{"episode_reward": 892.0, "episode": 92.0, "batch_reward": 1.44125, "critic_loss": 19.682753204345705, "actor_loss": -158.91658361816405, "alpha_loss": 0.019478719003498554, "alpha_value": 0.09356319624185562, "duration": 89.42118215560913, "step": 23000}
{"episode_reward": 961.0, "episode": 93.0, "batch_reward": 1.4280625, "critic_loss": 18.586042789459228, "actor_loss": -160.3997510986328, "alpha_loss": 0.018303094431757927, "alpha_value": 0.09271985733509064, "duration": 88.93508410453796, "step": 23250}
{"episode_reward": 922.0, "episode": 94.0, "batch_reward": 1.45121875, "critic_loss": 19.18351522064209, "actor_loss": -161.97647863769532, "alpha_loss": 0.013815611504018306, "alpha_value": 0.09202295541763306, "duration": 89.59426283836365, "step": 23500}
{"episode_reward": 33.0, "episode": 95.0, "batch_reward": 1.44196875, "critic_loss": 22.108094787597658, "actor_loss": -162.60588439941407, "alpha_loss": 0.0096368214674294, "alpha_value": 0.09134408867359162, "duration": 88.72427821159363, "step": 23750}
{"episode_reward": 331.0, "episode": 96.0, "batch_reward": 1.46003125, "critic_loss": 20.301146697998046, "actor_loss": -165.64643090820311, "alpha_loss": 0.0036284528393298386, "alpha_value": 0.09103700977563858, "duration": 89.79640483856201, "step": 24000}
{"episode_reward": 699.0, "episode": 97.0, "batch_reward": 1.45615625, "critic_loss": 19.347308853149414, "actor_loss": -166.32790100097657, "alpha_loss": 5.891267210245133e-07, "alpha_value": 0.09099222522974014, "duration": 90.64139294624329, "step": 24250}
{"episode_reward": 0.0, "episode": 98.0, "batch_reward": 1.44865625, "critic_loss": 23.20992222595215, "actor_loss": -167.29827380371094, "alpha_loss": 0.0022178194345906376, "alpha_value": 0.09097442483901977, "duration": 90.54494261741638, "step": 24500}
{"episode_reward": 586.0, "episode": 99.0, "batch_reward": 1.4425, "critic_loss": 19.878152656555176, "actor_loss": -167.84054309082032, "alpha_loss": 0.007432040240615606, "alpha_value": 0.09072820496559143, "duration": 90.48392724990845, "step": 24750}
{"episode_reward": 955.0, "episode": 100.0, "batch_reward": 1.4935625, "critic_loss": 21.718199432373048, "actor_loss": -171.93984948730468, "alpha_loss": 0.0005807129498571158, "alpha_value": 0.09054487061500549, "duration": 89.64276480674744, "step": 25000}
{"episode_reward": 960.0, "episode": 101.0, "batch_reward": 1.503625, "critic_loss": 24.238240314483644, "actor_loss": -173.22563427734374, "alpha_loss": 0.001094162428751588, "alpha_value": 0.09047047930955887, "duration": 89.55895566940308, "step": 25250}
{"episode_reward": 897.0, "episode": 102.0, "batch_reward": 1.54946875, "critic_loss": 21.333566619873046, "actor_loss": -177.0877529296875, "alpha_loss": 0.0025324159022420646, "alpha_value": 0.09038184601068497, "duration": 90.78367185592651, "step": 25500}
{"episode_reward": 841.0, "episode": 103.0, "batch_reward": 1.53846875, "critic_loss": 20.264303894042968, "actor_loss": -178.68754626464843, "alpha_loss": 0.0026822707131505014, "alpha_value": 0.09022211438417435, "duration": 90.02105236053467, "step": 25750}
{"episode_reward": 260.0, "episode": 104.0, "batch_reward": 1.5431875, "critic_loss": 19.18122262954712, "actor_loss": -179.10727099609375, "alpha_loss": -0.00842974597401917, "alpha_value": 0.09042854845523834, "duration": 90.09081435203552, "step": 26000}
{"episode_reward": 384.0, "episode": 105.0, "batch_reward": 1.55809375, "critic_loss": 19.376788909912108, "actor_loss": -178.09843469238282, "alpha_loss": -0.0028859585896134376, "alpha_value": 0.09071949863433838, "duration": 89.48089933395386, "step": 26250}
{"episode_reward": 721.0, "episode": 106.0, "batch_reward": 1.56, "critic_loss": 20.579844581604004, "actor_loss": -182.5222487792969, "alpha_loss": 0.0023264637365937235, "alpha_value": 0.09074877566099167, "duration": 90.30359387397766, "step": 26500}
{"episode_reward": 820.0, "episode": 107.0, "batch_reward": 1.58075, "critic_loss": 20.46041199493408, "actor_loss": -184.76809814453125, "alpha_loss": -0.0003705459237098694, "alpha_value": 0.09069608628749848, "duration": 90.2143542766571, "step": 26750}
{"episode_reward": 955.0, "episode": 108.0, "batch_reward": 1.598625, "critic_loss": 22.300620891571047, "actor_loss": -185.22918395996095, "alpha_loss": -0.002356614641845226, "alpha_value": 0.09074613696336746, "duration": 89.7198576927185, "step": 27000}
{"episode_reward": 644.0, "episode": 109.0, "batch_reward": 1.60596875, "critic_loss": 20.12257221221924, "actor_loss": -186.13366369628906, "alpha_loss": 0.0033979317359626292, "alpha_value": 0.09073858386278152, "duration": 90.9337546825409, "step": 27250}
{"episode_reward": 140.0, "episode": 110.0, "batch_reward": 1.5835625, "critic_loss": 18.842946155548095, "actor_loss": -187.7040535888672, "alpha_loss": -0.0045843959916383025, "alpha_value": 0.09073178416490554, "duration": 90.70163154602051, "step": 27500}
{"episode_reward": 17.0, "episode": 111.0, "batch_reward": 1.56875, "critic_loss": 16.91639275741577, "actor_loss": -187.66880114746093, "alpha_loss": -0.0017326934784650803, "alpha_value": 0.0909828708767891, "duration": 90.47947812080383, "step": 27750}
{"episode_reward": 967.0, "episode": 112.0, "batch_reward": 1.58840625, "critic_loss": 18.084887184143067, "actor_loss": -188.42058666992187, "alpha_loss": -0.011043254232034087, "alpha_value": 0.09133696138858795, "duration": 90.82647848129272, "step": 28000}
{"episode_reward": 276.0, "episode": 113.0, "batch_reward": 1.588625, "critic_loss": 20.485815685272218, "actor_loss": -190.802583984375, "alpha_loss": -0.010957000536844135, "alpha_value": 0.09205947339534759, "duration": 89.58731174468994, "step": 28250}
{"episode_reward": 872.0, "episode": 114.0, "batch_reward": 1.61175, "critic_loss": 21.155517040252686, "actor_loss": -190.1405283203125, "alpha_loss": -0.0012830298179760575, "alpha_value": 0.09228211343288421, "duration": 90.31997680664062, "step": 28500}
{"episode_reward": 275.0, "episode": 115.0, "batch_reward": 1.581625, "critic_loss": 21.8560026512146, "actor_loss": -190.33859899902345, "alpha_loss": -0.008154087172821164, "alpha_value": 0.0925872962474823, "duration": 90.89044070243835, "step": 28750}
{"episode_reward": 50.0, "episode": 116.0, "batch_reward": 1.59090625, "critic_loss": 19.391967483520506, "actor_loss": -192.44305029296876, "alpha_loss": -0.015391189001500606, "alpha_value": 0.09325569713115692, "duration": 90.34560441970825, "step": 29000}
{"episode_reward": 493.0, "episode": 117.0, "batch_reward": 1.610875, "critic_loss": 19.664155738830566, "actor_loss": -193.15052368164064, "alpha_loss": -0.0113586680367589, "alpha_value": 0.09402598309516906, "duration": 89.6560890674591, "step": 29250}
{"episode_reward": 990.0, "episode": 118.0, "batch_reward": 1.62771875, "critic_loss": 18.855823398590086, "actor_loss": -196.5120020751953, "alpha_loss": -0.000904848100617528, "alpha_value": 0.0943784882426262, "duration": 90.55579924583435, "step": 29500}
{"episode_reward": 926.0, "episode": 119.0, "batch_reward": 1.65875, "critic_loss": 19.007878559112548, "actor_loss": -196.49235009765624, "alpha_loss": -0.0024682695157825945, "alpha_value": 0.09438939678668976, "duration": 90.40859961509705, "step": 29750}
{"episode_reward": 664.0, "episode": 120.0, "batch_reward": 1.6539375, "critic_loss": 19.853585655212402, "actor_loss": -198.15186486816407, "alpha_loss": 0.0021793092973530293, "alpha_value": 0.09448020845651627, "duration": 89.95758247375488, "step": 30000}
{"episode_reward": 997.0, "episode": 121.0, "batch_reward": 1.6623125, "critic_loss": 18.20629736328125, "actor_loss": -198.59751879882813, "alpha_loss": 0.00011678901128470898, "alpha_value": 0.09437280136346816, "duration": 104.18936967849731, "step": 30250}
{"episode_reward": 776.0, "episode": 122.0, "batch_reward": 1.65146875, "critic_loss": 51.669748386383056, "actor_loss": -202.0702331542969, "alpha_loss": -0.006793565513566136, "alpha_value": 0.09455935221910476, "duration": 90.55765509605408, "step": 30500}
{"episode_reward": 309.0, "episode": 123.0, "batch_reward": 1.67621875, "critic_loss": 55.247646095275876, "actor_loss": -202.58769372558595, "alpha_loss": -0.012958530858159066, "alpha_value": 0.09504934120178223, "duration": 90.62872648239136, "step": 30750}
{"episode_reward": 901.0, "episode": 124.0, "batch_reward": 1.68415625, "critic_loss": 47.71219303131104, "actor_loss": -204.2315617675781, "alpha_loss": -0.013977027947083116, "alpha_value": 0.09596807569265366, "duration": 89.4038815498352, "step": 31000}
{"episode_reward": 930.0, "episode": 125.0, "batch_reward": 1.7068125, "critic_loss": 38.10186302185058, "actor_loss": -205.58263317871095, "alpha_loss": -0.015067141668871045, "alpha_value": 0.09666690093278885, "duration": 89.23179697990417, "step": 31250}
{"episode_reward": 0.0, "episode": 126.0, "batch_reward": 1.6825, "critic_loss": 30.814738403320312, "actor_loss": -206.04837255859374, "alpha_loss": -0.01005944725126028, "alpha_value": 0.09739745473861694, "duration": 90.93267607688904, "step": 31500}
{"episode_reward": 668.0, "episode": 127.0, "batch_reward": 1.70225, "critic_loss": 26.281197563171386, "actor_loss": -207.78048754882812, "alpha_loss": -0.005381934534758329, "alpha_value": 0.09781952786445618, "duration": 90.60345101356506, "step": 31750}
{"episode_reward": 971.0, "episode": 128.0, "batch_reward": 1.692, "critic_loss": 25.813366847991944, "actor_loss": -210.51214880371094, "alpha_loss": -0.012989530256018043, "alpha_value": 0.09825278496742249, "duration": 89.2158374786377, "step": 32000}
{"episode_reward": 603.0, "episode": 129.0, "batch_reward": 1.71821875, "critic_loss": 24.039219631195067, "actor_loss": -212.83361120605468, "alpha_loss": -0.012124287199229002, "alpha_value": 0.09902018386125565, "duration": 90.88430380821228, "step": 32250}
{"episode_reward": 974.0, "episode": 130.0, "batch_reward": 1.75725, "critic_loss": 23.763679176330566, "actor_loss": -215.60318334960937, "alpha_loss": -0.007800416549667716, "alpha_value": 0.09946560710668564, "duration": 90.53816032409668, "step": 32500}
{"episode_reward": 968.0, "episode": 131.0, "batch_reward": 1.75790625, "critic_loss": 28.451169105529786, "actor_loss": -216.09206115722657, "alpha_loss": -0.0074698127787560225, "alpha_value": 0.10006226027011872, "duration": 90.49654483795166, "step": 32750}
{"episode_reward": 994.0, "episode": 132.0, "batch_reward": 1.78, "critic_loss": 26.362311157226564, "actor_loss": -217.62429797363282, "alpha_loss": 0.0019593111779540777, "alpha_value": 0.10016129052639007, "duration": 90.55803155899048, "step": 33000}
{"episode_reward": 943.0, "episode": 133.0, "batch_reward": 1.7933125, "critic_loss": 23.59720895767212, "actor_loss": -219.68909619140624, "alpha_loss": -0.0006302500553429127, "alpha_value": 0.10008294975757599, "duration": 90.8263840675354, "step": 33250}
{"episode_reward": 979.0, "episode": 134.0, "batch_reward": 1.8185, "critic_loss": 22.967159191131593, "actor_loss": -220.7125379638672, "alpha_loss": 0.003337487431243062, "alpha_value": 0.10005396807193756, "duration": 90.61399722099304, "step": 33500}
{"episode_reward": 976.0, "episode": 135.0, "batch_reward": 1.82084375, "critic_loss": 26.77222376251221, "actor_loss": -222.80628088378907, "alpha_loss": -0.0032360960114747287, "alpha_value": 0.09997795647382736, "duration": 90.57437086105347, "step": 33750}
{"episode_reward": 955.0, "episode": 136.0, "batch_reward": 1.82178125, "critic_loss": 36.402528224945065, "actor_loss": -224.21079052734376, "alpha_loss": 0.0001691651288419962, "alpha_value": 0.10009385228157043, "duration": 90.88821339607239, "step": 34000}
{"episode_reward": 1000.0, "episode": 137.0, "batch_reward": 1.8425, "critic_loss": 25.77060972213745, "actor_loss": -226.87376147460938, "alpha_loss": -0.0003647800562903285, "alpha_value": 0.09999850934743881, "duration": 90.51597809791565, "step": 34250}
{"episode_reward": 969.0, "episode": 138.0, "batch_reward": 1.84775, "critic_loss": 27.06592601776123, "actor_loss": -227.5087890625, "alpha_loss": 0.003478567173704505, "alpha_value": 0.09993616956472397, "duration": 88.49935722351074, "step": 34500}
{"episode_reward": 109.0, "episode": 139.0, "batch_reward": 1.8510625, "critic_loss": 26.294490379333496, "actor_loss": -229.72362072753907, "alpha_loss": 0.004807814853265881, "alpha_value": 0.09974124729633331, "duration": 90.90219902992249, "step": 34750}
{"episode_reward": 1000.0, "episode": 140.0, "batch_reward": 1.9018125, "critic_loss": 27.84608790588379, "actor_loss": -230.8867109375, "alpha_loss": -0.00048217973113059997, "alpha_value": 0.09965730255842209, "duration": 90.3513412475586, "step": 35000}
{"episode_reward": 962.0, "episode": 141.0, "batch_reward": 1.87515625, "critic_loss": 29.61886497116089, "actor_loss": -231.70943395996093, "alpha_loss": 0.0004310538526624441, "alpha_value": 0.09965922075510025, "duration": 89.86979150772095, "step": 35250}
{"episode_reward": 984.0, "episode": 142.0, "batch_reward": 1.8869375, "critic_loss": 28.489335901260375, "actor_loss": -234.8176416015625, "alpha_loss": 0.0026649300046265125, "alpha_value": 0.09954970759153366, "duration": 89.60090732574463, "step": 35500}
{"episode_reward": 940.0, "episode": 143.0, "batch_reward": 1.9059375, "critic_loss": 25.888444103240968, "actor_loss": -236.30537524414063, "alpha_loss": 0.0041259256657212974, "alpha_value": 0.09934036415815353, "duration": 88.99914193153381, "step": 35750}
{"episode_reward": 937.0, "episode": 144.0, "batch_reward": 1.9315, "critic_loss": 28.594109939575194, "actor_loss": -237.00751525878906, "alpha_loss": -0.0006511625088751316, "alpha_value": 0.09918196666240692, "duration": 89.99849534034729, "step": 36000}
{"episode_reward": 975.0, "episode": 145.0, "batch_reward": 1.9404375, "critic_loss": 32.652257667541505, "actor_loss": -238.20145471191407, "alpha_loss": 3.0027665197849273e-05, "alpha_value": 0.09930410301685333, "duration": 90.84037280082703, "step": 36250}
{"episode_reward": 455.0, "episode": 146.0, "batch_reward": 1.9261875, "critic_loss": 29.166152629852295, "actor_loss": -237.4148790283203, "alpha_loss": -0.0023271202836185694, "alpha_value": 0.09936680114269257, "duration": 90.54290080070496, "step": 36500}
{"episode_reward": 134.0, "episode": 147.0, "batch_reward": 1.91696875, "critic_loss": 27.693159660339354, "actor_loss": -238.42380493164063, "alpha_loss": 0.0024881754284724594, "alpha_value": 0.0993006225824356, "duration": 89.9840018749237, "step": 36750}
{"episode_reward": 903.0, "episode": 148.0, "batch_reward": 1.943375, "critic_loss": 25.846268600463866, "actor_loss": -240.31956750488283, "alpha_loss": 0.0012990517430007458, "alpha_value": 0.0992005410194397, "duration": 89.55137085914612, "step": 37000}
{"episode_reward": 974.0, "episode": 149.0, "batch_reward": 1.9638125, "critic_loss": 27.48522957611084, "actor_loss": -243.28601171875, "alpha_loss": 0.0021713121682405473, "alpha_value": 0.09914245301485061, "duration": 90.80129933357239, "step": 37250}
{"episode_reward": 982.0, "episode": 150.0, "batch_reward": 1.9783125, "critic_loss": 27.03819578933716, "actor_loss": -244.23641833496094, "alpha_loss": -0.008045069033280014, "alpha_value": 0.0993173617720604, "duration": 90.91773843765259, "step": 37500}
{"episode_reward": 417.0, "episode": 151.0, "batch_reward": 1.9830625, "critic_loss": 26.981245086669922, "actor_loss": -246.06949951171876, "alpha_loss": -0.008639596106484532, "alpha_value": 0.09981095415353775, "duration": 91.01457238197327, "step": 37750}
{"episode_reward": 968.0, "episode": 152.0, "batch_reward": 1.9835, "critic_loss": 38.510939151763914, "actor_loss": -246.73628149414063, "alpha_loss": 0.0012023243736475706, "alpha_value": 0.10012394881248474, "duration": 91.08083152770996, "step": 38000}
{"episode_reward": 427.0, "episode": 153.0, "batch_reward": 1.9561875, "critic_loss": 31.116675228118897, "actor_loss": -248.1905944824219, "alpha_loss": -0.005721530444920063, "alpha_value": 0.10006290471553803, "duration": 90.83439135551453, "step": 38250}
{"episode_reward": 196.0, "episode": 154.0, "batch_reward": 1.9648125, "critic_loss": 28.871835960388182, "actor_loss": -250.30014538574218, "alpha_loss": -0.015071618266403675, "alpha_value": 0.1006608680486679, "duration": 90.15585803985596, "step": 38500}
{"episode_reward": 228.0, "episode": 155.0, "batch_reward": 1.94346875, "critic_loss": 28.253205375671385, "actor_loss": -248.62128198242186, "alpha_loss": -0.01849470869079232, "alpha_value": 0.10166682595014573, "duration": 90.20337629318237, "step": 38750}
{"episode_reward": 8.0, "episode": 156.0, "batch_reward": 1.9774375, "critic_loss": 25.06620963668823, "actor_loss": -251.01372387695312, "alpha_loss": -0.01852488774433732, "alpha_value": 0.10272664195299148, "duration": 90.17153286933899, "step": 39000}
{"episode_reward": 904.0, "episode": 157.0, "batch_reward": 1.95253125, "critic_loss": 24.997355415344238, "actor_loss": -250.63163000488282, "alpha_loss": -0.015378767613321543, "alpha_value": 0.10356989359855652, "duration": 89.6216094493866, "step": 39250}
{"episode_reward": 921.0, "episode": 158.0, "batch_reward": 1.97978125, "critic_loss": 23.140567920684813, "actor_loss": -254.01639379882812, "alpha_loss": -0.007494205251336098, "alpha_value": 0.10418887823820114, "duration": 90.38611626625061, "step": 39500}
{"episode_reward": 946.0, "episode": 159.0, "batch_reward": 1.979375, "critic_loss": 27.87972465133667, "actor_loss": -255.04464440917968, "alpha_loss": -0.012762929250486195, "alpha_value": 0.10477448147535325, "duration": 90.17230343818665, "step": 39750}
{"episode_reward": 816.0, "episode": 160.0, "batch_reward": 1.98440625, "critic_loss": 38.72533486938477, "actor_loss": -254.98312072753907, "alpha_loss": -0.0049453009963035584, "alpha_value": 0.10529001915454865, "duration": 90.77817153930664, "step": 40000}
{"episode_reward": 23.0, "episode": 161.0, "batch_reward": 1.974, "critic_loss": 26.378496128082276, "actor_loss": -255.82848999023437, "alpha_loss": -0.0007264522574841976, "alpha_value": 0.10552182388305664, "duration": 103.68744158744812, "step": 40250}
{"episode_reward": 852.0, "episode": 162.0, "batch_reward": 1.97796875, "critic_loss": 23.92020414352417, "actor_loss": -257.24190405273436, "alpha_loss": 0.006257542315870524, "alpha_value": 0.10528724873065949, "duration": 90.65520167350769, "step": 40500}
{"episode_reward": 933.0, "episode": 163.0, "batch_reward": 2.00584375, "critic_loss": 24.195801990509032, "actor_loss": -260.50880908203123, "alpha_loss": 0.0015241071190685033, "alpha_value": 0.1051296284198761, "duration": 90.56197905540466, "step": 40750}
{"episode_reward": 974.0, "episode": 164.0, "batch_reward": 2.01775, "critic_loss": 23.875960220336914, "actor_loss": -260.52612463378904, "alpha_loss": 0.006590895495377481, "alpha_value": 0.10494420605897903, "duration": 90.2298469543457, "step": 41000}
{"episode_reward": 947.0, "episode": 165.0, "batch_reward": 2.02121875, "critic_loss": 22.840510360717772, "actor_loss": -261.2711253662109, "alpha_loss": 0.005922369433566928, "alpha_value": 0.10444042921066284, "duration": 90.79547071456909, "step": 41250}
{"episode_reward": 934.0, "episode": 166.0, "batch_reward": 2.028125, "critic_loss": 21.686545433044433, "actor_loss": -263.7104118652344, "alpha_loss": 0.0022791465483605862, "alpha_value": 0.10422278356552124, "duration": 90.99477624893188, "step": 41500}
{"episode_reward": 973.0, "episode": 167.0, "batch_reward": 2.0395, "critic_loss": 24.63949626159668, "actor_loss": -265.16625964355467, "alpha_loss": 0.012495431326329708, "alpha_value": 0.10391528511047363, "duration": 90.51379489898682, "step": 41750}
{"episode_reward": 976.0, "episode": 168.0, "batch_reward": 2.058875, "critic_loss": 24.981215011596678, "actor_loss": -267.0320883789062, "alpha_loss": 0.008825399324297906, "alpha_value": 0.10334523469209671, "duration": 88.96185302734375, "step": 42000}
{"episode_reward": 810.0, "episode": 169.0, "batch_reward": 2.0629375, "critic_loss": 21.469151077270507, "actor_loss": -268.6742319335938, "alpha_loss": 0.0058714296296238895, "alpha_value": 0.10287272852659225, "duration": 89.46688437461853, "step": 42250}
{"episode_reward": 985.0, "episode": 170.0, "batch_reward": 2.08290625, "critic_loss": 22.69071920776367, "actor_loss": -269.73423742675783, "alpha_loss": 0.004837854135781527, "alpha_value": 0.10262677639722824, "duration": 89.0396831035614, "step": 42500}
{"episode_reward": 971.0, "episode": 171.0, "batch_reward": 2.07803125, "critic_loss": 19.796339153289797, "actor_loss": -270.19151745605467, "alpha_loss": 0.007074624963104725, "alpha_value": 0.10222327399253846, "duration": 89.98590850830078, "step": 42750}
{"episode_reward": 961.0, "episode": 172.0, "batch_reward": 2.0899375, "critic_loss": 20.830812183380125, "actor_loss": -272.7117119140625, "alpha_loss": 0.006612885639071465, "alpha_value": 0.10182419127225875, "duration": 87.03412747383118, "step": 43000}
{"episode_reward": 967.0, "episode": 173.0, "batch_reward": 2.06996875, "critic_loss": 20.24574657058716, "actor_loss": -271.5050266113281, "alpha_loss": 0.009879626432433725, "alpha_value": 0.10150855183601379, "duration": 75.49589896202087, "step": 43250}
{"episode_reward": 1.0, "episode": 174.0, "batch_reward": 2.08509375, "critic_loss": 19.547156463623047, "actor_loss": -272.83779504394533, "alpha_loss": 0.012020051974803209, "alpha_value": 0.1008390486240387, "duration": 81.97924542427063, "step": 43500}
{"episode_reward": 967.0, "episode": 175.0, "batch_reward": 2.0886875, "critic_loss": 24.496067665100096, "actor_loss": -274.13172265625, "alpha_loss": 0.011277914807200431, "alpha_value": 0.10019144374132156, "duration": 90.3957839012146, "step": 43750}
{"episode_reward": 955.0, "episode": 176.0, "batch_reward": 2.11075, "critic_loss": 19.130437278747557, "actor_loss": -275.1927900390625, "alpha_loss": 0.01539485247246921, "alpha_value": 0.09940943938493729, "duration": 90.30878782272339, "step": 44000}
{"episode_reward": 963.0, "episode": 177.0, "batch_reward": 2.11878125, "critic_loss": 18.596335220336915, "actor_loss": -276.2661188964844, "alpha_loss": 0.013956498049199581, "alpha_value": 0.09866394609212875, "duration": 90.65664958953857, "step": 44250}
{"episode_reward": 858.0, "episode": 178.0, "batch_reward": 2.110375, "critic_loss": 17.305787246704103, "actor_loss": -276.74358081054686, "alpha_loss": 0.013588180087506771, "alpha_value": 0.09796071165800095, "duration": 90.44838333129883, "step": 44500}
{"episode_reward": 972.0, "episode": 179.0, "batch_reward": 2.1371875, "critic_loss": 17.491324104309083, "actor_loss": -276.3427802734375, "alpha_loss": 0.01695432283077389, "alpha_value": 0.09714892172813415, "duration": 90.71892261505127, "step": 44750}
{"episode_reward": 980.0, "episode": 180.0, "batch_reward": 2.14771875, "critic_loss": 17.741368076324463, "actor_loss": -278.979240234375, "alpha_loss": 0.014175500998273492, "alpha_value": 0.09634936290979386, "duration": 89.023996591568, "step": 45000}
{"episode_reward": 955.0, "episode": 181.0, "batch_reward": 2.14596875, "critic_loss": 18.38419464492798, "actor_loss": -278.10951586914064, "alpha_loss": 0.014947805404663086, "alpha_value": 0.09565296769142151, "duration": 89.5104284286499, "step": 45250}
{"episode_reward": 87.0, "episode": 182.0, "batch_reward": 2.1520625, "critic_loss": 17.785292789459227, "actor_loss": -278.5356906738281, "alpha_loss": 0.02058524844609201, "alpha_value": 0.09473670452833176, "duration": 90.00478506088257, "step": 45500}
{"episode_reward": 982.0, "episode": 183.0, "batch_reward": 2.16178125, "critic_loss": 25.707650691986085, "actor_loss": -280.0782312011719, "alpha_loss": 0.014063634719699621, "alpha_value": 0.09388614302873612, "duration": 91.2349328994751, "step": 45750}
{"episode_reward": 967.0, "episode": 184.0, "batch_reward": 2.154125, "critic_loss": 17.951113166809083, "actor_loss": -280.93847387695314, "alpha_loss": 0.01958993863500655, "alpha_value": 0.09306995606422425, "duration": 90.63239407539368, "step": 46000}
{"episode_reward": 977.0, "episode": 185.0, "batch_reward": 2.1820625, "critic_loss": 18.073335426330566, "actor_loss": -281.2701462402344, "alpha_loss": 0.015116727275773883, "alpha_value": 0.09229438424110413, "duration": 90.25400638580322, "step": 46250}
{"episode_reward": 964.0, "episode": 186.0, "batch_reward": 2.18203125, "critic_loss": 26.622753253936768, "actor_loss": -281.94233154296876, "alpha_loss": 0.009940348351374268, "alpha_value": 0.09171290916204453, "duration": 90.7416603565216, "step": 46500}
{"episode_reward": 13.0, "episode": 187.0, "batch_reward": 2.15996875, "critic_loss": 18.468364025115967, "actor_loss": -283.4491594238281, "alpha_loss": 0.01685668340139091, "alpha_value": 0.09110346829891205, "duration": 89.81838941574097, "step": 46750}
{"episode_reward": 939.0, "episode": 188.0, "batch_reward": 2.1685625, "critic_loss": 16.310850505828856, "actor_loss": -281.5816276855469, "alpha_loss": 0.01518994428217411, "alpha_value": 0.0903157833814621, "duration": 90.51697301864624, "step": 47000}
{"episode_reward": 73.0, "episode": 189.0, "batch_reward": 2.16925, "critic_loss": 19.774398185729982, "actor_loss": -282.46239794921877, "alpha_loss": 0.011120121467858552, "alpha_value": 0.08968838495016097, "duration": 91.24912428855896, "step": 47250}
{"episode_reward": 203.0, "episode": 190.0, "batch_reward": 2.15621875, "critic_loss": 17.718826473236085, "actor_loss": -284.3436435546875, "alpha_loss": 0.012077217906713485, "alpha_value": 0.08920699614286423, "duration": 91.42392921447754, "step": 47500}
{"episode_reward": 985.0, "episode": 191.0, "batch_reward": 2.16284375, "critic_loss": 16.809028366088867, "actor_loss": -285.2545119628906, "alpha_loss": 0.012359141988679767, "alpha_value": 0.08861459004878998, "duration": 91.21692872047424, "step": 47750}
{"episode_reward": 963.0, "episode": 192.0, "batch_reward": 2.18353125, "critic_loss": 18.56479177856445, "actor_loss": -286.4552209472656, "alpha_loss": 0.0028519714795984326, "alpha_value": 0.0882717415690422, "duration": 91.28057861328125, "step": 48000}
{"episode_reward": 9.0, "episode": 193.0, "batch_reward": 2.16165625, "critic_loss": 19.833809412002562, "actor_loss": -286.133083984375, "alpha_loss": 0.007408847542479635, "alpha_value": 0.08803273767232894, "duration": 90.77524733543396, "step": 48250}
{"episode_reward": 8.0, "episode": 194.0, "batch_reward": 2.15140625, "critic_loss": 17.751721908569337, "actor_loss": -285.98810961914063, "alpha_loss": 0.007433424497023225, "alpha_value": 0.0876724528670311, "duration": 89.44937300682068, "step": 48500}
{"episode_reward": 993.0, "episode": 195.0, "batch_reward": 2.1853125, "critic_loss": 20.36277597427368, "actor_loss": -287.6899240722656, "alpha_loss": 0.006671122908592224, "alpha_value": 0.08723811185359955, "duration": 91.04541492462158, "step": 48750}
{"episode_reward": 977.0, "episode": 196.0, "batch_reward": 2.19259375, "critic_loss": 17.34703588104248, "actor_loss": -288.29155493164063, "alpha_loss": 0.00950083458982408, "alpha_value": 0.08687507051229477, "duration": 90.89891314506531, "step": 49000}
{"episode_reward": 960.0, "episode": 197.0, "batch_reward": 2.16615625, "critic_loss": 18.807330936431885, "actor_loss": -286.9791884765625, "alpha_loss": 0.006377214096486569, "alpha_value": 0.08638242173194885, "duration": 90.22297358512878, "step": 49250}
{"episode_reward": 7.0, "episode": 198.0, "batch_reward": 2.17265625, "critic_loss": 17.075778018951414, "actor_loss": -287.25311474609373, "alpha_loss": 0.010006188770756125, "alpha_value": 0.08607354062795639, "duration": 89.8924150466919, "step": 49500}
{"episode_reward": 14.0, "episode": 199.0, "batch_reward": 2.15728125, "critic_loss": 20.313426055908202, "actor_loss": -288.2962341308594, "alpha_loss": 0.013206714360974729, "alpha_value": 0.08550623261928558, "duration": 89.92188572883606, "step": 49750}
{"episode_reward": 963.0, "episode": 200.0, "batch_reward": 2.17321875, "critic_loss": 17.79177952194214, "actor_loss": -288.4794826660156, "alpha_loss": 0.009913119779899716, "alpha_value": 0.08485016816854477, "duration": 91.19507098197937, "step": 50000}
{"episode_reward": 1000.0, "episode": 201.0, "batch_reward": 2.1775, "critic_loss": 15.600855630874634, "actor_loss": -289.3612795410156, "alpha_loss": 0.010068444136530161, "alpha_value": 0.08439023315906524, "duration": 105.18390107154846, "step": 50250}
{"episode_reward": 933.0, "episode": 202.0, "batch_reward": 2.18409375, "critic_loss": 15.982807954788209, "actor_loss": -291.67566235351563, "alpha_loss": 0.012275159142911433, "alpha_value": 0.08382385784387589, "duration": 90.87831020355225, "step": 50500}
{"episode_reward": 970.0, "episode": 203.0, "batch_reward": 2.20040625, "critic_loss": 16.212532108306885, "actor_loss": -291.03085888671876, "alpha_loss": 0.01579806819744408, "alpha_value": 0.08314700239896775, "duration": 90.44683122634888, "step": 50750}
{"episode_reward": 604.0, "episode": 204.0, "batch_reward": 2.1909375, "critic_loss": 17.390155563354494, "actor_loss": -291.16365600585937, "alpha_loss": 0.01516881532687694, "alpha_value": 0.08235486483573913, "duration": 90.56919884681702, "step": 51000}
{"episode_reward": 967.0, "episode": 205.0, "batch_reward": 2.1980625, "critic_loss": 17.503087673187256, "actor_loss": -293.3288149414062, "alpha_loss": 0.01776814812794328, "alpha_value": 0.081575155377388, "duration": 90.13638877868652, "step": 51250}
{"episode_reward": 956.0, "episode": 206.0, "batch_reward": 2.228625, "critic_loss": 16.643977813720703, "actor_loss": -294.3798454589844, "alpha_loss": 0.017147669686004518, "alpha_value": 0.08070430386066436, "duration": 90.50766897201538, "step": 51500}
{"episode_reward": 186.0, "episode": 207.0, "batch_reward": 2.2119375, "critic_loss": 18.21777610015869, "actor_loss": -292.7052961425781, "alpha_loss": 0.009773730173707008, "alpha_value": 0.08009155952930451, "duration": 89.45521426200867, "step": 51750}
{"episode_reward": 962.0, "episode": 208.0, "batch_reward": 2.21096875, "critic_loss": 15.1412207736969, "actor_loss": -293.0201726074219, "alpha_loss": 0.01578662064205855, "alpha_value": 0.07948304098844529, "duration": 89.86009645462036, "step": 52000}
{"episode_reward": 985.0, "episode": 209.0, "batch_reward": 2.233625, "critic_loss": 14.407473199844361, "actor_loss": -296.38806372070314, "alpha_loss": 0.012713657721877098, "alpha_value": 0.07885205841064453, "duration": 90.26511335372925, "step": 52250}
{"episode_reward": 999.0, "episode": 210.0, "batch_reward": 2.21896875, "critic_loss": 14.326492395401, "actor_loss": -295.2476025390625, "alpha_loss": 0.01551409074664116, "alpha_value": 0.07821827501058579, "duration": 91.11380910873413, "step": 52500}
{"episode_reward": 950.0, "episode": 211.0, "batch_reward": 2.2466875, "critic_loss": 15.18185103225708, "actor_loss": -296.26237866210937, "alpha_loss": 0.018936251912266017, "alpha_value": 0.07737749856710434, "duration": 90.7882137298584, "step": 52750}
{"episode_reward": 909.0, "episode": 212.0, "batch_reward": 2.2554375, "critic_loss": 15.78487361907959, "actor_loss": -298.75186987304687, "alpha_loss": 0.013514997923746705, "alpha_value": 0.07663184309005737, "duration": 90.58482456207275, "step": 53000}
{"episode_reward": 976.0, "episode": 213.0, "batch_reward": 2.26134375, "critic_loss": 19.104865015029908, "actor_loss": -298.10325268554686, "alpha_loss": 0.010193851199001075, "alpha_value": 0.07612324219942093, "duration": 89.28888249397278, "step": 53250}
{"episode_reward": 950.0, "episode": 214.0, "batch_reward": 2.25484375, "critic_loss": 16.239965585708617, "actor_loss": -299.1002822265625, "alpha_loss": 0.010859553111717105, "alpha_value": 0.07571329081058502, "duration": 89.06339502334595, "step": 53500}
{"episode_reward": 978.0, "episode": 215.0, "batch_reward": 2.27646875, "critic_loss": 23.37247812652588, "actor_loss": -299.7631511230469, "alpha_loss": 0.012473263814114035, "alpha_value": 0.07509402185678482, "duration": 89.6588523387909, "step": 53750}
{"episode_reward": 246.0, "episode": 216.0, "batch_reward": 2.253125, "critic_loss": 17.7935072555542, "actor_loss": -300.2591911621094, "alpha_loss": 0.009770111544057727, "alpha_value": 0.0746153420805931, "duration": 89.89097499847412, "step": 54000}
{"episode_reward": 197.0, "episode": 217.0, "batch_reward": 2.2605625, "critic_loss": 15.83453419494629, "actor_loss": -300.9958642578125, "alpha_loss": 0.006644274156540632, "alpha_value": 0.07422541642189026, "duration": 90.88282370567322, "step": 54250}
{"episode_reward": 344.0, "episode": 218.0, "batch_reward": 2.259125, "critic_loss": 14.700955963134765, "actor_loss": -299.8957316894531, "alpha_loss": 0.006311985169537365, "alpha_value": 0.07396090602874755, "duration": 90.73642444610596, "step": 54500}
{"episode_reward": 974.0, "episode": 219.0, "batch_reward": 2.2435625, "critic_loss": 16.336340454101563, "actor_loss": -299.91605981445315, "alpha_loss": 0.008555532502010464, "alpha_value": 0.07351075243949891, "duration": 90.36814188957214, "step": 54750}
{"episode_reward": 982.0, "episode": 220.0, "batch_reward": 2.2665625, "critic_loss": 16.46726588821411, "actor_loss": -302.9041586914062, "alpha_loss": 0.008404777437448501, "alpha_value": 0.07320881497859955, "duration": 90.66177821159363, "step": 55000}
{"episode_reward": 947.0, "episode": 221.0, "batch_reward": 2.277625, "critic_loss": 15.334023832321167, "actor_loss": -302.06910571289063, "alpha_loss": 0.005316169876605273, "alpha_value": 0.07285339522361756, "duration": 90.33291578292847, "step": 55250}
{"episode_reward": 524.0, "episode": 222.0, "batch_reward": 2.26284375, "critic_loss": 14.226933238983154, "actor_loss": -302.28579614257814, "alpha_loss": 0.007223227074369789, "alpha_value": 0.07256610184907913, "duration": 89.80659103393555, "step": 55500}
{"episode_reward": 980.0, "episode": 223.0, "batch_reward": 2.28678125, "critic_loss": 14.832150674819946, "actor_loss": -304.27492504882815, "alpha_loss": 0.0025671604219824075, "alpha_value": 0.07231132912635803, "duration": 89.19240593910217, "step": 55750}
{"episode_reward": 61.0, "episode": 224.0, "batch_reward": 2.27640625, "critic_loss": 14.57826459121704, "actor_loss": -303.67933911132815, "alpha_loss": 0.007727512192912399, "alpha_value": 0.07201442098617554, "duration": 88.41648721694946, "step": 56000}
{"episode_reward": 992.0, "episode": 225.0, "batch_reward": 2.27078125, "critic_loss": 24.3652511844635, "actor_loss": -304.18329736328127, "alpha_loss": 0.010437017023563385, "alpha_value": 0.07164563417434693, "duration": 90.16203308105469, "step": 56250}
{"episode_reward": 968.0, "episode": 226.0, "batch_reward": 2.26359375, "critic_loss": 13.858554166793823, "actor_loss": -303.13689233398435, "alpha_loss": 0.012598013386130332, "alpha_value": 0.07096688032150268, "duration": 91.28177690505981, "step": 56500}
{"episode_reward": 0.0, "episode": 227.0, "batch_reward": 2.2663125, "critic_loss": 13.191779178619385, "actor_loss": -302.6800549316406, "alpha_loss": 0.01015042207017541, "alpha_value": 0.0703801915049553, "duration": 90.53397464752197, "step": 56750}
{"episode_reward": 804.0, "episode": 228.0, "batch_reward": 2.27609375, "critic_loss": 13.066713985443116, "actor_loss": -303.236412109375, "alpha_loss": 0.008500248812139035, "alpha_value": 0.0699788584113121, "duration": 91.10752367973328, "step": 57000}
{"episode_reward": 140.0, "episode": 229.0, "batch_reward": 2.25725, "critic_loss": 18.244675479888915, "actor_loss": -303.796568359375, "alpha_loss": 0.00907693068869412, "alpha_value": 0.06948580574989319, "duration": 90.82163310050964, "step": 57250}
{"episode_reward": 237.0, "episode": 230.0, "batch_reward": 2.26540625, "critic_loss": 17.258197689056395, "actor_loss": -303.603998046875, "alpha_loss": 0.008013749666512013, "alpha_value": 0.06906583487987518, "duration": 91.53817796707153, "step": 57500}
{"episode_reward": 947.0, "episode": 231.0, "batch_reward": 2.26571875, "critic_loss": 18.120559608459473, "actor_loss": -303.1088239746094, "alpha_loss": 0.0032093722065910696, "alpha_value": 0.06879284292459488, "duration": 91.20195460319519, "step": 57750}
{"episode_reward": 972.0, "episode": 232.0, "batch_reward": 2.26525, "critic_loss": 17.01267440032959, "actor_loss": -303.41221875, "alpha_loss": 0.0006495400881394744, "alpha_value": 0.06866848069429397, "duration": 90.84918522834778, "step": 58000}
{"episode_reward": 563.0, "episode": 233.0, "batch_reward": 2.260875, "critic_loss": 15.95735920906067, "actor_loss": -302.5509675292969, "alpha_loss": 0.0020008748658001422, "alpha_value": 0.06866703796386718, "duration": 90.39805388450623, "step": 58250}
{"episode_reward": 30.0, "episode": 234.0, "batch_reward": 2.2846875, "critic_loss": 55.0584125289917, "actor_loss": -303.6766936035156, "alpha_loss": 0.0009826952749863267, "alpha_value": 0.06861585682630539, "duration": 91.31584930419922, "step": 58500}
{"episode_reward": 170.0, "episode": 235.0, "batch_reward": 2.2468125, "critic_loss": 18.84708327484131, "actor_loss": -301.7833627929688, "alpha_loss": 0.003703284895978868, "alpha_value": 0.06845709776878357, "duration": 91.31432151794434, "step": 58750}
{"episode_reward": 362.0, "episode": 236.0, "batch_reward": 2.27121875, "critic_loss": 16.738040756225587, "actor_loss": -303.7389340820313, "alpha_loss": 0.0036889096274971963, "alpha_value": 0.06822816503047943, "duration": 89.65611433982849, "step": 59000}
{"episode_reward": 0.0, "episode": 237.0, "batch_reward": 2.24721875, "critic_loss": 15.322460178375245, "actor_loss": -302.1503967285156, "alpha_loss": 0.00037688943557441236, "alpha_value": 0.06808812510967255, "duration": 90.03852438926697, "step": 59250}
{"episode_reward": 949.0, "episode": 238.0, "batch_reward": 2.26915625, "critic_loss": 14.461134889602661, "actor_loss": -304.6541418457031, "alpha_loss": 8.571799658238888e-05, "alpha_value": 0.06808378154039382, "duration": 90.84295010566711, "step": 59500}
{"episode_reward": 963.0, "episode": 239.0, "batch_reward": 2.25515625, "critic_loss": 14.59278769493103, "actor_loss": -301.93246557617186, "alpha_loss": -0.005183845375664532, "alpha_value": 0.06826028203964234, "duration": 89.81741213798523, "step": 59750}
{"episode_reward": 965.0, "episode": 240.0, "batch_reward": 2.268375, "critic_loss": 14.103701257705689, "actor_loss": -304.52760131835936, "alpha_loss": -0.002108355347067118, "alpha_value": 0.06841839975118637, "duration": 89.71512722969055, "step": 60000}
