{"episode_reward": 0.0, "episode": 1.0, "duration": 19.325598001480103, "step": 250}
{"episode_reward": 59.72814558973196, "episode": 2.0, "duration": 1.0745413303375244, "step": 500}
{"episode_reward": 48.70816289734363, "episode": 3.0, "duration": 1.0540809631347656, "step": 750}
{"episode_reward": 46.21279011925397, "episode": 4.0, "duration": 1.0279054641723633, "step": 1000}
{"episode_reward": 67.92203932270468, "episode": 5.0, "batch_reward": 0.22223029194401206, "critic_loss": 0.29819362541978317, "actor_loss": -3.420186043069847, "alpha_loss": 0.9228161519585555, "alpha_value": 0.09467403181029808, "duration": 406.73119711875916, "step": 1250}
{"episode_reward": 44.174058934667535, "episode": 6.0, "batch_reward": 0.2139962524175644, "critic_loss": 0.45187625566124917, "actor_loss": -5.865704772949218, "alpha_loss": 0.8346442055702209, "alpha_value": 0.08922482097148896, "duration": 76.81590509414673, "step": 1500}
{"episode_reward": 51.748531725592635, "episode": 7.0, "batch_reward": 0.2143151814341545, "critic_loss": 0.3857023410797119, "actor_loss": -6.3163789367675784, "alpha_loss": 0.8208666596412658, "alpha_value": 0.08820115906000138, "duration": 76.91068983078003, "step": 1750}
{"episode_reward": 86.73530295576785, "episode": 8.0, "batch_reward": 0.23972436690330506, "critic_loss": 0.536267395734787, "actor_loss": -6.912652690887451, "alpha_loss": 0.791627140045166, "alpha_value": 0.08720158070325851, "duration": 75.65634727478027, "step": 2000}
{"episode_reward": 128.5053444482954, "episode": 9.0, "batch_reward": 0.2780809724330902, "critic_loss": 0.6446747584939003, "actor_loss": -7.512319423675537, "alpha_loss": 0.76821577501297, "alpha_value": 0.0862344885468483, "duration": 75.92418336868286, "step": 2250}
{"episode_reward": 130.48226218358684, "episode": 10.0, "batch_reward": 0.2934658616781235, "critic_loss": 0.9502240695953369, "actor_loss": -8.136578071594238, "alpha_loss": 0.7351895470619202, "alpha_value": 0.08529422998428345, "duration": 75.67008519172668, "step": 2500}
{"episode_reward": 61.60781184199116, "episode": 11.0, "batch_reward": 0.28437455487251284, "critic_loss": 1.1339625210762023, "actor_loss": -8.6268994140625, "alpha_loss": 0.7182386951446533, "alpha_value": 0.08438099664449691, "duration": 75.6517984867096, "step": 2750}
{"episode_reward": 53.90736381493107, "episode": 12.0, "batch_reward": 0.2810016914010048, "critic_loss": 0.9519708080291748, "actor_loss": -9.101274337768555, "alpha_loss": 0.7021573815345764, "alpha_value": 0.08347750234603882, "duration": 76.50371837615967, "step": 3000}
{"episode_reward": 61.94438550135507, "episode": 13.0, "batch_reward": 0.2833733605146408, "critic_loss": 1.1035684158802033, "actor_loss": -9.588766357421875, "alpha_loss": 0.6824230575561523, "alpha_value": 0.0825921966433525, "duration": 75.93992233276367, "step": 3250}
{"episode_reward": 76.36289465902355, "episode": 14.0, "batch_reward": 0.290101167678833, "critic_loss": 1.0974655630588532, "actor_loss": -10.092000595092774, "alpha_loss": 0.6869612693786621, "alpha_value": 0.08170735102891923, "duration": 75.73643159866333, "step": 3500}
{"episode_reward": 126.30064484822127, "episode": 15.0, "batch_reward": 0.2976308839917183, "critic_loss": 1.2870919409990311, "actor_loss": -10.619801307678223, "alpha_loss": 0.6699006466865539, "alpha_value": 0.08082669746875763, "duration": 75.7828369140625, "step": 3750}
{"episode_reward": 68.1650776494272, "episode": 16.0, "batch_reward": 0.2990822750329971, "critic_loss": 1.4194218997955321, "actor_loss": -11.150060302734374, "alpha_loss": 0.6548178625106812, "alpha_value": 0.07995603263378143, "duration": 75.74550580978394, "step": 4000}
{"episode_reward": 67.01584673506923, "episode": 17.0, "batch_reward": 0.3106168250441551, "critic_loss": 1.5923324230909348, "actor_loss": -11.707982566833497, "alpha_loss": 0.6430420789718628, "alpha_value": 0.07910415995121002, "duration": 75.5225920677185, "step": 4250}
{"episode_reward": 196.80574241908104, "episode": 18.0, "batch_reward": 0.3234100682139397, "critic_loss": 1.5991124382019044, "actor_loss": -12.227314422607423, "alpha_loss": 0.633730710029602, "alpha_value": 0.07825435435771942, "duration": 76.14882445335388, "step": 4500}
{"episode_reward": 61.1185955937218, "episode": 19.0, "batch_reward": 0.31874344396591187, "critic_loss": 1.7388077054023743, "actor_loss": -12.790272735595703, "alpha_loss": 0.6216492199897766, "alpha_value": 0.07741823238134384, "duration": 75.99950528144836, "step": 4750}
{"episode_reward": 101.35526480473816, "episode": 20.0, "batch_reward": 0.33344252490997317, "critic_loss": 1.9906799941062927, "actor_loss": -13.470375480651855, "alpha_loss": 0.602436460018158, "alpha_value": 0.07659230488538742, "duration": 75.6127200126648, "step": 5000}
{"episode_reward": 146.28587675720908, "episode": 21.0, "batch_reward": 0.3386364790797234, "critic_loss": 1.7776283679008484, "actor_loss": -13.957327140808106, "alpha_loss": 0.5968741030693054, "alpha_value": 0.07578314715623856, "duration": 75.64022374153137, "step": 5250}
{"episode_reward": 100.25801339538178, "episode": 22.0, "batch_reward": 0.33933290910720826, "critic_loss": 2.124392432451248, "actor_loss": -14.484867729187012, "alpha_loss": 0.5731056623458862, "alpha_value": 0.07498136401176453, "duration": 75.87916111946106, "step": 5500}
{"episode_reward": 119.14383271809385, "episode": 23.0, "batch_reward": 0.3442276655435562, "critic_loss": 2.072352716445923, "actor_loss": -14.913857986450195, "alpha_loss": 0.5767949147224426, "alpha_value": 0.07419246649742127, "duration": 75.66784048080444, "step": 5750}
{"episode_reward": 99.81192403213932, "episode": 24.0, "batch_reward": 0.35217520982027056, "critic_loss": 2.0688215618133543, "actor_loss": -15.442208770751954, "alpha_loss": 0.5641827344894409, "alpha_value": 0.07340176385641098, "duration": 75.80874061584473, "step": 6000}
{"episode_reward": 161.9600806833802, "episode": 25.0, "batch_reward": 0.3625360687375069, "critic_loss": 2.2519255430698393, "actor_loss": -15.994451713562011, "alpha_loss": 0.5437650020122529, "alpha_value": 0.07262547612190247, "duration": 75.79036211967468, "step": 6250}
{"episode_reward": 126.64738074188743, "episode": 26.0, "batch_reward": 0.36747082686424254, "critic_loss": 2.296414695739746, "actor_loss": -16.543378051757813, "alpha_loss": 0.5293372089862823, "alpha_value": 0.07187420719861984, "duration": 75.97444868087769, "step": 6500}
{"episode_reward": 135.96604091610493, "episode": 27.0, "batch_reward": 0.3764366866350174, "critic_loss": 2.5781437640190124, "actor_loss": -17.18635807800293, "alpha_loss": 0.5113548519611358, "alpha_value": 0.07113832050561905, "duration": 76.50303912162781, "step": 6750}
{"episode_reward": 177.03089477281856, "episode": 28.0, "batch_reward": 0.39103135442733766, "critic_loss": 2.763625859260559, "actor_loss": -17.698100326538086, "alpha_loss": 0.4907694387435913, "alpha_value": 0.0704160566329956, "duration": 76.30669522285461, "step": 7000}
{"episode_reward": 118.81533096506637, "episode": 29.0, "batch_reward": 0.3902430630922317, "critic_loss": 2.725679413318634, "actor_loss": -18.247902191162108, "alpha_loss": 0.4725752627849579, "alpha_value": 0.06971643668413162, "duration": 76.72173357009888, "step": 7250}
{"episode_reward": 229.8750718072794, "episode": 30.0, "batch_reward": 0.40920089328289033, "critic_loss": 2.8077191925048828, "actor_loss": -18.881680709838868, "alpha_loss": 0.4529357314109802, "alpha_value": 0.06903367286920548, "duration": 76.80708503723145, "step": 7500}
{"episode_reward": 167.93720297142096, "episode": 31.0, "batch_reward": 0.4246711604595184, "critic_loss": 2.92783510351181, "actor_loss": -19.530398361206053, "alpha_loss": 0.43991693687438965, "alpha_value": 0.06836521995067596, "duration": 76.63120889663696, "step": 7750}
{"episode_reward": 172.58949738300072, "episode": 32.0, "batch_reward": 0.42968438923358915, "critic_loss": 3.0638868904113767, "actor_loss": -20.096213745117186, "alpha_loss": 0.4253664357662201, "alpha_value": 0.06770983731746674, "duration": 76.75236582756042, "step": 8000}
{"episode_reward": 165.13753888825522, "episode": 33.0, "batch_reward": 0.430751824259758, "critic_loss": 3.203370192050934, "actor_loss": -20.75466732788086, "alpha_loss": 0.40087067675590515, "alpha_value": 0.06707269775867462, "duration": 76.70379734039307, "step": 8250}
{"episode_reward": 179.19560659754399, "episode": 34.0, "batch_reward": 0.43763007736206055, "critic_loss": 3.0584896116256712, "actor_loss": -21.35328350830078, "alpha_loss": 0.38222415089607237, "alpha_value": 0.06645787507295609, "duration": 76.1825783252716, "step": 8500}
{"episode_reward": 193.84231924266763, "episode": 35.0, "batch_reward": 0.45768342053890226, "critic_loss": 3.356788498878479, "actor_loss": -21.97798957824707, "alpha_loss": 0.3801077091693878, "alpha_value": 0.06584782642126083, "duration": 76.08030104637146, "step": 8750}
{"episode_reward": 199.31563976056273, "episode": 36.0, "batch_reward": 0.46605079638957975, "critic_loss": 3.53695396232605, "actor_loss": -22.751372344970704, "alpha_loss": 0.3658173391819, "alpha_value": 0.06523595988750458, "duration": 76.24826788902283, "step": 9000}
{"episode_reward": 255.82390165774376, "episode": 37.0, "batch_reward": 0.48402150976657865, "critic_loss": 3.7927154574394226, "actor_loss": -23.427745468139648, "alpha_loss": 0.3413088865280151, "alpha_value": 0.06464700525999069, "duration": 76.26032567024231, "step": 9250}
{"episode_reward": 224.56970707459436, "episode": 38.0, "batch_reward": 0.48922171974182127, "critic_loss": 3.8033245124816895, "actor_loss": -24.12262419128418, "alpha_loss": 0.3246828577518463, "alpha_value": 0.06407545673847198, "duration": 75.6964521408081, "step": 9500}
{"episode_reward": 196.87262489590873, "episode": 39.0, "batch_reward": 0.49708319318294525, "critic_loss": 3.9599058856964113, "actor_loss": -24.845299270629884, "alpha_loss": 0.3060531234741211, "alpha_value": 0.06353035670518875, "duration": 75.58808708190918, "step": 9750}
{"episode_reward": 230.9771403495447, "episode": 40.0, "batch_reward": 0.5104988946914673, "critic_loss": 4.259638537406921, "actor_loss": -25.612798461914064, "alpha_loss": 0.2911824568510056, "alpha_value": 0.0629991289973259, "duration": 76.11771750450134, "step": 10000}
{"episode_reward": 221.3760123731547, "episode": 41.0, "batch_reward": 0.5167918534278869, "critic_loss": 4.193782992362976, "actor_loss": -26.398311599731446, "alpha_loss": 0.27701370465755465, "alpha_value": 0.062479121625423434, "duration": 93.24932813644409, "step": 10250}
{"episode_reward": 172.437058026505, "episode": 42.0, "batch_reward": 0.5290164656639099, "critic_loss": 4.316696084022522, "actor_loss": -27.12094078063965, "alpha_loss": 0.2700229367017746, "alpha_value": 0.061959807366132734, "duration": 76.15901112556458, "step": 10500}
{"episode_reward": 272.38699027198237, "episode": 43.0, "batch_reward": 0.5474277935028076, "critic_loss": 4.4065366592407225, "actor_loss": -27.924480545043945, "alpha_loss": 0.256812873005867, "alpha_value": 0.06144727635383606, "duration": 76.08183169364929, "step": 10750}
{"episode_reward": 244.0729729068275, "episode": 44.0, "batch_reward": 0.5449786176681518, "critic_loss": 4.334441867828369, "actor_loss": -28.627981002807616, "alpha_loss": 0.2527581778764725, "alpha_value": 0.060943104803562166, "duration": 76.21369981765747, "step": 11000}
{"episode_reward": 313.6874614134429, "episode": 45.0, "batch_reward": 0.5686829310655593, "critic_loss": 4.3919814453125, "actor_loss": -29.47539419555664, "alpha_loss": 0.24330199921131135, "alpha_value": 0.06043694683909416, "duration": 76.36420702934265, "step": 11250}
{"episode_reward": 238.14417536948093, "episode": 46.0, "batch_reward": 0.5756519114971161, "critic_loss": 4.417316719055176, "actor_loss": -30.323751846313478, "alpha_loss": 0.22460482907295226, "alpha_value": 0.05994415429234505, "duration": 76.33028507232666, "step": 11500}
{"episode_reward": 298.4119219446944, "episode": 47.0, "batch_reward": 0.5899510644674301, "critic_loss": 4.458713173389435, "actor_loss": -31.11893096923828, "alpha_loss": 0.2084142302274704, "alpha_value": 0.05948254728317261, "duration": 76.09520888328552, "step": 11750}
{"episode_reward": 298.9235556599472, "episode": 48.0, "batch_reward": 0.6010933494567872, "critic_loss": 4.578481825828552, "actor_loss": -32.02246893310547, "alpha_loss": 0.20600068938732147, "alpha_value": 0.05901119557023048, "duration": 76.21194672584534, "step": 12000}
{"episode_reward": 237.66878261456444, "episode": 49.0, "batch_reward": 0.6112676194906235, "critic_loss": 4.6917882213592526, "actor_loss": -32.90653993225098, "alpha_loss": 0.1931971082687378, "alpha_value": 0.05855622935295105, "duration": 76.02317786216736, "step": 12250}
{"episode_reward": 368.40278173195094, "episode": 50.0, "batch_reward": 0.6209269489049911, "critic_loss": 4.684529918670655, "actor_loss": -33.79289691162109, "alpha_loss": 0.168227818608284, "alpha_value": 0.05813364851474762, "duration": 75.89813828468323, "step": 12500}
{"episode_reward": 309.6415672267448, "episode": 51.0, "batch_reward": 0.6437294251918793, "critic_loss": 4.823198839187622, "actor_loss": -34.78759942626953, "alpha_loss": 0.16411685013771057, "alpha_value": 0.057724803745746615, "duration": 75.86758494377136, "step": 12750}
{"episode_reward": 315.9098984891788, "episode": 52.0, "batch_reward": 0.6533786132335663, "critic_loss": 4.748879594802856, "actor_loss": -35.63691522216797, "alpha_loss": 0.15599473494291305, "alpha_value": 0.057317213743925094, "duration": 75.84525227546692, "step": 13000}
{"episode_reward": 354.20797593107915, "episode": 53.0, "batch_reward": 0.6604271768331528, "critic_loss": 4.847541440010071, "actor_loss": -36.46112466430664, "alpha_loss": 0.14983030080795287, "alpha_value": 0.05691664355993271, "duration": 76.10483956336975, "step": 13250}
{"episode_reward": 325.695183414381, "episode": 54.0, "batch_reward": 0.6751207238435746, "critic_loss": 4.806976725578308, "actor_loss": -37.4418063659668, "alpha_loss": 0.14176231330633163, "alpha_value": 0.05651849836111069, "duration": 75.84581208229065, "step": 13500}
{"episode_reward": 282.4435853079746, "episode": 55.0, "batch_reward": 0.6905973815917968, "critic_loss": 4.880328275680542, "actor_loss": -38.486535064697264, "alpha_loss": 0.13355313485860826, "alpha_value": 0.05612793037295342, "duration": 75.88531064987183, "step": 13750}
{"episode_reward": 328.1913613490399, "episode": 56.0, "batch_reward": 0.6940921030044556, "critic_loss": 4.8169369668960575, "actor_loss": -39.39539672851563, "alpha_loss": 0.12060902881622314, "alpha_value": 0.05576407992839813, "duration": 75.98889565467834, "step": 14000}
{"episode_reward": 299.08360519416726, "episode": 57.0, "batch_reward": 0.710128758430481, "critic_loss": 4.714987218856812, "actor_loss": -40.32215234375, "alpha_loss": 0.12314431053400039, "alpha_value": 0.05538725134730339, "duration": 76.14979863166809, "step": 14250}
{"episode_reward": 411.04029985597265, "episode": 58.0, "batch_reward": 0.7252340743541718, "critic_loss": 4.756420757293701, "actor_loss": -41.27178979492187, "alpha_loss": 0.1161797201037407, "alpha_value": 0.055010417878627774, "duration": 76.19904971122742, "step": 14500}
{"episode_reward": 385.97240039374634, "episode": 59.0, "batch_reward": 0.7349365043640137, "critic_loss": 4.680714909553528, "actor_loss": -42.13006857299805, "alpha_loss": 0.11077562618255615, "alpha_value": 0.05463795858621597, "duration": 75.81549668312073, "step": 14750}
{"episode_reward": 342.7688345374619, "episode": 60.0, "batch_reward": 0.7532714710235596, "critic_loss": 4.853826210021973, "actor_loss": -43.18491458129883, "alpha_loss": 0.10241660857200623, "alpha_value": 0.05427870973944664, "duration": 75.84832072257996, "step": 15000}
{"episode_reward": 357.14888358334105, "episode": 61.0, "batch_reward": 0.7584073803424836, "critic_loss": 4.873820213317871, "actor_loss": -44.014805389404295, "alpha_loss": 0.10458753722906113, "alpha_value": 0.0539065397977829, "duration": 76.39685988426208, "step": 15250}
{"episode_reward": 275.79487936643756, "episode": 62.0, "batch_reward": 0.7615744848251342, "critic_loss": 4.93164376449585, "actor_loss": -45.002354217529295, "alpha_loss": 0.08399338012933731, "alpha_value": 0.05356152006983757, "duration": 75.94344639778137, "step": 15500}
{"episode_reward": 321.7479475593752, "episode": 63.0, "batch_reward": 0.7803615458011627, "critic_loss": 5.0458868856430055, "actor_loss": -45.92830996704102, "alpha_loss": 0.07671367660164834, "alpha_value": 0.053256137132644654, "duration": 75.90245246887207, "step": 15750}
{"episode_reward": 407.63491552808944, "episode": 64.0, "batch_reward": 0.7867712056636811, "critic_loss": 5.079792555809021, "actor_loss": -46.869262481689454, "alpha_loss": 0.07741768798232078, "alpha_value": 0.0529489141702652, "duration": 75.95938563346863, "step": 16000}
{"episode_reward": 389.6842578598647, "episode": 65.0, "batch_reward": 0.799423987865448, "critic_loss": 5.173360394477844, "actor_loss": -47.852737030029296, "alpha_loss": 0.06388775573670864, "alpha_value": 0.05265447443723679, "duration": 75.86142635345459, "step": 16250}
{"episode_reward": 396.4023343715021, "episode": 66.0, "batch_reward": 0.8198614881038666, "critic_loss": 5.168257716178894, "actor_loss": -48.83195877075195, "alpha_loss": 0.05724989035725594, "alpha_value": 0.05239349102973938, "duration": 76.05098915100098, "step": 16500}
{"episode_reward": 363.8426563131771, "episode": 67.0, "batch_reward": 0.8155766627788543, "critic_loss": 5.205052749633789, "actor_loss": -49.72561264038086, "alpha_loss": 0.05241585068404674, "alpha_value": 0.05215199342370033, "duration": 76.07760643959045, "step": 16750}
{"episode_reward": 409.5611336155973, "episode": 68.0, "batch_reward": 0.8487244889736175, "critic_loss": 5.56556751537323, "actor_loss": -50.87240167236328, "alpha_loss": 0.040522231748327614, "alpha_value": 0.051910814583301546, "duration": 75.6228232383728, "step": 17000}
{"episode_reward": 439.0070478547927, "episode": 69.0, "batch_reward": 0.8538185358047485, "critic_loss": 5.36650879573822, "actor_loss": -51.97236151123047, "alpha_loss": 0.038765517791733144, "alpha_value": 0.05172456896305084, "duration": 76.08134174346924, "step": 17250}
{"episode_reward": 377.17215613206014, "episode": 70.0, "batch_reward": 0.8501651177406311, "critic_loss": 5.453561767578125, "actor_loss": -52.94104345703125, "alpha_loss": 0.03479110329039395, "alpha_value": 0.05153039142489433, "duration": 76.01773047447205, "step": 17500}
{"episode_reward": 365.9465502690091, "episode": 71.0, "batch_reward": 0.8706384425163269, "critic_loss": 5.445733267784119, "actor_loss": -53.98217736816406, "alpha_loss": 0.038100914243608716, "alpha_value": 0.05132263135910034, "duration": 76.17429566383362, "step": 17750}
{"episode_reward": 392.75835253410486, "episode": 72.0, "batch_reward": 0.8832366440296173, "critic_loss": 5.383973974227906, "actor_loss": -55.03375018310547, "alpha_loss": 0.03067273809760809, "alpha_value": 0.05112175405025482, "duration": 76.09131097793579, "step": 18000}
{"episode_reward": 490.12901122705057, "episode": 73.0, "batch_reward": 0.887272390127182, "critic_loss": 5.667106307029724, "actor_loss": -55.95117965698242, "alpha_loss": 0.029892843935638666, "alpha_value": 0.0509319876730442, "duration": 76.0800895690918, "step": 18250}
{"episode_reward": 422.3742177006088, "episode": 74.0, "batch_reward": 0.8908343777656555, "critic_loss": 5.714171906471252, "actor_loss": -56.878205108642575, "alpha_loss": 0.022498230427503586, "alpha_value": 0.05076444971561432, "duration": 76.03168535232544, "step": 18500}
{"episode_reward": 389.53373070074696, "episode": 75.0, "batch_reward": 0.9167726390361786, "critic_loss": 5.588372482299805, "actor_loss": -57.968706420898435, "alpha_loss": 0.018310445521026848, "alpha_value": 0.0506302852332592, "duration": 76.22654104232788, "step": 18750}
{"episode_reward": 368.9889876089889, "episode": 76.0, "batch_reward": 0.9170200970172883, "critic_loss": 5.762871273994445, "actor_loss": -59.10342007446289, "alpha_loss": 0.010111045267432927, "alpha_value": 0.05053094789385795, "duration": 76.01101207733154, "step": 19000}
{"episode_reward": 462.04627518492975, "episode": 77.0, "batch_reward": 0.9313190526962281, "critic_loss": 5.867249391555786, "actor_loss": -60.07247537231445, "alpha_loss": 0.012646799387410283, "alpha_value": 0.05042976614832878, "duration": 76.2815113067627, "step": 19250}
{"episode_reward": 501.07860782353026, "episode": 78.0, "batch_reward": 0.9435279452800751, "critic_loss": 5.977209983825683, "actor_loss": -61.06875930786133, "alpha_loss": 0.013890031794086098, "alpha_value": 0.05033438381552696, "duration": 76.0260579586029, "step": 19500}
{"episode_reward": 478.7422472452459, "episode": 79.0, "batch_reward": 0.9508531463146209, "critic_loss": 5.8079886016845705, "actor_loss": -61.98858871459961, "alpha_loss": 0.00691013000998646, "alpha_value": 0.05024244284629822, "duration": 76.24281477928162, "step": 19750}
{"episode_reward": 524.4802839459744, "episode": 80.0, "batch_reward": 0.9666751818656921, "critic_loss": 5.953381663322449, "actor_loss": -63.10273934936524, "alpha_loss": 0.00362671210989356, "alpha_value": 0.05018888741731644, "duration": 75.85223007202148, "step": 20000}
{"episode_reward": 375.4834451315192, "episode": 81.0, "batch_reward": 0.9807469046115875, "critic_loss": 6.00096821308136, "actor_loss": -64.14683282470703, "alpha_loss": 0.002383150611072779, "alpha_value": 0.05015914991497993, "duration": 93.05804586410522, "step": 20250}
{"episode_reward": 404.6483244158287, "episode": 82.0, "batch_reward": 0.982740353345871, "critic_loss": 6.109857085227966, "actor_loss": -65.04409576416016, "alpha_loss": -0.0013642186410725116, "alpha_value": 0.0501679373383522, "duration": 76.09185266494751, "step": 20500}
{"episode_reward": 596.2602600368759, "episode": 83.0, "batch_reward": 1.0008026225566864, "critic_loss": 6.2332225532531735, "actor_loss": -66.17341461181641, "alpha_loss": -0.0005345264282077551, "alpha_value": 0.05018069732189179, "duration": 76.0657970905304, "step": 20750}
{"episode_reward": 371.5734805047502, "episode": 84.0, "batch_reward": 1.0051133663654328, "critic_loss": 6.46206286239624, "actor_loss": -67.09169305419923, "alpha_loss": -0.0041260702647268775, "alpha_value": 0.05019339090585709, "duration": 76.02549314498901, "step": 21000}
{"episode_reward": 450.4689204604928, "episode": 85.0, "batch_reward": 1.0158942983150483, "critic_loss": 6.363877786636353, "actor_loss": -68.00025573730468, "alpha_loss": -0.009591379879042506, "alpha_value": 0.05027612996101379, "duration": 76.09834218025208, "step": 21250}
{"episode_reward": 462.87156337548674, "episode": 86.0, "batch_reward": 1.0229961760044097, "critic_loss": 6.374322741508484, "actor_loss": -69.0664564819336, "alpha_loss": -0.012139282362535597, "alpha_value": 0.05040380102396012, "duration": 75.69206476211548, "step": 21500}
{"episode_reward": 392.66133095631807, "episode": 87.0, "batch_reward": 1.0237324390411378, "critic_loss": 6.360838939666748, "actor_loss": -70.07775762939453, "alpha_loss": -0.023022652342915534, "alpha_value": 0.050635364949703214, "duration": 75.72758150100708, "step": 21750}
{"episode_reward": 448.19754980454024, "episode": 88.0, "batch_reward": 1.0447710707187652, "critic_loss": 6.482350421905518, "actor_loss": -71.13694982910157, "alpha_loss": -0.020545666985213755, "alpha_value": 0.05094838097691536, "duration": 75.78698754310608, "step": 22000}
{"episode_reward": 432.3889454873932, "episode": 89.0, "batch_reward": 1.0685764524936676, "critic_loss": 6.447427976608276, "actor_loss": -72.25362225341797, "alpha_loss": -0.018479498567059636, "alpha_value": 0.05123970487713814, "duration": 75.82593536376953, "step": 22250}
{"episode_reward": 522.4244344694882, "episode": 90.0, "batch_reward": 1.0650707085132598, "critic_loss": 6.485419124603271, "actor_loss": -73.081423828125, "alpha_loss": -0.008854862503707409, "alpha_value": 0.05142513105273247, "duration": 75.50361275672913, "step": 22500}
{"episode_reward": 487.63174726883966, "episode": 91.0, "batch_reward": 1.0737164466381073, "critic_loss": 6.719849109649658, "actor_loss": -74.11486688232422, "alpha_loss": -0.014838935859501362, "alpha_value": 0.05160661032795906, "duration": 75.839852809906, "step": 22750}
{"episode_reward": 462.2533411095795, "episode": 92.0, "batch_reward": 1.0642959773540497, "critic_loss": 6.850027324676514, "actor_loss": -75.02304907226562, "alpha_loss": -0.02135186668112874, "alpha_value": 0.051950732737779615, "duration": 75.88293099403381, "step": 23000}
{"episode_reward": 457.2266124677058, "episode": 93.0, "batch_reward": 1.0941268501281738, "critic_loss": 6.745619178771973, "actor_loss": -76.02768194580078, "alpha_loss": -0.014739617681130766, "alpha_value": 0.05224659889936447, "duration": 75.77523708343506, "step": 23250}
{"episode_reward": 546.9759116636286, "episode": 94.0, "batch_reward": 1.0897720112800597, "critic_loss": 6.802112558364868, "actor_loss": -76.875267578125, "alpha_loss": -0.012972190061584114, "alpha_value": 0.052484096378088, "duration": 75.65470457077026, "step": 23500}
{"episode_reward": 380.8184974899104, "episode": 95.0, "batch_reward": 1.0989847521781921, "critic_loss": 6.756451487541199, "actor_loss": -77.7740043334961, "alpha_loss": -0.007734683401882649, "alpha_value": 0.052691694289445874, "duration": 75.85388350486755, "step": 23750}
{"episode_reward": 563.3446465127847, "episode": 96.0, "batch_reward": 1.1096685757637024, "critic_loss": 6.798553737640381, "actor_loss": -78.75683563232423, "alpha_loss": -0.013332274863496424, "alpha_value": 0.05289988785982132, "duration": 75.6644926071167, "step": 24000}
{"episode_reward": 431.9882167264319, "episode": 97.0, "batch_reward": 1.119818218946457, "critic_loss": 7.118534721374512, "actor_loss": -79.68978961181641, "alpha_loss": -0.003522412085905671, "alpha_value": 0.05304421439766884, "duration": 75.6424150466919, "step": 24250}
{"episode_reward": 458.9416263898174, "episode": 98.0, "batch_reward": 1.123487288236618, "critic_loss": 7.204004011154175, "actor_loss": -80.54998669433594, "alpha_loss": -0.004593848960474134, "alpha_value": 0.05313745924830437, "duration": 75.84680008888245, "step": 24500}
{"episode_reward": 443.95459916602863, "episode": 99.0, "batch_reward": 1.1359019639492034, "critic_loss": 7.05208544921875, "actor_loss": -81.5270941772461, "alpha_loss": -0.00331057739071548, "alpha_value": 0.053214735627174374, "duration": 76.08099961280823, "step": 24750}
{"episode_reward": 435.04531633908186, "episode": 100.0, "batch_reward": 1.1578399369716643, "critic_loss": 6.978453740119934, "actor_loss": -82.43017962646485, "alpha_loss": -0.004330222611315548, "alpha_value": 0.05333663102984428, "duration": 75.9782304763794, "step": 25000}
{"episode_reward": 558.391173121775, "episode": 101.0, "batch_reward": 1.15614266204834, "critic_loss": 7.188354024887085, "actor_loss": -83.29899981689454, "alpha_loss": 0.0038808373138308526, "alpha_value": 0.05333789587020874, "duration": 75.92589378356934, "step": 25250}
{"episode_reward": 583.7592649012247, "episode": 102.0, "batch_reward": 1.1686067740917205, "critic_loss": 7.2423073616027835, "actor_loss": -84.22142950439454, "alpha_loss": -0.00290480746421963, "alpha_value": 0.05331830343604088, "duration": 76.25533366203308, "step": 25500}
{"episode_reward": 499.2998150213184, "episode": 103.0, "batch_reward": 1.1737541627883912, "critic_loss": 7.2209259757995605, "actor_loss": -85.0996943359375, "alpha_loss": -0.007010166525840759, "alpha_value": 0.05347680699825287, "duration": 76.12290024757385, "step": 25750}
{"episode_reward": 489.61080151200946, "episode": 104.0, "batch_reward": 1.1806727056503297, "critic_loss": 7.3944278049469, "actor_loss": -85.95614001464844, "alpha_loss": -0.0054417176656425, "alpha_value": 0.05358371505141258, "duration": 76.20914936065674, "step": 26000}
{"episode_reward": 415.1121920308606, "episode": 105.0, "batch_reward": 1.1837787301540375, "critic_loss": 7.325438907623291, "actor_loss": -86.75829266357422, "alpha_loss": 0.0010715087130665779, "alpha_value": 0.05362998959422111, "duration": 76.00584602355957, "step": 26250}
{"episode_reward": 484.09567797848774, "episode": 106.0, "batch_reward": 1.1938123652935029, "critic_loss": 7.445877088546753, "actor_loss": -87.6541309814453, "alpha_loss": -0.0038992159496992825, "alpha_value": 0.0536952563226223, "duration": 76.06988883018494, "step": 26500}
{"episode_reward": 305.7031592976441, "episode": 107.0, "batch_reward": 1.1996536450386048, "critic_loss": 7.593219430923462, "actor_loss": -88.51838098144532, "alpha_loss": -0.004003805931657552, "alpha_value": 0.05381509491801262, "duration": 75.77890014648438, "step": 26750}
{"episode_reward": 470.82417366544684, "episode": 108.0, "batch_reward": 1.1982756774425507, "critic_loss": 7.498306581497192, "actor_loss": -89.3054927368164, "alpha_loss": -0.0018916283752769233, "alpha_value": 0.05387600710988045, "duration": 75.83343458175659, "step": 27000}
{"episode_reward": 449.5409189965557, "episode": 109.0, "batch_reward": 1.2085792496204377, "critic_loss": 7.527304988861084, "actor_loss": -90.01166668701173, "alpha_loss": 0.004294060532003641, "alpha_value": 0.05382520231604576, "duration": 75.87224292755127, "step": 27250}
{"episode_reward": 449.7680523068131, "episode": 110.0, "batch_reward": 1.2074008777141572, "critic_loss": 7.379652257919312, "actor_loss": -90.82721362304687, "alpha_loss": 0.002598836222663522, "alpha_value": 0.053729069501161575, "duration": 75.69144582748413, "step": 27500}
{"episode_reward": 480.3907064872358, "episode": 111.0, "batch_reward": 1.210041166305542, "critic_loss": 7.389315353393554, "actor_loss": -91.65092529296875, "alpha_loss": -0.005739151630550623, "alpha_value": 0.05374283558130264, "duration": 75.87707233428955, "step": 27750}
{"episode_reward": 493.4716213407642, "episode": 112.0, "batch_reward": 1.2355919938087463, "critic_loss": 7.37907737159729, "actor_loss": -92.62370281982422, "alpha_loss": -0.0018298519905656577, "alpha_value": 0.053912134855985644, "duration": 75.76093935966492, "step": 28000}
{"episode_reward": 563.239677233089, "episode": 113.0, "batch_reward": 1.234433746576309, "critic_loss": 7.398306898117065, "actor_loss": -93.22036328125, "alpha_loss": 0.004032842148095369, "alpha_value": 0.053859139889478685, "duration": 75.91375017166138, "step": 28250}
{"episode_reward": 551.1256029600894, "episode": 114.0, "batch_reward": 1.240240517616272, "critic_loss": 7.647359323501587, "actor_loss": -94.14575115966797, "alpha_loss": -7.462349534034729e-05, "alpha_value": 0.053814073890447615, "duration": 76.20187783241272, "step": 28500}
{"episode_reward": 468.1450323547089, "episode": 115.0, "batch_reward": 1.2582185175418854, "critic_loss": 7.597979124069214, "actor_loss": -94.85360174560547, "alpha_loss": -0.003646917723119259, "alpha_value": 0.05387021541595459, "duration": 76.3229718208313, "step": 28750}
{"episode_reward": 562.0724023469129, "episode": 116.0, "batch_reward": 1.2488460249900817, "critic_loss": 7.821398698806763, "actor_loss": -95.74430285644532, "alpha_loss": -0.0034414796847850085, "alpha_value": 0.0539830681681633, "duration": 76.36744809150696, "step": 29000}
{"episode_reward": 506.87573234563695, "episode": 117.0, "batch_reward": 1.2564747302532195, "critic_loss": 7.82911289024353, "actor_loss": -96.454642578125, "alpha_loss": -0.003255855685099959, "alpha_value": 0.05405946633219719, "duration": 76.13277387619019, "step": 29250}
{"episode_reward": 497.19597612388117, "episode": 118.0, "batch_reward": 1.2638753957748412, "critic_loss": 7.7261209983825685, "actor_loss": -97.25947149658204, "alpha_loss": -0.003923276644200086, "alpha_value": 0.05417197462916374, "duration": 76.07437133789062, "step": 29500}
{"episode_reward": 438.26595354501893, "episode": 119.0, "batch_reward": 1.2707235980033875, "critic_loss": 7.615648292541504, "actor_loss": -97.99985192871094, "alpha_loss": -0.007550289375707507, "alpha_value": 0.054437188357114794, "duration": 76.27242016792297, "step": 29750}
{"episode_reward": 491.70536832005104, "episode": 120.0, "batch_reward": 1.2769427604675292, "critic_loss": 7.937628747940064, "actor_loss": -98.76146557617187, "alpha_loss": -0.006538416540250182, "alpha_value": 0.05457571372389793, "duration": 76.17970752716064, "step": 30000}
{"episode_reward": 540.2608445979617, "episode": 121.0, "batch_reward": 1.2868967537879943, "critic_loss": 7.911005004882813, "actor_loss": -99.5796151123047, "alpha_loss": -0.008887752616778016, "alpha_value": 0.05479441037774086, "duration": 93.28645157814026, "step": 30250}
{"episode_reward": 457.4230089784522, "episode": 122.0, "batch_reward": 1.2948836665153503, "critic_loss": 7.716126716613769, "actor_loss": -100.37849298095703, "alpha_loss": -0.004091865135356784, "alpha_value": 0.05505902969837189, "duration": 76.08661317825317, "step": 30500}
{"episode_reward": 485.82995701622747, "episode": 123.0, "batch_reward": 1.3020305020809173, "critic_loss": 7.874539930343628, "actor_loss": -101.01684826660156, "alpha_loss": -0.0031073495298624037, "alpha_value": 0.0551445789039135, "duration": 76.37396740913391, "step": 30750}
{"episode_reward": 417.2805135504762, "episode": 124.0, "batch_reward": 1.2974883804321289, "critic_loss": 8.094847555160522, "actor_loss": -101.6762123413086, "alpha_loss": 0.0008499509114772081, "alpha_value": 0.05521334248781204, "duration": 76.17191886901855, "step": 31000}
{"episode_reward": 543.8438141861218, "episode": 125.0, "batch_reward": 1.2933163590431214, "critic_loss": 8.163085105895997, "actor_loss": -102.26826605224609, "alpha_loss": 0.0016566895823925734, "alpha_value": 0.05518634858727455, "duration": 76.3451943397522, "step": 31250}
{"episode_reward": 464.732163927831, "episode": 126.0, "batch_reward": 1.3199132266044618, "critic_loss": 8.189254682540893, "actor_loss": -103.16836346435547, "alpha_loss": 0.0010376464519649745, "alpha_value": 0.055125587671995165, "duration": 76.32268643379211, "step": 31500}
{"episode_reward": 579.114869775009, "episode": 127.0, "batch_reward": 1.314254230737686, "critic_loss": 8.057314563751222, "actor_loss": -103.78837426757812, "alpha_loss": 0.0032944233901798727, "alpha_value": 0.05506282398104668, "duration": 76.27629613876343, "step": 31750}
{"episode_reward": 578.4787628047965, "episode": 128.0, "batch_reward": 1.3304582505226135, "critic_loss": 8.042860048294067, "actor_loss": -104.53391882324219, "alpha_loss": 0.0047815058920532465, "alpha_value": 0.054934465408325195, "duration": 76.06858611106873, "step": 32000}
{"episode_reward": 507.20051297178424, "episode": 129.0, "batch_reward": 1.3371342010498046, "critic_loss": 8.099578817367554, "actor_loss": -105.38863525390624, "alpha_loss": -0.0013755016401410102, "alpha_value": 0.05482383564114571, "duration": 75.71521496772766, "step": 32250}
{"episode_reward": 518.8801971778685, "episode": 130.0, "batch_reward": 1.3282906727790833, "critic_loss": 8.311856187820435, "actor_loss": -105.94058520507812, "alpha_loss": -0.0056870115604251625, "alpha_value": 0.055048501789569854, "duration": 75.97847509384155, "step": 32500}
{"episode_reward": 515.566038188864, "episode": 131.0, "batch_reward": 1.3396864876747132, "critic_loss": 8.487933818817138, "actor_loss": -106.70410681152343, "alpha_loss": -0.00018184573389589786, "alpha_value": 0.055068511247634885, "duration": 75.94789266586304, "step": 32750}
{"episode_reward": 594.4053142104135, "episode": 132.0, "batch_reward": 1.3467500057220458, "critic_loss": 8.159598316192627, "actor_loss": -107.46240075683593, "alpha_loss": 3.127051331102848e-05, "alpha_value": 0.05506505951285362, "duration": 75.98151707649231, "step": 33000}
{"episode_reward": 530.9783080587198, "episode": 133.0, "batch_reward": 1.3608974924087525, "critic_loss": 8.264577615737915, "actor_loss": -108.22941455078124, "alpha_loss": -0.004618804728612304, "alpha_value": 0.05514120501279831, "duration": 75.76161074638367, "step": 33250}
{"episode_reward": 601.1680898586169, "episode": 134.0, "batch_reward": 1.362698911190033, "critic_loss": 8.18474797821045, "actor_loss": -109.04244323730468, "alpha_loss": -0.0049774003894999625, "alpha_value": 0.055304048091173175, "duration": 75.77088713645935, "step": 33500}
{"episode_reward": 548.6117790453993, "episode": 135.0, "batch_reward": 1.3774224677085876, "critic_loss": 8.494820388793945, "actor_loss": -109.66270581054688, "alpha_loss": -0.006083455240353942, "alpha_value": 0.05549899512529373, "duration": 76.37371730804443, "step": 33750}
{"episode_reward": 542.3030552611211, "episode": 136.0, "batch_reward": 1.3821294689178467, "critic_loss": 8.51273215484619, "actor_loss": -110.39204229736328, "alpha_loss": -0.005120450230315328, "alpha_value": 0.05572123846411705, "duration": 76.31613206863403, "step": 34000}
{"episode_reward": 429.8543716725729, "episode": 137.0, "batch_reward": 1.3802147188186646, "critic_loss": 8.755042835235596, "actor_loss": -111.04166143798828, "alpha_loss": -0.0055340983476489785, "alpha_value": 0.055846016377210615, "duration": 76.03232097625732, "step": 34250}
{"episode_reward": 550.5887336264957, "episode": 138.0, "batch_reward": 1.382396210193634, "critic_loss": 8.655124864578248, "actor_loss": -111.8302348022461, "alpha_loss": -0.002888686664402485, "alpha_value": 0.05599679282307625, "duration": 76.16316938400269, "step": 34500}
{"episode_reward": 641.3047736331733, "episode": 139.0, "batch_reward": 1.4066707921028136, "critic_loss": 8.761724290847779, "actor_loss": -112.4594223022461, "alpha_loss": 0.007472189800813794, "alpha_value": 0.055933438569307325, "duration": 76.17770719528198, "step": 34750}
{"episode_reward": 455.50198922503785, "episode": 140.0, "batch_reward": 1.4087328939437866, "critic_loss": 8.82210507774353, "actor_loss": -113.17467608642578, "alpha_loss": 0.005414972485974431, "alpha_value": 0.055761637777090076, "duration": 76.20398283004761, "step": 35000}
{"episode_reward": 475.6806336704402, "episode": 141.0, "batch_reward": 1.3992766466140747, "critic_loss": 8.544779037475585, "actor_loss": -114.01435876464843, "alpha_loss": -0.000299974488094449, "alpha_value": 0.055567828565835954, "duration": 75.99175763130188, "step": 35250}
{"episode_reward": 494.0233352946154, "episode": 142.0, "batch_reward": 1.4082453184127808, "critic_loss": 8.73736803817749, "actor_loss": -114.57999438476563, "alpha_loss": -0.007938382901251316, "alpha_value": 0.055727327167987825, "duration": 75.76399827003479, "step": 35500}
{"episode_reward": 520.7569366898812, "episode": 143.0, "batch_reward": 1.3963353915214538, "critic_loss": 8.916936071395874, "actor_loss": -115.2421171875, "alpha_loss": -0.008685384321026505, "alpha_value": 0.05601996397972107, "duration": 75.90953660011292, "step": 35750}
{"episode_reward": 465.0742533039736, "episode": 144.0, "batch_reward": 1.4123741011619568, "critic_loss": 8.874726976394653, "actor_loss": -115.96144805908203, "alpha_loss": -0.0008303112462162972, "alpha_value": 0.05622257533669472, "duration": 75.95159959793091, "step": 36000}
{"episode_reward": 611.1435365028188, "episode": 145.0, "batch_reward": 1.4231495323181151, "critic_loss": 8.901184711456299, "actor_loss": -116.6601841430664, "alpha_loss": 0.002329963393509388, "alpha_value": 0.05614511650800705, "duration": 75.73502516746521, "step": 36250}
{"episode_reward": 452.2046690654686, "episode": 146.0, "batch_reward": 1.435123987674713, "critic_loss": 8.990083274841309, "actor_loss": -117.4415140991211, "alpha_loss": -0.005181812357157469, "alpha_value": 0.05623294171690941, "duration": 76.09498381614685, "step": 36500}
{"episode_reward": 605.3191921347022, "episode": 147.0, "batch_reward": 1.428512825012207, "critic_loss": 8.961450128555297, "actor_loss": -118.01840783691407, "alpha_loss": 0.003039196154102683, "alpha_value": 0.05629005965590477, "duration": 75.97383570671082, "step": 36750}
{"episode_reward": 452.4195011318988, "episode": 148.0, "batch_reward": 1.4265576491355896, "critic_loss": 9.171426572799682, "actor_loss": -118.73467028808594, "alpha_loss": -0.004920709455385804, "alpha_value": 0.05621151313185692, "duration": 75.81666350364685, "step": 37000}
{"episode_reward": 558.733361377204, "episode": 149.0, "batch_reward": 1.4396840415000915, "critic_loss": 9.181089298248292, "actor_loss": -119.47582104492187, "alpha_loss": -0.0017348445765674114, "alpha_value": 0.056411637634038926, "duration": 76.00819253921509, "step": 37250}
{"episode_reward": 569.3342041362228, "episode": 150.0, "batch_reward": 1.4281824498176574, "critic_loss": 8.94531003189087, "actor_loss": -120.0288076171875, "alpha_loss": 0.004296609923243522, "alpha_value": 0.05633436253666878, "duration": 75.85515117645264, "step": 37500}
{"episode_reward": 573.1823611964519, "episode": 151.0, "batch_reward": 1.4498634624481201, "critic_loss": 9.011948003768921, "actor_loss": -120.62599133300782, "alpha_loss": 0.0030165950674563647, "alpha_value": 0.056242083072662354, "duration": 75.64613652229309, "step": 37750}
{"episode_reward": 580.2806399017179, "episode": 152.0, "batch_reward": 1.4577918672561645, "critic_loss": 9.352584678649903, "actor_loss": -121.38240661621094, "alpha_loss": -0.0022768542151898148, "alpha_value": 0.05622657617926598, "duration": 75.94303441047668, "step": 38000}
{"episode_reward": 555.9900749071769, "episode": 153.0, "batch_reward": 1.4658573036193847, "critic_loss": 9.113062545776367, "actor_loss": -122.09463970947266, "alpha_loss": -0.004797874085605144, "alpha_value": 0.056298299759626386, "duration": 75.95171236991882, "step": 38250}
{"episode_reward": 617.3590530603233, "episode": 154.0, "batch_reward": 1.465070237636566, "critic_loss": 9.366238161087036, "actor_loss": -122.62613061523437, "alpha_loss": 0.0008000920079648495, "alpha_value": 0.05638084810972214, "duration": 76.02525734901428, "step": 38500}
{"episode_reward": 618.3937913110201, "episode": 155.0, "batch_reward": 1.469700680732727, "critic_loss": 9.346333511352539, "actor_loss": -123.33199035644532, "alpha_loss": -0.005485612260177732, "alpha_value": 0.056460967689752575, "duration": 76.24229025840759, "step": 38750}
{"episode_reward": 589.5391576217778, "episode": 156.0, "batch_reward": 1.4693594045639038, "critic_loss": 9.1175174369812, "actor_loss": -124.05979583740235, "alpha_loss": -0.005232406635768711, "alpha_value": 0.05662138921022415, "duration": 76.31235885620117, "step": 39000}
{"episode_reward": 562.0948479479548, "episode": 157.0, "batch_reward": 1.4949453997612, "critic_loss": 8.923292964935303, "actor_loss": -124.81878186035156, "alpha_loss": -0.0021486717350780965, "alpha_value": 0.056692216247320175, "duration": 76.25165820121765, "step": 39250}
{"episode_reward": 513.5488390995481, "episode": 158.0, "batch_reward": 1.4820482707023621, "critic_loss": 9.16414171409607, "actor_loss": -125.44081182861328, "alpha_loss": 0.0016248444002121686, "alpha_value": 0.056846640765666964, "duration": 76.10896468162537, "step": 39500}
{"episode_reward": 575.4050755283196, "episode": 159.0, "batch_reward": 1.491751808166504, "critic_loss": 9.32019762802124, "actor_loss": -125.94177307128906, "alpha_loss": 0.005748313575983047, "alpha_value": 0.0566330107152462, "duration": 76.1181800365448, "step": 39750}
{"episode_reward": 696.1010767319165, "episode": 160.0, "batch_reward": 1.4974595546722411, "critic_loss": 9.058306470870972, "actor_loss": -126.65269195556641, "alpha_loss": 0.004439890577457846, "alpha_value": 0.05646534007787705, "duration": 76.1483895778656, "step": 40000}
{"episode_reward": 637.6032440345667, "episode": 161.0, "batch_reward": 1.5074681658744813, "critic_loss": 9.506971811294555, "actor_loss": -127.1976235961914, "alpha_loss": 0.0020878363493829965, "alpha_value": 0.056326697289943696, "duration": 93.21019697189331, "step": 40250}
{"episode_reward": 587.3647103368696, "episode": 162.0, "batch_reward": 1.5156716933250427, "critic_loss": 9.619757949829102, "actor_loss": -127.8967294921875, "alpha_loss": -6.354858353734016e-05, "alpha_value": 0.056341158360242845, "duration": 76.32791256904602, "step": 40500}
{"episode_reward": 543.1273126506821, "episode": 163.0, "batch_reward": 1.5195221915245056, "critic_loss": 9.558472671508788, "actor_loss": -128.52385858154298, "alpha_loss": -0.0039055433962494135, "alpha_value": 0.056356835812330246, "duration": 76.28565216064453, "step": 40750}
{"episode_reward": 617.3478684065076, "episode": 164.0, "batch_reward": 1.5167692284584045, "critic_loss": 9.819728504180908, "actor_loss": -129.25494171142577, "alpha_loss": -0.010052882041782141, "alpha_value": 0.056645087629556654, "duration": 75.78141903877258, "step": 41000}
{"episode_reward": 622.1018419583323, "episode": 165.0, "batch_reward": 1.5179786353111266, "critic_loss": 10.012200021743775, "actor_loss": -129.75945434570312, "alpha_loss": -0.004761966144666075, "alpha_value": 0.056941689133644106, "duration": 75.87300944328308, "step": 41250}
{"episode_reward": 492.0526487683753, "episode": 166.0, "batch_reward": 1.527079065799713, "critic_loss": 9.817867385864258, "actor_loss": -130.49587841796875, "alpha_loss": 0.00013493041321635248, "alpha_value": 0.0569863968193531, "duration": 76.34470915794373, "step": 41500}
{"episode_reward": 553.8911937456807, "episode": 167.0, "batch_reward": 1.5282849888801575, "critic_loss": 9.819187543869019, "actor_loss": -131.04236962890624, "alpha_loss": 0.0017619994999840856, "alpha_value": 0.05690756475925446, "duration": 76.12033820152283, "step": 41750}
{"episode_reward": 630.3404681031669, "episode": 168.0, "batch_reward": 1.5461542983055114, "critic_loss": 10.063008903503418, "actor_loss": -131.68481127929687, "alpha_loss": -0.0051523811370134355, "alpha_value": 0.05701608389616013, "duration": 75.98603534698486, "step": 42000}
{"episode_reward": 620.8827411789367, "episode": 169.0, "batch_reward": 1.5390103850364685, "critic_loss": 9.761788450241088, "actor_loss": -132.3148223876953, "alpha_loss": 0.0006803844925016164, "alpha_value": 0.057027533680200575, "duration": 75.88968062400818, "step": 42250}
{"episode_reward": 619.0446621824983, "episode": 170.0, "batch_reward": 1.5505864171981811, "critic_loss": 9.842716093063354, "actor_loss": -133.07453381347656, "alpha_loss": -0.003828189177438617, "alpha_value": 0.05707102578878403, "duration": 76.02536630630493, "step": 42500}
{"episode_reward": 640.3612465553437, "episode": 171.0, "batch_reward": 1.5611080431938171, "critic_loss": 9.886542055130004, "actor_loss": -133.79266491699218, "alpha_loss": -0.00010520584601908922, "alpha_value": 0.05721091368794441, "duration": 76.16454219818115, "step": 42750}
{"episode_reward": 588.6916168071617, "episode": 172.0, "batch_reward": 1.5671024703979493, "critic_loss": 10.148869529724122, "actor_loss": -134.45515454101562, "alpha_loss": -0.006341062968596816, "alpha_value": 0.05733789217472077, "duration": 76.10607624053955, "step": 43000}
{"episode_reward": 499.3001571277862, "episode": 173.0, "batch_reward": 1.5658635177612306, "critic_loss": 9.826430278778076, "actor_loss": -135.01073669433595, "alpha_loss": -0.004286001721397042, "alpha_value": 0.05747238418459892, "duration": 75.9669713973999, "step": 43250}
{"episode_reward": 760.4230507421266, "episode": 174.0, "batch_reward": 1.5773099608421326, "critic_loss": 9.667345790863036, "actor_loss": -135.80088671875, "alpha_loss": -0.003376065192744136, "alpha_value": 0.05760258138179779, "duration": 76.19774341583252, "step": 43500}
{"episode_reward": 593.5946664481602, "episode": 175.0, "batch_reward": 1.5774411339759826, "critic_loss": 10.114586385726929, "actor_loss": -136.32504565429687, "alpha_loss": 0.007379982152022422, "alpha_value": 0.05751963180303574, "duration": 76.1912088394165, "step": 43750}
{"episode_reward": 651.491801200574, "episode": 176.0, "batch_reward": 1.5830026111602784, "critic_loss": 10.2534026927948, "actor_loss": -137.0261475830078, "alpha_loss": 0.0013772753439843654, "alpha_value": 0.0574154309630394, "duration": 75.97674441337585, "step": 44000}
{"episode_reward": 579.3265238452938, "episode": 177.0, "batch_reward": 1.5885894498825073, "critic_loss": 10.104363460540771, "actor_loss": -137.59730334472655, "alpha_loss": -0.011989770859479904, "alpha_value": 0.05755590596795082, "duration": 76.06850266456604, "step": 44250}
{"episode_reward": 594.4983604409003, "episode": 178.0, "batch_reward": 1.6048739953041076, "critic_loss": 9.868112800598144, "actor_loss": -138.3121680908203, "alpha_loss": -0.005141901534050703, "alpha_value": 0.05790461638569832, "duration": 75.89709639549255, "step": 44500}
{"episode_reward": 605.3388490303398, "episode": 179.0, "batch_reward": 1.6080462064743042, "critic_loss": 10.000034759521485, "actor_loss": -138.896927734375, "alpha_loss": -0.0032599258963018655, "alpha_value": 0.057980254411697386, "duration": 75.75474739074707, "step": 44750}
{"episode_reward": 581.804117863531, "episode": 180.0, "batch_reward": 1.5959209718704224, "critic_loss": 9.996495386123657, "actor_loss": -139.36847241210938, "alpha_loss": -0.0004587756674736738, "alpha_value": 0.05808672726154327, "duration": 75.7590126991272, "step": 45000}
{"episode_reward": 655.0807789863823, "episode": 181.0, "batch_reward": 1.6133262572288514, "critic_loss": 9.872619800567627, "actor_loss": -140.11996618652344, "alpha_loss": 0.003947123596444726, "alpha_value": 0.057987095922231675, "duration": 75.71388554573059, "step": 45250}
{"episode_reward": 628.126980745392, "episode": 182.0, "batch_reward": 1.6120750904083252, "critic_loss": 10.183912963867188, "actor_loss": -140.7773201904297, "alpha_loss": -0.0044780262317508455, "alpha_value": 0.05799292221665382, "duration": 75.93051671981812, "step": 45500}
{"episode_reward": 657.4180053051181, "episode": 183.0, "batch_reward": 1.631604127883911, "critic_loss": 10.307607038497924, "actor_loss": -141.50201147460936, "alpha_loss": -0.013005468339659274, "alpha_value": 0.05825546550750733, "duration": 76.2764527797699, "step": 45750}
{"episode_reward": 671.4551610298792, "episode": 184.0, "batch_reward": 1.6320098896026611, "critic_loss": 10.40835863494873, "actor_loss": -142.0177374267578, "alpha_loss": -0.003692275654524565, "alpha_value": 0.05857441970705986, "duration": 76.16863441467285, "step": 46000}
{"episode_reward": 636.4158155795305, "episode": 185.0, "batch_reward": 1.62035955286026, "critic_loss": 10.20373175239563, "actor_loss": -142.70949865722656, "alpha_loss": 0.0010338656120002269, "alpha_value": 0.058612651109695435, "duration": 75.83140778541565, "step": 46250}
{"episode_reward": 674.7678962403282, "episode": 186.0, "batch_reward": 1.644710997581482, "critic_loss": 10.506575592041015, "actor_loss": -143.44048388671874, "alpha_loss": 0.0017851423770189284, "alpha_value": 0.058536918103694914, "duration": 76.085129737854, "step": 46500}
{"episode_reward": 607.5550298524995, "episode": 187.0, "batch_reward": 1.640863486289978, "critic_loss": 10.572834302902221, "actor_loss": -143.9478720703125, "alpha_loss": 0.002011381244286895, "alpha_value": 0.05849283331632614, "duration": 76.22665619850159, "step": 46750}
{"episode_reward": 549.2050048261053, "episode": 188.0, "batch_reward": 1.6323525400161742, "critic_loss": 10.439041254043579, "actor_loss": -144.63758325195312, "alpha_loss": -0.0016143890395760535, "alpha_value": 0.058518840938806535, "duration": 76.24824142456055, "step": 47000}
{"episode_reward": 688.4503824126765, "episode": 189.0, "batch_reward": 1.6480606350898743, "critic_loss": 10.565707544326782, "actor_loss": -145.16874487304688, "alpha_loss": -0.003006032477132976, "alpha_value": 0.05849559208750725, "duration": 76.0816535949707, "step": 47250}
{"episode_reward": 584.0791391397282, "episode": 190.0, "batch_reward": 1.659410756111145, "critic_loss": 10.664666370391846, "actor_loss": -145.95594482421876, "alpha_loss": -0.001001957155764103, "alpha_value": 0.05867177858948708, "duration": 76.03392004966736, "step": 47500}
{"episode_reward": 640.1829802061337, "episode": 191.0, "batch_reward": 1.6521394605636597, "critic_loss": 10.56826865196228, "actor_loss": -146.54480102539063, "alpha_loss": -0.001019518168643117, "alpha_value": 0.058696774423122405, "duration": 76.0384783744812, "step": 47750}
{"episode_reward": 653.4612997708011, "episode": 192.0, "batch_reward": 1.6529966268539429, "critic_loss": 10.76681162071228, "actor_loss": -147.19523095703124, "alpha_loss": -0.009808325765654444, "alpha_value": 0.058797005355358124, "duration": 75.63343858718872, "step": 48000}
{"episode_reward": 563.1709148799921, "episode": 193.0, "batch_reward": 1.6729436264038087, "critic_loss": 10.591332063674926, "actor_loss": -147.8868828125, "alpha_loss": -0.006095848573371768, "alpha_value": 0.0591341165304184, "duration": 75.91733646392822, "step": 48250}
{"episode_reward": 701.4011089935018, "episode": 194.0, "batch_reward": 1.6702877554893494, "critic_loss": 10.806769018173219, "actor_loss": -148.4695760498047, "alpha_loss": -0.009181200752034784, "alpha_value": 0.0594589684009552, "duration": 75.92462921142578, "step": 48500}
{"episode_reward": 710.46502047743, "episode": 195.0, "batch_reward": 1.6958376550674439, "critic_loss": 10.952052276611328, "actor_loss": -149.22243225097657, "alpha_loss": -0.00143151331320405, "alpha_value": 0.05962716495990753, "duration": 75.84499287605286, "step": 48750}
{"episode_reward": 665.1983117733644, "episode": 196.0, "batch_reward": 1.6783740196228027, "critic_loss": 11.15445182800293, "actor_loss": -149.70366943359375, "alpha_loss": -0.0019142606006935239, "alpha_value": 0.05957763198018074, "duration": 76.14853405952454, "step": 49000}
{"episode_reward": 621.6980731168072, "episode": 197.0, "batch_reward": 1.6996937799453735, "critic_loss": 11.291972169876098, "actor_loss": -150.33625402832033, "alpha_loss": -0.004960180509835482, "alpha_value": 0.059733172833919525, "duration": 80.0847556591034, "step": 49250}
{"episode_reward": 637.8685804895368, "episode": 198.0, "batch_reward": 1.6923308057785034, "critic_loss": 11.32737747001648, "actor_loss": -150.89088391113282, "alpha_loss": -0.007541589096188545, "alpha_value": 0.059902842611074446, "duration": 81.204913854599, "step": 49500}
{"episode_reward": 683.0095719643359, "episode": 199.0, "batch_reward": 1.689871175289154, "critic_loss": 11.458676570892335, "actor_loss": -151.4861639404297, "alpha_loss": -0.008564791407436132, "alpha_value": 0.0602170849442482, "duration": 81.70266938209534, "step": 49750}
{"episode_reward": 661.6309927640139, "episode": 200.0, "batch_reward": 1.6961673841476441, "critic_loss": 11.56650099182129, "actor_loss": -152.17255908203126, "alpha_loss": -0.013892518665641547, "alpha_value": 0.060644342094659805, "duration": 82.21093916893005, "step": 50000}
{"episode_reward": 713.9530098421966, "episode": 201.0, "batch_reward": 1.7098459243774413, "critic_loss": 11.417968938827515, "actor_loss": -152.83359606933593, "alpha_loss": -0.011382924092933535, "alpha_value": 0.06101042425632477, "duration": 98.53727316856384, "step": 50250}
{"episode_reward": 682.8932828973911, "episode": 202.0, "batch_reward": 1.7053915543556213, "critic_loss": 11.323861455917358, "actor_loss": -153.30755346679686, "alpha_loss": -0.008785584673285484, "alpha_value": 0.06130683526396751, "duration": 81.34494495391846, "step": 50500}
{"episode_reward": 609.3515176373854, "episode": 203.0, "batch_reward": 1.7141177349090577, "critic_loss": 11.251359323501587, "actor_loss": -154.05633435058593, "alpha_loss": -0.011519980082288385, "alpha_value": 0.06166816806793213, "duration": 81.59691333770752, "step": 50750}
{"episode_reward": 656.9389612267611, "episode": 204.0, "batch_reward": 1.719413459777832, "critic_loss": 11.633758975982666, "actor_loss": -154.74223583984374, "alpha_loss": -0.006221906227059662, "alpha_value": 0.06187297892570496, "duration": 81.688729763031, "step": 51000}
{"episode_reward": 635.0150249457693, "episode": 205.0, "batch_reward": 1.7260068054199218, "critic_loss": 11.581058200836182, "actor_loss": -155.4611446533203, "alpha_loss": -0.007837420968338848, "alpha_value": 0.0622220204770565, "duration": 81.68288135528564, "step": 51250}
{"episode_reward": 572.7104691696372, "episode": 206.0, "batch_reward": 1.7162261962890626, "critic_loss": 11.964387958526611, "actor_loss": -155.97620642089845, "alpha_loss": -0.007652996320277453, "alpha_value": 0.062468313604593276, "duration": 82.28862500190735, "step": 51500}
{"episode_reward": 601.7392184940038, "episode": 207.0, "batch_reward": 1.7377311177253723, "critic_loss": 11.827897804260253, "actor_loss": -156.6035870361328, "alpha_loss": -0.00789486945606768, "alpha_value": 0.06260358604788781, "duration": 82.25402307510376, "step": 51750}
{"episode_reward": 639.7322107746979, "episode": 208.0, "batch_reward": 1.7377798275947571, "critic_loss": 12.081378873825074, "actor_loss": -157.16108630371093, "alpha_loss": -0.00846325228177011, "alpha_value": 0.06298816359043122, "duration": 82.60609412193298, "step": 52000}
{"episode_reward": 611.7985405548787, "episode": 209.0, "batch_reward": 1.751580991268158, "critic_loss": 11.891939453125, "actor_loss": -157.8402258300781, "alpha_loss": -0.000522201219573617, "alpha_value": 0.0631072353720665, "duration": 82.25775337219238, "step": 52250}
{"episode_reward": 638.6222131539288, "episode": 210.0, "batch_reward": 1.739065559864044, "critic_loss": 12.228063549041748, "actor_loss": -158.42768200683594, "alpha_loss": 0.0035075594745576383, "alpha_value": 0.06301278257369995, "duration": 81.20819997787476, "step": 52500}
{"episode_reward": 742.4216742776238, "episode": 211.0, "batch_reward": 1.7467357158660888, "critic_loss": 12.025569231033325, "actor_loss": -159.19703186035156, "alpha_loss": -0.013427883675321937, "alpha_value": 0.06316633123159408, "duration": 76.14839911460876, "step": 52750}
{"episode_reward": 629.240646749906, "episode": 212.0, "batch_reward": 1.7415866827964783, "critic_loss": 11.94409659576416, "actor_loss": -159.69499975585939, "alpha_loss": -0.005796205230057239, "alpha_value": 0.06359027689695358, "duration": 80.51465845108032, "step": 53000}
{"episode_reward": 616.7423959121787, "episode": 213.0, "batch_reward": 1.7559791359901429, "critic_loss": 11.98369329071045, "actor_loss": -160.32256079101563, "alpha_loss": -0.006254084220156074, "alpha_value": 0.06365760898590088, "duration": 81.89527606964111, "step": 53250}
{"episode_reward": 575.6588355008914, "episode": 214.0, "batch_reward": 1.7641473474502563, "critic_loss": 12.038856857299805, "actor_loss": -160.82746447753905, "alpha_loss": -0.002847288180142641, "alpha_value": 0.06386378782987595, "duration": 82.006680727005, "step": 53500}
{"episode_reward": 745.0203581170589, "episode": 215.0, "batch_reward": 1.756239483833313, "critic_loss": 11.90727137184143, "actor_loss": -161.51750451660158, "alpha_loss": 0.00045758024975657465, "alpha_value": 0.06393747842311859, "duration": 82.04313921928406, "step": 53750}
{"episode_reward": 679.3454808918647, "episode": 216.0, "batch_reward": 1.7596393194198607, "critic_loss": 11.894206995010377, "actor_loss": -162.18129516601562, "alpha_loss": 0.0013213830981403589, "alpha_value": 0.06382903552055359, "duration": 82.15596103668213, "step": 54000}
{"episode_reward": 642.6399220346639, "episode": 217.0, "batch_reward": 1.7682301416397095, "critic_loss": 11.636359375, "actor_loss": -162.81370617675782, "alpha_loss": -0.00167210584692657, "alpha_value": 0.06388020420074463, "duration": 82.18212103843689, "step": 54250}
{"episode_reward": 744.305188281658, "episode": 218.0, "batch_reward": 1.7757388634681701, "critic_loss": 12.003926294326781, "actor_loss": -163.46840893554688, "alpha_loss": -0.0003210008777678013, "alpha_value": 0.06391729587316514, "duration": 81.98654866218567, "step": 54500}
{"episode_reward": 742.305424131697, "episode": 219.0, "batch_reward": 1.7735518498420715, "critic_loss": 11.96926676940918, "actor_loss": -163.92271655273439, "alpha_loss": -0.0002573332767933607, "alpha_value": 0.06389954948425293, "duration": 82.1672830581665, "step": 54750}
{"episode_reward": 705.872373405811, "episode": 220.0, "batch_reward": 1.7871321077346802, "critic_loss": 11.787299890518188, "actor_loss": -164.64876489257813, "alpha_loss": -0.008184361770749092, "alpha_value": 0.06413498640060425, "duration": 82.21962857246399, "step": 55000}
{"episode_reward": 605.364297955956, "episode": 221.0, "batch_reward": 1.7899984760284424, "critic_loss": 11.789993307113647, "actor_loss": -165.31426623535157, "alpha_loss": -0.005387387121096253, "alpha_value": 0.06434932100772858, "duration": 82.42352652549744, "step": 55250}
{"episode_reward": 687.3656140881325, "episode": 222.0, "batch_reward": 1.8014515047073365, "critic_loss": 12.097280883789063, "actor_loss": -165.81340112304687, "alpha_loss": 0.006091495011001825, "alpha_value": 0.06426728302240371, "duration": 82.41444134712219, "step": 55500}
{"episode_reward": 680.9056309550137, "episode": 223.0, "batch_reward": 1.7982099204063415, "critic_loss": 12.450094635009766, "actor_loss": -166.34190417480468, "alpha_loss": -0.009162938915193082, "alpha_value": 0.06430678606033326, "duration": 82.09129166603088, "step": 55750}
{"episode_reward": 694.0371262914645, "episode": 224.0, "batch_reward": 1.7956980648040772, "critic_loss": 12.829913024902345, "actor_loss": -166.85974584960937, "alpha_loss": -0.017599816704168915, "alpha_value": 0.06473552536964416, "duration": 82.34879612922668, "step": 56000}
{"episode_reward": 706.701066858634, "episode": 225.0, "batch_reward": 1.795453441619873, "critic_loss": 12.820699668884277, "actor_loss": -167.37447631835937, "alpha_loss": 0.004387987265363336, "alpha_value": 0.06505360555648804, "duration": 82.57164311408997, "step": 56250}
{"episode_reward": 669.9331979255336, "episode": 226.0, "batch_reward": 1.8061476178169251, "critic_loss": 12.575620979309083, "actor_loss": -168.0442958984375, "alpha_loss": -0.015473425915464759, "alpha_value": 0.0651726376414299, "duration": 82.58208394050598, "step": 56500}
{"episode_reward": 710.900048719905, "episode": 227.0, "batch_reward": 1.8115090403556824, "critic_loss": 12.796787981033326, "actor_loss": -168.57119750976562, "alpha_loss": -0.00737639369443059, "alpha_value": 0.06560289633274079, "duration": 82.76270937919617, "step": 56750}
{"episode_reward": 611.4414656633328, "episode": 228.0, "batch_reward": 1.8178971667289734, "critic_loss": 13.095849338531494, "actor_loss": -169.17145483398437, "alpha_loss": -0.009339319761842489, "alpha_value": 0.06586984902620316, "duration": 83.04729390144348, "step": 57000}
{"episode_reward": 695.6972715466834, "episode": 229.0, "batch_reward": 1.824851450920105, "critic_loss": 12.767520721435547, "actor_loss": -169.81532482910157, "alpha_loss": -0.0030114321708679197, "alpha_value": 0.06607153141498566, "duration": 82.69874167442322, "step": 57250}
{"episode_reward": 658.0836526927587, "episode": 230.0, "batch_reward": 1.8152749090194702, "critic_loss": 12.80195174407959, "actor_loss": -170.3216973876953, "alpha_loss": 0.0032124012261629106, "alpha_value": 0.06607381784915924, "duration": 82.97724986076355, "step": 57500}
{"episode_reward": 639.0818570747495, "episode": 231.0, "batch_reward": 1.8289075169563294, "critic_loss": 12.760332273483277, "actor_loss": -171.05708349609375, "alpha_loss": -0.007715518275275827, "alpha_value": 0.06603581237792969, "duration": 82.8448052406311, "step": 57750}
{"episode_reward": 751.490411232256, "episode": 232.0, "batch_reward": 1.829737226486206, "critic_loss": 12.805575248718261, "actor_loss": -171.54395239257812, "alpha_loss": -0.002961714940145612, "alpha_value": 0.06630434167385102, "duration": 82.63885569572449, "step": 58000}
{"episode_reward": 625.7580204228726, "episode": 233.0, "batch_reward": 1.8268172645568848, "critic_loss": 12.930274799346924, "actor_loss": -172.20367590332032, "alpha_loss": -0.008425673648715019, "alpha_value": 0.06647633337974548, "duration": 82.81575274467468, "step": 58250}
{"episode_reward": 725.6483975762385, "episode": 234.0, "batch_reward": 1.8561361155509948, "critic_loss": 12.827900104522705, "actor_loss": -172.89695739746094, "alpha_loss": -0.004862180085852742, "alpha_value": 0.06664725965261459, "duration": 82.5306327342987, "step": 58500}
{"episode_reward": 713.7957921420228, "episode": 235.0, "batch_reward": 1.8425313959121703, "critic_loss": 13.125532432556152, "actor_loss": -173.23641857910155, "alpha_loss": -0.0054345060940831896, "alpha_value": 0.06691459047794342, "duration": 82.76100540161133, "step": 58750}
{"episode_reward": 743.8261548633817, "episode": 236.0, "batch_reward": 1.8673868207931519, "critic_loss": 13.277717632293701, "actor_loss": -173.8952956542969, "alpha_loss": -0.012292441058903933, "alpha_value": 0.0672481508255005, "duration": 82.6390974521637, "step": 59000}
{"episode_reward": 643.6700163636611, "episode": 237.0, "batch_reward": 1.851867108821869, "critic_loss": 13.067063369750976, "actor_loss": -174.5313076171875, "alpha_loss": -0.0019049037285149097, "alpha_value": 0.06746161341667176, "duration": 83.00842833518982, "step": 59250}
{"episode_reward": 746.1235593935547, "episode": 238.0, "batch_reward": 1.8486566290855408, "critic_loss": 12.98461502456665, "actor_loss": -175.04116674804686, "alpha_loss": 0.0031449466310441493, "alpha_value": 0.06739381408691406, "duration": 82.60896897315979, "step": 59500}
{"episode_reward": 741.5081080347327, "episode": 239.0, "batch_reward": 1.8625816297531128, "critic_loss": 13.005740535736084, "actor_loss": -175.55559814453125, "alpha_loss": 0.004777592955157161, "alpha_value": 0.06719201505184173, "duration": 82.63819575309753, "step": 59750}
{"episode_reward": 690.4905439704851, "episode": 240.0, "batch_reward": 1.858501917362213, "critic_loss": 13.09025473022461, "actor_loss": -176.10574157714845, "alpha_loss": 0.006729473711922764, "alpha_value": 0.0670406733751297, "duration": 82.17488074302673, "step": 60000}
{"episode_reward": 720.6780654477011, "episode": 241.0, "batch_reward": 1.8590890164375304, "critic_loss": 13.52548879623413, "actor_loss": -176.78867602539063, "alpha_loss": -0.0039596074987202886, "alpha_value": 0.06705641466379166, "duration": 98.31862115859985, "step": 60250}
{"episode_reward": 710.7236237737184, "episode": 242.0, "batch_reward": 1.8735894408226013, "critic_loss": 13.35064109802246, "actor_loss": -177.46681005859375, "alpha_loss": -0.011891555236652494, "alpha_value": 0.06730449432134629, "duration": 81.64036798477173, "step": 60500}
{"episode_reward": 637.1165153349782, "episode": 243.0, "batch_reward": 1.8795647644996643, "critic_loss": 13.25966975402832, "actor_loss": -178.15164099121094, "alpha_loss": -0.009166946511715651, "alpha_value": 0.06769715875387192, "duration": 81.94112825393677, "step": 60750}
{"episode_reward": 653.2255675261143, "episode": 244.0, "batch_reward": 1.8911667351722716, "critic_loss": 13.107792266845703, "actor_loss": -178.66374475097658, "alpha_loss": 0.001245296735316515, "alpha_value": 0.06780929046869277, "duration": 81.91645693778992, "step": 61000}
{"episode_reward": 620.3214083980494, "episode": 245.0, "batch_reward": 1.8862563457489014, "critic_loss": 13.655574291229248, "actor_loss": -179.3016495361328, "alpha_loss": -0.00226183851249516, "alpha_value": 0.06781056678295136, "duration": 82.08301639556885, "step": 61250}
{"episode_reward": 677.8342816819329, "episode": 246.0, "batch_reward": 1.8968704710006714, "critic_loss": 13.558834280014038, "actor_loss": -179.8620633544922, "alpha_loss": -0.007093380175530911, "alpha_value": 0.0679282619357109, "duration": 82.13477230072021, "step": 61500}
{"episode_reward": 680.6204118471401, "episode": 247.0, "batch_reward": 1.8914263362884522, "critic_loss": 13.722980743408202, "actor_loss": -180.39682312011718, "alpha_loss": -0.0053286820240318776, "alpha_value": 0.06819301241636276, "duration": 82.14526319503784, "step": 61750}
{"episode_reward": 824.9837868040316, "episode": 248.0, "batch_reward": 1.8922873225212098, "critic_loss": 13.923984619140626, "actor_loss": -180.8303232421875, "alpha_loss": -0.01332754122465849, "alpha_value": 0.06846031957864761, "duration": 82.10989665985107, "step": 62000}
{"episode_reward": 773.5977194274082, "episode": 249.0, "batch_reward": 1.913490954399109, "critic_loss": 13.58727281188965, "actor_loss": -181.56731591796876, "alpha_loss": -0.004939611703157425, "alpha_value": 0.06884348386526108, "duration": 82.32630586624146, "step": 62250}
{"episode_reward": 756.5980352183607, "episode": 250.0, "batch_reward": 1.91056387758255, "critic_loss": 13.87615113067627, "actor_loss": -182.13947387695313, "alpha_loss": -0.011260687738656999, "alpha_value": 0.0690227484703064, "duration": 82.29083037376404, "step": 62500}
{"episode_reward": 693.3022301937854, "episode": 251.0, "batch_reward": 1.928322555065155, "critic_loss": 13.946509536743164, "actor_loss": -182.8714913330078, "alpha_loss": -0.0075471607819199565, "alpha_value": 0.06936903834342957, "duration": 82.47076797485352, "step": 62750}
{"episode_reward": 669.4079973274007, "episode": 252.0, "batch_reward": 1.9092027459144592, "critic_loss": 13.91033317565918, "actor_loss": -183.30037976074217, "alpha_loss": -0.0006145016141235829, "alpha_value": 0.06952431535720825, "duration": 82.92386817932129, "step": 63000}
{"episode_reward": 624.0440067886552, "episode": 253.0, "batch_reward": 1.9131767983436585, "critic_loss": 14.12370361328125, "actor_loss": -183.9543536376953, "alpha_loss": -0.005441440068185329, "alpha_value": 0.069643668115139, "duration": 82.62592029571533, "step": 63250}
{"episode_reward": 769.6269084674057, "episode": 254.0, "batch_reward": 1.9099119100570678, "critic_loss": 13.979271900177002, "actor_loss": -184.33077160644532, "alpha_loss": 0.0010248052719980477, "alpha_value": 0.06973100650310517, "duration": 82.81327629089355, "step": 63500}
{"episode_reward": 741.7279222426978, "episode": 255.0, "batch_reward": 1.9295832605361938, "critic_loss": 13.72102320098877, "actor_loss": -184.9949073486328, "alpha_loss": 0.00023288610763847828, "alpha_value": 0.06963887506723404, "duration": 82.70604109764099, "step": 63750}
{"episode_reward": 859.1206737010092, "episode": 256.0, "batch_reward": 1.9241563839912414, "critic_loss": 14.54079764175415, "actor_loss": -185.40753564453124, "alpha_loss": -0.007790508903563023, "alpha_value": 0.06981921416521072, "duration": 82.80086636543274, "step": 64000}
{"episode_reward": 760.5992762771978, "episode": 257.0, "batch_reward": 1.9288093457221984, "critic_loss": 14.299969528198242, "actor_loss": -185.93326440429686, "alpha_loss": 0.004600493550300598, "alpha_value": 0.06988411980867386, "duration": 82.44092154502869, "step": 64250}
{"episode_reward": 722.8230737437551, "episode": 258.0, "batch_reward": 1.9346220870018005, "critic_loss": 13.796584262847901, "actor_loss": -186.58328564453126, "alpha_loss": -0.0007855713758617639, "alpha_value": 0.069724180996418, "duration": 83.0013325214386, "step": 64500}
{"episode_reward": 728.8865269598185, "episode": 259.0, "batch_reward": 1.9369031448364258, "critic_loss": 13.702894191741944, "actor_loss": -187.2282822265625, "alpha_loss": -0.003266214666888118, "alpha_value": 0.06989153999090195, "duration": 83.24147176742554, "step": 64750}
{"episode_reward": 725.0833188056215, "episode": 260.0, "batch_reward": 1.945210359096527, "critic_loss": 13.681979026794433, "actor_loss": -187.6348350830078, "alpha_loss": 0.004315069165080785, "alpha_value": 0.0697906683087349, "duration": 83.301602602005, "step": 65000}
{"episode_reward": 790.925866670582, "episode": 261.0, "batch_reward": 1.9455339593887329, "critic_loss": 13.702612787246704, "actor_loss": -188.1652607421875, "alpha_loss": -0.006569945465773344, "alpha_value": 0.06982011914253235, "duration": 83.21789836883545, "step": 65250}
{"episode_reward": 784.3259021041202, "episode": 262.0, "batch_reward": 1.9242834000587463, "critic_loss": 13.573168395996094, "actor_loss": -188.80700622558595, "alpha_loss": -0.005746330305933953, "alpha_value": 0.07006981110572814, "duration": 83.25681614875793, "step": 65500}
{"episode_reward": 740.3212958701794, "episode": 263.0, "batch_reward": 1.9571759581565857, "critic_loss": 14.113876945495605, "actor_loss": -189.26746630859375, "alpha_loss": -0.0034892813339829445, "alpha_value": 0.07031029063463211, "duration": 83.18328285217285, "step": 65750}
{"episode_reward": 709.5411802447785, "episode": 264.0, "batch_reward": 1.9701495819091797, "critic_loss": 13.722310691833496, "actor_loss": -190.04886413574218, "alpha_loss": -0.005098047772422433, "alpha_value": 0.07044981479644775, "duration": 83.03419375419617, "step": 66000}
{"episode_reward": 824.5785717599252, "episode": 265.0, "batch_reward": 1.9662397627830506, "critic_loss": 14.122372215270996, "actor_loss": -190.55869775390624, "alpha_loss": -0.001539093798957765, "alpha_value": 0.07054479616880417, "duration": 82.84071207046509, "step": 66250}
{"episode_reward": 677.0581097346238, "episode": 266.0, "batch_reward": 1.958687614440918, "critic_loss": 14.142397315979004, "actor_loss": -190.98498718261717, "alpha_loss": 0.0017903613494709134, "alpha_value": 0.07048009884357452, "duration": 82.83955645561218, "step": 66500}
{"episode_reward": 789.2393908784998, "episode": 267.0, "batch_reward": 1.971676899433136, "critic_loss": 14.186979549407958, "actor_loss": -191.79775708007813, "alpha_loss": -0.005696607492864132, "alpha_value": 0.0706046166419983, "duration": 82.69375991821289, "step": 66750}
{"episode_reward": 809.1151229518192, "episode": 268.0, "batch_reward": 1.9878011560440063, "critic_loss": 14.06373293685913, "actor_loss": -192.29675183105468, "alpha_loss": -0.007909342845901847, "alpha_value": 0.0708435270190239, "duration": 82.85498404502869, "step": 67000}
{"episode_reward": 848.4084555851064, "episode": 269.0, "batch_reward": 1.9799849157333373, "critic_loss": 14.673803825378418, "actor_loss": -192.9420108642578, "alpha_loss": -0.012495214030146598, "alpha_value": 0.0712032927274704, "duration": 82.96280646324158, "step": 67250}
{"episode_reward": 720.3055234211716, "episode": 270.0, "batch_reward": 1.986471032142639, "critic_loss": 14.735922103881835, "actor_loss": -193.3076307373047, "alpha_loss": -0.004145390933379531, "alpha_value": 0.0714819494485855, "duration": 82.64390563964844, "step": 67500}
{"episode_reward": 684.1047588244735, "episode": 271.0, "batch_reward": 1.9836955676078796, "critic_loss": 14.871159172058105, "actor_loss": -193.81394506835937, "alpha_loss": -0.01075825159624219, "alpha_value": 0.07172897046804429, "duration": 82.73110938072205, "step": 67750}
{"episode_reward": 794.8371597895616, "episode": 272.0, "batch_reward": 1.9975368862152099, "critic_loss": 14.687834358215332, "actor_loss": -194.54238916015626, "alpha_loss": -0.010040368178859354, "alpha_value": 0.07213397884368897, "duration": 82.66403651237488, "step": 68000}
{"episode_reward": 717.2961554716555, "episode": 273.0, "batch_reward": 1.997909698009491, "critic_loss": 15.076744369506835, "actor_loss": -195.09754016113283, "alpha_loss": -0.0020278289597481488, "alpha_value": 0.07232105755805969, "duration": 82.70966935157776, "step": 68250}
{"episode_reward": 806.0733270848904, "episode": 274.0, "batch_reward": 2.009170570373535, "critic_loss": 15.299556831359864, "actor_loss": -195.60960473632812, "alpha_loss": -0.00676484153419733, "alpha_value": 0.07244384646415711, "duration": 82.64649391174316, "step": 68500}
{"episode_reward": 802.3447288636588, "episode": 275.0, "batch_reward": 1.9960287866592408, "critic_loss": 15.08869637298584, "actor_loss": -196.2715831298828, "alpha_loss": -0.0011527677420526744, "alpha_value": 0.07262991678714752, "duration": 82.84147381782532, "step": 68750}
{"episode_reward": 658.3437515036214, "episode": 276.0, "batch_reward": 2.0188296003341675, "critic_loss": 14.97248769378662, "actor_loss": -196.90682373046874, "alpha_loss": -0.006370472176000476, "alpha_value": 0.07278315699100495, "duration": 82.8390429019928, "step": 69000}
{"episode_reward": 685.7860049323317, "episode": 277.0, "batch_reward": 2.0102333273887636, "critic_loss": 15.353817756652832, "actor_loss": -197.4160743408203, "alpha_loss": 0.006273709323257208, "alpha_value": 0.07268009364604949, "duration": 82.61128616333008, "step": 69250}
{"episode_reward": 787.6463547393133, "episode": 278.0, "batch_reward": 2.0170972509384155, "critic_loss": 15.388755493164062, "actor_loss": -197.99611486816406, "alpha_loss": -0.007084261665120721, "alpha_value": 0.07275439274311066, "duration": 83.03381848335266, "step": 69500}
{"episode_reward": 877.1684654566403, "episode": 279.0, "batch_reward": 2.0210966539382933, "critic_loss": 15.236440483093261, "actor_loss": -198.45857434082032, "alpha_loss": 0.0032347162645310163, "alpha_value": 0.07284655714035035, "duration": 83.65203714370728, "step": 69750}
{"episode_reward": 780.338470971122, "episode": 280.0, "batch_reward": 2.016444064617157, "critic_loss": 15.20723435974121, "actor_loss": -199.10646252441407, "alpha_loss": 0.000575186587870121, "alpha_value": 0.07274513739347457, "duration": 83.61007380485535, "step": 70000}
{"episode_reward": 705.406638961768, "episode": 281.0, "batch_reward": 2.034963513851166, "critic_loss": 15.404725200653075, "actor_loss": -199.64774401855468, "alpha_loss": -0.002489179542288184, "alpha_value": 0.07274176639318466, "duration": 99.4273681640625, "step": 70250}
{"episode_reward": 769.0270766227394, "episode": 282.0, "batch_reward": 2.0324360041618346, "critic_loss": 15.189732921600342, "actor_loss": -200.17131213378906, "alpha_loss": -0.005647626204416156, "alpha_value": 0.07288951426744461, "duration": 82.32484793663025, "step": 70500}
{"episode_reward": 784.8062114052192, "episode": 283.0, "batch_reward": 2.0354496827125548, "critic_loss": 15.309751052856445, "actor_loss": -200.65756604003906, "alpha_loss": 0.004459791041910648, "alpha_value": 0.07300968968868256, "duration": 82.54210662841797, "step": 70750}
{"episode_reward": 813.6787485270867, "episode": 284.0, "batch_reward": 2.0290237851142883, "critic_loss": 15.404517482757567, "actor_loss": -201.11472888183593, "alpha_loss": -0.0009849998485296965, "alpha_value": 0.07283565956354142, "duration": 82.57387089729309, "step": 71000}
{"episode_reward": 779.445065219572, "episode": 285.0, "batch_reward": 2.0474826626777647, "critic_loss": 15.465274467468262, "actor_loss": -201.75258752441405, "alpha_loss": -0.0018771289829164744, "alpha_value": 0.07289041578769684, "duration": 82.91321873664856, "step": 71250}
{"episode_reward": 806.2604059070887, "episode": 286.0, "batch_reward": 2.0514445686340332, "critic_loss": 15.173106300354004, "actor_loss": -202.31362158203126, "alpha_loss": -0.0011958496123552322, "alpha_value": 0.07292850190401078, "duration": 83.146733045578, "step": 71500}
{"episode_reward": 754.8581337144619, "episode": 287.0, "batch_reward": 2.0594214820861816, "critic_loss": 15.85308433151245, "actor_loss": -202.92118896484374, "alpha_loss": 0.0005945282634347677, "alpha_value": 0.07298367822170257, "duration": 83.3679211139679, "step": 71750}
{"episode_reward": 650.635111485282, "episode": 288.0, "batch_reward": 2.0497984776496887, "critic_loss": 16.266290920257568, "actor_loss": -203.402861328125, "alpha_loss": -0.009837054843083025, "alpha_value": 0.07311500370502472, "duration": 83.87542533874512, "step": 72000}
{"episode_reward": 747.5663661540584, "episode": 289.0, "batch_reward": 2.047445983886719, "critic_loss": 15.819440143585204, "actor_loss": -203.8757889404297, "alpha_loss": -0.007667681505903602, "alpha_value": 0.0734432054758072, "duration": 84.08744215965271, "step": 72250}
{"episode_reward": 792.1709853589226, "episode": 290.0, "batch_reward": 2.050313683986664, "critic_loss": 16.137221824645994, "actor_loss": -204.44237609863282, "alpha_loss": -0.012760793725028634, "alpha_value": 0.07376416087150574, "duration": 83.0705885887146, "step": 72500}
{"episode_reward": 713.9243605002889, "episode": 291.0, "batch_reward": 2.0763177647590636, "critic_loss": 16.244776802062987, "actor_loss": -205.14787475585936, "alpha_loss": -0.01340682652965188, "alpha_value": 0.07420402699708939, "duration": 83.28621768951416, "step": 72750}
{"episode_reward": 822.1734904861629, "episode": 292.0, "batch_reward": 2.031512685775757, "critic_loss": 15.973898868560791, "actor_loss": -205.40681799316405, "alpha_loss": -0.004783849140629172, "alpha_value": 0.07449529606103897, "duration": 83.24567699432373, "step": 73000}
{"episode_reward": 728.6274727432068, "episode": 293.0, "batch_reward": 2.074610032558441, "critic_loss": 16.147002540588378, "actor_loss": -206.10230151367188, "alpha_loss": -0.007952249515801669, "alpha_value": 0.07470953637361527, "duration": 83.19452738761902, "step": 73250}
{"episode_reward": 743.0192495416121, "episode": 294.0, "batch_reward": 2.072826277256012, "critic_loss": 15.770142951965331, "actor_loss": -206.615302734375, "alpha_loss": 0.0031136874631047247, "alpha_value": 0.07485131859779358, "duration": 83.03095078468323, "step": 73500}
{"episode_reward": 837.2429879377263, "episode": 295.0, "batch_reward": 2.0863473505973817, "critic_loss": 15.941806690216065, "actor_loss": -207.35006469726562, "alpha_loss": -0.004437485633417964, "alpha_value": 0.07488725757598877, "duration": 82.6031277179718, "step": 73750}
{"episode_reward": 820.541942119528, "episode": 296.0, "batch_reward": 2.0685560040473936, "critic_loss": 15.88678789138794, "actor_loss": -207.7814226074219, "alpha_loss": -0.0023787031080573797, "alpha_value": 0.07494809138774872, "duration": 82.6471791267395, "step": 74000}
{"episode_reward": 735.1156485009984, "episode": 297.0, "batch_reward": 2.087750394821167, "critic_loss": 15.855779388427734, "actor_loss": -208.31473254394533, "alpha_loss": -0.00013890472054481505, "alpha_value": 0.07505313920974731, "duration": 82.84684824943542, "step": 74250}
{"episode_reward": 848.1992130424616, "episode": 298.0, "batch_reward": 2.0890356764793396, "critic_loss": 15.868034328460693, "actor_loss": -208.93939770507814, "alpha_loss": -0.0029570316337049008, "alpha_value": 0.07507924598455429, "duration": 82.73288941383362, "step": 74500}
{"episode_reward": 738.7173471899741, "episode": 299.0, "batch_reward": 2.0890899395942686, "critic_loss": 16.755658267974855, "actor_loss": -209.32493786621095, "alpha_loss": 0.0011632166132330894, "alpha_value": 0.07505951416492462, "duration": 82.65903782844543, "step": 74750}
{"episode_reward": 742.5605309770151, "episode": 300.0, "batch_reward": 2.078927933216095, "critic_loss": 16.43609909439087, "actor_loss": -209.76189575195312, "alpha_loss": -0.009511564638465643, "alpha_value": 0.07528000807762146, "duration": 82.70260047912598, "step": 75000}
{"episode_reward": 715.0848426508459, "episode": 301.0, "batch_reward": 2.0939090676307677, "critic_loss": 16.20285294342041, "actor_loss": -210.44021520996094, "alpha_loss": -0.0005363721232861281, "alpha_value": 0.0754042517542839, "duration": 82.71307277679443, "step": 75250}
{"episode_reward": 779.5627692259667, "episode": 302.0, "batch_reward": 2.1064815921783446, "critic_loss": 16.64579824066162, "actor_loss": -211.08952514648436, "alpha_loss": 0.0031671296581625937, "alpha_value": 0.07540467810630798, "duration": 82.82965612411499, "step": 75500}
{"episode_reward": 819.5029152552572, "episode": 303.0, "batch_reward": 2.1190882215499878, "critic_loss": 16.833781120300294, "actor_loss": -211.71623034667968, "alpha_loss": 0.0122907809689641, "alpha_value": 0.07511702513694764, "duration": 82.90646934509277, "step": 75750}
{"episode_reward": 811.616410190758, "episode": 304.0, "batch_reward": 2.1208948616981504, "critic_loss": 16.69819540786743, "actor_loss": -212.2088649902344, "alpha_loss": 0.004096841437742114, "alpha_value": 0.07488007313013077, "duration": 83.11480855941772, "step": 76000}
{"episode_reward": 782.82096301048, "episode": 305.0, "batch_reward": 2.1377030720710755, "critic_loss": 16.308301891326906, "actor_loss": -212.6645428466797, "alpha_loss": 0.00409450950473547, "alpha_value": 0.07469897627830506, "duration": 83.08412742614746, "step": 76250}
{"episode_reward": 823.4919614802014, "episode": 306.0, "batch_reward": 2.108833338260651, "critic_loss": 16.29416786956787, "actor_loss": -213.11096813964843, "alpha_loss": -0.0048551570884883405, "alpha_value": 0.07471682119369506, "duration": 83.22825527191162, "step": 76500}
{"episode_reward": 730.8771010916754, "episode": 307.0, "batch_reward": 2.1221542167663574, "critic_loss": 16.41669995880127, "actor_loss": -213.7019775390625, "alpha_loss": 0.0029682706445455552, "alpha_value": 0.07476035594940185, "duration": 83.07993936538696, "step": 76750}
{"episode_reward": 819.8841359395835, "episode": 308.0, "batch_reward": 2.116869339466095, "critic_loss": 16.999962703704835, "actor_loss": -214.14206762695312, "alpha_loss": -0.005893334843218327, "alpha_value": 0.07480152994394303, "duration": 83.1594603061676, "step": 77000}
{"episode_reward": 756.9312073559839, "episode": 309.0, "batch_reward": 2.1240969700813292, "critic_loss": 16.88182207107544, "actor_loss": -214.61954418945314, "alpha_loss": -0.007204392962157726, "alpha_value": 0.07498250418901443, "duration": 83.08287739753723, "step": 77250}
{"episode_reward": 794.1438104029052, "episode": 310.0, "batch_reward": 2.1113592734336852, "critic_loss": 16.56846213531494, "actor_loss": -215.08645288085938, "alpha_loss": -0.01613350441120565, "alpha_value": 0.07537198501825333, "duration": 83.12848973274231, "step": 77500}
{"episode_reward": 829.3789049458417, "episode": 311.0, "batch_reward": 2.1272554903030394, "critic_loss": 16.56552070236206, "actor_loss": -215.6157705078125, "alpha_loss": -0.011421988744288684, "alpha_value": 0.07593529117107391, "duration": 83.1080265045166, "step": 77750}
{"episode_reward": 794.2085473251312, "episode": 312.0, "batch_reward": 2.129265474319458, "critic_loss": 17.382196014404297, "actor_loss": -216.035232421875, "alpha_loss": -0.008807364277541637, "alpha_value": 0.07618625634908677, "duration": 82.84334993362427, "step": 78000}
{"episode_reward": 741.6224438313849, "episode": 313.0, "batch_reward": 2.1490379700660704, "critic_loss": 16.685276454925535, "actor_loss": -216.8181364746094, "alpha_loss": -0.002319620633497834, "alpha_value": 0.07646469312906265, "duration": 82.7006676197052, "step": 78250}
{"episode_reward": 844.3864125809247, "episode": 314.0, "batch_reward": 2.141732397556305, "critic_loss": 16.68293544769287, "actor_loss": -217.26265234375, "alpha_loss": 0.0014174244329333305, "alpha_value": 0.07645868480205537, "duration": 82.5132908821106, "step": 78500}
{"episode_reward": 879.4313631447843, "episode": 315.0, "batch_reward": 2.138300624847412, "critic_loss": 16.60238078689575, "actor_loss": -217.8168944091797, "alpha_loss": 0.004279677525162697, "alpha_value": 0.07638830292224884, "duration": 82.78656935691833, "step": 78750}
{"episode_reward": 613.9875498980218, "episode": 316.0, "batch_reward": 2.1687795300483703, "critic_loss": 16.17759558868408, "actor_loss": -218.3496473388672, "alpha_loss": 0.001708843981847167, "alpha_value": 0.07632987087965011, "duration": 83.15506076812744, "step": 79000}
{"episode_reward": 865.4133992636671, "episode": 317.0, "batch_reward": 2.155419699192047, "critic_loss": 16.33548606491089, "actor_loss": -218.69635473632812, "alpha_loss": -0.00435073708370328, "alpha_value": 0.07624235939979553, "duration": 83.29760408401489, "step": 79250}
{"episode_reward": 803.0525952155268, "episode": 318.0, "batch_reward": 2.15399019241333, "critic_loss": 16.652679172515867, "actor_loss": -219.24340173339843, "alpha_loss": 0.008414442595094442, "alpha_value": 0.07625713884830475, "duration": 83.02332973480225, "step": 79500}
{"episode_reward": 756.7561919453261, "episode": 319.0, "batch_reward": 2.15437291097641, "critic_loss": 16.37504640197754, "actor_loss": -219.8085333251953, "alpha_loss": 0.010656276820227503, "alpha_value": 0.07586244237422943, "duration": 82.83916020393372, "step": 79750}
{"episode_reward": 827.2235641800545, "episode": 320.0, "batch_reward": 2.158330862522125, "critic_loss": 16.4053254737854, "actor_loss": -220.33012487792968, "alpha_loss": 0.006318425290286541, "alpha_value": 0.07567533874511718, "duration": 82.67201852798462, "step": 80000}
