{"episode_reward": 0.0, "episode": 1.0, "duration": 20.032102584838867, "step": 250}
{"episode_reward": 55.52988577935457, "episode": 2.0, "duration": 1.160921573638916, "step": 500}
{"episode_reward": 40.47824423135351, "episode": 3.0, "duration": 1.1461875438690186, "step": 750}
{"episode_reward": 76.08758664483328, "episode": 4.0, "duration": 1.153702735900879, "step": 1000}
{"episode_reward": 48.67827286214316, "episode": 5.0, "batch_reward": 0.22240106180441485, "critic_loss": 0.16892526907215508, "actor_loss": -3.7140474608524294, "alpha_loss": 0.9217186325769938, "alpha_value": 0.09467767000039277, "duration": 520.9234464168549, "step": 1250}
{"episode_reward": 60.48461489946667, "episode": 6.0, "batch_reward": 0.23504942947626115, "critic_loss": 0.3348429074883461, "actor_loss": -6.934373516082764, "alpha_loss": 0.8347570643424987, "alpha_value": 0.08915311270952225, "duration": 100.42465472221375, "step": 1500}
{"episode_reward": 77.59087713686485, "episode": 7.0, "batch_reward": 0.24368475663661956, "critic_loss": 0.40155026561021806, "actor_loss": -7.452564144134522, "alpha_loss": 0.8028258633613586, "alpha_value": 0.08814637005329132, "duration": 100.54158401489258, "step": 1750}
{"episode_reward": 70.35415813378212, "episode": 8.0, "batch_reward": 0.2611786309480667, "critic_loss": 0.4813905868530273, "actor_loss": -8.041399963378906, "alpha_loss": 0.7814540610313415, "alpha_value": 0.08716592973470688, "duration": 100.74840807914734, "step": 2000}
{"episode_reward": 95.93007442599591, "episode": 9.0, "batch_reward": 0.25691571992635726, "critic_loss": 0.47878596240282056, "actor_loss": -8.580205604553223, "alpha_loss": 0.7642808537483216, "alpha_value": 0.08620466601848602, "duration": 101.23537158966064, "step": 2250}
{"episode_reward": 50.309835397284495, "episode": 10.0, "batch_reward": 0.2543173230886459, "critic_loss": 0.5502980912923813, "actor_loss": -9.145404876708984, "alpha_loss": 0.7435627293586731, "alpha_value": 0.08525964480638504, "duration": 100.96160197257996, "step": 2500}
{"episode_reward": 59.292856406789106, "episode": 11.0, "batch_reward": 0.25582273668050765, "critic_loss": 0.5661360801458358, "actor_loss": -9.690354820251464, "alpha_loss": 0.7251305394172668, "alpha_value": 0.08433554762601853, "duration": 101.12513065338135, "step": 2750}
{"episode_reward": 59.154381797502545, "episode": 12.0, "batch_reward": 0.2539834897518158, "critic_loss": 0.6059609978199005, "actor_loss": -10.236170249938965, "alpha_loss": 0.7080778183937073, "alpha_value": 0.08342505365610123, "duration": 101.37748646736145, "step": 3000}
{"episode_reward": 74.70130737671664, "episode": 13.0, "batch_reward": 0.2627735081315041, "critic_loss": 0.7207867610454559, "actor_loss": -10.839451461791992, "alpha_loss": 0.6861248807907104, "alpha_value": 0.08253199577331544, "duration": 102.10414290428162, "step": 3250}
{"episode_reward": 96.86006373256733, "episode": 14.0, "batch_reward": 0.2660525390505791, "critic_loss": 0.7520027185678482, "actor_loss": -11.430881401062011, "alpha_loss": 0.671491219997406, "alpha_value": 0.081658940076828, "duration": 101.70344114303589, "step": 3500}
{"episode_reward": 54.5721521490287, "episode": 15.0, "batch_reward": 0.27030252039432523, "critic_loss": 0.723998716711998, "actor_loss": -11.97836646270752, "alpha_loss": 0.6570663547515869, "alpha_value": 0.08079173451662064, "duration": 102.06201267242432, "step": 3750}
{"episode_reward": 90.77322101342519, "episode": 16.0, "batch_reward": 0.2716365919113159, "critic_loss": 0.7563712280988694, "actor_loss": -12.60597673034668, "alpha_loss": 0.6393835406303405, "alpha_value": 0.07994097596406936, "duration": 101.90282726287842, "step": 4000}
{"episode_reward": 107.00976445710909, "episode": 17.0, "batch_reward": 0.27707545065879824, "critic_loss": 0.8480069679021836, "actor_loss": -13.215569343566894, "alpha_loss": 0.6176406455039978, "alpha_value": 0.07910882568359374, "duration": 101.95433068275452, "step": 4250}
{"episode_reward": 60.13362932032318, "episode": 18.0, "batch_reward": 0.2776149023771286, "critic_loss": 0.8766675841808319, "actor_loss": -13.764495323181153, "alpha_loss": 0.6033609290122985, "alpha_value": 0.078294473528862, "duration": 101.48173189163208, "step": 4500}
{"episode_reward": 77.57931290999379, "episode": 19.0, "batch_reward": 0.28585349780321123, "critic_loss": 0.9134306608438492, "actor_loss": -14.286964942932128, "alpha_loss": 0.5956990671157837, "alpha_value": 0.07748032027482986, "duration": 102.34917140007019, "step": 4750}
{"episode_reward": 168.94259320830176, "episode": 20.0, "batch_reward": 0.30702431744337083, "critic_loss": 1.1519339352846145, "actor_loss": -14.99059496307373, "alpha_loss": 0.5915131988525391, "alpha_value": 0.07666907316446304, "duration": 101.8455822467804, "step": 5000}
{"episode_reward": 101.47205207542912, "episode": 21.0, "batch_reward": 0.3008736746907234, "critic_loss": 1.0674621559381485, "actor_loss": -15.489225914001464, "alpha_loss": 0.5688004722595215, "alpha_value": 0.07587252354621887, "duration": 102.8800790309906, "step": 5250}
{"episode_reward": 52.092334165664724, "episode": 22.0, "batch_reward": 0.30222394329309465, "critic_loss": 1.0239552829265595, "actor_loss": -15.906089920043945, "alpha_loss": 0.569244616985321, "alpha_value": 0.07508184045553207, "duration": 102.23434042930603, "step": 5500}
{"episode_reward": 64.76161826408226, "episode": 23.0, "batch_reward": 0.29545613878965377, "critic_loss": 1.1036229646205902, "actor_loss": -16.323507438659668, "alpha_loss": 0.5662707195281983, "alpha_value": 0.07428581714630127, "duration": 102.1084349155426, "step": 5750}
{"episode_reward": 87.2040992943636, "episode": 24.0, "batch_reward": 0.31107164978981017, "critic_loss": 1.1840946385860442, "actor_loss": -16.918284896850587, "alpha_loss": 0.551694890499115, "alpha_value": 0.07349720776081085, "duration": 102.38868451118469, "step": 6000}
{"episode_reward": 193.87967337703176, "episode": 25.0, "batch_reward": 0.32248503029346465, "critic_loss": 1.3019774610996246, "actor_loss": -17.446185104370116, "alpha_loss": 0.5483604168891907, "alpha_value": 0.07271518111228943, "duration": 102.71703100204468, "step": 6250}
{"episode_reward": 75.97954172696284, "episode": 26.0, "batch_reward": 0.32490518897771836, "critic_loss": 1.313912787914276, "actor_loss": -17.96023583984375, "alpha_loss": 0.5395363924503327, "alpha_value": 0.07193708741664886, "duration": 112.3837673664093, "step": 6500}
{"episode_reward": 195.68454766967773, "episode": 27.0, "batch_reward": 0.3460264884233475, "critic_loss": 1.5768732481002807, "actor_loss": -18.602221969604493, "alpha_loss": 0.5181521525382996, "alpha_value": 0.0711765115261078, "duration": 112.68731689453125, "step": 6750}
{"episode_reward": 215.54739013431671, "episode": 28.0, "batch_reward": 0.3651397196650505, "critic_loss": 1.739023039340973, "actor_loss": -19.347299850463866, "alpha_loss": 0.49453759407997133, "alpha_value": 0.07044239103794098, "duration": 113.26805377006531, "step": 7000}
{"episode_reward": 207.19582218331777, "episode": 29.0, "batch_reward": 0.3788241099119186, "critic_loss": 1.852629555940628, "actor_loss": -20.050668441772462, "alpha_loss": 0.4779821319580078, "alpha_value": 0.06972612673044205, "duration": 113.29556155204773, "step": 7250}
{"episode_reward": 182.77982260702908, "episode": 30.0, "batch_reward": 0.389619099855423, "critic_loss": 2.085153864622116, "actor_loss": -20.75728237915039, "alpha_loss": 0.44953710317611695, "alpha_value": 0.06904129987955093, "duration": 115.43844223022461, "step": 7500}
{"episode_reward": 198.15701394396118, "episode": 31.0, "batch_reward": 0.40579495453834535, "critic_loss": 2.3252473139762877, "actor_loss": -21.386552200317382, "alpha_loss": 0.43130575299263, "alpha_value": 0.06837980610132217, "duration": 115.97326111793518, "step": 7750}
{"episode_reward": 91.52026816350974, "episode": 32.0, "batch_reward": 0.3963939034938812, "critic_loss": 2.294456645488739, "actor_loss": -21.896306716918946, "alpha_loss": 0.4197566561698914, "alpha_value": 0.06772754615545273, "duration": 116.87398529052734, "step": 8000}
{"episode_reward": 95.86602373423507, "episode": 33.0, "batch_reward": 0.4049067999124527, "critic_loss": 2.4441105942726136, "actor_loss": -22.380833587646485, "alpha_loss": 0.4165502715110779, "alpha_value": 0.06707976984977722, "duration": 116.78374600410461, "step": 8250}
{"episode_reward": 81.79850192553513, "episode": 34.0, "batch_reward": 0.39989851105213164, "critic_loss": 2.5683287386894227, "actor_loss": -22.69830450439453, "alpha_loss": 0.4058903610706329, "alpha_value": 0.06642852175235749, "duration": 116.78968071937561, "step": 8500}
{"episode_reward": 153.6086617941286, "episode": 35.0, "batch_reward": 0.4082721140384674, "critic_loss": 2.6569367685317995, "actor_loss": -23.311714233398437, "alpha_loss": 0.40509499883651734, "alpha_value": 0.06577801501750946, "duration": 117.49246072769165, "step": 8750}
{"episode_reward": 176.66324675116863, "episode": 36.0, "batch_reward": 0.4180073186159134, "critic_loss": 2.8821324830055235, "actor_loss": -23.861422332763674, "alpha_loss": 0.39146077156066894, "alpha_value": 0.06512952303886413, "duration": 115.9503960609436, "step": 9000}
{"episode_reward": 185.09722172128625, "episode": 37.0, "batch_reward": 0.4269123431444168, "critic_loss": 2.9928398866653443, "actor_loss": -24.554342193603517, "alpha_loss": 0.3781272473335266, "alpha_value": 0.06449791216850281, "duration": 111.37291717529297, "step": 9250}
{"episode_reward": 205.8192559555456, "episode": 38.0, "batch_reward": 0.44006595611572263, "critic_loss": 3.067436357498169, "actor_loss": -25.13266850280762, "alpha_loss": 0.3782772080898285, "alpha_value": 0.06386288499832153, "duration": 112.1698431968689, "step": 9500}
{"episode_reward": 155.88641202419282, "episode": 39.0, "batch_reward": 0.4381884011030197, "critic_loss": 3.3253798809051514, "actor_loss": -25.62193132019043, "alpha_loss": 0.36366711783409117, "alpha_value": 0.06323505300283432, "duration": 105.57543110847473, "step": 9750}
{"episode_reward": 232.98704621721458, "episode": 40.0, "batch_reward": 0.4566185748577118, "critic_loss": 3.2996756463050843, "actor_loss": -26.32229264831543, "alpha_loss": 0.3489533953666687, "alpha_value": 0.06262253770232201, "duration": 103.12399196624756, "step": 10000}
{"episode_reward": 272.3814162871727, "episode": 41.0, "batch_reward": 0.47231812357902525, "critic_loss": 3.586148193836212, "actor_loss": -27.060304718017576, "alpha_loss": 0.32523480701446533, "alpha_value": 0.06202815535664558, "duration": 120.5900731086731, "step": 10250}
{"episode_reward": 198.7320668808801, "episode": 42.0, "batch_reward": 0.4750324779748917, "critic_loss": 3.589065953731537, "actor_loss": -27.583699020385744, "alpha_loss": 0.3131859698295593, "alpha_value": 0.061469499796628954, "duration": 103.03945994377136, "step": 10500}
{"episode_reward": 227.85688214532868, "episode": 43.0, "batch_reward": 0.4875651811361313, "critic_loss": 3.539477919101715, "actor_loss": -28.232719299316408, "alpha_loss": 0.30490188705921173, "alpha_value": 0.06090736988186836, "duration": 102.51562166213989, "step": 10750}
{"episode_reward": 265.801602168754, "episode": 44.0, "batch_reward": 0.49349853563308715, "critic_loss": 3.714013102531433, "actor_loss": -28.894955352783203, "alpha_loss": 0.2942034561634064, "alpha_value": 0.060348695814609526, "duration": 102.80858159065247, "step": 11000}
{"episode_reward": 133.27445092042575, "episode": 45.0, "batch_reward": 0.5005988644361496, "critic_loss": 4.090652445793152, "actor_loss": -29.40835223388672, "alpha_loss": 0.2816231656074524, "alpha_value": 0.05980870839953423, "duration": 102.63397026062012, "step": 11250}
{"episode_reward": 61.5648522510396, "episode": 46.0, "batch_reward": 0.498375541806221, "critic_loss": 4.193507337570191, "actor_loss": -29.838331130981445, "alpha_loss": 0.2812606554031372, "alpha_value": 0.059262333780527116, "duration": 102.2476418018341, "step": 11500}
{"episode_reward": 193.58384291797296, "episode": 47.0, "batch_reward": 0.49682758367061614, "critic_loss": 4.2801393446922305, "actor_loss": -30.325968704223634, "alpha_loss": 0.27438363921642306, "alpha_value": 0.05871904280781746, "duration": 103.11131191253662, "step": 11750}
{"episode_reward": 196.64513541112368, "episode": 48.0, "batch_reward": 0.5004309022426605, "critic_loss": 4.307740854263305, "actor_loss": -30.8223758392334, "alpha_loss": 0.26231681191921236, "alpha_value": 0.0581780598461628, "duration": 103.10304498672485, "step": 12000}
{"episode_reward": 226.48398840975713, "episode": 49.0, "batch_reward": 0.514062556385994, "critic_loss": 4.1877284116745, "actor_loss": -31.45753530883789, "alpha_loss": 0.26145462465286257, "alpha_value": 0.05764577403664589, "duration": 102.58383178710938, "step": 12250}
{"episode_reward": 232.19346987823218, "episode": 50.0, "batch_reward": 0.525113517999649, "critic_loss": 4.559561571121216, "actor_loss": -32.15063696289062, "alpha_loss": 0.25487880074977876, "alpha_value": 0.05710970750451088, "duration": 102.4993257522583, "step": 12500}
{"episode_reward": 243.8981905741534, "episode": 51.0, "batch_reward": 0.5370215706825257, "critic_loss": 4.758530083656311, "actor_loss": -32.897294876098634, "alpha_loss": 0.23507384276390075, "alpha_value": 0.056587867349386214, "duration": 103.29974102973938, "step": 12750}
{"episode_reward": 218.3829667657898, "episode": 52.0, "batch_reward": 0.5372461698055268, "critic_loss": 4.800792659759521, "actor_loss": -33.26978228759766, "alpha_loss": 0.2290155985355377, "alpha_value": 0.05608597946166992, "duration": 103.04103469848633, "step": 13000}
{"episode_reward": 134.05624114036215, "episode": 53.0, "batch_reward": 0.543078587770462, "critic_loss": 4.708588308334351, "actor_loss": -33.85314071655274, "alpha_loss": 0.21708740031719206, "alpha_value": 0.055593991696834565, "duration": 103.01928424835205, "step": 13250}
{"episode_reward": 164.4297079076171, "episode": 54.0, "batch_reward": 0.5410386446714401, "critic_loss": 4.893476068496704, "actor_loss": -34.157146057128905, "alpha_loss": 0.21743482458591462, "alpha_value": 0.055101963102817536, "duration": 103.05533123016357, "step": 13500}
{"episode_reward": 149.19861899769822, "episode": 55.0, "batch_reward": 0.5413391326665878, "critic_loss": 4.795223757743836, "actor_loss": -34.74496310424804, "alpha_loss": 0.21442391002178193, "alpha_value": 0.05460234075784683, "duration": 103.0599365234375, "step": 13750}
{"episode_reward": 301.49672660641653, "episode": 56.0, "batch_reward": 0.5564736381769181, "critic_loss": 5.103119499206543, "actor_loss": -35.37797494506836, "alpha_loss": 0.209195627450943, "alpha_value": 0.054106211364269255, "duration": 102.89062643051147, "step": 14000}
{"episode_reward": 255.41219961280532, "episode": 57.0, "batch_reward": 0.557628426194191, "critic_loss": 4.956518175125122, "actor_loss": -36.10245452880859, "alpha_loss": 0.2006313451528549, "alpha_value": 0.053607535541057585, "duration": 103.34971117973328, "step": 14250}
{"episode_reward": 206.296569980321, "episode": 58.0, "batch_reward": 0.5610913259983062, "critic_loss": 5.274810935020446, "actor_loss": -36.48788720703125, "alpha_loss": 0.1936742525100708, "alpha_value": 0.053127044707536694, "duration": 103.48223996162415, "step": 14500}
{"episode_reward": 91.09696056416115, "episode": 59.0, "batch_reward": 0.5595579469203948, "critic_loss": 5.433205979347229, "actor_loss": -36.99048654174805, "alpha_loss": 0.18194292020797728, "alpha_value": 0.05265970125794411, "duration": 103.23585510253906, "step": 14750}
{"episode_reward": 282.13942819020724, "episode": 60.0, "batch_reward": 0.5728456678390503, "critic_loss": 5.528872540473938, "actor_loss": -37.632338897705075, "alpha_loss": 0.1802564414739609, "alpha_value": 0.05220171025395393, "duration": 103.15958499908447, "step": 15000}
{"episode_reward": 247.36043167791553, "episode": 61.0, "batch_reward": 0.578740704536438, "critic_loss": 5.52978994846344, "actor_loss": -38.17227389526367, "alpha_loss": 0.1803509670495987, "alpha_value": 0.05172341537475586, "duration": 103.79739046096802, "step": 15250}
{"episode_reward": 199.7768344272982, "episode": 62.0, "batch_reward": 0.589787255525589, "critic_loss": 5.553053777694702, "actor_loss": -38.84452249145508, "alpha_loss": 0.16739317202568055, "alpha_value": 0.051261802554130556, "duration": 103.85408020019531, "step": 15500}
{"episode_reward": 340.965846735753, "episode": 63.0, "batch_reward": 0.5960632162094116, "critic_loss": 5.867157049179077, "actor_loss": -39.596857513427736, "alpha_loss": 0.16477905571460724, "alpha_value": 0.05080785623192787, "duration": 103.4705560207367, "step": 15750}
{"episode_reward": 292.78672788947415, "episode": 64.0, "batch_reward": 0.615014729499817, "critic_loss": 6.003401420593262, "actor_loss": -40.123556579589845, "alpha_loss": 0.15873583829402924, "alpha_value": 0.050355588912963864, "duration": 103.69563221931458, "step": 16000}
{"episode_reward": 245.546010907542, "episode": 65.0, "batch_reward": 0.6126374138593673, "critic_loss": 5.749280540466309, "actor_loss": -40.72064727783203, "alpha_loss": 0.15099984699487687, "alpha_value": 0.049917316496372224, "duration": 103.33475112915039, "step": 16250}
{"episode_reward": 250.75790035627472, "episode": 66.0, "batch_reward": 0.6206979192495347, "critic_loss": 6.210720943450927, "actor_loss": -41.344761688232424, "alpha_loss": 0.14141089683771133, "alpha_value": 0.04949038967490196, "duration": 106.65899157524109, "step": 16500}
{"episode_reward": 137.1521309611404, "episode": 67.0, "batch_reward": 0.6170463814735413, "critic_loss": 6.016941323280334, "actor_loss": -41.97030447387695, "alpha_loss": 0.1346018882393837, "alpha_value": 0.049079436510801315, "duration": 113.44442868232727, "step": 16750}
{"episode_reward": 209.59606736484136, "episode": 68.0, "batch_reward": 0.6203050141334534, "critic_loss": 6.244587705612183, "actor_loss": -42.565970825195315, "alpha_loss": 0.13100724017620086, "alpha_value": 0.0486701525747776, "duration": 113.39817142486572, "step": 17000}
{"episode_reward": 331.2425494319975, "episode": 69.0, "batch_reward": 0.6328043751716613, "critic_loss": 6.131891237258911, "actor_loss": -43.35385601806641, "alpha_loss": 0.11920626145601272, "alpha_value": 0.04827383926510811, "duration": 113.3691189289093, "step": 17250}
{"episode_reward": 277.0186112450846, "episode": 70.0, "batch_reward": 0.6368304524421692, "critic_loss": 6.280894905090332, "actor_loss": -43.884186798095705, "alpha_loss": 0.11442773818969726, "alpha_value": 0.047901942998170854, "duration": 114.21542549133301, "step": 17500}
{"episode_reward": 251.01342562676322, "episode": 71.0, "batch_reward": 0.6474644993543625, "critic_loss": 6.33930764579773, "actor_loss": -44.67465832519531, "alpha_loss": 0.10915540373325348, "alpha_value": 0.04752774676680565, "duration": 114.21489214897156, "step": 17750}
{"episode_reward": 329.89902322127494, "episode": 72.0, "batch_reward": 0.6484463500976563, "critic_loss": 6.2328826475143435, "actor_loss": -45.38628240966797, "alpha_loss": 0.109548662930727, "alpha_value": 0.04715290242433548, "duration": 113.90700435638428, "step": 18000}
{"episode_reward": 273.63028689628317, "episode": 73.0, "batch_reward": 0.6661751999855041, "critic_loss": 6.6070555992126465, "actor_loss": -46.06409362792969, "alpha_loss": 0.10098412045836448, "alpha_value": 0.046778765499591826, "duration": 114.2754454612732, "step": 18250}
{"episode_reward": 302.50502617744945, "episode": 74.0, "batch_reward": 0.6702844612598419, "critic_loss": 6.65212685585022, "actor_loss": -46.85065191650391, "alpha_loss": 0.09603263464570046, "alpha_value": 0.046419642388820646, "duration": 114.08520126342773, "step": 18500}
{"episode_reward": 188.16857701176664, "episode": 75.0, "batch_reward": 0.6691298978328705, "critic_loss": 6.746408361434937, "actor_loss": -47.418442291259765, "alpha_loss": 0.09688216000795365, "alpha_value": 0.0460612418949604, "duration": 113.94770407676697, "step": 18750}
{"episode_reward": 335.07098629860656, "episode": 76.0, "batch_reward": 0.6779721851348877, "critic_loss": 6.964713266372681, "actor_loss": -48.10153759765625, "alpha_loss": 0.0839960081577301, "alpha_value": 0.04570553919672966, "duration": 113.93608665466309, "step": 19000}
{"episode_reward": 250.61860342542712, "episode": 77.0, "batch_reward": 0.6840157895088196, "critic_loss": 6.9231943531036375, "actor_loss": -48.992468353271484, "alpha_loss": 0.07552464969456196, "alpha_value": 0.04538931655883789, "duration": 114.45875430107117, "step": 19250}
{"episode_reward": 314.34854587042554, "episode": 78.0, "batch_reward": 0.6904110249280929, "critic_loss": 6.810657161712647, "actor_loss": -49.6134186706543, "alpha_loss": 0.07275314542651176, "alpha_value": 0.045077227741479875, "duration": 112.99461722373962, "step": 19500}
{"episode_reward": 251.4516460862114, "episode": 79.0, "batch_reward": 0.6877181005477905, "critic_loss": 6.933914892196655, "actor_loss": -50.45098175048828, "alpha_loss": 0.07005541273951531, "alpha_value": 0.04477345567941666, "duration": 113.41593503952026, "step": 19750}
{"episode_reward": 277.3852572577855, "episode": 80.0, "batch_reward": 0.6975605654716491, "critic_loss": 6.896759651184082, "actor_loss": -51.14150177001953, "alpha_loss": 0.06876280725002289, "alpha_value": 0.04446267983317375, "duration": 113.35415196418762, "step": 20000}
{"episode_reward": 278.19258423922906, "episode": 81.0, "batch_reward": 0.7050240206718444, "critic_loss": 7.006866626739502, "actor_loss": -52.064335235595706, "alpha_loss": 0.05633917357772589, "alpha_value": 0.04417907229065895, "duration": 122.7654116153717, "step": 20250}
{"episode_reward": 328.83174946678645, "episode": 82.0, "batch_reward": 0.7073521102666855, "critic_loss": 7.054684530258179, "actor_loss": -52.63909161376953, "alpha_loss": 0.0469223848246038, "alpha_value": 0.04392026114463806, "duration": 104.00372076034546, "step": 20500}
{"episode_reward": 333.2826392441317, "episode": 83.0, "batch_reward": 0.7130937623977661, "critic_loss": 7.050544048309326, "actor_loss": -53.53788543701172, "alpha_loss": 0.04729960855841637, "alpha_value": 0.04368731606006622, "duration": 104.43959712982178, "step": 20750}
{"episode_reward": 303.9319333543936, "episode": 84.0, "batch_reward": 0.7220739706754684, "critic_loss": 7.216975282669067, "actor_loss": -54.29836410522461, "alpha_loss": 0.047309356093406675, "alpha_value": 0.0434462810754776, "duration": 104.32472133636475, "step": 21000}
{"episode_reward": 283.0906439051349, "episode": 85.0, "batch_reward": 0.7308546094894409, "critic_loss": 7.078151523590088, "actor_loss": -55.10458688354492, "alpha_loss": 0.04016417638771236, "alpha_value": 0.04320979329943657, "duration": 103.48687505722046, "step": 21250}
{"episode_reward": 256.85569921316795, "episode": 86.0, "batch_reward": 0.7211693840026856, "critic_loss": 6.902110715866089, "actor_loss": -55.85101748657227, "alpha_loss": 0.03770995528995991, "alpha_value": 0.04298706975579262, "duration": 104.53646087646484, "step": 21500}
{"episode_reward": 292.64069363090283, "episode": 87.0, "batch_reward": 0.7420914375782013, "critic_loss": 7.411100929260254, "actor_loss": -56.77953128051758, "alpha_loss": 0.031001769442111252, "alpha_value": 0.04278061151504517, "duration": 104.07774496078491, "step": 21750}
{"episode_reward": 360.7386558804608, "episode": 88.0, "batch_reward": 0.7533015768527984, "critic_loss": 7.245884786605835, "actor_loss": -57.47546539306641, "alpha_loss": 0.030489433312788607, "alpha_value": 0.042579860001802444, "duration": 104.97119545936584, "step": 22000}
{"episode_reward": 352.6957227881931, "episode": 89.0, "batch_reward": 0.7641672828197479, "critic_loss": 7.574075057983398, "actor_loss": -58.24164752197266, "alpha_loss": 0.02302571785077453, "alpha_value": 0.04241687980294227, "duration": 104.9310975074768, "step": 22250}
{"episode_reward": 339.0464422574344, "episode": 90.0, "batch_reward": 0.7590059356689454, "critic_loss": 7.497717378616333, "actor_loss": -59.07160363769531, "alpha_loss": 0.018586824538186192, "alpha_value": 0.042260867923498154, "duration": 105.15777230262756, "step": 22500}
{"episode_reward": 297.8333004800137, "episode": 91.0, "batch_reward": 0.7611000716686249, "critic_loss": 7.133558391571045, "actor_loss": -59.93940142822266, "alpha_loss": 0.02290556130185723, "alpha_value": 0.04212071415781975, "duration": 105.84645891189575, "step": 22750}
{"episode_reward": 366.32018969035795, "episode": 92.0, "batch_reward": 0.7566850552558899, "critic_loss": 6.976827014923096, "actor_loss": -60.64328305053711, "alpha_loss": 0.013846659800037742, "alpha_value": 0.04197058692574501, "duration": 105.71465992927551, "step": 23000}
{"episode_reward": 356.53625153059465, "episode": 93.0, "batch_reward": 0.7854174556732177, "critic_loss": 7.08209349822998, "actor_loss": -61.534581268310546, "alpha_loss": 0.011890594338998198, "alpha_value": 0.041857007682323456, "duration": 106.00968909263611, "step": 23250}
{"episode_reward": 245.5760927306412, "episode": 94.0, "batch_reward": 0.7851077086925506, "critic_loss": 7.029408489227295, "actor_loss": -62.17444006347656, "alpha_loss": 0.01865479716844857, "alpha_value": 0.041745326250791547, "duration": 114.19305992126465, "step": 23500}
{"episode_reward": 417.20518683013063, "episode": 95.0, "batch_reward": 0.79550608420372, "critic_loss": 6.921790628433228, "actor_loss": -63.00237884521484, "alpha_loss": 0.014872846474871039, "alpha_value": 0.041595590502023695, "duration": 120.4744987487793, "step": 23750}
{"episode_reward": 328.87149909273967, "episode": 96.0, "batch_reward": 0.7896274647712708, "critic_loss": 6.803958765029908, "actor_loss": -63.71672952270508, "alpha_loss": 0.008368179325945675, "alpha_value": 0.041474687576293946, "duration": 120.5582115650177, "step": 24000}
{"episode_reward": 336.46784945446535, "episode": 97.0, "batch_reward": 0.8042191143035888, "critic_loss": 6.427142202377319, "actor_loss": -64.50610089111328, "alpha_loss": 0.010484198380261659, "alpha_value": 0.04139080366492271, "duration": 121.4692656993866, "step": 24250}
{"episode_reward": 344.7422360141587, "episode": 98.0, "batch_reward": 0.8113035538196564, "critic_loss": 6.178271687507629, "actor_loss": -65.24215344238281, "alpha_loss": 0.014078923595137894, "alpha_value": 0.04125475960969925, "duration": 120.95536017417908, "step": 24500}
{"episode_reward": 307.6995110242779, "episode": 99.0, "batch_reward": 0.8128111009597778, "critic_loss": 6.344847680091858, "actor_loss": -65.8649448852539, "alpha_loss": 0.012072805812582374, "alpha_value": 0.041120228976011274, "duration": 120.87604784965515, "step": 24750}
{"episode_reward": 312.9293866473615, "episode": 100.0, "batch_reward": 0.8211345052719117, "critic_loss": 6.343385290145874, "actor_loss": -66.57882470703125, "alpha_loss": 0.007780354404821992, "alpha_value": 0.04101299166679382, "duration": 120.59968543052673, "step": 25000}
{"episode_reward": 435.60595442083957, "episode": 101.0, "batch_reward": 0.8201415348052978, "critic_loss": 6.096565156936646, "actor_loss": -67.22597607421875, "alpha_loss": 0.0030589345544576644, "alpha_value": 0.04096916326880455, "duration": 121.63966870307922, "step": 25250}
{"episode_reward": 288.700678569982, "episode": 102.0, "batch_reward": 0.8263457460403443, "critic_loss": 5.871407680511474, "actor_loss": -67.88461096191406, "alpha_loss": 0.01020824766624719, "alpha_value": 0.04085809764266014, "duration": 120.01943278312683, "step": 25500}
{"episode_reward": 369.6974630094102, "episode": 103.0, "batch_reward": 0.8438681678771973, "critic_loss": 5.794348385810852, "actor_loss": -68.75722064208985, "alpha_loss": 0.007499636799097062, "alpha_value": 0.040729317486286165, "duration": 115.16968059539795, "step": 25750}
{"episode_reward": 294.9378156388764, "episode": 104.0, "batch_reward": 0.8403534193038941, "critic_loss": 5.673436312675476, "actor_loss": -69.16471459960937, "alpha_loss": 0.011311940865591168, "alpha_value": 0.04061193612217903, "duration": 115.76521968841553, "step": 26000}
{"episode_reward": 368.5760088023652, "episode": 105.0, "batch_reward": 0.8426284267902374, "critic_loss": 5.641904950141907, "actor_loss": -69.87651007080078, "alpha_loss": 0.007695085564628243, "alpha_value": 0.040479726821184156, "duration": 111.25384497642517, "step": 26250}
{"episode_reward": 361.9050869684645, "episode": 106.0, "batch_reward": 0.855601815700531, "critic_loss": 5.643730760574341, "actor_loss": -70.66144250488281, "alpha_loss": 0.0023446378018707036, "alpha_value": 0.04036932596564293, "duration": 107.12297534942627, "step": 26500}
{"episode_reward": 422.7794361838185, "episode": 107.0, "batch_reward": 0.8578352782726287, "critic_loss": 5.623689401626587, "actor_loss": -71.26477923583984, "alpha_loss": 0.007110454862937331, "alpha_value": 0.04032166203856468, "duration": 107.42190718650818, "step": 26750}
{"episode_reward": 367.69833457001124, "episode": 108.0, "batch_reward": 0.8736036148071289, "critic_loss": 5.746561596870422, "actor_loss": -71.851396484375, "alpha_loss": 0.0007959217894822359, "alpha_value": 0.04026621675491333, "duration": 107.30902910232544, "step": 27000}
{"episode_reward": 434.843981797741, "episode": 109.0, "batch_reward": 0.8698996698856354, "critic_loss": 5.612063430786133, "actor_loss": -72.55344659423828, "alpha_loss": -0.0010715818200260402, "alpha_value": 0.04021995282173157, "duration": 107.09639954566956, "step": 27250}
{"episode_reward": 308.4967803077588, "episode": 110.0, "batch_reward": 0.8775570874214172, "critic_loss": 5.731816983222961, "actor_loss": -73.15967254638672, "alpha_loss": -0.0008874817080795765, "alpha_value": 0.04027251583337784, "duration": 107.23434901237488, "step": 27500}
{"episode_reward": 423.3152576693067, "episode": 111.0, "batch_reward": 0.8875973949432373, "critic_loss": 5.49553747177124, "actor_loss": -73.83663775634766, "alpha_loss": -0.0031925984378904106, "alpha_value": 0.04031934654712677, "duration": 107.08702993392944, "step": 27750}
{"episode_reward": 350.34013543470707, "episode": 112.0, "batch_reward": 0.8870555524826049, "critic_loss": 5.5197364025115965, "actor_loss": -74.44805419921875, "alpha_loss": -0.002180414484813809, "alpha_value": 0.040384945958852767, "duration": 107.32049059867859, "step": 28000}
{"episode_reward": 397.305529084472, "episode": 113.0, "batch_reward": 0.8961262838840485, "critic_loss": 5.632103501319885, "actor_loss": -75.07465447998047, "alpha_loss": -0.0013018353320658207, "alpha_value": 0.04039438048005104, "duration": 107.63476419448853, "step": 28250}
{"episode_reward": 355.5220810582905, "episode": 114.0, "batch_reward": 0.9029610447883606, "critic_loss": 5.546240938186646, "actor_loss": -75.62861950683593, "alpha_loss": 0.006758389987051487, "alpha_value": 0.04034152117371559, "duration": 106.8184289932251, "step": 28500}
{"episode_reward": 401.0804726379731, "episode": 115.0, "batch_reward": 0.9090596122741699, "critic_loss": 5.4774530305862426, "actor_loss": -76.34846844482422, "alpha_loss": -0.004369126708246768, "alpha_value": 0.04032052379846573, "duration": 107.49017643928528, "step": 28750}
{"episode_reward": 396.33376954934073, "episode": 116.0, "batch_reward": 0.8954122376441955, "critic_loss": 5.3419725522995, "actor_loss": -76.83060314941406, "alpha_loss": 0.005510668763890863, "alpha_value": 0.040311406761407854, "duration": 107.56993174552917, "step": 29000}
{"episode_reward": 472.72596423386074, "episode": 117.0, "batch_reward": 0.9313874888420105, "critic_loss": 5.536396661758423, "actor_loss": -77.59312371826172, "alpha_loss": 0.004522514011710882, "alpha_value": 0.040199861764907835, "duration": 107.50657320022583, "step": 29250}
{"episode_reward": 438.3562906847162, "episode": 118.0, "batch_reward": 0.9294484677314758, "critic_loss": 5.486318888664246, "actor_loss": -78.12536376953125, "alpha_loss": 0.002888679074123502, "alpha_value": 0.04009855264425278, "duration": 107.54673671722412, "step": 29500}
{"episode_reward": 417.66551533431175, "episode": 119.0, "batch_reward": 0.939391966342926, "critic_loss": 5.573976811408997, "actor_loss": -78.71390002441406, "alpha_loss": -1.777828112244606e-05, "alpha_value": 0.040069275170564654, "duration": 107.56822299957275, "step": 29750}
{"episode_reward": 470.1242570971392, "episode": 120.0, "batch_reward": 0.9567152607440949, "critic_loss": 5.739445299148559, "actor_loss": -79.36388732910156, "alpha_loss": -0.0004949926342815161, "alpha_value": 0.04006971451640129, "duration": 107.45466589927673, "step": 30000}
{"episode_reward": 371.0132293395189, "episode": 121.0, "batch_reward": 0.9469334251880646, "critic_loss": 5.784963596343994, "actor_loss": -79.99528253173828, "alpha_loss": 0.0004234931617975235, "alpha_value": 0.0401189329624176, "duration": 124.32683873176575, "step": 30250}
{"episode_reward": 409.1062667535899, "episode": 122.0, "batch_reward": 0.9494223473072052, "critic_loss": 5.416370790481567, "actor_loss": -80.5832265625, "alpha_loss": 0.006969811726361513, "alpha_value": 0.039986725032329556, "duration": 107.90274953842163, "step": 30500}
{"episode_reward": 462.67891060414223, "episode": 123.0, "batch_reward": 0.9656012849807739, "critic_loss": 5.4814472017288205, "actor_loss": -81.28273571777343, "alpha_loss": -0.005717784391716122, "alpha_value": 0.03996951225399971, "duration": 107.00779128074646, "step": 30750}
{"episode_reward": 413.3967287339368, "episode": 124.0, "batch_reward": 0.9666329421997071, "critic_loss": 5.57310878944397, "actor_loss": -81.85028405761719, "alpha_loss": -0.0013367335740476847, "alpha_value": 0.040058706611394886, "duration": 107.92706775665283, "step": 31000}
{"episode_reward": 421.39971819977455, "episode": 125.0, "batch_reward": 0.9826630427837372, "critic_loss": 5.599240819931031, "actor_loss": -82.53076690673828, "alpha_loss": 0.0015842185467481614, "alpha_value": 0.04008974322676659, "duration": 107.06517791748047, "step": 31250}
{"episode_reward": 374.3829663217474, "episode": 126.0, "batch_reward": 0.9794741356372834, "critic_loss": 5.796712224960327, "actor_loss": -83.10609014892579, "alpha_loss": 0.001643485264852643, "alpha_value": 0.04000495290756226, "duration": 107.23311185836792, "step": 31500}
{"episode_reward": 445.3325477669234, "episode": 127.0, "batch_reward": 0.987656049489975, "critic_loss": 5.865407032012939, "actor_loss": -83.73856872558594, "alpha_loss": -0.001589005544781685, "alpha_value": 0.04001287427544594, "duration": 107.19021534919739, "step": 31750}
{"episode_reward": 411.3507346394039, "episode": 128.0, "batch_reward": 0.9968148965835572, "critic_loss": 5.88962285232544, "actor_loss": -84.30556011962891, "alpha_loss": -0.004061430818401277, "alpha_value": 0.04011107391119003, "duration": 107.30391025543213, "step": 32000}
{"episode_reward": 418.18035814831927, "episode": 129.0, "batch_reward": 1.0021012799739837, "critic_loss": 6.030746273040771, "actor_loss": -85.0565161743164, "alpha_loss": -0.005735084283165634, "alpha_value": 0.04022730869054794, "duration": 107.67797327041626, "step": 32250}
{"episode_reward": 424.8899834583808, "episode": 130.0, "batch_reward": 0.9954302678108216, "critic_loss": 5.81718462562561, "actor_loss": -85.55854931640626, "alpha_loss": -0.0007035882351920009, "alpha_value": 0.0402970766723156, "duration": 106.52682900428772, "step": 32500}
{"episode_reward": 417.0892924932183, "episode": 131.0, "batch_reward": 1.0039501190185547, "critic_loss": 5.757263103485108, "actor_loss": -86.23385473632813, "alpha_loss": -0.008500505642965436, "alpha_value": 0.04044759914278984, "duration": 111.57199764251709, "step": 32750}
{"episode_reward": 431.2056854540068, "episode": 132.0, "batch_reward": 1.009590005159378, "critic_loss": 5.752325012207031, "actor_loss": -86.78773181152344, "alpha_loss": -0.00700614855159074, "alpha_value": 0.0406724762916565, "duration": 123.81533360481262, "step": 33000}
{"episode_reward": 426.2105601973717, "episode": 133.0, "batch_reward": 1.016660575389862, "critic_loss": 5.637996921539306, "actor_loss": -87.45973327636719, "alpha_loss": -0.007545772708952427, "alpha_value": 0.04086450105905533, "duration": 123.4271879196167, "step": 33250}
{"episode_reward": 461.9793397396913, "episode": 134.0, "batch_reward": 1.0210905194282531, "critic_loss": 5.631687844276429, "actor_loss": -88.1597117919922, "alpha_loss": -0.009897133487276734, "alpha_value": 0.04114919486641884, "duration": 124.04994940757751, "step": 33500}
{"episode_reward": 504.4856417203819, "episode": 135.0, "batch_reward": 1.0328546094894409, "critic_loss": 5.810075147628784, "actor_loss": -88.69599090576172, "alpha_loss": -0.002367906175553799, "alpha_value": 0.04130202698707581, "duration": 124.00105357170105, "step": 33750}
{"episode_reward": 403.26482231128057, "episode": 136.0, "batch_reward": 1.023667205810547, "critic_loss": 5.820168355941773, "actor_loss": -89.23821649169922, "alpha_loss": -0.0010989758344367147, "alpha_value": 0.041347983866930005, "duration": 123.97675657272339, "step": 34000}
{"episode_reward": 427.6010250886958, "episode": 137.0, "batch_reward": 1.0456236658096314, "critic_loss": 5.7600059976577755, "actor_loss": -89.97033239746094, "alpha_loss": 0.005320154290646315, "alpha_value": 0.04131472900509834, "duration": 124.88154196739197, "step": 34250}
{"episode_reward": 378.0958176180927, "episode": 138.0, "batch_reward": 1.028685401201248, "critic_loss": 5.835080948829651, "actor_loss": -90.45769494628907, "alpha_loss": -0.0015348208956420422, "alpha_value": 0.04120956766605377, "duration": 123.9761016368866, "step": 34500}
{"episode_reward": 465.80379213761194, "episode": 139.0, "batch_reward": 1.0462190222740173, "critic_loss": 5.6932128791809085, "actor_loss": -91.1376517944336, "alpha_loss": 0.004433797063305974, "alpha_value": 0.04120973536372185, "duration": 122.26017475128174, "step": 34750}
{"episode_reward": 472.00475760906346, "episode": 140.0, "batch_reward": 1.0468718056678772, "critic_loss": 5.755843700408936, "actor_loss": -91.72777545166015, "alpha_loss": 0.007743793692439794, "alpha_value": 0.04100422847270965, "duration": 116.53520941734314, "step": 35000}
{"episode_reward": 473.28649477761627, "episode": 141.0, "batch_reward": 1.0503242073059083, "critic_loss": 6.00680574131012, "actor_loss": -92.33130084228516, "alpha_loss": -0.0003372289892286062, "alpha_value": 0.040865031898021695, "duration": 115.99948000907898, "step": 35250}
{"episode_reward": 453.35656580091035, "episode": 142.0, "batch_reward": 1.0506417820453644, "critic_loss": 5.849829519271851, "actor_loss": -92.99629895019531, "alpha_loss": -0.0063108574766665695, "alpha_value": 0.04102501407265663, "duration": 109.38181781768799, "step": 35500}
{"episode_reward": 439.463649912082, "episode": 143.0, "batch_reward": 1.0689092276096344, "critic_loss": 5.904858190536499, "actor_loss": -93.6166298828125, "alpha_loss": -0.0009058217471465468, "alpha_value": 0.04110422232747078, "duration": 107.0355224609375, "step": 35750}
{"episode_reward": 469.16416431557775, "episode": 144.0, "batch_reward": 1.0823849649429322, "critic_loss": 5.936082678794861, "actor_loss": -94.15051849365234, "alpha_loss": 0.009046333910897373, "alpha_value": 0.04100250074267387, "duration": 107.95828223228455, "step": 36000}
{"episode_reward": 400.6548686287355, "episode": 145.0, "batch_reward": 1.0744666929244995, "critic_loss": 5.808573798179626, "actor_loss": -94.8440380859375, "alpha_loss": 0.0028106590993702413, "alpha_value": 0.040767030596733096, "duration": 107.12354898452759, "step": 36250}
{"episode_reward": 406.21926668932866, "episode": 146.0, "batch_reward": 1.0855805068016051, "critic_loss": 5.908010698318481, "actor_loss": -95.43364245605468, "alpha_loss": 0.006105002045631408, "alpha_value": 0.04069869676232338, "duration": 107.71301245689392, "step": 36500}
{"episode_reward": 421.33839563409987, "episode": 147.0, "batch_reward": 1.0801066205501557, "critic_loss": 5.820497254371643, "actor_loss": -96.04539819335938, "alpha_loss": 0.010512975983321666, "alpha_value": 0.040411939740180966, "duration": 107.35705757141113, "step": 36750}
{"episode_reward": 459.22157753924614, "episode": 148.0, "batch_reward": 1.0925738525390625, "critic_loss": 5.8388961353302005, "actor_loss": -96.6900951538086, "alpha_loss": -0.001434451062232256, "alpha_value": 0.04030435979366302, "duration": 107.75584483146667, "step": 37000}
{"episode_reward": 427.2688654773338, "episode": 149.0, "batch_reward": 1.0969598865509034, "critic_loss": 6.000013891220092, "actor_loss": -97.22324810791015, "alpha_loss": -0.0005359169282019139, "alpha_value": 0.04033133548498154, "duration": 107.27877616882324, "step": 37250}
{"episode_reward": 432.7616275619748, "episode": 150.0, "batch_reward": 1.0911101520061492, "critic_loss": 6.139082507133484, "actor_loss": -97.702099609375, "alpha_loss": -0.0023854605555534364, "alpha_value": 0.04036682334542274, "duration": 107.60120916366577, "step": 37500}
{"episode_reward": 516.0274981463921, "episode": 151.0, "batch_reward": 1.1080864202976226, "critic_loss": 6.155103338241577, "actor_loss": -98.38619995117188, "alpha_loss": 0.0007829044247046113, "alpha_value": 0.04041738328337669, "duration": 108.06193351745605, "step": 37750}
{"episode_reward": 462.00121556624555, "episode": 152.0, "batch_reward": 1.111845823764801, "critic_loss": 6.108182126998901, "actor_loss": -98.98972058105468, "alpha_loss": 0.001876523115672171, "alpha_value": 0.04038603726029396, "duration": 107.219309091568, "step": 38000}
{"episode_reward": 510.3984961344579, "episode": 153.0, "batch_reward": 1.1055284521579742, "critic_loss": 6.140362939834595, "actor_loss": -99.55392614746094, "alpha_loss": -0.0005762399528175592, "alpha_value": 0.04034095045924187, "duration": 107.37243103981018, "step": 38250}
{"episode_reward": 491.2383409183278, "episode": 154.0, "batch_reward": 1.1233032474517821, "critic_loss": 6.556269886016846, "actor_loss": -100.07416394042968, "alpha_loss": 0.0009649481493979692, "alpha_value": 0.04032967254519462, "duration": 106.83198595046997, "step": 38500}
{"episode_reward": 466.17880818464107, "episode": 155.0, "batch_reward": 1.1316489992141723, "critic_loss": 6.282356044769287, "actor_loss": -100.72345886230468, "alpha_loss": -0.004380416696891189, "alpha_value": 0.04034144389629364, "duration": 107.29747223854065, "step": 38750}
{"episode_reward": 464.1089010138042, "episode": 156.0, "batch_reward": 1.1407299110889435, "critic_loss": 6.44088524723053, "actor_loss": -101.26357562255859, "alpha_loss": -0.009626652559265494, "alpha_value": 0.04062772369384766, "duration": 107.40201044082642, "step": 39000}
{"episode_reward": 504.64947451963576, "episode": 157.0, "batch_reward": 1.1345568211078645, "critic_loss": 6.474228507995606, "actor_loss": -101.89236370849609, "alpha_loss": -0.006647819053381681, "alpha_value": 0.04086356922984123, "duration": 107.66355562210083, "step": 39250}
{"episode_reward": 421.8901546835554, "episode": 158.0, "batch_reward": 1.1370553357601165, "critic_loss": 6.634153045654297, "actor_loss": -102.47694641113281, "alpha_loss": -0.005845763649791479, "alpha_value": 0.04102514922618866, "duration": 107.34486055374146, "step": 39500}
{"episode_reward": 419.16640346249443, "episode": 159.0, "batch_reward": 1.1412768929004669, "critic_loss": 6.569708729743957, "actor_loss": -103.0299248046875, "alpha_loss": -0.0068034444339573385, "alpha_value": 0.04117682546377182, "duration": 107.44796586036682, "step": 39750}
{"episode_reward": 391.7128162418083, "episode": 160.0, "batch_reward": 1.151672102689743, "critic_loss": 6.540332138061523, "actor_loss": -103.64343768310547, "alpha_loss": -0.0038903650753200052, "alpha_value": 0.04135538694262505, "duration": 106.99809551239014, "step": 40000}
{"episode_reward": 466.21244324200933, "episode": 161.0, "batch_reward": 1.1477684659957885, "critic_loss": 6.431923654556274, "actor_loss": -104.22153314208984, "alpha_loss": 0.0008795171715319156, "alpha_value": 0.04137146309018135, "duration": 125.70859837532043, "step": 40250}
{"episode_reward": 424.3284412995702, "episode": 162.0, "batch_reward": 1.1590983469486236, "critic_loss": 6.408454038619995, "actor_loss": -104.80335125732422, "alpha_loss": -0.004386248603463173, "alpha_value": 0.04146862384676933, "duration": 107.59873127937317, "step": 40500}
{"episode_reward": 469.42174842048905, "episode": 163.0, "batch_reward": 1.1566741619110108, "critic_loss": 6.645958934783936, "actor_loss": -105.41603564453125, "alpha_loss": 0.0027406582375988364, "alpha_value": 0.04149512040615082, "duration": 107.57091331481934, "step": 40750}
{"episode_reward": 469.8891055481637, "episode": 164.0, "batch_reward": 1.163502596616745, "critic_loss": 6.456614181518555, "actor_loss": -105.81269293212891, "alpha_loss": 0.0028119406290352342, "alpha_value": 0.041391180008649824, "duration": 107.58721375465393, "step": 41000}
{"episode_reward": 535.3831101714577, "episode": 165.0, "batch_reward": 1.1720954337120055, "critic_loss": 6.624386289596558, "actor_loss": -106.58053887939454, "alpha_loss": -0.000790987410582602, "alpha_value": 0.04134520164132118, "duration": 116.65031266212463, "step": 41250}
{"episode_reward": 469.63534731235717, "episode": 166.0, "batch_reward": 1.1716927864551545, "critic_loss": 6.641428038597107, "actor_loss": -107.20340167236328, "alpha_loss": -0.0031349604614078997, "alpha_value": 0.04140030768513679, "duration": 116.23070478439331, "step": 41500}
{"episode_reward": 431.77634449516245, "episode": 167.0, "batch_reward": 1.1748695061206818, "critic_loss": 6.604836692810059, "actor_loss": -107.69112585449218, "alpha_loss": -0.0007273135129362344, "alpha_value": 0.04153043842315674, "duration": 117.18965768814087, "step": 41750}
{"episode_reward": 520.0290252620473, "episode": 168.0, "batch_reward": 1.171895822763443, "critic_loss": 6.537808846473694, "actor_loss": -108.17993548583985, "alpha_loss": 0.0027177446354180574, "alpha_value": 0.0415147762298584, "duration": 117.1926896572113, "step": 42000}
{"episode_reward": 421.1561719179062, "episode": 169.0, "batch_reward": 1.1879976506233216, "critic_loss": 6.692742519378662, "actor_loss": -108.76285101318359, "alpha_loss": 0.0015878073927015066, "alpha_value": 0.04138360634446144, "duration": 116.69595432281494, "step": 42250}
{"episode_reward": 418.3376637450385, "episode": 170.0, "batch_reward": 1.185981909275055, "critic_loss": 6.552173448562622, "actor_loss": -109.28036450195313, "alpha_loss": -0.001767333903349936, "alpha_value": 0.04141381299495697, "duration": 116.92080068588257, "step": 42500}
{"episode_reward": 450.6208409151887, "episode": 171.0, "batch_reward": 1.1953803019523621, "critic_loss": 6.590853368759155, "actor_loss": -109.93272821044921, "alpha_loss": -0.005644910886883735, "alpha_value": 0.041490429669618606, "duration": 116.62936806678772, "step": 42750}
{"episode_reward": 442.37114988835333, "episode": 172.0, "batch_reward": 1.1999618768692017, "critic_loss": 6.620913284301758, "actor_loss": -110.37150073242188, "alpha_loss": -0.003440022932365537, "alpha_value": 0.04164434581995011, "duration": 116.69283056259155, "step": 43000}
{"episode_reward": 511.6176929745365, "episode": 173.0, "batch_reward": 1.1996341500282288, "critic_loss": 6.7805053367614745, "actor_loss": -110.90011242675781, "alpha_loss": -0.003479476861655712, "alpha_value": 0.04175440308451653, "duration": 117.02003335952759, "step": 43250}
{"episode_reward": 515.0412502396863, "episode": 174.0, "batch_reward": 1.1928446459770203, "critic_loss": 6.731537490844727, "actor_loss": -111.36974420166015, "alpha_loss": -0.003822136817499995, "alpha_value": 0.04188294240832329, "duration": 116.84840106964111, "step": 43500}
{"episode_reward": 514.1532213922436, "episode": 175.0, "batch_reward": 1.2147183558940888, "critic_loss": 6.648124945640564, "actor_loss": -112.03865826416016, "alpha_loss": -0.0017961958982050418, "alpha_value": 0.0419511102437973, "duration": 116.38483595848083, "step": 43750}
{"episode_reward": 458.973289307595, "episode": 176.0, "batch_reward": 1.2192776250839232, "critic_loss": 6.764465242385865, "actor_loss": -112.53903515625, "alpha_loss": 4.840607196092606e-05, "alpha_value": 0.04199148377776146, "duration": 116.76691222190857, "step": 44000}
{"episode_reward": 409.8736936812144, "episode": 177.0, "batch_reward": 1.2219228348731994, "critic_loss": 6.667375465393066, "actor_loss": -113.12124719238281, "alpha_loss": -0.0019246562644839287, "alpha_value": 0.04202261140942574, "duration": 116.77239775657654, "step": 44250}
{"episode_reward": 486.6164353823147, "episode": 178.0, "batch_reward": 1.2204668834209442, "critic_loss": 6.715516613960266, "actor_loss": -113.61696887207032, "alpha_loss": 0.003998536130413413, "alpha_value": 0.0419613716006279, "duration": 117.28961730003357, "step": 44500}
{"episode_reward": 521.97724014508, "episode": 179.0, "batch_reward": 1.22585551571846, "critic_loss": 6.72951831817627, "actor_loss": -114.23322125244141, "alpha_loss": -0.0010343266688287258, "alpha_value": 0.04191309982538223, "duration": 115.87767052650452, "step": 44750}
{"episode_reward": 501.2843705056368, "episode": 180.0, "batch_reward": 1.2320378422737122, "critic_loss": 6.537901062011719, "actor_loss": -114.69221154785156, "alpha_loss": 0.0018898141318932176, "alpha_value": 0.04192161503434181, "duration": 108.04010462760925, "step": 45000}
{"episode_reward": 532.3225051599181, "episode": 181.0, "batch_reward": 1.241825405359268, "critic_loss": 6.47058074760437, "actor_loss": -115.3031802368164, "alpha_loss": -0.00015586192905902863, "alpha_value": 0.04186841335892677, "duration": 108.3818109035492, "step": 45250}
{"episode_reward": 467.452146850308, "episode": 182.0, "batch_reward": 1.2521884109973906, "critic_loss": 6.566281089782715, "actor_loss": -115.95385131835937, "alpha_loss": -0.004764268921688199, "alpha_value": 0.04197955366969108, "duration": 107.33102035522461, "step": 45500}
{"episode_reward": 429.6512857413964, "episode": 183.0, "batch_reward": 1.254232587814331, "critic_loss": 6.489290559768677, "actor_loss": -116.4632821044922, "alpha_loss": -0.0017101533897221088, "alpha_value": 0.042071637958288194, "duration": 107.66719317436218, "step": 45750}
{"episode_reward": 504.031893376158, "episode": 184.0, "batch_reward": 1.2533270242214203, "critic_loss": 6.6210476036071775, "actor_loss": -116.85107800292968, "alpha_loss": -0.005603236746042967, "alpha_value": 0.042148439705371854, "duration": 107.19524431228638, "step": 46000}
{"episode_reward": 549.7269309651641, "episode": 185.0, "batch_reward": 1.2392137746810914, "critic_loss": 6.57824750328064, "actor_loss": -117.40243383789063, "alpha_loss": -0.005540573300793767, "alpha_value": 0.04233977073431015, "duration": 107.47464418411255, "step": 46250}
{"episode_reward": 501.09303875703984, "episode": 186.0, "batch_reward": 1.2439046244621277, "critic_loss": 6.67250784111023, "actor_loss": -117.91430297851562, "alpha_loss": -0.005259751981124282, "alpha_value": 0.0424977593421936, "duration": 108.14354395866394, "step": 46500}
{"episode_reward": 463.3376158077643, "episode": 187.0, "batch_reward": 1.251671894788742, "critic_loss": 6.500310855865479, "actor_loss": -118.4163236694336, "alpha_loss": -0.00025504020415246484, "alpha_value": 0.04255993962287903, "duration": 107.69856834411621, "step": 46750}
{"episode_reward": 386.2589852563953, "episode": 188.0, "batch_reward": 1.259853150844574, "critic_loss": 6.472012073516845, "actor_loss": -119.00152905273437, "alpha_loss": -0.001970176236703992, "alpha_value": 0.042624508291482927, "duration": 106.85930156707764, "step": 47000}
{"episode_reward": 526.1262453705315, "episode": 189.0, "batch_reward": 1.259409773826599, "critic_loss": 6.5148538322448735, "actor_loss": -119.398142578125, "alpha_loss": -0.000949526784941554, "alpha_value": 0.04269835862517357, "duration": 107.70354080200195, "step": 47250}
{"episode_reward": 509.3169357543086, "episode": 190.0, "batch_reward": 1.2707327241897584, "critic_loss": 6.499287256240844, "actor_loss": -119.85075140380859, "alpha_loss": -0.0032375716362148524, "alpha_value": 0.042751780480146405, "duration": 107.47337436676025, "step": 47500}
{"episode_reward": 452.72695459008486, "episode": 191.0, "batch_reward": 1.2583009340763092, "critic_loss": 6.697495216369629, "actor_loss": -120.37258190917969, "alpha_loss": -0.004492890756577253, "alpha_value": 0.04281944289803505, "duration": 107.12493419647217, "step": 47750}
{"episode_reward": 482.1241965401313, "episode": 192.0, "batch_reward": 1.2779254336357118, "critic_loss": 6.396403129577637, "actor_loss": -120.89246960449219, "alpha_loss": 0.006762710010632873, "alpha_value": 0.04279633963108063, "duration": 107.81115961074829, "step": 48000}
{"episode_reward": 484.3077525470653, "episode": 193.0, "batch_reward": 1.2801687021255492, "critic_loss": 6.7003492183685305, "actor_loss": -121.49159649658203, "alpha_loss": 0.0008341203909367322, "alpha_value": 0.042676542431116106, "duration": 107.50852966308594, "step": 48250}
{"episode_reward": 499.31947664415765, "episode": 194.0, "batch_reward": 1.290292754650116, "critic_loss": 6.600977104187011, "actor_loss": -121.92969708251952, "alpha_loss": 0.0002756294868886471, "alpha_value": 0.04266829484701157, "duration": 107.41321349143982, "step": 48500}
{"episode_reward": 516.7552000705834, "episode": 195.0, "batch_reward": 1.2767448711395264, "critic_loss": 6.714097480773926, "actor_loss": -122.35071057128906, "alpha_loss": 0.006594586698338389, "alpha_value": 0.042599785715341565, "duration": 107.4982225894928, "step": 48750}
{"episode_reward": 541.7801628983467, "episode": 196.0, "batch_reward": 1.2942291169166564, "critic_loss": 7.0203701171875, "actor_loss": -122.88017242431641, "alpha_loss": 0.002735908728092909, "alpha_value": 0.042463466227054596, "duration": 107.38607382774353, "step": 49000}
{"episode_reward": 533.656619875771, "episode": 197.0, "batch_reward": 1.3021732368469239, "critic_loss": 7.1046204757690425, "actor_loss": -123.32590631103515, "alpha_loss": 0.008077808244153857, "alpha_value": 0.04222126218676567, "duration": 107.11293148994446, "step": 49250}
{"episode_reward": 560.0019349629266, "episode": 198.0, "batch_reward": 1.293892917394638, "critic_loss": 6.82049485206604, "actor_loss": -123.76822229003906, "alpha_loss": 0.0008361964896321296, "alpha_value": 0.04210836598277092, "duration": 108.22786688804626, "step": 49500}
{"episode_reward": 525.0890782062627, "episode": 199.0, "batch_reward": 1.3060076150894164, "critic_loss": 6.957792949676514, "actor_loss": -124.3233896484375, "alpha_loss": -0.0063833625931292775, "alpha_value": 0.04224077689647675, "duration": 107.43655943870544, "step": 49750}
{"episode_reward": 518.8760308187823, "episode": 200.0, "batch_reward": 1.2991088445186616, "critic_loss": 6.898039249420166, "actor_loss": -124.79759545898438, "alpha_loss": -0.003182310367934406, "alpha_value": 0.04236955642700195, "duration": 106.99829936027527, "step": 50000}
{"episode_reward": 470.625818456411, "episode": 201.0, "batch_reward": 1.3059275236129761, "critic_loss": 6.942976451873779, "actor_loss": -125.33294903564453, "alpha_loss": 0.0002664060425013304, "alpha_value": 0.04241510745882988, "duration": 126.08965516090393, "step": 50250}
{"episode_reward": 463.3202774346915, "episode": 202.0, "batch_reward": 1.3048763790130615, "critic_loss": 7.084963834762573, "actor_loss": -125.71125463867187, "alpha_loss": -0.003278565812855959, "alpha_value": 0.04242783299088478, "duration": 106.93703246116638, "step": 50500}
{"episode_reward": 583.9307289740067, "episode": 203.0, "batch_reward": 1.3289894790649415, "critic_loss": 6.934748666763306, "actor_loss": -126.21162384033204, "alpha_loss": -0.004697442388162017, "alpha_value": 0.04261784356832504, "duration": 107.63763761520386, "step": 50750}
{"episode_reward": 485.43726023733325, "episode": 204.0, "batch_reward": 1.3219200749397277, "critic_loss": 6.96787348651886, "actor_loss": -126.72254455566406, "alpha_loss": 0.0005293428413569927, "alpha_value": 0.042654402196407315, "duration": 107.52843070030212, "step": 51000}
{"episode_reward": 506.1151152005051, "episode": 205.0, "batch_reward": 1.3314657983779907, "critic_loss": 6.857967596054078, "actor_loss": -127.16385241699219, "alpha_loss": 0.004342151245102286, "alpha_value": 0.04254026445746422, "duration": 108.0781614780426, "step": 51250}
{"episode_reward": 566.4760110741386, "episode": 206.0, "batch_reward": 1.338121729850769, "critic_loss": 7.108264856338501, "actor_loss": -127.75014581298828, "alpha_loss": 0.002731827037408948, "alpha_value": 0.04243757420778275, "duration": 107.55602216720581, "step": 51500}
{"episode_reward": 550.4393372713786, "episode": 207.0, "batch_reward": 1.3333393597602845, "critic_loss": 7.118830513000488, "actor_loss": -128.3178430786133, "alpha_loss": 5.182293988764286e-05, "alpha_value": 0.04238048249483108, "duration": 108.27407455444336, "step": 51750}
{"episode_reward": 479.07367489744337, "episode": 208.0, "batch_reward": 1.3438315434455872, "critic_loss": 7.255320091247558, "actor_loss": -128.7154682006836, "alpha_loss": -0.004395246947184205, "alpha_value": 0.042459815979003904, "duration": 106.4369444847107, "step": 52000}
{"episode_reward": 512.1176224094627, "episode": 209.0, "batch_reward": 1.3377395849227904, "critic_loss": 7.311872093200684, "actor_loss": -129.1096256713867, "alpha_loss": -0.000883410468697548, "alpha_value": 0.042599243104457854, "duration": 112.11919283866882, "step": 52250}
{"episode_reward": 435.80347767706274, "episode": 210.0, "batch_reward": 1.3433971872329713, "critic_loss": 7.110513206481934, "actor_loss": -129.67591235351563, "alpha_loss": 0.0037875715317204593, "alpha_value": 0.042508350044488906, "duration": 123.82789492607117, "step": 52500}
{"episode_reward": 505.49531564585556, "episode": 211.0, "batch_reward": 1.3457629084587097, "critic_loss": 7.109939977645874, "actor_loss": -130.13361657714844, "alpha_loss": -0.0015913204364478588, "alpha_value": 0.04243066668510437, "duration": 122.18308162689209, "step": 52750}
{"episode_reward": 494.77055445454084, "episode": 212.0, "batch_reward": 1.345472008228302, "critic_loss": 7.40660924911499, "actor_loss": -130.64152087402343, "alpha_loss": -0.009837387645617127, "alpha_value": 0.04263231271505356, "duration": 122.60968375205994, "step": 53000}
{"episode_reward": 508.09865845416704, "episode": 213.0, "batch_reward": 1.3546605172157287, "critic_loss": 7.33003546333313, "actor_loss": -131.0558056640625, "alpha_loss": -0.002576274531893432, "alpha_value": 0.042820953607559206, "duration": 122.89654207229614, "step": 53250}
{"episode_reward": 448.8692407950176, "episode": 214.0, "batch_reward": 1.3570531396865844, "critic_loss": 7.285208786010743, "actor_loss": -131.55284020996095, "alpha_loss": 0.0005072151077911257, "alpha_value": 0.0428636679649353, "duration": 122.07108807563782, "step": 53500}
{"episode_reward": 598.6047867501936, "episode": 215.0, "batch_reward": 1.363496398448944, "critic_loss": 7.719180280685425, "actor_loss": -132.0117237548828, "alpha_loss": -0.009136201670393349, "alpha_value": 0.04298320671916008, "duration": 122.45956254005432, "step": 53750}
{"episode_reward": 523.1540502597479, "episode": 216.0, "batch_reward": 1.3593333718776703, "critic_loss": 7.349750894546509, "actor_loss": -132.42828955078124, "alpha_loss": -0.0013785310676321387, "alpha_value": 0.04314527115225792, "duration": 123.23605298995972, "step": 54000}
{"episode_reward": 447.46156362448477, "episode": 217.0, "batch_reward": 1.3692245082855226, "critic_loss": 7.336796148300171, "actor_loss": -132.82398779296875, "alpha_loss": 0.0012126858402043581, "alpha_value": 0.043184938937425615, "duration": 122.78063321113586, "step": 54250}
{"episode_reward": 544.7915023967644, "episode": 218.0, "batch_reward": 1.3652560095787047, "critic_loss": 7.261472351074219, "actor_loss": -133.2310554199219, "alpha_loss": 0.005475756838917732, "alpha_value": 0.04301440611481667, "duration": 118.69219183921814, "step": 54500}
{"episode_reward": 505.86209827962085, "episode": 219.0, "batch_reward": 1.3647680430412292, "critic_loss": 7.5786154708862306, "actor_loss": -133.75236950683595, "alpha_loss": -0.0027361962627619504, "alpha_value": 0.042944861084222796, "duration": 116.24571514129639, "step": 54750}
{"episode_reward": 542.0873411888626, "episode": 220.0, "batch_reward": 1.369202965259552, "critic_loss": 7.481421146392822, "actor_loss": -134.16243737792968, "alpha_loss": -0.0005349455326795578, "alpha_value": 0.043052264243364335, "duration": 115.66883969306946, "step": 55000}
{"episode_reward": 488.02308152401986, "episode": 221.0, "batch_reward": 1.3636540966033937, "critic_loss": 7.321365314483643, "actor_loss": -134.66924841308594, "alpha_loss": 0.0028332695476710797, "alpha_value": 0.04304637870192528, "duration": 107.58994483947754, "step": 55250}
{"episode_reward": 464.94382442741204, "episode": 222.0, "batch_reward": 1.379627866744995, "critic_loss": 7.104929160118103, "actor_loss": -135.12471423339844, "alpha_loss": -6.250541843473911e-05, "alpha_value": 0.042933424949646, "duration": 107.41357827186584, "step": 55500}
{"episode_reward": 536.241918392628, "episode": 223.0, "batch_reward": 1.3850996794700623, "critic_loss": 7.483044311523438, "actor_loss": -135.76169262695313, "alpha_loss": -0.008450734604150056, "alpha_value": 0.04307984840869904, "duration": 108.24144649505615, "step": 55750}
{"episode_reward": 450.9396746367434, "episode": 224.0, "batch_reward": 1.3868524050712585, "critic_loss": 7.640578525543213, "actor_loss": -136.12390625, "alpha_loss": -0.0005776419006288052, "alpha_value": 0.04325501707196236, "duration": 107.59526300430298, "step": 56000}
{"episode_reward": 502.60335159299024, "episode": 225.0, "batch_reward": 1.3885101437568665, "critic_loss": 7.512443143844605, "actor_loss": -136.49935485839845, "alpha_loss": 0.0011905730236321688, "alpha_value": 0.043228096097707745, "duration": 107.84481024742126, "step": 56250}
{"episode_reward": 558.5860640273396, "episode": 226.0, "batch_reward": 1.383285185813904, "critic_loss": 7.437700216293335, "actor_loss": -136.90893322753905, "alpha_loss": 0.00487715451978147, "alpha_value": 0.04311267936229706, "duration": 107.19974899291992, "step": 56500}
{"episode_reward": 553.5341553931262, "episode": 227.0, "batch_reward": 1.3934553060531616, "critic_loss": 7.499800693511963, "actor_loss": -137.33414331054686, "alpha_loss": -0.0005659866221249104, "alpha_value": 0.04306167507171631, "duration": 107.50911283493042, "step": 56750}
{"episode_reward": 601.704520966867, "episode": 228.0, "batch_reward": 1.3893278512954712, "critic_loss": 7.290537914276123, "actor_loss": -137.84486193847655, "alpha_loss": 0.004535240126773715, "alpha_value": 0.04301163199543953, "duration": 107.33736538887024, "step": 57000}
{"episode_reward": 562.4625736357356, "episode": 229.0, "batch_reward": 1.4078202471733092, "critic_loss": 7.408187881469726, "actor_loss": -138.42119201660157, "alpha_loss": -0.0012081589493900537, "alpha_value": 0.04297490146756172, "duration": 107.81824588775635, "step": 57250}
{"episode_reward": 518.8510070701374, "episode": 230.0, "batch_reward": 1.4002731680870055, "critic_loss": 7.6033774147033695, "actor_loss": -138.6859775390625, "alpha_loss": 0.012255487650632859, "alpha_value": 0.04279092264175415, "duration": 107.37715482711792, "step": 57500}
{"episode_reward": 475.88660100527784, "episode": 231.0, "batch_reward": 1.410149287223816, "critic_loss": 7.405000822067261, "actor_loss": -139.23027575683594, "alpha_loss": 0.00319151577539742, "alpha_value": 0.04261467015743255, "duration": 107.05887770652771, "step": 57750}
{"episode_reward": 585.1308020830406, "episode": 232.0, "batch_reward": 1.4141631121635436, "critic_loss": 7.47427195930481, "actor_loss": -139.60647497558594, "alpha_loss": 0.008725155500695109, "alpha_value": 0.04243786522746086, "duration": 108.1944260597229, "step": 58000}
{"episode_reward": 498.3419491966943, "episode": 233.0, "batch_reward": 1.418663074016571, "critic_loss": 7.487989540100098, "actor_loss": -140.03081774902344, "alpha_loss": 0.00877994566783309, "alpha_value": 0.042168166935443875, "duration": 112.76156210899353, "step": 58250}
{"episode_reward": 544.2296247652416, "episode": 234.0, "batch_reward": 1.4125089812278748, "critic_loss": 7.478228490829467, "actor_loss": -140.50905395507812, "alpha_loss": -0.004118479637429119, "alpha_value": 0.042057563334703445, "duration": 118.64593005180359, "step": 58500}
{"episode_reward": 496.0915379197574, "episode": 235.0, "batch_reward": 1.4149916028976441, "critic_loss": 7.476260116577149, "actor_loss": -140.9460184326172, "alpha_loss": -0.004265963543206453, "alpha_value": 0.042171818733215335, "duration": 118.13563323020935, "step": 58750}
{"episode_reward": 556.9914488626011, "episode": 236.0, "batch_reward": 1.4130282936096192, "critic_loss": 7.911998012542725, "actor_loss": -141.21766589355468, "alpha_loss": -0.003964998265728354, "alpha_value": 0.042331346213817594, "duration": 119.22698473930359, "step": 59000}
{"episode_reward": 548.0050960531622, "episode": 237.0, "batch_reward": 1.4237395739555359, "critic_loss": 7.788626552581787, "actor_loss": -141.65487060546874, "alpha_loss": -0.001507489249110222, "alpha_value": 0.04243253630399704, "duration": 118.90982842445374, "step": 59250}
{"episode_reward": 459.70049352846075, "episode": 238.0, "batch_reward": 1.43517849111557, "critic_loss": 7.796621562957764, "actor_loss": -142.17621740722657, "alpha_loss": -0.0015868630297482013, "alpha_value": 0.042430752128362656, "duration": 118.89890265464783, "step": 59500}
{"episode_reward": 570.2823226427298, "episode": 239.0, "batch_reward": 1.4408207969665527, "critic_loss": 7.624294570922851, "actor_loss": -142.57250073242187, "alpha_loss": -0.0019708095528185366, "alpha_value": 0.042497981995344165, "duration": 118.54513907432556, "step": 59750}
{"episode_reward": 498.0727708820891, "episode": 240.0, "batch_reward": 1.4287044324874878, "critic_loss": 7.679042646408081, "actor_loss": -142.99554650878906, "alpha_loss": -0.004168052496388555, "alpha_value": 0.04258214694261551, "duration": 117.93410301208496, "step": 60000}
{"episode_reward": 498.8956999014575, "episode": 241.0, "batch_reward": 1.4334676518440246, "critic_loss": 7.967179924011231, "actor_loss": -143.46685314941405, "alpha_loss": -0.003648691240698099, "alpha_value": 0.04270215964317322, "duration": 139.2881407737732, "step": 60250}
{"episode_reward": 515.7571946530064, "episode": 242.0, "batch_reward": 1.4371140232086181, "critic_loss": 7.825296527862549, "actor_loss": -143.8582735595703, "alpha_loss": 0.0004208007473498583, "alpha_value": 0.04273821070790291, "duration": 118.7713451385498, "step": 60500}
{"episode_reward": 511.4827086589083, "episode": 243.0, "batch_reward": 1.4364179592132569, "critic_loss": 7.769507297515869, "actor_loss": -144.26950854492188, "alpha_loss": 0.0038502882812172174, "alpha_value": 0.042674698084592816, "duration": 118.52776408195496, "step": 60750}
{"episode_reward": 450.5489276145567, "episode": 244.0, "batch_reward": 1.4421546139717103, "critic_loss": 7.661976282119751, "actor_loss": -144.74833996582032, "alpha_loss": -0.001204361420124769, "alpha_value": 0.042653598219156263, "duration": 116.31536221504211, "step": 61000}
{"episode_reward": 519.9194237506503, "episode": 245.0, "batch_reward": 1.451512149810791, "critic_loss": 8.059459325790405, "actor_loss": -145.08905969238282, "alpha_loss": 0.0016671131383627653, "alpha_value": 0.04263357159495354, "duration": 116.20238947868347, "step": 61250}
{"episode_reward": 473.5967374252914, "episode": 246.0, "batch_reward": 1.4374747700691224, "critic_loss": 7.702676651000977, "actor_loss": -145.46407800292968, "alpha_loss": -0.0004808913394808769, "alpha_value": 0.04262009638547897, "duration": 112.68398547172546, "step": 61500}
{"episode_reward": 485.0550944003004, "episode": 247.0, "batch_reward": 1.45127064371109, "critic_loss": 7.838367015838623, "actor_loss": -145.83463232421875, "alpha_loss": -0.0017575047742575407, "alpha_value": 0.04266069695353508, "duration": 107.93147563934326, "step": 61750}
{"episode_reward": 542.9143843032554, "episode": 248.0, "batch_reward": 1.4553576769828795, "critic_loss": 7.923041624069214, "actor_loss": -146.2798270263672, "alpha_loss": 0.00207963087502867, "alpha_value": 0.042678964018821715, "duration": 107.63389897346497, "step": 62000}
{"episode_reward": 574.7015758725723, "episode": 249.0, "batch_reward": 1.4595912566184999, "critic_loss": 7.903656030654907, "actor_loss": -146.67783325195313, "alpha_loss": 0.0007352365497499705, "alpha_value": 0.04259473994374275, "duration": 106.99215030670166, "step": 62250}
{"episode_reward": 485.2973479445884, "episode": 250.0, "batch_reward": 1.4580716624259948, "critic_loss": 7.76060821723938, "actor_loss": -147.0786953125, "alpha_loss": -0.0017718868320807815, "alpha_value": 0.04264762684702873, "duration": 107.8433187007904, "step": 62500}
{"episode_reward": 581.683260629321, "episode": 251.0, "batch_reward": 1.4655419645309449, "critic_loss": 8.140964872360229, "actor_loss": -147.48115295410156, "alpha_loss": -0.002298498786985874, "alpha_value": 0.042684697896242144, "duration": 107.31467795372009, "step": 62750}
{"episode_reward": 528.3857166439186, "episode": 252.0, "batch_reward": 1.4553553590774535, "critic_loss": 8.047121980667114, "actor_loss": -147.89972143554687, "alpha_loss": -0.001997049082070589, "alpha_value": 0.042808193057775494, "duration": 107.82200622558594, "step": 63000}
{"episode_reward": 553.7424387180911, "episode": 253.0, "batch_reward": 1.465641463279724, "critic_loss": 8.207643468856812, "actor_loss": -148.40511547851563, "alpha_loss": -0.00047769303247332574, "alpha_value": 0.04275057703256607, "duration": 107.27012658119202, "step": 63250}
{"episode_reward": 519.8997847383911, "episode": 254.0, "batch_reward": 1.4563727655410768, "critic_loss": 7.789992889404297, "actor_loss": -148.66461865234376, "alpha_loss": -0.0034129198752343654, "alpha_value": 0.04278144153952598, "duration": 107.53794360160828, "step": 63500}
{"episode_reward": 522.8708464860483, "episode": 255.0, "batch_reward": 1.4774943146705628, "critic_loss": 8.076866529464722, "actor_loss": -149.06226440429688, "alpha_loss": 0.0013807788472622632, "alpha_value": 0.042854149371385576, "duration": 107.71789884567261, "step": 63750}
{"episode_reward": 526.376311649091, "episode": 256.0, "batch_reward": 1.4724411630630494, "critic_loss": 7.735826658248901, "actor_loss": -149.46506848144531, "alpha_loss": -0.0032611263263970613, "alpha_value": 0.04293747097253799, "duration": 108.10516858100891, "step": 64000}
{"episode_reward": 615.0166131871682, "episode": 257.0, "batch_reward": 1.477974500656128, "critic_loss": 7.798308490753174, "actor_loss": -149.91976635742188, "alpha_loss": 0.0019144928511232139, "alpha_value": 0.04293091931939125, "duration": 107.4565076828003, "step": 64250}
{"episode_reward": 574.8648770343788, "episode": 258.0, "batch_reward": 1.467983341217041, "critic_loss": 7.656598991394043, "actor_loss": -150.19010290527345, "alpha_loss": -0.005803865953348577, "alpha_value": 0.042980758607387544, "duration": 107.30471205711365, "step": 64500}
{"episode_reward": 524.8104683887238, "episode": 259.0, "batch_reward": 1.4858428044319152, "critic_loss": 7.7722162284851075, "actor_loss": -150.64151721191405, "alpha_loss": 0.0017252010628581048, "alpha_value": 0.04305347743630409, "duration": 108.13477849960327, "step": 64750}
{"episode_reward": 569.0452573527718, "episode": 260.0, "batch_reward": 1.4863535370826721, "critic_loss": 7.815483263015747, "actor_loss": -151.07305297851562, "alpha_loss": 0.0007056841440498828, "alpha_value": 0.043080046474933624, "duration": 107.62750506401062, "step": 65000}
{"episode_reward": 552.4918688204178, "episode": 261.0, "batch_reward": 1.4950271701812745, "critic_loss": 7.742918743133545, "actor_loss": -151.3775166015625, "alpha_loss": 0.001607835505157709, "alpha_value": 0.04295962184667587, "duration": 107.47391176223755, "step": 65250}
{"episode_reward": 541.9867810709613, "episode": 262.0, "batch_reward": 1.4750429501533509, "critic_loss": 7.794792415618897, "actor_loss": -151.7867166748047, "alpha_loss": -0.0012577674631029368, "alpha_value": 0.04298376256227493, "duration": 107.0316755771637, "step": 65500}
{"episode_reward": 547.2833032926944, "episode": 263.0, "batch_reward": 1.4905272369384766, "critic_loss": 8.309066709518433, "actor_loss": -152.17241345214845, "alpha_loss": -0.0016341835400089622, "alpha_value": 0.043003568559885026, "duration": 107.25705313682556, "step": 65750}
{"episode_reward": 517.866374327642, "episode": 264.0, "batch_reward": 1.5039825744628905, "critic_loss": 8.129357364654542, "actor_loss": -152.61389404296875, "alpha_loss": 0.0006899472065269947, "alpha_value": 0.04305503591895103, "duration": 113.72296333312988, "step": 66000}
{"episode_reward": 574.258570943814, "episode": 265.0, "batch_reward": 1.494478397846222, "critic_loss": 8.069979921340943, "actor_loss": -152.8942843017578, "alpha_loss": -0.004904402749612928, "alpha_value": 0.04308419740200043, "duration": 118.12380456924438, "step": 66250}
{"episode_reward": 577.502014408082, "episode": 266.0, "batch_reward": 1.4860757160186768, "critic_loss": 8.054078413009643, "actor_loss": -153.28728283691407, "alpha_loss": 0.0007041742047294975, "alpha_value": 0.043217654168605804, "duration": 118.3111035823822, "step": 66500}
{"episode_reward": 527.5399394947146, "episode": 267.0, "batch_reward": 1.5035258960723876, "critic_loss": 8.18412204360962, "actor_loss": -153.79854296875, "alpha_loss": -0.005300607264041901, "alpha_value": 0.04321991020441055, "duration": 118.29251217842102, "step": 66750}
{"episode_reward": 587.2264652846052, "episode": 268.0, "batch_reward": 1.5103869881629943, "critic_loss": 8.166708860397339, "actor_loss": -154.08153002929689, "alpha_loss": 0.0010705490512773394, "alpha_value": 0.04331534907221794, "duration": 118.03667521476746, "step": 67000}
{"episode_reward": 540.7105952009381, "episode": 269.0, "batch_reward": 1.5086326661109923, "critic_loss": 8.436645252227784, "actor_loss": -154.30396765136717, "alpha_loss": 0.0028641286063939334, "alpha_value": 0.04324504071474075, "duration": 118.24358057975769, "step": 67250}
{"episode_reward": 636.492855930916, "episode": 270.0, "batch_reward": 1.5210806708335876, "critic_loss": 8.166230606079102, "actor_loss": -154.78253063964843, "alpha_loss": -0.0030480821169912814, "alpha_value": 0.04323488679528236, "duration": 118.44939637184143, "step": 67500}
{"episode_reward": 549.2938972744067, "episode": 271.0, "batch_reward": 1.509972034931183, "critic_loss": 8.227580198287963, "actor_loss": -155.18697778320313, "alpha_loss": 0.0018300796300172806, "alpha_value": 0.0432340704202652, "duration": 117.80338716506958, "step": 67750}
{"episode_reward": 464.7617821098913, "episode": 272.0, "batch_reward": 1.512073606967926, "critic_loss": 8.296923105239868, "actor_loss": -155.53845739746095, "alpha_loss": 0.0028684277553111316, "alpha_value": 0.04319502606987953, "duration": 118.22709774971008, "step": 68000}
{"episode_reward": 622.9790655963519, "episode": 273.0, "batch_reward": 1.5222975997924804, "critic_loss": 8.149317680358887, "actor_loss": -155.9417811279297, "alpha_loss": 0.0029549010042101147, "alpha_value": 0.0430557077229023, "duration": 118.61143779754639, "step": 68250}
{"episode_reward": 565.4384367639527, "episode": 274.0, "batch_reward": 1.536196949481964, "critic_loss": 8.099578630447388, "actor_loss": -156.3094298095703, "alpha_loss": 0.0027518717469647526, "alpha_value": 0.04299498069286346, "duration": 118.47843194007874, "step": 68500}
{"episode_reward": 569.7311081955635, "episode": 275.0, "batch_reward": 1.5229599370956421, "critic_loss": 8.402069456100463, "actor_loss": -156.55778259277344, "alpha_loss": 0.0022878859471529723, "alpha_value": 0.042907030403614044, "duration": 117.51736164093018, "step": 68750}
{"episode_reward": 572.1178673120679, "episode": 276.0, "batch_reward": 1.53597646856308, "critic_loss": 8.219777540206909, "actor_loss": -156.99274682617187, "alpha_loss": -0.0011949387900531292, "alpha_value": 0.042936627835035324, "duration": 117.04183411598206, "step": 69000}
{"episode_reward": 514.3226406188985, "episode": 277.0, "batch_reward": 1.5184597587585449, "critic_loss": 8.398446117401123, "actor_loss": -157.1881767578125, "alpha_loss": 0.0004475782904773951, "alpha_value": 0.042936771869659426, "duration": 117.22626543045044, "step": 69250}
{"episode_reward": 458.56672533328253, "episode": 278.0, "batch_reward": 1.5419076972007753, "critic_loss": 8.593953384399414, "actor_loss": -157.68524670410156, "alpha_loss": -0.0017918295860290527, "alpha_value": 0.042933252334594725, "duration": 109.61301970481873, "step": 69500}
{"episode_reward": 568.6998776945251, "episode": 279.0, "batch_reward": 1.5390391454696655, "critic_loss": 8.272878742218017, "actor_loss": -158.1469620361328, "alpha_loss": -0.0035186334364116193, "alpha_value": 0.04301461488008499, "duration": 107.86372756958008, "step": 69750}
{"episode_reward": 562.4687003048729, "episode": 280.0, "batch_reward": 1.529003719329834, "critic_loss": 8.462862539291383, "actor_loss": -158.511736328125, "alpha_loss": -0.008504462458193302, "alpha_value": 0.043184993147850036, "duration": 107.80340433120728, "step": 70000}
{"episode_reward": 594.9199946414741, "episode": 281.0, "batch_reward": 1.5387818088531495, "critic_loss": 8.556705257415771, "actor_loss": -158.85241455078125, "alpha_loss": -0.007865613436326385, "alpha_value": 0.04345683908462524, "duration": 125.87515664100647, "step": 70250}
{"episode_reward": 561.2384455923194, "episode": 282.0, "batch_reward": 1.5393517179489136, "critic_loss": 8.41947008895874, "actor_loss": -159.26701379394532, "alpha_loss": -0.006924064120277762, "alpha_value": 0.043677106648683545, "duration": 108.39082288742065, "step": 70500}
{"episode_reward": 567.4583298349419, "episode": 283.0, "batch_reward": 1.5410802063941955, "critic_loss": 8.446118520736695, "actor_loss": -159.53375, "alpha_loss": 0.0003268099147826433, "alpha_value": 0.043818333327770236, "duration": 107.66392993927002, "step": 70750}
{"episode_reward": 575.503557147484, "episode": 284.0, "batch_reward": 1.5559809684753418, "critic_loss": 8.39818084716797, "actor_loss": -160.09367053222655, "alpha_loss": -0.0024357599075883626, "alpha_value": 0.04378666719794273, "duration": 107.64700150489807, "step": 71000}
{"episode_reward": 593.3952947728382, "episode": 285.0, "batch_reward": 1.5463977856636046, "critic_loss": 8.503809448242187, "actor_loss": -160.2995712890625, "alpha_loss": 0.0010382586512714623, "alpha_value": 0.04384845298528671, "duration": 107.95478582382202, "step": 71250}
{"episode_reward": 591.4499072489984, "episode": 286.0, "batch_reward": 1.5584416723251342, "critic_loss": 8.504762565612793, "actor_loss": -160.70370434570313, "alpha_loss": 0.0017503794822841883, "alpha_value": 0.0437764533162117, "duration": 108.36799216270447, "step": 71500}
{"episode_reward": 454.46589621051316, "episode": 287.0, "batch_reward": 1.562555160522461, "critic_loss": 8.530573112487794, "actor_loss": -161.0768537597656, "alpha_loss": 0.0022088484857231377, "alpha_value": 0.0437219874560833, "duration": 107.87037515640259, "step": 71750}
{"episode_reward": 553.1848420837309, "episode": 288.0, "batch_reward": 1.5455074005126954, "critic_loss": 8.401760595321655, "actor_loss": -161.35451159667969, "alpha_loss": -0.00808627286273986, "alpha_value": 0.04381867879629135, "duration": 107.93272852897644, "step": 72000}
{"episode_reward": 509.13158412625046, "episode": 289.0, "batch_reward": 1.5611110239028931, "critic_loss": 8.42354201889038, "actor_loss": -161.79339904785155, "alpha_loss": -0.006146959422156215, "alpha_value": 0.044040563881397245, "duration": 108.11147236824036, "step": 72250}
{"episode_reward": 554.7591225451415, "episode": 290.0, "batch_reward": 1.5484961891174316, "critic_loss": 8.540775299072266, "actor_loss": -162.04809985351562, "alpha_loss": 1.1446166783571243e-05, "alpha_value": 0.04417705023288727, "duration": 107.88536763191223, "step": 72500}
{"episode_reward": 572.8882927446268, "episode": 291.0, "batch_reward": 1.5691358404159546, "critic_loss": 8.439516302108764, "actor_loss": -162.53504235839844, "alpha_loss": 0.005778737772256136, "alpha_value": 0.04402266752719879, "duration": 107.67704010009766, "step": 72750}
{"episode_reward": 623.7223525683045, "episode": 292.0, "batch_reward": 1.553804027557373, "critic_loss": 8.827206735610963, "actor_loss": -162.84163623046874, "alpha_loss": 0.0008388339653611183, "alpha_value": 0.043909913301467894, "duration": 107.80808138847351, "step": 73000}
{"episode_reward": 612.3751976923252, "episode": 293.0, "batch_reward": 1.5555810198783875, "critic_loss": 8.698644966125489, "actor_loss": -163.1311329345703, "alpha_loss": 0.011121849630028009, "alpha_value": 0.04369599470496178, "duration": 108.02993822097778, "step": 73250}
{"episode_reward": 495.44953826975905, "episode": 294.0, "batch_reward": 1.5786983132362367, "critic_loss": 8.717344177246094, "actor_loss": -163.72075073242186, "alpha_loss": -0.0036313770934939386, "alpha_value": 0.043624165326356885, "duration": 107.10587787628174, "step": 73500}
{"episode_reward": 564.1583932244077, "episode": 295.0, "batch_reward": 1.5728475108146667, "critic_loss": 8.682216478347778, "actor_loss": -163.95026989746094, "alpha_loss": -0.00323807355388999, "alpha_value": 0.04376266953349114, "duration": 108.4046401977539, "step": 73750}
{"episode_reward": 508.25843056551895, "episode": 296.0, "batch_reward": 1.56710884141922, "critic_loss": 8.76244882583618, "actor_loss": -164.3394296875, "alpha_loss": -0.005547236036509275, "alpha_value": 0.0438776832818985, "duration": 107.57036662101746, "step": 74000}
{"episode_reward": 582.9094012271005, "episode": 297.0, "batch_reward": 1.5782706823349, "critic_loss": 8.685994235992432, "actor_loss": -164.6061160888672, "alpha_loss": 0.0016386544574052094, "alpha_value": 0.043994567066431046, "duration": 107.53826546669006, "step": 74250}
{"episode_reward": 587.1141813444759, "episode": 298.0, "batch_reward": 1.5831440033912658, "critic_loss": 8.323396783828736, "actor_loss": -164.98324072265626, "alpha_loss": 0.0031037196815013888, "alpha_value": 0.04389198786020279, "duration": 107.6348671913147, "step": 74500}
{"episode_reward": 542.988779948717, "episode": 299.0, "batch_reward": 1.5815644578933716, "critic_loss": 8.68062932395935, "actor_loss": -165.35417260742187, "alpha_loss": 0.001247760470956564, "alpha_value": 0.04376006060838699, "duration": 107.87430310249329, "step": 74750}
{"episode_reward": 515.2414536543932, "episode": 300.0, "batch_reward": 1.5662680377960205, "critic_loss": 8.349889245986938, "actor_loss": -165.6214599609375, "alpha_loss": 0.0009938235646113752, "alpha_value": 0.04374014940857887, "duration": 108.08811950683594, "step": 75000}
{"episode_reward": 600.0819741042386, "episode": 301.0, "batch_reward": 1.5927482118606568, "critic_loss": 8.685243074417114, "actor_loss": -166.02556909179688, "alpha_loss": 0.0004094386454671621, "alpha_value": 0.04376863843202591, "duration": 107.57516264915466, "step": 75250}
{"episode_reward": 616.3037935703927, "episode": 302.0, "batch_reward": 1.5996646575927735, "critic_loss": 8.778035505294799, "actor_loss": -166.36865209960936, "alpha_loss": 0.00590790512599051, "alpha_value": 0.04364680799841881, "duration": 107.6280448436737, "step": 75500}
{"episode_reward": 579.6487949864254, "episode": 303.0, "batch_reward": 1.5901450567245483, "critic_loss": 8.576868768692016, "actor_loss": -166.60659399414064, "alpha_loss": -0.0028212672248482703, "alpha_value": 0.04363021492958069, "duration": 108.39338183403015, "step": 75750}
{"episode_reward": 547.2846338257499, "episode": 304.0, "batch_reward": 1.6095389847755432, "critic_loss": 8.651511758804322, "actor_loss": -167.05255981445313, "alpha_loss": -0.0008894629282876849, "alpha_value": 0.043643117696046826, "duration": 107.64769220352173, "step": 76000}
{"episode_reward": 513.9196828133942, "episode": 305.0, "batch_reward": 1.5903990216255188, "critic_loss": 8.604023805618287, "actor_loss": -167.31355480957032, "alpha_loss": 0.003368066944181919, "alpha_value": 0.04364129891991615, "duration": 107.60043573379517, "step": 76250}
{"episode_reward": 612.8859617706961, "episode": 306.0, "batch_reward": 1.5953710141181945, "critic_loss": 8.70452128791809, "actor_loss": -167.67320861816407, "alpha_loss": 0.0021207711789757015, "alpha_value": 0.04354121422767639, "duration": 107.74818825721741, "step": 76500}
{"episode_reward": 550.8686691930077, "episode": 307.0, "batch_reward": 1.6083319654464723, "critic_loss": 9.000451080322266, "actor_loss": -168.01918762207032, "alpha_loss": 0.00014044027961790563, "alpha_value": 0.043490267366170884, "duration": 107.4737696647644, "step": 76750}
{"episode_reward": 610.2213786871624, "episode": 308.0, "batch_reward": 1.5968541431427001, "critic_loss": 8.830037864685059, "actor_loss": -168.29525817871092, "alpha_loss": 3.495645895600319e-05, "alpha_value": 0.04352683237195015, "duration": 107.5118043422699, "step": 77000}
{"episode_reward": 534.4160845245681, "episode": 309.0, "batch_reward": 1.603910219192505, "critic_loss": 8.711745084762573, "actor_loss": -168.7477305908203, "alpha_loss": -0.00802610987238586, "alpha_value": 0.04364162969589233, "duration": 108.81069540977478, "step": 77250}
{"episode_reward": 593.7579950092013, "episode": 310.0, "batch_reward": 1.609358760356903, "critic_loss": 8.54158013343811, "actor_loss": -169.09643969726562, "alpha_loss": 0.0018603439964354038, "alpha_value": 0.04372853472828865, "duration": 107.3384792804718, "step": 77500}
{"episode_reward": 607.3705761529645, "episode": 311.0, "batch_reward": 1.6071575598716736, "critic_loss": 9.03392759513855, "actor_loss": -169.42819006347656, "alpha_loss": -0.004196753183379769, "alpha_value": 0.04375574678182602, "duration": 107.6358368396759, "step": 77750}
{"episode_reward": 501.87185520951493, "episode": 312.0, "batch_reward": 1.6139263367652894, "critic_loss": 8.982623058319092, "actor_loss": -169.7235400390625, "alpha_loss": -0.005354741406626999, "alpha_value": 0.04390386465191841, "duration": 107.57632946968079, "step": 78000}
{"episode_reward": 599.4155430729136, "episode": 313.0, "batch_reward": 1.6167686038017273, "critic_loss": 9.200104429244995, "actor_loss": -170.11713122558595, "alpha_loss": -0.006324399524368346, "alpha_value": 0.044045280784368514, "duration": 107.68273949623108, "step": 78250}
{"episode_reward": 708.4094856324699, "episode": 314.0, "batch_reward": 1.6239911665916442, "critic_loss": 9.08839507484436, "actor_loss": -170.34746716308592, "alpha_loss": -0.001825934747233987, "alpha_value": 0.044271691113710404, "duration": 107.83532452583313, "step": 78500}
{"episode_reward": 577.5176952875391, "episode": 315.0, "batch_reward": 1.607587811946869, "critic_loss": 8.929131517410278, "actor_loss": -170.61520324707033, "alpha_loss": 0.0018041841816157102, "alpha_value": 0.04418828195333481, "duration": 107.6914587020874, "step": 78750}
{"episode_reward": 654.8301630891644, "episode": 316.0, "batch_reward": 1.6185872979164124, "critic_loss": 9.155215784072876, "actor_loss": -171.05003479003906, "alpha_loss": -0.005324826305732131, "alpha_value": 0.04428354674577713, "duration": 107.80108380317688, "step": 79000}
{"episode_reward": 590.749801006647, "episode": 317.0, "batch_reward": 1.63818781042099, "critic_loss": 8.83124401473999, "actor_loss": -171.5144384765625, "alpha_loss": -0.004674457171931863, "alpha_value": 0.04442279031872749, "duration": 108.20450806617737, "step": 79250}
{"episode_reward": 606.5990773850742, "episode": 318.0, "batch_reward": 1.6280795612335206, "critic_loss": 9.20039526939392, "actor_loss": -171.783447265625, "alpha_loss": -0.006540215009823442, "alpha_value": 0.04461062529683113, "duration": 107.93972396850586, "step": 79500}
{"episode_reward": 641.0524711246633, "episode": 319.0, "batch_reward": 1.6384858922958374, "critic_loss": 9.163719509124755, "actor_loss": -172.19130090332033, "alpha_loss": -0.0028817027462646363, "alpha_value": 0.04472971189022064, "duration": 107.58319854736328, "step": 79750}
{"episode_reward": 596.9701636086976, "episode": 320.0, "batch_reward": 1.6380615315437317, "critic_loss": 9.09782255935669, "actor_loss": -172.59575622558594, "alpha_loss": 0.0023634324315935373, "alpha_value": 0.04472284635901451, "duration": 107.67687940597534, "step": 80000}
