{"episode_reward": 0.0, "episode": 1.0, "duration": 21.071662664413452, "step": 250}
{"episode_reward": 59.72814558973196, "episode": 2.0, "duration": 0.9831652641296387, "step": 500}
{"episode_reward": 48.70816289734363, "episode": 3.0, "duration": 0.9837057590484619, "step": 750}
{"episode_reward": 46.21279011925397, "episode": 4.0, "duration": 0.9879932403564453, "step": 1000}
{"episode_reward": 67.92203932270468, "episode": 5.0, "batch_reward": 0.22281175610826337, "critic_loss": 0.25718944370925567, "actor_loss": -3.517552813515067, "alpha_loss": 0.9353396144042659, "alpha_value": 0.09465462426088246, "duration": 410.6647803783417, "step": 1250}
{"episode_reward": 52.43882556281467, "episode": 6.0, "batch_reward": 0.2152188796401024, "critic_loss": 0.5821231803894042, "actor_loss": -6.011046001434326, "alpha_loss": 0.8642176642417908, "alpha_value": 0.08911207979917526, "duration": 76.54321765899658, "step": 1500}
{"episode_reward": 42.07818314762916, "episode": 7.0, "batch_reward": 0.2079711919426918, "critic_loss": 0.358600049585104, "actor_loss": -6.385877525329589, "alpha_loss": 0.8569157137870789, "alpha_value": 0.08807321047782898, "duration": 76.1364221572876, "step": 1750}
{"episode_reward": 49.0165295330915, "episode": 8.0, "batch_reward": 0.2050660749077797, "critic_loss": 0.31583919456601145, "actor_loss": -6.83170146560669, "alpha_loss": 0.844784661769867, "alpha_value": 0.08704820454120636, "duration": 77.80181050300598, "step": 2000}
{"episode_reward": 43.26261926001431, "episode": 9.0, "batch_reward": 0.212811043381691, "critic_loss": 0.42473692643642424, "actor_loss": -7.383547004699707, "alpha_loss": 0.8401559529304504, "alpha_value": 0.0860335521697998, "duration": 77.71919655799866, "step": 2250}
{"episode_reward": 81.21113564231703, "episode": 10.0, "batch_reward": 0.2151717756986618, "critic_loss": 0.646171569287777, "actor_loss": -7.91012174987793, "alpha_loss": 0.8220038976669312, "alpha_value": 0.08503351765871048, "duration": 75.78243470191956, "step": 2500}
{"episode_reward": 51.98502215866967, "episode": 11.0, "batch_reward": 0.21501420307159425, "critic_loss": 0.47381966084241867, "actor_loss": -8.341093696594239, "alpha_loss": 0.8123114266395569, "alpha_value": 0.08405447834730148, "duration": 76.39294290542603, "step": 2750}
{"episode_reward": 43.629253796374954, "episode": 12.0, "batch_reward": 0.21178065145015718, "critic_loss": 0.41824862241745, "actor_loss": -8.861641975402833, "alpha_loss": 0.7998382005691528, "alpha_value": 0.08308785045146942, "duration": 77.39974427223206, "step": 3000}
{"episode_reward": 50.55844332070775, "episode": 13.0, "batch_reward": 0.21092193007469176, "critic_loss": 0.46190956425666807, "actor_loss": -9.309844581604004, "alpha_loss": 0.7885292978286743, "alpha_value": 0.08213726484775544, "duration": 76.46781992912292, "step": 3250}
{"episode_reward": 57.20727174239167, "episode": 14.0, "batch_reward": 0.2156225534081459, "critic_loss": 0.6847687408328056, "actor_loss": -9.755755249023437, "alpha_loss": 0.7800780739784241, "alpha_value": 0.08119790780544281, "duration": 75.6068651676178, "step": 3500}
{"episode_reward": 69.73499489119607, "episode": 15.0, "batch_reward": 0.22656379550695419, "critic_loss": 0.5316633198857308, "actor_loss": -10.277630714416503, "alpha_loss": 0.7668701486587525, "alpha_value": 0.0802733998298645, "duration": 75.83475041389465, "step": 3750}
{"episode_reward": 96.8715432522315, "episode": 16.0, "batch_reward": 0.2313358079791069, "critic_loss": 0.5203825679421424, "actor_loss": -10.733587150573731, "alpha_loss": 0.7603615050315857, "alpha_value": 0.07935921400785446, "duration": 80.17575573921204, "step": 4000}
{"episode_reward": 70.63255978422642, "episode": 17.0, "batch_reward": 0.23568155604600907, "critic_loss": 0.4838123931288719, "actor_loss": -11.219694999694823, "alpha_loss": 0.7442730584144592, "alpha_value": 0.0784588189125061, "duration": 76.74740648269653, "step": 4250}
{"episode_reward": 64.93695115200688, "episode": 18.0, "batch_reward": 0.23192861652374266, "critic_loss": 0.5153227669596672, "actor_loss": -11.588534255981445, "alpha_loss": 0.7304655332565307, "alpha_value": 0.07757681518793107, "duration": 76.42702174186707, "step": 4500}
{"episode_reward": 55.03700145324992, "episode": 19.0, "batch_reward": 0.23341862553358078, "critic_loss": 0.5567718580961227, "actor_loss": -12.078687469482421, "alpha_loss": 0.7237566485404968, "alpha_value": 0.07670616239309311, "duration": 75.82941460609436, "step": 4750}
{"episode_reward": 62.83319758408171, "episode": 20.0, "batch_reward": 0.2364509803056717, "critic_loss": 0.43048486024141314, "actor_loss": -12.545674751281739, "alpha_loss": 0.7101653003692627, "alpha_value": 0.07584583497047424, "duration": 75.8589928150177, "step": 5000}
{"episode_reward": 58.25262111619867, "episode": 21.0, "batch_reward": 0.2345904312133789, "critic_loss": 0.44654677784442903, "actor_loss": -12.952067344665528, "alpha_loss": 0.6957289834022522, "alpha_value": 0.07500279551744461, "duration": 76.70713543891907, "step": 5250}
{"episode_reward": 56.06648803169136, "episode": 22.0, "batch_reward": 0.2393144676089287, "critic_loss": 0.6269988801479339, "actor_loss": -13.435743896484375, "alpha_loss": 0.681713668346405, "alpha_value": 0.0741722885966301, "duration": 78.64185190200806, "step": 5500}
{"episode_reward": 124.31572138348211, "episode": 23.0, "batch_reward": 0.24462855058908461, "critic_loss": 0.7857629126310348, "actor_loss": -13.836903747558594, "alpha_loss": 0.6760372266769409, "alpha_value": 0.07335355168581009, "duration": 76.36464524269104, "step": 5750}
{"episode_reward": 71.29335724718014, "episode": 24.0, "batch_reward": 0.24395632469654083, "critic_loss": 0.5564890885949135, "actor_loss": -14.247481170654297, "alpha_loss": 0.6526864428520203, "alpha_value": 0.0725492672920227, "duration": 75.94978785514832, "step": 6000}
{"episode_reward": 45.36529184520202, "episode": 25.0, "batch_reward": 0.25253311651945115, "critic_loss": 0.6967569801807404, "actor_loss": -14.712986251831055, "alpha_loss": 0.6388358926773071, "alpha_value": 0.07176492023468017, "duration": 77.55618333816528, "step": 6250}
{"episode_reward": 158.87320999526366, "episode": 26.0, "batch_reward": 0.264204288482666, "critic_loss": 0.7769747676849366, "actor_loss": -15.205848655700684, "alpha_loss": 0.6276696710586548, "alpha_value": 0.07099141013622284, "duration": 76.51916575431824, "step": 6500}
{"episode_reward": 102.3236811342916, "episode": 27.0, "batch_reward": 0.26592550575733187, "critic_loss": 0.8665489926338196, "actor_loss": -15.653836669921875, "alpha_loss": 0.6138380622863769, "alpha_value": 0.07022867649793625, "duration": 75.59005331993103, "step": 6750}
{"episode_reward": 64.26093017408515, "episode": 28.0, "batch_reward": 0.2661937912106514, "critic_loss": 0.9988295822143555, "actor_loss": -16.01495258331299, "alpha_loss": 0.6023085346221924, "alpha_value": 0.06947916728258133, "duration": 75.78454422950745, "step": 7000}
{"episode_reward": 73.97356314700946, "episode": 29.0, "batch_reward": 0.26921875220537184, "critic_loss": 0.9421531920433044, "actor_loss": -16.439370780944824, "alpha_loss": 0.5885756921768188, "alpha_value": 0.06873926746845245, "duration": 75.9536657333374, "step": 7250}
{"episode_reward": 76.81545711934896, "episode": 30.0, "batch_reward": 0.2689254313111305, "critic_loss": 0.9414026753902436, "actor_loss": -16.88863766479492, "alpha_loss": 0.5830841336250305, "alpha_value": 0.06800705534219742, "duration": 77.49865007400513, "step": 7500}
{"episode_reward": 63.26983045725335, "episode": 31.0, "batch_reward": 0.26843849396705627, "critic_loss": 0.9480464757680893, "actor_loss": -17.260457092285158, "alpha_loss": 0.5804787511825562, "alpha_value": 0.06727759611606599, "duration": 76.55573844909668, "step": 7750}
{"episode_reward": 50.16836595730544, "episode": 32.0, "batch_reward": 0.27616323632001877, "critic_loss": 1.1611329647302628, "actor_loss": -17.683386947631835, "alpha_loss": 0.5694943895339966, "alpha_value": 0.06654649084806442, "duration": 75.9338026046753, "step": 8000}
{"episode_reward": 196.92904563079338, "episode": 33.0, "batch_reward": 0.2864423251748085, "critic_loss": 1.2781125900745391, "actor_loss": -18.179845916748047, "alpha_loss": 0.5523441157341004, "alpha_value": 0.06583522242307663, "duration": 75.65612030029297, "step": 8250}
{"episode_reward": 115.16732979972282, "episode": 34.0, "batch_reward": 0.2905246870517731, "critic_loss": 1.2689742698669433, "actor_loss": -18.638165405273437, "alpha_loss": 0.545392050743103, "alpha_value": 0.06513396155834197, "duration": 78.42639136314392, "step": 8500}
{"episode_reward": 94.13500903151603, "episode": 35.0, "batch_reward": 0.29851305478811263, "critic_loss": 1.3724708137512207, "actor_loss": -19.086514419555662, "alpha_loss": 0.529282461643219, "alpha_value": 0.06444325506687164, "duration": 76.94118404388428, "step": 8750}
{"episode_reward": 131.6675805578128, "episode": 36.0, "batch_reward": 0.30439821535348893, "critic_loss": 1.6188599741458893, "actor_loss": -19.482710220336916, "alpha_loss": 0.5205823228359222, "alpha_value": 0.06376506668329239, "duration": 77.87990927696228, "step": 9000}
{"episode_reward": 186.87078559152835, "episode": 37.0, "batch_reward": 0.31294034397602083, "critic_loss": 1.667388976573944, "actor_loss": -20.053684600830078, "alpha_loss": 0.5077225883007049, "alpha_value": 0.06309331727027893, "duration": 76.70303511619568, "step": 9250}
{"episode_reward": 163.15474601114585, "episode": 38.0, "batch_reward": 0.3210049306154251, "critic_loss": 1.7852258286476135, "actor_loss": -20.445368240356444, "alpha_loss": 0.5012885320186615, "alpha_value": 0.06243349245190621, "duration": 76.60568475723267, "step": 9500}
{"episode_reward": 132.49421365115282, "episode": 39.0, "batch_reward": 0.324962216258049, "critic_loss": 2.02340796995163, "actor_loss": -20.885291000366212, "alpha_loss": 0.4802892918586731, "alpha_value": 0.06178284150362015, "duration": 77.2725727558136, "step": 9750}
{"episode_reward": 122.63581157795015, "episode": 40.0, "batch_reward": 0.33369629818201063, "critic_loss": 2.3513590536117555, "actor_loss": -21.429548233032225, "alpha_loss": 0.45621165680885317, "alpha_value": 0.06115689566731453, "duration": 77.84215474128723, "step": 10000}
{"episode_reward": 178.1316214057301, "episode": 41.0, "batch_reward": 0.34106222730875013, "critic_loss": 2.440196854352951, "actor_loss": -21.91116226196289, "alpha_loss": 0.4400905854701996, "alpha_value": 0.06054998582601547, "duration": 99.02579116821289, "step": 10250}
{"episode_reward": 81.28734237618143, "episode": 42.0, "batch_reward": 0.33946522176265714, "critic_loss": 2.4201545805931093, "actor_loss": -22.387606582641602, "alpha_loss": 0.43586483788490293, "alpha_value": 0.05995004695653915, "duration": 77.40456056594849, "step": 10500}
{"episode_reward": 160.60687592202933, "episode": 43.0, "batch_reward": 0.3481443908810615, "critic_loss": 2.459170441150665, "actor_loss": -22.8519821472168, "alpha_loss": 0.4228529307842255, "alpha_value": 0.059352556109428405, "duration": 75.19230484962463, "step": 10750}
{"episode_reward": 154.56232907251942, "episode": 44.0, "batch_reward": 0.35402863252162936, "critic_loss": 2.672431846380234, "actor_loss": -23.418246185302735, "alpha_loss": 0.4071598980426788, "alpha_value": 0.0587702374458313, "duration": 75.67935466766357, "step": 11000}
{"episode_reward": 223.09471590613452, "episode": 45.0, "batch_reward": 0.37040655958652496, "critic_loss": 3.059755588054657, "actor_loss": -23.897882110595702, "alpha_loss": 0.3978309381008148, "alpha_value": 0.05819647949934006, "duration": 78.29946708679199, "step": 11250}
{"episode_reward": 176.13963023117032, "episode": 46.0, "batch_reward": 0.376607669711113, "critic_loss": 3.119157871723175, "actor_loss": -24.4675577545166, "alpha_loss": 0.3821786127090454, "alpha_value": 0.05763223850727081, "duration": 76.4914243221283, "step": 11500}
{"episode_reward": 222.66225984734666, "episode": 47.0, "batch_reward": 0.3830685285329819, "critic_loss": 3.681866443157196, "actor_loss": -25.02012451171875, "alpha_loss": 0.3632467064857483, "alpha_value": 0.057085366725921634, "duration": 76.08037996292114, "step": 11750}
{"episode_reward": 238.31058765650445, "episode": 48.0, "batch_reward": 0.3933952752351761, "critic_loss": 3.6795837955474853, "actor_loss": -25.610830581665038, "alpha_loss": 0.3319993169307709, "alpha_value": 0.056561998277902606, "duration": 75.0427930355072, "step": 12000}
{"episode_reward": 149.71981309532552, "episode": 49.0, "batch_reward": 0.39885745227336883, "critic_loss": 3.7531526308059693, "actor_loss": -26.11007907104492, "alpha_loss": 0.31679414463043215, "alpha_value": 0.056068997621536255, "duration": 80.23634362220764, "step": 12250}
{"episode_reward": 219.72620067823667, "episode": 50.0, "batch_reward": 0.41550413870811465, "critic_loss": 3.9785678400993345, "actor_loss": -26.71603567504883, "alpha_loss": 0.3124067089557648, "alpha_value": 0.05557966327667236, "duration": 85.96225500106812, "step": 12500}
{"episode_reward": 256.79470878621754, "episode": 51.0, "batch_reward": 0.42718824577331543, "critic_loss": 4.0855005826950075, "actor_loss": -27.45639164733887, "alpha_loss": 0.2992626235485077, "alpha_value": 0.05508756703138352, "duration": 88.33627581596375, "step": 12750}
{"episode_reward": 233.4782027096556, "episode": 52.0, "batch_reward": 0.43385394394397736, "critic_loss": 4.1117958097457885, "actor_loss": -28.023107666015626, "alpha_loss": 0.2899397015571594, "alpha_value": 0.054608114212751385, "duration": 87.59746980667114, "step": 13000}
{"episode_reward": 194.0139267189547, "episode": 53.0, "batch_reward": 0.43701368308067323, "critic_loss": 4.345921789169312, "actor_loss": -28.432166275024414, "alpha_loss": 0.2664182729721069, "alpha_value": 0.05413597470521927, "duration": 89.78648138046265, "step": 13250}
{"episode_reward": 241.30649853625667, "episode": 54.0, "batch_reward": 0.46005607533454895, "critic_loss": 4.386767643928528, "actor_loss": -29.019504058837892, "alpha_loss": 0.27016818726062775, "alpha_value": 0.05368109387159348, "duration": 87.71893811225891, "step": 13500}
{"episode_reward": 262.86703675208463, "episode": 55.0, "batch_reward": 0.46564144361019133, "critic_loss": 4.526854429244995, "actor_loss": -29.850522094726564, "alpha_loss": 0.24165351104736327, "alpha_value": 0.053227249383926395, "duration": 88.52260899543762, "step": 13750}
{"episode_reward": 239.62520054362062, "episode": 56.0, "batch_reward": 0.47170625627040863, "critic_loss": 4.6471334686279295, "actor_loss": -30.608966552734376, "alpha_loss": 0.23640410745143892, "alpha_value": 0.052799841433763504, "duration": 88.73543334007263, "step": 14000}
{"episode_reward": 252.34028120646857, "episode": 57.0, "batch_reward": 0.4882085620164871, "critic_loss": 4.702114879608154, "actor_loss": -31.314085800170897, "alpha_loss": 0.23082981193065644, "alpha_value": 0.052360352605581285, "duration": 88.70963907241821, "step": 14250}
{"episode_reward": 212.24518752064105, "episode": 58.0, "batch_reward": 0.4858681751489639, "critic_loss": 4.973668263435364, "actor_loss": -31.923113571166994, "alpha_loss": 0.20955217909812926, "alpha_value": 0.05194245678186417, "duration": 88.1190140247345, "step": 14500}
{"episode_reward": 230.36750575839952, "episode": 59.0, "batch_reward": 0.4983115878105164, "critic_loss": 5.1331535224914555, "actor_loss": -32.67066069030762, "alpha_loss": 0.21109995293617248, "alpha_value": 0.05153279566764832, "duration": 91.05222177505493, "step": 14750}
{"episode_reward": 230.70167354691785, "episode": 60.0, "batch_reward": 0.507130686044693, "critic_loss": 5.161538365364074, "actor_loss": -33.39234664916992, "alpha_loss": 0.21232078969478607, "alpha_value": 0.051103984385728836, "duration": 90.3425498008728, "step": 15000}
{"episode_reward": 290.1479570677902, "episode": 61.0, "batch_reward": 0.5056447740793228, "critic_loss": 5.178429470062256, "actor_loss": -34.0620901184082, "alpha_loss": 0.19979217779636382, "alpha_value": 0.05067478159070015, "duration": 88.15775084495544, "step": 15250}
{"episode_reward": 258.79019314993684, "episode": 62.0, "batch_reward": 0.525395241856575, "critic_loss": 5.155334854125977, "actor_loss": -34.814995666503904, "alpha_loss": 0.18128741598129272, "alpha_value": 0.05027082461118698, "duration": 89.1659803390503, "step": 15500}
{"episode_reward": 276.32445611050855, "episode": 63.0, "batch_reward": 0.5394471800327301, "critic_loss": 5.169915429115296, "actor_loss": -35.585898529052734, "alpha_loss": 0.17965617084503174, "alpha_value": 0.04987475946545601, "duration": 90.6741840839386, "step": 15750}
{"episode_reward": 337.9946340481104, "episode": 64.0, "batch_reward": 0.5455357569456101, "critic_loss": 5.307943933486938, "actor_loss": -36.19038116455078, "alpha_loss": 0.17027110207080842, "alpha_value": 0.04948061594367027, "duration": 87.84890246391296, "step": 16000}
{"episode_reward": 281.54625638719136, "episode": 65.0, "batch_reward": 0.5556429973840713, "critic_loss": 5.110092705726624, "actor_loss": -37.06913174438476, "alpha_loss": 0.17119926869869231, "alpha_value": 0.049083705127239224, "duration": 87.61311054229736, "step": 16250}
{"episode_reward": 302.86871462570537, "episode": 66.0, "batch_reward": 0.5682123334407806, "critic_loss": 5.36600144481659, "actor_loss": -37.9739387512207, "alpha_loss": 0.15858921003341675, "alpha_value": 0.04868900391459465, "duration": 87.91522765159607, "step": 16500}
{"episode_reward": 214.74586800540874, "episode": 67.0, "batch_reward": 0.5610773885250091, "critic_loss": 5.790318663597107, "actor_loss": -38.63497518920899, "alpha_loss": 0.15185960733890533, "alpha_value": 0.0483083159327507, "duration": 87.48443865776062, "step": 16750}
{"episode_reward": 309.5945702780786, "episode": 68.0, "batch_reward": 0.5797577992677688, "critic_loss": 5.504043778419494, "actor_loss": -39.38700216674805, "alpha_loss": 0.1504231211543083, "alpha_value": 0.04792607370018959, "duration": 88.85871529579163, "step": 17000}
{"episode_reward": 256.12490654460515, "episode": 69.0, "batch_reward": 0.5884215347766876, "critic_loss": 5.943747644424438, "actor_loss": -40.14270132446289, "alpha_loss": 0.1400012679696083, "alpha_value": 0.04754552176594734, "duration": 87.31088471412659, "step": 17250}
{"episode_reward": 213.2449909320431, "episode": 70.0, "batch_reward": 0.5867604578733444, "critic_loss": 5.747976684570313, "actor_loss": -40.931687927246095, "alpha_loss": 0.13698936980962753, "alpha_value": 0.04717166778445244, "duration": 87.43617987632751, "step": 17500}
{"episode_reward": 291.6631663657453, "episode": 71.0, "batch_reward": 0.5916913875341415, "critic_loss": 5.663721194267273, "actor_loss": -41.733050689697265, "alpha_loss": 0.12947688418626785, "alpha_value": 0.046806231588125226, "duration": 88.57574820518494, "step": 17750}
{"episode_reward": 317.42910163124515, "episode": 72.0, "batch_reward": 0.6087350255250931, "critic_loss": 5.7699983110427855, "actor_loss": -42.51867266845703, "alpha_loss": 0.11925573951005936, "alpha_value": 0.04645301017165184, "duration": 89.70023036003113, "step": 18000}
{"episode_reward": 249.1168466388045, "episode": 73.0, "batch_reward": 0.6159203444719314, "critic_loss": 5.777466281890869, "actor_loss": -43.14039526367188, "alpha_loss": 0.12104396504163742, "alpha_value": 0.046095991224050524, "duration": 89.97001957893372, "step": 18250}
{"episode_reward": 350.6373787544786, "episode": 74.0, "batch_reward": 0.6241075967550278, "critic_loss": 5.6279364633560185, "actor_loss": -43.98222592163086, "alpha_loss": 0.10791359847784042, "alpha_value": 0.0457513023018837, "duration": 87.21832227706909, "step": 18500}
{"episode_reward": 250.88487654568075, "episode": 75.0, "batch_reward": 0.6311541649103165, "critic_loss": 5.819447124481202, "actor_loss": -44.725267028808595, "alpha_loss": 0.10733109012246132, "alpha_value": 0.04541181486845017, "duration": 87.5877730846405, "step": 18750}
{"episode_reward": 331.9087548724755, "episode": 76.0, "batch_reward": 0.6372437006235123, "critic_loss": 5.824203220367432, "actor_loss": -45.53257238769531, "alpha_loss": 0.09839674720168114, "alpha_value": 0.04508304116129875, "duration": 87.7963240146637, "step": 19000}
{"episode_reward": 282.9737191381872, "episode": 77.0, "batch_reward": 0.6414074470996857, "critic_loss": 5.81563843536377, "actor_loss": -46.40477865600586, "alpha_loss": 0.09194171133637428, "alpha_value": 0.044767343431711196, "duration": 87.84441351890564, "step": 19250}
{"episode_reward": 287.3174068973129, "episode": 78.0, "batch_reward": 0.6600393805503845, "critic_loss": 5.666132271766663, "actor_loss": -47.12542098999023, "alpha_loss": 0.08980482575297356, "alpha_value": 0.04444770789146423, "duration": 87.7540032863617, "step": 19500}
{"episode_reward": 334.1338891720186, "episode": 79.0, "batch_reward": 0.6594396867752075, "critic_loss": 5.8752705764770505, "actor_loss": -47.972971435546874, "alpha_loss": 0.08332287234067917, "alpha_value": 0.044140267699956895, "duration": 91.1024260520935, "step": 19750}
{"episode_reward": 328.5161149610723, "episode": 80.0, "batch_reward": 0.6711400924921036, "critic_loss": 6.076233568191529, "actor_loss": -48.75923440551758, "alpha_loss": 0.07884188538789749, "alpha_value": 0.04383315292000771, "duration": 87.70457005500793, "step": 20000}
{"episode_reward": 360.416683864134, "episode": 81.0, "batch_reward": 0.6777006826400757, "critic_loss": 5.8591652631759645, "actor_loss": -49.613123992919924, "alpha_loss": 0.0805527744293213, "alpha_value": 0.04352424278855324, "duration": 108.66859126091003, "step": 20250}
{"episode_reward": 272.17130824228434, "episode": 82.0, "batch_reward": 0.6787925252914428, "critic_loss": 5.8404826774597165, "actor_loss": -50.374370819091794, "alpha_loss": 0.08101552107930184, "alpha_value": 0.04320461481809616, "duration": 89.91038298606873, "step": 20500}
{"episode_reward": 353.03382670130395, "episode": 83.0, "batch_reward": 0.6933813819885254, "critic_loss": 5.710859903335571, "actor_loss": -51.2934990234375, "alpha_loss": 0.069576720058918, "alpha_value": 0.042896513372659685, "duration": 90.45372438430786, "step": 20750}
{"episode_reward": 364.5494502294761, "episode": 84.0, "batch_reward": 0.6966638375520706, "critic_loss": 5.84574143409729, "actor_loss": -52.125045989990234, "alpha_loss": 0.06798889636993408, "alpha_value": 0.04259656348824501, "duration": 90.0018162727356, "step": 21000}
{"episode_reward": 303.24073145540996, "episode": 85.0, "batch_reward": 0.7136810336112976, "critic_loss": 5.967520730018616, "actor_loss": -52.867598114013674, "alpha_loss": 0.06763571263849735, "alpha_value": 0.04230344158411026, "duration": 88.75195717811584, "step": 21250}
{"episode_reward": 313.8038815232149, "episode": 86.0, "batch_reward": 0.7117938413619995, "critic_loss": 5.887263143539429, "actor_loss": -53.598927856445314, "alpha_loss": 0.06101132060587406, "alpha_value": 0.04200794130563736, "duration": 90.2443356513977, "step": 21500}
{"episode_reward": 275.15428688451925, "episode": 87.0, "batch_reward": 0.7135770188570023, "critic_loss": 5.856518231391907, "actor_loss": -54.48407925415039, "alpha_loss": 0.05819833237677813, "alpha_value": 0.041721216887235645, "duration": 86.82746982574463, "step": 21750}
{"episode_reward": 370.1145439400379, "episode": 88.0, "batch_reward": 0.7240877003669739, "critic_loss": 5.910777362823486, "actor_loss": -55.21398910522461, "alpha_loss": 0.056578469954431054, "alpha_value": 0.04144333049654961, "duration": 88.6949074268341, "step": 22000}
{"episode_reward": 324.75144370249217, "episode": 89.0, "batch_reward": 0.7344789066314698, "critic_loss": 6.0866837940216065, "actor_loss": -55.9335671081543, "alpha_loss": 0.05957641322910786, "alpha_value": 0.04115470090508461, "duration": 88.07147431373596, "step": 22250}
{"episode_reward": 365.64920821136, "episode": 90.0, "batch_reward": 0.7386032843589783, "critic_loss": 5.9002700061798095, "actor_loss": -56.705042236328126, "alpha_loss": 0.05811599431931973, "alpha_value": 0.040835686892271045, "duration": 91.24190402030945, "step": 22500}
{"episode_reward": 241.95560387383017, "episode": 91.0, "batch_reward": 0.741171112537384, "critic_loss": 6.152768013000489, "actor_loss": -57.24371197509765, "alpha_loss": 0.05717145043611527, "alpha_value": 0.04052940326929092, "duration": 90.54335856437683, "step": 22750}
{"episode_reward": 328.2937132554102, "episode": 92.0, "batch_reward": 0.7530953860282898, "critic_loss": 6.084936874389649, "actor_loss": -58.04886373901367, "alpha_loss": 0.0562293035313487, "alpha_value": 0.04020146217942238, "duration": 88.16921138763428, "step": 23000}
{"episode_reward": 379.26826943045836, "episode": 93.0, "batch_reward": 0.7503584580421447, "critic_loss": 6.403176029205322, "actor_loss": -58.81991567993164, "alpha_loss": 0.04537377440556884, "alpha_value": 0.03992120552062988, "duration": 87.31482458114624, "step": 23250}
{"episode_reward": 326.4296144655062, "episode": 94.0, "batch_reward": 0.7575807237625122, "critic_loss": 6.312759383201599, "actor_loss": -59.55718020629883, "alpha_loss": 0.038795468010008334, "alpha_value": 0.039668851047754285, "duration": 89.16903710365295, "step": 23500}
{"episode_reward": 325.8003896297771, "episode": 95.0, "batch_reward": 0.7698018746376037, "critic_loss": 6.228276527404785, "actor_loss": -60.33128182983398, "alpha_loss": 0.03853300329111516, "alpha_value": 0.03943251663446427, "duration": 90.80400156974792, "step": 23750}
{"episode_reward": 319.3985621870919, "episode": 96.0, "batch_reward": 0.771582436800003, "critic_loss": 6.423526878356934, "actor_loss": -60.99234036254883, "alpha_loss": 0.034953190062195064, "alpha_value": 0.03920017683506012, "duration": 91.13952469825745, "step": 24000}
{"episode_reward": 340.1313369330244, "episode": 97.0, "batch_reward": 0.7857954216003418, "critic_loss": 6.490310787200928, "actor_loss": -61.93534280395508, "alpha_loss": 0.035498092114925384, "alpha_value": 0.03896030256152153, "duration": 89.77629446983337, "step": 24250}
{"episode_reward": 336.7362138625273, "episode": 98.0, "batch_reward": 0.7876145088672638, "critic_loss": 6.583896745681763, "actor_loss": -62.68826202392578, "alpha_loss": 0.03132141303643584, "alpha_value": 0.03873161569237709, "duration": 87.69653844833374, "step": 24500}
{"episode_reward": 411.73602808893804, "episode": 99.0, "batch_reward": 0.801691130399704, "critic_loss": 6.458232618331909, "actor_loss": -63.38457696533203, "alpha_loss": 0.03488235449884087, "alpha_value": 0.038497854709625245, "duration": 90.67219161987305, "step": 24750}
{"episode_reward": 365.2875545152426, "episode": 100.0, "batch_reward": 0.8012855393886567, "critic_loss": 6.671918630599976, "actor_loss": -64.04983456420898, "alpha_loss": 0.031450235482305286, "alpha_value": 0.03824087256193161, "duration": 87.69235467910767, "step": 25000}
{"episode_reward": 309.2584788399282, "episode": 101.0, "batch_reward": 0.811594120979309, "critic_loss": 6.76677698135376, "actor_loss": -64.85309335327149, "alpha_loss": 0.024716106873005628, "alpha_value": 0.03803160127997399, "duration": 88.87380385398865, "step": 25250}
{"episode_reward": 357.03725415371827, "episode": 102.0, "batch_reward": 0.8131162612438202, "critic_loss": 6.502101902961731, "actor_loss": -65.70463916015625, "alpha_loss": 0.026263198427855967, "alpha_value": 0.03783329176902771, "duration": 87.68589305877686, "step": 25500}
{"episode_reward": 385.7606004333225, "episode": 103.0, "batch_reward": 0.816568166255951, "critic_loss": 6.461700328826904, "actor_loss": -66.3725230102539, "alpha_loss": 0.030687412571161986, "alpha_value": 0.03757558256387711, "duration": 89.44041848182678, "step": 25750}
{"episode_reward": 382.80754147363234, "episode": 104.0, "batch_reward": 0.8267816438674926, "critic_loss": 6.6279408693313595, "actor_loss": -67.1412935180664, "alpha_loss": 0.02445028632041067, "alpha_value": 0.037331112414598466, "duration": 88.31549572944641, "step": 26000}
{"episode_reward": 397.44896107549147, "episode": 105.0, "batch_reward": 0.8303382222652436, "critic_loss": 6.5970314626693725, "actor_loss": -67.82454919433594, "alpha_loss": 0.020762366261333227, "alpha_value": 0.03712969693541527, "duration": 91.23003697395325, "step": 26250}
{"episode_reward": 378.8356991817705, "episode": 106.0, "batch_reward": 0.8540978226661682, "critic_loss": 6.649284076690674, "actor_loss": -68.80788116455078, "alpha_loss": 0.015023022716864943, "alpha_value": 0.03698177900910377, "duration": 88.04335260391235, "step": 26500}
{"episode_reward": 475.26720749169766, "episode": 107.0, "batch_reward": 0.8484781563282013, "critic_loss": 6.813103200912476, "actor_loss": -69.48246899414063, "alpha_loss": 0.010713509554043411, "alpha_value": 0.03684622624516487, "duration": 88.5443799495697, "step": 26750}
{"episode_reward": 415.7966806301984, "episode": 108.0, "batch_reward": 0.8643716502189637, "critic_loss": 6.819723478317261, "actor_loss": -70.24100518798828, "alpha_loss": 0.015812393758445977, "alpha_value": 0.036697031646966936, "duration": 87.87161922454834, "step": 27000}
{"episode_reward": 396.8266811264228, "episode": 109.0, "batch_reward": 0.8661784911155701, "critic_loss": 6.9062699165344235, "actor_loss": -70.77496643066407, "alpha_loss": 0.019787186749279498, "alpha_value": 0.03650721937417984, "duration": 91.4093873500824, "step": 27250}
{"episode_reward": 312.3066277865332, "episode": 110.0, "batch_reward": 0.8710844118595124, "critic_loss": 7.082383600234985, "actor_loss": -71.62619866943359, "alpha_loss": 0.011905374010093511, "alpha_value": 0.03632123717665672, "duration": 90.23368835449219, "step": 27500}
{"episode_reward": 381.67941770613123, "episode": 111.0, "batch_reward": 0.8672028679847718, "critic_loss": 6.900777797698975, "actor_loss": -72.25333892822266, "alpha_loss": 0.01091359619796276, "alpha_value": 0.03619054409861565, "duration": 89.00063681602478, "step": 27750}
{"episode_reward": 376.93395825096235, "episode": 112.0, "batch_reward": 0.8930438787937164, "critic_loss": 6.8144853439331055, "actor_loss": -73.13136486816406, "alpha_loss": 0.001531993666663766, "alpha_value": 0.036121630370616914, "duration": 88.66082286834717, "step": 28000}
{"episode_reward": 352.76584166138434, "episode": 113.0, "batch_reward": 0.8909844782352447, "critic_loss": 6.881006149291992, "actor_loss": -73.88260089111328, "alpha_loss": -0.001234086986631155, "alpha_value": 0.03610986593365669, "duration": 87.59806990623474, "step": 28250}
{"episode_reward": 412.7594903996089, "episode": 114.0, "batch_reward": 0.8966915354728698, "critic_loss": 7.087299129486084, "actor_loss": -74.55729699707031, "alpha_loss": 0.0003041333742439747, "alpha_value": 0.03611844417452812, "duration": 88.50334143638611, "step": 28500}
{"episode_reward": 458.7925486647651, "episode": 115.0, "batch_reward": 0.9070868227481842, "critic_loss": 7.260203880310058, "actor_loss": -75.19355548095703, "alpha_loss": 0.003055264092050493, "alpha_value": 0.036118086755275725, "duration": 88.60906481742859, "step": 28750}
{"episode_reward": 388.73247678630673, "episode": 116.0, "batch_reward": 0.9003245744705201, "critic_loss": 7.07261803817749, "actor_loss": -76.05906311035156, "alpha_loss": 0.00097786832600832, "alpha_value": 0.03606735697388649, "duration": 89.52482271194458, "step": 29000}
{"episode_reward": 313.4929522873634, "episode": 117.0, "batch_reward": 0.9065938906669617, "critic_loss": 7.656920959472656, "actor_loss": -76.7681607055664, "alpha_loss": -0.0034967214837670325, "alpha_value": 0.0360778851211071, "duration": 88.34013056755066, "step": 29250}
{"episode_reward": 417.23706997318294, "episode": 118.0, "batch_reward": 0.9219898848533631, "critic_loss": 7.582341945648193, "actor_loss": -77.58263134765625, "alpha_loss": -0.012434592640958727, "alpha_value": 0.036228079468011855, "duration": 88.18504309654236, "step": 29500}
{"episode_reward": 361.4217140736193, "episode": 119.0, "batch_reward": 0.9151547927856445, "critic_loss": 7.3212896871566775, "actor_loss": -78.05966619873047, "alpha_loss": -0.0027766252355650068, "alpha_value": 0.03636083006858826, "duration": 87.47598481178284, "step": 29750}
{"episode_reward": 298.92736917073034, "episode": 120.0, "batch_reward": 0.9193192455768585, "critic_loss": 7.670475667953491, "actor_loss": -78.77144128417969, "alpha_loss": -0.005801496318541467, "alpha_value": 0.03640776428580284, "duration": 88.1812071800232, "step": 30000}
{"episode_reward": 335.52267703637574, "episode": 121.0, "batch_reward": 0.9239227206707, "critic_loss": 7.5735760593414305, "actor_loss": -79.5285972290039, "alpha_loss": -0.00463049059920013, "alpha_value": 0.03652597850561142, "duration": 106.88651752471924, "step": 30250}
{"episode_reward": 338.6985624591923, "episode": 122.0, "batch_reward": 0.9237999949455261, "critic_loss": 7.683653015136719, "actor_loss": -80.27210028076172, "alpha_loss": -0.0065782807255163785, "alpha_value": 0.036629550248384476, "duration": 87.53572463989258, "step": 30500}
{"episode_reward": 319.4351408860355, "episode": 123.0, "batch_reward": 0.9279874305725098, "critic_loss": 7.223909845352173, "actor_loss": -80.92802606201172, "alpha_loss": -0.007029245907440781, "alpha_value": 0.03676163801550865, "duration": 89.92742490768433, "step": 30750}
{"episode_reward": 442.05254991778145, "episode": 124.0, "batch_reward": 0.9472414393424988, "critic_loss": 7.084723279953003, "actor_loss": -81.68315911865234, "alpha_loss": -0.003592273445799947, "alpha_value": 0.03688381019234657, "duration": 88.78241062164307, "step": 31000}
{"episode_reward": 333.79440339912946, "episode": 125.0, "batch_reward": 0.9394781491756439, "critic_loss": 7.343450727462769, "actor_loss": -82.23849145507812, "alpha_loss": -0.008861389984376728, "alpha_value": 0.036992264062166214, "duration": 88.23872232437134, "step": 31250}
{"episode_reward": 398.56683227114587, "episode": 126.0, "batch_reward": 0.9556360309123992, "critic_loss": 7.214551668167115, "actor_loss": -83.08290521240234, "alpha_loss": -0.011179184960201382, "alpha_value": 0.037234010726213455, "duration": 91.37233209609985, "step": 31500}
{"episode_reward": 372.3519153620254, "episode": 127.0, "batch_reward": 0.9585180625915527, "critic_loss": 7.120576860427857, "actor_loss": -83.75162005615235, "alpha_loss": -0.00913311946298927, "alpha_value": 0.03741121193766594, "duration": 90.25832843780518, "step": 31750}
{"episode_reward": 400.1311823405608, "episode": 128.0, "batch_reward": 0.9510806438922882, "critic_loss": 7.260944927215577, "actor_loss": -84.43145031738281, "alpha_loss": -0.00879144755192101, "alpha_value": 0.03765981835126877, "duration": 87.6012670993805, "step": 32000}
{"episode_reward": 370.7485426539744, "episode": 129.0, "batch_reward": 0.9575246975421906, "critic_loss": 7.543769342422485, "actor_loss": -85.01611767578125, "alpha_loss": -0.007955130526795983, "alpha_value": 0.03780519586801529, "duration": 87.72448825836182, "step": 32250}
{"episode_reward": 434.31254389264353, "episode": 130.0, "batch_reward": 0.9625471403598785, "critic_loss": 7.786917224884033, "actor_loss": -85.59193518066407, "alpha_loss": -0.0042670120205730196, "alpha_value": 0.03793929556012154, "duration": 87.73569250106812, "step": 32500}
{"episode_reward": 365.5664251268013, "episode": 131.0, "batch_reward": 0.9622969677448273, "critic_loss": 7.746721786499023, "actor_loss": -86.24299768066406, "alpha_loss": -0.005104144156910479, "alpha_value": 0.03807406598329544, "duration": 90.15330100059509, "step": 32750}
{"episode_reward": 472.92118944242554, "episode": 132.0, "batch_reward": 0.9729941353797913, "critic_loss": 7.483504514694214, "actor_loss": -86.96354193115235, "alpha_loss": -0.004300562514923513, "alpha_value": 0.0381971283853054, "duration": 89.77195525169373, "step": 33000}
{"episode_reward": 457.0154481208067, "episode": 133.0, "batch_reward": 0.9876316676139831, "critic_loss": 7.488997434616089, "actor_loss": -87.61881848144532, "alpha_loss": -0.00022797258570790292, "alpha_value": 0.0381961339712143, "duration": 88.77995347976685, "step": 33250}
{"episode_reward": 419.7705871328444, "episode": 134.0, "batch_reward": 0.9844883325099945, "critic_loss": 7.400865476608276, "actor_loss": -88.34562591552735, "alpha_loss": -0.0006016331817954778, "alpha_value": 0.038288402438163754, "duration": 90.20390486717224, "step": 33500}
{"episode_reward": 393.66516372346433, "episode": 135.0, "batch_reward": 0.9865716586112976, "critic_loss": 7.599453168869019, "actor_loss": -88.9924808959961, "alpha_loss": -0.0027111217183992268, "alpha_value": 0.03826503100991249, "duration": 91.78463220596313, "step": 33750}
{"episode_reward": 411.5788452075304, "episode": 136.0, "batch_reward": 0.9953568727970123, "critic_loss": 7.519776884078979, "actor_loss": -89.56889984130859, "alpha_loss": -0.008981088884174824, "alpha_value": 0.03843356621265411, "duration": 90.54186272621155, "step": 34000}
{"episode_reward": 460.79335134363816, "episode": 137.0, "batch_reward": 1.0072472965717316, "critic_loss": 7.703226552963256, "actor_loss": -90.23872796630859, "alpha_loss": -0.008992500945925713, "alpha_value": 0.038661859303712846, "duration": 87.88510704040527, "step": 34250}
{"episode_reward": 410.30208526296997, "episode": 138.0, "batch_reward": 1.0145470671653747, "critic_loss": 7.7205140590667725, "actor_loss": -90.7262362060547, "alpha_loss": -4.223647154867649e-05, "alpha_value": 0.038824766308069227, "duration": 88.76886034011841, "step": 34500}
{"episode_reward": 413.5246384408525, "episode": 139.0, "batch_reward": 1.0184634990692139, "critic_loss": 7.839899478912353, "actor_loss": -91.27657299804687, "alpha_loss": 0.0003772294027730823, "alpha_value": 0.038804346978664396, "duration": 89.27703833580017, "step": 34750}
{"episode_reward": 431.476774538494, "episode": 140.0, "batch_reward": 1.023684314250946, "critic_loss": 8.111823204040528, "actor_loss": -92.05381188964844, "alpha_loss": -0.004962369289249181, "alpha_value": 0.038875442892313004, "duration": 87.64202642440796, "step": 35000}
{"episode_reward": 372.41777529129496, "episode": 141.0, "batch_reward": 1.0225653793811798, "critic_loss": 8.057494436264038, "actor_loss": -92.76019287109375, "alpha_loss": -0.009282893137075006, "alpha_value": 0.03904781198501587, "duration": 87.81488108634949, "step": 35250}
{"episode_reward": 460.56926229105596, "episode": 142.0, "batch_reward": 1.027745983839035, "critic_loss": 8.265922496795655, "actor_loss": -93.32145349121093, "alpha_loss": -0.007293592941947281, "alpha_value": 0.039253786087036134, "duration": 88.14554762840271, "step": 35500}
{"episode_reward": 392.0868410107994, "episode": 143.0, "batch_reward": 1.0326676716804504, "critic_loss": 7.8893808822631835, "actor_loss": -93.89868035888672, "alpha_loss": -0.01198072431795299, "alpha_value": 0.039576686948537824, "duration": 88.71237921714783, "step": 35750}
{"episode_reward": 367.81053908087193, "episode": 144.0, "batch_reward": 1.0371357338428497, "critic_loss": 7.891456518173218, "actor_loss": -94.4250419921875, "alpha_loss": -0.00331821356061846, "alpha_value": 0.039767724692821506, "duration": 89.8798770904541, "step": 36000}
{"episode_reward": 423.4372445696796, "episode": 145.0, "batch_reward": 1.047726455926895, "critic_loss": 7.682216428756714, "actor_loss": -95.10168566894531, "alpha_loss": 0.00014872066397219897, "alpha_value": 0.03979389029741287, "duration": 89.09653544425964, "step": 36250}
{"episode_reward": 483.3371517128913, "episode": 146.0, "batch_reward": 1.0510829632282257, "critic_loss": 7.868875410079956, "actor_loss": -95.79504803466797, "alpha_loss": -0.0067320176530629395, "alpha_value": 0.03992622861266136, "duration": 88.36838674545288, "step": 36500}
{"episode_reward": 418.8943411344831, "episode": 147.0, "batch_reward": 1.0593691565990448, "critic_loss": 7.7856596698760985, "actor_loss": -96.34138342285156, "alpha_loss": -0.010590458555147052, "alpha_value": 0.04012948366999626, "duration": 87.43818306922913, "step": 36750}
{"episode_reward": 510.28195574993873, "episode": 148.0, "batch_reward": 1.0660498661994935, "critic_loss": 7.879136867523194, "actor_loss": -97.01145037841796, "alpha_loss": -0.011489599860273302, "alpha_value": 0.04041417381167412, "duration": 88.05855631828308, "step": 37000}
{"episode_reward": 416.473680325057, "episode": 149.0, "batch_reward": 1.0703870344161988, "critic_loss": 7.685838998794556, "actor_loss": -97.65974743652343, "alpha_loss": -0.0038701517432928084, "alpha_value": 0.04062600719928741, "duration": 89.44780540466309, "step": 37250}
{"episode_reward": 472.90061737040986, "episode": 150.0, "batch_reward": 1.0581236107349397, "critic_loss": 7.996403587341309, "actor_loss": -98.23863745117187, "alpha_loss": -0.0024769617738202216, "alpha_value": 0.04068350848555565, "duration": 89.33629775047302, "step": 37500}
{"episode_reward": 369.127853645433, "episode": 151.0, "batch_reward": 1.06540385389328, "critic_loss": 7.910215282440186, "actor_loss": -98.82512158203124, "alpha_loss": -0.0009715311611071228, "alpha_value": 0.04074676415324211, "duration": 88.40206480026245, "step": 37750}
{"episode_reward": 460.7254687442264, "episode": 152.0, "batch_reward": 1.0693166933059692, "critic_loss": 7.739958780288696, "actor_loss": -99.40019805908203, "alpha_loss": -0.0035213184673339127, "alpha_value": 0.04079521727561951, "duration": 90.17483448982239, "step": 38000}
{"episode_reward": 460.29091019506706, "episode": 153.0, "batch_reward": 1.0902566554546356, "critic_loss": 7.936192621231079, "actor_loss": -100.27260339355469, "alpha_loss": -0.007438757734373212, "alpha_value": 0.040915946304798126, "duration": 88.465172290802, "step": 38250}
{"episode_reward": 448.07509529192623, "episode": 154.0, "batch_reward": 1.077059433221817, "critic_loss": 7.969829530715942, "actor_loss": -100.72130352783203, "alpha_loss": -0.0020277312472462656, "alpha_value": 0.0411047859787941, "duration": 90.36198830604553, "step": 38500}
{"episode_reward": 463.78928161134644, "episode": 155.0, "batch_reward": 1.0928274142742156, "critic_loss": 7.988351600646973, "actor_loss": -101.3895433959961, "alpha_loss": -0.010191387807950378, "alpha_value": 0.04129077070951462, "duration": 90.15978980064392, "step": 38750}
{"episode_reward": 437.4731229380403, "episode": 156.0, "batch_reward": 1.0845321922302247, "critic_loss": 7.840060974121093, "actor_loss": -102.07766125488281, "alpha_loss": -0.0037352701062336566, "alpha_value": 0.04145989254117012, "duration": 89.46828413009644, "step": 39000}
{"episode_reward": 433.04691084179717, "episode": 157.0, "batch_reward": 1.1055865170955659, "critic_loss": 8.046723680496216, "actor_loss": -102.72096160888673, "alpha_loss": -0.0062454609805718065, "alpha_value": 0.04159308749437332, "duration": 88.9720892906189, "step": 39250}
{"episode_reward": 435.80613660476496, "episode": 158.0, "batch_reward": 1.1081691992282867, "critic_loss": 7.3518305606842045, "actor_loss": -103.17197412109375, "alpha_loss": 0.0003738341443240643, "alpha_value": 0.04176018312573433, "duration": 87.51923871040344, "step": 39500}
{"episode_reward": 476.1748926666234, "episode": 159.0, "batch_reward": 1.106460479259491, "critic_loss": 7.4865016231536865, "actor_loss": -103.72119085693359, "alpha_loss": -0.00444362916611135, "alpha_value": 0.041744029641151426, "duration": 89.20147895812988, "step": 39750}
{"episode_reward": 472.2656292043568, "episode": 160.0, "batch_reward": 1.1055174109935761, "critic_loss": 7.984777551651001, "actor_loss": -104.35504821777344, "alpha_loss": -0.008324273774400353, "alpha_value": 0.04196336385607719, "duration": 89.65423727035522, "step": 40000}
{"episode_reward": 356.86595408553137, "episode": 161.0, "batch_reward": 1.1114075303077697, "critic_loss": 8.091311000823975, "actor_loss": -104.99552111816406, "alpha_loss": -0.008740551436319948, "alpha_value": 0.04218685248494148, "duration": 109.95952153205872, "step": 40250}
{"episode_reward": 399.16940770108624, "episode": 162.0, "batch_reward": 1.1194351289272308, "critic_loss": 7.917087406158447, "actor_loss": -105.55236486816406, "alpha_loss": -0.0009537753276526928, "alpha_value": 0.04239178651571274, "duration": 87.72925400733948, "step": 40500}
{"episode_reward": 375.2306939261943, "episode": 163.0, "batch_reward": 1.111518534898758, "critic_loss": 7.879795518875122, "actor_loss": -105.9847173461914, "alpha_loss": -0.0016562609802931547, "alpha_value": 0.042395316809415814, "duration": 88.72330069541931, "step": 40750}
{"episode_reward": 436.28116857648394, "episode": 164.0, "batch_reward": 1.1235035836696625, "critic_loss": 7.8750388641357425, "actor_loss": -106.55993444824219, "alpha_loss": -0.0003774357344955206, "alpha_value": 0.04243315106630325, "duration": 88.15316843986511, "step": 41000}
{"episode_reward": 446.52869158611236, "episode": 165.0, "batch_reward": 1.1253684782981872, "critic_loss": 7.989234106063843, "actor_loss": -107.13065057373046, "alpha_loss": 0.004628830408677459, "alpha_value": 0.04236066073179245, "duration": 87.85636043548584, "step": 41250}
{"episode_reward": 410.91735478492063, "episode": 166.0, "batch_reward": 1.1326398882865907, "critic_loss": 7.998457712173462, "actor_loss": -107.72870239257813, "alpha_loss": 0.0054534355523064735, "alpha_value": 0.04220844608545303, "duration": 90.47251176834106, "step": 41500}
{"episode_reward": 490.0424837328036, "episode": 167.0, "batch_reward": 1.1402882578372955, "critic_loss": 7.992709150314331, "actor_loss": -108.24948706054687, "alpha_loss": -0.0018744863094761967, "alpha_value": 0.042078450679779056, "duration": 88.92913889884949, "step": 41750}
{"episode_reward": 439.2313863365992, "episode": 168.0, "batch_reward": 1.1387031016349793, "critic_loss": 8.044017227172851, "actor_loss": -108.72597216796875, "alpha_loss": -0.0017519856877624988, "alpha_value": 0.04222969344258309, "duration": 89.98183512687683, "step": 42000}
{"episode_reward": 482.43365550853594, "episode": 169.0, "batch_reward": 1.1309319162368774, "critic_loss": 8.114591524124146, "actor_loss": -109.33200866699218, "alpha_loss": -0.0023249165788292885, "alpha_value": 0.04229594892263412, "duration": 89.42030835151672, "step": 42250}
{"episode_reward": 400.7741616431978, "episode": 170.0, "batch_reward": 1.1334247398376465, "critic_loss": 8.376338806152344, "actor_loss": -109.7535068359375, "alpha_loss": -0.001079518711194396, "alpha_value": 0.04234784507751465, "duration": 87.80616402626038, "step": 42500}
{"episode_reward": 468.0925822597826, "episode": 171.0, "batch_reward": 1.1528120558261872, "critic_loss": 8.320700086593629, "actor_loss": -110.44097772216797, "alpha_loss": -0.001690629498101771, "alpha_value": 0.04234675395488739, "duration": 88.13261032104492, "step": 42750}
{"episode_reward": 390.87532018727126, "episode": 172.0, "batch_reward": 1.162206978559494, "critic_loss": 8.20990885925293, "actor_loss": -110.93250927734375, "alpha_loss": -0.0080680419402197, "alpha_value": 0.042469351679086685, "duration": 89.56728720664978, "step": 43000}
{"episode_reward": 441.33534677866123, "episode": 173.0, "batch_reward": 1.1542757911682129, "critic_loss": 8.305477125167847, "actor_loss": -111.50355584716797, "alpha_loss": -0.0028674312587827445, "alpha_value": 0.042670067608356475, "duration": 88.07069373130798, "step": 43250}
{"episode_reward": 452.66668463863965, "episode": 174.0, "batch_reward": 1.1629483251571655, "critic_loss": 8.267244050979615, "actor_loss": -112.05443328857422, "alpha_loss": 0.0009445702359080314, "alpha_value": 0.04276390352845192, "duration": 91.65287923812866, "step": 43500}
{"episode_reward": 488.4998771999845, "episode": 175.0, "batch_reward": 1.1594156036376952, "critic_loss": 7.842697076797485, "actor_loss": -112.57001055908204, "alpha_loss": 0.007999062639661133, "alpha_value": 0.042597375601530076, "duration": 88.98917746543884, "step": 43750}
{"episode_reward": 465.3012107171638, "episode": 176.0, "batch_reward": 1.1720274543762208, "critic_loss": 8.073488639831544, "actor_loss": -113.05865631103515, "alpha_loss": 0.00723316022194922, "alpha_value": 0.04234464019536972, "duration": 89.4923632144928, "step": 44000}
{"episode_reward": 448.7435093488986, "episode": 177.0, "batch_reward": 1.1651022934913635, "critic_loss": 7.772965951919556, "actor_loss": -113.3884623413086, "alpha_loss": 0.009653550995513797, "alpha_value": 0.04205902630090713, "duration": 88.94748377799988, "step": 44250}
{"episode_reward": 423.24547544896177, "episode": 178.0, "batch_reward": 1.1943227014541626, "critic_loss": 8.114982063293457, "actor_loss": -114.04963330078125, "alpha_loss": 0.007414629120379686, "alpha_value": 0.04181649774312973, "duration": 89.78751420974731, "step": 44500}
{"episode_reward": 462.26722748981643, "episode": 179.0, "batch_reward": 1.1826555325984955, "critic_loss": 8.057296268463135, "actor_loss": -114.57340484619141, "alpha_loss": 0.0015696314331144095, "alpha_value": 0.04168902337551117, "duration": 91.34712648391724, "step": 44750}
{"episode_reward": 502.1996428335897, "episode": 180.0, "batch_reward": 1.1939127550125122, "critic_loss": 8.022314077377318, "actor_loss": -115.05067517089844, "alpha_loss": 0.0035630870833992957, "alpha_value": 0.04157956004142761, "duration": 89.40502977371216, "step": 45000}
{"episode_reward": 445.836552798514, "episode": 181.0, "batch_reward": 1.1773131654262543, "critic_loss": 8.20895760345459, "actor_loss": -115.60067742919922, "alpha_loss": -0.003714803935959935, "alpha_value": 0.04154877045750618, "duration": 93.4931230545044, "step": 45250}
{"episode_reward": 471.28243302303275, "episode": 182.0, "batch_reward": 1.192825098514557, "critic_loss": 8.562995307922364, "actor_loss": -116.05359442138672, "alpha_loss": -0.006348090324550867, "alpha_value": 0.04174213835597038, "duration": 90.08861970901489, "step": 45500}
{"episode_reward": 522.5803494870289, "episode": 183.0, "batch_reward": 1.193602318763733, "critic_loss": 8.226493787765502, "actor_loss": -116.49683111572266, "alpha_loss": 0.0011366643141955137, "alpha_value": 0.04184908789396286, "duration": 89.25085115432739, "step": 45750}
{"episode_reward": 418.86686009460897, "episode": 184.0, "batch_reward": 1.2070658860206605, "critic_loss": 8.689587247848511, "actor_loss": -117.04006726074219, "alpha_loss": 0.0011032340824604033, "alpha_value": 0.041792272239923475, "duration": 89.30404114723206, "step": 46000}
{"episode_reward": 461.17589968538584, "episode": 185.0, "batch_reward": 1.194389907360077, "critic_loss": 8.6005825881958, "actor_loss": -117.40776055908204, "alpha_loss": 0.000776983518153429, "alpha_value": 0.041779557764530184, "duration": 88.274258852005, "step": 46250}
{"episode_reward": 401.666539161461, "episode": 186.0, "batch_reward": 1.2150866141319274, "critic_loss": 8.329007635116577, "actor_loss": -118.12247332763671, "alpha_loss": 0.0045249770376831295, "alpha_value": 0.04162559479475021, "duration": 88.08774256706238, "step": 46500}
{"episode_reward": 478.8378041119451, "episode": 187.0, "batch_reward": 1.202912398815155, "critic_loss": 8.44821277999878, "actor_loss": -118.54516516113281, "alpha_loss": -0.0009651487674564123, "alpha_value": 0.04167230761051178, "duration": 87.93005633354187, "step": 46750}
{"episode_reward": 494.7094904440802, "episode": 188.0, "batch_reward": 1.2025910823345185, "critic_loss": 8.225430873870849, "actor_loss": -118.96607611083985, "alpha_loss": 0.004205195286311209, "alpha_value": 0.04157093971967697, "duration": 87.92204332351685, "step": 47000}
{"episode_reward": 456.02730057434155, "episode": 189.0, "batch_reward": 1.2117209939956666, "critic_loss": 8.608214448928832, "actor_loss": -119.56765454101563, "alpha_loss": 0.002983073363080621, "alpha_value": 0.041461429446935656, "duration": 89.20751333236694, "step": 47250}
{"episode_reward": 489.57290582750437, "episode": 190.0, "batch_reward": 1.2295162491798401, "critic_loss": 8.150457117080688, "actor_loss": -120.13628051757813, "alpha_loss": -0.0012987275086343288, "alpha_value": 0.04139981505274773, "duration": 89.9263424873352, "step": 47500}
{"episode_reward": 406.6113062177375, "episode": 191.0, "batch_reward": 1.2205231022834777, "critic_loss": 8.451799802780151, "actor_loss": -120.5191083984375, "alpha_loss": -0.005142510276287794, "alpha_value": 0.041544512063264843, "duration": 88.31584525108337, "step": 47750}
{"episode_reward": 517.7604893406905, "episode": 192.0, "batch_reward": 1.221241480588913, "critic_loss": 8.397605819702148, "actor_loss": -120.97677557373046, "alpha_loss": -0.001930027199909091, "alpha_value": 0.04163929152488709, "duration": 87.73991513252258, "step": 48000}
{"episode_reward": 491.60603671904875, "episode": 193.0, "batch_reward": 1.2261277344226837, "critic_loss": 8.209316129684447, "actor_loss": -121.48989538574219, "alpha_loss": -0.007602033587172628, "alpha_value": 0.041847440630197526, "duration": 91.22913861274719, "step": 48250}
{"episode_reward": 456.8414937644433, "episode": 194.0, "batch_reward": 1.229626415491104, "critic_loss": 8.538780588150024, "actor_loss": -122.02311279296875, "alpha_loss": -0.004232846701517701, "alpha_value": 0.04202625551819801, "duration": 90.19160079956055, "step": 48500}
{"episode_reward": 528.8214610374689, "episode": 195.0, "batch_reward": 1.2396012723445893, "critic_loss": 8.65466001701355, "actor_loss": -122.47654577636719, "alpha_loss": 0.0020814503040164707, "alpha_value": 0.04198793363571167, "duration": 90.26391577720642, "step": 48750}
{"episode_reward": 451.85992886008677, "episode": 196.0, "batch_reward": 1.2407163996696473, "critic_loss": 8.862729614257812, "actor_loss": -122.93285693359375, "alpha_loss": 0.0014988623969256877, "alpha_value": 0.04191957786679268, "duration": 88.93265581130981, "step": 49000}
{"episode_reward": 522.5922572263514, "episode": 197.0, "batch_reward": 1.2585670561790467, "critic_loss": 8.900362298965454, "actor_loss": -123.52720416259766, "alpha_loss": -0.005560809850692749, "alpha_value": 0.0420136650800705, "duration": 88.99851298332214, "step": 49250}
{"episode_reward": 494.5140788341356, "episode": 198.0, "batch_reward": 1.2544754476547242, "critic_loss": 9.057416772842407, "actor_loss": -123.8883257446289, "alpha_loss": -0.002905996278859675, "alpha_value": 0.04214744937419891, "duration": 89.10832190513611, "step": 49500}
{"episode_reward": 508.86732075938676, "episode": 199.0, "batch_reward": 1.2543109884262085, "critic_loss": 8.874124952316285, "actor_loss": -124.42599084472656, "alpha_loss": -0.004682637298479677, "alpha_value": 0.0422884022295475, "duration": 89.25773763656616, "step": 49750}
{"episode_reward": 554.8684987252475, "episode": 200.0, "batch_reward": 1.2549688572883606, "critic_loss": 8.5686630859375, "actor_loss": -124.84226513671875, "alpha_loss": -0.006938960744068027, "alpha_value": 0.04241249430179596, "duration": 89.22092962265015, "step": 50000}
{"episode_reward": 527.8198095106749, "episode": 201.0, "batch_reward": 1.271052861213684, "critic_loss": 8.522505180358888, "actor_loss": -125.43988391113281, "alpha_loss": -0.005755855673924088, "alpha_value": 0.042632389307022095, "duration": 108.12973618507385, "step": 50250}
{"episode_reward": 525.3031498112323, "episode": 202.0, "batch_reward": 1.2614547009468078, "critic_loss": 8.666708965301513, "actor_loss": -125.88270764160156, "alpha_loss": -0.004316389426589012, "alpha_value": 0.04282254073023796, "duration": 90.75562953948975, "step": 50500}
{"episode_reward": 455.30883109901697, "episode": 203.0, "batch_reward": 1.2702061619758607, "critic_loss": 8.638891090393066, "actor_loss": -126.33422912597656, "alpha_loss": -0.0020310030709952114, "alpha_value": 0.04289385065436363, "duration": 91.18291974067688, "step": 50750}
{"episode_reward": 443.92055370342774, "episode": 204.0, "batch_reward": 1.2747044246196746, "critic_loss": 8.679102085113525, "actor_loss": -126.82920056152344, "alpha_loss": -0.00035361057333648205, "alpha_value": 0.04295472687482834, "duration": 96.93445253372192, "step": 51000}
{"episode_reward": 463.0523625905999, "episode": 205.0, "batch_reward": 1.2622764194011689, "critic_loss": 8.72939973449707, "actor_loss": -127.24153735351562, "alpha_loss": -0.002362921924330294, "alpha_value": 0.04293796703219414, "duration": 107.80067276954651, "step": 51250}
{"episode_reward": 497.67725852330386, "episode": 206.0, "batch_reward": 1.2782290668487548, "critic_loss": 8.654528242111207, "actor_loss": -127.774162109375, "alpha_loss": -0.0018052078932523728, "alpha_value": 0.04300911486148834, "duration": 102.14199233055115, "step": 51500}
{"episode_reward": 442.97704811169376, "episode": 207.0, "batch_reward": 1.2772033348083496, "critic_loss": 8.820125240325927, "actor_loss": -128.24292083740235, "alpha_loss": -0.003527701017446816, "alpha_value": 0.043105264008045194, "duration": 105.11693787574768, "step": 51750}
{"episode_reward": 520.4307361284266, "episode": 208.0, "batch_reward": 1.2875211453437805, "critic_loss": 8.470986610412597, "actor_loss": -128.7631693725586, "alpha_loss": -0.0029250145051628353, "alpha_value": 0.04325033366680145, "duration": 102.11409139633179, "step": 52000}
{"episode_reward": 445.3549999787736, "episode": 209.0, "batch_reward": 1.2938078174591063, "critic_loss": 8.512476528167724, "actor_loss": -129.21975860595703, "alpha_loss": 0.004403326697647572, "alpha_value": 0.043239132046699526, "duration": 105.8783643245697, "step": 52250}
{"episode_reward": 493.20238715452155, "episode": 210.0, "batch_reward": 1.2983339624404908, "critic_loss": 8.274109434127807, "actor_loss": -129.6967202758789, "alpha_loss": -0.005579957358539105, "alpha_value": 0.04322462180256843, "duration": 105.39929914474487, "step": 52500}
{"episode_reward": 479.62763487383563, "episode": 211.0, "batch_reward": 1.2974862422943114, "critic_loss": 8.623777166366578, "actor_loss": -130.17365490722656, "alpha_loss": -0.0027915514251217245, "alpha_value": 0.04330175393819809, "duration": 106.97781586647034, "step": 52750}
{"episode_reward": 475.35050389548815, "episode": 212.0, "batch_reward": 1.2918615770339965, "critic_loss": 8.472227991104125, "actor_loss": -130.6896359863281, "alpha_loss": -0.0018035451639443637, "alpha_value": 0.04344086992740631, "duration": 105.64313292503357, "step": 53000}
{"episode_reward": 508.89721751510524, "episode": 213.0, "batch_reward": 1.2953423976898193, "critic_loss": 8.68188987159729, "actor_loss": -131.01892834472656, "alpha_loss": 0.003612513208761811, "alpha_value": 0.04340048924088478, "duration": 108.55026245117188, "step": 53250}
{"episode_reward": 530.9741274260974, "episode": 214.0, "batch_reward": 1.3027191805839538, "critic_loss": 8.947255270004273, "actor_loss": -131.45314392089844, "alpha_loss": -0.0004454279765486717, "alpha_value": 0.0433086359500885, "duration": 107.89126372337341, "step": 53500}
{"episode_reward": 507.6747050115371, "episode": 215.0, "batch_reward": 1.3106125507354736, "critic_loss": 8.772370546340943, "actor_loss": -131.94590197753905, "alpha_loss": -0.0015558218751102685, "alpha_value": 0.04337417748570442, "duration": 104.80597066879272, "step": 53750}
{"episode_reward": 487.86339412959836, "episode": 216.0, "batch_reward": 1.3048958196640015, "critic_loss": 8.442216312408448, "actor_loss": -132.31501159667968, "alpha_loss": -8.54965578764677e-05, "alpha_value": 0.043419495820999146, "duration": 104.6890799999237, "step": 54000}
{"episode_reward": 376.25376819384866, "episode": 217.0, "batch_reward": 1.3139963438510895, "critic_loss": 8.245344072341918, "actor_loss": -132.90553247070312, "alpha_loss": -0.00420963716506958, "alpha_value": 0.04342135787010193, "duration": 102.4222297668457, "step": 54250}
{"episode_reward": 496.60990576432437, "episode": 218.0, "batch_reward": 1.3180937967300415, "critic_loss": 8.34881979560852, "actor_loss": -133.26737072753906, "alpha_loss": 0.0021450279485434294, "alpha_value": 0.04352881196141243, "duration": 106.67863154411316, "step": 54500}
{"episode_reward": 484.5936856015298, "episode": 219.0, "batch_reward": 1.3103916184902191, "critic_loss": 8.484704513549804, "actor_loss": -133.71383117675782, "alpha_loss": 0.007340666389092803, "alpha_value": 0.04330355188250542, "duration": 105.71835565567017, "step": 54750}
{"episode_reward": 525.911989197394, "episode": 220.0, "batch_reward": 1.3216062808036804, "critic_loss": 8.508689739227295, "actor_loss": -134.11445532226563, "alpha_loss": 0.0024395405305549503, "alpha_value": 0.043172927618026734, "duration": 105.34724473953247, "step": 55000}
{"episode_reward": 553.28958932673, "episode": 221.0, "batch_reward": 1.3030133767127992, "critic_loss": 8.529931728363037, "actor_loss": -134.48586511230468, "alpha_loss": -0.000545888464897871, "alpha_value": 0.043147733479738236, "duration": 105.6174807548523, "step": 55250}
{"episode_reward": 454.39830595632947, "episode": 222.0, "batch_reward": 1.3375775680541993, "critic_loss": 8.750595430374146, "actor_loss": -135.02099426269533, "alpha_loss": 0.003010012982413173, "alpha_value": 0.043147542506456374, "duration": 106.94302082061768, "step": 55500}
{"episode_reward": 508.86505753910365, "episode": 223.0, "batch_reward": 1.332180594921112, "critic_loss": 8.457282506942748, "actor_loss": -135.36809924316407, "alpha_loss": -0.0019364421982318162, "alpha_value": 0.043119042843580244, "duration": 105.75618982315063, "step": 55750}
{"episode_reward": 492.2375813511575, "episode": 224.0, "batch_reward": 1.3151501026153565, "critic_loss": 8.501688161849975, "actor_loss": -135.76446728515626, "alpha_loss": -0.00420459614880383, "alpha_value": 0.04320585271716118, "duration": 104.4419412612915, "step": 56000}
{"episode_reward": 536.4829897634366, "episode": 225.0, "batch_reward": 1.3312884945869445, "critic_loss": 8.68484213066101, "actor_loss": -136.24667407226562, "alpha_loss": -0.006515362314879894, "alpha_value": 0.04340657675266266, "duration": 104.4048843383789, "step": 56250}
{"episode_reward": 586.2879379343585, "episode": 226.0, "batch_reward": 1.3300968754291533, "critic_loss": 8.589282913208008, "actor_loss": -136.63305078125, "alpha_loss": -0.00655005075596273, "alpha_value": 0.04361965328454971, "duration": 104.49364590644836, "step": 56500}
{"episode_reward": 536.3671742057288, "episode": 227.0, "batch_reward": 1.348465732574463, "critic_loss": 8.155363872528076, "actor_loss": -137.07181506347655, "alpha_loss": -0.0011106866542249917, "alpha_value": 0.04369285044074059, "duration": 104.71650266647339, "step": 56750}
{"episode_reward": 498.35315408595983, "episode": 228.0, "batch_reward": 1.3524820518493652, "critic_loss": 8.238489276885986, "actor_loss": -137.59827758789064, "alpha_loss": -0.0001223719399422407, "alpha_value": 0.04371148791909218, "duration": 108.90747380256653, "step": 57000}
{"episode_reward": 503.71060384497247, "episode": 229.0, "batch_reward": 1.3544254631996155, "critic_loss": 8.0281199054718, "actor_loss": -138.14470263671876, "alpha_loss": -0.002878881181590259, "alpha_value": 0.043750322848558426, "duration": 108.36287999153137, "step": 57250}
{"episode_reward": 486.19856885934047, "episode": 230.0, "batch_reward": 1.351728651046753, "critic_loss": 8.29390482711792, "actor_loss": -138.42761352539063, "alpha_loss": 0.004952839538455009, "alpha_value": 0.043736776769161226, "duration": 105.87174606323242, "step": 57500}
{"episode_reward": 480.81170072161945, "episode": 231.0, "batch_reward": 1.3454683222770691, "critic_loss": 8.395140266418457, "actor_loss": -138.7805233154297, "alpha_loss": -0.004520304842852056, "alpha_value": 0.043679534286260605, "duration": 106.16034722328186, "step": 57750}
{"episode_reward": 498.82612772868026, "episode": 232.0, "batch_reward": 1.350971601486206, "critic_loss": 7.9519303646087645, "actor_loss": -139.2361083984375, "alpha_loss": 0.000405145825818181, "alpha_value": 0.0438149406015873, "duration": 108.59547352790833, "step": 58000}
{"episode_reward": 533.9144915783646, "episode": 233.0, "batch_reward": 1.3586940751075745, "critic_loss": 7.987730833053589, "actor_loss": -139.52237341308594, "alpha_loss": 0.0021179970186203717, "alpha_value": 0.043758482426404954, "duration": 106.08764052391052, "step": 58250}
{"episode_reward": 501.6157642552012, "episode": 234.0, "batch_reward": 1.3586969604492187, "critic_loss": 8.555626922607422, "actor_loss": -139.79691149902345, "alpha_loss": 0.004068427639082074, "alpha_value": 0.04366319870948791, "duration": 108.11271238327026, "step": 58500}
{"episode_reward": 539.2553087763043, "episode": 235.0, "batch_reward": 1.3707999238967896, "critic_loss": 8.379920600891113, "actor_loss": -140.27191052246093, "alpha_loss": 0.005518646467477083, "alpha_value": 0.04346248555183411, "duration": 109.49571633338928, "step": 58750}
{"episode_reward": 457.42332933476627, "episode": 236.0, "batch_reward": 1.37720250415802, "critic_loss": 7.9653706588745115, "actor_loss": -140.7540753173828, "alpha_loss": -0.0017590964958071709, "alpha_value": 0.043464836359024046, "duration": 108.08939099311829, "step": 59000}
{"episode_reward": 590.6825309625009, "episode": 237.0, "batch_reward": 1.3663326749801636, "critic_loss": 7.77411319732666, "actor_loss": -141.12045532226563, "alpha_loss": 0.005661218419671058, "alpha_value": 0.04341919147968292, "duration": 107.81242489814758, "step": 59250}
{"episode_reward": 485.15814812304154, "episode": 238.0, "batch_reward": 1.3752111749649047, "critic_loss": 8.063872316360474, "actor_loss": -141.54744763183595, "alpha_loss": 0.0030926768202334644, "alpha_value": 0.04317157354950905, "duration": 106.98293280601501, "step": 59500}
{"episode_reward": 555.2937926348176, "episode": 239.0, "batch_reward": 1.3680907964706421, "critic_loss": 8.196834377288818, "actor_loss": -141.81036560058592, "alpha_loss": 8.066345937550068e-05, "alpha_value": 0.04319897958636284, "duration": 111.38353085517883, "step": 59750}
{"episode_reward": 502.9926534564093, "episode": 240.0, "batch_reward": 1.3816692080497741, "critic_loss": 8.29827647972107, "actor_loss": -142.23251098632812, "alpha_loss": 0.0040795038528740404, "alpha_value": 0.043135084748268125, "duration": 105.37134265899658, "step": 60000}
