{"episode_reward": 0.0, "episode": 1.0, "duration": 17.20803999900818, "step": 250}
{"episode_reward": 3.0, "episode": 2.0, "duration": 0.7111353874206543, "step": 500}
{"episode_reward": 0.0, "episode": 3.0, "duration": 0.6803247928619385, "step": 750}
{"episode_reward": 0.0, "episode": 4.0, "duration": 0.682227373123169, "step": 1000}
{"episode_reward": 0.0, "episode": 5.0, "batch_reward": 0.0033964671737389913, "critic_loss": 0.009157514245052852, "actor_loss": -0.7804351968461236, "alpha_loss": 0.3164460912547356, "alpha_value": 0.09465094828096574, "duration": 445.4851162433624, "step": 1250}
{"episode_reward": 0.0, "episode": 6.0, "batch_reward": 0.0074375, "critic_loss": 0.031912655472988265, "actor_loss": -1.4555911779403687, "alpha_loss": 0.2989484748840332, "alpha_value": 0.08904395657777786, "duration": 83.72131514549255, "step": 1500}
{"episode_reward": 12.0, "episode": 7.0, "batch_reward": 0.01246875, "critic_loss": 0.06917084426293149, "actor_loss": -1.520716163635254, "alpha_loss": 0.2955259952545166, "alpha_value": 0.08798916947841644, "duration": 84.4464499950409, "step": 1750}
{"episode_reward": 26.0, "episode": 8.0, "batch_reward": 0.04909375, "critic_loss": 0.27076515698060394, "actor_loss": -1.5329225492477416, "alpha_loss": 0.2914074306488037, "alpha_value": 0.08695166385173797, "duration": 83.81902551651001, "step": 2000}
{"episode_reward": 65.0, "episode": 9.0, "batch_reward": 0.046, "critic_loss": 0.28513117146119477, "actor_loss": -1.588254295349121, "alpha_loss": 0.2872286281585693, "alpha_value": 0.08593185925483704, "duration": 83.50492119789124, "step": 2250}
{"episode_reward": 0.0, "episode": 10.0, "batch_reward": 0.0496875, "critic_loss": 0.4699547169841826, "actor_loss": -1.7537322835922242, "alpha_loss": 0.27993703508377077, "alpha_value": 0.0849349159002304, "duration": 84.05152750015259, "step": 2500}
{"episode_reward": 60.0, "episode": 11.0, "batch_reward": 0.0623125, "critic_loss": 0.6688020737916232, "actor_loss": -1.873416657447815, "alpha_loss": 0.27579590034484863, "alpha_value": 0.08395811539888381, "duration": 84.23400092124939, "step": 2750}
{"episode_reward": 19.0, "episode": 12.0, "batch_reward": 0.06421875, "critic_loss": 0.8529395214319229, "actor_loss": -2.063918049812317, "alpha_loss": 0.2665531302690506, "alpha_value": 0.08300582677125931, "duration": 83.74557709693909, "step": 3000}
{"episode_reward": 81.0, "episode": 13.0, "batch_reward": 0.08578125, "critic_loss": 0.8905872892141342, "actor_loss": -2.1929955158233643, "alpha_loss": 0.25387424385547636, "alpha_value": 0.0820886242389679, "duration": 84.29106569290161, "step": 3250}
{"episode_reward": 8.0, "episode": 14.0, "batch_reward": 0.08659375, "critic_loss": 1.2410457054376602, "actor_loss": -2.3569015741348265, "alpha_loss": 0.24315068221092223, "alpha_value": 0.08120866483449936, "duration": 84.24984216690063, "step": 3500}
{"episode_reward": 71.0, "episode": 15.0, "batch_reward": 0.10246875, "critic_loss": 1.7757586832046508, "actor_loss": -2.640853189468384, "alpha_loss": 0.22839793515205384, "alpha_value": 0.08036457693576812, "duration": 84.35232973098755, "step": 3750}
{"episode_reward": 0.0, "episode": 16.0, "batch_reward": 0.08675, "critic_loss": 1.6491086735725402, "actor_loss": -2.747624593734741, "alpha_loss": 0.21770515060424805, "alpha_value": 0.07956271189451218, "duration": 83.67876815795898, "step": 4000}
{"episode_reward": 3.0, "episode": 17.0, "batch_reward": 0.096, "critic_loss": 2.1726244188547135, "actor_loss": -2.951894651412964, "alpha_loss": 0.21422846817970276, "alpha_value": 0.07876820665597915, "duration": 84.01621723175049, "step": 4250}
{"episode_reward": 29.0, "episode": 18.0, "batch_reward": 0.0846875, "critic_loss": 2.3697381514310836, "actor_loss": -3.1306734867095947, "alpha_loss": 0.20162160086631775, "alpha_value": 0.0779869304895401, "duration": 84.26103329658508, "step": 4500}
{"episode_reward": 0.0, "episode": 19.0, "batch_reward": 0.08365625, "critic_loss": 2.3524949823617933, "actor_loss": -3.335714448928833, "alpha_loss": 0.19802993154525758, "alpha_value": 0.07724031460285187, "duration": 84.53223705291748, "step": 4750}
{"episode_reward": 0.0, "episode": 20.0, "batch_reward": 0.073125, "critic_loss": 2.817502512097359, "actor_loss": -3.4955152606964113, "alpha_loss": 0.19294290506839754, "alpha_value": 0.0764848370552063, "duration": 84.10152745246887, "step": 5000}
{"episode_reward": 15.0, "episode": 21.0, "batch_reward": 0.0768125, "critic_loss": 3.001107910513878, "actor_loss": -3.7441533412933348, "alpha_loss": 0.17908121752738954, "alpha_value": 0.07575558024644852, "duration": 84.12629675865173, "step": 5250}
{"episode_reward": 0.0, "episode": 22.0, "batch_reward": 0.08115625, "critic_loss": 4.491039754867554, "actor_loss": -4.013980976104737, "alpha_loss": 0.17625961995124817, "alpha_value": 0.07505034935474396, "duration": 84.16817951202393, "step": 5500}
{"episode_reward": 79.0, "episode": 23.0, "batch_reward": 0.088625, "critic_loss": 4.39319598197937, "actor_loss": -4.132920707702636, "alpha_loss": 0.1699634839296341, "alpha_value": 0.07434742850065232, "duration": 84.29935812950134, "step": 5750}
{"episode_reward": 23.0, "episode": 24.0, "batch_reward": 0.08815625, "critic_loss": 6.812162526130677, "actor_loss": -4.720980600357056, "alpha_loss": 0.14252844488620758, "alpha_value": 0.07369112408161163, "duration": 84.05010938644409, "step": 6000}
{"episode_reward": 72.0, "episode": 25.0, "batch_reward": 0.119, "critic_loss": 7.048931695461273, "actor_loss": -5.4796898002624514, "alpha_loss": 0.12086293131113052, "alpha_value": 0.07313532358407974, "duration": 84.12582206726074, "step": 6250}
{"episode_reward": 429.0, "episode": 26.0, "batch_reward": 0.145875, "critic_loss": 6.865293637752533, "actor_loss": -6.381671051025391, "alpha_loss": 0.11483403009176255, "alpha_value": 0.07262519377470017, "duration": 84.38414859771729, "step": 6500}
{"episode_reward": 14.0, "episode": 27.0, "batch_reward": 0.1496875, "critic_loss": 7.533750269889832, "actor_loss": -7.073664756774902, "alpha_loss": 0.10888799440860748, "alpha_value": 0.07210795229673386, "duration": 84.19644689559937, "step": 6750}
{"episode_reward": 5.0, "episode": 28.0, "batch_reward": 0.15021875, "critic_loss": 8.389432682037354, "actor_loss": -8.061105514526368, "alpha_loss": 0.08686711704730987, "alpha_value": 0.07162462800741196, "duration": 84.33411240577698, "step": 7000}
{"episode_reward": 9.0, "episode": 29.0, "batch_reward": 0.15090625, "critic_loss": 8.61508669090271, "actor_loss": -8.994781227111817, "alpha_loss": 0.07844010943174362, "alpha_value": 0.0712331246137619, "duration": 83.67588543891907, "step": 7250}
{"episode_reward": 24.0, "episode": 30.0, "batch_reward": 0.14225, "critic_loss": 8.817237955093384, "actor_loss": -9.146261344909668, "alpha_loss": 0.09084015560150147, "alpha_value": 0.07080048173666001, "duration": 84.40732455253601, "step": 7500}
{"episode_reward": 20.0, "episode": 31.0, "batch_reward": 0.14296875, "critic_loss": 10.034233197212219, "actor_loss": -10.210644828796386, "alpha_loss": 0.08075625556707382, "alpha_value": 0.07033780378103256, "duration": 84.45933747291565, "step": 7750}
{"episode_reward": 0.0, "episode": 32.0, "batch_reward": 0.1378125, "critic_loss": 9.561928729057312, "actor_loss": -10.66229019165039, "alpha_loss": 0.08729387345910072, "alpha_value": 0.06986486566066742, "duration": 84.16711616516113, "step": 8000}
{"episode_reward": 0.0, "episode": 33.0, "batch_reward": 0.1303125, "critic_loss": 12.369088053703308, "actor_loss": -11.059454765319824, "alpha_loss": 0.0804842719733715, "alpha_value": 0.06938444614410401, "duration": 83.86860394477844, "step": 8250}
{"episode_reward": 149.0, "episode": 34.0, "batch_reward": 0.14553125, "critic_loss": 11.51005316543579, "actor_loss": -11.919914749145509, "alpha_loss": 0.09059331947565079, "alpha_value": 0.06887924110889435, "duration": 83.99837446212769, "step": 8500}
{"episode_reward": 10.0, "episode": 35.0, "batch_reward": 0.1566875, "critic_loss": 9.983043610572816, "actor_loss": -12.132107398986816, "alpha_loss": 0.08068762293457984, "alpha_value": 0.06833821159601211, "duration": 84.23930430412292, "step": 8750}
{"episode_reward": 207.0, "episode": 36.0, "batch_reward": 0.16628125, "critic_loss": 10.537297684669495, "actor_loss": -12.608256217956542, "alpha_loss": 0.08057198098301888, "alpha_value": 0.06782286179065704, "duration": 84.2849178314209, "step": 9000}
{"episode_reward": 108.0, "episode": 37.0, "batch_reward": 0.17740625, "critic_loss": 9.992512808799743, "actor_loss": -13.438420364379883, "alpha_loss": 0.08139691689610482, "alpha_value": 0.06728014624118805, "duration": 84.16906595230103, "step": 9250}
{"episode_reward": 81.0, "episode": 38.0, "batch_reward": 0.17934375, "critic_loss": 10.2352956905365, "actor_loss": -13.450804710388184, "alpha_loss": 0.07501219901442528, "alpha_value": 0.06675111049413682, "duration": 83.02931046485901, "step": 9500}
{"episode_reward": 77.0, "episode": 39.0, "batch_reward": 0.187375, "critic_loss": 13.952351713180542, "actor_loss": -13.991823753356934, "alpha_loss": 0.06627310511469842, "alpha_value": 0.06625321942567826, "duration": 83.45838260650635, "step": 9750}
{"episode_reward": 208.0, "episode": 40.0, "batch_reward": 0.20715625, "critic_loss": 12.276396814346313, "actor_loss": -14.178991340637207, "alpha_loss": 0.05679417587816715, "alpha_value": 0.06579872655868531, "duration": 84.29719114303589, "step": 10000}
{"episode_reward": 197.0, "episode": 41.0, "batch_reward": 0.20715625, "critic_loss": 11.601598322868346, "actor_loss": -14.246451179504394, "alpha_loss": 0.04872794108092785, "alpha_value": 0.06542452847957611, "duration": 102.43848752975464, "step": 10250}
{"episode_reward": 7.0, "episode": 42.0, "batch_reward": 0.20503125, "critic_loss": 14.819220693588257, "actor_loss": -14.665806442260742, "alpha_loss": 0.060761049330234525, "alpha_value": 0.06500905001163483, "duration": 84.15551137924194, "step": 10500}
{"episode_reward": 84.0, "episode": 43.0, "batch_reward": 0.23571875, "critic_loss": 13.967334121704102, "actor_loss": -15.842187675476074, "alpha_loss": 0.058836480647325516, "alpha_value": 0.0645118248462677, "duration": 84.04310417175293, "step": 10750}
{"episode_reward": 697.0, "episode": 44.0, "batch_reward": 0.26728125, "critic_loss": 14.295593599319458, "actor_loss": -17.53230532836914, "alpha_loss": 0.04283754289336503, "alpha_value": 0.06408539098501205, "duration": 84.23026609420776, "step": 11000}
{"episode_reward": 15.0, "episode": 45.0, "batch_reward": 0.2565625, "critic_loss": 11.992300834655762, "actor_loss": -17.93831421661377, "alpha_loss": 0.04695790827460587, "alpha_value": 0.06371036434173584, "duration": 84.32759714126587, "step": 11250}
{"episode_reward": 12.0, "episode": 46.0, "batch_reward": 0.25325, "critic_loss": 12.01803441810608, "actor_loss": -18.756232330322266, "alpha_loss": 0.04483213189989328, "alpha_value": 0.06330443400144577, "duration": 87.97084379196167, "step": 11500}
{"episode_reward": 0.0, "episode": 47.0, "batch_reward": 0.24353125, "critic_loss": 9.560554782867431, "actor_loss": -19.126519287109375, "alpha_loss": 0.05349565045535564, "alpha_value": 0.06284212595224381, "duration": 95.98792839050293, "step": 11750}
{"episode_reward": 16.0, "episode": 48.0, "batch_reward": 0.239, "critic_loss": 9.019308559417725, "actor_loss": -19.307175819396974, "alpha_loss": 0.05044509397819638, "alpha_value": 0.0623240761756897, "duration": 97.33111953735352, "step": 12000}
{"episode_reward": 82.0, "episode": 49.0, "batch_reward": 0.24675, "critic_loss": 8.408432045936584, "actor_loss": -19.43658142852783, "alpha_loss": 0.050344239935278895, "alpha_value": 0.06183251515030861, "duration": 96.55878138542175, "step": 12250}
{"episode_reward": 29.0, "episode": 50.0, "batch_reward": 0.25084375, "critic_loss": 7.5979496746063235, "actor_loss": -19.940750205993652, "alpha_loss": 0.049560943141579626, "alpha_value": 0.06133073681592941, "duration": 97.10499691963196, "step": 12500}
{"episode_reward": 86.0, "episode": 51.0, "batch_reward": 0.248375, "critic_loss": 6.47725104522705, "actor_loss": -20.52677505493164, "alpha_loss": 0.049526235684752465, "alpha_value": 0.06082021582126618, "duration": 97.22055578231812, "step": 12750}
{"episode_reward": 20.0, "episode": 52.0, "batch_reward": 0.2371875, "critic_loss": 7.523182238578796, "actor_loss": -19.708724853515626, "alpha_loss": 0.05911895236372948, "alpha_value": 0.06023712208867073, "duration": 96.9588475227356, "step": 13000}
{"episode_reward": 50.0, "episode": 53.0, "batch_reward": 0.243375, "critic_loss": 6.940050998687744, "actor_loss": -20.907448295593262, "alpha_loss": 0.04830174100399017, "alpha_value": 0.05965545397996903, "duration": 96.62518286705017, "step": 13250}
{"episode_reward": 55.0, "episode": 54.0, "batch_reward": 0.2503125, "critic_loss": 6.187108379364013, "actor_loss": -20.67364143371582, "alpha_loss": 0.054590521261096, "alpha_value": 0.059110404133796694, "duration": 97.0773344039917, "step": 13500}
{"episode_reward": 0.0, "episode": 55.0, "batch_reward": 0.25484375, "critic_loss": 9.25019271850586, "actor_loss": -21.593192390441896, "alpha_loss": 0.0597301826775074, "alpha_value": 0.05846838226914406, "duration": 95.95666074752808, "step": 13750}
{"episode_reward": 515.0, "episode": 56.0, "batch_reward": 0.27765625, "critic_loss": 9.497531985282897, "actor_loss": -22.66973452758789, "alpha_loss": 0.05174989091604948, "alpha_value": 0.05785314840078354, "duration": 95.58984231948853, "step": 14000}
{"episode_reward": 81.0, "episode": 57.0, "batch_reward": 0.275125, "critic_loss": 7.710889151573181, "actor_loss": -22.683298370361328, "alpha_loss": 0.0536328639537096, "alpha_value": 0.05727707663178444, "duration": 97.45749545097351, "step": 14250}
{"episode_reward": 0.0, "episode": 58.0, "batch_reward": 0.2645, "critic_loss": 6.582733135223389, "actor_loss": -22.62473017883301, "alpha_loss": 0.052948682829737664, "alpha_value": 0.056677567303180694, "duration": 96.69097447395325, "step": 14500}
{"episode_reward": 44.0, "episode": 59.0, "batch_reward": 0.29915625, "critic_loss": 17.965823163986204, "actor_loss": -25.230303588867187, "alpha_loss": 0.031115738876163958, "alpha_value": 0.056191428899765014, "duration": 96.18186616897583, "step": 14750}
{"episode_reward": 839.0, "episode": 60.0, "batch_reward": 0.339625, "critic_loss": 7.218501051902771, "actor_loss": -26.22002128601074, "alpha_loss": 0.04041103822365403, "alpha_value": 0.05578636509180069, "duration": 97.04361724853516, "step": 15000}
{"episode_reward": 485.0, "episode": 61.0, "batch_reward": 0.33725, "critic_loss": 7.529287433624267, "actor_loss": -26.19279800415039, "alpha_loss": 0.035049774158746, "alpha_value": 0.05535256487131119, "duration": 97.01246356964111, "step": 15250}
{"episode_reward": 20.0, "episode": 62.0, "batch_reward": 0.341, "critic_loss": 8.241744408607483, "actor_loss": -28.126338607788085, "alpha_loss": 0.0366372767649591, "alpha_value": 0.05489152729511261, "duration": 97.06403350830078, "step": 15500}
{"episode_reward": 9.0, "episode": 63.0, "batch_reward": 0.33575, "critic_loss": 6.8660177307128905, "actor_loss": -29.31608610534668, "alpha_loss": 0.0321698729544878, "alpha_value": 0.05449426594376564, "duration": 96.9863953590393, "step": 15750}
{"episode_reward": 0.0, "episode": 64.0, "batch_reward": 0.3351875, "critic_loss": 7.121991739273072, "actor_loss": -29.237930252075195, "alpha_loss": 0.03472769921272993, "alpha_value": 0.054053644984960555, "duration": 97.02151155471802, "step": 16000}
{"episode_reward": 0.0, "episode": 65.0, "batch_reward": 0.33059375, "critic_loss": 7.219481327056885, "actor_loss": -30.455808853149414, "alpha_loss": 0.03092986594326794, "alpha_value": 0.0536346510052681, "duration": 97.29949355125427, "step": 16250}
{"episode_reward": 9.0, "episode": 66.0, "batch_reward": 0.31825, "critic_loss": 8.259078714370727, "actor_loss": -30.40919061279297, "alpha_loss": 0.03186504144966602, "alpha_value": 0.05319236528873444, "duration": 97.06065106391907, "step": 16500}
{"episode_reward": 83.0, "episode": 67.0, "batch_reward": 0.325625, "critic_loss": 7.308565569877625, "actor_loss": -30.02798937988281, "alpha_loss": 0.03307203005813062, "alpha_value": 0.052745823711156846, "duration": 96.88404679298401, "step": 16750}
{"episode_reward": 235.0, "episode": 68.0, "batch_reward": 0.3335, "critic_loss": 6.643273095130921, "actor_loss": -31.33847492980957, "alpha_loss": 0.030317546520382165, "alpha_value": 0.05230409649014473, "duration": 96.72597098350525, "step": 17000}
{"episode_reward": 152.0, "episode": 69.0, "batch_reward": 0.31940625, "critic_loss": 6.350193688392639, "actor_loss": -30.374061614990236, "alpha_loss": 0.03960254393517971, "alpha_value": 0.05180372029542923, "duration": 97.0422055721283, "step": 17250}
{"episode_reward": 4.0, "episode": 70.0, "batch_reward": 0.3485, "critic_loss": 6.87252968120575, "actor_loss": -31.40816522216797, "alpha_loss": 0.031322505362331866, "alpha_value": 0.05129087403416634, "duration": 97.25928521156311, "step": 17500}
{"episode_reward": 311.0, "episode": 71.0, "batch_reward": 0.35834375, "critic_loss": 7.188893594741821, "actor_loss": -31.64672364807129, "alpha_loss": 0.03565638118237257, "alpha_value": 0.05079116135835648, "duration": 97.37632203102112, "step": 17750}
{"episode_reward": 369.0, "episode": 72.0, "batch_reward": 0.348625, "critic_loss": 7.154744567871094, "actor_loss": -31.510912353515625, "alpha_loss": 0.030411821374669672, "alpha_value": 0.05030837655067444, "duration": 97.47230625152588, "step": 18000}
{"episode_reward": 0.0, "episode": 73.0, "batch_reward": 0.354875, "critic_loss": 6.312081632614135, "actor_loss": -32.50343193054199, "alpha_loss": 0.029102419156581162, "alpha_value": 0.04986668819189072, "duration": 97.54449701309204, "step": 18250}
{"episode_reward": 4.0, "episode": 74.0, "batch_reward": 0.3503125, "critic_loss": 5.674284140586853, "actor_loss": -32.98561633300781, "alpha_loss": 0.02861312796548009, "alpha_value": 0.049432226479053494, "duration": 96.9245433807373, "step": 18500}
{"episode_reward": 48.0, "episode": 75.0, "batch_reward": 0.3306875, "critic_loss": 6.358486245155334, "actor_loss": -32.63049468994141, "alpha_loss": 0.031134053450077772, "alpha_value": 0.04896303942799568, "duration": 96.2461097240448, "step": 18750}
{"episode_reward": 10.0, "episode": 76.0, "batch_reward": 0.3458125, "critic_loss": 5.935698293685913, "actor_loss": -33.65304597473145, "alpha_loss": 0.027497343733906745, "alpha_value": 0.04850737938284874, "duration": 96.88972163200378, "step": 19000}
{"episode_reward": 115.0, "episode": 77.0, "batch_reward": 0.35828125, "critic_loss": 19.89358428287506, "actor_loss": -34.51245408630371, "alpha_loss": 0.029538851066492497, "alpha_value": 0.04808365347981453, "duration": 95.92400622367859, "step": 19250}
{"episode_reward": 676.0, "episode": 78.0, "batch_reward": 0.3788125, "critic_loss": 7.953083899497986, "actor_loss": -35.18233683776855, "alpha_loss": 0.047385602459311484, "alpha_value": 0.04745920345187187, "duration": 96.3322684764862, "step": 19500}
{"episode_reward": 102.0, "episode": 79.0, "batch_reward": 0.37171875, "critic_loss": 6.676507919311524, "actor_loss": -35.34311175537109, "alpha_loss": 0.042219933077692985, "alpha_value": 0.04677434116601944, "duration": 97.31116914749146, "step": 19750}
{"episode_reward": 7.0, "episode": 80.0, "batch_reward": 0.3705625, "critic_loss": 8.180933062553406, "actor_loss": -36.01281370544434, "alpha_loss": 0.03629657033830881, "alpha_value": 0.046191603660583495, "duration": 96.97703146934509, "step": 20000}
{"episode_reward": 20.0, "episode": 81.0, "batch_reward": 0.37396875, "critic_loss": 26.74308968734741, "actor_loss": -35.59049240112304, "alpha_loss": 0.02087971079349518, "alpha_value": 0.04571776193380356, "duration": 113.24475312232971, "step": 20250}
{"episode_reward": 24.0, "episode": 82.0, "batch_reward": 0.3610625, "critic_loss": 8.432347378730775, "actor_loss": -35.435251602172855, "alpha_loss": 0.02923336713388562, "alpha_value": 0.045425738781690594, "duration": 97.81618881225586, "step": 20500}
{"episode_reward": 471.0, "episode": 83.0, "batch_reward": 0.388875, "critic_loss": 6.744225924491882, "actor_loss": -36.419816497802735, "alpha_loss": 0.029342322189360857, "alpha_value": 0.044968482166528705, "duration": 96.81822919845581, "step": 20750}
{"episode_reward": 31.0, "episode": 84.0, "batch_reward": 0.38453125, "critic_loss": 6.375509376525879, "actor_loss": -36.19846557617188, "alpha_loss": 0.027872056618332863, "alpha_value": 0.04454117557406426, "duration": 96.74536561965942, "step": 21000}
{"episode_reward": 11.0, "episode": 85.0, "batch_reward": 0.37259375, "critic_loss": 20.88358155155182, "actor_loss": -38.100364929199216, "alpha_loss": 0.02350921437330544, "alpha_value": 0.044136302322149275, "duration": 96.98067474365234, "step": 21250}
{"episode_reward": 51.0, "episode": 86.0, "batch_reward": 0.36715625, "critic_loss": 23.42550334739685, "actor_loss": -38.43327574157715, "alpha_loss": 0.02218307906202972, "alpha_value": 0.04378310334682465, "duration": 97.25961565971375, "step": 21500}
{"episode_reward": 7.0, "episode": 87.0, "batch_reward": 0.371625, "critic_loss": 16.176494800567628, "actor_loss": -37.928260864257815, "alpha_loss": 0.026826695865020157, "alpha_value": 0.04340675112605095, "duration": 97.34357142448425, "step": 21750}
{"episode_reward": 0.0, "episode": 88.0, "batch_reward": 0.384, "critic_loss": 13.730673690795898, "actor_loss": -40.98595472717285, "alpha_loss": 0.02626600878685713, "alpha_value": 0.04296755713224411, "duration": 96.73085856437683, "step": 22000}
{"episode_reward": 547.0, "episode": 89.0, "batch_reward": 0.383125, "critic_loss": 16.974125261306764, "actor_loss": -41.227644500732424, "alpha_loss": 0.027309159118682147, "alpha_value": 0.04252536758780479, "duration": 96.47890210151672, "step": 22250}
{"episode_reward": 10.0, "episode": 90.0, "batch_reward": 0.38203125, "critic_loss": 11.630615224838257, "actor_loss": -40.417960861206055, "alpha_loss": 0.0329361882507801, "alpha_value": 0.04206175720691681, "duration": 97.01379156112671, "step": 22500}
{"episode_reward": 29.0, "episode": 91.0, "batch_reward": 0.38290625, "critic_loss": 11.921210301399231, "actor_loss": -40.57361235046387, "alpha_loss": 0.030543552063405515, "alpha_value": 0.041527866512537, "duration": 97.54327607154846, "step": 22750}
{"episode_reward": 184.0, "episode": 92.0, "batch_reward": 0.37946875, "critic_loss": 11.44152864074707, "actor_loss": -41.25424256896973, "alpha_loss": 0.030246889300644397, "alpha_value": 0.041061981171369555, "duration": 96.94647550582886, "step": 23000}
{"episode_reward": 3.0, "episode": 93.0, "batch_reward": 0.386375, "critic_loss": 10.734344294548034, "actor_loss": -41.61732316589355, "alpha_loss": 0.029369376230984925, "alpha_value": 0.040586674213409425, "duration": 97.277423620224, "step": 23250}
{"episode_reward": 199.0, "episode": 94.0, "batch_reward": 0.385875, "critic_loss": 11.066768957138061, "actor_loss": -41.24328088378906, "alpha_loss": 0.025396664375439287, "alpha_value": 0.04015793853998184, "duration": 96.936776638031, "step": 23500}
{"episode_reward": 229.0, "episode": 95.0, "batch_reward": 0.38646875, "critic_loss": 11.750540334701538, "actor_loss": -41.454518859863285, "alpha_loss": 0.02728673466295004, "alpha_value": 0.03974449723958969, "duration": 97.00198888778687, "step": 23750}
{"episode_reward": 78.0, "episode": 96.0, "batch_reward": 0.3768125, "critic_loss": 11.691112010002136, "actor_loss": -41.61309750366211, "alpha_loss": 0.022399741843342782, "alpha_value": 0.03934828481078148, "duration": 96.79611468315125, "step": 24000}
{"episode_reward": 26.0, "episode": 97.0, "batch_reward": 0.387125, "critic_loss": 12.439250621795654, "actor_loss": -41.88560261535645, "alpha_loss": 0.023861315247602762, "alpha_value": 0.03900162303447723, "duration": 96.57662534713745, "step": 24250}
{"episode_reward": 5.0, "episode": 98.0, "batch_reward": 0.38325, "critic_loss": 11.288347702980042, "actor_loss": -43.44895724487305, "alpha_loss": 0.02049218407459557, "alpha_value": 0.03862886044383049, "duration": 97.18194508552551, "step": 24500}
{"episode_reward": 44.0, "episode": 99.0, "batch_reward": 0.3798125, "critic_loss": 11.322305154800414, "actor_loss": -42.85522160339355, "alpha_loss": 0.021357082502916454, "alpha_value": 0.03827933585643768, "duration": 97.33545517921448, "step": 24750}
{"episode_reward": 22.0, "episode": 100.0, "batch_reward": 0.37415625, "critic_loss": 9.1101764087677, "actor_loss": -42.578556762695314, "alpha_loss": 0.024631539959460498, "alpha_value": 0.03791361439228058, "duration": 97.33878302574158, "step": 25000}
{"episode_reward": 25.0, "episode": 101.0, "batch_reward": 0.3788125, "critic_loss": 9.911314805030823, "actor_loss": -43.3136175994873, "alpha_loss": 0.020901255182921886, "alpha_value": 0.037525518089532854, "duration": 96.7969970703125, "step": 25250}
{"episode_reward": 258.0, "episode": 102.0, "batch_reward": 0.38921875, "critic_loss": 8.620832195281983, "actor_loss": -43.18641354370117, "alpha_loss": 0.018567911598831414, "alpha_value": 0.03719552698731422, "duration": 97.1115026473999, "step": 25500}
{"episode_reward": 0.0, "episode": 103.0, "batch_reward": 0.3875, "critic_loss": 9.921744473457336, "actor_loss": -44.18128158569336, "alpha_loss": 0.017561233831569552, "alpha_value": 0.036883698046207426, "duration": 96.87914943695068, "step": 25750}
{"episode_reward": 981.0, "episode": 104.0, "batch_reward": 0.3985625, "critic_loss": 9.932221950531005, "actor_loss": -45.34544171142578, "alpha_loss": 0.018676719758659602, "alpha_value": 0.036569845616817476, "duration": 97.41288638114929, "step": 26000}
{"episode_reward": 12.0, "episode": 105.0, "batch_reward": 0.4135625, "critic_loss": 13.04375789642334, "actor_loss": -46.195353118896485, "alpha_loss": 0.015548282813280821, "alpha_value": 0.03628893840312958, "duration": 97.43779635429382, "step": 26250}
{"episode_reward": 17.0, "episode": 106.0, "batch_reward": 0.4275625, "critic_loss": 10.767655048370361, "actor_loss": -47.151554748535155, "alpha_loss": 0.017350105445832015, "alpha_value": 0.035960773229599, "duration": 97.41725087165833, "step": 26500}
{"episode_reward": 377.0, "episode": 107.0, "batch_reward": 0.42546875, "critic_loss": 10.616621883392334, "actor_loss": -46.034439392089844, "alpha_loss": 0.014687898855656386, "alpha_value": 0.035676253587007524, "duration": 96.87199878692627, "step": 26750}
{"episode_reward": 204.0, "episode": 108.0, "batch_reward": 0.41421875, "critic_loss": 12.38313510131836, "actor_loss": -46.43872662353515, "alpha_loss": 0.015512714110314846, "alpha_value": 0.03539319750666618, "duration": 97.011057138443, "step": 27000}
{"episode_reward": 24.0, "episode": 109.0, "batch_reward": 0.41709375, "critic_loss": 10.445629563331604, "actor_loss": -46.73021740722656, "alpha_loss": 0.010929888607002794, "alpha_value": 0.035152915328741076, "duration": 97.24346208572388, "step": 27250}
{"episode_reward": 313.0, "episode": 110.0, "batch_reward": 0.42953125, "critic_loss": 10.62616201210022, "actor_loss": -47.47734945678711, "alpha_loss": 0.014269375166855752, "alpha_value": 0.03489496922492981, "duration": 97.35131621360779, "step": 27500}
{"episode_reward": 57.0, "episode": 111.0, "batch_reward": 0.44515625, "critic_loss": 11.40679660320282, "actor_loss": -48.792482147216795, "alpha_loss": 0.011929516192525625, "alpha_value": 0.03460855507850647, "duration": 96.73067140579224, "step": 27750}
{"episode_reward": 985.0, "episode": 112.0, "batch_reward": 0.44721875, "critic_loss": 9.785683862686158, "actor_loss": -49.76962750244141, "alpha_loss": 0.012608824209310114, "alpha_value": 0.03437426441907883, "duration": 96.59960794448853, "step": 28000}
{"episode_reward": 48.0, "episode": 113.0, "batch_reward": 0.44775, "critic_loss": 8.641295157432555, "actor_loss": -49.482986328125, "alpha_loss": 0.011031000223010779, "alpha_value": 0.03413150277733803, "duration": 97.38045001029968, "step": 28250}
{"episode_reward": 18.0, "episode": 114.0, "batch_reward": 0.44671875, "critic_loss": 17.914753723144532, "actor_loss": -49.21961352539063, "alpha_loss": 0.009041838619858026, "alpha_value": 0.033871134340763095, "duration": 96.72642612457275, "step": 28500}
{"episode_reward": 5.0, "episode": 115.0, "batch_reward": 0.44690625, "critic_loss": 9.322416459083557, "actor_loss": -49.611631622314455, "alpha_loss": 0.01037508428748697, "alpha_value": 0.03369619795680046, "duration": 97.79467988014221, "step": 28750}
{"episode_reward": 18.0, "episode": 116.0, "batch_reward": 0.4465625, "critic_loss": 9.68082315158844, "actor_loss": -49.97308042907715, "alpha_loss": 0.012603230508044362, "alpha_value": 0.03344349092245102, "duration": 97.80478525161743, "step": 29000}
{"episode_reward": 43.0, "episode": 117.0, "batch_reward": 0.4415, "critic_loss": 12.7890336227417, "actor_loss": -49.62505206298828, "alpha_loss": 0.01251734339632094, "alpha_value": 0.033149420976638796, "duration": 96.09729433059692, "step": 29250}
{"episode_reward": 38.0, "episode": 118.0, "batch_reward": 0.44971875, "critic_loss": 73.38489408111572, "actor_loss": -50.07851467895508, "alpha_loss": -0.007323758408427239, "alpha_value": 0.03304274463653564, "duration": 97.69500350952148, "step": 29500}
{"episode_reward": 811.0, "episode": 119.0, "batch_reward": 0.4664375, "critic_loss": 14.503015554428101, "actor_loss": -51.55933911132813, "alpha_loss": 0.006691339925862848, "alpha_value": 0.033047619670629504, "duration": 97.74459958076477, "step": 29750}
{"episode_reward": 0.0, "episode": 120.0, "batch_reward": 0.45278125, "critic_loss": 12.4322622756958, "actor_loss": -50.502858154296874, "alpha_loss": 0.007446671325713396, "alpha_value": 0.032916933059692385, "duration": 97.44907879829407, "step": 30000}
{"episode_reward": 4.0, "episode": 121.0, "batch_reward": 0.4596875, "critic_loss": 35.45149467277527, "actor_loss": -51.50122702026367, "alpha_loss": -0.008729636718519031, "alpha_value": 0.03284740036725998, "duration": 113.33717012405396, "step": 30250}
{"episode_reward": 161.0, "episode": 122.0, "batch_reward": 0.45384375, "critic_loss": 22.619282665252687, "actor_loss": -51.5493078918457, "alpha_loss": -0.020589942355640233, "alpha_value": 0.0332613040804863, "duration": 96.78867101669312, "step": 30500}
{"episode_reward": 844.0, "episode": 123.0, "batch_reward": 0.46796875, "critic_loss": 16.670841733932495, "actor_loss": -51.960963592529296, "alpha_loss": -0.019000991132110356, "alpha_value": 0.03367427217960357, "duration": 97.09492421150208, "step": 30750}
{"episode_reward": 49.0, "episode": 124.0, "batch_reward": 0.47196875, "critic_loss": 17.516207710266112, "actor_loss": -51.59859426879883, "alpha_loss": -0.01603184723481536, "alpha_value": 0.034055181950330735, "duration": 96.86362361907959, "step": 31000}
{"episode_reward": 113.0, "episode": 125.0, "batch_reward": 0.473125, "critic_loss": 15.47108554649353, "actor_loss": -53.00484649658203, "alpha_loss": -0.01582406615652144, "alpha_value": 0.03440919798612595, "duration": 96.4258861541748, "step": 31250}
{"episode_reward": 18.0, "episode": 126.0, "batch_reward": 0.469125, "critic_loss": 15.580443853378297, "actor_loss": -53.24435598754883, "alpha_loss": -0.01359947405802086, "alpha_value": 0.0347427468597889, "duration": 96.89888286590576, "step": 31500}
{"episode_reward": 25.0, "episode": 127.0, "batch_reward": 0.47725, "critic_loss": 18.48446919631958, "actor_loss": -53.68257891845703, "alpha_loss": -0.007418658756650984, "alpha_value": 0.034998775690793994, "duration": 97.32020902633667, "step": 31750}
{"episode_reward": 7.0, "episode": 128.0, "batch_reward": 0.46959375, "critic_loss": 16.038927282333376, "actor_loss": -53.381481048583986, "alpha_loss": -0.00522215841896832, "alpha_value": 0.0351364221572876, "duration": 96.98477363586426, "step": 32000}
{"episode_reward": 11.0, "episode": 129.0, "batch_reward": 0.46184375, "critic_loss": 25.227944557189943, "actor_loss": -55.25246243286133, "alpha_loss": -0.003909600189886987, "alpha_value": 0.035281727790832516, "duration": 97.40599346160889, "step": 32250}
{"episode_reward": 0.0, "episode": 130.0, "batch_reward": 0.45984375, "critic_loss": 15.599256063461304, "actor_loss": -55.122333038330076, "alpha_loss": -0.0020435213716700675, "alpha_value": 0.03534022575616837, "duration": 97.49352550506592, "step": 32500}
{"episode_reward": 154.0, "episode": 131.0, "batch_reward": 0.45825, "critic_loss": 12.368006256103516, "actor_loss": -53.983576141357425, "alpha_loss": 0.0004191217701882124, "alpha_value": 0.035372511863708496, "duration": 97.65821552276611, "step": 32750}
{"episode_reward": 18.0, "episode": 132.0, "batch_reward": 0.46596875, "critic_loss": 12.417644500732422, "actor_loss": -54.45512103271484, "alpha_loss": 0.0019582180520519616, "alpha_value": 0.035319548189640046, "duration": 97.39165472984314, "step": 33000}
{"episode_reward": 275.0, "episode": 133.0, "batch_reward": 0.45559375, "critic_loss": 23.47176124572754, "actor_loss": -54.71583041381836, "alpha_loss": 0.00045656247017905117, "alpha_value": 0.03531339141726494, "duration": 97.39910578727722, "step": 33250}
{"episode_reward": 0.0, "episode": 134.0, "batch_reward": 0.453875, "critic_loss": 34.09665734481811, "actor_loss": -54.185189086914065, "alpha_loss": 0.0011166930766776204, "alpha_value": 0.03524791261553764, "duration": 97.67851781845093, "step": 33500}
{"episode_reward": 29.0, "episode": 135.0, "batch_reward": 0.4395, "critic_loss": 11.144789299011231, "actor_loss": -54.77586898803711, "alpha_loss": 0.0038317276551388204, "alpha_value": 0.03518012610077858, "duration": 97.55456757545471, "step": 33750}
{"episode_reward": 34.0, "episode": 136.0, "batch_reward": 0.46015625, "critic_loss": 10.187409591674804, "actor_loss": -54.37561697387695, "alpha_loss": 0.005723205990158022, "alpha_value": 0.035029717653989795, "duration": 97.82444977760315, "step": 34000}
{"episode_reward": 246.0, "episode": 137.0, "batch_reward": 0.4564375, "critic_loss": 13.859955945968627, "actor_loss": -57.00146118164062, "alpha_loss": 0.006314473608508706, "alpha_value": 0.034808806866407395, "duration": 97.00195789337158, "step": 34250}
{"episode_reward": 151.0, "episode": 138.0, "batch_reward": 0.4626875, "critic_loss": 10.57927103805542, "actor_loss": -57.63880828857422, "alpha_loss": 0.008170600825920702, "alpha_value": 0.0345796639919281, "duration": 97.29800462722778, "step": 34500}
{"episode_reward": 149.0, "episode": 139.0, "batch_reward": 0.4694375, "critic_loss": 10.918956722259521, "actor_loss": -58.56300268554688, "alpha_loss": 0.005201881269924343, "alpha_value": 0.034328447222709654, "duration": 97.45734977722168, "step": 34750}
{"episode_reward": 14.0, "episode": 140.0, "batch_reward": 0.442625, "critic_loss": 10.614742181777954, "actor_loss": -58.313812896728514, "alpha_loss": 0.007964890805073082, "alpha_value": 0.034103380262851715, "duration": 96.96434926986694, "step": 35000}
{"episode_reward": 100.0, "episode": 141.0, "batch_reward": 0.45384375, "critic_loss": 9.714479187011719, "actor_loss": -57.67298348999024, "alpha_loss": 0.009598824823275209, "alpha_value": 0.0338059689104557, "duration": 97.61590600013733, "step": 35250}
{"episode_reward": 6.0, "episode": 142.0, "batch_reward": 0.4528125, "critic_loss": 10.916833541870117, "actor_loss": -59.04573275756836, "alpha_loss": 0.005053023791871965, "alpha_value": 0.03352742490172386, "duration": 96.72988200187683, "step": 35500}
{"episode_reward": 201.0, "episode": 143.0, "batch_reward": 0.4585625, "critic_loss": 36.42663038635254, "actor_loss": -59.927107421875, "alpha_loss": -0.001798525146441534, "alpha_value": 0.03343736162781715, "duration": 96.68563222885132, "step": 35750}
{"episode_reward": 211.0, "episode": 144.0, "batch_reward": 0.45325, "critic_loss": 22.84607907485962, "actor_loss": -57.878868408203125, "alpha_loss": -0.006903384626377374, "alpha_value": 0.03362712171673775, "duration": 96.82593607902527, "step": 36000}
{"episode_reward": 52.0, "episode": 145.0, "batch_reward": 0.45815625, "critic_loss": 11.992693933486938, "actor_loss": -59.04693817138672, "alpha_loss": -0.0026620453037321566, "alpha_value": 0.03376693877577781, "duration": 97.57950377464294, "step": 36250}
{"episode_reward": 25.0, "episode": 146.0, "batch_reward": 0.4531875, "critic_loss": 12.383778394699096, "actor_loss": -58.68194869995117, "alpha_loss": -0.0003873831545934081, "alpha_value": 0.033839543104171754, "duration": 97.91767835617065, "step": 36500}
{"episode_reward": 44.0, "episode": 147.0, "batch_reward": 0.46578125, "critic_loss": 18.051649631500243, "actor_loss": -59.359838439941406, "alpha_loss": -0.0008181866067461669, "alpha_value": 0.03382142108678818, "duration": 97.24298429489136, "step": 36750}
{"episode_reward": 9.0, "episode": 148.0, "batch_reward": 0.4443125, "critic_loss": 19.33924439239502, "actor_loss": -59.447438720703126, "alpha_loss": -0.004030992047395557, "alpha_value": 0.03403319025039673, "duration": 96.30886793136597, "step": 37000}
{"episode_reward": 12.0, "episode": 149.0, "batch_reward": 0.452875, "critic_loss": 10.884381734848022, "actor_loss": -61.32761672973633, "alpha_loss": 0.0015492130271159113, "alpha_value": 0.034035729855299, "duration": 96.98653030395508, "step": 37250}
{"episode_reward": 35.0, "episode": 150.0, "batch_reward": 0.44484375, "critic_loss": 15.780854488372803, "actor_loss": -60.445373565673826, "alpha_loss": 0.0025575697268359365, "alpha_value": 0.03396983307600021, "duration": 97.60522961616516, "step": 37500}
{"episode_reward": 4.0, "episode": 151.0, "batch_reward": 0.45053125, "critic_loss": 10.143137683868408, "actor_loss": -60.86187408447265, "alpha_loss": 0.004082187990192324, "alpha_value": 0.03383316570520401, "duration": 97.84023094177246, "step": 37750}
{"episode_reward": 668.0, "episode": 152.0, "batch_reward": 0.4676875, "critic_loss": 9.800550773620605, "actor_loss": -61.076517486572264, "alpha_loss": 0.006988152740988881, "alpha_value": 0.03355632302165031, "duration": 97.79457569122314, "step": 38000}
{"episode_reward": 958.0, "episode": 153.0, "batch_reward": 0.4716875, "critic_loss": 9.955899330139161, "actor_loss": -60.941002380371096, "alpha_loss": 0.003966066398657858, "alpha_value": 0.033319436639547347, "duration": 97.31192827224731, "step": 38250}
{"episode_reward": 30.0, "episode": 154.0, "batch_reward": 0.46871875, "critic_loss": 9.896367151260376, "actor_loss": -59.50519271850586, "alpha_loss": 0.004122306670527905, "alpha_value": 0.03316502115130424, "duration": 97.60896944999695, "step": 38500}
{"episode_reward": 0.0, "episode": 155.0, "batch_reward": 0.4838125, "critic_loss": 9.323921124458312, "actor_loss": -61.71383514404297, "alpha_loss": 0.002054977341555059, "alpha_value": 0.03304627999663353, "duration": 97.32019352912903, "step": 38750}
{"episode_reward": 956.0, "episode": 156.0, "batch_reward": 0.49053125, "critic_loss": 9.453410499572755, "actor_loss": -63.02245663452148, "alpha_loss": 0.004926316356286407, "alpha_value": 0.03291482529044151, "duration": 97.3791069984436, "step": 39000}
{"episode_reward": 0.0, "episode": 157.0, "batch_reward": 0.49228125, "critic_loss": 10.405713329315185, "actor_loss": -61.845340240478514, "alpha_loss": 0.004038973670918495, "alpha_value": 0.03270003083348274, "duration": 97.54673290252686, "step": 39250}
{"episode_reward": 13.0, "episode": 158.0, "batch_reward": 0.49403125, "critic_loss": 13.214283332824706, "actor_loss": -61.64776187133789, "alpha_loss": 0.0053623173702508214, "alpha_value": 0.03251997926831245, "duration": 97.14951848983765, "step": 39500}
{"episode_reward": 212.0, "episode": 159.0, "batch_reward": 0.49221875, "critic_loss": 23.038809881210327, "actor_loss": -62.69684014892578, "alpha_loss": -7.594583928585053e-05, "alpha_value": 0.032395384758710864, "duration": 97.68860030174255, "step": 39750}
{"episode_reward": 338.0, "episode": 160.0, "batch_reward": 0.49159375, "critic_loss": 11.13050026512146, "actor_loss": -62.84292718505859, "alpha_loss": 0.0021730765742249787, "alpha_value": 0.032310876578092576, "duration": 97.15045118331909, "step": 40000}
{"episode_reward": 0.0, "episode": 161.0, "batch_reward": 0.48746875, "critic_loss": 10.619570209503173, "actor_loss": -62.332339874267575, "alpha_loss": 0.0029795225211419166, "alpha_value": 0.03223847234249115, "duration": 113.3076536655426, "step": 40250}
{"episode_reward": 0.0, "episode": 162.0, "batch_reward": 0.49721875, "critic_loss": 11.289885107040405, "actor_loss": -64.82516653442383, "alpha_loss": 0.0011138366744853556, "alpha_value": 0.032143359512090686, "duration": 97.04142689704895, "step": 40500}
{"episode_reward": 901.0, "episode": 163.0, "batch_reward": 0.5074375, "critic_loss": 37.249626508712765, "actor_loss": -63.76093060302735, "alpha_loss": -0.005912627479992807, "alpha_value": 0.03223013427853584, "duration": 97.48212933540344, "step": 40750}
{"episode_reward": 0.0, "episode": 164.0, "batch_reward": 0.50346875, "critic_loss": 11.563493980407715, "actor_loss": -63.850937866210934, "alpha_loss": 0.0011993878302164376, "alpha_value": 0.03237186148762703, "duration": 97.08525204658508, "step": 41000}
{"episode_reward": 0.0, "episode": 165.0, "batch_reward": 0.520375, "critic_loss": 10.958583330154418, "actor_loss": -64.54449420166016, "alpha_loss": 0.003547267916612327, "alpha_value": 0.032246947795152664, "duration": 97.27721738815308, "step": 41250}
{"episode_reward": 326.0, "episode": 166.0, "batch_reward": 0.50359375, "critic_loss": 13.433398103713989, "actor_loss": -63.539686706542966, "alpha_loss": 0.0015099306385964156, "alpha_value": 0.03213885149359703, "duration": 97.22297978401184, "step": 41500}
{"episode_reward": 5.0, "episode": 167.0, "batch_reward": 0.52078125, "critic_loss": 12.020662307739258, "actor_loss": -64.34502096557617, "alpha_loss": 0.00033557090675458314, "alpha_value": 0.032097159326076506, "duration": 96.37460947036743, "step": 41750}
{"episode_reward": 993.0, "episode": 168.0, "batch_reward": 0.5315, "critic_loss": 12.006929674148559, "actor_loss": -64.8497400817871, "alpha_loss": -0.0017470381148159504, "alpha_value": 0.03212649461627007, "duration": 97.06363606452942, "step": 42000}
{"episode_reward": 7.0, "episode": 169.0, "batch_reward": 0.5221875, "critic_loss": 11.887010471343995, "actor_loss": -66.45102282714844, "alpha_loss": 0.001368896681815386, "alpha_value": 0.03214859429001808, "duration": 97.4656310081482, "step": 42250}
{"episode_reward": 909.0, "episode": 170.0, "batch_reward": 0.52671875, "critic_loss": 12.374912178039551, "actor_loss": -64.55320950317383, "alpha_loss": 7.912166649475693e-05, "alpha_value": 0.03211616459488869, "duration": 96.98181915283203, "step": 42500}
{"episode_reward": 342.0, "episode": 171.0, "batch_reward": 0.54003125, "critic_loss": 12.963333721160888, "actor_loss": -67.01500805664062, "alpha_loss": 0.0009234096962027252, "alpha_value": 0.03207020348310471, "duration": 97.19832348823547, "step": 42750}
{"episode_reward": 60.0, "episode": 172.0, "batch_reward": 0.55540625, "critic_loss": 11.47740382194519, "actor_loss": -68.44814199829102, "alpha_loss": -0.0018436515945941209, "alpha_value": 0.03212718677520752, "duration": 97.47570371627808, "step": 43000}
{"episode_reward": 27.0, "episode": 173.0, "batch_reward": 0.53525, "critic_loss": 14.180500185012818, "actor_loss": -67.00571124267579, "alpha_loss": 0.0009515738738700748, "alpha_value": 0.0320990307033062, "duration": 97.83050870895386, "step": 43250}
{"episode_reward": 55.0, "episode": 174.0, "batch_reward": 0.53696875, "critic_loss": 13.179983570098877, "actor_loss": -66.85266152954101, "alpha_loss": -0.0018923267517238856, "alpha_value": 0.03211194032430649, "duration": 96.95289444923401, "step": 43500}
{"episode_reward": 0.0, "episode": 175.0, "batch_reward": 0.54190625, "critic_loss": 12.878310432434082, "actor_loss": -67.67332443237305, "alpha_loss": -0.004132585637271404, "alpha_value": 0.03230938759446144, "duration": 96.48989391326904, "step": 43750}
{"episode_reward": 960.0, "episode": 176.0, "batch_reward": 0.55853125, "critic_loss": 12.541923894882203, "actor_loss": -69.21968325805663, "alpha_loss": -0.00040640992438420654, "alpha_value": 0.03245570331811905, "duration": 97.84467244148254, "step": 44000}
{"episode_reward": 16.0, "episode": 177.0, "batch_reward": 0.55428125, "critic_loss": 13.622762603759766, "actor_loss": -70.73012237548828, "alpha_loss": 0.001488205446396023, "alpha_value": 0.0323846609890461, "duration": 98.00599265098572, "step": 44250}
{"episode_reward": 27.0, "episode": 178.0, "batch_reward": 0.5381875, "critic_loss": 12.10858629989624, "actor_loss": -69.0160224609375, "alpha_loss": 0.0007213919069617987, "alpha_value": 0.032331473052501676, "duration": 95.77483415603638, "step": 44500}
{"episode_reward": 15.0, "episode": 179.0, "batch_reward": 0.5488125, "critic_loss": 11.926780591964722, "actor_loss": -68.92630157470703, "alpha_loss": -0.0020627422779798507, "alpha_value": 0.032348018556833266, "duration": 96.471750497818, "step": 44750}
{"episode_reward": 88.0, "episode": 180.0, "batch_reward": 0.54925, "critic_loss": 12.578598157882691, "actor_loss": -69.0920791015625, "alpha_loss": 0.0023534736977890132, "alpha_value": 0.032403326123952865, "duration": 96.85887360572815, "step": 45000}
{"episode_reward": 976.0, "episode": 181.0, "batch_reward": 0.56990625, "critic_loss": 12.17927170562744, "actor_loss": -71.97733697509766, "alpha_loss": 0.00029957337491214275, "alpha_value": 0.032268852323293684, "duration": 97.82309484481812, "step": 45250}
{"episode_reward": 3.0, "episode": 182.0, "batch_reward": 0.56484375, "critic_loss": 12.775503326416016, "actor_loss": -70.59668933105469, "alpha_loss": 0.002128315263427794, "alpha_value": 0.03222352781891823, "duration": 98.75929164886475, "step": 45500}
{"episode_reward": 197.0, "episode": 183.0, "batch_reward": 0.5550625, "critic_loss": 12.314795766830445, "actor_loss": -69.87963980102539, "alpha_loss": 0.0012438204986974597, "alpha_value": 0.03213581910729408, "duration": 98.94448733329773, "step": 45750}
{"episode_reward": 0.0, "episode": 184.0, "batch_reward": 0.5758125, "critic_loss": 19.011906482696535, "actor_loss": -71.06307339477539, "alpha_loss": -0.0034224568656645716, "alpha_value": 0.0321723610162735, "duration": 98.65587377548218, "step": 46000}
{"episode_reward": 7.0, "episode": 185.0, "batch_reward": 0.56559375, "critic_loss": 28.721912967681885, "actor_loss": -70.60929382324218, "alpha_loss": -0.004962120625190437, "alpha_value": 0.03238234415650368, "duration": 97.67099237442017, "step": 46250}
{"episode_reward": 32.0, "episode": 186.0, "batch_reward": 0.5521875, "critic_loss": 17.588380016326905, "actor_loss": -69.77655874633788, "alpha_loss": -0.0036194151951931416, "alpha_value": 0.03262303334474564, "duration": 98.87822556495667, "step": 46500}
{"episode_reward": 0.0, "episode": 187.0, "batch_reward": 0.567875, "critic_loss": 12.994028383255005, "actor_loss": -71.34740908813477, "alpha_loss": 0.005324484310112894, "alpha_value": 0.032587578237056734, "duration": 97.73269057273865, "step": 46750}
{"episode_reward": 975.0, "episode": 188.0, "batch_reward": 0.566125, "critic_loss": 10.210304264068604, "actor_loss": -73.71953106689453, "alpha_loss": 0.0012723656739108264, "alpha_value": 0.032414511799812314, "duration": 101.0599434375763, "step": 47000}
{"episode_reward": 18.0, "episode": 189.0, "batch_reward": 0.56953125, "critic_loss": 11.131028335571289, "actor_loss": -72.66645980834961, "alpha_loss": -0.0003801595610566437, "alpha_value": 0.032397929549217226, "duration": 104.48717427253723, "step": 47250}
{"episode_reward": 564.0, "episode": 190.0, "batch_reward": 0.58875, "critic_loss": 10.337047695159912, "actor_loss": -74.32977130126953, "alpha_loss": 0.001476565751247108, "alpha_value": 0.032367945790290835, "duration": 107.03185558319092, "step": 47500}
{"episode_reward": 982.0, "episode": 191.0, "batch_reward": 0.59503125, "critic_loss": 23.495562284469603, "actor_loss": -75.70605395507812, "alpha_loss": 0.0005729224197566509, "alpha_value": 0.032301011592149736, "duration": 108.1309232711792, "step": 47750}
{"episode_reward": 10.0, "episode": 192.0, "batch_reward": 0.590625, "critic_loss": 11.137770135879517, "actor_loss": -74.68983798217774, "alpha_loss": 0.0004500106992200017, "alpha_value": 0.03228215318918228, "duration": 107.50073671340942, "step": 48000}
{"episode_reward": 441.0, "episode": 193.0, "batch_reward": 0.60196875, "critic_loss": 10.060266263961791, "actor_loss": -75.50833786010742, "alpha_loss": 0.001961434068158269, "alpha_value": 0.032212767869234084, "duration": 108.85650181770325, "step": 48250}
{"episode_reward": 11.0, "episode": 194.0, "batch_reward": 0.59821875, "critic_loss": 9.841498123168945, "actor_loss": -75.62313684082031, "alpha_loss": 0.004391651450656354, "alpha_value": 0.03209182664752006, "duration": 107.78343415260315, "step": 48500}
{"episode_reward": 869.0, "episode": 195.0, "batch_reward": 0.60384375, "critic_loss": 12.854865718841554, "actor_loss": -76.6581596069336, "alpha_loss": 0.0029783724150620403, "alpha_value": 0.03188914641737938, "duration": 107.13399767875671, "step": 48750}
{"episode_reward": 8.0, "episode": 196.0, "batch_reward": 0.62159375, "critic_loss": 10.510779802322388, "actor_loss": -77.01252297973633, "alpha_loss": 0.0022100429041311143, "alpha_value": 0.03177661564946175, "duration": 108.23626041412354, "step": 49000}
{"episode_reward": 980.0, "episode": 197.0, "batch_reward": 0.6219375, "critic_loss": 10.845565532684326, "actor_loss": -77.25502416992188, "alpha_loss": -0.0008170519787818193, "alpha_value": 0.031690891921520234, "duration": 108.03859996795654, "step": 49250}
{"episode_reward": 967.0, "episode": 198.0, "batch_reward": 0.63396875, "critic_loss": 10.065023569107055, "actor_loss": -78.71427001953126, "alpha_loss": -0.00037577206641435624, "alpha_value": 0.03172264602780342, "duration": 108.14331531524658, "step": 49500}
{"episode_reward": 54.0, "episode": 199.0, "batch_reward": 0.6509375, "critic_loss": 11.856700510025025, "actor_loss": -81.3252455444336, "alpha_loss": 0.000256509049795568, "alpha_value": 0.031751597344875336, "duration": 107.72299909591675, "step": 49750}
{"episode_reward": 894.0, "episode": 200.0, "batch_reward": 0.6365625, "critic_loss": 31.696156816482542, "actor_loss": -78.41121697998047, "alpha_loss": -0.00047191644459962845, "alpha_value": 0.03170802339911461, "duration": 107.82251930236816, "step": 50000}
{"episode_reward": 25.0, "episode": 201.0, "batch_reward": 0.66625, "critic_loss": 10.119107242584228, "actor_loss": -79.94761206054687, "alpha_loss": 0.0021636336725205183, "alpha_value": 0.03171031805872917, "duration": 122.90459823608398, "step": 50250}
{"episode_reward": 849.0, "episode": 202.0, "batch_reward": 0.654875, "critic_loss": 11.148930540084839, "actor_loss": -79.70151965332032, "alpha_loss": -0.0005021442165598273, "alpha_value": 0.03166689345240593, "duration": 107.32582378387451, "step": 50500}
{"episode_reward": 62.0, "episode": 203.0, "batch_reward": 0.658, "critic_loss": 11.032955234527588, "actor_loss": -79.6980553894043, "alpha_loss": -0.0007306016413494944, "alpha_value": 0.03168580251932144, "duration": 108.27092552185059, "step": 50750}
{"episode_reward": 20.0, "episode": 204.0, "batch_reward": 0.6411875, "critic_loss": 11.302711875915527, "actor_loss": -79.01913681030274, "alpha_loss": -0.0018039322616532445, "alpha_value": 0.03174715477228165, "duration": 107.79121041297913, "step": 51000}
{"episode_reward": 0.0, "episode": 205.0, "batch_reward": 0.6645, "critic_loss": 9.915328107833862, "actor_loss": -82.49245098876953, "alpha_loss": -0.003983223218470812, "alpha_value": 0.03192449244856834, "duration": 108.31326222419739, "step": 51250}
{"episode_reward": 0.0, "episode": 206.0, "batch_reward": 0.65165625, "critic_loss": 9.870138614654541, "actor_loss": -81.27011126708985, "alpha_loss": -0.004287161245010793, "alpha_value": 0.032131111800670624, "duration": 108.83768367767334, "step": 51500}
{"episode_reward": 14.0, "episode": 207.0, "batch_reward": 0.64809375, "critic_loss": 10.729259296417236, "actor_loss": -80.8486611328125, "alpha_loss": -0.0034104851358570157, "alpha_value": 0.032335835695266726, "duration": 108.21802806854248, "step": 51750}
{"episode_reward": 0.0, "episode": 208.0, "batch_reward": 0.645625, "critic_loss": 11.3206114692688, "actor_loss": -81.27538876342773, "alpha_loss": -0.0029845342906191946, "alpha_value": 0.03249468857049942, "duration": 108.27020168304443, "step": 52000}
{"episode_reward": 17.0, "episode": 209.0, "batch_reward": 0.624, "critic_loss": 13.323719429016114, "actor_loss": -80.8235927734375, "alpha_loss": -0.0002769942414015532, "alpha_value": 0.03260497272014618, "duration": 108.65902709960938, "step": 52250}
{"episode_reward": 56.0, "episode": 210.0, "batch_reward": 0.63525, "critic_loss": 12.596267625808716, "actor_loss": -79.46643887329101, "alpha_loss": -0.0004640478664077818, "alpha_value": 0.03259673520922661, "duration": 108.01375269889832, "step": 52500}
{"episode_reward": 0.0, "episode": 211.0, "batch_reward": 0.65115625, "critic_loss": 65.18291720199585, "actor_loss": -81.56750268554687, "alpha_loss": -0.0036909974263980984, "alpha_value": 0.03259593090415001, "duration": 108.45836615562439, "step": 52750}
{"episode_reward": 945.0, "episode": 212.0, "batch_reward": 0.644875, "critic_loss": 16.969104694366454, "actor_loss": -79.39185766601562, "alpha_loss": 0.0014579526628367603, "alpha_value": 0.03277707079052925, "duration": 107.55999946594238, "step": 53000}
{"episode_reward": 4.0, "episode": 213.0, "batch_reward": 0.6600625, "critic_loss": 15.031900384902954, "actor_loss": -81.92068951416016, "alpha_loss": 0.0034893474015407263, "alpha_value": 0.03262335249781609, "duration": 108.67114233970642, "step": 53250}
{"episode_reward": 5.0, "episode": 214.0, "batch_reward": 0.6616875, "critic_loss": 13.800531061172485, "actor_loss": -81.82511541748048, "alpha_loss": 0.005474699359387159, "alpha_value": 0.03244325593113899, "duration": 108.00382924079895, "step": 53500}
{"episode_reward": 0.0, "episode": 215.0, "batch_reward": 0.65725, "critic_loss": 12.489837001800536, "actor_loss": -83.2830092163086, "alpha_loss": 0.005544196601957083, "alpha_value": 0.032181633561849596, "duration": 108.10168552398682, "step": 53750}
{"episode_reward": 281.0, "episode": 216.0, "batch_reward": 0.65303125, "critic_loss": 15.008024471282958, "actor_loss": -83.4824091796875, "alpha_loss": 0.0031285659447312353, "alpha_value": 0.031945735454559324, "duration": 108.84388613700867, "step": 54000}
{"episode_reward": 0.0, "episode": 217.0, "batch_reward": 0.643, "critic_loss": 13.620016260147095, "actor_loss": -80.4398782043457, "alpha_loss": 0.003517449609003961, "alpha_value": 0.031819286555051805, "duration": 108.13227772712708, "step": 54250}
{"episode_reward": 0.0, "episode": 218.0, "batch_reward": 0.63834375, "critic_loss": 14.09134189414978, "actor_loss": -81.02084066772461, "alpha_loss": 0.004243089088704437, "alpha_value": 0.03162414720654488, "duration": 107.1658079624176, "step": 54500}
{"episode_reward": 13.0, "episode": 219.0, "batch_reward": 0.63746875, "critic_loss": 15.29771199798584, "actor_loss": -82.01246810913086, "alpha_loss": 0.0068853432461619376, "alpha_value": 0.0313927141726017, "duration": 107.98115110397339, "step": 54750}
{"episode_reward": 5.0, "episode": 220.0, "batch_reward": 0.64428125, "critic_loss": 32.23590739250183, "actor_loss": -81.99946817016601, "alpha_loss": 0.0025610768496990206, "alpha_value": 0.031123739033937455, "duration": 108.27133679389954, "step": 55000}
{"episode_reward": 985.0, "episode": 221.0, "batch_reward": 0.65696875, "critic_loss": 17.9641687335968, "actor_loss": -83.81129269409179, "alpha_loss": 0.00195941498875618, "alpha_value": 0.03105407877266407, "duration": 108.59417963027954, "step": 55250}
{"episode_reward": 952.0, "episode": 222.0, "batch_reward": 0.65534375, "critic_loss": 17.347393894195555, "actor_loss": -82.93778240966797, "alpha_loss": 0.002214547629002482, "alpha_value": 0.030987780809402465, "duration": 108.30948662757874, "step": 55500}
{"episode_reward": 0.0, "episode": 223.0, "batch_reward": 0.6489375, "critic_loss": 15.289888036727906, "actor_loss": -82.99536932373047, "alpha_loss": 0.005534584259148687, "alpha_value": 0.03078992947936058, "duration": 108.7123167514801, "step": 55750}
{"episode_reward": 27.0, "episode": 224.0, "batch_reward": 0.65921875, "critic_loss": 15.681771049499512, "actor_loss": -83.56937731933594, "alpha_loss": 0.0048975022835657, "alpha_value": 0.030530066385865213, "duration": 99.11688542366028, "step": 56000}
{"episode_reward": 24.0, "episode": 225.0, "batch_reward": 0.64653125, "critic_loss": 16.216611001968385, "actor_loss": -83.6592039489746, "alpha_loss": 0.003974899436347186, "alpha_value": 0.03037751668691635, "duration": 82.20942711830139, "step": 56250}
{"episode_reward": 42.0, "episode": 226.0, "batch_reward": 0.6443125, "critic_loss": 13.838402570724487, "actor_loss": -83.07093475341797, "alpha_loss": 0.004144715127069503, "alpha_value": 0.030181815713644027, "duration": 82.06748104095459, "step": 56500}
{"episode_reward": 5.0, "episode": 227.0, "batch_reward": 0.652875, "critic_loss": 14.249059425354003, "actor_loss": -84.97488064575195, "alpha_loss": 0.004944578116759658, "alpha_value": 0.02995064604282379, "duration": 82.36966347694397, "step": 56750}
{"episode_reward": 20.0, "episode": 228.0, "batch_reward": 0.6429375, "critic_loss": 13.68435365486145, "actor_loss": -85.2701522216797, "alpha_loss": 0.005046971791423857, "alpha_value": 0.029747238889336586, "duration": 81.7265112400055, "step": 57000}
{"episode_reward": 23.0, "episode": 229.0, "batch_reward": 0.63565625, "critic_loss": 13.255721940994263, "actor_loss": -84.4065437927246, "alpha_loss": 0.003906766102649272, "alpha_value": 0.02954694527387619, "duration": 81.60014247894287, "step": 57250}
{"episode_reward": 26.0, "episode": 230.0, "batch_reward": 0.64725, "critic_loss": 17.006571475982668, "actor_loss": -84.03120050048828, "alpha_loss": 0.0038520306097343565, "alpha_value": 0.02935415893793106, "duration": 81.7181568145752, "step": 57500}
{"episode_reward": 22.0, "episode": 231.0, "batch_reward": 0.65621875, "critic_loss": 76.24328716278076, "actor_loss": -83.06984619140626, "alpha_loss": -0.001629850042052567, "alpha_value": 0.02931056447327137, "duration": 81.55091786384583, "step": 57750}
{"episode_reward": 26.0, "episode": 232.0, "batch_reward": 0.6285625, "critic_loss": 20.44820079803467, "actor_loss": -82.49103100585937, "alpha_loss": 0.006764157090336085, "alpha_value": 0.029209048852324487, "duration": 81.62596869468689, "step": 58000}
{"episode_reward": 0.0, "episode": 233.0, "batch_reward": 0.645875, "critic_loss": 13.720735242843627, "actor_loss": -83.4394111328125, "alpha_loss": 0.007060153578408062, "alpha_value": 0.028940282583236693, "duration": 81.61056303977966, "step": 58250}
{"episode_reward": 213.0, "episode": 234.0, "batch_reward": 0.64365625, "critic_loss": 26.59516718864441, "actor_loss": -84.84805120849609, "alpha_loss": 0.005391920257825405, "alpha_value": 0.028644210442900657, "duration": 81.50806951522827, "step": 58500}
{"episode_reward": 39.0, "episode": 235.0, "batch_reward": 0.6289375, "critic_loss": 18.73590921020508, "actor_loss": -84.68999340820312, "alpha_loss": 0.0031879397262819112, "alpha_value": 0.028479715153574944, "duration": 81.38293123245239, "step": 58750}
{"episode_reward": 30.0, "episode": 236.0, "batch_reward": 0.62990625, "critic_loss": 16.32629483795166, "actor_loss": -84.35044104003906, "alpha_loss": -0.001331967104692012, "alpha_value": 0.02846225433051586, "duration": 91.72280931472778, "step": 59000}
{"episode_reward": 800.0, "episode": 237.0, "batch_reward": 0.6586875, "critic_loss": 14.904766500473022, "actor_loss": -85.9590307006836, "alpha_loss": -0.0008025167477317155, "alpha_value": 0.02849590153992176, "duration": 93.67858409881592, "step": 59250}
{"episode_reward": 966.0, "episode": 238.0, "batch_reward": 0.66075, "critic_loss": 14.998972583770753, "actor_loss": -87.54674554443359, "alpha_loss": 0.0015422602500766516, "alpha_value": 0.028484953865408898, "duration": 93.66795539855957, "step": 59500}
{"episode_reward": 0.0, "episode": 239.0, "batch_reward": 0.64365625, "critic_loss": 14.706844129562377, "actor_loss": -85.13871228027344, "alpha_loss": 0.0013373728939332068, "alpha_value": 0.02842450398206711, "duration": 93.56139159202576, "step": 59750}
{"episode_reward": 245.0, "episode": 240.0, "batch_reward": 0.66390625, "critic_loss": 15.936452257156372, "actor_loss": -86.83355651855469, "alpha_loss": 0.0026844102130271492, "alpha_value": 0.028344529464840888, "duration": 85.92475724220276, "step": 60000}
{"episode_reward": 7.0, "episode": 241.0, "batch_reward": 0.641, "critic_loss": 45.601452295303346, "actor_loss": -84.62273706054688, "alpha_loss": -0.0033407753410283477, "alpha_value": 0.028374372601509094, "duration": 105.68348336219788, "step": 60250}
{"episode_reward": 14.0, "episode": 242.0, "batch_reward": 0.639375, "critic_loss": 15.795455768585205, "actor_loss": -84.78764227294921, "alpha_loss": 0.0015090562524273992, "alpha_value": 0.02838799174129963, "duration": 92.16515851020813, "step": 60500}
{"episode_reward": 319.0, "episode": 243.0, "batch_reward": 0.639625, "critic_loss": 14.13089907836914, "actor_loss": -84.9623812866211, "alpha_loss": 0.0012132773096673191, "alpha_value": 0.028346209928393363, "duration": 92.22247266769409, "step": 60750}
{"episode_reward": 1.0, "episode": 244.0, "batch_reward": 0.66153125, "critic_loss": 13.587405305862427, "actor_loss": -86.24758813476562, "alpha_loss": 0.0013815482896752656, "alpha_value": 0.028255413204431534, "duration": 92.19227027893066, "step": 61000}
{"episode_reward": 963.0, "episode": 245.0, "batch_reward": 0.68134375, "critic_loss": 13.277956426620483, "actor_loss": -88.30953240966797, "alpha_loss": 0.0007064369437284767, "alpha_value": 0.028223449751734735, "duration": 92.2876226902008, "step": 61250}
{"episode_reward": 75.0, "episode": 246.0, "batch_reward": 0.66059375, "critic_loss": 12.254794176101685, "actor_loss": -86.43226104736328, "alpha_loss": 0.0014342307122424244, "alpha_value": 0.028169663667678833, "duration": 92.39598035812378, "step": 61500}
{"episode_reward": 7.0, "episode": 247.0, "batch_reward": 0.65575, "critic_loss": 14.267423097610473, "actor_loss": -85.7118395690918, "alpha_loss": 0.0013733990304172039, "alpha_value": 0.028098026648163795, "duration": 92.34014654159546, "step": 61750}
{"episode_reward": 11.0, "episode": 248.0, "batch_reward": 0.66215625, "critic_loss": 18.401119199752806, "actor_loss": -86.48378128051758, "alpha_loss": 0.0001890242025256157, "alpha_value": 0.02807103478908539, "duration": 92.35704231262207, "step": 62000}
{"episode_reward": 300.0, "episode": 249.0, "batch_reward": 0.66121875, "critic_loss": 53.02373385238648, "actor_loss": -86.64910363769532, "alpha_loss": 0.00026826456002891066, "alpha_value": 0.028068709149956704, "duration": 92.35788440704346, "step": 62250}
{"episode_reward": 553.0, "episode": 250.0, "batch_reward": 0.66525, "critic_loss": 33.65985202026367, "actor_loss": -88.60899081420898, "alpha_loss": -0.0021433130386285483, "alpha_value": 0.02810974444448948, "duration": 92.31399583816528, "step": 62500}
{"episode_reward": 5.0, "episode": 251.0, "batch_reward": 0.65084375, "critic_loss": 31.21669774055481, "actor_loss": -87.74141137695312, "alpha_loss": -0.0008316433010622859, "alpha_value": 0.028188185274600982, "duration": 92.28318095207214, "step": 62750}
{"episode_reward": 29.0, "episode": 252.0, "batch_reward": 0.6628125, "critic_loss": 16.4396560382843, "actor_loss": -88.36180975341797, "alpha_loss": 0.0025221928907558323, "alpha_value": 0.028143403246998787, "duration": 92.35029149055481, "step": 63000}
{"episode_reward": 10.0, "episode": 253.0, "batch_reward": 0.659, "critic_loss": 20.879659748077394, "actor_loss": -88.1319873046875, "alpha_loss": -0.0004471354973502457, "alpha_value": 0.028086535289883613, "duration": 92.34406232833862, "step": 63250}
{"episode_reward": 0.0, "episode": 254.0, "batch_reward": 0.65115625, "critic_loss": 40.57157439041138, "actor_loss": -87.67349575805665, "alpha_loss": -0.0014782434245571494, "alpha_value": 0.028116948395967484, "duration": 92.2155282497406, "step": 63500}
{"episode_reward": 3.0, "episode": 255.0, "batch_reward": 0.66896875, "critic_loss": 32.377380025863644, "actor_loss": -88.79231903076172, "alpha_loss": -0.0024942523427307606, "alpha_value": 0.02824673116207123, "duration": 92.34734272956848, "step": 63750}
{"episode_reward": 953.0, "episode": 256.0, "batch_reward": 0.6625625, "critic_loss": 26.289303009033205, "actor_loss": -89.60790087890625, "alpha_loss": -0.0055797597337514165, "alpha_value": 0.02843098169565201, "duration": 92.40784955024719, "step": 64000}
{"episode_reward": 154.0, "episode": 257.0, "batch_reward": 0.6654375, "critic_loss": 22.75801662635803, "actor_loss": -88.72330407714844, "alpha_loss": -0.0024412313969805837, "alpha_value": 0.02861491647362709, "duration": 92.17480540275574, "step": 64250}
{"episode_reward": 0.0, "episode": 258.0, "batch_reward": 0.6594375, "critic_loss": 28.414692401885986, "actor_loss": -88.17500051879883, "alpha_loss": -0.001204850620124489, "alpha_value": 0.02869432008266449, "duration": 92.28435206413269, "step": 64500}
{"episode_reward": 899.0, "episode": 259.0, "batch_reward": 0.682625, "critic_loss": 18.44168914413452, "actor_loss": -89.85790692138671, "alpha_loss": -0.000977864107582718, "alpha_value": 0.028796514689922333, "duration": 92.39597177505493, "step": 64750}
{"episode_reward": 336.0, "episode": 260.0, "batch_reward": 0.660125, "critic_loss": 52.07638756561279, "actor_loss": -89.83474182128906, "alpha_loss": -0.002692837432026863, "alpha_value": 0.02879343058168888, "duration": 92.32642197608948, "step": 65000}
{"episode_reward": 110.0, "episode": 261.0, "batch_reward": 0.67203125, "critic_loss": 40.694379774093626, "actor_loss": -90.27545483398437, "alpha_loss": -0.005597667395137251, "alpha_value": 0.029059496149420737, "duration": 92.32590675354004, "step": 65250}
{"episode_reward": 0.0, "episode": 262.0, "batch_reward": 0.676875, "critic_loss": 21.38157660293579, "actor_loss": -90.857328125, "alpha_loss": 0.0022789438962936403, "alpha_value": 0.029125751823186875, "duration": 92.37646412849426, "step": 65500}
{"episode_reward": 81.0, "episode": 263.0, "batch_reward": 0.6946875, "critic_loss": 35.918691265106204, "actor_loss": -92.20373913574218, "alpha_loss": -0.0013772632712498306, "alpha_value": 0.029113991305232047, "duration": 92.39442133903503, "step": 65750}
{"episode_reward": 963.0, "episode": 264.0, "batch_reward": 0.67921875, "critic_loss": 30.9455122795105, "actor_loss": -93.07742303466797, "alpha_loss": -0.004014181830454618, "alpha_value": 0.02920636822283268, "duration": 92.3792634010315, "step": 66000}
{"episode_reward": 95.0, "episode": 265.0, "batch_reward": 0.69115625, "critic_loss": 21.07811175918579, "actor_loss": -91.34638287353516, "alpha_loss": -0.003648939161095768, "alpha_value": 0.029422946065664292, "duration": 92.42378878593445, "step": 66250}
{"episode_reward": 11.0, "episode": 266.0, "batch_reward": 0.67075, "critic_loss": 22.568222640991213, "actor_loss": -91.18137310791016, "alpha_loss": -0.0029435815159231426, "alpha_value": 0.029569692105054855, "duration": 92.36032462120056, "step": 66500}
{"episode_reward": 988.0, "episode": 267.0, "batch_reward": 0.69640625, "critic_loss": 35.332877368927, "actor_loss": -93.99836309814454, "alpha_loss": -0.004710260405670851, "alpha_value": 0.029763884276151658, "duration": 92.27687573432922, "step": 66750}
{"episode_reward": 885.0, "episode": 268.0, "batch_reward": 0.72690625, "critic_loss": 35.141608215332035, "actor_loss": -94.99516772460937, "alpha_loss": -0.004227936137467623, "alpha_value": 0.029977264449000358, "duration": 92.34500432014465, "step": 67000}
{"episode_reward": 838.0, "episode": 269.0, "batch_reward": 0.7301875, "critic_loss": 21.478189094543456, "actor_loss": -97.68305303955079, "alpha_loss": -0.0033229162911884488, "alpha_value": 0.03017463882267475, "duration": 92.37581610679626, "step": 67250}
{"episode_reward": 33.0, "episode": 270.0, "batch_reward": 0.6969375, "critic_loss": 21.295656536102296, "actor_loss": -94.51330743408204, "alpha_loss": -0.0029375168103724716, "alpha_value": 0.030311718255281447, "duration": 92.36634612083435, "step": 67500}
{"episode_reward": 6.0, "episode": 271.0, "batch_reward": 0.71403125, "critic_loss": 31.597150449752807, "actor_loss": -94.2229602355957, "alpha_loss": -0.002175795133691281, "alpha_value": 0.030414364770054818, "duration": 92.39436960220337, "step": 67750}
{"episode_reward": 5.0, "episode": 272.0, "batch_reward": 0.71815625, "critic_loss": 21.805141780853273, "actor_loss": -96.80025256347656, "alpha_loss": -0.0006834718333557248, "alpha_value": 0.03052948874235153, "duration": 92.34562015533447, "step": 68000}
{"episode_reward": 965.0, "episode": 273.0, "batch_reward": 0.7295, "critic_loss": 29.824082048416138, "actor_loss": -96.3480689086914, "alpha_loss": -0.0024938242454081772, "alpha_value": 0.03055769094824791, "duration": 92.2616970539093, "step": 68250}
{"episode_reward": 20.0, "episode": 274.0, "batch_reward": 0.7069375, "critic_loss": 56.34582085037231, "actor_loss": -95.7077012939453, "alpha_loss": -0.0018664297014474869, "alpha_value": 0.030728853076696396, "duration": 92.41138482093811, "step": 68500}
{"episode_reward": 470.0, "episode": 275.0, "batch_reward": 0.732, "critic_loss": 40.052834365844724, "actor_loss": -97.02671832275391, "alpha_loss": -0.00012401367630809546, "alpha_value": 0.030752946600317955, "duration": 92.46113872528076, "step": 68750}
{"episode_reward": 14.0, "episode": 276.0, "batch_reward": 0.7235, "critic_loss": 21.30883687400818, "actor_loss": -97.28859295654297, "alpha_loss": 0.00105586242582649, "alpha_value": 0.030726388573646544, "duration": 92.39043164253235, "step": 69000}
{"episode_reward": 8.0, "episode": 277.0, "batch_reward": 0.71075, "critic_loss": 21.128221519470216, "actor_loss": -96.11290734863282, "alpha_loss": 0.0009060994102619588, "alpha_value": 0.03066670486330986, "duration": 92.26320600509644, "step": 69250}
{"episode_reward": 0.0, "episode": 278.0, "batch_reward": 0.7164375, "critic_loss": 30.137565441131592, "actor_loss": -92.63857141113282, "alpha_loss": 0.0014957753932103514, "alpha_value": 0.030599313646554948, "duration": 92.40220022201538, "step": 69500}
{"episode_reward": 558.0, "episode": 279.0, "batch_reward": 0.7180625, "critic_loss": 23.072110790252687, "actor_loss": -92.89001934814453, "alpha_loss": 0.0030416849218308927, "alpha_value": 0.03050360296666622, "duration": 92.59788703918457, "step": 69750}
{"episode_reward": 397.0, "episode": 280.0, "batch_reward": 0.71928125, "critic_loss": 20.87888470840454, "actor_loss": -93.0268623046875, "alpha_loss": 0.0006814636918716133, "alpha_value": 0.030394348695874214, "duration": 92.32439875602722, "step": 70000}
{"episode_reward": 12.0, "episode": 281.0, "batch_reward": 0.7154375, "critic_loss": 20.348235071182252, "actor_loss": -95.85230224609376, "alpha_loss": 0.0016057069725356997, "alpha_value": 0.030387598618865013, "duration": 105.70051169395447, "step": 70250}
{"episode_reward": 150.0, "episode": 282.0, "batch_reward": 0.73175, "critic_loss": 21.460774181365966, "actor_loss": -95.07676037597656, "alpha_loss": 0.0021013313778676093, "alpha_value": 0.030264700591564178, "duration": 92.24658751487732, "step": 70500}
{"episode_reward": 849.0, "episode": 283.0, "batch_reward": 0.7168125, "critic_loss": 17.664748973846436, "actor_loss": -95.37752154541016, "alpha_loss": -5.7826766744256016e-05, "alpha_value": 0.030237245753407478, "duration": 92.1810371875763, "step": 70750}
{"episode_reward": 19.0, "episode": 284.0, "batch_reward": 0.72596875, "critic_loss": 20.351951749801636, "actor_loss": -95.23409503173828, "alpha_loss": -1.219260599464178e-05, "alpha_value": 0.030205566704273223, "duration": 92.28091835975647, "step": 71000}
{"episode_reward": 0.0, "episode": 285.0, "batch_reward": 0.73565625, "critic_loss": 23.566229343414307, "actor_loss": -95.08591772460937, "alpha_loss": 0.001692469766829163, "alpha_value": 0.030165769666433334, "duration": 92.42397475242615, "step": 71250}
{"episode_reward": 0.0, "episode": 286.0, "batch_reward": 0.7314375, "critic_loss": 18.671374536514282, "actor_loss": -93.91951153564453, "alpha_loss": 0.001602440059185028, "alpha_value": 0.030073939085006714, "duration": 92.26545548439026, "step": 71500}
{"episode_reward": 0.0, "episode": 287.0, "batch_reward": 0.72321875, "critic_loss": 17.27058779525757, "actor_loss": -94.66703253173829, "alpha_loss": 0.002913256508298218, "alpha_value": 0.030002706557512283, "duration": 92.32000541687012, "step": 71750}
{"episode_reward": 340.0, "episode": 288.0, "batch_reward": 0.725125, "critic_loss": 29.16864181137085, "actor_loss": -94.12898596191407, "alpha_loss": 0.0015644607609137892, "alpha_value": 0.029844960480928422, "duration": 92.30304551124573, "step": 72000}
{"episode_reward": 955.0, "episode": 289.0, "batch_reward": 0.72796875, "critic_loss": 43.46676610183716, "actor_loss": -93.48508459472656, "alpha_loss": -0.0022295377152040602, "alpha_value": 0.02984171737730503, "duration": 92.38679885864258, "step": 72250}
{"episode_reward": 14.0, "episode": 290.0, "batch_reward": 0.7265625, "critic_loss": 28.50381870651245, "actor_loss": -94.75335787963867, "alpha_loss": -0.0007997005714569241, "alpha_value": 0.02998386709392071, "duration": 92.37766790390015, "step": 72500}
{"episode_reward": 13.0, "episode": 291.0, "batch_reward": 0.72328125, "critic_loss": 23.914741203308104, "actor_loss": -94.5694814453125, "alpha_loss": 0.003026386708021164, "alpha_value": 0.02989354918897152, "duration": 92.28975534439087, "step": 72750}
{"episode_reward": 22.0, "episode": 292.0, "batch_reward": 0.70559375, "critic_loss": 21.03339413833618, "actor_loss": -92.96470184326172, "alpha_loss": 0.004819720551371575, "alpha_value": 0.029724228963255883, "duration": 92.15613746643066, "step": 73000}
{"episode_reward": 11.0, "episode": 293.0, "batch_reward": 0.72221875, "critic_loss": 20.703706981658936, "actor_loss": -94.58144396972656, "alpha_loss": 0.0023839389700442554, "alpha_value": 0.029524707064032554, "duration": 92.2733256816864, "step": 73250}
{"episode_reward": 46.0, "episode": 294.0, "batch_reward": 0.72921875, "critic_loss": 17.896883081436158, "actor_loss": -95.85168951416016, "alpha_loss": 0.003306909000035375, "alpha_value": 0.029410862177610398, "duration": 92.45582747459412, "step": 73500}
{"episode_reward": 65.0, "episode": 295.0, "batch_reward": 0.722875, "critic_loss": 17.470697872161864, "actor_loss": -94.58483410644531, "alpha_loss": 0.0011661681812256575, "alpha_value": 0.02926804232597351, "duration": 92.33007884025574, "step": 73750}
{"episode_reward": 978.0, "episode": 296.0, "batch_reward": 0.7261875, "critic_loss": 15.751619329452515, "actor_loss": -95.27967218017578, "alpha_loss": 0.004088480291422457, "alpha_value": 0.02917939393222332, "duration": 92.41801738739014, "step": 74000}
{"episode_reward": 30.0, "episode": 297.0, "batch_reward": 0.7211875, "critic_loss": 16.882421438217165, "actor_loss": -94.7919365234375, "alpha_loss": 0.005599886481650174, "alpha_value": 0.02897229427099228, "duration": 92.4772834777832, "step": 74250}
{"episode_reward": 0.0, "episode": 298.0, "batch_reward": 0.72909375, "critic_loss": 21.029551483154297, "actor_loss": -95.29166735839844, "alpha_loss": 0.004211041028145701, "alpha_value": 0.02873665526509285, "duration": 92.24814653396606, "step": 74500}
{"episode_reward": 0.0, "episode": 299.0, "batch_reward": 0.72409375, "critic_loss": 25.07556368255615, "actor_loss": -93.84832257080078, "alpha_loss": 0.0034920575092546643, "alpha_value": 0.02856801636517048, "duration": 92.28807830810547, "step": 74750}
{"episode_reward": 49.0, "episode": 300.0, "batch_reward": 0.7155, "critic_loss": 19.832883224487304, "actor_loss": -93.37598211669922, "alpha_loss": 0.00530381270730868, "alpha_value": 0.02835294532775879, "duration": 92.49780678749084, "step": 75000}
