{"episode_reward": 0.0, "episode": 1.0, "duration": 15.172726392745972, "step": 250}
{"episode_reward": 31.0, "episode": 2.0, "duration": 0.5019299983978271, "step": 500}
{"episode_reward": 41.0, "episode": 3.0, "duration": 0.48208022117614746, "step": 750}
{"episode_reward": 38.0, "episode": 4.0, "duration": 0.43976616859436035, "step": 1000}
{"episode_reward": 22.0, "episode": 5.0, "batch_reward": 0.12972252802241793, "critic_loss": 1.863585375428343, "actor_loss": -1.523393036969987, "alpha_loss": 0.3008293838661124, "alpha_value": 0.09472049257694827, "duration": 411.98234939575195, "step": 1250}
{"episode_reward": 18.0, "episode": 6.0, "batch_reward": 0.1126875, "critic_loss": 2.8844068973064423, "actor_loss": -2.88080385017395, "alpha_loss": 0.2594202102422714, "alpha_value": 0.08939108610153199, "duration": 76.51584482192993, "step": 1500}
{"episode_reward": 4.0, "episode": 7.0, "batch_reward": 0.2075625, "critic_loss": 3.573838170289993, "actor_loss": -3.1222258758544923, "alpha_loss": 0.2426501898765564, "alpha_value": 0.08841680634021759, "duration": 77.42446875572205, "step": 1750}
{"episode_reward": 375.0, "episode": 8.0, "batch_reward": 0.28696875, "critic_loss": 3.5027218317985533, "actor_loss": -3.610366579055786, "alpha_loss": 0.22837130784988402, "alpha_value": 0.0875086190700531, "duration": 76.80307149887085, "step": 2000}
{"episode_reward": 0.0, "episode": 9.0, "batch_reward": 0.2809375, "critic_loss": 3.834642057418823, "actor_loss": -4.0603236484527585, "alpha_loss": 0.21859971809387208, "alpha_value": 0.08661668455600738, "duration": 77.06913137435913, "step": 2250}
{"episode_reward": 82.0, "episode": 10.0, "batch_reward": 0.3249375, "critic_loss": 5.890600690364837, "actor_loss": -4.8414874916076664, "alpha_loss": 0.18215357947349547, "alpha_value": 0.08579911881685257, "duration": 76.80869174003601, "step": 2500}
{"episode_reward": 345.0, "episode": 11.0, "batch_reward": 0.473875, "critic_loss": 5.910204524040222, "actor_loss": -6.16044856262207, "alpha_loss": 0.1188419253230095, "alpha_value": 0.08515996998548507, "duration": 76.87279391288757, "step": 2750}
{"episode_reward": 795.0, "episode": 12.0, "batch_reward": 0.62059375, "critic_loss": 6.606079172134399, "actor_loss": -8.76460820388794, "alpha_loss": 0.0771947565972805, "alpha_value": 0.08476283478736878, "duration": 77.4343626499176, "step": 3000}
{"episode_reward": 0.0, "episode": 13.0, "batch_reward": 0.5623125, "critic_loss": 7.793491319656372, "actor_loss": -10.617772369384765, "alpha_loss": 0.0900787119269371, "alpha_value": 0.0843709557056427, "duration": 76.84935355186462, "step": 3250}
{"episode_reward": 0.0, "episode": 14.0, "batch_reward": 0.5295, "critic_loss": 8.286621032714844, "actor_loss": -12.58206268310547, "alpha_loss": 0.08982506841421127, "alpha_value": 0.08393425929546357, "duration": 77.18856644630432, "step": 3500}
{"episode_reward": 47.0, "episode": 15.0, "batch_reward": 0.49865625, "critic_loss": 10.64952233505249, "actor_loss": -15.507506660461425, "alpha_loss": 0.07845382478833199, "alpha_value": 0.08349074655771256, "duration": 77.0916702747345, "step": 3750}
{"episode_reward": 11.0, "episode": 16.0, "batch_reward": 0.46446875, "critic_loss": 10.263728464126586, "actor_loss": -16.985333938598632, "alpha_loss": 0.07722248795628547, "alpha_value": 0.08307530331611633, "duration": 76.94267559051514, "step": 4000}
{"episode_reward": 0.0, "episode": 17.0, "batch_reward": 0.4439375, "critic_loss": 10.440754899978637, "actor_loss": -17.434245567321778, "alpha_loss": 0.08194508048892021, "alpha_value": 0.08262199383974075, "duration": 76.91465759277344, "step": 4250}
{"episode_reward": 90.0, "episode": 18.0, "batch_reward": 0.44171875, "critic_loss": 11.6470494556427, "actor_loss": -18.059087570190428, "alpha_loss": 0.08648238760232925, "alpha_value": 0.08211249923706054, "duration": 76.9132239818573, "step": 4500}
{"episode_reward": 6.0, "episode": 19.0, "batch_reward": 0.409625, "critic_loss": 11.664458446502685, "actor_loss": -18.752926719665528, "alpha_loss": 0.09450013050436974, "alpha_value": 0.08155974465608597, "duration": 76.79928612709045, "step": 4750}
{"episode_reward": 9.0, "episode": 20.0, "batch_reward": 0.470375, "critic_loss": 12.941067213058473, "actor_loss": -20.857384963989258, "alpha_loss": 0.09352053540945053, "alpha_value": 0.08094309520721435, "duration": 76.8572883605957, "step": 5000}
{"episode_reward": 893.0, "episode": 21.0, "batch_reward": 0.54753125, "critic_loss": 10.344467735290527, "actor_loss": -22.87833755493164, "alpha_loss": 0.08958674916625023, "alpha_value": 0.0803222982287407, "duration": 77.24098587036133, "step": 5250}
{"episode_reward": 32.0, "episode": 22.0, "batch_reward": 0.56390625, "critic_loss": 16.47542343521118, "actor_loss": -24.131498596191406, "alpha_loss": 0.07866664391756058, "alpha_value": 0.07973848640918732, "duration": 77.1482880115509, "step": 5500}
{"episode_reward": 291.0, "episode": 23.0, "batch_reward": 0.6174375, "critic_loss": 14.936991312026977, "actor_loss": -25.765706604003906, "alpha_loss": 0.08232893185317516, "alpha_value": 0.07916751956939697, "duration": 77.07967185974121, "step": 5750}
{"episode_reward": 560.0, "episode": 24.0, "batch_reward": 0.6545625, "critic_loss": 12.047008644104004, "actor_loss": -27.100105422973634, "alpha_loss": 0.07145121446251869, "alpha_value": 0.07858869475126266, "duration": 76.94858360290527, "step": 6000}
{"episode_reward": 368.0, "episode": 25.0, "batch_reward": 0.67890625, "critic_loss": 12.386359296798705, "actor_loss": -27.83546369934082, "alpha_loss": 0.06579253570735455, "alpha_value": 0.07807383763790131, "duration": 77.11808896064758, "step": 6250}
{"episode_reward": 237.0, "episode": 26.0, "batch_reward": 0.7008125, "critic_loss": 10.519838386535644, "actor_loss": -29.040428237915037, "alpha_loss": 0.06095498591661453, "alpha_value": 0.07755331975221634, "duration": 77.27019834518433, "step": 6500}
{"episode_reward": 488.0, "episode": 27.0, "batch_reward": 0.7234375, "critic_loss": 12.659079891204835, "actor_loss": -29.99351759338379, "alpha_loss": 0.04959456191211939, "alpha_value": 0.07709521412849427, "duration": 77.1202712059021, "step": 6750}
{"episode_reward": 80.0, "episode": 28.0, "batch_reward": 0.73075, "critic_loss": 12.99638493347168, "actor_loss": -32.135461395263675, "alpha_loss": 0.041063472218811514, "alpha_value": 0.07669004112482071, "duration": 77.16991448402405, "step": 7000}
{"episode_reward": 429.0, "episode": 29.0, "batch_reward": 0.743375, "critic_loss": 12.376790880203247, "actor_loss": -33.810469909667965, "alpha_loss": 0.018437440948560833, "alpha_value": 0.07641877734661102, "duration": 77.2767379283905, "step": 7250}
{"episode_reward": 55.0, "episode": 30.0, "batch_reward": 0.75378125, "critic_loss": 14.581305471420288, "actor_loss": -35.90932803344727, "alpha_loss": 0.012716851029545069, "alpha_value": 0.076279354929924, "duration": 77.00510144233704, "step": 7500}
{"episode_reward": 354.0, "episode": 31.0, "batch_reward": 0.75903125, "critic_loss": 17.69358069419861, "actor_loss": -38.077840606689456, "alpha_loss": 0.008614229530096055, "alpha_value": 0.07617348968982697, "duration": 77.13902163505554, "step": 7750}
{"episode_reward": 158.0, "episode": 32.0, "batch_reward": 0.75340625, "critic_loss": 14.813402475357055, "actor_loss": -39.8882138671875, "alpha_loss": -0.005424955211579799, "alpha_value": 0.07614438474178314, "duration": 77.00588345527649, "step": 8000}
{"episode_reward": 14.0, "episode": 33.0, "batch_reward": 0.73865625, "critic_loss": 13.018008182525636, "actor_loss": -42.0436155090332, "alpha_loss": 0.0016936211846768855, "alpha_value": 0.07618416249752044, "duration": 77.17274808883667, "step": 8250}
{"episode_reward": 144.0, "episode": 34.0, "batch_reward": 0.72165625, "critic_loss": 12.842604595184326, "actor_loss": -43.743407989501954, "alpha_loss": -0.0007111778911203146, "alpha_value": 0.07617913872003555, "duration": 77.00673866271973, "step": 8500}
{"episode_reward": 0.0, "episode": 35.0, "batch_reward": 0.71684375, "critic_loss": 13.668995351791382, "actor_loss": -44.903484191894535, "alpha_loss": -0.0032274673096835613, "alpha_value": 0.07619174587726593, "duration": 77.28211975097656, "step": 8750}
{"episode_reward": 501.0, "episode": 36.0, "batch_reward": 0.74228125, "critic_loss": 13.629709676742554, "actor_loss": -46.09729962158203, "alpha_loss": 0.002060257070697844, "alpha_value": 0.07621089029312134, "duration": 76.81828618049622, "step": 9000}
{"episode_reward": 0.0, "episode": 37.0, "batch_reward": 0.7013125, "critic_loss": 13.169755739212036, "actor_loss": -47.386036865234374, "alpha_loss": 0.0034875479321926834, "alpha_value": 0.07615877085924148, "duration": 77.4312105178833, "step": 9250}
{"episode_reward": 0.0, "episode": 38.0, "batch_reward": 0.6988125, "critic_loss": 11.528531105041504, "actor_loss": -50.04403570556641, "alpha_loss": -0.0020633317306637763, "alpha_value": 0.07614135277271271, "duration": 77.00841069221497, "step": 9500}
{"episode_reward": 11.0, "episode": 39.0, "batch_reward": 0.70575, "critic_loss": 20.407899127960206, "actor_loss": -52.10476416015625, "alpha_loss": 0.007880408415570856, "alpha_value": 0.07612760937213897, "duration": 77.08955574035645, "step": 9750}
{"episode_reward": 635.0, "episode": 40.0, "batch_reward": 0.7510625, "critic_loss": 32.57322027206421, "actor_loss": -53.79980111694336, "alpha_loss": 0.006893232368864119, "alpha_value": 0.07598081547021866, "duration": 77.12368845939636, "step": 10000}
{"episode_reward": 625.0, "episode": 41.0, "batch_reward": 0.79628125, "critic_loss": 35.797707653045656, "actor_loss": -55.2866012878418, "alpha_loss": 0.01895617663115263, "alpha_value": 0.07572848719358444, "duration": 91.77785587310791, "step": 10250}
{"episode_reward": 623.0, "episode": 42.0, "batch_reward": 0.8118125, "critic_loss": 30.643369251251222, "actor_loss": -55.762725830078125, "alpha_loss": 0.020720142502337693, "alpha_value": 0.07531699031591416, "duration": 77.0736141204834, "step": 10500}
{"episode_reward": 3.0, "episode": 43.0, "batch_reward": 0.788375, "critic_loss": 22.58403929901123, "actor_loss": -56.90236724853516, "alpha_loss": 0.02282199477776885, "alpha_value": 0.07488599979877472, "duration": 76.81623339653015, "step": 10750}
{"episode_reward": 3.0, "episode": 44.0, "batch_reward": 0.77096875, "critic_loss": 18.418204195022582, "actor_loss": -59.40963998413086, "alpha_loss": 0.022166587864980103, "alpha_value": 0.0744475924372673, "duration": 76.83907794952393, "step": 11000}
{"episode_reward": 26.0, "episode": 45.0, "batch_reward": 0.7585, "critic_loss": 17.36591343307495, "actor_loss": -62.0274856262207, "alpha_loss": 0.015302881583571433, "alpha_value": 0.07406667101383209, "duration": 77.19159173965454, "step": 11250}
{"episode_reward": 1.0, "episode": 46.0, "batch_reward": 0.73640625, "critic_loss": 20.209334659576417, "actor_loss": -62.496210418701175, "alpha_loss": 0.005787343910895288, "alpha_value": 0.07382553607225419, "duration": 76.92059755325317, "step": 11500}
{"episode_reward": 1.0, "episode": 47.0, "batch_reward": 0.73346875, "critic_loss": 19.054178169250488, "actor_loss": -62.521307739257814, "alpha_loss": 0.004670076691545546, "alpha_value": 0.07372998481988907, "duration": 77.07451033592224, "step": 11750}
{"episode_reward": 21.0, "episode": 48.0, "batch_reward": 0.7123125, "critic_loss": 16.912003032684325, "actor_loss": -62.60137567138672, "alpha_loss": 0.011574031552299857, "alpha_value": 0.07353039556741714, "duration": 76.9484076499939, "step": 12000}
{"episode_reward": 22.0, "episode": 49.0, "batch_reward": 0.7045625, "critic_loss": 21.241052249908446, "actor_loss": -64.14151211547852, "alpha_loss": 0.012876449760049582, "alpha_value": 0.07320487093925476, "duration": 77.16115260124207, "step": 12250}
{"episode_reward": 31.0, "episode": 50.0, "batch_reward": 0.71384375, "critic_loss": 20.947070518493653, "actor_loss": -65.80612341308594, "alpha_loss": 0.019879880372434853, "alpha_value": 0.0728055265545845, "duration": 77.23469662666321, "step": 12500}
{"episode_reward": 804.0, "episode": 51.0, "batch_reward": 0.7396875, "critic_loss": 19.158877838134767, "actor_loss": -68.8864084777832, "alpha_loss": 0.022827577978372572, "alpha_value": 0.07223205453157425, "duration": 76.89289879798889, "step": 12750}
{"episode_reward": 196.0, "episode": 52.0, "batch_reward": 0.73134375, "critic_loss": 19.466412197113037, "actor_loss": -70.81787213134766, "alpha_loss": 0.018912782786414027, "alpha_value": 0.07159561896324158, "duration": 76.87638831138611, "step": 13000}
{"episode_reward": 74.0, "episode": 53.0, "batch_reward": 0.7589375, "critic_loss": 17.543674001693727, "actor_loss": -72.98238198852539, "alpha_loss": 0.017949020229279994, "alpha_value": 0.07109935408830642, "duration": 76.95371985435486, "step": 13250}
{"episode_reward": 1000.0, "episode": 54.0, "batch_reward": 0.78403125, "critic_loss": 19.664509477615358, "actor_loss": -74.62214007568359, "alpha_loss": 0.022228236623108386, "alpha_value": 0.07051343768835068, "duration": 76.95514726638794, "step": 13500}
{"episode_reward": 31.0, "episode": 55.0, "batch_reward": 0.7945, "critic_loss": 19.254935018539427, "actor_loss": -75.63586804199218, "alpha_loss": 0.02053811323642731, "alpha_value": 0.06990325725078583, "duration": 77.17801785469055, "step": 13750}
{"episode_reward": 7.0, "episode": 56.0, "batch_reward": 0.762125, "critic_loss": 17.10680760574341, "actor_loss": -74.62526477050781, "alpha_loss": 0.02032359135709703, "alpha_value": 0.0693009425997734, "duration": 77.05663418769836, "step": 14000}
{"episode_reward": 12.0, "episode": 57.0, "batch_reward": 0.75646875, "critic_loss": 17.800789838790894, "actor_loss": -76.09269104003906, "alpha_loss": 0.013142648519948124, "alpha_value": 0.06877601408958435, "duration": 76.7728533744812, "step": 14250}
{"episode_reward": 0.0, "episode": 58.0, "batch_reward": 0.74125, "critic_loss": 21.472304986953734, "actor_loss": -77.03605181884765, "alpha_loss": 0.007402721072547138, "alpha_value": 0.06850893205404282, "duration": 77.27809548377991, "step": 14500}
{"episode_reward": 0.0, "episode": 59.0, "batch_reward": 0.75165625, "critic_loss": 17.508212940216065, "actor_loss": -78.55732467651367, "alpha_loss": 0.006287985792383551, "alpha_value": 0.06827524197101593, "duration": 77.13096165657043, "step": 14750}
{"episode_reward": 27.0, "episode": 60.0, "batch_reward": 0.758625, "critic_loss": 15.390667846679687, "actor_loss": -81.33148895263672, "alpha_loss": 0.011750478345900773, "alpha_value": 0.06802570009231568, "duration": 77.31490540504456, "step": 15000}
{"episode_reward": 980.0, "episode": 61.0, "batch_reward": 0.7725625, "critic_loss": 17.339099979400636, "actor_loss": -81.25770782470703, "alpha_loss": 0.013056153780780733, "alpha_value": 0.06754323959350586, "duration": 76.94748520851135, "step": 15250}
{"episode_reward": 0.0, "episode": 62.0, "batch_reward": 0.77859375, "critic_loss": 39.432581401824955, "actor_loss": -82.21834191894531, "alpha_loss": 0.012357687635347248, "alpha_value": 0.06719139933586121, "duration": 77.07982921600342, "step": 15500}
{"episode_reward": 570.0, "episode": 63.0, "batch_reward": 0.760375, "critic_loss": 40.75558002471924, "actor_loss": -82.95282958984374, "alpha_loss": 0.02352735641039908, "alpha_value": 0.06652530318498612, "duration": 77.0106749534607, "step": 15750}
{"episode_reward": 0.0, "episode": 64.0, "batch_reward": 0.76825, "critic_loss": 18.934222427368162, "actor_loss": -83.89042291259766, "alpha_loss": 0.025254304899834098, "alpha_value": 0.06571399968862533, "duration": 76.97708010673523, "step": 16000}
{"episode_reward": 83.0, "episode": 65.0, "batch_reward": 0.790625, "critic_loss": 16.588059181213378, "actor_loss": -86.4255357055664, "alpha_loss": 0.023123097958043216, "alpha_value": 0.06486927896738053, "duration": 77.2939305305481, "step": 16250}
{"episode_reward": 899.0, "episode": 66.0, "batch_reward": 0.811875, "critic_loss": 20.839471132278444, "actor_loss": -86.93947747802734, "alpha_loss": 0.02011553368344903, "alpha_value": 0.06419045794010163, "duration": 77.02509641647339, "step": 16500}
{"episode_reward": 7.0, "episode": 67.0, "batch_reward": 0.79503125, "critic_loss": 30.57432986831665, "actor_loss": -87.13789349365234, "alpha_loss": 0.017310987383127214, "alpha_value": 0.06359583669900894, "duration": 77.14559555053711, "step": 16750}
{"episode_reward": 26.0, "episode": 68.0, "batch_reward": 0.7860625, "critic_loss": 37.02310863494873, "actor_loss": -88.4536567993164, "alpha_loss": 0.011439560316503047, "alpha_value": 0.06315299206972122, "duration": 76.75528120994568, "step": 17000}
{"episode_reward": 22.0, "episode": 69.0, "batch_reward": 0.78475, "critic_loss": 21.903150159835814, "actor_loss": -91.32466809082031, "alpha_loss": 0.019339038021862508, "alpha_value": 0.06268292325735092, "duration": 77.10650563240051, "step": 17250}
{"episode_reward": 509.0, "episode": 70.0, "batch_reward": 0.81009375, "critic_loss": 17.925926376342773, "actor_loss": -94.981447265625, "alpha_loss": 0.01926116487570107, "alpha_value": 0.06199040895700455, "duration": 77.17211937904358, "step": 17500}
{"episode_reward": 872.0, "episode": 71.0, "batch_reward": 0.838875, "critic_loss": 17.832472919464113, "actor_loss": -96.67616387939454, "alpha_loss": 0.023596932534128427, "alpha_value": 0.061341448813676834, "duration": 77.16626143455505, "step": 17750}
{"episode_reward": 9.0, "episode": 72.0, "batch_reward": 0.83771875, "critic_loss": 14.911116716384887, "actor_loss": -96.25211193847656, "alpha_loss": 0.018045188758522273, "alpha_value": 0.060695235282182694, "duration": 77.23884177207947, "step": 18000}
{"episode_reward": 0.0, "episode": 73.0, "batch_reward": 0.812125, "critic_loss": 18.245915565490723, "actor_loss": -97.97563806152344, "alpha_loss": 0.015000215504318475, "alpha_value": 0.06017095199227333, "duration": 76.84315991401672, "step": 18250}
{"episode_reward": 375.0, "episode": 74.0, "batch_reward": 0.8245, "critic_loss": 24.50095401763916, "actor_loss": -98.79157849121094, "alpha_loss": 0.0183592432141304, "alpha_value": 0.05963836631178856, "duration": 77.08298230171204, "step": 18500}
{"episode_reward": 21.0, "episode": 75.0, "batch_reward": 0.8220625, "critic_loss": 44.549821422576905, "actor_loss": -100.74372888183593, "alpha_loss": 0.011334788644686341, "alpha_value": 0.05911087715625763, "duration": 76.67074251174927, "step": 18750}
{"episode_reward": 514.0, "episode": 76.0, "batch_reward": 0.83328125, "critic_loss": 29.976866149902342, "actor_loss": -102.84040832519531, "alpha_loss": 0.0029256377965211867, "alpha_value": 0.05893286415934563, "duration": 76.91492223739624, "step": 19000}
{"episode_reward": 0.0, "episode": 77.0, "batch_reward": 0.81421875, "critic_loss": 28.857687568664552, "actor_loss": -104.58401159667969, "alpha_loss": 0.002934428906999528, "alpha_value": 0.058822370290756223, "duration": 77.32675576210022, "step": 19250}
{"episode_reward": 9.0, "episode": 78.0, "batch_reward": 0.80175, "critic_loss": 20.55600247955322, "actor_loss": -105.73477905273438, "alpha_loss": 0.01066772870067507, "alpha_value": 0.0586291167140007, "duration": 77.23306035995483, "step": 19500}
{"episode_reward": 0.0, "episode": 79.0, "batch_reward": 0.81525, "critic_loss": 24.901884885787965, "actor_loss": -107.57222723388672, "alpha_loss": 0.010651007483713329, "alpha_value": 0.05823885270953178, "duration": 77.03170800209045, "step": 19750}
{"episode_reward": 948.0, "episode": 80.0, "batch_reward": 0.83134375, "critic_loss": 59.05264260864258, "actor_loss": -109.96527624511718, "alpha_loss": 0.006499076103791595, "alpha_value": 0.0579034805893898, "duration": 77.10455536842346, "step": 20000}
{"episode_reward": 372.0, "episode": 81.0, "batch_reward": 0.8458125, "critic_loss": 30.91161338043213, "actor_loss": -110.51053979492187, "alpha_loss": 0.010555784851312637, "alpha_value": 0.057591460913419726, "duration": 91.65821194648743, "step": 20250}
{"episode_reward": 9.0, "episode": 82.0, "batch_reward": 0.82990625, "critic_loss": 21.739003005981445, "actor_loss": -112.39350268554688, "alpha_loss": 0.007227228226140142, "alpha_value": 0.05730238318443298, "duration": 77.41583013534546, "step": 20500}
{"episode_reward": 53.0, "episode": 83.0, "batch_reward": 0.83175, "critic_loss": 29.515004653930664, "actor_loss": -112.5266064453125, "alpha_loss": 0.009837773960083724, "alpha_value": 0.05696293458342552, "duration": 76.97137546539307, "step": 20750}
{"episode_reward": 32.0, "episode": 84.0, "batch_reward": 0.81965625, "critic_loss": 21.974729774475097, "actor_loss": -112.32783935546875, "alpha_loss": 0.008229578691534699, "alpha_value": 0.056624511420726775, "duration": 76.96859169006348, "step": 21000}
{"episode_reward": 65.0, "episode": 85.0, "batch_reward": 0.82246875, "critic_loss": 18.131119148254395, "actor_loss": -113.38237963867188, "alpha_loss": 0.010216595471836627, "alpha_value": 0.05625561675429344, "duration": 77.04576754570007, "step": 21250}
{"episode_reward": 977.0, "episode": 86.0, "batch_reward": 0.83521875, "critic_loss": 17.103987949371337, "actor_loss": -112.75779895019531, "alpha_loss": 0.01080423447676003, "alpha_value": 0.05582222145795822, "duration": 77.0418291091919, "step": 21500}
{"episode_reward": 0.0, "episode": 87.0, "batch_reward": 0.83875, "critic_loss": 16.984264362335207, "actor_loss": -115.88893395996094, "alpha_loss": 0.007919107764028013, "alpha_value": 0.05549323561787605, "duration": 77.36040449142456, "step": 21750}
{"episode_reward": 611.0, "episode": 88.0, "batch_reward": 0.8628125, "critic_loss": 16.299943773269653, "actor_loss": -116.14684503173828, "alpha_loss": 0.010238872764632105, "alpha_value": 0.05519029313325882, "duration": 76.98675894737244, "step": 22000}
{"episode_reward": 14.0, "episode": 89.0, "batch_reward": 0.8534375, "critic_loss": 17.849767091751097, "actor_loss": -116.12294342041015, "alpha_loss": 0.012186178437434136, "alpha_value": 0.054726403832435606, "duration": 77.01938652992249, "step": 22250}
{"episode_reward": 189.0, "episode": 90.0, "batch_reward": 0.8584375, "critic_loss": 16.60424786376953, "actor_loss": -116.82864392089844, "alpha_loss": 0.008668916289694607, "alpha_value": 0.05432700327038765, "duration": 76.9562726020813, "step": 22500}
{"episode_reward": 93.0, "episode": 91.0, "batch_reward": 0.86090625, "critic_loss": 109.4174807319641, "actor_loss": -117.51623303222657, "alpha_loss": -0.007219130294397473, "alpha_value": 0.054307598412036896, "duration": 76.69595503807068, "step": 22750}
{"episode_reward": 429.0, "episode": 92.0, "batch_reward": 0.84484375, "critic_loss": 45.022690670013425, "actor_loss": -118.01182525634766, "alpha_loss": 0.0055906027788296345, "alpha_value": 0.05435345366597175, "duration": 76.97573494911194, "step": 23000}
{"episode_reward": 61.0, "episode": 93.0, "batch_reward": 0.8315625, "critic_loss": 60.159307571411134, "actor_loss": -118.7099555053711, "alpha_loss": 0.009301865118555725, "alpha_value": 0.05406320390105247, "duration": 77.22313499450684, "step": 23250}
{"episode_reward": 363.0, "episode": 94.0, "batch_reward": 0.8629375, "critic_loss": 39.480734073638914, "actor_loss": -119.53304583740234, "alpha_loss": 0.002464104700833559, "alpha_value": 0.053816782802343366, "duration": 77.06668829917908, "step": 23500}
{"episode_reward": 931.0, "episode": 95.0, "batch_reward": 0.87228125, "critic_loss": 29.285543689727785, "actor_loss": -120.40085748291015, "alpha_loss": 0.008425594216212631, "alpha_value": 0.05364074033498764, "duration": 76.8801338672638, "step": 23750}
{"episode_reward": 22.0, "episode": 96.0, "batch_reward": 0.86153125, "critic_loss": 22.317175941467283, "actor_loss": -120.86862689208985, "alpha_loss": 0.009184180383570491, "alpha_value": 0.053250289618968966, "duration": 77.01808452606201, "step": 24000}
{"episode_reward": 176.0, "episode": 97.0, "batch_reward": 0.857625, "critic_loss": 20.55226766204834, "actor_loss": -119.29285327148438, "alpha_loss": 0.014289294526912272, "alpha_value": 0.05281256857514381, "duration": 76.8229546546936, "step": 24250}
{"episode_reward": 82.0, "episode": 98.0, "batch_reward": 0.859, "critic_loss": 17.469786308288572, "actor_loss": -119.8864375, "alpha_loss": 0.014795842772349715, "alpha_value": 0.05224957451224327, "duration": 77.03657364845276, "step": 24500}
{"episode_reward": 0.0, "episode": 99.0, "batch_reward": 0.872125, "critic_loss": 26.294579822540282, "actor_loss": -120.9490307006836, "alpha_loss": 0.01506218795850873, "alpha_value": 0.051675456285476686, "duration": 76.99839282035828, "step": 24750}
{"episode_reward": 705.0, "episode": 100.0, "batch_reward": 0.8634375, "critic_loss": 60.08494679260254, "actor_loss": -121.92222259521485, "alpha_loss": 0.012187577091157436, "alpha_value": 0.0512420304119587, "duration": 77.1835629940033, "step": 25000}
{"episode_reward": 38.0, "episode": 101.0, "batch_reward": 0.86409375, "critic_loss": 18.323304832458497, "actor_loss": -122.33295776367187, "alpha_loss": 0.017493127778172492, "alpha_value": 0.0506492330133915, "duration": 76.8040075302124, "step": 25250}
{"episode_reward": 158.0, "episode": 102.0, "batch_reward": 0.860875, "critic_loss": 47.625791652679446, "actor_loss": -120.56370916748047, "alpha_loss": 0.014580135041847825, "alpha_value": 0.05012042498588562, "duration": 77.1337902545929, "step": 25500}
{"episode_reward": 8.0, "episode": 103.0, "batch_reward": 0.8678125, "critic_loss": 46.68927277755737, "actor_loss": -120.95643103027344, "alpha_loss": 0.014467344891279935, "alpha_value": 0.04967381566762924, "duration": 77.30222535133362, "step": 25750}
{"episode_reward": 945.0, "episode": 104.0, "batch_reward": 0.8855, "critic_loss": 28.049704792022705, "actor_loss": -123.3260287475586, "alpha_loss": 0.00802489252947271, "alpha_value": 0.04928454208374024, "duration": 77.03426671028137, "step": 26000}
{"episode_reward": 0.0, "episode": 105.0, "batch_reward": 0.870375, "critic_loss": 22.450638862609864, "actor_loss": -124.3608305053711, "alpha_loss": 0.013415783320553602, "alpha_value": 0.048924027293920515, "duration": 77.21015095710754, "step": 26250}
{"episode_reward": 122.0, "episode": 106.0, "batch_reward": 0.891875, "critic_loss": 18.38332424545288, "actor_loss": -125.6744009399414, "alpha_loss": 0.011434190278872847, "alpha_value": 0.0484919858276844, "duration": 76.93566465377808, "step": 26500}
{"episode_reward": 654.0, "episode": 107.0, "batch_reward": 0.87284375, "critic_loss": 18.702201705932616, "actor_loss": -126.1710601196289, "alpha_loss": 0.00865237066987902, "alpha_value": 0.04815782254934311, "duration": 77.26824688911438, "step": 26750}
{"episode_reward": 44.0, "episode": 108.0, "batch_reward": 0.881625, "critic_loss": 17.341574825286866, "actor_loss": -126.48542102050781, "alpha_loss": 0.01017346611339599, "alpha_value": 0.04784499678015709, "duration": 76.96177935600281, "step": 27000}
{"episode_reward": 33.0, "episode": 109.0, "batch_reward": 0.88009375, "critic_loss": 18.397549749374388, "actor_loss": -126.82311694335938, "alpha_loss": 0.0105415766723454, "alpha_value": 0.04751619529724121, "duration": 77.37900471687317, "step": 27250}
{"episode_reward": 0.0, "episode": 110.0, "batch_reward": 0.86625, "critic_loss": 22.104097900390624, "actor_loss": -126.27767889404296, "alpha_loss": 0.012630110293626786, "alpha_value": 0.047118013322353366, "duration": 77.10782289505005, "step": 27500}
{"episode_reward": 4.0, "episode": 111.0, "batch_reward": 0.86228125, "critic_loss": 19.705944675445558, "actor_loss": -125.67548718261719, "alpha_loss": 0.010678451479412616, "alpha_value": 0.0467085607945919, "duration": 76.88460373878479, "step": 27750}
{"episode_reward": 0.0, "episode": 112.0, "batch_reward": 0.87575, "critic_loss": 19.45560704421997, "actor_loss": -128.47090002441405, "alpha_loss": 0.011689024917781354, "alpha_value": 0.04631138363480568, "duration": 76.83006858825684, "step": 28000}
{"episode_reward": 811.0, "episode": 113.0, "batch_reward": 0.868625, "critic_loss": 18.948386308670045, "actor_loss": -127.44540454101562, "alpha_loss": 0.009659133488312363, "alpha_value": 0.04596423995494842, "duration": 76.89106822013855, "step": 28250}
{"episode_reward": 0.0, "episode": 114.0, "batch_reward": 0.88028125, "critic_loss": 20.314328716278077, "actor_loss": -127.36689916992188, "alpha_loss": 0.014406753319315612, "alpha_value": 0.045581340700387954, "duration": 77.0807900428772, "step": 28500}
{"episode_reward": 933.0, "episode": 115.0, "batch_reward": 0.91359375, "critic_loss": 18.052195533752442, "actor_loss": -131.87777117919921, "alpha_loss": 0.012341033797711135, "alpha_value": 0.04511301189661026, "duration": 77.42682909965515, "step": 28750}
{"episode_reward": 837.0, "episode": 116.0, "batch_reward": 0.9250625, "critic_loss": 17.61949490737915, "actor_loss": -131.2196199951172, "alpha_loss": 0.012454838803503662, "alpha_value": 0.04472335773706436, "duration": 76.96997714042664, "step": 29000}
{"episode_reward": 735.0, "episode": 117.0, "batch_reward": 0.93390625, "critic_loss": 40.76237796401978, "actor_loss": -135.85384936523437, "alpha_loss": 0.009659360432997345, "alpha_value": 0.044355670630931855, "duration": 77.1133873462677, "step": 29250}
{"episode_reward": 24.0, "episode": 118.0, "batch_reward": 0.92259375, "critic_loss": 68.94177852630615, "actor_loss": -132.22413024902343, "alpha_loss": -0.002119731101207435, "alpha_value": 0.04429160749912262, "duration": 77.52713632583618, "step": 29500}
{"episode_reward": 173.0, "episode": 119.0, "batch_reward": 0.915875, "critic_loss": 39.78506809616089, "actor_loss": -133.3851753540039, "alpha_loss": 0.010068820953369141, "alpha_value": 0.04410946878790856, "duration": 76.63735222816467, "step": 29750}
{"episode_reward": 496.0, "episode": 120.0, "batch_reward": 0.92809375, "critic_loss": 22.804115407943726, "actor_loss": -133.92791241455078, "alpha_loss": 0.012529541306197644, "alpha_value": 0.04371493354439735, "duration": 77.37007570266724, "step": 30000}
{"episode_reward": 105.0, "episode": 121.0, "batch_reward": 0.92425, "critic_loss": 22.3954172706604, "actor_loss": -136.02880078125, "alpha_loss": 0.009571724257431925, "alpha_value": 0.04333429279923439, "duration": 91.4929027557373, "step": 30250}
{"episode_reward": 0.0, "episode": 122.0, "batch_reward": 0.93153125, "critic_loss": 22.859322330474853, "actor_loss": -136.22353424072264, "alpha_loss": 0.0026643057400360702, "alpha_value": 0.043090571612119676, "duration": 77.30238151550293, "step": 30500}
{"episode_reward": 298.0, "episode": 123.0, "batch_reward": 0.9161875, "critic_loss": 18.731312900543212, "actor_loss": -137.08762774658203, "alpha_loss": 0.004976226078346371, "alpha_value": 0.04299232992529869, "duration": 77.32386684417725, "step": 30750}
{"episode_reward": 0.0, "episode": 124.0, "batch_reward": 0.9078125, "critic_loss": 23.839452379226685, "actor_loss": -134.8369970703125, "alpha_loss": 0.003073267777450383, "alpha_value": 0.042846951276063916, "duration": 77.46752643585205, "step": 31000}
{"episode_reward": 38.0, "episode": 125.0, "batch_reward": 0.917875, "critic_loss": 33.1993646774292, "actor_loss": -136.12951843261717, "alpha_loss": -0.0009757321104407311, "alpha_value": 0.04281250238418579, "duration": 82.10744118690491, "step": 31250}
{"episode_reward": 632.0, "episode": 126.0, "batch_reward": 0.928625, "critic_loss": 36.123354984283445, "actor_loss": -140.5667504272461, "alpha_loss": 0.0008412237125448882, "alpha_value": 0.042822943449020386, "duration": 89.48976182937622, "step": 31500}
{"episode_reward": 965.0, "episode": 127.0, "batch_reward": 0.93775, "critic_loss": 123.81209517669677, "actor_loss": -139.0092978515625, "alpha_loss": -0.0036923380745574833, "alpha_value": 0.04285651281476021, "duration": 89.92448115348816, "step": 31750}
{"episode_reward": 110.0, "episode": 128.0, "batch_reward": 0.954125, "critic_loss": 41.824750576019284, "actor_loss": -140.16279278564454, "alpha_loss": -0.0030145864393562078, "alpha_value": 0.04306591010093689, "duration": 90.12486624717712, "step": 32000}
{"episode_reward": 6.0, "episode": 129.0, "batch_reward": 0.95225, "critic_loss": 31.827514156341554, "actor_loss": -141.8778463745117, "alpha_loss": 0.0018256079647690057, "alpha_value": 0.04305253282189369, "duration": 90.33508205413818, "step": 32250}
{"episode_reward": 183.0, "episode": 130.0, "batch_reward": 0.95825, "critic_loss": 26.846776565551757, "actor_loss": -141.2708770751953, "alpha_loss": 0.003791205532848835, "alpha_value": 0.04292025151848793, "duration": 90.05427575111389, "step": 32500}
{"episode_reward": 776.0, "episode": 131.0, "batch_reward": 0.95003125, "critic_loss": 22.968688064575197, "actor_loss": -142.4888218383789, "alpha_loss": 0.004550738494843245, "alpha_value": 0.042780468583106995, "duration": 90.29780220985413, "step": 32750}
{"episode_reward": 0.0, "episode": 132.0, "batch_reward": 0.93121875, "critic_loss": 30.649860847473146, "actor_loss": -143.92223248291015, "alpha_loss": 0.002902165412902832, "alpha_value": 0.04259870481491089, "duration": 90.55911016464233, "step": 33000}
{"episode_reward": 18.0, "episode": 133.0, "batch_reward": 0.92759375, "critic_loss": 47.602896503448484, "actor_loss": -144.28773419189454, "alpha_loss": 0.0012218842445872724, "alpha_value": 0.042523275077342985, "duration": 90.58249640464783, "step": 33250}
{"episode_reward": 17.0, "episode": 134.0, "batch_reward": 0.93390625, "critic_loss": 49.274178775787355, "actor_loss": -142.95603369140625, "alpha_loss": 0.004360592637211084, "alpha_value": 0.042391536146402356, "duration": 90.82383036613464, "step": 33500}
{"episode_reward": 4.0, "episode": 135.0, "batch_reward": 0.9258125, "critic_loss": 21.676125568389892, "actor_loss": -143.92099389648436, "alpha_loss": 0.0070798186734318735, "alpha_value": 0.04216048946976662, "duration": 90.46954584121704, "step": 33750}
{"episode_reward": 69.0, "episode": 136.0, "batch_reward": 0.894625, "critic_loss": 19.142015720367432, "actor_loss": -140.36188446044923, "alpha_loss": 0.0049023914132267235, "alpha_value": 0.04192199718952179, "duration": 90.7408800125122, "step": 34000}
{"episode_reward": 9.0, "episode": 137.0, "batch_reward": 0.91390625, "critic_loss": 19.85878159713745, "actor_loss": -141.23102221679687, "alpha_loss": 0.007052550084888935, "alpha_value": 0.04165495750308037, "duration": 90.54704403877258, "step": 34250}
{"episode_reward": 174.0, "episode": 138.0, "batch_reward": 0.89490625, "critic_loss": 29.48557268333435, "actor_loss": -142.4232329711914, "alpha_loss": 0.009840420823544263, "alpha_value": 0.04130516666173935, "duration": 90.56096458435059, "step": 34500}
{"episode_reward": 69.0, "episode": 139.0, "batch_reward": 0.90875, "critic_loss": 21.331893856048584, "actor_loss": -143.09120233154297, "alpha_loss": 0.007453256242908537, "alpha_value": 0.04096151605248451, "duration": 90.52377653121948, "step": 34750}
{"episode_reward": 0.0, "episode": 140.0, "batch_reward": 0.8861875, "critic_loss": 22.520026401519775, "actor_loss": -141.11847393798828, "alpha_loss": 0.010482040910981595, "alpha_value": 0.04063007834553718, "duration": 90.75646901130676, "step": 35000}
{"episode_reward": 0.0, "episode": 141.0, "batch_reward": 0.88921875, "critic_loss": 27.032708374023436, "actor_loss": -140.18116088867188, "alpha_loss": 0.01274103059899062, "alpha_value": 0.04018990588188171, "duration": 90.36916494369507, "step": 35250}
{"episode_reward": 947.0, "episode": 142.0, "batch_reward": 0.90071875, "critic_loss": 18.8530443649292, "actor_loss": -141.13465539550782, "alpha_loss": 0.012382645823061466, "alpha_value": 0.03970188078284263, "duration": 90.50583696365356, "step": 35500}
{"episode_reward": 0.0, "episode": 143.0, "batch_reward": 0.9013125, "critic_loss": 16.872697454452513, "actor_loss": -142.65191540527343, "alpha_loss": 0.007522983823902905, "alpha_value": 0.03934416574239731, "duration": 90.13460493087769, "step": 35750}
{"episode_reward": 0.0, "episode": 144.0, "batch_reward": 0.90384375, "critic_loss": 21.080428276062012, "actor_loss": -142.53359924316408, "alpha_loss": 0.009356681770645083, "alpha_value": 0.039041137903928755, "duration": 90.69575572013855, "step": 36000}
{"episode_reward": 17.0, "episode": 145.0, "batch_reward": 0.890125, "critic_loss": 115.7740369758606, "actor_loss": -141.37192126464845, "alpha_loss": 0.013863729720003904, "alpha_value": 0.038634012788534164, "duration": 90.48102807998657, "step": 36250}
{"episode_reward": 9.0, "episode": 146.0, "batch_reward": 0.89834375, "critic_loss": 60.42709559631348, "actor_loss": -140.69517614746093, "alpha_loss": 0.01159931791573763, "alpha_value": 0.03814088612794876, "duration": 90.37420773506165, "step": 36500}
{"episode_reward": 948.0, "episode": 147.0, "batch_reward": 0.90025, "critic_loss": 40.175852519989014, "actor_loss": -141.7419677734375, "alpha_loss": -8.006077166646719e-05, "alpha_value": 0.03801839575171471, "duration": 90.53223824501038, "step": 36750}
{"episode_reward": 11.0, "episode": 148.0, "batch_reward": 0.93003125, "critic_loss": 22.405555158615112, "actor_loss": -142.7802208251953, "alpha_loss": 0.006824913249351084, "alpha_value": 0.03789178639650345, "duration": 90.49478149414062, "step": 37000}
{"episode_reward": 991.0, "episode": 149.0, "batch_reward": 0.92709375, "critic_loss": 15.845034965515136, "actor_loss": -144.51858685302733, "alpha_loss": 0.010654809040948749, "alpha_value": 0.03755796366930008, "duration": 90.54211902618408, "step": 37250}
{"episode_reward": 978.0, "episode": 150.0, "batch_reward": 0.9430625, "critic_loss": 21.438960426330567, "actor_loss": -146.4633311767578, "alpha_loss": 0.009509593738242984, "alpha_value": 0.03721512895822525, "duration": 90.67549753189087, "step": 37500}
{"episode_reward": 972.0, "episode": 151.0, "batch_reward": 0.94884375, "critic_loss": 17.9331156539917, "actor_loss": -147.14913879394533, "alpha_loss": 0.0064789216415956615, "alpha_value": 0.03691816979646683, "duration": 90.70316171646118, "step": 37750}
{"episode_reward": 90.0, "episode": 152.0, "batch_reward": 0.95434375, "critic_loss": 81.22122862052917, "actor_loss": -144.67982196044923, "alpha_loss": -0.002604149103164673, "alpha_value": 0.03675983715057373, "duration": 90.94682121276855, "step": 38000}
{"episode_reward": 388.0, "episode": 153.0, "batch_reward": 0.96053125, "critic_loss": 91.03025741195678, "actor_loss": -148.63122100830077, "alpha_loss": -0.016863947191275656, "alpha_value": 0.03714174994826317, "duration": 90.24659180641174, "step": 38250}
{"episode_reward": 11.0, "episode": 154.0, "batch_reward": 0.960125, "critic_loss": 81.44734326934814, "actor_loss": -147.13813757324218, "alpha_loss": -0.013281017685309052, "alpha_value": 0.03767170104384422, "duration": 90.5534815788269, "step": 38500}
{"episode_reward": 69.0, "episode": 155.0, "batch_reward": 0.9581875, "critic_loss": 66.6208851737976, "actor_loss": -148.54225158691406, "alpha_loss": -0.00819246554095298, "alpha_value": 0.0379928936958313, "duration": 90.70553255081177, "step": 38750}
{"episode_reward": 848.0, "episode": 156.0, "batch_reward": 0.9540625, "critic_loss": 39.034103397369385, "actor_loss": -151.5485830078125, "alpha_loss": -0.00759796956833452, "alpha_value": 0.03826615455746651, "duration": 90.51906490325928, "step": 39000}
{"episode_reward": 0.0, "episode": 157.0, "batch_reward": 0.95609375, "critic_loss": 44.84632957839966, "actor_loss": -149.70818212890626, "alpha_loss": -0.004743691158480942, "alpha_value": 0.038463432788848874, "duration": 90.7618637084961, "step": 39250}
{"episode_reward": 12.0, "episode": 158.0, "batch_reward": 0.96309375, "critic_loss": 141.34064765548706, "actor_loss": -150.02775939941407, "alpha_loss": -0.023539942282252015, "alpha_value": 0.0387463096678257, "duration": 90.61813735961914, "step": 39500}
{"episode_reward": 476.0, "episode": 159.0, "batch_reward": 0.9555, "critic_loss": 104.470352684021, "actor_loss": -151.01470837402343, "alpha_loss": -0.024945457270368933, "alpha_value": 0.03956425541639328, "duration": 90.29425525665283, "step": 39750}
{"episode_reward": 33.0, "episode": 160.0, "batch_reward": 0.93821875, "critic_loss": 76.36060360336303, "actor_loss": -149.70967596435545, "alpha_loss": -0.02802131681330502, "alpha_value": 0.04021204626560211, "duration": 90.48474621772766, "step": 40000}
{"episode_reward": 11.0, "episode": 161.0, "batch_reward": 0.93103125, "critic_loss": 65.05901235961915, "actor_loss": -151.44785205078125, "alpha_loss": -0.022796510899439452, "alpha_value": 0.04086698231101036, "duration": 104.37314581871033, "step": 40250}
{"episode_reward": 25.0, "episode": 162.0, "batch_reward": 0.94034375, "critic_loss": 64.67155995941162, "actor_loss": -149.48386181640626, "alpha_loss": -0.011973308278247713, "alpha_value": 0.041263116359710694, "duration": 90.60402488708496, "step": 40500}
{"episode_reward": 75.0, "episode": 163.0, "batch_reward": 0.92540625, "critic_loss": 77.15238438415527, "actor_loss": -150.74497625732423, "alpha_loss": -0.009828311175107955, "alpha_value": 0.041531838208436964, "duration": 90.70015859603882, "step": 40750}
{"episode_reward": 7.0, "episode": 164.0, "batch_reward": 0.9315625, "critic_loss": 77.58468418121338, "actor_loss": -149.31887860107423, "alpha_loss": -0.008375104241073131, "alpha_value": 0.0417293350994587, "duration": 90.8405647277832, "step": 41000}
{"episode_reward": 984.0, "episode": 165.0, "batch_reward": 0.9546875, "critic_loss": 52.9654532661438, "actor_loss": -152.53842529296875, "alpha_loss": -0.006264017557725311, "alpha_value": 0.041935789853334425, "duration": 90.8732693195343, "step": 41250}
{"episode_reward": 614.0, "episode": 166.0, "batch_reward": 0.96846875, "critic_loss": 40.19116617965698, "actor_loss": -153.04787268066406, "alpha_loss": 0.0029511225186288357, "alpha_value": 0.04199703675508499, "duration": 90.76454329490662, "step": 41500}
{"episode_reward": 957.0, "episode": 167.0, "batch_reward": 0.9810625, "critic_loss": 40.04865549468994, "actor_loss": -154.63886938476563, "alpha_loss": 0.0019568210109136997, "alpha_value": 0.04189502641558647, "duration": 91.01722168922424, "step": 41750}
{"episode_reward": 0.0, "episode": 168.0, "batch_reward": 0.98059375, "critic_loss": 41.8039607963562, "actor_loss": -154.77178344726562, "alpha_loss": -8.030178491026163e-05, "alpha_value": 0.04192245477437973, "duration": 90.76698780059814, "step": 42000}
{"episode_reward": 0.0, "episode": 169.0, "batch_reward": 0.97325, "critic_loss": 33.59259016418457, "actor_loss": -153.5802993774414, "alpha_loss": 0.008748103312216699, "alpha_value": 0.04175195387005806, "duration": 90.78143095970154, "step": 42250}
{"episode_reward": 943.0, "episode": 170.0, "batch_reward": 0.98121875, "critic_loss": 50.716646221160886, "actor_loss": -154.0553837890625, "alpha_loss": 0.003459232719615102, "alpha_value": 0.04154026985168457, "duration": 90.97625994682312, "step": 42500}
{"episode_reward": 44.0, "episode": 171.0, "batch_reward": 0.9951875, "critic_loss": 63.37605532836914, "actor_loss": -156.63027435302735, "alpha_loss": -0.002972848076373339, "alpha_value": 0.04155614718794823, "duration": 90.6938202381134, "step": 42750}
{"episode_reward": 640.0, "episode": 172.0, "batch_reward": 1.0025625, "critic_loss": 43.2976939239502, "actor_loss": -157.03995654296875, "alpha_loss": -0.011724927680566906, "alpha_value": 0.041806576192379, "duration": 90.38189029693604, "step": 43000}
{"episode_reward": 972.0, "episode": 173.0, "batch_reward": 1.0016875, "critic_loss": 37.04039994430542, "actor_loss": -157.49100842285156, "alpha_loss": -0.00978033233527094, "alpha_value": 0.0421739875972271, "duration": 90.78289318084717, "step": 43250}
{"episode_reward": 7.0, "episode": 174.0, "batch_reward": 0.99121875, "critic_loss": 95.59710094070435, "actor_loss": -158.75183020019531, "alpha_loss": -0.007372031822800636, "alpha_value": 0.04244404432177544, "duration": 90.59428977966309, "step": 43500}
{"episode_reward": 188.0, "episode": 175.0, "batch_reward": 0.9910625, "critic_loss": 117.77381503295898, "actor_loss": -157.4641055908203, "alpha_loss": -0.0029955604197457433, "alpha_value": 0.042662880778312685, "duration": 90.88476824760437, "step": 43750}
{"episode_reward": 140.0, "episode": 176.0, "batch_reward": 0.98934375, "critic_loss": 119.15077532196045, "actor_loss": -156.2127163696289, "alpha_loss": -0.014845323115587235, "alpha_value": 0.04304936435818672, "duration": 90.48347496986389, "step": 44000}
{"episode_reward": 100.0, "episode": 177.0, "batch_reward": 0.99565625, "critic_loss": 67.5671051864624, "actor_loss": -156.93405841064452, "alpha_loss": -0.007053231604397297, "alpha_value": 0.04341946846246719, "duration": 90.66474318504333, "step": 44250}
{"episode_reward": 956.0, "episode": 178.0, "batch_reward": 1.00734375, "critic_loss": 44.012766208648685, "actor_loss": -159.25687731933593, "alpha_loss": -0.0027014307025820016, "alpha_value": 0.04353215929865837, "duration": 91.06338953971863, "step": 44500}
{"episode_reward": 0.0, "episode": 179.0, "batch_reward": 1.02240625, "critic_loss": 45.571401618957516, "actor_loss": -160.66476110839844, "alpha_loss": -0.002248053005896509, "alpha_value": 0.043647118628025054, "duration": 90.661860704422, "step": 44750}
{"episode_reward": 967.0, "episode": 180.0, "batch_reward": 1.0220625, "critic_loss": 49.34690749740601, "actor_loss": -161.42006896972657, "alpha_loss": -0.0005840442180633545, "alpha_value": 0.043642561584711075, "duration": 90.77319288253784, "step": 45000}
{"episode_reward": 976.0, "episode": 181.0, "batch_reward": 1.02540625, "critic_loss": 51.198600490570065, "actor_loss": -162.64471185302733, "alpha_loss": 6.401149928569793e-05, "alpha_value": 0.04371762615442276, "duration": 90.61826229095459, "step": 45250}
{"episode_reward": 0.0, "episode": 182.0, "batch_reward": 1.0254375, "critic_loss": 37.750764850616456, "actor_loss": -162.39887481689453, "alpha_loss": -0.0011762413922697305, "alpha_value": 0.04365022882819176, "duration": 90.95169043540955, "step": 45500}
{"episode_reward": 20.0, "episode": 183.0, "batch_reward": 1.02834375, "critic_loss": 36.164350101470944, "actor_loss": -162.43876953125, "alpha_loss": -0.0012625193828716874, "alpha_value": 0.04377051490545273, "duration": 90.5942451953888, "step": 45750}
{"episode_reward": 79.0, "episode": 184.0, "batch_reward": 1.0011875, "critic_loss": 32.395851818084715, "actor_loss": -161.4442755126953, "alpha_loss": 0.005911365882493556, "alpha_value": 0.04365793365240097, "duration": 91.15558409690857, "step": 46000}
{"episode_reward": 0.0, "episode": 185.0, "batch_reward": 1.008375, "critic_loss": 38.87825308609009, "actor_loss": -160.47072583007812, "alpha_loss": 0.007155527880415321, "alpha_value": 0.043357341051101686, "duration": 90.67787098884583, "step": 46250}
{"episode_reward": 742.0, "episode": 186.0, "batch_reward": 1.02859375, "critic_loss": 54.4429577293396, "actor_loss": -163.3526873779297, "alpha_loss": 0.010326470086351036, "alpha_value": 0.04302350914478302, "duration": 90.47481107711792, "step": 46500}
{"episode_reward": 24.0, "episode": 187.0, "batch_reward": 1.03128125, "critic_loss": 42.0818183555603, "actor_loss": -163.12111181640626, "alpha_loss": 0.009985585709102452, "alpha_value": 0.04258066257834434, "duration": 90.78988742828369, "step": 46750}
{"episode_reward": 977.0, "episode": 188.0, "batch_reward": 1.0285, "critic_loss": 56.85265703582764, "actor_loss": -161.76767907714844, "alpha_loss": 0.005376870536711067, "alpha_value": 0.042295396685600284, "duration": 90.6947455406189, "step": 47000}
{"episode_reward": 31.0, "episode": 189.0, "batch_reward": 1.04321875, "critic_loss": 79.77149048614503, "actor_loss": -163.4529949951172, "alpha_loss": -0.00020501431357115507, "alpha_value": 0.042164431989192966, "duration": 90.68477654457092, "step": 47250}
{"episode_reward": 12.0, "episode": 190.0, "batch_reward": 1.018875, "critic_loss": 48.54537372589111, "actor_loss": -162.25586157226562, "alpha_loss": 0.007916179377585649, "alpha_value": 0.04203758382797241, "duration": 90.82589173316956, "step": 47500}
{"episode_reward": 39.0, "episode": 191.0, "batch_reward": 1.01196875, "critic_loss": 43.45473180770874, "actor_loss": -162.34615075683593, "alpha_loss": 0.007073518738150596, "alpha_value": 0.041722460955381395, "duration": 90.91419529914856, "step": 47750}
{"episode_reward": 350.0, "episode": 192.0, "batch_reward": 1.01315625, "critic_loss": 30.508272617340086, "actor_loss": -161.77688720703125, "alpha_loss": 0.005642449746839702, "alpha_value": 0.041463267266750335, "duration": 90.67372941970825, "step": 48000}
{"episode_reward": 0.0, "episode": 193.0, "batch_reward": 1.0245, "critic_loss": 30.154038303375245, "actor_loss": -163.23710192871093, "alpha_loss": 0.003854940716177225, "alpha_value": 0.041318527430295945, "duration": 90.99005246162415, "step": 48250}
{"episode_reward": 986.0, "episode": 194.0, "batch_reward": 1.0341875, "critic_loss": 35.62584308242798, "actor_loss": -165.15472253417968, "alpha_loss": 0.005587715350091458, "alpha_value": 0.041096282601356504, "duration": 90.73832845687866, "step": 48500}
{"episode_reward": 970.0, "episode": 195.0, "batch_reward": 1.0405625, "critic_loss": 37.36210084533691, "actor_loss": -161.95410791015624, "alpha_loss": 0.007539426436647773, "alpha_value": 0.04078495427966118, "duration": 90.76679062843323, "step": 48750}
{"episode_reward": 6.0, "episode": 196.0, "batch_reward": 1.037, "critic_loss": 65.60321981048584, "actor_loss": -163.57812951660156, "alpha_loss": 0.003299738452769816, "alpha_value": 0.0405658046901226, "duration": 90.74062895774841, "step": 49000}
{"episode_reward": 30.0, "episode": 197.0, "batch_reward": 1.04540625, "critic_loss": 56.62259540939331, "actor_loss": -164.71245092773438, "alpha_loss": -0.011400414742529391, "alpha_value": 0.040720530033111574, "duration": 90.81731033325195, "step": 49250}
{"episode_reward": 179.0, "episode": 198.0, "batch_reward": 1.04478125, "critic_loss": 24.602525226593016, "actor_loss": -164.2527911376953, "alpha_loss": 0.001030357246287167, "alpha_value": 0.04095088392496109, "duration": 90.78884625434875, "step": 49500}
{"episode_reward": 995.0, "episode": 199.0, "batch_reward": 1.05521875, "critic_loss": 25.793199548721315, "actor_loss": -165.12138977050782, "alpha_loss": 0.003950982414186001, "alpha_value": 0.040872441440820695, "duration": 91.01957154273987, "step": 49750}
{"episode_reward": 706.0, "episode": 200.0, "batch_reward": 1.06921875, "critic_loss": 34.594308067321776, "actor_loss": -167.78846154785157, "alpha_loss": 0.005932746097911149, "alpha_value": 0.04068228062987327, "duration": 90.97125935554504, "step": 50000}
{"episode_reward": 836.0, "episode": 201.0, "batch_reward": 1.07346875, "critic_loss": 41.44467960357666, "actor_loss": -168.2715888671875, "alpha_loss": 0.006946221347898245, "alpha_value": 0.04041306856274605, "duration": 104.44879126548767, "step": 50250}
{"episode_reward": 182.0, "episode": 202.0, "batch_reward": 1.07540625, "critic_loss": 35.83442221832276, "actor_loss": -168.20749310302733, "alpha_loss": 0.006706107337027788, "alpha_value": 0.04017539969086647, "duration": 90.75174593925476, "step": 50500}
{"episode_reward": 949.0, "episode": 203.0, "batch_reward": 1.083375, "critic_loss": 191.0630292854309, "actor_loss": -167.54739636230468, "alpha_loss": -0.012194248327985406, "alpha_value": 0.040087888032197955, "duration": 91.00824880599976, "step": 50750}
{"episode_reward": 421.0, "episode": 204.0, "batch_reward": 1.07934375, "critic_loss": 63.333651565551754, "actor_loss": -166.47990991210938, "alpha_loss": -0.027984055114910006, "alpha_value": 0.040870147615671155, "duration": 90.99682974815369, "step": 51000}
{"episode_reward": 0.0, "episode": 205.0, "batch_reward": 1.087125, "critic_loss": 31.477228744506835, "actor_loss": -169.26772229003907, "alpha_loss": -0.01371189687307924, "alpha_value": 0.041497279047966004, "duration": 91.08948969841003, "step": 51250}
{"episode_reward": 923.0, "episode": 206.0, "batch_reward": 1.0788125, "critic_loss": 23.234026195526123, "actor_loss": -167.64572302246094, "alpha_loss": -0.0030630613444373013, "alpha_value": 0.04172257617115974, "duration": 90.94339060783386, "step": 51500}
{"episode_reward": 6.0, "episode": 207.0, "batch_reward": 1.076875, "critic_loss": 22.841960369110108, "actor_loss": -169.4120936279297, "alpha_loss": 0.005741566082462669, "alpha_value": 0.04166679897904396, "duration": 90.94243597984314, "step": 51750}
{"episode_reward": 11.0, "episode": 208.0, "batch_reward": 1.0954375, "critic_loss": 18.25547997665405, "actor_loss": -168.8803366699219, "alpha_loss": 0.0057499942984431986, "alpha_value": 0.04148409557342529, "duration": 91.1112642288208, "step": 52000}
{"episode_reward": 104.0, "episode": 209.0, "batch_reward": 1.088375, "critic_loss": 21.646336975097658, "actor_loss": -168.22361364746095, "alpha_loss": 0.007785100866109133, "alpha_value": 0.04128940004110336, "duration": 91.27297019958496, "step": 52250}
{"episode_reward": 66.0, "episode": 210.0, "batch_reward": 1.08471875, "critic_loss": 66.75886240768433, "actor_loss": -167.42544763183594, "alpha_loss": 0.014641219466924668, "alpha_value": 0.04088455876708031, "duration": 90.92429232597351, "step": 52500}
{"episode_reward": 868.0, "episode": 211.0, "batch_reward": 1.06284375, "critic_loss": 41.2788826675415, "actor_loss": -166.76939697265624, "alpha_loss": -0.00012615790776908397, "alpha_value": 0.04069194719195366, "duration": 91.10953116416931, "step": 52750}
{"episode_reward": 12.0, "episode": 212.0, "batch_reward": 1.0765625, "critic_loss": 40.081143115997314, "actor_loss": -167.29014697265626, "alpha_loss": 0.0060991024523973465, "alpha_value": 0.04056568133831024, "duration": 90.89812636375427, "step": 53000}
{"episode_reward": 971.0, "episode": 213.0, "batch_reward": 1.081625, "critic_loss": 23.024419061660765, "actor_loss": -165.65379583740236, "alpha_loss": 0.013702800288796425, "alpha_value": 0.04022843563556671, "duration": 90.8357720375061, "step": 53250}
{"episode_reward": 4.0, "episode": 214.0, "batch_reward": 1.09028125, "critic_loss": 32.78735729980469, "actor_loss": -167.07170861816405, "alpha_loss": 0.014415228629484772, "alpha_value": 0.039718790084123615, "duration": 90.86138963699341, "step": 53500}
{"episode_reward": 64.0, "episode": 215.0, "batch_reward": 1.08765625, "critic_loss": 27.455480690002442, "actor_loss": -166.30856195068358, "alpha_loss": 0.012526533743366599, "alpha_value": 0.03931789374351501, "duration": 91.05362153053284, "step": 53750}
{"episode_reward": 31.0, "episode": 216.0, "batch_reward": 1.0884375, "critic_loss": 48.878985570907595, "actor_loss": -167.52193176269532, "alpha_loss": 0.006372103152796626, "alpha_value": 0.03897185042500496, "duration": 91.14236807823181, "step": 54000}
{"episode_reward": 20.0, "episode": 217.0, "batch_reward": 1.06684375, "critic_loss": 30.34826972770691, "actor_loss": -165.3532557373047, "alpha_loss": 0.009644115638919174, "alpha_value": 0.03873687151074409, "duration": 91.10512042045593, "step": 54250}
{"episode_reward": 48.0, "episode": 218.0, "batch_reward": 1.07734375, "critic_loss": 41.61069202232361, "actor_loss": -166.61498120117187, "alpha_loss": 0.0044645733833312985, "alpha_value": 0.038520697623491286, "duration": 90.99882102012634, "step": 54500}
{"episode_reward": 956.0, "episode": 219.0, "batch_reward": 1.09521875, "critic_loss": 87.97397326660156, "actor_loss": -168.91281481933595, "alpha_loss": -0.01595531961880624, "alpha_value": 0.038509489715099335, "duration": 90.61212682723999, "step": 54750}
{"episode_reward": 60.0, "episode": 220.0, "batch_reward": 1.07971875, "critic_loss": 29.85953408050537, "actor_loss": -167.29523498535156, "alpha_loss": -0.007675434364937245, "alpha_value": 0.0391198887526989, "duration": 90.89645338058472, "step": 55000}
{"episode_reward": 0.0, "episode": 221.0, "batch_reward": 1.07459375, "critic_loss": 33.61191025161743, "actor_loss": -164.86816467285155, "alpha_loss": 0.007033378926105797, "alpha_value": 0.03908617189526558, "duration": 91.0176911354065, "step": 55250}
{"episode_reward": 63.0, "episode": 222.0, "batch_reward": 1.0758125, "critic_loss": 42.077253940582274, "actor_loss": -165.55852600097657, "alpha_loss": 0.012373060686513782, "alpha_value": 0.03875947231054306, "duration": 91.11157512664795, "step": 55500}
{"episode_reward": 72.0, "episode": 223.0, "batch_reward": 1.0726875, "critic_loss": 33.49960540008545, "actor_loss": -168.38653369140624, "alpha_loss": 0.015218080229125916, "alpha_value": 0.038336485683918, "duration": 90.77248811721802, "step": 55750}
{"episode_reward": 16.0, "episode": 224.0, "batch_reward": 1.074375, "critic_loss": 18.575222448349, "actor_loss": -165.88556701660156, "alpha_loss": 0.016086616782471537, "alpha_value": 0.03785710448026657, "duration": 91.16758918762207, "step": 56000}
{"episode_reward": 831.0, "episode": 225.0, "batch_reward": 1.07503125, "critic_loss": 16.438870058059692, "actor_loss": -165.8889560546875, "alpha_loss": 0.01701805136166513, "alpha_value": 0.03738271400332451, "duration": 90.53007674217224, "step": 56250}
{"episode_reward": 12.0, "episode": 226.0, "batch_reward": 1.04915625, "critic_loss": 15.86644695854187, "actor_loss": -165.5325421142578, "alpha_loss": 0.015777414553798736, "alpha_value": 0.036899974435567855, "duration": 90.83472800254822, "step": 56500}
{"episode_reward": 0.0, "episode": 227.0, "batch_reward": 1.06534375, "critic_loss": 17.706877084732056, "actor_loss": -166.64480285644532, "alpha_loss": 0.016029605375602843, "alpha_value": 0.036462295770645144, "duration": 91.06299877166748, "step": 56750}
{"episode_reward": 0.0, "episode": 228.0, "batch_reward": 1.0639375, "critic_loss": 32.93969564819336, "actor_loss": -164.6659365234375, "alpha_loss": 0.011719570013694464, "alpha_value": 0.03608388769626617, "duration": 90.87651062011719, "step": 57000}
{"episode_reward": 966.0, "episode": 229.0, "batch_reward": 1.0790625, "critic_loss": 20.195057376861573, "actor_loss": -168.2686967163086, "alpha_loss": 0.010295021840836853, "alpha_value": 0.035792149007320403, "duration": 91.24291682243347, "step": 57250}
{"episode_reward": 863.0, "episode": 230.0, "batch_reward": 1.08059375, "critic_loss": 19.72787713050842, "actor_loss": -167.9068579711914, "alpha_loss": 0.010231399627402426, "alpha_value": 0.03549494069814682, "duration": 91.02548432350159, "step": 57500}
{"episode_reward": 13.0, "episode": 231.0, "batch_reward": 1.054125, "critic_loss": 18.44756280517578, "actor_loss": -165.43925305175782, "alpha_loss": 0.010409062069375068, "alpha_value": 0.03523669162392616, "duration": 91.10979318618774, "step": 57750}
{"episode_reward": 6.0, "episode": 232.0, "batch_reward": 1.07765625, "critic_loss": 16.38599161529541, "actor_loss": -170.09547888183593, "alpha_loss": 0.011271792236715554, "alpha_value": 0.03490915098786354, "duration": 90.68037581443787, "step": 58000}
{"episode_reward": 103.0, "episode": 233.0, "batch_reward": 1.08103125, "critic_loss": 16.57499412727356, "actor_loss": -163.92453100585936, "alpha_loss": 0.013813698258250951, "alpha_value": 0.03456487265229225, "duration": 91.14464569091797, "step": 58250}
{"episode_reward": 151.0, "episode": 234.0, "batch_reward": 1.07065625, "critic_loss": 88.05527612686157, "actor_loss": -165.08869287109374, "alpha_loss": 0.004499222953338176, "alpha_value": 0.03435933002829552, "duration": 90.63062119483948, "step": 58500}
{"episode_reward": 4.0, "episode": 235.0, "batch_reward": 1.0691875, "critic_loss": 22.143780019760133, "actor_loss": -166.90433209228516, "alpha_loss": 0.016390390034765005, "alpha_value": 0.03401627030968666, "duration": 90.97463941574097, "step": 58750}
{"episode_reward": 997.0, "episode": 236.0, "batch_reward": 1.07403125, "critic_loss": 18.65228482437134, "actor_loss": -164.9678800048828, "alpha_loss": 0.01613902067579329, "alpha_value": 0.03359905463457107, "duration": 91.10313439369202, "step": 59000}
{"episode_reward": 716.0, "episode": 237.0, "batch_reward": 1.0956875, "critic_loss": 32.74317269515991, "actor_loss": -165.75978088378906, "alpha_loss": 0.012097184498794376, "alpha_value": 0.03322555035352707, "duration": 90.95909452438354, "step": 59250}
{"episode_reward": 78.0, "episode": 238.0, "batch_reward": 1.0730625, "critic_loss": 37.02490404701233, "actor_loss": -165.68953637695313, "alpha_loss": 0.01385836936160922, "alpha_value": 0.032887812852859494, "duration": 90.78898406028748, "step": 59500}
{"episode_reward": 14.0, "episode": 239.0, "batch_reward": 1.07815625, "critic_loss": 22.243691638946533, "actor_loss": -166.2824229736328, "alpha_loss": 0.00814105613809079, "alpha_value": 0.032608625650405884, "duration": 91.02054738998413, "step": 59750}
{"episode_reward": 947.0, "episode": 240.0, "batch_reward": 1.07878125, "critic_loss": 52.141897163391114, "actor_loss": -165.7688994140625, "alpha_loss": -0.0016229488952085376, "alpha_value": 0.03248342016339302, "duration": 91.13758087158203, "step": 60000}
{"episode_reward": 222.0, "episode": 241.0, "batch_reward": 1.093125, "critic_loss": 32.87228281021118, "actor_loss": -164.2415050048828, "alpha_loss": 0.0009207177925854922, "alpha_value": 0.032610554307699206, "duration": 104.67173504829407, "step": 60250}
{"episode_reward": 966.0, "episode": 242.0, "batch_reward": 1.11746875, "critic_loss": 22.542192615509034, "actor_loss": -171.17269116210937, "alpha_loss": 0.007382612754590809, "alpha_value": 0.03241546940803528, "duration": 90.79435348510742, "step": 60500}
{"episode_reward": 0.0, "episode": 243.0, "batch_reward": 1.104625, "critic_loss": 23.040511964797975, "actor_loss": -168.36590148925782, "alpha_loss": 0.003004674157127738, "alpha_value": 0.03228260910511017, "duration": 91.07980251312256, "step": 60750}
{"episode_reward": 274.0, "episode": 244.0, "batch_reward": 1.1211875, "critic_loss": 22.838766786575317, "actor_loss": -168.337904296875, "alpha_loss": 0.004928755221888423, "alpha_value": 0.03217472618818283, "duration": 91.1017370223999, "step": 61000}
{"episode_reward": 0.0, "episode": 245.0, "batch_reward": 1.0815, "critic_loss": 18.594592555999757, "actor_loss": -167.77056005859376, "alpha_loss": 0.0014900557799264788, "alpha_value": 0.03204139170050621, "duration": 91.42545652389526, "step": 61250}
{"episode_reward": 16.0, "episode": 246.0, "batch_reward": 1.093125, "critic_loss": 20.04264001274109, "actor_loss": -166.252869140625, "alpha_loss": 0.00540540401218459, "alpha_value": 0.031950054347515106, "duration": 91.18853187561035, "step": 61500}
{"episode_reward": 998.0, "episode": 247.0, "batch_reward": 1.104375, "critic_loss": 19.35710643196106, "actor_loss": -168.1242861328125, "alpha_loss": 0.0004800957450643182, "alpha_value": 0.0318607494533062, "duration": 90.84464454650879, "step": 61750}
{"episode_reward": 1000.0, "episode": 248.0, "batch_reward": 1.1100625, "critic_loss": 32.76972169876099, "actor_loss": -167.60103802490235, "alpha_loss": -0.0015514388168230654, "alpha_value": 0.03189546212553978, "duration": 91.02892255783081, "step": 62000}
{"episode_reward": 0.0, "episode": 249.0, "batch_reward": 1.08471875, "critic_loss": 39.30797938919067, "actor_loss": -166.4467351074219, "alpha_loss": 0.0012368682315573097, "alpha_value": 0.0318436259329319, "duration": 90.92322158813477, "step": 62250}
{"episode_reward": 22.0, "episode": 250.0, "batch_reward": 1.10634375, "critic_loss": 65.44974914932251, "actor_loss": -167.17108020019532, "alpha_loss": -0.009082233012188226, "alpha_value": 0.03200842046737671, "duration": 91.00195956230164, "step": 62500}
{"episode_reward": 441.0, "episode": 251.0, "batch_reward": 1.131, "critic_loss": 26.264168083190917, "actor_loss": -169.3079256591797, "alpha_loss": -0.0067936886986717585, "alpha_value": 0.03233504647016525, "duration": 91.16558170318604, "step": 62750}
{"episode_reward": 981.0, "episode": 252.0, "batch_reward": 1.11065625, "critic_loss": 25.299486267089843, "actor_loss": -170.29151049804688, "alpha_loss": -0.0021932046562433243, "alpha_value": 0.03245139026641846, "duration": 91.14471459388733, "step": 63000}
{"episode_reward": 18.0, "episode": 253.0, "batch_reward": 1.09909375, "critic_loss": 20.272078468322754, "actor_loss": -167.79939685058594, "alpha_loss": -0.0006853980356827378, "alpha_value": 0.032535906612873075, "duration": 91.24314260482788, "step": 63250}
{"episode_reward": 42.0, "episode": 254.0, "batch_reward": 1.1053125, "critic_loss": 16.980795747756957, "actor_loss": -170.90150415039062, "alpha_loss": 0.0021340227774344386, "alpha_value": 0.032496791690588, "duration": 90.71475625038147, "step": 63500}
{"episode_reward": 1000.0, "episode": 255.0, "batch_reward": 1.08809375, "critic_loss": 17.71195928955078, "actor_loss": -168.120482421875, "alpha_loss": 0.002052555945236236, "alpha_value": 0.03241564625501633, "duration": 90.89699053764343, "step": 63750}
{"episode_reward": 64.0, "episode": 256.0, "batch_reward": 1.1120625, "critic_loss": 18.319314710617064, "actor_loss": -169.00432592773439, "alpha_loss": 0.0015695894472301005, "alpha_value": 0.03233413687348366, "duration": 90.85815572738647, "step": 64000}
{"episode_reward": 972.0, "episode": 257.0, "batch_reward": 1.1251875, "critic_loss": 23.76376407623291, "actor_loss": -170.6088836669922, "alpha_loss": 0.0021040324689820407, "alpha_value": 0.032265855967998504, "duration": 91.1896116733551, "step": 64250}
{"episode_reward": 57.0, "episode": 258.0, "batch_reward": 1.11328125, "critic_loss": 87.44127586364746, "actor_loss": -171.62114916992186, "alpha_loss": -0.004279425306245685, "alpha_value": 0.03230367356538773, "duration": 90.78494167327881, "step": 64500}
{"episode_reward": 66.0, "episode": 259.0, "batch_reward": 1.11840625, "critic_loss": 27.345531492233278, "actor_loss": -170.57418615722656, "alpha_loss": -0.0005947889974340796, "alpha_value": 0.03241832384467125, "duration": 91.03312873840332, "step": 64750}
{"episode_reward": 40.0, "episode": 260.0, "batch_reward": 1.1113125, "critic_loss": 20.991204902648924, "actor_loss": -168.3479005126953, "alpha_loss": 0.005957281962502748, "alpha_value": 0.03230207148194313, "duration": 90.98202061653137, "step": 65000}
{"episode_reward": 35.0, "episode": 261.0, "batch_reward": 1.1131875, "critic_loss": 18.07013045120239, "actor_loss": -169.07816381835937, "alpha_loss": 0.004975990024860948, "alpha_value": 0.032071707606315614, "duration": 90.9917402267456, "step": 65250}
{"episode_reward": 59.0, "episode": 262.0, "batch_reward": 1.091375, "critic_loss": 18.72498406791687, "actor_loss": -170.41137463378905, "alpha_loss": -0.0002403883566148579, "alpha_value": 0.03196998387575149, "duration": 91.25141668319702, "step": 65500}
{"episode_reward": 0.0, "episode": 263.0, "batch_reward": 1.11675, "critic_loss": 87.16736865615844, "actor_loss": -170.0782547607422, "alpha_loss": -0.007378216137178242, "alpha_value": 0.03205181422829628, "duration": 91.64272212982178, "step": 65750}
{"episode_reward": 668.0, "episode": 264.0, "batch_reward": 1.11171875, "critic_loss": 131.78535543441774, "actor_loss": -169.01603796386718, "alpha_loss": -0.011236490983515977, "alpha_value": 0.032451042741537095, "duration": 92.23084831237793, "step": 66000}
{"episode_reward": 980.0, "episode": 265.0, "batch_reward": 1.12, "critic_loss": 103.82421527099609, "actor_loss": -170.90225146484374, "alpha_loss": -0.01806872037705034, "alpha_value": 0.03306197842955589, "duration": 92.50715708732605, "step": 66250}
{"episode_reward": 106.0, "episode": 266.0, "batch_reward": 1.121875, "critic_loss": 44.47146934509277, "actor_loss": -169.49017919921874, "alpha_loss": -0.018146848907694222, "alpha_value": 0.03368027001619339, "duration": 92.44232892990112, "step": 66500}
{"episode_reward": 412.0, "episode": 267.0, "batch_reward": 1.102875, "critic_loss": 26.515357357025145, "actor_loss": -168.31429223632813, "alpha_loss": -0.005232441037893295, "alpha_value": 0.034041274279356, "duration": 92.0160002708435, "step": 66750}
{"episode_reward": 0.0, "episode": 268.0, "batch_reward": 1.1264375, "critic_loss": 60.39904370117188, "actor_loss": -171.4039842529297, "alpha_loss": -0.0043691735919564965, "alpha_value": 0.034152783662080764, "duration": 92.1110486984253, "step": 67000}
{"episode_reward": 169.0, "episode": 269.0, "batch_reward": 1.11759375, "critic_loss": 24.980314975738526, "actor_loss": -169.46737548828125, "alpha_loss": 0.0006718236161395907, "alpha_value": 0.03425624975562096, "duration": 92.45274448394775, "step": 67250}
{"episode_reward": 0.0, "episode": 270.0, "batch_reward": 1.102875, "critic_loss": 121.4680781211853, "actor_loss": -169.34536999511718, "alpha_loss": -0.0009758949475362897, "alpha_value": 0.03424450069665909, "duration": 92.30700850486755, "step": 67500}
{"episode_reward": 0.0, "episode": 271.0, "batch_reward": 1.10046875, "critic_loss": 20.754094268798827, "actor_loss": -169.59858093261718, "alpha_loss": 0.002159336404874921, "alpha_value": 0.034229290515184405, "duration": 92.41877436637878, "step": 67750}
{"episode_reward": 0.0, "episode": 272.0, "batch_reward": 1.10184375, "critic_loss": 31.42545896911621, "actor_loss": -169.37251251220704, "alpha_loss": 0.001808685758151114, "alpha_value": 0.034156474083662035, "duration": 92.05752325057983, "step": 68000}
{"episode_reward": 970.0, "episode": 273.0, "batch_reward": 1.12728125, "critic_loss": 27.911485343933105, "actor_loss": -172.94303698730468, "alpha_loss": 0.0001226602280512452, "alpha_value": 0.034096385717391965, "duration": 91.74070930480957, "step": 68250}
{"episode_reward": 937.0, "episode": 274.0, "batch_reward": 1.14640625, "critic_loss": 21.2411671333313, "actor_loss": -171.72659582519532, "alpha_loss": -0.00041142273647710683, "alpha_value": 0.03412686291337013, "duration": 91.41689467430115, "step": 68500}
{"episode_reward": 0.0, "episode": 275.0, "batch_reward": 1.143125, "critic_loss": 19.448335359573363, "actor_loss": -174.11785314941406, "alpha_loss": 0.0037660644594579933, "alpha_value": 0.03404310140013695, "duration": 91.44492363929749, "step": 68750}
{"episode_reward": 36.0, "episode": 276.0, "batch_reward": 1.10778125, "critic_loss": 19.363337646484375, "actor_loss": -171.23101092529296, "alpha_loss": 0.005653033750131726, "alpha_value": 0.03385747739672661, "duration": 91.48235654830933, "step": 69000}
{"episode_reward": 322.0, "episode": 277.0, "batch_reward": 1.13925, "critic_loss": 20.37164775848389, "actor_loss": -171.1827078857422, "alpha_loss": 0.0028027709219604732, "alpha_value": 0.033717800885438916, "duration": 91.42047595977783, "step": 69250}
{"episode_reward": 946.0, "episode": 278.0, "batch_reward": 1.1398125, "critic_loss": 55.291053466796875, "actor_loss": -172.23894116210937, "alpha_loss": 0.006625852899625897, "alpha_value": 0.0334955475628376, "duration": 92.05799913406372, "step": 69500}
{"episode_reward": 979.0, "episode": 279.0, "batch_reward": 1.1169375, "critic_loss": 143.5090065231323, "actor_loss": -169.79276818847657, "alpha_loss": -0.0007272888999432325, "alpha_value": 0.03335646849870682, "duration": 92.80633044242859, "step": 69750}
{"episode_reward": 0.0, "episode": 280.0, "batch_reward": 1.12659375, "critic_loss": 62.055081344604496, "actor_loss": -173.82221154785157, "alpha_loss": 0.004881252229213715, "alpha_value": 0.03333443081378937, "duration": 92.9767816066742, "step": 70000}
{"episode_reward": 0.0, "episode": 281.0, "batch_reward": 1.131375, "critic_loss": 28.852521041870116, "actor_loss": -170.68373571777343, "alpha_loss": 0.0060873841806314884, "alpha_value": 0.03308591288328171, "duration": 105.42640447616577, "step": 70250}
{"episode_reward": 424.0, "episode": 282.0, "batch_reward": 1.1251875, "critic_loss": 39.02609550476074, "actor_loss": -168.95535821533204, "alpha_loss": 0.0035776155581697822, "alpha_value": 0.032859418720006944, "duration": 91.47781705856323, "step": 70500}
{"episode_reward": 31.0, "episode": 283.0, "batch_reward": 1.13134375, "critic_loss": 49.506349742889405, "actor_loss": -173.62427648925782, "alpha_loss": -0.001880998466629535, "alpha_value": 0.03279190617799759, "duration": 91.49142384529114, "step": 70750}
{"episode_reward": 951.0, "episode": 284.0, "batch_reward": 1.1163125, "critic_loss": 25.87373580169678, "actor_loss": -169.59036376953125, "alpha_loss": -0.0002901493990793824, "alpha_value": 0.032891579180955886, "duration": 91.17496132850647, "step": 71000}
{"episode_reward": 985.0, "episode": 285.0, "batch_reward": 1.1560625, "critic_loss": 19.43808090591431, "actor_loss": -173.01287414550782, "alpha_loss": 0.007832794030196965, "alpha_value": 0.032764543801546094, "duration": 91.92832636833191, "step": 71250}
{"episode_reward": 4.0, "episode": 286.0, "batch_reward": 1.1423125, "critic_loss": 55.6907282371521, "actor_loss": -173.8138641357422, "alpha_loss": 0.0008086843686178327, "alpha_value": 0.03252816560864449, "duration": 92.52941584587097, "step": 71500}
{"episode_reward": 70.0, "episode": 287.0, "batch_reward": 1.12265625, "critic_loss": 37.265473222732545, "actor_loss": -171.41468115234375, "alpha_loss": 0.0022491135196760297, "alpha_value": 0.03247292321920395, "duration": 94.08832788467407, "step": 71750}
{"episode_reward": 6.0, "episode": 288.0, "batch_reward": 1.1655, "critic_loss": 21.36307328414917, "actor_loss": -173.3625830078125, "alpha_loss": 0.005567995700053871, "alpha_value": 0.03233788937330246, "duration": 92.03625798225403, "step": 72000}
{"episode_reward": 964.0, "episode": 289.0, "batch_reward": 1.15615625, "critic_loss": 21.486930713653564, "actor_loss": -172.6544599609375, "alpha_loss": 0.006738913073204458, "alpha_value": 0.03205429017543793, "duration": 91.47398829460144, "step": 72250}
{"episode_reward": 938.0, "episode": 290.0, "batch_reward": 1.15171875, "critic_loss": 49.1578643951416, "actor_loss": -173.63256750488281, "alpha_loss": 0.007901978912763298, "alpha_value": 0.03176740926504135, "duration": 91.63597512245178, "step": 72500}
{"episode_reward": 0.0, "episode": 291.0, "batch_reward": 1.13265625, "critic_loss": 24.921765167236327, "actor_loss": -172.5237236328125, "alpha_loss": 0.005826175486668944, "alpha_value": 0.03153739407658577, "duration": 91.59367322921753, "step": 72750}
{"episode_reward": 192.0, "episode": 292.0, "batch_reward": 1.1381875, "critic_loss": 38.215563636779784, "actor_loss": -173.08060693359374, "alpha_loss": 0.010852005191147327, "alpha_value": 0.031170727401971816, "duration": 91.62606644630432, "step": 73000}
{"episode_reward": 973.0, "episode": 293.0, "batch_reward": 1.1794375, "critic_loss": 46.74425238800049, "actor_loss": -173.91021411132812, "alpha_loss": 0.007583458817563951, "alpha_value": 0.030791360080242157, "duration": 92.10012245178223, "step": 73250}
{"episode_reward": 841.0, "episode": 294.0, "batch_reward": 1.1616875, "critic_loss": 27.329963819503785, "actor_loss": -174.38342822265625, "alpha_loss": 0.0052090202374383806, "alpha_value": 0.030588139876723288, "duration": 91.5093162059784, "step": 73500}
{"episode_reward": 11.0, "episode": 295.0, "batch_reward": 1.15421875, "critic_loss": 18.6438505859375, "actor_loss": -174.2456283569336, "alpha_loss": 0.008591270824894309, "alpha_value": 0.030307809486985207, "duration": 91.61524057388306, "step": 73750}
{"episode_reward": 970.0, "episode": 296.0, "batch_reward": 1.16509375, "critic_loss": 17.84391418838501, "actor_loss": -173.4558956298828, "alpha_loss": 0.007630141928792, "alpha_value": 0.030017460972070694, "duration": 91.94969630241394, "step": 74000}
{"episode_reward": 68.0, "episode": 297.0, "batch_reward": 1.17140625, "critic_loss": 18.122454624176026, "actor_loss": -176.2933642578125, "alpha_loss": 0.007062969667837024, "alpha_value": 0.029754362985491754, "duration": 91.6041738986969, "step": 74250}
{"episode_reward": 561.0, "episode": 298.0, "batch_reward": 1.17290625, "critic_loss": 134.46527835845947, "actor_loss": -175.42085021972656, "alpha_loss": -0.00810630403459072, "alpha_value": 0.02970795576274395, "duration": 92.1864447593689, "step": 74500}
{"episode_reward": 292.0, "episode": 299.0, "batch_reward": 1.166375, "critic_loss": 87.11520973587037, "actor_loss": -176.34690393066407, "alpha_loss": -0.005495912053622306, "alpha_value": 0.029961483374238013, "duration": 91.70408725738525, "step": 74750}
{"episode_reward": 4.0, "episode": 300.0, "batch_reward": 1.1513125, "critic_loss": 59.70573030090332, "actor_loss": -173.07611596679686, "alpha_loss": -0.0008786767069250346, "alpha_value": 0.030092865630984306, "duration": 91.56126308441162, "step": 75000}
{"episode_reward": 0.0, "episode": 301.0, "batch_reward": 1.17215625, "critic_loss": 59.456975017547606, "actor_loss": -176.2056082763672, "alpha_loss": -0.0027200777735561133, "alpha_value": 0.030133177071809767, "duration": 92.04884624481201, "step": 75250}
{"episode_reward": 3.0, "episode": 302.0, "batch_reward": 1.16084375, "critic_loss": 98.19439221572875, "actor_loss": -174.36704443359375, "alpha_loss": -0.0032305641775019467, "alpha_value": 0.030248910963535307, "duration": 91.69041204452515, "step": 75500}
{"episode_reward": 861.0, "episode": 303.0, "batch_reward": 1.15640625, "critic_loss": 42.890162956237795, "actor_loss": -176.76801599121094, "alpha_loss": -0.005340454695280641, "alpha_value": 0.030422135099768637, "duration": 91.45938515663147, "step": 75750}
{"episode_reward": 116.0, "episode": 304.0, "batch_reward": 1.169375, "critic_loss": 33.57261792373657, "actor_loss": -174.8064016113281, "alpha_loss": -0.007848948176950216, "alpha_value": 0.030652263164520265, "duration": 91.63113594055176, "step": 76000}
{"episode_reward": 979.0, "episode": 305.0, "batch_reward": 1.1698125, "critic_loss": 28.492497104644777, "actor_loss": -175.69745642089845, "alpha_loss": -0.005846487191040069, "alpha_value": 0.030936138570308684, "duration": 92.08834481239319, "step": 76250}
{"episode_reward": 962.0, "episode": 306.0, "batch_reward": 1.19096875, "critic_loss": 27.826633953094483, "actor_loss": -179.10660388183595, "alpha_loss": -0.0010351808313280343, "alpha_value": 0.03103381383419037, "duration": 91.84487748146057, "step": 76500}
{"episode_reward": 937.0, "episode": 307.0, "batch_reward": 1.21403125, "critic_loss": 23.601322498321533, "actor_loss": -179.62207946777343, "alpha_loss": -0.0038768319161608814, "alpha_value": 0.03115176594257355, "duration": 91.69168949127197, "step": 76750}
{"episode_reward": 941.0, "episode": 308.0, "batch_reward": 1.1913125, "critic_loss": 44.63506777572632, "actor_loss": -179.20635424804686, "alpha_loss": -0.0006946361381560564, "alpha_value": 0.031237544134259224, "duration": 91.62575650215149, "step": 77000}
{"episode_reward": 129.0, "episode": 309.0, "batch_reward": 1.2045, "critic_loss": 128.27436931228638, "actor_loss": -179.81032507324218, "alpha_loss": -0.0034693667981773616, "alpha_value": 0.03132405363023281, "duration": 92.01423573493958, "step": 77250}
{"episode_reward": 368.0, "episode": 310.0, "batch_reward": 1.1955625, "critic_loss": 77.59786877059936, "actor_loss": -177.33700573730468, "alpha_loss": -0.007074590318370611, "alpha_value": 0.03155155244469643, "duration": 91.5590226650238, "step": 77500}
{"episode_reward": 38.0, "episode": 311.0, "batch_reward": 1.17909375, "critic_loss": 119.38455271530151, "actor_loss": -176.8132957763672, "alpha_loss": -0.0025395566821098327, "alpha_value": 0.03176772177219391, "duration": 91.50609254837036, "step": 77750}
{"episode_reward": 509.0, "episode": 312.0, "batch_reward": 1.20846875, "critic_loss": 38.91928750228882, "actor_loss": -177.2111287841797, "alpha_loss": -0.0015486513837240637, "alpha_value": 0.03181497669219971, "duration": 91.89669680595398, "step": 78000}
{"episode_reward": 0.0, "episode": 313.0, "batch_reward": 1.20259375, "critic_loss": 33.35534992599487, "actor_loss": -178.19115490722658, "alpha_loss": 2.051918674260378e-05, "alpha_value": 0.0318344332575798, "duration": 91.31867694854736, "step": 78250}
{"episode_reward": 9.0, "episode": 314.0, "batch_reward": 1.18590625, "critic_loss": 80.63042889404296, "actor_loss": -175.8630595703125, "alpha_loss": -0.005907808905933052, "alpha_value": 0.03188918226957321, "duration": 91.59913063049316, "step": 78500}
{"episode_reward": 113.0, "episode": 315.0, "batch_reward": 1.18765625, "critic_loss": 26.87150803756714, "actor_loss": -175.88390014648436, "alpha_loss": 0.0065588522162288426, "alpha_value": 0.032004628121852875, "duration": 91.82783341407776, "step": 78750}
{"episode_reward": 63.0, "episode": 316.0, "batch_reward": 1.19071875, "critic_loss": 21.987606124877928, "actor_loss": -176.85338952636718, "alpha_loss": 0.007770777322817593, "alpha_value": 0.031662615716457364, "duration": 91.44420266151428, "step": 79000}
{"episode_reward": 34.0, "episode": 317.0, "batch_reward": 1.19053125, "critic_loss": 56.36196253967285, "actor_loss": -175.87331042480469, "alpha_loss": 0.0083914915304631, "alpha_value": 0.03137616570293903, "duration": 91.41653537750244, "step": 79250}
{"episode_reward": 3.0, "episode": 318.0, "batch_reward": 1.18646875, "critic_loss": 33.983877208709714, "actor_loss": -175.2716943359375, "alpha_loss": 0.004061880457215011, "alpha_value": 0.031102524995803835, "duration": 93.12111926078796, "step": 79500}
{"episode_reward": 809.0, "episode": 319.0, "batch_reward": 1.18253125, "critic_loss": 31.454830986022948, "actor_loss": -175.47030126953126, "alpha_loss": 0.003368930086493492, "alpha_value": 0.03100880889594555, "duration": 95.43119668960571, "step": 79750}
{"episode_reward": 903.0, "episode": 320.0, "batch_reward": 1.19434375, "critic_loss": 20.541979358673096, "actor_loss": -177.3210714111328, "alpha_loss": 0.008689842847641557, "alpha_value": 0.03075661523640156, "duration": 94.7049491405487, "step": 80000}
{"episode_reward": 950.0, "episode": 321.0, "batch_reward": 1.1998125, "critic_loss": 17.08914528465271, "actor_loss": -178.57600622558593, "alpha_loss": 0.006063950493931771, "alpha_value": 0.030471586868166922, "duration": 107.49741625785828, "step": 80250}
{"episode_reward": 973.0, "episode": 322.0, "batch_reward": 1.19278125, "critic_loss": 85.54590922927856, "actor_loss": -177.32636120605468, "alpha_loss": 0.008404709687456489, "alpha_value": 0.03017866037786007, "duration": 94.84775042533875, "step": 80500}
{"episode_reward": 8.0, "episode": 323.0, "batch_reward": 1.194, "critic_loss": 63.30075880050659, "actor_loss": -178.89202807617187, "alpha_loss": -0.00378744583716616, "alpha_value": 0.030110756143927574, "duration": 93.49604535102844, "step": 80750}
{"episode_reward": 565.0, "episode": 324.0, "batch_reward": 1.18809375, "critic_loss": 33.48416393661499, "actor_loss": -179.09216235351562, "alpha_loss": 0.0021891078264452517, "alpha_value": 0.03010077504813671, "duration": 92.88920950889587, "step": 81000}
{"episode_reward": 212.0, "episode": 325.0, "batch_reward": 1.20471875, "critic_loss": 31.644004722595216, "actor_loss": -181.28162109375, "alpha_loss": 0.002318515645340085, "alpha_value": 0.03003064303100109, "duration": 94.91246700286865, "step": 81250}
{"episode_reward": 38.0, "episode": 326.0, "batch_reward": 1.21390625, "critic_loss": 22.77165634918213, "actor_loss": -179.76334606933594, "alpha_loss": 0.0034026677678339183, "alpha_value": 0.029894141227006912, "duration": 95.19593596458435, "step": 81500}
{"episode_reward": 952.0, "episode": 327.0, "batch_reward": 1.2126875, "critic_loss": 21.85596309661865, "actor_loss": -180.85045288085936, "alpha_loss": 0.0018064977540634573, "alpha_value": 0.029790219962596894, "duration": 96.0592691898346, "step": 81750}
{"episode_reward": 946.0, "episode": 328.0, "batch_reward": 1.205875, "critic_loss": 17.18483798980713, "actor_loss": -179.74500463867187, "alpha_loss": 0.003282083423808217, "alpha_value": 0.029692064806818963, "duration": 82.2468671798706, "step": 82000}
{"episode_reward": 991.0, "episode": 329.0, "batch_reward": 1.2365, "critic_loss": 46.23748240280151, "actor_loss": -182.08326348876952, "alpha_loss": 0.0004310595840215683, "alpha_value": 0.02956322839856148, "duration": 79.51015496253967, "step": 82250}
{"episode_reward": 980.0, "episode": 330.0, "batch_reward": 1.23740625, "critic_loss": 24.888442235946656, "actor_loss": -182.83079028320313, "alpha_loss": 0.0008526483080349863, "alpha_value": 0.02959859435260296, "duration": 79.6151475906372, "step": 82500}
{"episode_reward": 39.0, "episode": 331.0, "batch_reward": 1.21790625, "critic_loss": 17.03402293586731, "actor_loss": -180.90163024902344, "alpha_loss": 0.0007725608036853373, "alpha_value": 0.029566214606165885, "duration": 79.87345051765442, "step": 82750}
{"episode_reward": 0.0, "episode": 332.0, "batch_reward": 1.2079375, "critic_loss": 14.618354425430297, "actor_loss": -180.60304846191406, "alpha_loss": 0.002922838323749602, "alpha_value": 0.02949663682281971, "duration": 80.18596005439758, "step": 83000}
{"episode_reward": 22.0, "episode": 333.0, "batch_reward": 1.2176875, "critic_loss": 17.676125648498534, "actor_loss": -180.87986206054688, "alpha_loss": 0.002992572423070669, "alpha_value": 0.029336107671260835, "duration": 80.24175143241882, "step": 83250}
{"episode_reward": 959.0, "episode": 334.0, "batch_reward": 1.23625, "critic_loss": 31.51588440132141, "actor_loss": -182.1970157470703, "alpha_loss": 0.0014452133267186583, "alpha_value": 0.029238753229379653, "duration": 80.22908234596252, "step": 83500}
{"episode_reward": 979.0, "episode": 335.0, "batch_reward": 1.23803125, "critic_loss": 154.47619731140136, "actor_loss": -184.2155048828125, "alpha_loss": -0.006731166476383805, "alpha_value": 0.029294936060905455, "duration": 80.28019881248474, "step": 83750}
{"episode_reward": 500.0, "episode": 336.0, "batch_reward": 1.23809375, "critic_loss": 49.05842770004273, "actor_loss": -184.1557833251953, "alpha_loss": 0.00017199307959526777, "alpha_value": 0.029500442802906035, "duration": 80.16325807571411, "step": 84000}
{"episode_reward": 299.0, "episode": 337.0, "batch_reward": 1.23065625, "critic_loss": 77.56003285980225, "actor_loss": -182.41872094726563, "alpha_loss": -0.0017147313361056148, "alpha_value": 0.02954076698422432, "duration": 80.22973823547363, "step": 84250}
