{"episode_reward": 0.0, "episode": 1.0, "duration": 16.228115558624268, "step": 250}
{"episode_reward": 30.0, "episode": 2.0, "duration": 0.38084936141967773, "step": 500}
{"episode_reward": 0.0, "episode": 3.0, "duration": 0.3840484619140625, "step": 750}
{"episode_reward": 0.0, "episode": 4.0, "duration": 0.3828866481781006, "step": 1000}
{"episode_reward": 39.0, "episode": 5.0, "batch_reward": 0.06780424339471577, "critic_loss": 0.7820131036552121, "actor_loss": -1.3246860612553355, "alpha_loss": 0.29673683732164713, "alpha_value": 0.09477135966601533, "duration": 1044.389068365097, "step": 1250}
{"episode_reward": 18.0, "episode": 6.0, "batch_reward": 0.0625, "critic_loss": 1.8410077553391457, "actor_loss": -2.4764027156829833, "alpha_loss": 0.2681821820735931, "alpha_value": 0.08943215143680573, "duration": 189.13346457481384, "step": 1500}
{"episode_reward": 0.0, "episode": 7.0, "batch_reward": 0.07459375, "critic_loss": 1.9526241179108619, "actor_loss": -2.574514313697815, "alpha_loss": 0.26807487976551053, "alpha_value": 0.08839076554775238, "duration": 189.5488429069519, "step": 1750}
{"episode_reward": 112.0, "episode": 8.0, "batch_reward": 0.1155, "critic_loss": 3.0173077149391174, "actor_loss": -2.7272493505477904, "alpha_loss": 0.25814002978801726, "alpha_value": 0.08737085843086242, "duration": 189.53582334518433, "step": 2000}
{"episode_reward": 52.0, "episode": 9.0, "batch_reward": 0.11640625, "critic_loss": 3.612076562523842, "actor_loss": -2.8880523357391357, "alpha_loss": 0.24527721548080444, "alpha_value": 0.08639745664596557, "duration": 189.39108276367188, "step": 2250}
{"episode_reward": 30.0, "episode": 10.0, "batch_reward": 0.12240625, "critic_loss": 3.6755367349386217, "actor_loss": -3.0802790145874024, "alpha_loss": 0.23427409827709197, "alpha_value": 0.08546459484100342, "duration": 189.3493537902832, "step": 2500}
{"episode_reward": 52.0, "episode": 11.0, "batch_reward": 0.1228125, "critic_loss": 3.4718908050060273, "actor_loss": -3.3866816883087156, "alpha_loss": 0.21741412723064424, "alpha_value": 0.08457492566108704, "duration": 189.84755277633667, "step": 2750}
{"episode_reward": 18.0, "episode": 12.0, "batch_reward": 0.14184375, "critic_loss": 4.327160967111587, "actor_loss": -3.6608906230926515, "alpha_loss": 0.20948647153377534, "alpha_value": 0.08372865498065948, "duration": 189.09453511238098, "step": 3000}
{"episode_reward": 68.0, "episode": 13.0, "batch_reward": 0.18296875, "critic_loss": 5.2592741959095, "actor_loss": -4.0354647541046145, "alpha_loss": 0.1940501984357834, "alpha_value": 0.08289345860481262, "duration": 189.66933822631836, "step": 3250}
{"episode_reward": 331.0, "episode": 14.0, "batch_reward": 0.2305625, "critic_loss": 6.549264864444733, "actor_loss": -4.63467028427124, "alpha_loss": 0.16187704938650133, "alpha_value": 0.08216861879825592, "duration": 189.61223888397217, "step": 3500}
{"episode_reward": 34.0, "episode": 15.0, "batch_reward": 0.22065625, "critic_loss": 6.344516341686249, "actor_loss": -5.096217920303345, "alpha_loss": 0.14776906508207321, "alpha_value": 0.08150566524267197, "duration": 189.62289690971375, "step": 3750}
{"episode_reward": 18.0, "episode": 16.0, "batch_reward": 0.2065625, "critic_loss": 6.242077562332153, "actor_loss": -5.566613632202149, "alpha_loss": 0.14560332822799682, "alpha_value": 0.08086309432983399, "duration": 189.8135485649109, "step": 4000}
{"episode_reward": 31.0, "episode": 17.0, "batch_reward": 0.20246875, "critic_loss": 6.3994859018325805, "actor_loss": -5.997783847808838, "alpha_loss": 0.14439162296056748, "alpha_value": 0.08021000081300736, "duration": 190.46602034568787, "step": 4250}
{"episode_reward": 7.0, "episode": 18.0, "batch_reward": 0.18971875, "critic_loss": 6.569730632781982, "actor_loss": -6.235422435760498, "alpha_loss": 0.15338035035133363, "alpha_value": 0.07951156574487686, "duration": 190.78474688529968, "step": 4500}
{"episode_reward": 0.0, "episode": 19.0, "batch_reward": 0.18453125, "critic_loss": 7.041838451862335, "actor_loss": -6.80963126373291, "alpha_loss": 0.1499221843481064, "alpha_value": 0.07878123831748962, "duration": 190.32179403305054, "step": 4750}
{"episode_reward": 31.0, "episode": 20.0, "batch_reward": 0.1854375, "critic_loss": 6.876470467567444, "actor_loss": -7.192240425109864, "alpha_loss": 0.14162902665138244, "alpha_value": 0.07805800080299377, "duration": 190.49934720993042, "step": 5000}
{"episode_reward": 51.0, "episode": 21.0, "batch_reward": 0.1964375, "critic_loss": 6.292372761726379, "actor_loss": -7.520905410766601, "alpha_loss": 0.1425811646580696, "alpha_value": 0.07735168087482452, "duration": 189.9713888168335, "step": 5250}
{"episode_reward": 199.0, "episode": 22.0, "batch_reward": 0.20625, "critic_loss": 8.11076741886139, "actor_loss": -8.012080032348633, "alpha_loss": 0.13380921322107314, "alpha_value": 0.07664007997512817, "duration": 190.14072465896606, "step": 5500}
{"episode_reward": 54.0, "episode": 23.0, "batch_reward": 0.23025, "critic_loss": 7.732798894882202, "actor_loss": -8.710607086181641, "alpha_loss": 0.12226833963394165, "alpha_value": 0.07598199099302291, "duration": 190.11155557632446, "step": 5750}
{"episode_reward": 241.0, "episode": 24.0, "batch_reward": 0.24084375, "critic_loss": 6.46885160446167, "actor_loss": -8.861371837615966, "alpha_loss": 0.11865879756212235, "alpha_value": 0.07534643548727035, "duration": 190.08235955238342, "step": 6000}
{"episode_reward": 0.0, "episode": 25.0, "batch_reward": 0.24725, "critic_loss": 6.542700592041015, "actor_loss": -9.367503845214843, "alpha_loss": 0.12179034930467605, "alpha_value": 0.07468160265684128, "duration": 190.44547367095947, "step": 6250}
{"episode_reward": 159.0, "episode": 26.0, "batch_reward": 0.2599375, "critic_loss": 6.730987092018127, "actor_loss": -9.520205169677734, "alpha_loss": 0.12020697194337845, "alpha_value": 0.07400942623615264, "duration": 190.36101746559143, "step": 6500}
{"episode_reward": 10.0, "episode": 27.0, "batch_reward": 0.26821875, "critic_loss": 6.225730553627014, "actor_loss": -9.556700927734376, "alpha_loss": 0.115105801820755, "alpha_value": 0.07331521493196487, "duration": 190.39816451072693, "step": 6750}
{"episode_reward": 368.0, "episode": 28.0, "batch_reward": 0.316125, "critic_loss": 6.568551173210144, "actor_loss": -10.148519195556641, "alpha_loss": 0.10905948966741562, "alpha_value": 0.07267516624927521, "duration": 190.04269099235535, "step": 7000}
{"episode_reward": 598.0, "episode": 29.0, "batch_reward": 0.36834375, "critic_loss": 7.880812129974365, "actor_loss": -10.872348320007324, "alpha_loss": 0.094765345454216, "alpha_value": 0.07206548744440079, "duration": 190.61588263511658, "step": 7250}
{"episode_reward": 274.0, "episode": 30.0, "batch_reward": 0.39834375, "critic_loss": 8.16753494644165, "actor_loss": -11.713542861938476, "alpha_loss": 0.09237242153286934, "alpha_value": 0.07148900789022446, "duration": 190.6161835193634, "step": 7500}
{"episode_reward": 165.0, "episode": 31.0, "batch_reward": 0.38284375, "critic_loss": 8.589509652137757, "actor_loss": -12.514934410095215, "alpha_loss": 0.08831546050310135, "alpha_value": 0.07093832331895829, "duration": 190.64127945899963, "step": 7750}
{"episode_reward": 95.0, "episode": 32.0, "batch_reward": 0.4015, "critic_loss": 9.152449641227722, "actor_loss": -13.358840934753418, "alpha_loss": 0.0862923213839531, "alpha_value": 0.07035108214616775, "duration": 190.55640411376953, "step": 8000}
{"episode_reward": 89.0, "episode": 33.0, "batch_reward": 0.3949375, "critic_loss": 9.74020878791809, "actor_loss": -13.815634262084961, "alpha_loss": 0.07745558843016624, "alpha_value": 0.06980277091264725, "duration": 190.5173819065094, "step": 8250}
{"episode_reward": 60.0, "episode": 34.0, "batch_reward": 0.38884375, "critic_loss": 9.683691028594971, "actor_loss": -14.228484725952148, "alpha_loss": 0.08043326176702977, "alpha_value": 0.06926923900842667, "duration": 190.29563760757446, "step": 8500}
{"episode_reward": 35.0, "episode": 35.0, "batch_reward": 0.38784375, "critic_loss": 9.960971220016479, "actor_loss": -14.547574409484863, "alpha_loss": 0.07580532047152519, "alpha_value": 0.06871726399660111, "duration": 190.8888213634491, "step": 8750}
{"episode_reward": 140.0, "episode": 36.0, "batch_reward": 0.39375, "critic_loss": 10.521923971176147, "actor_loss": -15.21060065460205, "alpha_loss": 0.07650765240192413, "alpha_value": 0.06816025298833847, "duration": 190.55266547203064, "step": 9000}
{"episode_reward": 0.0, "episode": 37.0, "batch_reward": 0.3808125, "critic_loss": 9.047845987319945, "actor_loss": -15.731602485656738, "alpha_loss": 0.08005197963118553, "alpha_value": 0.06757702094316483, "duration": 190.6392045021057, "step": 9250}
{"episode_reward": 39.0, "episode": 38.0, "batch_reward": 0.38328125, "critic_loss": 10.523803098678588, "actor_loss": -16.047644989013673, "alpha_loss": 0.07088785025477409, "alpha_value": 0.06698391187191009, "duration": 190.76242995262146, "step": 9500}
{"episode_reward": 332.0, "episode": 39.0, "batch_reward": 0.39371875, "critic_loss": 10.74123433303833, "actor_loss": -17.154465942382814, "alpha_loss": 0.06706130361557007, "alpha_value": 0.066455002784729, "duration": 190.32818222045898, "step": 9750}
{"episode_reward": 0.0, "episode": 40.0, "batch_reward": 0.37003125, "critic_loss": 10.578112215042115, "actor_loss": -17.107858810424805, "alpha_loss": 0.06834164163470269, "alpha_value": 0.06591804927587509, "duration": 190.71043372154236, "step": 10000}
{"episode_reward": 46.0, "episode": 41.0, "batch_reward": 0.37928125, "critic_loss": 10.868407991409303, "actor_loss": -17.60648442840576, "alpha_loss": 0.0738180384337902, "alpha_value": 0.06533092379570007, "duration": 205.72149753570557, "step": 10250}
{"episode_reward": 2.0, "episode": 42.0, "batch_reward": 0.37703125, "critic_loss": 11.575042701721191, "actor_loss": -18.61403018951416, "alpha_loss": 0.07579404616355896, "alpha_value": 0.06470064634084702, "duration": 190.0790889263153, "step": 10500}
{"episode_reward": 112.0, "episode": 43.0, "batch_reward": 0.36778125, "critic_loss": 11.288837116241455, "actor_loss": -18.446614418029785, "alpha_loss": 0.0781740443110466, "alpha_value": 0.06404777556657791, "duration": 190.27999210357666, "step": 10750}
{"episode_reward": 24.0, "episode": 44.0, "batch_reward": 0.37096875, "critic_loss": 10.42815543937683, "actor_loss": -19.54423628234863, "alpha_loss": 0.07726981642842293, "alpha_value": 0.06337819427251816, "duration": 190.08586645126343, "step": 11000}
{"episode_reward": 267.0, "episode": 45.0, "batch_reward": 0.37640625, "critic_loss": 10.9894344997406, "actor_loss": -19.709996337890626, "alpha_loss": 0.07352927541732789, "alpha_value": 0.06272614714503288, "duration": 190.26494216918945, "step": 11250}
{"episode_reward": 71.0, "episode": 46.0, "batch_reward": 0.40428125, "critic_loss": 13.058257705688476, "actor_loss": -20.21310877227783, "alpha_loss": 0.07255424678325653, "alpha_value": 0.062092173606157305, "duration": 190.63092732429504, "step": 11500}
{"episode_reward": 598.0, "episode": 47.0, "batch_reward": 0.42046875, "critic_loss": 14.018664140701294, "actor_loss": -20.83286056518555, "alpha_loss": 0.062231610119342806, "alpha_value": 0.061491511523723605, "duration": 190.73883509635925, "step": 11750}
{"episode_reward": 0.0, "episode": 48.0, "batch_reward": 0.40640625, "critic_loss": 14.4044979095459, "actor_loss": -21.57697769165039, "alpha_loss": 0.05917205439507961, "alpha_value": 0.0609525203704834, "duration": 190.59281945228577, "step": 12000}
{"episode_reward": 2.0, "episode": 49.0, "batch_reward": 0.4054375, "critic_loss": 13.71999210166931, "actor_loss": -21.6938231048584, "alpha_loss": 0.05950265775620937, "alpha_value": 0.06042080223560333, "duration": 190.8649182319641, "step": 12250}
{"episode_reward": 0.0, "episode": 50.0, "batch_reward": 0.39409375, "critic_loss": 17.67541767311096, "actor_loss": -22.269615966796874, "alpha_loss": 0.056139028772711756, "alpha_value": 0.05987920433282852, "duration": 190.8336944580078, "step": 12500}
{"episode_reward": 25.0, "episode": 51.0, "batch_reward": 0.392625, "critic_loss": 18.06050334739685, "actor_loss": -22.64206703186035, "alpha_loss": 0.054500084698200224, "alpha_value": 0.05934377035498619, "duration": 190.80994319915771, "step": 12750}
{"episode_reward": 0.0, "episode": 52.0, "batch_reward": 0.376375, "critic_loss": 16.97120255470276, "actor_loss": -23.33296011352539, "alpha_loss": 0.052259615249931814, "alpha_value": 0.058848148316144946, "duration": 190.70703673362732, "step": 13000}
{"episode_reward": 43.0, "episode": 53.0, "batch_reward": 0.37028125, "critic_loss": 14.849881412506104, "actor_loss": -23.290780838012694, "alpha_loss": 0.05672827661037445, "alpha_value": 0.05829642227292061, "duration": 190.92811703681946, "step": 13250}
{"episode_reward": 0.0, "episode": 54.0, "batch_reward": 0.40115625, "critic_loss": 15.530190771102905, "actor_loss": -24.252683654785155, "alpha_loss": 0.05439387106895447, "alpha_value": 0.05772755828499794, "duration": 190.2917721271515, "step": 13500}
{"episode_reward": 792.0, "episode": 55.0, "batch_reward": 0.42921875, "critic_loss": 17.20474339675903, "actor_loss": -25.184185989379884, "alpha_loss": 0.04535965548455715, "alpha_value": 0.05721891981363297, "duration": 190.0179100036621, "step": 13750}
{"episode_reward": 116.0, "episode": 56.0, "batch_reward": 0.431125, "critic_loss": 20.03812763786316, "actor_loss": -25.965115966796876, "alpha_loss": 0.03852446024119854, "alpha_value": 0.05677295994758606, "duration": 190.9762089252472, "step": 14000}
{"episode_reward": 190.0, "episode": 57.0, "batch_reward": 0.456375, "critic_loss": 19.22237186050415, "actor_loss": -27.422698272705077, "alpha_loss": 0.03760515923053026, "alpha_value": 0.056370113700628284, "duration": 190.76439452171326, "step": 14250}
{"episode_reward": 949.0, "episode": 58.0, "batch_reward": 0.492875, "critic_loss": 18.60958371543884, "actor_loss": -28.92441651916504, "alpha_loss": 0.026966422617435454, "alpha_value": 0.05601356372237205, "duration": 191.09773135185242, "step": 14500}
{"episode_reward": 30.0, "episode": 59.0, "batch_reward": 0.497, "critic_loss": 19.77620860671997, "actor_loss": -29.683892013549805, "alpha_loss": 0.026787140917032957, "alpha_value": 0.05569096410274506, "duration": 190.61827778816223, "step": 14750}
{"episode_reward": 534.0, "episode": 60.0, "batch_reward": 0.51096875, "critic_loss": 19.29461138153076, "actor_loss": -30.58403971862793, "alpha_loss": 0.02279298716969788, "alpha_value": 0.05539223390817642, "duration": 190.14733147621155, "step": 15000}
{"episode_reward": 0.0, "episode": 61.0, "batch_reward": 0.50725, "critic_loss": 22.145039976119996, "actor_loss": -31.85958003234863, "alpha_loss": 0.013777402643114329, "alpha_value": 0.0551713490486145, "duration": 190.99127531051636, "step": 15250}
{"episode_reward": 6.0, "episode": 62.0, "batch_reward": 0.4965625, "critic_loss": 20.644553943634033, "actor_loss": -32.6321981048584, "alpha_loss": 0.01118034009449184, "alpha_value": 0.05500562885403633, "duration": 190.34003448486328, "step": 15500}
{"episode_reward": 73.0, "episode": 63.0, "batch_reward": 0.50228125, "critic_loss": 21.81078544998169, "actor_loss": -33.870134521484374, "alpha_loss": 0.01732426121085882, "alpha_value": 0.05481055623292923, "duration": 190.98821473121643, "step": 15750}
{"episode_reward": 281.0, "episode": 64.0, "batch_reward": 0.510125, "critic_loss": 21.43387194824219, "actor_loss": -34.90744720458984, "alpha_loss": 0.015280327300541102, "alpha_value": 0.054557314693927765, "duration": 190.03975749015808, "step": 16000}
{"episode_reward": 40.0, "episode": 65.0, "batch_reward": 0.514125, "critic_loss": 22.817764278411865, "actor_loss": -35.455170516967776, "alpha_loss": 0.007875653673894704, "alpha_value": 0.05438869649171829, "duration": 190.58150577545166, "step": 16250}
{"episode_reward": 629.0, "episode": 66.0, "batch_reward": 0.52440625, "critic_loss": 23.90176720046997, "actor_loss": -37.18367010498047, "alpha_loss": 0.011503423552028835, "alpha_value": 0.05424926257133484, "duration": 191.24680042266846, "step": 16500}
{"episode_reward": 67.0, "episode": 67.0, "batch_reward": 0.54096875, "critic_loss": 26.6986411819458, "actor_loss": -38.182679794311525, "alpha_loss": 0.012358355009928346, "alpha_value": 0.05403705582022667, "duration": 190.3453176021576, "step": 16750}
{"episode_reward": 63.0, "episode": 68.0, "batch_reward": 0.55071875, "critic_loss": 26.61614868545532, "actor_loss": -38.84074938964844, "alpha_loss": 0.010331219318322838, "alpha_value": 0.053836357444524766, "duration": 190.62465643882751, "step": 17000}
{"episode_reward": 942.0, "episode": 69.0, "batch_reward": 0.5660625, "critic_loss": 25.20054312133789, "actor_loss": -40.68166763305664, "alpha_loss": 0.009003203824162483, "alpha_value": 0.05363318032026291, "duration": 191.03768038749695, "step": 17250}
{"episode_reward": 65.0, "episode": 70.0, "batch_reward": 0.5770625, "critic_loss": 24.796716442108153, "actor_loss": -41.12925256347656, "alpha_loss": 0.008627661656588317, "alpha_value": 0.053483392655849456, "duration": 190.86251974105835, "step": 17500}
{"episode_reward": 312.0, "episode": 71.0, "batch_reward": 0.56621875, "critic_loss": 25.75448292541504, "actor_loss": -41.76692080688476, "alpha_loss": 0.00763310188613832, "alpha_value": 0.05332314372062683, "duration": 190.84484267234802, "step": 17750}
{"episode_reward": 9.0, "episode": 72.0, "batch_reward": 0.5701875, "critic_loss": 24.251247051239012, "actor_loss": -41.67971856689453, "alpha_loss": 0.0090067950617522, "alpha_value": 0.05312800505757332, "duration": 191.6382212638855, "step": 18000}
{"episode_reward": 37.0, "episode": 73.0, "batch_reward": 0.58425, "critic_loss": 25.0577901802063, "actor_loss": -43.77866864013672, "alpha_loss": 0.010677243678830564, "alpha_value": 0.05290934583544731, "duration": 191.26633644104004, "step": 18250}
{"episode_reward": 955.0, "episode": 74.0, "batch_reward": 0.61271875, "critic_loss": 27.38073847579956, "actor_loss": -44.46983807373047, "alpha_loss": 0.010704456012696028, "alpha_value": 0.0526414974629879, "duration": 191.1428518295288, "step": 18500}
{"episode_reward": 855.0, "episode": 75.0, "batch_reward": 0.64296875, "critic_loss": 25.984277645111085, "actor_loss": -46.20416448974609, "alpha_loss": 0.006189004012383521, "alpha_value": 0.05243315833806991, "duration": 190.9249622821808, "step": 18750}
{"episode_reward": 25.0, "episode": 76.0, "batch_reward": 0.63721875, "critic_loss": 26.747424713134766, "actor_loss": -46.63625732421875, "alpha_loss": 0.0088316436894238, "alpha_value": 0.05229172256588936, "duration": 190.24734568595886, "step": 19000}
{"episode_reward": 243.0, "episode": 77.0, "batch_reward": 0.66134375, "critic_loss": 28.093079105377196, "actor_loss": -47.66047903442383, "alpha_loss": 0.011716732071712614, "alpha_value": 0.05200388213992119, "duration": 190.9272747039795, "step": 19250}
{"episode_reward": 955.0, "episode": 78.0, "batch_reward": 0.68003125, "critic_loss": 27.1548282661438, "actor_loss": -49.152797912597656, "alpha_loss": 0.009273470042273402, "alpha_value": 0.051730246245861054, "duration": 190.56033897399902, "step": 19500}
{"episode_reward": 298.0, "episode": 79.0, "batch_reward": 0.69934375, "critic_loss": 26.38519260406494, "actor_loss": -50.317803009033206, "alpha_loss": 0.011836146901361644, "alpha_value": 0.05140018743276596, "duration": 190.54411244392395, "step": 19750}
{"episode_reward": 87.0, "episode": 80.0, "batch_reward": 0.671125, "critic_loss": 30.62153426361084, "actor_loss": -51.08608905029297, "alpha_loss": -0.0008137209499254822, "alpha_value": 0.05126696500182152, "duration": 190.34996676445007, "step": 20000}
{"episode_reward": 36.0, "episode": 81.0, "batch_reward": 0.67878125, "critic_loss": 29.262681037902833, "actor_loss": -52.17060092163086, "alpha_loss": 0.002742724767886102, "alpha_value": 0.051232849895954134, "duration": 204.01783657073975, "step": 20250}
{"episode_reward": 51.0, "episode": 82.0, "batch_reward": 0.69765625, "critic_loss": 30.9137078666687, "actor_loss": -53.852746490478516, "alpha_loss": 6.721596233546734e-05, "alpha_value": 0.05116211685538292, "duration": 190.74104166030884, "step": 20500}
{"episode_reward": 665.0, "episode": 83.0, "batch_reward": 0.68778125, "critic_loss": 28.299388175964356, "actor_loss": -54.186485656738284, "alpha_loss": 0.0009140793196856976, "alpha_value": 0.05117208629846573, "duration": 191.35664796829224, "step": 20750}
{"episode_reward": 27.0, "episode": 84.0, "batch_reward": 0.68715625, "critic_loss": 28.15810302352905, "actor_loss": -54.73854086303711, "alpha_loss": -0.0012126281326636673, "alpha_value": 0.051158447682857516, "duration": 190.9080514907837, "step": 21000}
{"episode_reward": 98.0, "episode": 85.0, "batch_reward": 0.6923125, "critic_loss": 26.58761936187744, "actor_loss": -55.54275405883789, "alpha_loss": 0.0015030199596658348, "alpha_value": 0.05116579228639603, "duration": 190.66743421554565, "step": 21250}
{"episode_reward": 107.0, "episode": 86.0, "batch_reward": 0.6959375, "critic_loss": 27.57730300140381, "actor_loss": -56.62688583374023, "alpha_loss": -0.001419377957470715, "alpha_value": 0.05114052876830101, "duration": 190.20445036888123, "step": 21500}
{"episode_reward": 196.0, "episode": 87.0, "batch_reward": 0.68565625, "critic_loss": 25.63760284805298, "actor_loss": -56.96933303833008, "alpha_loss": 0.0005754079446196556, "alpha_value": 0.05118640896677971, "duration": 190.3256299495697, "step": 21750}
{"episode_reward": 362.0, "episode": 88.0, "batch_reward": 0.69875, "critic_loss": 31.73439638519287, "actor_loss": -56.55974542236328, "alpha_loss": 0.0028785155517980455, "alpha_value": 0.0511771891117096, "duration": 190.1927673816681, "step": 22000}
{"episode_reward": 497.0, "episode": 89.0, "batch_reward": 0.6954375, "critic_loss": 32.1335608253479, "actor_loss": -58.65512451171875, "alpha_loss": 0.002983188240788877, "alpha_value": 0.05100448662042618, "duration": 190.92132091522217, "step": 22250}
{"episode_reward": 117.0, "episode": 90.0, "batch_reward": 0.69303125, "critic_loss": 31.555857162475586, "actor_loss": -58.49083898925781, "alpha_loss": -0.0005249639526009559, "alpha_value": 0.05097913467884064, "duration": 190.76691150665283, "step": 22500}
{"episode_reward": 0.0, "episode": 91.0, "batch_reward": 0.69625, "critic_loss": 38.98003028869629, "actor_loss": -60.58579534912109, "alpha_loss": -0.007925900403410195, "alpha_value": 0.05110739642381668, "duration": 190.70313715934753, "step": 22750}
{"episode_reward": 275.0, "episode": 92.0, "batch_reward": 0.686375, "critic_loss": 34.973781185150145, "actor_loss": -60.38971969604492, "alpha_loss": -0.010172551636584103, "alpha_value": 0.051506926506757734, "duration": 190.70225262641907, "step": 23000}
{"episode_reward": 0.0, "episode": 93.0, "batch_reward": 0.69534375, "critic_loss": 32.06078932571411, "actor_loss": -61.03686782836914, "alpha_loss": -0.006002427067607641, "alpha_value": 0.051800271421670915, "duration": 190.5897696018219, "step": 23250}
{"episode_reward": 568.0, "episode": 94.0, "batch_reward": 0.69590625, "critic_loss": 31.240746791839598, "actor_loss": -61.92600866699219, "alpha_loss": -0.0060007673976942896, "alpha_value": 0.052073958933353426, "duration": 190.7993609905243, "step": 23500}
{"episode_reward": 120.0, "episode": 95.0, "batch_reward": 0.69690625, "critic_loss": 29.010615013122557, "actor_loss": -62.91760980224609, "alpha_loss": -0.008464657742530107, "alpha_value": 0.05236652737855911, "duration": 190.8874912261963, "step": 23750}
{"episode_reward": 7.0, "episode": 96.0, "batch_reward": 0.69321875, "critic_loss": 28.24171989440918, "actor_loss": -62.894517791748044, "alpha_loss": -0.007386320551857352, "alpha_value": 0.052707987129688265, "duration": 190.9354510307312, "step": 24000}
{"episode_reward": 70.0, "episode": 97.0, "batch_reward": 0.69440625, "critic_loss": 25.966907154083252, "actor_loss": -64.13749896240235, "alpha_loss": -0.004266813051886856, "alpha_value": 0.05300251263380051, "duration": 190.8518328666687, "step": 24250}
{"episode_reward": 3.0, "episode": 98.0, "batch_reward": 0.68921875, "critic_loss": 26.865415172576903, "actor_loss": -64.834833984375, "alpha_loss": -0.0036362813804298637, "alpha_value": 0.05311826306581497, "duration": 190.49313926696777, "step": 24500}
{"episode_reward": 242.0, "episode": 99.0, "batch_reward": 0.67878125, "critic_loss": 25.773563510894775, "actor_loss": -64.89965496826171, "alpha_loss": -0.007519083007238805, "alpha_value": 0.053379557579755786, "duration": 190.24420142173767, "step": 24750}
{"episode_reward": 5.0, "episode": 100.0, "batch_reward": 0.685875, "critic_loss": 26.320558742523193, "actor_loss": -64.12416427612305, "alpha_loss": -0.006785234249196946, "alpha_value": 0.053735417276620866, "duration": 190.38952469825745, "step": 25000}
{"episode_reward": 45.0, "episode": 101.0, "batch_reward": 0.6784375, "critic_loss": 25.82214225769043, "actor_loss": -65.45414352416992, "alpha_loss": -0.007805529058910906, "alpha_value": 0.05414055779576302, "duration": 190.65338921546936, "step": 25250}
{"episode_reward": 38.0, "episode": 102.0, "batch_reward": 0.68975, "critic_loss": 30.751573566436768, "actor_loss": -65.32688201904297, "alpha_loss": -0.0036746425540186466, "alpha_value": 0.054366576254367825, "duration": 190.5543727874756, "step": 25500}
{"episode_reward": 309.0, "episode": 103.0, "batch_reward": 0.69096875, "critic_loss": 30.62869205093384, "actor_loss": -66.0417855834961, "alpha_loss": -0.0058970140311867, "alpha_value": 0.0545878392457962, "duration": 191.0241723060608, "step": 25750}
{"episode_reward": 93.0, "episode": 104.0, "batch_reward": 0.66525, "critic_loss": 29.715566520690917, "actor_loss": -66.79403311157226, "alpha_loss": -0.006181851752102375, "alpha_value": 0.05481726574897766, "duration": 191.34804129600525, "step": 26000}
{"episode_reward": 208.0, "episode": 105.0, "batch_reward": 0.677, "critic_loss": 27.933751667022705, "actor_loss": -67.57386801147462, "alpha_loss": -0.0036405199728906153, "alpha_value": 0.055131184637546536, "duration": 190.8680648803711, "step": 26250}
{"episode_reward": 144.0, "episode": 106.0, "batch_reward": 0.6699375, "critic_loss": 27.927705936431884, "actor_loss": -68.2144921875, "alpha_loss": -0.005694123745895922, "alpha_value": 0.05530280849337578, "duration": 190.58267045021057, "step": 26500}
{"episode_reward": 340.0, "episode": 107.0, "batch_reward": 0.69275, "critic_loss": 34.71529510879517, "actor_loss": -69.50252865600586, "alpha_loss": -0.004995507872663439, "alpha_value": 0.055558916091918945, "duration": 190.68259048461914, "step": 26750}
{"episode_reward": 617.0, "episode": 108.0, "batch_reward": 0.695875, "critic_loss": 28.86754431915283, "actor_loss": -69.24113821411133, "alpha_loss": -0.0037074366682209076, "alpha_value": 0.055793681293725965, "duration": 190.41334557533264, "step": 27000}
{"episode_reward": 32.0, "episode": 109.0, "batch_reward": 0.68221875, "critic_loss": 30.284082344055175, "actor_loss": -68.50936553955079, "alpha_loss": -0.0008157721552997828, "alpha_value": 0.055886526942253115, "duration": 190.7078902721405, "step": 27250}
{"episode_reward": 85.0, "episode": 110.0, "batch_reward": 0.68509375, "critic_loss": 28.827415073394775, "actor_loss": -70.73103872680664, "alpha_loss": -0.004826946265995503, "alpha_value": 0.056009966403245924, "duration": 190.67125916481018, "step": 27500}
{"episode_reward": 33.0, "episode": 111.0, "batch_reward": 0.68703125, "critic_loss": 26.988299156188965, "actor_loss": -71.40631735229492, "alpha_loss": -0.008150727063417434, "alpha_value": 0.056345931977033616, "duration": 190.4753987789154, "step": 27750}
{"episode_reward": 22.0, "episode": 112.0, "batch_reward": 0.67746875, "critic_loss": 26.932953815460206, "actor_loss": -70.23532485961914, "alpha_loss": -0.0040882987850345675, "alpha_value": 0.05669806641340256, "duration": 190.59704852104187, "step": 28000}
{"episode_reward": 202.0, "episode": 113.0, "batch_reward": 0.67796875, "critic_loss": 24.71942529678345, "actor_loss": -70.03656692504883, "alpha_loss": -0.0009896568180993198, "alpha_value": 0.0568098955154419, "duration": 190.50839400291443, "step": 28250}
{"episode_reward": 160.0, "episode": 114.0, "batch_reward": 0.69096875, "critic_loss": 25.84471116256714, "actor_loss": -71.24755889892577, "alpha_loss": -0.001973052463494241, "alpha_value": 0.05685088348388672, "duration": 190.37598037719727, "step": 28500}
{"episode_reward": 108.0, "episode": 115.0, "batch_reward": 0.6899375, "critic_loss": 38.51374001312256, "actor_loss": -72.04876251220703, "alpha_loss": -0.003275672480463982, "alpha_value": 0.057008406847715375, "duration": 190.2286148071289, "step": 28750}
{"episode_reward": 645.0, "episode": 116.0, "batch_reward": 0.68703125, "critic_loss": 38.17594092559814, "actor_loss": -71.84914489746093, "alpha_loss": -0.0030681364610791206, "alpha_value": 0.05719904747605324, "duration": 190.79856324195862, "step": 29000}
{"episode_reward": 115.0, "episode": 117.0, "batch_reward": 0.68340625, "critic_loss": 33.479546485900876, "actor_loss": -71.19553707885743, "alpha_loss": -0.007743225228041411, "alpha_value": 0.05743498504161835, "duration": 190.3092668056488, "step": 29250}
{"episode_reward": 0.0, "episode": 118.0, "batch_reward": 0.69421875, "critic_loss": 28.912877368927003, "actor_loss": -72.15952349853515, "alpha_loss": -0.002072002741508186, "alpha_value": 0.05770365530252457, "duration": 190.5229856967926, "step": 29500}
{"episode_reward": 642.0, "episode": 119.0, "batch_reward": 0.72625, "critic_loss": 29.428121421813966, "actor_loss": -73.97598193359374, "alpha_loss": -0.008340108891949057, "alpha_value": 0.057932469099760055, "duration": 190.68758416175842, "step": 29750}
{"episode_reward": 591.0, "episode": 120.0, "batch_reward": 0.71953125, "critic_loss": 27.398736404418944, "actor_loss": -74.18978729248047, "alpha_loss": -0.00860480707604438, "alpha_value": 0.05840136751532555, "duration": 190.08432984352112, "step": 30000}
{"episode_reward": 590.0, "episode": 121.0, "batch_reward": 0.7260625, "critic_loss": 28.723408714294433, "actor_loss": -75.32145785522461, "alpha_loss": -0.006194264722988009, "alpha_value": 0.05876086807250976, "duration": 205.85137176513672, "step": 30250}
{"episode_reward": 2.0, "episode": 122.0, "batch_reward": 0.72253125, "critic_loss": 28.506991313934325, "actor_loss": -77.31206143188477, "alpha_loss": -0.006203424232080579, "alpha_value": 0.05908484444022179, "duration": 190.51848483085632, "step": 30500}
{"episode_reward": 0.0, "episode": 123.0, "batch_reward": 0.71771875, "critic_loss": 29.00879281616211, "actor_loss": -76.72456417846679, "alpha_loss": -0.0009537353646010161, "alpha_value": 0.05927317294478417, "duration": 190.47973465919495, "step": 30750}
{"episode_reward": 280.0, "episode": 124.0, "batch_reward": 0.72034375, "critic_loss": 28.955874343872072, "actor_loss": -77.55442651367187, "alpha_loss": 0.0006614136006683111, "alpha_value": 0.059318662643432614, "duration": 190.38618302345276, "step": 31000}
{"episode_reward": 20.0, "episode": 125.0, "batch_reward": 0.73265625, "critic_loss": 27.441847373962403, "actor_loss": -78.17180557250977, "alpha_loss": -0.0016474880781024695, "alpha_value": 0.05926927408576012, "duration": 190.42525148391724, "step": 31250}
{"episode_reward": 912.0, "episode": 126.0, "batch_reward": 0.753, "critic_loss": 28.30812977600098, "actor_loss": -78.3462492980957, "alpha_loss": 0.0001582064786925912, "alpha_value": 0.05933052197098732, "duration": 190.39577746391296, "step": 31500}
{"episode_reward": 865.0, "episode": 127.0, "batch_reward": 0.76965625, "critic_loss": 26.93458678817749, "actor_loss": -78.76388098144531, "alpha_loss": -0.0015055529680103063, "alpha_value": 0.05939933195710182, "duration": 190.65325045585632, "step": 31750}
{"episode_reward": 978.0, "episode": 128.0, "batch_reward": 0.7918125, "critic_loss": 28.50478271102905, "actor_loss": -80.71586279296875, "alpha_loss": -0.0036135635329410435, "alpha_value": 0.059525148242712024, "duration": 190.74158835411072, "step": 32000}
{"episode_reward": 23.0, "episode": 129.0, "batch_reward": 0.77246875, "critic_loss": 28.49189958190918, "actor_loss": -81.19804397583007, "alpha_loss": -0.00087685670517385, "alpha_value": 0.059671729385852815, "duration": 190.4673089981079, "step": 32250}
{"episode_reward": 256.0, "episode": 130.0, "batch_reward": 0.790125, "critic_loss": 27.431772243499754, "actor_loss": -81.75020892333984, "alpha_loss": -0.00048320126440376044, "alpha_value": 0.05967775684595108, "duration": 190.61909365653992, "step": 32500}
{"episode_reward": 429.0, "episode": 131.0, "batch_reward": 0.793625, "critic_loss": 28.007004467010496, "actor_loss": -82.93925262451172, "alpha_loss": -0.00701037697866559, "alpha_value": 0.059869758427143094, "duration": 190.43140077590942, "step": 32750}
{"episode_reward": 124.0, "episode": 132.0, "batch_reward": 0.8043125, "critic_loss": 27.83315397644043, "actor_loss": -83.54260260009765, "alpha_loss": -0.0037242529476061463, "alpha_value": 0.06025246345996857, "duration": 190.33404970169067, "step": 33000}
{"episode_reward": 125.0, "episode": 133.0, "batch_reward": 0.7814375, "critic_loss": 27.89790505218506, "actor_loss": -83.66240490722656, "alpha_loss": -0.0053133346196264026, "alpha_value": 0.06040805807709694, "duration": 190.69309973716736, "step": 33250}
{"episode_reward": 85.0, "episode": 134.0, "batch_reward": 0.7845, "critic_loss": 30.413889125823975, "actor_loss": -83.74288635253906, "alpha_loss": -0.0031880214735865594, "alpha_value": 0.060748389482498166, "duration": 190.80717587471008, "step": 33500}
{"episode_reward": 50.0, "episode": 135.0, "batch_reward": 0.79209375, "critic_loss": 31.014362503051757, "actor_loss": -87.61705578613281, "alpha_loss": -0.004682880839332939, "alpha_value": 0.06080648848414421, "duration": 190.67919063568115, "step": 33750}
{"episode_reward": 903.0, "episode": 136.0, "batch_reward": 0.80121875, "critic_loss": 29.94758876800537, "actor_loss": -88.00396124267579, "alpha_loss": -0.012689804272726177, "alpha_value": 0.06133986806869507, "duration": 190.81138801574707, "step": 34000}
{"episode_reward": 960.0, "episode": 137.0, "batch_reward": 0.81015625, "critic_loss": 29.22724395751953, "actor_loss": -90.08818884277343, "alpha_loss": -0.008150192027911543, "alpha_value": 0.06194780847430229, "duration": 190.38075041770935, "step": 34250}
{"episode_reward": 18.0, "episode": 138.0, "batch_reward": 0.81303125, "critic_loss": 28.26084844970703, "actor_loss": -91.25860418701171, "alpha_loss": -0.010884165157563984, "alpha_value": 0.06237392497062683, "duration": 190.57090067863464, "step": 34500}
{"episode_reward": 64.0, "episode": 139.0, "batch_reward": 0.802375, "critic_loss": 29.155247192382813, "actor_loss": -91.86096813964843, "alpha_loss": -0.014378450699150563, "alpha_value": 0.063024274289608, "duration": 190.48093962669373, "step": 34750}
{"episode_reward": 102.0, "episode": 140.0, "batch_reward": 0.79721875, "critic_loss": 30.397680709838866, "actor_loss": -91.764533203125, "alpha_loss": -0.009976676027290523, "alpha_value": 0.06367647480964661, "duration": 190.5382513999939, "step": 35000}
{"episode_reward": 29.0, "episode": 141.0, "batch_reward": 0.81684375, "critic_loss": 29.432264137268067, "actor_loss": -93.72555078125, "alpha_loss": -0.009201878843829036, "alpha_value": 0.06411021941900254, "duration": 190.58135342597961, "step": 35250}
{"episode_reward": 964.0, "episode": 142.0, "batch_reward": 0.82546875, "critic_loss": 31.63400799560547, "actor_loss": -96.77094323730469, "alpha_loss": -0.00815475788898766, "alpha_value": 0.06454928493499756, "duration": 190.55223059654236, "step": 35500}
{"episode_reward": 95.0, "episode": 143.0, "batch_reward": 0.8285625, "critic_loss": 37.29942211914062, "actor_loss": -95.11789581298828, "alpha_loss": -0.009268977249972523, "alpha_value": 0.06500649207830429, "duration": 190.2568461894989, "step": 35750}
{"episode_reward": 789.0, "episode": 144.0, "batch_reward": 0.85340625, "critic_loss": 31.831787643432616, "actor_loss": -98.0489829711914, "alpha_loss": -0.007673518339172005, "alpha_value": 0.06544455897808076, "duration": 190.35394048690796, "step": 36000}
{"episode_reward": 844.0, "episode": 145.0, "batch_reward": 0.863625, "critic_loss": 31.956906394958494, "actor_loss": -98.396359375, "alpha_loss": -0.00952945617493242, "alpha_value": 0.06586454635858535, "duration": 190.4129958152771, "step": 36250}
{"episode_reward": 948.0, "episode": 146.0, "batch_reward": 0.885625, "critic_loss": 29.70349234008789, "actor_loss": -100.49067041015626, "alpha_loss": -0.010271293696016074, "alpha_value": 0.06636347883939743, "duration": 190.56122303009033, "step": 36500}
{"episode_reward": 872.0, "episode": 147.0, "batch_reward": 0.89453125, "critic_loss": 31.94286766052246, "actor_loss": -101.02530725097657, "alpha_loss": -0.007804930592887104, "alpha_value": 0.06680028623342514, "duration": 190.55290508270264, "step": 36750}
{"episode_reward": 242.0, "episode": 148.0, "batch_reward": 0.88253125, "critic_loss": 30.65456862258911, "actor_loss": -101.33927673339844, "alpha_loss": -0.002226801264099777, "alpha_value": 0.06704607647657394, "duration": 190.38605737686157, "step": 37000}
{"episode_reward": 0.0, "episode": 149.0, "batch_reward": 0.91128125, "critic_loss": 31.017626029968262, "actor_loss": -103.06476983642578, "alpha_loss": -0.007433534884825349, "alpha_value": 0.06733863741159439, "duration": 190.4339029788971, "step": 37250}
{"episode_reward": 914.0, "episode": 150.0, "batch_reward": 0.906625, "critic_loss": 31.079737510681152, "actor_loss": -105.34794140625, "alpha_loss": -0.009714808980002999, "alpha_value": 0.06776870042085648, "duration": 189.82963013648987, "step": 37500}
{"episode_reward": 778.0, "episode": 151.0, "batch_reward": 0.91778125, "critic_loss": 30.95613444519043, "actor_loss": -106.94613482666016, "alpha_loss": -0.012338403002358974, "alpha_value": 0.06832982283830642, "duration": 190.286860704422, "step": 37750}
{"episode_reward": 923.0, "episode": 152.0, "batch_reward": 0.95059375, "critic_loss": 32.25201397705078, "actor_loss": -108.9919501953125, "alpha_loss": -0.011290185399353505, "alpha_value": 0.06893729168176652, "duration": 190.93132519721985, "step": 38000}
{"episode_reward": 463.0, "episode": 153.0, "batch_reward": 0.9549375, "critic_loss": 30.636338905334473, "actor_loss": -108.21121228027344, "alpha_loss": -0.011780340720899403, "alpha_value": 0.0695090206861496, "duration": 190.51293873786926, "step": 38250}
{"episode_reward": 955.0, "episode": 154.0, "batch_reward": 0.97534375, "critic_loss": 33.7532480545044, "actor_loss": -111.65514123535156, "alpha_loss": -0.015842490829527378, "alpha_value": 0.07018909406661987, "duration": 190.14474177360535, "step": 38500}
{"episode_reward": 360.0, "episode": 155.0, "batch_reward": 0.95734375, "critic_loss": 30.05227473449707, "actor_loss": -111.08882849121093, "alpha_loss": -0.004237744255922735, "alpha_value": 0.07066005605459214, "duration": 190.2000708580017, "step": 38750}
{"episode_reward": 60.0, "episode": 156.0, "batch_reward": 0.97796875, "critic_loss": 29.264249214172363, "actor_loss": -112.96356530761719, "alpha_loss": -0.007662792136892677, "alpha_value": 0.07093249332904816, "duration": 190.47962498664856, "step": 39000}
{"episode_reward": 7.0, "episode": 157.0, "batch_reward": 0.94675, "critic_loss": 34.00047217559815, "actor_loss": -112.9795234375, "alpha_loss": -0.005186601547989994, "alpha_value": 0.07132161802053452, "duration": 190.26662039756775, "step": 39250}
{"episode_reward": 971.0, "episode": 158.0, "batch_reward": 0.9765, "critic_loss": 31.45023277282715, "actor_loss": -114.81903283691406, "alpha_loss": -0.003655461486428976, "alpha_value": 0.07159232258796693, "duration": 190.90093612670898, "step": 39500}
{"episode_reward": 949.0, "episode": 159.0, "batch_reward": 1.016875, "critic_loss": 30.383817947387694, "actor_loss": -118.57371014404296, "alpha_loss": -0.0017005930915474892, "alpha_value": 0.07166429549455643, "duration": 189.93624448776245, "step": 39750}
{"episode_reward": 978.0, "episode": 160.0, "batch_reward": 1.0158125, "critic_loss": 31.558018188476563, "actor_loss": -119.8856181640625, "alpha_loss": -0.003950272507965565, "alpha_value": 0.07175018846988677, "duration": 190.52984189987183, "step": 40000}
{"episode_reward": 984.0, "episode": 161.0, "batch_reward": 1.05034375, "critic_loss": 31.865862785339356, "actor_loss": -122.52732482910156, "alpha_loss": -0.011448654495179653, "alpha_value": 0.07218456655740738, "duration": 206.04178404808044, "step": 40250}
{"episode_reward": 985.0, "episode": 162.0, "batch_reward": 1.05940625, "critic_loss": 32.247140243530275, "actor_loss": -124.57174487304688, "alpha_loss": -0.004182426898740232, "alpha_value": 0.07266193896532058, "duration": 190.395733833313, "step": 40500}
{"episode_reward": 1000.0, "episode": 163.0, "batch_reward": 1.08115625, "critic_loss": 31.508388687133788, "actor_loss": -123.61366400146484, "alpha_loss": 0.004095295985229314, "alpha_value": 0.07255485379695892, "duration": 190.17175269126892, "step": 40750}
{"episode_reward": 381.0, "episode": 164.0, "batch_reward": 1.08265625, "critic_loss": 31.44062528991699, "actor_loss": -127.481064453125, "alpha_loss": -0.004489451385103166, "alpha_value": 0.07260781568288803, "duration": 190.76998829841614, "step": 41000}
{"episode_reward": 975.0, "episode": 165.0, "batch_reward": 1.104, "critic_loss": 30.08186388397217, "actor_loss": -128.75777722167967, "alpha_loss": -0.0025915817525237798, "alpha_value": 0.07277113062143326, "duration": 190.55870532989502, "step": 41250}
{"episode_reward": 881.0, "episode": 166.0, "batch_reward": 1.119, "critic_loss": 30.36278737640381, "actor_loss": -130.20505877685548, "alpha_loss": -0.009415554570965469, "alpha_value": 0.07317491871118545, "duration": 190.36829495429993, "step": 41500}
{"episode_reward": 979.0, "episode": 167.0, "batch_reward": 1.12634375, "critic_loss": 29.33303134918213, "actor_loss": -132.55969427490234, "alpha_loss": -0.011719035314396024, "alpha_value": 0.0737109094262123, "duration": 190.67244958877563, "step": 41750}
{"episode_reward": 75.0, "episode": 168.0, "batch_reward": 1.131125, "critic_loss": 40.026536293029785, "actor_loss": -132.8152290649414, "alpha_loss": -0.004909825030714274, "alpha_value": 0.07420834296941757, "duration": 190.61619758605957, "step": 42000}
{"episode_reward": 284.0, "episode": 169.0, "batch_reward": 1.130625, "critic_loss": 36.36611142730713, "actor_loss": -132.76975463867188, "alpha_loss": -0.0023016393994912507, "alpha_value": 0.07432484358549118, "duration": 190.77479124069214, "step": 42250}
{"episode_reward": 934.0, "episode": 170.0, "batch_reward": 1.134, "critic_loss": 33.92996515655518, "actor_loss": -132.56978088378906, "alpha_loss": -0.001650698024779558, "alpha_value": 0.07442616730928421, "duration": 190.69174432754517, "step": 42500}
{"episode_reward": 739.0, "episode": 171.0, "batch_reward": 1.14346875, "critic_loss": 31.800574111938477, "actor_loss": -136.5150712890625, "alpha_loss": -0.003661975709721446, "alpha_value": 0.07460862129926682, "duration": 190.4797339439392, "step": 42750}
{"episode_reward": 189.0, "episode": 172.0, "batch_reward": 1.16190625, "critic_loss": 29.995625076293944, "actor_loss": -137.23370666503905, "alpha_loss": -0.0009053710885345936, "alpha_value": 0.07475994127988815, "duration": 190.73872303962708, "step": 43000}
{"episode_reward": 946.0, "episode": 173.0, "batch_reward": 1.15303125, "critic_loss": 29.686075313568114, "actor_loss": -138.3019818725586, "alpha_loss": -0.0010790584273636342, "alpha_value": 0.07480750507116318, "duration": 190.854740858078, "step": 43250}
{"episode_reward": 896.0, "episode": 174.0, "batch_reward": 1.1825, "critic_loss": 38.80839705657959, "actor_loss": -138.68775372314454, "alpha_loss": -0.002521102447062731, "alpha_value": 0.07485642176866532, "duration": 190.57884740829468, "step": 43500}
{"episode_reward": 464.0, "episode": 175.0, "batch_reward": 1.17340625, "critic_loss": 33.93827622222901, "actor_loss": -139.87563665771484, "alpha_loss": -0.0024990060245618224, "alpha_value": 0.07508534896373749, "duration": 190.41697788238525, "step": 43750}
{"episode_reward": 301.0, "episode": 176.0, "batch_reward": 1.181625, "critic_loss": 32.912593223571776, "actor_loss": -140.19000537109375, "alpha_loss": -0.00727730255946517, "alpha_value": 0.07535856634378434, "duration": 190.1915099620819, "step": 44000}
{"episode_reward": 956.0, "episode": 177.0, "batch_reward": 1.196375, "critic_loss": 30.259716163635254, "actor_loss": -143.31480700683593, "alpha_loss": -0.002649861712940037, "alpha_value": 0.07572566175460815, "duration": 190.28331470489502, "step": 44250}
{"episode_reward": 68.0, "episode": 178.0, "batch_reward": 1.160375, "critic_loss": 30.03625643157959, "actor_loss": -141.9949144897461, "alpha_loss": -0.001746667243540287, "alpha_value": 0.07574370229244232, "duration": 190.65872859954834, "step": 44500}
{"episode_reward": 200.0, "episode": 179.0, "batch_reward": 1.17521875, "critic_loss": 29.2191289024353, "actor_loss": -143.57565869140626, "alpha_loss": 1.91611684858799e-05, "alpha_value": 0.07585405504703521, "duration": 190.47625970840454, "step": 44750}
{"episode_reward": 119.0, "episode": 180.0, "batch_reward": 1.1896875, "critic_loss": 29.037998123168947, "actor_loss": -144.23528741455078, "alpha_loss": 0.0012129509672522544, "alpha_value": 0.07571982455253601, "duration": 190.6408805847168, "step": 45000}
{"episode_reward": 244.0, "episode": 181.0, "batch_reward": 1.170375, "critic_loss": 28.836009563446044, "actor_loss": -142.2576868286133, "alpha_loss": 0.0003529655793681741, "alpha_value": 0.07571536463499069, "duration": 190.80752444267273, "step": 45250}
{"episode_reward": 22.0, "episode": 182.0, "batch_reward": 1.1715, "critic_loss": 31.18930908203125, "actor_loss": -141.9479553222656, "alpha_loss": 0.0008232783898711204, "alpha_value": 0.07568788355588912, "duration": 190.30801796913147, "step": 45500}
{"episode_reward": 970.0, "episode": 183.0, "batch_reward": 1.21421875, "critic_loss": 28.16631906890869, "actor_loss": -147.93876080322266, "alpha_loss": -0.0008379588238894939, "alpha_value": 0.07572802871465684, "duration": 189.95442461967468, "step": 45750}
{"episode_reward": 779.0, "episode": 184.0, "batch_reward": 1.2018125, "critic_loss": 26.828449527740478, "actor_loss": -146.86599243164062, "alpha_loss": -0.002169702028855681, "alpha_value": 0.07579547172784805, "duration": 190.1640284061432, "step": 46000}
{"episode_reward": 4.0, "episode": 185.0, "batch_reward": 1.18740625, "critic_loss": 26.519880607604982, "actor_loss": -147.3090639038086, "alpha_loss": -7.802487630397082e-05, "alpha_value": 0.07583001011610031, "duration": 190.6043291091919, "step": 46250}
{"episode_reward": 850.0, "episode": 186.0, "batch_reward": 1.20340625, "critic_loss": 28.489251441955567, "actor_loss": -149.43729180908204, "alpha_loss": -0.005758841480128467, "alpha_value": 0.07609502732753753, "duration": 189.84586930274963, "step": 46500}
{"episode_reward": 454.0, "episode": 187.0, "batch_reward": 1.197125, "critic_loss": 27.600849784851075, "actor_loss": -148.77582702636718, "alpha_loss": -0.0019187328275293112, "alpha_value": 0.07628902685642243, "duration": 190.38756918907166, "step": 46750}
{"episode_reward": 777.0, "episode": 188.0, "batch_reward": 1.2080625, "critic_loss": 26.96067786026001, "actor_loss": -150.10452575683593, "alpha_loss": 0.0006363591477274895, "alpha_value": 0.07629556268453598, "duration": 190.36129713058472, "step": 47000}
