{"episode_reward": 0.0, "episode": 1.0, "duration": 11.725426197052002, "step": 250}
{"episode_reward": 3.0, "episode": 2.0, "duration": 0.48304271697998047, "step": 500}
{"episode_reward": 0.0, "episode": 3.0, "duration": 0.4438025951385498, "step": 750}
{"episode_reward": 0.0, "episode": 4.0, "duration": 0.5022594928741455, "step": 1000}
{"episode_reward": 0.0, "episode": 5.0, "batch_reward": 0.0033964671737389913, "critic_loss": 0.005804268787136384, "actor_loss": -0.7905017843907467, "alpha_loss": 0.31670252179554614, "alpha_value": 0.09465572430198727, "duration": 411.39186215400696, "step": 1250}
{"episode_reward": 0.0, "episode": 6.0, "batch_reward": 0.005875, "critic_loss": 0.024845599008665887, "actor_loss": -1.4786593065261842, "alpha_loss": 0.29909041690826416, "alpha_value": 0.08905022644996644, "duration": 76.61072778701782, "step": 1500}
{"episode_reward": 8.0, "episode": 7.0, "batch_reward": 0.01984375, "critic_loss": 0.07010095086367801, "actor_loss": -1.4852868404388428, "alpha_loss": 0.2955539422035217, "alpha_value": 0.08799550753831864, "duration": 76.63135361671448, "step": 1750}
{"episode_reward": 98.0, "episode": 8.0, "batch_reward": 0.08909375, "critic_loss": 0.270927937425673, "actor_loss": -1.5521884727478028, "alpha_loss": 0.29124354100227356, "alpha_value": 0.0869586243033409, "duration": 76.54426574707031, "step": 2000}
{"episode_reward": 183.0, "episode": 9.0, "batch_reward": 0.15590625, "critic_loss": 0.6315257250368596, "actor_loss": -1.7919205408096313, "alpha_loss": 0.2812909743785858, "alpha_value": 0.08594544595479965, "duration": 76.72080540657043, "step": 2250}
{"episode_reward": 138.0, "episode": 10.0, "batch_reward": 0.17878125, "critic_loss": 0.8691989101171493, "actor_loss": -2.061551321029663, "alpha_loss": 0.2569545512199402, "alpha_value": 0.08499590092897415, "duration": 76.63731741905212, "step": 2500}
{"episode_reward": 21.0, "episode": 11.0, "batch_reward": 0.176875, "critic_loss": 1.3875411632061005, "actor_loss": -2.43481606388092, "alpha_loss": 0.22911935269832612, "alpha_value": 0.08412700992822647, "duration": 76.55908012390137, "step": 2750}
{"episode_reward": 7.0, "episode": 12.0, "batch_reward": 0.1583125, "critic_loss": 1.5277809603214263, "actor_loss": -2.760744134902954, "alpha_loss": 0.21462692439556122, "alpha_value": 0.083324347615242, "duration": 76.58042812347412, "step": 3000}
{"episode_reward": 0.0, "episode": 13.0, "batch_reward": 0.14790625, "critic_loss": 1.7262340053319931, "actor_loss": -3.118680896759033, "alpha_loss": 0.20920212125778198, "alpha_value": 0.08254180496931077, "duration": 76.51791906356812, "step": 3250}
{"episode_reward": 28.0, "episode": 14.0, "batch_reward": 0.14146875, "critic_loss": 1.8266278136968612, "actor_loss": -3.363832269668579, "alpha_loss": 0.20648712277412415, "alpha_value": 0.08175873869657517, "duration": 76.55973362922668, "step": 3500}
{"episode_reward": 5.0, "episode": 15.0, "batch_reward": 0.15721875, "critic_loss": 3.2088094897270203, "actor_loss": -4.015922529220581, "alpha_loss": 0.18252484619617462, "alpha_value": 0.08099672877788544, "duration": 76.591472864151, "step": 3750}
{"episode_reward": 314.0, "episode": 16.0, "batch_reward": 0.237625, "critic_loss": 4.820619188308716, "actor_loss": -5.227090822219848, "alpha_loss": 0.14348470723628998, "alpha_value": 0.08035165876150131, "duration": 76.45809555053711, "step": 4000}
{"episode_reward": 188.0, "episode": 17.0, "batch_reward": 0.2441875, "critic_loss": 4.588731516838074, "actor_loss": -6.171749912261963, "alpha_loss": 0.12468758881092072, "alpha_value": 0.07980206644535065, "duration": 76.68211007118225, "step": 4250}
{"episode_reward": 7.0, "episode": 18.0, "batch_reward": 0.234125, "critic_loss": 4.960176023483276, "actor_loss": -7.196922924041748, "alpha_loss": 0.11799398067593575, "alpha_value": 0.07927892768383026, "duration": 76.60010600090027, "step": 4500}
{"episode_reward": 42.0, "episode": 19.0, "batch_reward": 0.2401875, "critic_loss": 5.67932328414917, "actor_loss": -8.13677254486084, "alpha_loss": 0.09858326053619385, "alpha_value": 0.0787958288192749, "duration": 76.72191619873047, "step": 4750}
{"episode_reward": 136.0, "episode": 20.0, "batch_reward": 0.26365625, "critic_loss": 6.051723825454712, "actor_loss": -9.208967502593994, "alpha_loss": 0.09799385051429271, "alpha_value": 0.07833560639619827, "duration": 76.56616067886353, "step": 5000}
{"episode_reward": 144.0, "episode": 21.0, "batch_reward": 0.28096875, "critic_loss": 7.933657868385315, "actor_loss": -10.460382400512696, "alpha_loss": 0.08662298938632011, "alpha_value": 0.0778827805519104, "duration": 76.51293468475342, "step": 5250}
{"episode_reward": 236.0, "episode": 22.0, "batch_reward": 0.2849375, "critic_loss": 8.47446164894104, "actor_loss": -11.417156024932861, "alpha_loss": 0.05581216538138688, "alpha_value": 0.07752499514818191, "duration": 76.56189107894897, "step": 5500}
{"episode_reward": 60.0, "episode": 23.0, "batch_reward": 0.29340625, "critic_loss": 8.775094311714172, "actor_loss": -12.395950469970703, "alpha_loss": 0.045318862553685904, "alpha_value": 0.07724887752532959, "duration": 76.55646467208862, "step": 5750}
{"episode_reward": 7.0, "episode": 24.0, "batch_reward": 0.3451875, "critic_loss": 10.708644771575928, "actor_loss": -14.338502014160156, "alpha_loss": 0.030409297605976462, "alpha_value": 0.07702400356531143, "duration": 76.81252145767212, "step": 6000}
{"episode_reward": 895.0, "episode": 25.0, "batch_reward": 0.48896875, "critic_loss": 10.123547077178955, "actor_loss": -18.365080154418944, "alpha_loss": -0.0003313551414757967, "alpha_value": 0.0769469843506813, "duration": 76.59782671928406, "step": 6250}
{"episode_reward": 949.0, "episode": 26.0, "batch_reward": 0.54478125, "critic_loss": 13.537663986206054, "actor_loss": -20.90465717315674, "alpha_loss": -0.025252269215881824, "alpha_value": 0.07702321130037308, "duration": 76.51982426643372, "step": 6500}
{"episode_reward": 194.0, "episode": 27.0, "batch_reward": 0.5476875, "critic_loss": 9.781450929641723, "actor_loss": -22.372337005615233, "alpha_loss": -0.017157017100602388, "alpha_value": 0.07717206531763077, "duration": 76.68404579162598, "step": 6750}
{"episode_reward": 0.0, "episode": 28.0, "batch_reward": 0.59196875, "critic_loss": 10.87694715499878, "actor_loss": -24.92516242980957, "alpha_loss": -0.025882690376602114, "alpha_value": 0.07731683945655823, "duration": 76.57538032531738, "step": 7000}
{"episode_reward": 890.0, "episode": 29.0, "batch_reward": 0.67984375, "critic_loss": 10.85209910774231, "actor_loss": -28.341895401000976, "alpha_loss": -0.03691987212561071, "alpha_value": 0.07757041150331498, "duration": 76.65171766281128, "step": 7250}
{"episode_reward": 631.0, "episode": 30.0, "batch_reward": 0.6971875, "critic_loss": 10.83685923576355, "actor_loss": -30.486071044921875, "alpha_loss": -0.04289295425638556, "alpha_value": 0.07790636801719665, "duration": 76.64567565917969, "step": 7500}
{"episode_reward": 0.0, "episode": 31.0, "batch_reward": 0.70884375, "critic_loss": 10.639624603271484, "actor_loss": -33.44083413696289, "alpha_loss": -0.05257330891489983, "alpha_value": 0.07832433027029037, "duration": 76.69399785995483, "step": 7750}
{"episode_reward": 213.0, "episode": 32.0, "batch_reward": 0.6838125, "critic_loss": 10.805688190460206, "actor_loss": -35.22816778564453, "alpha_loss": -0.06117393893375993, "alpha_value": 0.07885649025440217, "duration": 76.53568315505981, "step": 8000}
{"episode_reward": 0.0, "episode": 33.0, "batch_reward": 0.6523125, "critic_loss": 11.107715612411498, "actor_loss": -36.08854734802246, "alpha_loss": -0.051952453445643185, "alpha_value": 0.07940930843353272, "duration": 76.59263467788696, "step": 8250}
{"episode_reward": 57.0, "episode": 34.0, "batch_reward": 0.6885625, "critic_loss": 11.343303020477295, "actor_loss": -38.03214916992187, "alpha_loss": -0.051458054963499304, "alpha_value": 0.07993963223695755, "duration": 76.42757797241211, "step": 8500}
{"episode_reward": 687.0, "episode": 35.0, "batch_reward": 0.7631875, "critic_loss": 11.420013134002685, "actor_loss": -39.477428131103515, "alpha_loss": -0.046912118770182136, "alpha_value": 0.08043749165534973, "duration": 76.57343554496765, "step": 8750}
{"episode_reward": 954.0, "episode": 36.0, "batch_reward": 0.842125, "critic_loss": 11.081052703857422, "actor_loss": -41.37727301025391, "alpha_loss": -0.050546918299049136, "alpha_value": 0.08099344009160996, "duration": 76.60953879356384, "step": 9000}
{"episode_reward": 940.0, "episode": 37.0, "batch_reward": 0.9399375, "critic_loss": 11.724726331710816, "actor_loss": -43.999777404785156, "alpha_loss": -0.051321196403354405, "alpha_value": 0.08160317432880401, "duration": 76.54057502746582, "step": 9250}
{"episode_reward": 977.0, "episode": 38.0, "batch_reward": 0.9923125, "critic_loss": 15.621136903762817, "actor_loss": -46.53515707397461, "alpha_loss": -0.06136554186046123, "alpha_value": 0.08227076363563537, "duration": 76.55093455314636, "step": 9500}
{"episode_reward": 824.0, "episode": 39.0, "batch_reward": 1.0713125, "critic_loss": 14.472240257263184, "actor_loss": -50.89538446044922, "alpha_loss": -0.07063111700117589, "alpha_value": 0.0831177915930748, "duration": 76.56608438491821, "step": 9750}
{"episode_reward": 945.0, "episode": 40.0, "batch_reward": 1.1375, "critic_loss": 13.865987937927246, "actor_loss": -53.74943179321289, "alpha_loss": -0.08299441966414452, "alpha_value": 0.08411372905969619, "duration": 76.53485918045044, "step": 10000}
{"episode_reward": 904.0, "episode": 41.0, "batch_reward": 1.20046875, "critic_loss": 13.490075263977051, "actor_loss": -57.02363006591797, "alpha_loss": -0.08790980446338653, "alpha_value": 0.08523494225740433, "duration": 88.06995677947998, "step": 10250}
{"episode_reward": 688.0, "episode": 42.0, "batch_reward": 1.18396875, "critic_loss": 13.48583246421814, "actor_loss": -59.0972868347168, "alpha_loss": -0.08648118269443512, "alpha_value": 0.08636712336540223, "duration": 76.65420389175415, "step": 10500}
{"episode_reward": 40.0, "episode": 43.0, "batch_reward": 1.1701875, "critic_loss": 13.200909395217895, "actor_loss": -60.92257510375977, "alpha_loss": -0.08201088553667069, "alpha_value": 0.08748759019374848, "duration": 76.44122576713562, "step": 10750}
{"episode_reward": 2.0, "episode": 44.0, "batch_reward": 1.14925, "critic_loss": 14.739110942840576, "actor_loss": -62.56487268066406, "alpha_loss": -0.07681896226108074, "alpha_value": 0.08854635149240493, "duration": 76.48452353477478, "step": 11000}
{"episode_reward": 0.0, "episode": 45.0, "batch_reward": 1.15065625, "critic_loss": 14.807706321716308, "actor_loss": -64.98665704345703, "alpha_loss": -0.07693302482366562, "alpha_value": 0.08958132827281952, "duration": 76.60032081604004, "step": 11250}
{"episode_reward": 899.0, "episode": 46.0, "batch_reward": 1.221625, "critic_loss": 15.389387451171874, "actor_loss": -67.33042453002929, "alpha_loss": -0.0738508995771408, "alpha_value": 0.09059470295906066, "duration": 76.5545916557312, "step": 11500}
{"episode_reward": 958.0, "episode": 47.0, "batch_reward": 1.23134375, "critic_loss": 15.133324771881103, "actor_loss": -69.61943814086914, "alpha_loss": -0.07176650079339743, "alpha_value": 0.09160758912563324, "duration": 76.48201084136963, "step": 11750}
{"episode_reward": 1.0, "episode": 48.0, "batch_reward": 1.2405625, "critic_loss": 15.689785472869874, "actor_loss": -71.45332495117188, "alpha_loss": -0.0785357562303543, "alpha_value": 0.09266284680366516, "duration": 76.54749464988708, "step": 12000}
{"episode_reward": 840.0, "episode": 49.0, "batch_reward": 1.2839375, "critic_loss": 15.787317073822022, "actor_loss": -74.3840348815918, "alpha_loss": -0.08005425208806992, "alpha_value": 0.09381707036495208, "duration": 76.68499088287354, "step": 12250}
{"episode_reward": 998.0, "episode": 50.0, "batch_reward": 1.3615625, "critic_loss": 15.824879650115967, "actor_loss": -77.72161853027343, "alpha_loss": -0.07761434556543827, "alpha_value": 0.09496384048461914, "duration": 76.49762034416199, "step": 12500}
{"episode_reward": 979.0, "episode": 51.0, "batch_reward": 1.3684375, "critic_loss": 16.408384620666503, "actor_loss": -79.97593817138672, "alpha_loss": -0.06971682333946227, "alpha_value": 0.09605615162849426, "duration": 76.58021759986877, "step": 12750}
{"episode_reward": 985.0, "episode": 52.0, "batch_reward": 1.4288125, "critic_loss": 15.989272754669189, "actor_loss": -84.31839093017578, "alpha_loss": -0.07554414287209511, "alpha_value": 0.09713277477025986, "duration": 76.52908444404602, "step": 13000}
{"episode_reward": 952.0, "episode": 53.0, "batch_reward": 1.49746875, "critic_loss": 16.179082298278807, "actor_loss": -88.17677844238281, "alpha_loss": -0.07203989839553833, "alpha_value": 0.0982494901418686, "duration": 76.7225410938263, "step": 13250}
{"episode_reward": 962.0, "episode": 54.0, "batch_reward": 1.497125, "critic_loss": 15.345608978271484, "actor_loss": -90.04639245605469, "alpha_loss": -0.07435466254502535, "alpha_value": 0.09944399327039719, "duration": 76.52683806419373, "step": 13500}
{"episode_reward": 23.0, "episode": 55.0, "batch_reward": 1.492, "critic_loss": 16.93103854560852, "actor_loss": -93.28568811035156, "alpha_loss": -0.06728725094720721, "alpha_value": 0.10050700312852859, "duration": 76.47233939170837, "step": 13750}
{"episode_reward": 541.0, "episode": 56.0, "batch_reward": 1.4924375, "critic_loss": 20.773380420684813, "actor_loss": -94.31329168701171, "alpha_loss": -0.06915649661421776, "alpha_value": 0.10161489313840866, "duration": 76.57904028892517, "step": 14000}
{"episode_reward": 495.0, "episode": 57.0, "batch_reward": 1.49309375, "critic_loss": 20.292489192962645, "actor_loss": -96.92719213867187, "alpha_loss": -0.06589788863062859, "alpha_value": 0.10269656747579575, "duration": 76.50558972358704, "step": 14250}
{"episode_reward": 826.0, "episode": 58.0, "batch_reward": 1.555875, "critic_loss": 17.68973300933838, "actor_loss": -100.92648864746094, "alpha_loss": -0.059470149159431454, "alpha_value": 0.10377520990371704, "duration": 76.49370574951172, "step": 14500}
{"episode_reward": 960.0, "episode": 59.0, "batch_reward": 1.55771875, "critic_loss": 16.57012829589844, "actor_loss": -102.48511267089843, "alpha_loss": -0.05921828113496304, "alpha_value": 0.10483346843719482, "duration": 76.6116189956665, "step": 14750}
{"episode_reward": 0.0, "episode": 60.0, "batch_reward": 1.54796875, "critic_loss": 15.477753204345703, "actor_loss": -104.46043914794922, "alpha_loss": -0.05327651899307966, "alpha_value": 0.10582721298933029, "duration": 76.60935497283936, "step": 15000}
{"episode_reward": 955.0, "episode": 61.0, "batch_reward": 1.59615625, "critic_loss": 15.088896472930909, "actor_loss": -108.42069909667968, "alpha_loss": -0.04829601402580738, "alpha_value": 0.10674771338701249, "duration": 76.61967182159424, "step": 15250}
{"episode_reward": 953.0, "episode": 62.0, "batch_reward": 1.59709375, "critic_loss": 14.358453666687012, "actor_loss": -110.58724353027344, "alpha_loss": -0.04815087830461562, "alpha_value": 0.10764547342061996, "duration": 76.6124587059021, "step": 15500}
{"episode_reward": 0.0, "episode": 63.0, "batch_reward": 1.60584375, "critic_loss": 14.800972724914551, "actor_loss": -112.64300189208984, "alpha_loss": -0.040580070922151205, "alpha_value": 0.10854614758491517, "duration": 76.55395221710205, "step": 15750}
{"episode_reward": 938.0, "episode": 64.0, "batch_reward": 1.64471875, "critic_loss": 15.067751258850098, "actor_loss": -115.48027185058594, "alpha_loss": -0.03960887096449733, "alpha_value": 0.10934489166736602, "duration": 76.58479571342468, "step": 16000}
{"episode_reward": 356.0, "episode": 65.0, "batch_reward": 1.6295625, "critic_loss": 15.218204345703125, "actor_loss": -116.79786975097656, "alpha_loss": -0.040077501635998485, "alpha_value": 0.1101923947930336, "duration": 76.4205105304718, "step": 16250}
{"episode_reward": 943.0, "episode": 66.0, "batch_reward": 1.689, "critic_loss": 14.396013301849365, "actor_loss": -120.5614624633789, "alpha_loss": -0.042385010309517385, "alpha_value": 0.11111166274547576, "duration": 76.63356924057007, "step": 16500}
{"episode_reward": 976.0, "episode": 67.0, "batch_reward": 1.71634375, "critic_loss": 13.756932506561279, "actor_loss": -123.05346911621093, "alpha_loss": -0.0377879980020225, "alpha_value": 0.11204574102163314, "duration": 76.71233582496643, "step": 16750}
{"episode_reward": 959.0, "episode": 68.0, "batch_reward": 1.7199375, "critic_loss": 14.407840845108032, "actor_loss": -124.33530670166016, "alpha_loss": -0.03218065918050706, "alpha_value": 0.11287905192375183, "duration": 76.46017551422119, "step": 17000}
{"episode_reward": 918.0, "episode": 69.0, "batch_reward": 1.78675, "critic_loss": 14.845515758514404, "actor_loss": -129.85971978759767, "alpha_loss": -0.034897541062906386, "alpha_value": 0.11368759447336196, "duration": 76.66179251670837, "step": 17250}
{"episode_reward": 963.0, "episode": 70.0, "batch_reward": 1.789375, "critic_loss": 14.895715286254882, "actor_loss": -131.2213696899414, "alpha_loss": -0.027413608390837906, "alpha_value": 0.11449570673704147, "duration": 76.5555329322815, "step": 17500}
{"episode_reward": 935.0, "episode": 71.0, "batch_reward": 1.8275625, "critic_loss": 17.13620908355713, "actor_loss": -134.0124397583008, "alpha_loss": -0.027137999672442674, "alpha_value": 0.11522319746017456, "duration": 76.82399344444275, "step": 17750}
{"episode_reward": 979.0, "episode": 72.0, "batch_reward": 1.85025, "critic_loss": 16.805871837615967, "actor_loss": -136.6347685546875, "alpha_loss": -0.028702379727736115, "alpha_value": 0.11602615630626678, "duration": 76.7009425163269, "step": 18000}
{"episode_reward": 595.0, "episode": 73.0, "batch_reward": 1.84421875, "critic_loss": 18.23080673599243, "actor_loss": -138.6310814819336, "alpha_loss": -0.026714058820158242, "alpha_value": 0.1167830541729927, "duration": 76.68539261817932, "step": 18250}
{"episode_reward": 604.0, "episode": 74.0, "batch_reward": 1.8505, "critic_loss": 17.28406819152832, "actor_loss": -139.91673022460938, "alpha_loss": -0.024967947609722613, "alpha_value": 0.11755700308084488, "duration": 76.62404084205627, "step": 18500}
{"episode_reward": 300.0, "episode": 75.0, "batch_reward": 1.860375, "critic_loss": 22.208507461547853, "actor_loss": -142.00243493652343, "alpha_loss": -0.03188079896941781, "alpha_value": 0.11841960990428925, "duration": 76.54843759536743, "step": 18750}
{"episode_reward": 836.0, "episode": 76.0, "batch_reward": 1.84975, "critic_loss": 20.52424759674072, "actor_loss": -144.72337823486328, "alpha_loss": -0.028792433336377144, "alpha_value": 0.1193835045695305, "duration": 76.75252509117126, "step": 19000}
{"episode_reward": 34.0, "episode": 77.0, "batch_reward": 1.85446875, "critic_loss": 18.031983642578126, "actor_loss": -145.5147381591797, "alpha_loss": -0.023894501309841873, "alpha_value": 0.12029875165224076, "duration": 76.477383852005, "step": 19250}
{"episode_reward": 930.0, "episode": 78.0, "batch_reward": 1.8893125, "critic_loss": 17.377142440795897, "actor_loss": -149.03208435058593, "alpha_loss": -0.027360651463270186, "alpha_value": 0.12113201624155044, "duration": 76.6333076953888, "step": 19500}
{"episode_reward": 966.0, "episode": 79.0, "batch_reward": 1.932625, "critic_loss": 17.649200557708742, "actor_loss": -152.3875859375, "alpha_loss": -0.02321014327183366, "alpha_value": 0.1219843378663063, "duration": 76.50984644889832, "step": 19750}
{"episode_reward": 987.0, "episode": 80.0, "batch_reward": 1.92775, "critic_loss": 16.87000825881958, "actor_loss": -154.47727197265624, "alpha_loss": -0.023246676228940485, "alpha_value": 0.12285714250802994, "duration": 76.7176079750061, "step": 20000}
{"episode_reward": 892.0, "episode": 81.0, "batch_reward": 1.9215, "critic_loss": 18.809514514923094, "actor_loss": -155.09038720703126, "alpha_loss": -0.01630745911039412, "alpha_value": 0.1235427770614624, "duration": 88.25981855392456, "step": 20250}
{"episode_reward": 674.0, "episode": 82.0, "batch_reward": 1.96184375, "critic_loss": 19.263159355163573, "actor_loss": -157.9860946044922, "alpha_loss": -0.022809703029692173, "alpha_value": 0.12426425349712372, "duration": 76.45283961296082, "step": 20500}
{"episode_reward": 947.0, "episode": 83.0, "batch_reward": 1.97409375, "critic_loss": 17.287894912719725, "actor_loss": -160.69524426269533, "alpha_loss": -0.018899643670767546, "alpha_value": 0.12507168686389922, "duration": 76.67721056938171, "step": 20750}
{"episode_reward": 982.0, "episode": 84.0, "batch_reward": 1.99953125, "critic_loss": 16.738658004760744, "actor_loss": -163.5854519042969, "alpha_loss": -0.01768489477969706, "alpha_value": 0.12585918319225312, "duration": 76.6121768951416, "step": 21000}
{"episode_reward": 962.0, "episode": 85.0, "batch_reward": 2.01459375, "critic_loss": 16.06261591720581, "actor_loss": -165.10586877441406, "alpha_loss": -0.019181328523904084, "alpha_value": 0.12659991919994354, "duration": 76.65828704833984, "step": 21250}
{"episode_reward": 551.0, "episode": 86.0, "batch_reward": 2.04025, "critic_loss": 15.565152717590331, "actor_loss": -166.57822961425782, "alpha_loss": -0.02030469746887684, "alpha_value": 0.1274917243719101, "duration": 76.56625938415527, "step": 21500}
{"episode_reward": 796.0, "episode": 87.0, "batch_reward": 2.0385625, "critic_loss": 17.04592404937744, "actor_loss": -168.20167834472656, "alpha_loss": -0.017754357405006884, "alpha_value": 0.12831212782859802, "duration": 76.58226037025452, "step": 21750}
{"episode_reward": 0.0, "episode": 88.0, "batch_reward": 2.04159375, "critic_loss": 16.981017387390136, "actor_loss": -168.52605627441406, "alpha_loss": -0.016972790606319905, "alpha_value": 0.12911644625663757, "duration": 76.67433094978333, "step": 22000}
{"episode_reward": 989.0, "episode": 89.0, "batch_reward": 2.0455625, "critic_loss": 16.666432636260986, "actor_loss": -172.6256241455078, "alpha_loss": -0.008369951169937849, "alpha_value": 0.12967954087257386, "duration": 76.44965934753418, "step": 22250}
{"episode_reward": 971.0, "episode": 90.0, "batch_reward": 2.05728125, "critic_loss": 16.185563297271727, "actor_loss": -175.00793640136717, "alpha_loss": -0.014418611828237771, "alpha_value": 0.13014006030559538, "duration": 76.57160234451294, "step": 22500}
{"episode_reward": 998.0, "episode": 91.0, "batch_reward": 2.0743125, "critic_loss": 16.770382389068605, "actor_loss": -176.17167492675782, "alpha_loss": -0.007249065596610308, "alpha_value": 0.13068835937976836, "duration": 76.45350527763367, "step": 22750}
{"episode_reward": 807.0, "episode": 92.0, "batch_reward": 2.0830625, "critic_loss": 16.780270542144777, "actor_loss": -178.50538989257814, "alpha_loss": -0.006571383964270353, "alpha_value": 0.1310359790325165, "duration": 76.48598766326904, "step": 23000}
{"episode_reward": 424.0, "episode": 93.0, "batch_reward": 2.09534375, "critic_loss": 16.28552265548706, "actor_loss": -180.10792541503906, "alpha_loss": -0.007840889925137162, "alpha_value": 0.13142643105983734, "duration": 76.59223985671997, "step": 23250}
{"episode_reward": 972.0, "episode": 94.0, "batch_reward": 2.12059375, "critic_loss": 15.740402561187745, "actor_loss": -183.13821630859374, "alpha_loss": -0.009723296459764242, "alpha_value": 0.1318260145187378, "duration": 76.58839774131775, "step": 23500}
{"episode_reward": 968.0, "episode": 95.0, "batch_reward": 2.1430625, "critic_loss": 15.730440338134766, "actor_loss": -186.18118542480468, "alpha_loss": 0.00035697372816503046, "alpha_value": 0.13207146179676055, "duration": 76.59057831764221, "step": 23750}
{"episode_reward": 989.0, "episode": 96.0, "batch_reward": 2.14709375, "critic_loss": 15.504987836837769, "actor_loss": -187.8729697265625, "alpha_loss": -0.001760693147778511, "alpha_value": 0.13211951875686645, "duration": 76.76623010635376, "step": 24000}
{"episode_reward": 928.0, "episode": 97.0, "batch_reward": 2.17146875, "critic_loss": 15.964571670532226, "actor_loss": -191.08591931152344, "alpha_loss": 0.0019917383342981337, "alpha_value": 0.13212579095363616, "duration": 76.60095405578613, "step": 24250}
{"episode_reward": 610.0, "episode": 98.0, "batch_reward": 2.15690625, "critic_loss": 16.714733612060545, "actor_loss": -190.40771569824219, "alpha_loss": 5.29586635529995e-05, "alpha_value": 0.13200606656074523, "duration": 76.52935194969177, "step": 24500}
{"episode_reward": 655.0, "episode": 99.0, "batch_reward": 2.17240625, "critic_loss": 16.131753295898438, "actor_loss": -193.35102673339844, "alpha_loss": -0.00269736716710031, "alpha_value": 0.13216230297088624, "duration": 76.62903046607971, "step": 24750}
{"episode_reward": 977.0, "episode": 100.0, "batch_reward": 2.1744375, "critic_loss": 16.075419090270994, "actor_loss": -195.77604235839843, "alpha_loss": -0.0022023485116660596, "alpha_value": 0.132377490401268, "duration": 76.51954412460327, "step": 25000}
{"episode_reward": 963.0, "episode": 101.0, "batch_reward": 2.2065625, "critic_loss": 16.135262493133546, "actor_loss": -198.9918037109375, "alpha_loss": 0.0023863241430372, "alpha_value": 0.1322515869140625, "duration": 76.63247346878052, "step": 25250}
{"episode_reward": 1000.0, "episode": 102.0, "batch_reward": 2.2335625, "critic_loss": 16.38137948226929, "actor_loss": -201.49548229980468, "alpha_loss": 0.00861968720331788, "alpha_value": 0.1320067435503006, "duration": 76.76146364212036, "step": 25500}
{"episode_reward": 898.0, "episode": 103.0, "batch_reward": 2.241, "critic_loss": 14.805407424926758, "actor_loss": -204.85164855957032, "alpha_loss": 0.00564681619592011, "alpha_value": 0.13159042835235596, "duration": 76.6462094783783, "step": 25750}
{"episode_reward": 976.0, "episode": 104.0, "batch_reward": 2.24390625, "critic_loss": 16.81169906425476, "actor_loss": -206.49358715820313, "alpha_loss": 0.004414902802556753, "alpha_value": 0.13129074335098267, "duration": 76.54939341545105, "step": 26000}
{"episode_reward": 928.0, "episode": 105.0, "batch_reward": 2.26628125, "critic_loss": 16.936606910705567, "actor_loss": -208.83231481933595, "alpha_loss": 0.011537074323743582, "alpha_value": 0.130749129652977, "duration": 76.65112113952637, "step": 26250}
{"episode_reward": 401.0, "episode": 106.0, "batch_reward": 2.2620625, "critic_loss": 15.126013067245484, "actor_loss": -210.26938537597655, "alpha_loss": 0.007937838664278388, "alpha_value": 0.13018291401863097, "duration": 76.53302001953125, "step": 26500}
{"episode_reward": 1000.0, "episode": 107.0, "batch_reward": 2.28275, "critic_loss": 15.45425008392334, "actor_loss": -212.76488415527345, "alpha_loss": 0.015622838728129864, "alpha_value": 0.12946872222423553, "duration": 76.65016984939575, "step": 26750}
{"episode_reward": 987.0, "episode": 108.0, "batch_reward": 2.27296875, "critic_loss": 19.655711750030516, "actor_loss": -215.40935864257813, "alpha_loss": 0.011060912620276213, "alpha_value": 0.12867881226539613, "duration": 76.5439682006836, "step": 27000}
{"episode_reward": 368.0, "episode": 109.0, "batch_reward": 2.26190625, "critic_loss": 16.87514598464966, "actor_loss": -217.66949768066405, "alpha_loss": 0.008892817065119744, "alpha_value": 0.12819237649440765, "duration": 76.65359854698181, "step": 27250}
{"episode_reward": 975.0, "episode": 110.0, "batch_reward": 2.30178125, "critic_loss": 15.56880221939087, "actor_loss": -218.4933391113281, "alpha_loss": 0.012030023222789168, "alpha_value": 0.12748144912719728, "duration": 76.751460313797, "step": 27500}
{"episode_reward": 716.0, "episode": 111.0, "batch_reward": 2.311, "critic_loss": 15.103544269561768, "actor_loss": -220.42254736328124, "alpha_loss": 0.005503790318965912, "alpha_value": 0.12702268552780152, "duration": 76.53650856018066, "step": 27750}
{"episode_reward": 975.0, "episode": 112.0, "batch_reward": 2.3256875, "critic_loss": 14.581583169937133, "actor_loss": -222.82733728027344, "alpha_loss": 0.009909183531999589, "alpha_value": 0.1265284698009491, "duration": 76.59294772148132, "step": 28000}
{"episode_reward": 879.0, "episode": 113.0, "batch_reward": 2.318875, "critic_loss": 14.506390748977662, "actor_loss": -225.28928674316407, "alpha_loss": 0.010616574045270681, "alpha_value": 0.1260303386449814, "duration": 76.54999041557312, "step": 28250}
{"episode_reward": 975.0, "episode": 114.0, "batch_reward": 2.34128125, "critic_loss": 14.815720930099488, "actor_loss": -226.9232707519531, "alpha_loss": 0.012427563916891813, "alpha_value": 0.1253567585349083, "duration": 76.53797674179077, "step": 28500}
{"episode_reward": 968.0, "episode": 115.0, "batch_reward": 2.339375, "critic_loss": 14.671313827514648, "actor_loss": -229.22851025390625, "alpha_loss": 0.012873144760727883, "alpha_value": 0.1246092393398285, "duration": 76.55888676643372, "step": 28750}
{"episode_reward": 264.0, "episode": 116.0, "batch_reward": 2.3421875, "critic_loss": 13.935250059127808, "actor_loss": -231.4920518798828, "alpha_loss": 0.010571473866701125, "alpha_value": 0.12385862296819687, "duration": 76.54027366638184, "step": 29000}
{"episode_reward": 974.0, "episode": 117.0, "batch_reward": 2.35896875, "critic_loss": 13.83546714782715, "actor_loss": -232.81574768066406, "alpha_loss": 0.009857287703081965, "alpha_value": 0.1233054901957512, "duration": 76.62270140647888, "step": 29250}
{"episode_reward": 957.0, "episode": 118.0, "batch_reward": 2.35796875, "critic_loss": 13.719756296157836, "actor_loss": -234.67562573242188, "alpha_loss": 0.006861658826470375, "alpha_value": 0.12292566025257111, "duration": 76.6263074874878, "step": 29500}
{"episode_reward": 955.0, "episode": 119.0, "batch_reward": 2.384125, "critic_loss": 12.98827193260193, "actor_loss": -237.14983068847656, "alpha_loss": 0.011369237318634987, "alpha_value": 0.12240373104810714, "duration": 76.57161116600037, "step": 29750}
{"episode_reward": 964.0, "episode": 120.0, "batch_reward": 2.4160625, "critic_loss": 13.506608757019043, "actor_loss": -238.82449975585936, "alpha_loss": 0.011669947715476156, "alpha_value": 0.12169053143262863, "duration": 76.5908408164978, "step": 30000}
{"episode_reward": 964.0, "episode": 121.0, "batch_reward": 2.410875, "critic_loss": 12.734286293029784, "actor_loss": -241.41832604980468, "alpha_loss": 0.014829617261886597, "alpha_value": 0.12100687754154206, "duration": 88.11082792282104, "step": 30250}
{"episode_reward": 931.0, "episode": 122.0, "batch_reward": 2.4115625, "critic_loss": 14.028397102355957, "actor_loss": -242.55203161621094, "alpha_loss": 0.015087125139310957, "alpha_value": 0.1202202421426773, "duration": 76.48569321632385, "step": 30500}
{"episode_reward": 977.0, "episode": 123.0, "batch_reward": 2.43696875, "critic_loss": 12.981587203979492, "actor_loss": -244.79092602539063, "alpha_loss": 0.013771386332809925, "alpha_value": 0.11937771850824357, "duration": 76.68453860282898, "step": 30750}
{"episode_reward": 983.0, "episode": 124.0, "batch_reward": 2.4483125, "critic_loss": 13.095295715332032, "actor_loss": -248.06131115722656, "alpha_loss": 0.01584653497301042, "alpha_value": 0.11856037676334381, "duration": 76.58811211585999, "step": 31000}
{"episode_reward": 299.0, "episode": 125.0, "batch_reward": 2.4349375, "critic_loss": 12.628176204681397, "actor_loss": -249.70849438476563, "alpha_loss": 0.015364853158593178, "alpha_value": 0.11778305149078369, "duration": 76.61790680885315, "step": 31250}
{"episode_reward": 956.0, "episode": 126.0, "batch_reward": 2.44515625, "critic_loss": 12.586872158050538, "actor_loss": -251.32412280273437, "alpha_loss": 0.017434112148359417, "alpha_value": 0.11693421667814255, "duration": 76.69083261489868, "step": 31500}
{"episode_reward": 981.0, "episode": 127.0, "batch_reward": 2.45240625, "critic_loss": 13.045581689834595, "actor_loss": -253.36709692382811, "alpha_loss": 0.017378264926373958, "alpha_value": 0.11599397486448287, "duration": 76.70326638221741, "step": 31750}
{"episode_reward": 982.0, "episode": 128.0, "batch_reward": 2.46525, "critic_loss": 12.18051922416687, "actor_loss": -254.43428259277343, "alpha_loss": 0.015123156297951936, "alpha_value": 0.11520979660749435, "duration": 76.5567581653595, "step": 32000}
{"episode_reward": 961.0, "episode": 129.0, "batch_reward": 2.49621875, "critic_loss": 12.144868125915528, "actor_loss": -255.81174255371093, "alpha_loss": 0.01793291897047311, "alpha_value": 0.11442570000886917, "duration": 76.43412494659424, "step": 32250}
{"episode_reward": 975.0, "episode": 130.0, "batch_reward": 2.49271875, "critic_loss": 11.480368846893311, "actor_loss": -256.74967431640624, "alpha_loss": 0.012260071739554405, "alpha_value": 0.11359608179330825, "duration": 76.69361424446106, "step": 32500}
{"episode_reward": 964.0, "episode": 131.0, "batch_reward": 2.48771875, "critic_loss": 11.633880470275878, "actor_loss": -259.45663928222655, "alpha_loss": 0.01694413253851235, "alpha_value": 0.11291635912656785, "duration": 76.49479222297668, "step": 32750}
{"episode_reward": 960.0, "episode": 132.0, "batch_reward": 2.52103125, "critic_loss": 11.753681858062745, "actor_loss": -261.62368676757814, "alpha_loss": 0.015190110506489872, "alpha_value": 0.11210088241100312, "duration": 76.6157374382019, "step": 33000}
{"episode_reward": 959.0, "episode": 133.0, "batch_reward": 2.5355625, "critic_loss": 10.971713136672973, "actor_loss": -263.7803374023438, "alpha_loss": 0.01506264691799879, "alpha_value": 0.11133229291439056, "duration": 76.64148736000061, "step": 33250}
{"episode_reward": 956.0, "episode": 134.0, "batch_reward": 2.52846875, "critic_loss": 11.708060596466064, "actor_loss": -265.57994519042967, "alpha_loss": 0.00986767745576799, "alpha_value": 0.11068041002750396, "duration": 76.54844689369202, "step": 33500}
{"episode_reward": 933.0, "episode": 135.0, "batch_reward": 2.52090625, "critic_loss": 11.266676078796387, "actor_loss": -266.88021459960936, "alpha_loss": 0.013304352955892683, "alpha_value": 0.11015395796298981, "duration": 76.66446995735168, "step": 33750}
{"episode_reward": 973.0, "episode": 136.0, "batch_reward": 2.53796875, "critic_loss": 10.91676065826416, "actor_loss": -268.76889599609376, "alpha_loss": 0.01466399241797626, "alpha_value": 0.10940813678503036, "duration": 76.60515356063843, "step": 34000}
{"episode_reward": 987.0, "episode": 137.0, "batch_reward": 2.55809375, "critic_loss": 10.287519985198974, "actor_loss": -270.2519528808594, "alpha_loss": 0.01812922971136868, "alpha_value": 0.10859559494256973, "duration": 76.6736056804657, "step": 34250}
{"episode_reward": 959.0, "episode": 138.0, "batch_reward": 2.55896875, "critic_loss": 10.309297843933106, "actor_loss": -272.28542333984376, "alpha_loss": 0.015983644096180798, "alpha_value": 0.10771136862039567, "duration": 76.60308742523193, "step": 34500}
{"episode_reward": 977.0, "episode": 139.0, "batch_reward": 2.5860625, "critic_loss": 9.914620531082154, "actor_loss": -273.2278935546875, "alpha_loss": 0.021632545132189988, "alpha_value": 0.1068237778544426, "duration": 76.58805418014526, "step": 34750}
{"episode_reward": 967.0, "episode": 140.0, "batch_reward": 2.582, "critic_loss": 11.983897621154785, "actor_loss": -274.76826977539065, "alpha_loss": 0.0183360970467329, "alpha_value": 0.10577927041053772, "duration": 76.58859944343567, "step": 35000}
{"episode_reward": 735.0, "episode": 141.0, "batch_reward": 2.57690625, "critic_loss": 13.552200378417968, "actor_loss": -275.1686728515625, "alpha_loss": 0.019574029184877873, "alpha_value": 0.1049727658033371, "duration": 76.62198448181152, "step": 35250}
{"episode_reward": 896.0, "episode": 142.0, "batch_reward": 2.582125, "critic_loss": 12.158343425750733, "actor_loss": -276.5011840820313, "alpha_loss": 0.021447472708299754, "alpha_value": 0.1040285164117813, "duration": 76.55852341651917, "step": 35500}
{"episode_reward": 961.0, "episode": 143.0, "batch_reward": 2.60028125, "critic_loss": 11.481010160446168, "actor_loss": -277.867908203125, "alpha_loss": 0.02048894171975553, "alpha_value": 0.10303223401308059, "duration": 76.51841402053833, "step": 35750}
{"episode_reward": 958.0, "episode": 144.0, "batch_reward": 2.6046875, "critic_loss": 11.137427419662476, "actor_loss": -279.55717333984376, "alpha_loss": 0.018129356829449536, "alpha_value": 0.10216707891225815, "duration": 76.57365322113037, "step": 36000}
{"episode_reward": 947.0, "episode": 145.0, "batch_reward": 2.6145625, "critic_loss": 10.759521284103393, "actor_loss": -280.87629833984374, "alpha_loss": 0.017031257120892405, "alpha_value": 0.10137004113197326, "duration": 76.60605597496033, "step": 36250}
{"episode_reward": 979.0, "episode": 146.0, "batch_reward": 2.638125, "critic_loss": 11.13415292739868, "actor_loss": -282.09213330078126, "alpha_loss": 0.01854783793911338, "alpha_value": 0.10054865503311157, "duration": 76.68050622940063, "step": 36500}
{"episode_reward": 956.0, "episode": 147.0, "batch_reward": 2.64765625, "critic_loss": 11.128716161727905, "actor_loss": -283.389123046875, "alpha_loss": 0.015632251035422085, "alpha_value": 0.0998246283531189, "duration": 76.6400146484375, "step": 36750}
{"episode_reward": 988.0, "episode": 148.0, "batch_reward": 2.64146875, "critic_loss": 10.739577056884766, "actor_loss": -284.1229462890625, "alpha_loss": 0.013584989869967102, "alpha_value": 0.09909760916233062, "duration": 76.6560742855072, "step": 37000}
{"episode_reward": 798.0, "episode": 149.0, "batch_reward": 2.664, "critic_loss": 11.384167762756348, "actor_loss": -285.391623046875, "alpha_loss": 0.014979893229901791, "alpha_value": 0.09849809920787811, "duration": 76.62164664268494, "step": 37250}
{"episode_reward": 953.0, "episode": 150.0, "batch_reward": 2.64721875, "critic_loss": 11.931536027908326, "actor_loss": -286.2413117675781, "alpha_loss": 0.011935190904885531, "alpha_value": 0.09786939537525177, "duration": 76.5836615562439, "step": 37500}
{"episode_reward": 888.0, "episode": 151.0, "batch_reward": 2.66765625, "critic_loss": 10.627190614700318, "actor_loss": -287.35006396484374, "alpha_loss": 0.0123238576464355, "alpha_value": 0.09736719137430191, "duration": 76.60826182365417, "step": 37750}
{"episode_reward": 977.0, "episode": 152.0, "batch_reward": 2.67975, "critic_loss": 10.674654960632324, "actor_loss": -288.03894287109375, "alpha_loss": 0.013611770311370492, "alpha_value": 0.09673247122764587, "duration": 76.71679997444153, "step": 38000}
{"episode_reward": 977.0, "episode": 153.0, "batch_reward": 2.676375, "critic_loss": 9.905807655334472, "actor_loss": -290.1779765625, "alpha_loss": 0.016315441530197858, "alpha_value": 0.09605968397855759, "duration": 76.63386631011963, "step": 38250}
{"episode_reward": 956.0, "episode": 154.0, "batch_reward": 2.69215625, "critic_loss": 9.987098114013673, "actor_loss": -291.659451171875, "alpha_loss": 0.016491835445165633, "alpha_value": 0.0953302372097969, "duration": 76.49534749984741, "step": 38500}
{"episode_reward": 920.0, "episode": 155.0, "batch_reward": 2.69728125, "critic_loss": 10.68770211982727, "actor_loss": -292.0626394042969, "alpha_loss": 0.01468849785719067, "alpha_value": 0.09462122404575347, "duration": 76.64705038070679, "step": 38750}
{"episode_reward": 606.0, "episode": 156.0, "batch_reward": 2.6910625, "critic_loss": 10.583253423690795, "actor_loss": -291.79822631835935, "alpha_loss": 0.011894182311370969, "alpha_value": 0.09393190240859986, "duration": 76.64022636413574, "step": 39000}
{"episode_reward": 969.0, "episode": 157.0, "batch_reward": 2.69771875, "critic_loss": 10.627066415786743, "actor_loss": -294.62120361328124, "alpha_loss": 0.014973199145868421, "alpha_value": 0.09330231976509094, "duration": 76.56644654273987, "step": 39250}
{"episode_reward": 950.0, "episode": 158.0, "batch_reward": 2.71740625, "critic_loss": 10.221058572769165, "actor_loss": -295.3010671386719, "alpha_loss": 0.01123289087228477, "alpha_value": 0.09269683825969696, "duration": 76.59817409515381, "step": 39500}
{"episode_reward": 956.0, "episode": 159.0, "batch_reward": 2.720375, "critic_loss": 9.991387496948242, "actor_loss": -296.99805126953123, "alpha_loss": 0.017007754899561404, "alpha_value": 0.09198748928308487, "duration": 76.7705569267273, "step": 39750}
{"episode_reward": 983.0, "episode": 160.0, "batch_reward": 2.72625, "critic_loss": 10.060010984420776, "actor_loss": -297.7785178222656, "alpha_loss": 0.010647311391308903, "alpha_value": 0.09140440261363983, "duration": 76.6025960445404, "step": 40000}
{"episode_reward": 983.0, "episode": 161.0, "batch_reward": 2.73225, "critic_loss": 9.402357028961182, "actor_loss": -300.009666015625, "alpha_loss": 0.010423251289874315, "alpha_value": 0.09093386095762253, "duration": 88.1892352104187, "step": 40250}
{"episode_reward": 970.0, "episode": 162.0, "batch_reward": 2.74103125, "critic_loss": 8.922680660247803, "actor_loss": -300.37817602539064, "alpha_loss": 0.008851662524044514, "alpha_value": 0.09047964698076248, "duration": 76.53834247589111, "step": 40500}
{"episode_reward": 992.0, "episode": 163.0, "batch_reward": 2.7628125, "critic_loss": 8.676806444168092, "actor_loss": -301.87898266601565, "alpha_loss": 0.012359595960006117, "alpha_value": 0.08994557136297227, "duration": 76.31910634040833, "step": 40750}
{"episode_reward": 754.0, "episode": 164.0, "batch_reward": 2.74603125, "critic_loss": 8.572421772003175, "actor_loss": -302.61508813476564, "alpha_loss": 0.010794836014509201, "alpha_value": 0.08944025480747222, "duration": 76.58363676071167, "step": 41000}
{"episode_reward": 962.0, "episode": 165.0, "batch_reward": 2.74809375, "critic_loss": 8.998568996429443, "actor_loss": -304.1244814453125, "alpha_loss": 0.016285643918439747, "alpha_value": 0.08875064063072205, "duration": 76.55237984657288, "step": 41250}
{"episode_reward": 942.0, "episode": 166.0, "batch_reward": 2.73640625, "critic_loss": 9.782127655029297, "actor_loss": -305.3985227050781, "alpha_loss": 0.011547215677797795, "alpha_value": 0.08811669600009918, "duration": 76.56692886352539, "step": 41500}
{"episode_reward": 463.0, "episode": 167.0, "batch_reward": 2.75859375, "critic_loss": 9.364783321380616, "actor_loss": -306.75660498046875, "alpha_loss": 0.011371949199587107, "alpha_value": 0.0875848480463028, "duration": 76.7221314907074, "step": 41750}
{"episode_reward": 993.0, "episode": 168.0, "batch_reward": 2.7610625, "critic_loss": 9.05117915534973, "actor_loss": -307.822556640625, "alpha_loss": 0.012248741892166435, "alpha_value": 0.08702119755744935, "duration": 76.60818552970886, "step": 42000}
{"episode_reward": 974.0, "episode": 169.0, "batch_reward": 2.7573125, "critic_loss": 9.150977825164794, "actor_loss": -307.96537670898437, "alpha_loss": 0.012926543541252613, "alpha_value": 0.08634468638896942, "duration": 76.71782660484314, "step": 42250}
{"episode_reward": 962.0, "episode": 170.0, "batch_reward": 2.7853125, "critic_loss": 8.784282238006591, "actor_loss": -310.63154077148437, "alpha_loss": 0.014263778520748019, "alpha_value": 0.08575724947452545, "duration": 76.49248838424683, "step": 42500}
{"episode_reward": 987.0, "episode": 171.0, "batch_reward": 2.788625, "critic_loss": 8.890858709335328, "actor_loss": -310.925580078125, "alpha_loss": 0.01247155893780291, "alpha_value": 0.0850933678150177, "duration": 76.61769771575928, "step": 42750}
{"episode_reward": 983.0, "episode": 172.0, "batch_reward": 2.78671875, "critic_loss": 8.429564623832702, "actor_loss": -312.2749133300781, "alpha_loss": 0.010917026055976749, "alpha_value": 0.08461098259687423, "duration": 76.63091707229614, "step": 43000}
{"episode_reward": 963.0, "episode": 173.0, "batch_reward": 2.8010625, "critic_loss": 8.464755096435546, "actor_loss": -313.1084938964844, "alpha_loss": 0.010511045567691326, "alpha_value": 0.08404672861099244, "duration": 76.71232771873474, "step": 43250}
{"episode_reward": 918.0, "episode": 174.0, "batch_reward": 2.8048125, "critic_loss": 8.211395442962646, "actor_loss": -314.5694094238281, "alpha_loss": 0.009322883319109678, "alpha_value": 0.08355957162380219, "duration": 76.70521283149719, "step": 43500}
{"episode_reward": 973.0, "episode": 175.0, "batch_reward": 2.8179375, "critic_loss": 8.097135751724243, "actor_loss": -316.07242651367187, "alpha_loss": 0.014595663437619805, "alpha_value": 0.08296428948640823, "duration": 76.54092216491699, "step": 43750}
{"episode_reward": 959.0, "episode": 176.0, "batch_reward": 2.8170625, "critic_loss": 7.446217316627503, "actor_loss": -316.5181516113281, "alpha_loss": 0.011382954139262437, "alpha_value": 0.08234784066677094, "duration": 76.87121605873108, "step": 44000}
{"episode_reward": 994.0, "episode": 177.0, "batch_reward": 2.8341875, "critic_loss": 8.048657671928407, "actor_loss": -318.27329541015627, "alpha_loss": 0.009171822417527438, "alpha_value": 0.08185705298185349, "duration": 76.50312948226929, "step": 44250}
{"episode_reward": 979.0, "episode": 178.0, "batch_reward": 2.82034375, "critic_loss": 7.874665412902832, "actor_loss": -318.63979443359375, "alpha_loss": 0.011868717081844806, "alpha_value": 0.0814126091003418, "duration": 76.52628111839294, "step": 44500}
{"episode_reward": 893.0, "episode": 179.0, "batch_reward": 2.8405625, "critic_loss": 7.949005012512207, "actor_loss": -319.37460546875, "alpha_loss": 0.008178308300673962, "alpha_value": 0.08091119587421418, "duration": 76.68737697601318, "step": 44750}
{"episode_reward": 979.0, "episode": 180.0, "batch_reward": 2.82715625, "critic_loss": 7.681868635177612, "actor_loss": -320.9242490234375, "alpha_loss": 0.009896010091528297, "alpha_value": 0.08047805434465408, "duration": 76.57321119308472, "step": 45000}
{"episode_reward": 813.0, "episode": 181.0, "batch_reward": 2.85171875, "critic_loss": 7.494758456230164, "actor_loss": -321.74958422851563, "alpha_loss": 0.007685312274843454, "alpha_value": 0.08003906631469726, "duration": 76.60921049118042, "step": 45250}
{"episode_reward": 964.0, "episode": 182.0, "batch_reward": 2.851875, "critic_loss": 7.583761402130127, "actor_loss": -322.66474072265623, "alpha_loss": 0.013773746266029775, "alpha_value": 0.07952765709161759, "duration": 76.46503520011902, "step": 45500}
{"episode_reward": 932.0, "episode": 183.0, "batch_reward": 2.85325, "critic_loss": 7.958874502182007, "actor_loss": -323.189853515625, "alpha_loss": 0.006764991329982877, "alpha_value": 0.07904603654146194, "duration": 76.59252953529358, "step": 45750}
{"episode_reward": 847.0, "episode": 184.0, "batch_reward": 2.869625, "critic_loss": 8.018721946716308, "actor_loss": -324.77000048828126, "alpha_loss": 0.006041058484464884, "alpha_value": 0.07868802613019943, "duration": 76.72363996505737, "step": 46000}
{"episode_reward": 978.0, "episode": 185.0, "batch_reward": 2.8606875, "critic_loss": 7.5620104665756225, "actor_loss": -325.2094250488281, "alpha_loss": 0.009444541898090393, "alpha_value": 0.07835799205303193, "duration": 76.53981924057007, "step": 46250}
{"episode_reward": 793.0, "episode": 186.0, "batch_reward": 2.85884375, "critic_loss": 7.645188256263733, "actor_loss": -325.850125, "alpha_loss": 0.008171323454007506, "alpha_value": 0.0778887791633606, "duration": 76.62678933143616, "step": 46500}
{"episode_reward": 959.0, "episode": 187.0, "batch_reward": 2.870375, "critic_loss": 7.654037929534912, "actor_loss": -326.1720187988281, "alpha_loss": 0.004950154572725296, "alpha_value": 0.07754368585348129, "duration": 76.62725782394409, "step": 46750}
{"episode_reward": 983.0, "episode": 188.0, "batch_reward": 2.875625, "critic_loss": 7.544176946640015, "actor_loss": -327.24856030273435, "alpha_loss": 0.008389361715875567, "alpha_value": 0.07720576107501984, "duration": 76.65998697280884, "step": 47000}
{"episode_reward": 816.0, "episode": 189.0, "batch_reward": 2.88046875, "critic_loss": 7.216451662063599, "actor_loss": -327.4308874511719, "alpha_loss": 0.009526591015979647, "alpha_value": 0.0767383280992508, "duration": 76.60510444641113, "step": 47250}
{"episode_reward": 980.0, "episode": 190.0, "batch_reward": 2.881875, "critic_loss": 6.840678569793702, "actor_loss": -328.6505129394531, "alpha_loss": 0.007441442278213799, "alpha_value": 0.0763187661767006, "duration": 76.67809295654297, "step": 47500}
{"episode_reward": 981.0, "episode": 191.0, "batch_reward": 2.87453125, "critic_loss": 6.854954051971435, "actor_loss": -328.9351430664062, "alpha_loss": 0.004299045342952013, "alpha_value": 0.0760007380247116, "duration": 76.61542582511902, "step": 47750}
{"episode_reward": 975.0, "episode": 192.0, "batch_reward": 2.89284375, "critic_loss": 6.788228253364563, "actor_loss": -329.9126257324219, "alpha_loss": 0.006511786872521043, "alpha_value": 0.07574973928928375, "duration": 76.64903974533081, "step": 48000}
{"episode_reward": 992.0, "episode": 193.0, "batch_reward": 2.8860625, "critic_loss": 6.859013627052307, "actor_loss": -330.5474704589844, "alpha_loss": 0.008168011846020817, "alpha_value": 0.07537928754091262, "duration": 76.66814541816711, "step": 48250}
{"episode_reward": 964.0, "episode": 194.0, "batch_reward": 2.9035, "critic_loss": 6.579592975616455, "actor_loss": -331.5047282714844, "alpha_loss": 0.0061751943025738, "alpha_value": 0.07499466377496719, "duration": 76.69585633277893, "step": 48500}
{"episode_reward": 979.0, "episode": 195.0, "batch_reward": 2.89778125, "critic_loss": 6.418361822128296, "actor_loss": -332.40751708984374, "alpha_loss": 0.0038595895944163205, "alpha_value": 0.074739710688591, "duration": 76.68115210533142, "step": 48750}
{"episode_reward": 997.0, "episode": 196.0, "batch_reward": 2.90878125, "critic_loss": 6.196488833427429, "actor_loss": -332.96694213867187, "alpha_loss": 0.0073722187019884585, "alpha_value": 0.07452599900960923, "duration": 76.43211078643799, "step": 49000}
{"episode_reward": 884.0, "episode": 197.0, "batch_reward": 2.9031875, "critic_loss": 6.708619831085205, "actor_loss": -333.09487182617187, "alpha_loss": 0.005253449883311987, "alpha_value": 0.07407212519645691, "duration": 76.58190321922302, "step": 49250}
{"episode_reward": 966.0, "episode": 198.0, "batch_reward": 2.9125, "critic_loss": 9.898180274009704, "actor_loss": -334.3648029785156, "alpha_loss": 0.006766345447860658, "alpha_value": 0.07375311559438705, "duration": 76.54440212249756, "step": 49500}
{"episode_reward": 992.0, "episode": 199.0, "batch_reward": 2.91778125, "critic_loss": 7.807261926651001, "actor_loss": -334.660458984375, "alpha_loss": 0.008639169042930007, "alpha_value": 0.07336201602220535, "duration": 76.59226298332214, "step": 49750}
{"episode_reward": 954.0, "episode": 200.0, "batch_reward": 2.9135, "critic_loss": 7.003950206756592, "actor_loss": -336.2467680664063, "alpha_loss": 0.006868023246526718, "alpha_value": 0.07293535834550857, "duration": 76.6631977558136, "step": 50000}
{"episode_reward": 935.0, "episode": 201.0, "batch_reward": 2.91940625, "critic_loss": 6.551316695213318, "actor_loss": -337.1410231933594, "alpha_loss": 0.006110195528715849, "alpha_value": 0.07258933997154236, "duration": 88.42329835891724, "step": 50250}
{"episode_reward": 987.0, "episode": 202.0, "batch_reward": 2.9401875, "critic_loss": 6.538732315063476, "actor_loss": -337.1714716796875, "alpha_loss": 0.006958939330652356, "alpha_value": 0.07223688006401062, "duration": 76.69505453109741, "step": 50500}
{"episode_reward": 962.0, "episode": 203.0, "batch_reward": 2.940625, "critic_loss": 6.079302587509155, "actor_loss": -338.1711799316406, "alpha_loss": 0.007481505890376866, "alpha_value": 0.07186328846216201, "duration": 76.37385201454163, "step": 50750}
{"episode_reward": 971.0, "episode": 204.0, "batch_reward": 2.94790625, "critic_loss": 5.982629361152649, "actor_loss": -338.64727221679686, "alpha_loss": 0.009360808545723558, "alpha_value": 0.07138347208499908, "duration": 76.58495235443115, "step": 51000}
{"episode_reward": 993.0, "episode": 205.0, "batch_reward": 2.93859375, "critic_loss": 6.290302948951721, "actor_loss": -339.5573474121094, "alpha_loss": 0.009665532503277063, "alpha_value": 0.07088854277133942, "duration": 76.61139512062073, "step": 51250}
{"episode_reward": 959.0, "episode": 206.0, "batch_reward": 2.954, "critic_loss": 6.15248561000824, "actor_loss": -340.9300266113281, "alpha_loss": 0.010861192762851715, "alpha_value": 0.07035155427455902, "duration": 76.57467079162598, "step": 51500}
{"episode_reward": 999.0, "episode": 207.0, "batch_reward": 2.96940625, "critic_loss": 5.700140862464905, "actor_loss": -340.7428212890625, "alpha_loss": 0.009076452706940472, "alpha_value": 0.06984216952323914, "duration": 76.61424088478088, "step": 51750}
{"episode_reward": 982.0, "episode": 208.0, "batch_reward": 2.97409375, "critic_loss": 5.829667356491089, "actor_loss": -342.3085876464844, "alpha_loss": 0.01125429084058851, "alpha_value": 0.06933533358573914, "duration": 76.73106527328491, "step": 52000}
{"episode_reward": 977.0, "episode": 209.0, "batch_reward": 2.9681875, "critic_loss": 5.53327685546875, "actor_loss": -342.7642717285156, "alpha_loss": 0.009564972331747412, "alpha_value": 0.06880885291099548, "duration": 76.70919847488403, "step": 52250}
{"episode_reward": 991.0, "episode": 210.0, "batch_reward": 2.966875, "critic_loss": 5.805123259544373, "actor_loss": -343.05633544921875, "alpha_loss": 0.008054678716696798, "alpha_value": 0.0683506064414978, "duration": 76.62985157966614, "step": 52500}
{"episode_reward": 957.0, "episode": 211.0, "batch_reward": 2.98, "critic_loss": 6.2035015754699705, "actor_loss": -343.80517358398436, "alpha_loss": 0.007919887282885611, "alpha_value": 0.06794181507825851, "duration": 76.71612358093262, "step": 52750}
{"episode_reward": 950.0, "episode": 212.0, "batch_reward": 2.97984375, "critic_loss": 5.887867748260498, "actor_loss": -344.9143969726563, "alpha_loss": 0.00835867252573371, "alpha_value": 0.06756664806604386, "duration": 76.57458519935608, "step": 53000}
{"episode_reward": 964.0, "episode": 213.0, "batch_reward": 2.9891875, "critic_loss": 5.9757691736221314, "actor_loss": -344.85735693359373, "alpha_loss": 0.009040712343528866, "alpha_value": 0.06709901624917984, "duration": 76.64846420288086, "step": 53250}
{"episode_reward": 958.0, "episode": 214.0, "batch_reward": 2.983375, "critic_loss": 5.92101736831665, "actor_loss": -345.2702490234375, "alpha_loss": 0.008917969778180122, "alpha_value": 0.0666525160074234, "duration": 76.67542743682861, "step": 53500}
{"episode_reward": 975.0, "episode": 215.0, "batch_reward": 3.0028125, "critic_loss": 5.428007270812988, "actor_loss": -346.60495581054687, "alpha_loss": 0.010275580694898962, "alpha_value": 0.06614494806528091, "duration": 76.5607430934906, "step": 53750}
{"episode_reward": 982.0, "episode": 216.0, "batch_reward": 2.986875, "critic_loss": 5.575956761360168, "actor_loss": -347.12405883789063, "alpha_loss": 0.005616034835577011, "alpha_value": 0.0657474193572998, "duration": 76.56607842445374, "step": 54000}
{"episode_reward": 966.0, "episode": 217.0, "batch_reward": 3.008375, "critic_loss": 5.775190447807312, "actor_loss": -347.99656762695315, "alpha_loss": 0.00616107018943876, "alpha_value": 0.06548218870162964, "duration": 76.61876606941223, "step": 54250}
{"episode_reward": 954.0, "episode": 218.0, "batch_reward": 3.00675, "critic_loss": 5.250098813056946, "actor_loss": -348.6315888671875, "alpha_loss": 0.005946739992126823, "alpha_value": 0.06521214640140534, "duration": 76.65333938598633, "step": 54500}
{"episode_reward": 998.0, "episode": 219.0, "batch_reward": 3.02296875, "critic_loss": 5.571002007484436, "actor_loss": -348.9360881347656, "alpha_loss": 0.005556758610531688, "alpha_value": 0.06488118386268615, "duration": 76.60596323013306, "step": 54750}
{"episode_reward": 963.0, "episode": 220.0, "batch_reward": 3.01521875, "critic_loss": 5.7313947715759275, "actor_loss": -350.0169885253906, "alpha_loss": 0.003587967377156019, "alpha_value": 0.06465728121995926, "duration": 76.62302732467651, "step": 55000}
{"episode_reward": 980.0, "episode": 221.0, "batch_reward": 3.0179375, "critic_loss": 5.475728240966797, "actor_loss": -350.6844216308594, "alpha_loss": 0.008583397596143186, "alpha_value": 0.06433060336112977, "duration": 76.67925095558167, "step": 55250}
{"episode_reward": 987.0, "episode": 222.0, "batch_reward": 3.0074375, "critic_loss": 5.801595165252685, "actor_loss": -349.92039135742186, "alpha_loss": 0.004766936412081122, "alpha_value": 0.06397242659330368, "duration": 76.73185205459595, "step": 55500}
{"episode_reward": 985.0, "episode": 223.0, "batch_reward": 3.02365625, "critic_loss": 5.0655252580642705, "actor_loss": -351.21786669921875, "alpha_loss": 0.00784253616631031, "alpha_value": 0.06368368715047837, "duration": 76.62593078613281, "step": 55750}
{"episode_reward": 993.0, "episode": 224.0, "batch_reward": 3.039625, "critic_loss": 5.007860942840576, "actor_loss": -351.8248879394531, "alpha_loss": 0.004273421033285558, "alpha_value": 0.06333923614025116, "duration": 76.47110056877136, "step": 56000}
{"episode_reward": 997.0, "episode": 225.0, "batch_reward": 3.0333125, "critic_loss": 5.55701296710968, "actor_loss": -352.50265087890625, "alpha_loss": 0.006653491251170636, "alpha_value": 0.06308531773090363, "duration": 76.57946944236755, "step": 56250}
{"episode_reward": 956.0, "episode": 226.0, "batch_reward": 3.041875, "critic_loss": 5.625772275924683, "actor_loss": -352.81385717773435, "alpha_loss": 0.0055042223874479535, "alpha_value": 0.06276593393087387, "duration": 76.67075204849243, "step": 56500}
{"episode_reward": 965.0, "episode": 227.0, "batch_reward": 3.053625, "critic_loss": 5.349797603607178, "actor_loss": -353.1461511230469, "alpha_loss": 0.006274695082567632, "alpha_value": 0.06243925178050995, "duration": 76.7410216331482, "step": 56750}
{"episode_reward": 989.0, "episode": 228.0, "batch_reward": 3.0463125, "critic_loss": 5.199222333908081, "actor_loss": -354.0348576660156, "alpha_loss": 0.008459378635510802, "alpha_value": 0.06203774952888489, "duration": 76.66180753707886, "step": 57000}
{"episode_reward": 1000.0, "episode": 229.0, "batch_reward": 3.05234375, "critic_loss": 5.137172894477844, "actor_loss": -354.3703510742188, "alpha_loss": 0.005523799186572432, "alpha_value": 0.06171600264310837, "duration": 76.64319944381714, "step": 57250}
{"episode_reward": 957.0, "episode": 230.0, "batch_reward": 3.063625, "critic_loss": 4.811789408683777, "actor_loss": -355.21922265625, "alpha_loss": 0.0045413283463567496, "alpha_value": 0.06142064854502678, "duration": 76.64763498306274, "step": 57500}
{"episode_reward": 875.0, "episode": 231.0, "batch_reward": 3.05196875, "critic_loss": 4.883122088432312, "actor_loss": -355.3441364746094, "alpha_loss": 0.004328846514225006, "alpha_value": 0.06119908699393272, "duration": 76.49830627441406, "step": 57750}
{"episode_reward": 986.0, "episode": 232.0, "batch_reward": 3.06475, "critic_loss": 4.989323662757873, "actor_loss": -355.4096032714844, "alpha_loss": 0.0044242974817752835, "alpha_value": 0.060957033783197404, "duration": 76.62307667732239, "step": 58000}
{"episode_reward": 982.0, "episode": 233.0, "batch_reward": 3.05721875, "critic_loss": 5.1809635782241825, "actor_loss": -356.824064453125, "alpha_loss": 0.00572161123342812, "alpha_value": 0.060707148730754855, "duration": 76.65538501739502, "step": 58250}
{"episode_reward": 991.0, "episode": 234.0, "batch_reward": 3.080625, "critic_loss": 4.8296255006790165, "actor_loss": -357.3638957519531, "alpha_loss": 0.0052955924728885296, "alpha_value": 0.060389698177576064, "duration": 76.61040377616882, "step": 58500}
{"episode_reward": 964.0, "episode": 235.0, "batch_reward": 3.06834375, "critic_loss": 5.0233073968887325, "actor_loss": -357.50609765625, "alpha_loss": 0.004240325463935733, "alpha_value": 0.060171814411878584, "duration": 76.63206243515015, "step": 58750}
{"episode_reward": 962.0, "episode": 236.0, "batch_reward": 3.0753125, "critic_loss": 5.090343364715576, "actor_loss": -358.28833984375, "alpha_loss": 0.007006535487249494, "alpha_value": 0.05985259968042374, "duration": 76.79921889305115, "step": 59000}
{"episode_reward": 999.0, "episode": 237.0, "batch_reward": 3.07553125, "critic_loss": 5.0184491271972655, "actor_loss": -359.1270859375, "alpha_loss": 0.006004358419217169, "alpha_value": 0.059483099371194836, "duration": 76.63697361946106, "step": 59250}
{"episode_reward": 951.0, "episode": 238.0, "batch_reward": 3.0875, "critic_loss": 4.966400468826294, "actor_loss": -358.99302392578124, "alpha_loss": 0.007512849103659391, "alpha_value": 0.05921089971065521, "duration": 76.61040592193604, "step": 59500}
{"episode_reward": 974.0, "episode": 239.0, "batch_reward": 3.0991875, "critic_loss": 4.8453403673172, "actor_loss": -359.8037534179688, "alpha_loss": 0.007499897737056017, "alpha_value": 0.058735834747552874, "duration": 76.6263153553009, "step": 59750}
{"episode_reward": 1000.0, "episode": 240.0, "batch_reward": 3.088, "critic_loss": 4.963807731628418, "actor_loss": -360.03873828125, "alpha_loss": 0.005628538479097188, "alpha_value": 0.058406520396471026, "duration": 76.73896980285645, "step": 60000}
{"episode_reward": 944.0, "episode": 241.0, "batch_reward": 3.08878125, "critic_loss": 4.926990530014038, "actor_loss": -360.77107299804686, "alpha_loss": 0.007254322528839111, "alpha_value": 0.05804438942670822, "duration": 88.29304885864258, "step": 60250}
{"episode_reward": 974.0, "episode": 242.0, "batch_reward": 3.09775, "critic_loss": 4.907307793617249, "actor_loss": -360.9394699707031, "alpha_loss": 0.005477494399063289, "alpha_value": 0.05774950405955315, "duration": 76.7502818107605, "step": 60500}
{"episode_reward": 995.0, "episode": 243.0, "batch_reward": 3.103, "critic_loss": 4.872825992584229, "actor_loss": -361.49236108398435, "alpha_loss": 0.005945519169792533, "alpha_value": 0.05743614208698273, "duration": 76.53841710090637, "step": 60750}
{"episode_reward": 961.0, "episode": 244.0, "batch_reward": 3.11321875, "critic_loss": 4.857735595703125, "actor_loss": -362.06906225585936, "alpha_loss": 0.004703183967620135, "alpha_value": 0.05718392288684845, "duration": 76.39231157302856, "step": 61000}
{"episode_reward": 996.0, "episode": 245.0, "batch_reward": 3.096125, "critic_loss": 5.14065290260315, "actor_loss": -362.6269267578125, "alpha_loss": 0.0037678432501852513, "alpha_value": 0.05696159800887108, "duration": 76.62168860435486, "step": 61250}
{"episode_reward": 975.0, "episode": 246.0, "batch_reward": 3.09028125, "critic_loss": 4.785892935752869, "actor_loss": -362.5353388671875, "alpha_loss": 0.005619334792718291, "alpha_value": 0.056707082957029344, "duration": 76.57976531982422, "step": 61500}
{"episode_reward": 992.0, "episode": 247.0, "batch_reward": 3.1251875, "critic_loss": 4.872852746009826, "actor_loss": -363.5607648925781, "alpha_loss": 0.004157544738613069, "alpha_value": 0.05647719147801399, "duration": 76.61300706863403, "step": 61750}
{"episode_reward": 971.0, "episode": 248.0, "batch_reward": 3.1263125, "critic_loss": 4.628633197784424, "actor_loss": -363.82284375, "alpha_loss": 0.0027960431720130147, "alpha_value": 0.056266610532999035, "duration": 76.50470685958862, "step": 62000}
{"episode_reward": 1000.0, "episode": 249.0, "batch_reward": 3.11890625, "critic_loss": 4.5675224523544316, "actor_loss": -364.70728173828127, "alpha_loss": 0.0006701432410627604, "alpha_value": 0.056174596786499026, "duration": 76.54048204421997, "step": 62250}
{"episode_reward": 982.0, "episode": 250.0, "batch_reward": 3.12175, "critic_loss": 4.723933971405029, "actor_loss": -365.2646970214844, "alpha_loss": 0.006131643185392022, "alpha_value": 0.05599398028850555, "duration": 76.65672063827515, "step": 62500}
{"episode_reward": 921.0, "episode": 251.0, "batch_reward": 3.1309375, "critic_loss": 4.727119160652161, "actor_loss": -365.1083508300781, "alpha_loss": 0.0030101470104418695, "alpha_value": 0.055719447255134585, "duration": 76.55778217315674, "step": 62750}
{"episode_reward": 969.0, "episode": 252.0, "batch_reward": 3.12853125, "critic_loss": 4.490313570976257, "actor_loss": -365.73692553710936, "alpha_loss": 0.005758422243408859, "alpha_value": 0.05548775780200958, "duration": 76.51072359085083, "step": 63000}
{"episode_reward": 1000.0, "episode": 253.0, "batch_reward": 3.13803125, "critic_loss": 4.424254063606262, "actor_loss": -366.15166088867187, "alpha_loss": 0.003053223181515932, "alpha_value": 0.05529072591662407, "duration": 76.43860507011414, "step": 63250}
{"episode_reward": 955.0, "episode": 254.0, "batch_reward": 3.13115625, "critic_loss": 4.341979370117188, "actor_loss": -366.4853156738281, "alpha_loss": 0.004203554885461927, "alpha_value": 0.055072463601827625, "duration": 76.50703048706055, "step": 63500}
{"episode_reward": 966.0, "episode": 255.0, "batch_reward": 3.1268125, "critic_loss": 4.2784754753112795, "actor_loss": -366.5983544921875, "alpha_loss": 0.0027230133507400753, "alpha_value": 0.05484795895218849, "duration": 76.50192785263062, "step": 63750}
{"episode_reward": 951.0, "episode": 256.0, "batch_reward": 3.15021875, "critic_loss": 4.407300060272217, "actor_loss": -367.36858569335936, "alpha_loss": 0.004382959149777889, "alpha_value": 0.054677820682525635, "duration": 76.6173210144043, "step": 64000}
{"episode_reward": 981.0, "episode": 257.0, "batch_reward": 3.14225, "critic_loss": 4.18530574131012, "actor_loss": -367.2886501464844, "alpha_loss": 0.0026954647917300464, "alpha_value": 0.054499964386224745, "duration": 76.68106603622437, "step": 64250}
{"episode_reward": 991.0, "episode": 258.0, "batch_reward": 3.1335625, "critic_loss": 4.0483247785568235, "actor_loss": -367.8501237792969, "alpha_loss": 0.0017521609338000416, "alpha_value": 0.05438223892450333, "duration": 76.57258987426758, "step": 64500}
{"episode_reward": 977.0, "episode": 259.0, "batch_reward": 3.15946875, "critic_loss": 4.010775709629059, "actor_loss": -368.54225146484373, "alpha_loss": 0.005207596436142921, "alpha_value": 0.054161837548017504, "duration": 76.71904516220093, "step": 64750}
{"episode_reward": 941.0, "episode": 260.0, "batch_reward": 3.152625, "critic_loss": 3.8744832119941712, "actor_loss": -368.9417551269531, "alpha_loss": 0.00420451978314668, "alpha_value": 0.05394550049304962, "duration": 76.75881147384644, "step": 65000}
{"episode_reward": 987.0, "episode": 261.0, "batch_reward": 3.14775, "critic_loss": 4.093645836830139, "actor_loss": -369.34985131835936, "alpha_loss": 0.006233916477300227, "alpha_value": 0.05363640397787094, "duration": 76.54876112937927, "step": 65250}
{"episode_reward": 971.0, "episode": 262.0, "batch_reward": 3.15340625, "critic_loss": 3.6960855984687804, "actor_loss": -369.4521201171875, "alpha_loss": 0.0068636591574177145, "alpha_value": 0.05333205112814903, "duration": 76.55976152420044, "step": 65500}
{"episode_reward": 982.0, "episode": 263.0, "batch_reward": 3.15465625, "critic_loss": 3.9889033403396605, "actor_loss": -369.871490234375, "alpha_loss": 0.0048011051639914515, "alpha_value": 0.05298145017027855, "duration": 76.7253737449646, "step": 65750}
{"episode_reward": 991.0, "episode": 264.0, "batch_reward": 3.16021875, "critic_loss": 3.9740388898849486, "actor_loss": -370.27543530273437, "alpha_loss": 0.006223000950179994, "alpha_value": 0.05269988089799881, "duration": 76.49674892425537, "step": 66000}
{"episode_reward": 975.0, "episode": 265.0, "batch_reward": 3.1580625, "critic_loss": 3.941497664451599, "actor_loss": -370.49733251953126, "alpha_loss": 0.005395507901906967, "alpha_value": 0.05237581440806389, "duration": 76.60095643997192, "step": 66250}
{"episode_reward": 983.0, "episode": 266.0, "batch_reward": 3.159875, "critic_loss": 4.405642043590546, "actor_loss": -370.7665808105469, "alpha_loss": 0.006163259121589363, "alpha_value": 0.05209407988190651, "duration": 76.58722186088562, "step": 66500}
{"episode_reward": 987.0, "episode": 267.0, "batch_reward": 3.1730625, "critic_loss": 4.30779315662384, "actor_loss": -370.56845678710937, "alpha_loss": 0.003294941512867808, "alpha_value": 0.05178073474764824, "duration": 76.7027907371521, "step": 66750}
{"episode_reward": 213.0, "episode": 268.0, "batch_reward": 3.1625625, "critic_loss": 4.043078430175782, "actor_loss": -370.6145510253906, "alpha_loss": 0.0003471599780023098, "alpha_value": 0.051695106118917464, "duration": 76.60964179039001, "step": 67000}
{"episode_reward": 982.0, "episode": 269.0, "batch_reward": 3.1615, "critic_loss": 4.176578544616699, "actor_loss": -370.6411452636719, "alpha_loss": 0.0014885648768395185, "alpha_value": 0.051670308738946916, "duration": 76.65953135490417, "step": 67250}
{"episode_reward": 970.0, "episode": 270.0, "batch_reward": 3.172125, "critic_loss": 4.11741362285614, "actor_loss": -371.55748583984376, "alpha_loss": 0.002216315932106227, "alpha_value": 0.051590512871742246, "duration": 76.57724666595459, "step": 67500}
{"episode_reward": 984.0, "episode": 271.0, "batch_reward": 3.15975, "critic_loss": 4.07400317811966, "actor_loss": -371.5688850097656, "alpha_loss": 0.000263708321377635, "alpha_value": 0.05146974346041679, "duration": 76.66250133514404, "step": 67750}
{"episode_reward": 968.0, "episode": 272.0, "batch_reward": 3.16078125, "critic_loss": 3.932872220993042, "actor_loss": -372.2766059570312, "alpha_loss": -0.0006190404016524553, "alpha_value": 0.05151903635263443, "duration": 76.65692329406738, "step": 68000}
{"episode_reward": 964.0, "episode": 273.0, "batch_reward": 3.19171875, "critic_loss": 3.8706972160339355, "actor_loss": -372.5875676269531, "alpha_loss": 0.004161663556471467, "alpha_value": 0.05142182376980781, "duration": 76.61168766021729, "step": 68250}
{"episode_reward": 963.0, "episode": 274.0, "batch_reward": 3.1753125, "critic_loss": 3.8480201373100282, "actor_loss": -372.53635205078126, "alpha_loss": 0.004271306833252311, "alpha_value": 0.051169797867536546, "duration": 76.72401261329651, "step": 68500}
{"episode_reward": 990.0, "episode": 275.0, "batch_reward": 3.1783125, "critic_loss": 4.0489547710418705, "actor_loss": -372.97386279296876, "alpha_loss": 0.004430752051062882, "alpha_value": 0.05095167177915573, "duration": 76.57662677764893, "step": 68750}
{"episode_reward": 986.0, "episode": 276.0, "batch_reward": 3.1873125, "critic_loss": 3.6341319465637207, "actor_loss": -373.49051318359375, "alpha_loss": 0.004714518470689654, "alpha_value": 0.05071152800321579, "duration": 76.53448486328125, "step": 69000}
{"episode_reward": 962.0, "episode": 277.0, "batch_reward": 3.1686875, "critic_loss": 3.9063905863761903, "actor_loss": -373.6760412597656, "alpha_loss": 0.00301110618468374, "alpha_value": 0.0505120804309845, "duration": 76.696284532547, "step": 69250}
{"episode_reward": 963.0, "episode": 278.0, "batch_reward": 3.18603125, "critic_loss": 3.8459141578674316, "actor_loss": -374.0764309082031, "alpha_loss": 0.003452512672170997, "alpha_value": 0.050347862541675566, "duration": 76.65052366256714, "step": 69500}
{"episode_reward": 968.0, "episode": 279.0, "batch_reward": 3.20175, "critic_loss": 3.6929908318519593, "actor_loss": -374.7663879394531, "alpha_loss": 0.005382830697111786, "alpha_value": 0.05005559572577477, "duration": 76.74704003334045, "step": 69750}
{"episode_reward": 956.0, "episode": 280.0, "batch_reward": 3.19240625, "critic_loss": 3.782310417175293, "actor_loss": -374.7766669921875, "alpha_loss": 0.005047108119353652, "alpha_value": 0.04979654648900032, "duration": 76.6611967086792, "step": 70000}
{"episode_reward": 969.0, "episode": 281.0, "batch_reward": 3.1913125, "critic_loss": 3.6008365693092346, "actor_loss": -374.97667578125, "alpha_loss": 0.002643612693063915, "alpha_value": 0.04958131214976311, "duration": 88.45450115203857, "step": 70250}
{"episode_reward": 966.0, "episode": 282.0, "batch_reward": 3.20575, "critic_loss": 3.5917766041755677, "actor_loss": -375.6813156738281, "alpha_loss": 0.0028754389882087706, "alpha_value": 0.04942483404278755, "duration": 76.60521984100342, "step": 70500}
{"episode_reward": 1000.0, "episode": 283.0, "batch_reward": 3.19884375, "critic_loss": 3.6635848889350893, "actor_loss": -375.818326171875, "alpha_loss": 0.0021044037947431206, "alpha_value": 0.049270981162786484, "duration": 76.62993049621582, "step": 70750}
{"episode_reward": 986.0, "episode": 284.0, "batch_reward": 3.21721875, "critic_loss": 3.4480509400367736, "actor_loss": -376.23712548828127, "alpha_loss": 0.0053487963899970055, "alpha_value": 0.04909978231787682, "duration": 76.65004825592041, "step": 71000}
{"episode_reward": 959.0, "episode": 285.0, "batch_reward": 3.19425, "critic_loss": 3.6560160675048827, "actor_loss": -376.48152807617186, "alpha_loss": 0.004152444803155958, "alpha_value": 0.048868474423885346, "duration": 76.53945636749268, "step": 71250}
{"episode_reward": 965.0, "episode": 286.0, "batch_reward": 3.21915625, "critic_loss": 3.5468748178482055, "actor_loss": -376.7655827636719, "alpha_loss": 0.005646064199507236, "alpha_value": 0.04855827060341835, "duration": 76.74300909042358, "step": 71500}
{"episode_reward": 959.0, "episode": 287.0, "batch_reward": 3.21878125, "critic_loss": 3.8622656254768373, "actor_loss": -376.8429499511719, "alpha_loss": 0.003969750263728202, "alpha_value": 0.04826807850599289, "duration": 76.70429301261902, "step": 71750}
{"episode_reward": 985.0, "episode": 288.0, "batch_reward": 3.19625, "critic_loss": 3.8776168117523193, "actor_loss": -376.952650390625, "alpha_loss": 0.003321012773551047, "alpha_value": 0.048089463412761685, "duration": 76.62731671333313, "step": 72000}
{"episode_reward": 1000.0, "episode": 289.0, "batch_reward": 3.216375, "critic_loss": 3.590498671531677, "actor_loss": -377.15898510742187, "alpha_loss": 0.0032374217258766295, "alpha_value": 0.04789357036352158, "duration": 76.59503984451294, "step": 72250}
{"episode_reward": 997.0, "episode": 290.0, "batch_reward": 3.2133125, "critic_loss": 3.743849955558777, "actor_loss": -377.73578833007815, "alpha_loss": 0.0032625605566427114, "alpha_value": 0.04775262621045113, "duration": 76.54347586631775, "step": 72500}
{"episode_reward": 992.0, "episode": 291.0, "batch_reward": 3.20384375, "critic_loss": 3.759812430381775, "actor_loss": -377.65113598632814, "alpha_loss": 0.0032975658662617205, "alpha_value": 0.04757822048664093, "duration": 76.5773868560791, "step": 72750}
{"episode_reward": 967.0, "episode": 292.0, "batch_reward": 3.20090625, "critic_loss": 3.408470449447632, "actor_loss": -377.979111328125, "alpha_loss": 0.0024844092754647135, "alpha_value": 0.047417198061943056, "duration": 76.46066522598267, "step": 73000}
{"episode_reward": 971.0, "episode": 293.0, "batch_reward": 3.22615625, "critic_loss": 3.234485562324524, "actor_loss": -378.727654296875, "alpha_loss": 0.0037524905018508433, "alpha_value": 0.047226167529821395, "duration": 76.62690210342407, "step": 73250}
{"episode_reward": 971.0, "episode": 294.0, "batch_reward": 3.2338125, "critic_loss": 3.265095144748688, "actor_loss": -379.05711694335935, "alpha_loss": 0.005281333998776973, "alpha_value": 0.04697856369614601, "duration": 76.55788516998291, "step": 73500}
{"episode_reward": 963.0, "episode": 295.0, "batch_reward": 3.240875, "critic_loss": 3.1525970454216004, "actor_loss": -379.02432666015625, "alpha_loss": 0.004747686660848558, "alpha_value": 0.046712597906589506, "duration": 76.6543550491333, "step": 73750}
{"episode_reward": 978.0, "episode": 296.0, "batch_reward": 3.22625, "critic_loss": 3.1763714146614075, "actor_loss": -379.37482153320315, "alpha_loss": 0.007217977562919259, "alpha_value": 0.04639636179804802, "duration": 76.51926183700562, "step": 74000}
{"episode_reward": 982.0, "episode": 297.0, "batch_reward": 3.24946875, "critic_loss": 3.2190285639762877, "actor_loss": -379.71070751953124, "alpha_loss": 0.0039809710234403614, "alpha_value": 0.046106802850961685, "duration": 76.59313535690308, "step": 74250}
{"episode_reward": 978.0, "episode": 298.0, "batch_reward": 3.22446875, "critic_loss": 3.360977156162262, "actor_loss": -379.73347534179686, "alpha_loss": 0.0035463134218007325, "alpha_value": 0.04591685029864311, "duration": 76.69946312904358, "step": 74500}
{"episode_reward": 969.0, "episode": 299.0, "batch_reward": 3.23840625, "critic_loss": 3.0779973368644713, "actor_loss": -380.19161572265625, "alpha_loss": 0.006577025809790939, "alpha_value": 0.04566900297999382, "duration": 76.55759572982788, "step": 74750}
{"episode_reward": 967.0, "episode": 300.0, "batch_reward": 3.2343125, "critic_loss": 3.298850597858429, "actor_loss": -380.3996940917969, "alpha_loss": 0.00778979560174048, "alpha_value": 0.045259760290384296, "duration": 76.48946356773376, "step": 75000}
{"episode_reward": 977.0, "episode": 301.0, "batch_reward": 3.24678125, "critic_loss": 3.0966699299812315, "actor_loss": -380.49213598632815, "alpha_loss": 0.0053695872775278986, "alpha_value": 0.044935245871543884, "duration": 76.62892436981201, "step": 75250}
{"episode_reward": 995.0, "episode": 302.0, "batch_reward": 3.24703125, "critic_loss": 3.0957208981513977, "actor_loss": -380.7606494140625, "alpha_loss": 0.006604597406461835, "alpha_value": 0.04461269667744636, "duration": 76.6993134021759, "step": 75500}
{"episode_reward": 977.0, "episode": 303.0, "batch_reward": 3.25875, "critic_loss": 3.032866772174835, "actor_loss": -381.174181640625, "alpha_loss": 0.004711919041350484, "alpha_value": 0.04434010347723961, "duration": 76.54757046699524, "step": 75750}
{"episode_reward": 988.0, "episode": 304.0, "batch_reward": 3.26209375, "critic_loss": 3.096556190490723, "actor_loss": -381.27278784179686, "alpha_loss": 0.004315687004476786, "alpha_value": 0.044122492283582684, "duration": 76.67348432540894, "step": 76000}
{"episode_reward": 972.0, "episode": 305.0, "batch_reward": 3.26353125, "critic_loss": 3.115158756732941, "actor_loss": -381.68202197265623, "alpha_loss": 0.00276140595972538, "alpha_value": 0.043950640618801114, "duration": 76.66055464744568, "step": 76250}
{"episode_reward": 965.0, "episode": 306.0, "batch_reward": 3.24690625, "critic_loss": 2.910015956878662, "actor_loss": -381.6466125488281, "alpha_loss": 0.004540716405957938, "alpha_value": 0.04377100044488907, "duration": 76.49656081199646, "step": 76500}
{"episode_reward": 969.0, "episode": 307.0, "batch_reward": 3.2545625, "critic_loss": 2.9316668853759764, "actor_loss": -382.0092778320313, "alpha_loss": 0.004959309605881572, "alpha_value": 0.04352757325768471, "duration": 76.53212833404541, "step": 76750}
{"episode_reward": 957.0, "episode": 308.0, "batch_reward": 3.24853125, "critic_loss": 3.0773627800941465, "actor_loss": -381.7732082519531, "alpha_loss": 0.003766972144134343, "alpha_value": 0.043277870625257495, "duration": 76.63728189468384, "step": 77000}
{"episode_reward": 974.0, "episode": 309.0, "batch_reward": 3.2536875, "critic_loss": 2.9317865233421325, "actor_loss": -382.32197680664063, "alpha_loss": 0.0044608743013814095, "alpha_value": 0.04312135764956474, "duration": 76.6338369846344, "step": 77250}
{"episode_reward": 995.0, "episode": 310.0, "batch_reward": 3.282125, "critic_loss": 3.0103539485931394, "actor_loss": -382.62713110351564, "alpha_loss": 0.0054393225442618135, "alpha_value": 0.04281305837631225, "duration": 76.69113183021545, "step": 77500}
{"episode_reward": 971.0, "episode": 311.0, "batch_reward": 3.273, "critic_loss": 2.943170703411102, "actor_loss": -382.83011376953124, "alpha_loss": 0.004986093729734421, "alpha_value": 0.04258600702881813, "duration": 76.69043135643005, "step": 77750}
{"episode_reward": 976.0, "episode": 312.0, "batch_reward": 3.26871875, "critic_loss": 2.9662498965263366, "actor_loss": -383.095765625, "alpha_loss": 0.004243902740068734, "alpha_value": 0.042337142050266265, "duration": 76.72665619850159, "step": 78000}
{"episode_reward": 975.0, "episode": 313.0, "batch_reward": 3.2605625, "critic_loss": 2.8692067732810975, "actor_loss": -383.2454992675781, "alpha_loss": 0.004611213903408498, "alpha_value": 0.042107109934091565, "duration": 76.62197804450989, "step": 78250}
{"episode_reward": 985.0, "episode": 314.0, "batch_reward": 3.26571875, "critic_loss": 3.0610210638046267, "actor_loss": -383.15755786132814, "alpha_loss": 0.005769596293568611, "alpha_value": 0.041881747275590894, "duration": 76.67234253883362, "step": 78500}
{"episode_reward": 946.0, "episode": 315.0, "batch_reward": 3.266375, "critic_loss": 3.1298085017204285, "actor_loss": -383.3031943359375, "alpha_loss": 0.004922262771055103, "alpha_value": 0.04157443979382515, "duration": 76.71369171142578, "step": 78750}
{"episode_reward": 979.0, "episode": 316.0, "batch_reward": 3.27634375, "critic_loss": 3.2291723504066465, "actor_loss": -383.65694677734376, "alpha_loss": 0.0018208468528464437, "alpha_value": 0.041405287832021714, "duration": 76.60627436637878, "step": 79000}
{"episode_reward": 970.0, "episode": 317.0, "batch_reward": 3.28125, "critic_loss": 2.9831002678871155, "actor_loss": -383.7981496582031, "alpha_loss": 0.004075239655561745, "alpha_value": 0.04128503581881523, "duration": 76.62397813796997, "step": 79250}
{"episode_reward": 973.0, "episode": 318.0, "batch_reward": 3.27575, "critic_loss": 3.0265128645896913, "actor_loss": -383.71131176757814, "alpha_loss": 0.003807081992737949, "alpha_value": 0.04108781293034554, "duration": 76.80694508552551, "step": 79500}
{"episode_reward": 957.0, "episode": 319.0, "batch_reward": 3.28771875, "critic_loss": 3.047869639873505, "actor_loss": -384.0346149902344, "alpha_loss": 0.006362377334386111, "alpha_value": 0.040805858880281445, "duration": 76.75808262825012, "step": 79750}
{"episode_reward": 956.0, "episode": 320.0, "batch_reward": 3.28303125, "critic_loss": 2.916284942626953, "actor_loss": -384.33498999023436, "alpha_loss": 0.005194623931311071, "alpha_value": 0.04049937474727631, "duration": 76.59134459495544, "step": 80000}
