{"episode_reward": 0.0, "episode": 1.0, "duration": 13.877869606018066, "step": 250}
{"episode_reward": 3.0, "episode": 2.0, "duration": 0.6360538005828857, "step": 500}
{"episode_reward": 0.0, "episode": 3.0, "duration": 0.5969724655151367, "step": 750}
{"episode_reward": 0.0, "episode": 4.0, "duration": 0.59501051902771, "step": 1000}
{"episode_reward": 0.0, "episode": 5.0, "batch_reward": 0.0033964671737389913, "critic_loss": 0.006828950087559332, "actor_loss": -0.7432012336365498, "alpha_loss": 0.31673982987027893, "alpha_value": 0.09465730210825854, "duration": 436.72907543182373, "step": 1250}
{"episode_reward": 0.0, "episode": 6.0, "batch_reward": 0.00496875, "critic_loss": 0.016990715498046483, "actor_loss": -1.4458934202194214, "alpha_loss": 0.2990260727405548, "alpha_value": 0.0890530960559845, "duration": 83.29173517227173, "step": 1500}
{"episode_reward": 6.0, "episode": 7.0, "batch_reward": 0.00715625, "critic_loss": 0.03679369498114102, "actor_loss": -1.4294259605407715, "alpha_loss": 0.29562188029289244, "alpha_value": 0.08799845838546753, "duration": 82.95244073867798, "step": 1750}
{"episode_reward": 20.0, "episode": 8.0, "batch_reward": 0.0380625, "critic_loss": 0.19170724664069713, "actor_loss": -1.4221205062866211, "alpha_loss": 0.29120477056503297, "alpha_value": 0.08696124845743179, "duration": 83.04102611541748, "step": 2000}
{"episode_reward": 55.0, "episode": 9.0, "batch_reward": 0.0359375, "critic_loss": 0.23190256593562664, "actor_loss": -1.4446361064910889, "alpha_loss": 0.28777953243255616, "alpha_value": 0.08594172942638398, "duration": 82.91062998771667, "step": 2250}
{"episode_reward": 24.0, "episode": 10.0, "batch_reward": 0.063, "critic_loss": 0.40994766642153263, "actor_loss": -1.6188669862747191, "alpha_loss": 0.28297813296318053, "alpha_value": 0.08493815171718598, "duration": 82.80786037445068, "step": 2500}
{"episode_reward": 87.0, "episode": 11.0, "batch_reward": 0.07134375, "critic_loss": 0.6224728501737118, "actor_loss": -1.7367539558410645, "alpha_loss": 0.27660165524482727, "alpha_value": 0.08395816874504089, "duration": 82.72084379196167, "step": 2750}
{"episode_reward": 6.0, "episode": 12.0, "batch_reward": 0.0756875, "critic_loss": 0.7171151623278856, "actor_loss": -1.8904862155914306, "alpha_loss": 0.26908680486679076, "alpha_value": 0.08300038987398148, "duration": 83.04812693595886, "step": 3000}
{"episode_reward": 24.0, "episode": 13.0, "batch_reward": 0.07184375, "critic_loss": 0.8703403568565845, "actor_loss": -2.002534101486206, "alpha_loss": 0.2587547266483307, "alpha_value": 0.08207241344451904, "duration": 83.28704380989075, "step": 3250}
{"episode_reward": 0.0, "episode": 14.0, "batch_reward": 0.07571875, "critic_loss": 0.9472683611810208, "actor_loss": -2.1636153564453124, "alpha_loss": 0.24914159107208253, "alpha_value": 0.08117832899093629, "duration": 83.22366380691528, "step": 3500}
{"episode_reward": 157.0, "episode": 15.0, "batch_reward": 0.12040625, "critic_loss": 1.2643897695541382, "actor_loss": -2.3695869636535645, "alpha_loss": 0.23729908394813537, "alpha_value": 0.08031760632991791, "duration": 83.07348847389221, "step": 3750}
{"episode_reward": 110.0, "episode": 16.0, "batch_reward": 0.12846875, "critic_loss": 1.5443120576143265, "actor_loss": -2.531737697601318, "alpha_loss": 0.2221100730895996, "alpha_value": 0.07948747766017913, "duration": 82.80768752098083, "step": 4000}
{"episode_reward": 27.0, "episode": 17.0, "batch_reward": 0.124125, "critic_loss": 1.7773403306007385, "actor_loss": -2.72675719833374, "alpha_loss": 0.20301474010944368, "alpha_value": 0.0787166057229042, "duration": 82.6333270072937, "step": 4250}
{"episode_reward": 14.0, "episode": 18.0, "batch_reward": 0.12059375, "critic_loss": 2.1256757502555845, "actor_loss": -2.9836971321105956, "alpha_loss": 0.18783373081684113, "alpha_value": 0.07799235296249389, "duration": 82.69347405433655, "step": 4500}
{"episode_reward": 0.0, "episode": 19.0, "batch_reward": 0.1155, "critic_loss": 2.5833170402050016, "actor_loss": -3.293993310928345, "alpha_loss": 0.1714625129699707, "alpha_value": 0.07730995494127274, "duration": 83.19127607345581, "step": 4750}
{"episode_reward": 0.0, "episode": 20.0, "batch_reward": 0.12246875, "critic_loss": 3.4091556789875033, "actor_loss": -3.6688425216674805, "alpha_loss": 0.15570715379714967, "alpha_value": 0.076673171043396, "duration": 83.25665879249573, "step": 5000}
{"episode_reward": 141.0, "episode": 21.0, "batch_reward": 0.135375, "critic_loss": 3.722266356229782, "actor_loss": -4.1516018371582035, "alpha_loss": 0.13555932211875915, "alpha_value": 0.07609884411096574, "duration": 83.148592710495, "step": 5250}
{"episode_reward": 38.0, "episode": 22.0, "batch_reward": 0.13878125, "critic_loss": 4.15141359949112, "actor_loss": -4.594242309570313, "alpha_loss": 0.12245971012115478, "alpha_value": 0.07555756664276123, "duration": 83.16990160942078, "step": 5500}
{"episode_reward": 5.0, "episode": 23.0, "batch_reward": 0.143625, "critic_loss": 4.47254950761795, "actor_loss": -4.884661212921142, "alpha_loss": 0.11875693970918655, "alpha_value": 0.07503551083803177, "duration": 82.66078233718872, "step": 5750}
{"episode_reward": 104.0, "episode": 24.0, "batch_reward": 0.1430625, "critic_loss": 4.956889882087707, "actor_loss": -5.35788752746582, "alpha_loss": 0.11811644065380096, "alpha_value": 0.07451086729764939, "duration": 82.84319710731506, "step": 6000}
{"episode_reward": 66.0, "episode": 25.0, "batch_reward": 0.1691875, "critic_loss": 6.172119244575501, "actor_loss": -6.00090571975708, "alpha_loss": 0.11485394132137298, "alpha_value": 0.07396183699369431, "duration": 83.2874813079834, "step": 6250}
{"episode_reward": 294.0, "episode": 26.0, "batch_reward": 0.18396875, "critic_loss": 6.160761235237121, "actor_loss": -6.464446159362793, "alpha_loss": 0.1029997609257698, "alpha_value": 0.07344018852710724, "duration": 83.25537824630737, "step": 6500}
{"episode_reward": 124.0, "episode": 27.0, "batch_reward": 0.202125, "critic_loss": 6.5290500335693356, "actor_loss": -7.018167778015137, "alpha_loss": 0.08858363109827042, "alpha_value": 0.07296725165843963, "duration": 82.68328785896301, "step": 6750}
{"episode_reward": 36.0, "episode": 28.0, "batch_reward": 0.19121875, "critic_loss": 6.707584273338318, "actor_loss": -7.560238040924072, "alpha_loss": 0.0836156266629696, "alpha_value": 0.0725112818479538, "duration": 82.75674486160278, "step": 7000}
{"episode_reward": 0.0, "episode": 29.0, "batch_reward": 0.19359375, "critic_loss": 7.231907356262207, "actor_loss": -8.0986809425354, "alpha_loss": 0.08252660992741585, "alpha_value": 0.07207022273540496, "duration": 82.60965061187744, "step": 7250}
{"episode_reward": 43.0, "episode": 30.0, "batch_reward": 0.188, "critic_loss": 7.8129755859375, "actor_loss": -8.680784362792968, "alpha_loss": 0.0849471102654934, "alpha_value": 0.07158847564458846, "duration": 82.90475392341614, "step": 7500}
{"episode_reward": 9.0, "episode": 31.0, "batch_reward": 0.18846875, "critic_loss": 8.65461988544464, "actor_loss": -9.450987197875977, "alpha_loss": 0.07835932597517967, "alpha_value": 0.07110922157764435, "duration": 82.50968194007874, "step": 7750}
{"episode_reward": 53.0, "episode": 32.0, "batch_reward": 0.1865, "critic_loss": 8.84491810798645, "actor_loss": -9.924853885650634, "alpha_loss": 0.08076119214296341, "alpha_value": 0.07062671488523484, "duration": 82.80498266220093, "step": 8000}
{"episode_reward": 68.0, "episode": 33.0, "batch_reward": 0.1963125, "critic_loss": 10.798312952041625, "actor_loss": -10.341788803100586, "alpha_loss": 0.06914424290321768, "alpha_value": 0.07014417684078217, "duration": 83.16986966133118, "step": 8250}
{"episode_reward": 186.0, "episode": 34.0, "batch_reward": 0.2156875, "critic_loss": 9.486409316062927, "actor_loss": -10.898466163635254, "alpha_loss": 0.0647934827581048, "alpha_value": 0.06971754688024522, "duration": 83.00248527526855, "step": 8500}
{"episode_reward": 402.0, "episode": 35.0, "batch_reward": 0.26034375, "critic_loss": 9.763868179321289, "actor_loss": -11.4829732131958, "alpha_loss": 0.05845515565574169, "alpha_value": 0.069282730281353, "duration": 83.33054757118225, "step": 8750}
{"episode_reward": 333.0, "episode": 36.0, "batch_reward": 0.2680625, "critic_loss": 9.730581604003905, "actor_loss": -12.300633056640624, "alpha_loss": 0.04883360908739269, "alpha_value": 0.06890872156620026, "duration": 83.2876033782959, "step": 9000}
{"episode_reward": 0.0, "episode": 37.0, "batch_reward": 0.2888125, "critic_loss": 10.21488636779785, "actor_loss": -13.06483618927002, "alpha_loss": 0.04085389691591263, "alpha_value": 0.06857653957605361, "duration": 82.55248165130615, "step": 9250}
{"episode_reward": 628.0, "episode": 38.0, "batch_reward": 0.32234375, "critic_loss": 10.406468088150024, "actor_loss": -14.046793983459473, "alpha_loss": 0.036890664130449294, "alpha_value": 0.06827325159311294, "duration": 82.59362411499023, "step": 9500}
{"episode_reward": 42.0, "episode": 39.0, "batch_reward": 0.33240625, "critic_loss": 10.983275018692016, "actor_loss": -15.02802433013916, "alpha_loss": 0.02989224405772984, "alpha_value": 0.06800503605604172, "duration": 83.121089220047, "step": 9750}
{"episode_reward": 32.0, "episode": 40.0, "batch_reward": 0.31675, "critic_loss": 11.504461854934693, "actor_loss": -15.754000556945801, "alpha_loss": 0.02819163544103503, "alpha_value": 0.06775723761320114, "duration": 2817.2792978286743, "step": 10000}
{"episode_reward": 0.0, "episode": 41.0, "batch_reward": 0.3151875, "critic_loss": 12.860224321365356, "actor_loss": -16.753991821289063, "alpha_loss": 0.021687464164569972, "alpha_value": 0.06749771296977997, "duration": 101.23090434074402, "step": 10250}
{"episode_reward": 38.0, "episode": 42.0, "batch_reward": 0.30078125, "critic_loss": 13.887071033477783, "actor_loss": -17.685351692199706, "alpha_loss": 0.018058655766770244, "alpha_value": 0.06732414644956589, "duration": 82.07120513916016, "step": 10500}
{"episode_reward": 17.0, "episode": 43.0, "batch_reward": 0.309, "critic_loss": 14.219756011962891, "actor_loss": -18.456807510375977, "alpha_loss": 0.022031798865646122, "alpha_value": 0.06712964165210723, "duration": 82.35730409622192, "step": 10750}
{"episode_reward": 159.0, "episode": 44.0, "batch_reward": 0.32034375, "critic_loss": 14.468933895111084, "actor_loss": -19.569909088134764, "alpha_loss": 0.03176530150789768, "alpha_value": 0.06683952242136001, "duration": 82.1189832687378, "step": 11000}
{"episode_reward": 0.0, "episode": 45.0, "batch_reward": 0.29446875, "critic_loss": 14.311997798919677, "actor_loss": -19.921356033325196, "alpha_loss": 0.03039626866579056, "alpha_value": 0.06650218725204468, "duration": 82.33018040657043, "step": 11250}
{"episode_reward": 173.0, "episode": 46.0, "batch_reward": 0.29865625, "critic_loss": 14.039812187194824, "actor_loss": -20.758275314331055, "alpha_loss": 0.03398049995861947, "alpha_value": 0.06611520850658417, "duration": 82.42862296104431, "step": 11500}
{"episode_reward": 0.0, "episode": 47.0, "batch_reward": 0.30434375, "critic_loss": 14.458269933700562, "actor_loss": -21.63985629272461, "alpha_loss": 0.036251778710633516, "alpha_value": 0.06568565744161606, "duration": 81.97842335700989, "step": 11750}
{"episode_reward": 96.0, "episode": 48.0, "batch_reward": 0.3113125, "critic_loss": 13.300200407028198, "actor_loss": -22.238534301757813, "alpha_loss": 0.03153422909975052, "alpha_value": 0.06525928455591201, "duration": 82.42645454406738, "step": 12000}
{"episode_reward": 48.0, "episode": 49.0, "batch_reward": 0.308, "critic_loss": 13.250247100830078, "actor_loss": -22.532803817749024, "alpha_loss": 0.03192762747779489, "alpha_value": 0.06483136552572251, "duration": 82.45684576034546, "step": 12250}
{"episode_reward": 110.0, "episode": 50.0, "batch_reward": 0.30590625, "critic_loss": 13.725232475280762, "actor_loss": -23.37281736755371, "alpha_loss": 0.03052772041223943, "alpha_value": 0.06440605705976486, "duration": 82.23133277893066, "step": 12500}
{"episode_reward": 1.0, "episode": 51.0, "batch_reward": 0.3196875, "critic_loss": 15.69003787612915, "actor_loss": -24.01602716064453, "alpha_loss": 0.020715226022526623, "alpha_value": 0.06405655580759048, "duration": 82.6953477859497, "step": 12750}
{"episode_reward": 303.0, "episode": 52.0, "batch_reward": 0.32409375, "critic_loss": 14.208658935546875, "actor_loss": -25.121598556518556, "alpha_loss": 0.012820952165871858, "alpha_value": 0.06381825643777847, "duration": 82.23382377624512, "step": 13000}
{"episode_reward": 72.0, "episode": 53.0, "batch_reward": 0.3234375, "critic_loss": 14.469306076049804, "actor_loss": -25.69508740234375, "alpha_loss": 0.018394138399511574, "alpha_value": 0.06358452111482621, "duration": 82.71864318847656, "step": 13250}
{"episode_reward": 63.0, "episode": 54.0, "batch_reward": 0.31109375, "critic_loss": 14.83474005317688, "actor_loss": -26.211628189086912, "alpha_loss": 0.019392533464357257, "alpha_value": 0.06325444656610489, "duration": 82.47168350219727, "step": 13500}
{"episode_reward": 0.0, "episode": 55.0, "batch_reward": 0.32871875, "critic_loss": 16.969041843414306, "actor_loss": -27.10725637817383, "alpha_loss": 0.017963283468037845, "alpha_value": 0.06295001471042633, "duration": 82.5777657032013, "step": 13750}
{"episode_reward": 254.0, "episode": 56.0, "batch_reward": 0.32521875, "critic_loss": 18.551174648284913, "actor_loss": -28.38735350036621, "alpha_loss": 0.018270485350862144, "alpha_value": 0.06261988791823388, "duration": 82.29555869102478, "step": 14000}
{"episode_reward": 123.0, "episode": 57.0, "batch_reward": 0.32484375, "critic_loss": 17.209960258483886, "actor_loss": -28.540202697753905, "alpha_loss": 0.014607511170208453, "alpha_value": 0.06233269754052162, "duration": 82.59879422187805, "step": 14250}
{"episode_reward": 117.0, "episode": 58.0, "batch_reward": 0.333625, "critic_loss": 17.43001557922363, "actor_loss": -29.01321385192871, "alpha_loss": 0.014516436538659036, "alpha_value": 0.06207737162709236, "duration": 81.85803127288818, "step": 14500}
{"episode_reward": 255.0, "episode": 59.0, "batch_reward": 0.3709375, "critic_loss": 18.04526708984375, "actor_loss": -30.314528915405273, "alpha_loss": 0.008178190185688435, "alpha_value": 0.06182856783270836, "duration": 82.37396931648254, "step": 14750}
{"episode_reward": 704.0, "episode": 60.0, "batch_reward": 0.4024375, "critic_loss": 17.81125955581665, "actor_loss": -32.13502603149414, "alpha_loss": 0.005548476330004632, "alpha_value": 0.06169332775473595, "duration": 82.62709355354309, "step": 15000}
{"episode_reward": 937.0, "episode": 61.0, "batch_reward": 0.44821875, "critic_loss": 16.823582504272462, "actor_loss": -33.56547676086426, "alpha_loss": -0.0009112175442278385, "alpha_value": 0.061633323311805724, "duration": 82.7359778881073, "step": 15250}
{"episode_reward": 828.0, "episode": 62.0, "batch_reward": 0.48003125, "critic_loss": 17.807313117980957, "actor_loss": -34.74900028991699, "alpha_loss": -0.0001107227373868227, "alpha_value": 0.06165167489647865, "duration": 82.6515862941742, "step": 15500}
{"episode_reward": 7.0, "episode": 63.0, "batch_reward": 0.48484375, "critic_loss": 19.93300269317627, "actor_loss": -36.04621713256836, "alpha_loss": -0.006610208051744848, "alpha_value": 0.06171281328797341, "duration": 82.78468489646912, "step": 15750}
{"episode_reward": 155.0, "episode": 64.0, "batch_reward": 0.47309375, "critic_loss": 20.15791630935669, "actor_loss": -37.72462443542481, "alpha_loss": -0.010504363765008748, "alpha_value": 0.0619425440132618, "duration": 82.64492082595825, "step": 16000}
{"episode_reward": 0.0, "episode": 65.0, "batch_reward": 0.47259375, "critic_loss": 19.639993209838867, "actor_loss": -39.06632800292969, "alpha_loss": -0.00954237118922174, "alpha_value": 0.06222225597500801, "duration": 82.70187973976135, "step": 16250}
{"episode_reward": 47.0, "episode": 66.0, "batch_reward": 0.499875, "critic_loss": 19.394951992034912, "actor_loss": -40.550771423339846, "alpha_loss": -0.0023022313239052894, "alpha_value": 0.06235828742384911, "duration": 82.68129467964172, "step": 16500}
{"episode_reward": 649.0, "episode": 67.0, "batch_reward": 0.52184375, "critic_loss": 23.344154708862305, "actor_loss": -41.848145751953126, "alpha_loss": -0.007858114981092512, "alpha_value": 0.06249171596765518, "duration": 82.54655981063843, "step": 16750}
{"episode_reward": 850.0, "episode": 68.0, "batch_reward": 0.5295, "critic_loss": 23.13151850128174, "actor_loss": -42.946516571044924, "alpha_loss": -0.013010731220245361, "alpha_value": 0.06288735741376877, "duration": 82.55338501930237, "step": 17000}
{"episode_reward": 27.0, "episode": 69.0, "batch_reward": 0.550875, "critic_loss": 22.167297863006592, "actor_loss": -43.974405090332034, "alpha_loss": -0.004135777583345771, "alpha_value": 0.06313450169563294, "duration": 82.734858751297, "step": 17250}
{"episode_reward": 695.0, "episode": 70.0, "batch_reward": 0.57640625, "critic_loss": 22.00707541656494, "actor_loss": -45.51985073852539, "alpha_loss": -0.0026439279420301318, "alpha_value": 0.0632161580324173, "duration": 82.67697620391846, "step": 17500}
{"episode_reward": 555.0, "episode": 71.0, "batch_reward": 0.617125, "critic_loss": 24.69849263381958, "actor_loss": -46.79893466186523, "alpha_loss": -0.006923271639272571, "alpha_value": 0.06336451750993728, "duration": 82.30708932876587, "step": 17750}
{"episode_reward": 767.0, "episode": 72.0, "batch_reward": 0.6239375, "critic_loss": 25.874456024169923, "actor_loss": -48.20314321899414, "alpha_loss": -0.009403089847415686, "alpha_value": 0.06367160034179688, "duration": 82.2418622970581, "step": 18000}
{"episode_reward": 15.0, "episode": 73.0, "batch_reward": 0.61209375, "critic_loss": 27.78640327835083, "actor_loss": -50.49788952636719, "alpha_loss": -0.016844751946628093, "alpha_value": 0.06415556395053863, "duration": 82.87425756454468, "step": 18250}
{"episode_reward": 0.0, "episode": 74.0, "batch_reward": 0.616875, "critic_loss": 26.328905017852783, "actor_loss": -51.39938201904297, "alpha_loss": -0.013301724411547184, "alpha_value": 0.06471810108423233, "duration": 82.6002254486084, "step": 18500}
{"episode_reward": 10.0, "episode": 75.0, "batch_reward": 0.59559375, "critic_loss": 26.749738662719725, "actor_loss": -51.09116003417969, "alpha_loss": -0.013860245214775205, "alpha_value": 0.0652250549197197, "duration": 82.96478819847107, "step": 18750}
{"episode_reward": 0.0, "episode": 76.0, "batch_reward": 0.58934375, "critic_loss": 26.826343227386474, "actor_loss": -52.479817291259764, "alpha_loss": -0.012211078934371471, "alpha_value": 0.06573623114824295, "duration": 82.70334076881409, "step": 19000}
{"episode_reward": 11.0, "episode": 77.0, "batch_reward": 0.59, "critic_loss": 29.417019470214843, "actor_loss": -52.86446987915039, "alpha_loss": -0.01402869772259146, "alpha_value": 0.06625116223096847, "duration": 82.73721385002136, "step": 19250}
{"episode_reward": 241.0, "episode": 78.0, "batch_reward": 0.5915625, "critic_loss": 31.951100643157957, "actor_loss": -53.812614593505856, "alpha_loss": -0.022838620571419596, "alpha_value": 0.06694612246751785, "duration": 82.9602210521698, "step": 19500}
{"episode_reward": 185.0, "episode": 79.0, "batch_reward": 0.59946875, "critic_loss": 31.305753692626954, "actor_loss": -54.81647467041016, "alpha_loss": -0.02784780606627464, "alpha_value": 0.06788852298259736, "duration": 82.99091792106628, "step": 19750}
{"episode_reward": 0.0, "episode": 80.0, "batch_reward": 0.58603125, "critic_loss": 29.49243529510498, "actor_loss": -55.722771911621095, "alpha_loss": -0.02612181453593075, "alpha_value": 0.06894853448867798, "duration": 82.86900019645691, "step": 20000}
{"episode_reward": 11.0, "episode": 81.0, "batch_reward": 0.5676875, "critic_loss": 29.103426429748534, "actor_loss": -56.28500970458985, "alpha_loss": -0.027573884701356292, "alpha_value": 0.06991157591342927, "duration": 95.29997134208679, "step": 20250}
{"episode_reward": 175.0, "episode": 82.0, "batch_reward": 0.58615625, "critic_loss": 30.527726207733153, "actor_loss": -56.96347012329102, "alpha_loss": -0.019327762296423315, "alpha_value": 0.07070242202281952, "duration": 81.96499466896057, "step": 20500}
{"episode_reward": 711.0, "episode": 83.0, "batch_reward": 0.63128125, "critic_loss": 31.643499408721922, "actor_loss": -59.30060504150391, "alpha_loss": -0.022495383612811566, "alpha_value": 0.07145076674222946, "duration": 82.24803233146667, "step": 20750}
{"episode_reward": 946.0, "episode": 84.0, "batch_reward": 0.6493125, "critic_loss": 30.288647380828856, "actor_loss": -60.65586947631836, "alpha_loss": -0.026978284291923046, "alpha_value": 0.07235530185699462, "duration": 82.58618998527527, "step": 21000}
{"episode_reward": 24.0, "episode": 85.0, "batch_reward": 0.64584375, "critic_loss": 34.111431118011474, "actor_loss": -62.337307250976565, "alpha_loss": -0.026589328849688173, "alpha_value": 0.07328447592258454, "duration": 82.28589797019958, "step": 21250}
{"episode_reward": 0.0, "episode": 86.0, "batch_reward": 0.6399375, "critic_loss": 33.48388677978516, "actor_loss": -63.91326965332031, "alpha_loss": -0.021155755201354622, "alpha_value": 0.07411788690090179, "duration": 82.53758454322815, "step": 21500}
{"episode_reward": 17.0, "episode": 87.0, "batch_reward": 0.6156875, "critic_loss": 32.63284435272217, "actor_loss": -64.33142672729493, "alpha_loss": -0.020983851805329322, "alpha_value": 0.07484826743602753, "duration": 82.47326898574829, "step": 21750}
{"episode_reward": 42.0, "episode": 88.0, "batch_reward": 0.661125, "critic_loss": 32.92326648712158, "actor_loss": -65.88939282226562, "alpha_loss": -0.019185437630861998, "alpha_value": 0.07554594552516937, "duration": 83.09475493431091, "step": 22000}
{"episode_reward": 944.0, "episode": 89.0, "batch_reward": 0.6529375, "critic_loss": 34.808763206481935, "actor_loss": -68.68275598144531, "alpha_loss": -0.015971856404095888, "alpha_value": 0.0761908700466156, "duration": 83.14965510368347, "step": 22250}
{"episode_reward": 0.0, "episode": 90.0, "batch_reward": 0.651, "critic_loss": 33.645593521118165, "actor_loss": -69.12907556152344, "alpha_loss": -0.01056533404160291, "alpha_value": 0.07669500005245208, "duration": 83.17826533317566, "step": 22500}
{"episode_reward": 56.0, "episode": 91.0, "batch_reward": 0.64225, "critic_loss": 35.87283037948608, "actor_loss": -68.90549569702148, "alpha_loss": -0.010243557302281261, "alpha_value": 0.07704264432191849, "duration": 83.22609329223633, "step": 22750}
{"episode_reward": 0.0, "episode": 92.0, "batch_reward": 0.6499375, "critic_loss": 36.506422073364256, "actor_loss": -70.95458642578124, "alpha_loss": -0.004525598555803299, "alpha_value": 0.0773877489566803, "duration": 82.89862370491028, "step": 23000}
{"episode_reward": 352.0, "episode": 93.0, "batch_reward": 0.6618125, "critic_loss": 36.895378532409666, "actor_loss": -72.64457376098633, "alpha_loss": -0.006225163095630705, "alpha_value": 0.07758130997419357, "duration": 83.01049494743347, "step": 23250}
{"episode_reward": 943.0, "episode": 94.0, "batch_reward": 0.68940625, "critic_loss": 35.56608646392822, "actor_loss": -72.93559561157227, "alpha_loss": 0.000965266709215939, "alpha_value": 0.07768342041969299, "duration": 83.34898066520691, "step": 23500}
{"episode_reward": 62.0, "episode": 95.0, "batch_reward": 0.68403125, "critic_loss": 34.52435531616211, "actor_loss": -74.42078384399414, "alpha_loss": -0.0010459557734429836, "alpha_value": 0.07766005909442901, "duration": 82.96678376197815, "step": 23750}
{"episode_reward": 25.0, "episode": 96.0, "batch_reward": 0.6956875, "critic_loss": 33.70316334533691, "actor_loss": -74.73558764648438, "alpha_loss": 0.003999958393163979, "alpha_value": 0.07764377510547638, "duration": 83.02600336074829, "step": 24000}
{"episode_reward": 940.0, "episode": 97.0, "batch_reward": 0.70865625, "critic_loss": 33.78815344619751, "actor_loss": -75.58742858886718, "alpha_loss": 0.002355073383077979, "alpha_value": 0.07746492475271224, "duration": 83.14097285270691, "step": 24250}
{"episode_reward": 22.0, "episode": 98.0, "batch_reward": 0.6945, "critic_loss": 32.79107852554321, "actor_loss": -76.30851989746094, "alpha_loss": -0.0010221852660179138, "alpha_value": 0.07741578900814057, "duration": 83.11369204521179, "step": 24500}
{"episode_reward": 514.0, "episode": 99.0, "batch_reward": 0.6999375, "critic_loss": 32.58485768508911, "actor_loss": -77.7131453857422, "alpha_loss": 0.0020199004132300615, "alpha_value": 0.07744668883085251, "duration": 82.91340208053589, "step": 24750}
{"episode_reward": 40.0, "episode": 100.0, "batch_reward": 0.69921875, "critic_loss": 31.977969028472902, "actor_loss": -78.16735278320313, "alpha_loss": 0.0017910927068442105, "alpha_value": 0.07734810304641723, "duration": 83.26869368553162, "step": 25000}
{"episode_reward": 40.0, "episode": 101.0, "batch_reward": 0.7108125, "critic_loss": 34.29500856018066, "actor_loss": -79.1393662109375, "alpha_loss": 0.0012592608630657197, "alpha_value": 0.07721170800924301, "duration": 82.82399892807007, "step": 25250}
{"episode_reward": 32.0, "episode": 102.0, "batch_reward": 0.6875, "critic_loss": 36.24654518890381, "actor_loss": -79.78931323242188, "alpha_loss": -0.0009093954851850867, "alpha_value": 0.07724622064828873, "duration": 83.20993542671204, "step": 25500}
{"episode_reward": 4.0, "episode": 103.0, "batch_reward": 0.71853125, "critic_loss": 34.6571096496582, "actor_loss": -81.90412097167969, "alpha_loss": 0.0019707280239090325, "alpha_value": 0.07719090455770493, "duration": 83.0093457698822, "step": 25750}
{"episode_reward": 969.0, "episode": 104.0, "batch_reward": 0.71078125, "critic_loss": 33.2214605178833, "actor_loss": -81.62297192382813, "alpha_loss": 0.0016268697306513786, "alpha_value": 0.0770577448606491, "duration": 82.92502975463867, "step": 26000}
{"episode_reward": 0.0, "episode": 105.0, "batch_reward": 0.71275, "critic_loss": 34.247166946411134, "actor_loss": -82.97183483886718, "alpha_loss": 0.0030409225262701513, "alpha_value": 0.07702973580360413, "duration": 83.27933549880981, "step": 26250}
{"episode_reward": 57.0, "episode": 106.0, "batch_reward": 0.7265625, "critic_loss": 34.78741535949707, "actor_loss": -84.6348359375, "alpha_loss": -0.0007718296237289906, "alpha_value": 0.07688105952739716, "duration": 83.15072774887085, "step": 26500}
{"episode_reward": 841.0, "episode": 107.0, "batch_reward": 0.733125, "critic_loss": 35.50656495666504, "actor_loss": -85.6230855102539, "alpha_loss": 0.0013478842368349433, "alpha_value": 0.07688822722434997, "duration": 83.23960137367249, "step": 26750}
{"episode_reward": 16.0, "episode": 108.0, "batch_reward": 0.7223125, "critic_loss": 33.57456488418579, "actor_loss": -85.55183111572265, "alpha_loss": 0.00017084661312401296, "alpha_value": 0.07689592838287354, "duration": 83.23256945610046, "step": 27000}
{"episode_reward": 2.0, "episode": 109.0, "batch_reward": 0.72775, "critic_loss": 32.097521865844726, "actor_loss": -86.97263848876953, "alpha_loss": 8.623727783560753e-05, "alpha_value": 0.07685006123781205, "duration": 83.25742292404175, "step": 27250}
{"episode_reward": 983.0, "episode": 110.0, "batch_reward": 0.76003125, "critic_loss": 31.04770141220093, "actor_loss": -88.66330908203125, "alpha_loss": -0.004052845128811896, "alpha_value": 0.0769853984117508, "duration": 83.38673400878906, "step": 27500}
{"episode_reward": 0.0, "episode": 111.0, "batch_reward": 0.7656875, "critic_loss": 33.044504081726075, "actor_loss": -90.78112518310547, "alpha_loss": 0.0008409924823790789, "alpha_value": 0.07709036797285079, "duration": 83.19008088111877, "step": 27750}
{"episode_reward": 456.0, "episode": 112.0, "batch_reward": 0.7480625, "critic_loss": 41.219704872131345, "actor_loss": -90.83798107910157, "alpha_loss": 0.0028578343484550713, "alpha_value": 0.07695774191617966, "duration": 83.17521691322327, "step": 28000}
{"episode_reward": 8.0, "episode": 113.0, "batch_reward": 0.72915625, "critic_loss": 39.677273727416996, "actor_loss": -90.68452154541015, "alpha_loss": -0.0026884547024965287, "alpha_value": 0.07690177929401398, "duration": 83.19076704978943, "step": 28250}
{"episode_reward": 233.0, "episode": 114.0, "batch_reward": 0.75096875, "critic_loss": 41.75549024963379, "actor_loss": -90.4876470336914, "alpha_loss": -1.719839870929718e-06, "alpha_value": 0.07705968159437179, "duration": 82.96695446968079, "step": 28500}
{"episode_reward": 52.0, "episode": 115.0, "batch_reward": 0.73878125, "critic_loss": 35.95087696838379, "actor_loss": -90.61264501953124, "alpha_loss": -0.0018716882914304733, "alpha_value": 0.0770995551943779, "duration": 83.17917537689209, "step": 28750}
{"episode_reward": 657.0, "episode": 116.0, "batch_reward": 0.758375, "critic_loss": 37.217053619384764, "actor_loss": -91.94339147949219, "alpha_loss": 0.004891662148758769, "alpha_value": 0.07703224194049835, "duration": 82.25215744972229, "step": 29000}
{"episode_reward": 140.0, "episode": 117.0, "batch_reward": 0.7523125, "critic_loss": 36.621428703308105, "actor_loss": -91.3029169921875, "alpha_loss": 0.008593369833193719, "alpha_value": 0.07658742731809616, "duration": 83.05068850517273, "step": 29250}
{"episode_reward": 101.0, "episode": 118.0, "batch_reward": 0.76740625, "critic_loss": 49.52980428695679, "actor_loss": -91.96462542724609, "alpha_loss": 0.003034023595973849, "alpha_value": 0.07622784996032715, "duration": 83.3128662109375, "step": 29500}
{"episode_reward": 793.0, "episode": 119.0, "batch_reward": 0.77209375, "critic_loss": 43.55354570770264, "actor_loss": -91.08794616699218, "alpha_loss": 0.007543862551450729, "alpha_value": 0.0760172655582428, "duration": 82.69138646125793, "step": 29750}
{"episode_reward": 45.0, "episode": 120.0, "batch_reward": 0.76865625, "critic_loss": 47.167916366577145, "actor_loss": -90.99008087158204, "alpha_loss": 0.014619986813515425, "alpha_value": 0.07536827290058136, "duration": 82.93965697288513, "step": 30000}
{"episode_reward": 13.0, "episode": 121.0, "batch_reward": 0.75940625, "critic_loss": 40.41966354370117, "actor_loss": -92.39816107177734, "alpha_loss": 0.011303315843455494, "alpha_value": 0.07466299867630005, "duration": 95.06925749778748, "step": 30250}
{"episode_reward": 44.0, "episode": 122.0, "batch_reward": 0.76453125, "critic_loss": 39.77775730133057, "actor_loss": -94.13726947021485, "alpha_loss": 0.0044756336221471425, "alpha_value": 0.07417025357484817, "duration": 82.29670572280884, "step": 30500}
{"episode_reward": 757.0, "episode": 123.0, "batch_reward": 0.77109375, "critic_loss": 35.367872413635254, "actor_loss": -94.98437634277344, "alpha_loss": -0.00477215164154768, "alpha_value": 0.07434605878591538, "duration": 82.31428742408752, "step": 30750}
{"episode_reward": 317.0, "episode": 124.0, "batch_reward": 0.78609375, "critic_loss": 44.68918268585205, "actor_loss": -96.54275915527344, "alpha_loss": -0.007335491808131337, "alpha_value": 0.07455122321844102, "duration": 82.71056747436523, "step": 31000}
{"episode_reward": 123.0, "episode": 125.0, "batch_reward": 0.77784375, "critic_loss": 42.345017555236815, "actor_loss": -96.25764727783204, "alpha_loss": -0.009455626208335162, "alpha_value": 0.07497094124555588, "duration": 81.7757580280304, "step": 31250}
{"episode_reward": 212.0, "episode": 126.0, "batch_reward": 0.78190625, "critic_loss": 40.69303728485107, "actor_loss": -97.69296966552734, "alpha_loss": -0.015425625785253942, "alpha_value": 0.07570733737945556, "duration": 82.51639199256897, "step": 31500}
{"episode_reward": 0.0, "episode": 127.0, "batch_reward": 0.77778125, "critic_loss": 48.44667068481445, "actor_loss": -98.36496417236329, "alpha_loss": -0.012320483304560184, "alpha_value": 0.07643124151229859, "duration": 82.54634857177734, "step": 31750}
{"episode_reward": 579.0, "episode": 128.0, "batch_reward": 0.7816875, "critic_loss": 47.37973449707031, "actor_loss": -99.06406365966797, "alpha_loss": -0.015166627189144492, "alpha_value": 0.0771141363978386, "duration": 82.79307198524475, "step": 32000}
{"episode_reward": 290.0, "episode": 129.0, "batch_reward": 0.7894375, "critic_loss": 57.51098203277588, "actor_loss": -100.45459326171876, "alpha_loss": -0.022529638193547724, "alpha_value": 0.07808771795034408, "duration": 83.01834011077881, "step": 32250}
{"episode_reward": 568.0, "episode": 130.0, "batch_reward": 0.807125, "critic_loss": 56.044902488708495, "actor_loss": -103.30707440185547, "alpha_loss": -0.017344495706260205, "alpha_value": 0.07913408428430557, "duration": 83.13664937019348, "step": 32500}
{"episode_reward": 947.0, "episode": 131.0, "batch_reward": 0.806, "critic_loss": 52.18108819580078, "actor_loss": -103.5302681274414, "alpha_loss": -0.014508991479873657, "alpha_value": 0.0798842123746872, "duration": 83.06135368347168, "step": 32750}
{"episode_reward": 45.0, "episode": 132.0, "batch_reward": 0.8355, "critic_loss": 49.738469177246095, "actor_loss": -106.23919561767578, "alpha_loss": -0.017572806852869688, "alpha_value": 0.08066975927352905, "duration": 82.83936738967896, "step": 33000}
{"episode_reward": 959.0, "episode": 133.0, "batch_reward": 0.825125, "critic_loss": 50.80474674987793, "actor_loss": -107.41292840576172, "alpha_loss": -0.010808194977231324, "alpha_value": 0.08140141499042511, "duration": 82.88888430595398, "step": 33250}
{"episode_reward": 8.0, "episode": 134.0, "batch_reward": 0.83753125, "critic_loss": 51.05292980194092, "actor_loss": -109.28965808105468, "alpha_loss": -0.016781192867085338, "alpha_value": 0.08197627103328704, "duration": 83.02305197715759, "step": 33500}
{"episode_reward": 402.0, "episode": 135.0, "batch_reward": 0.8506875, "critic_loss": 50.94307462310791, "actor_loss": -109.31311749267579, "alpha_loss": -0.0065197791364043954, "alpha_value": 0.08258753323554993, "duration": 82.81981301307678, "step": 33750}
{"episode_reward": 303.0, "episode": 136.0, "batch_reward": 0.8466875, "critic_loss": 50.023454460144045, "actor_loss": -109.46196716308594, "alpha_loss": -0.005131118237040937, "alpha_value": 0.08281575912237167, "duration": 83.0081353187561, "step": 34000}
{"episode_reward": 966.0, "episode": 137.0, "batch_reward": 0.8524375, "critic_loss": 46.89832610321045, "actor_loss": -110.70995867919922, "alpha_loss": -0.0037149443943053483, "alpha_value": 0.0830183442234993, "duration": 83.14261364936829, "step": 34250}
{"episode_reward": 23.0, "episode": 138.0, "batch_reward": 0.8645, "critic_loss": 45.140176925659176, "actor_loss": -113.15886260986328, "alpha_loss": 0.0008427781071513891, "alpha_value": 0.08312655764818191, "duration": 82.86435770988464, "step": 34500}
{"episode_reward": 976.0, "episode": 139.0, "batch_reward": 0.88628125, "critic_loss": 42.96532196807861, "actor_loss": -114.80962811279296, "alpha_loss": 0.0024882872318848968, "alpha_value": 0.08307878994941711, "duration": 83.20164132118225, "step": 34750}
{"episode_reward": 12.0, "episode": 140.0, "batch_reward": 0.85871875, "critic_loss": 44.37057934570313, "actor_loss": -114.51609240722657, "alpha_loss": -0.0033709568437188865, "alpha_value": 0.08308924740552902, "duration": 83.16144347190857, "step": 35000}
{"episode_reward": 36.0, "episode": 141.0, "batch_reward": 0.86665625, "critic_loss": 43.355717140197754, "actor_loss": -115.09678979492188, "alpha_loss": 0.0038868502881377934, "alpha_value": 0.08305759543180466, "duration": 82.84038591384888, "step": 35250}
{"episode_reward": 131.0, "episode": 142.0, "batch_reward": 0.85225, "critic_loss": 40.76407507324219, "actor_loss": -115.3713324584961, "alpha_loss": 0.0099389285761863, "alpha_value": 0.08267826926708222, "duration": 82.98921418190002, "step": 35500}
{"episode_reward": 0.0, "episode": 143.0, "batch_reward": 0.86284375, "critic_loss": 38.78626895904541, "actor_loss": -118.0115010986328, "alpha_loss": 0.007996859984472394, "alpha_value": 0.08220580571889877, "duration": 82.90955424308777, "step": 35750}
{"episode_reward": 471.0, "episode": 144.0, "batch_reward": 0.8576875, "critic_loss": 39.388069328308106, "actor_loss": -116.32161376953125, "alpha_loss": 0.00795288403518498, "alpha_value": 0.08182646828889847, "duration": 83.03602743148804, "step": 36000}
{"episode_reward": 275.0, "episode": 145.0, "batch_reward": 0.862125, "critic_loss": 38.04957321929932, "actor_loss": -117.71121405029297, "alpha_loss": 0.008024214288219809, "alpha_value": 0.08135376000404358, "duration": 82.99115228652954, "step": 36250}
{"episode_reward": 0.0, "episode": 146.0, "batch_reward": 0.84740625, "critic_loss": 40.4123547668457, "actor_loss": -117.64289770507813, "alpha_loss": 0.0044636702574789525, "alpha_value": 0.08103829491138458, "duration": 82.90272259712219, "step": 36500}
{"episode_reward": 0.0, "episode": 147.0, "batch_reward": 0.86478125, "critic_loss": 40.66566152191162, "actor_loss": -120.10768292236328, "alpha_loss": 0.009430344195105135, "alpha_value": 0.08066517746448516, "duration": 82.94321370124817, "step": 36750}
{"episode_reward": 610.0, "episode": 148.0, "batch_reward": 0.86746875, "critic_loss": 38.947221305847165, "actor_loss": -120.29953192138672, "alpha_loss": 0.007694089934229851, "alpha_value": 0.08029287391901016, "duration": 82.44607162475586, "step": 37000}
{"episode_reward": 145.0, "episode": 149.0, "batch_reward": 0.8798125, "critic_loss": 48.019469856262205, "actor_loss": -122.24015124511719, "alpha_loss": 0.009608635498210788, "alpha_value": 0.07979053193330765, "duration": 82.99087309837341, "step": 37250}
{"episode_reward": 411.0, "episode": 150.0, "batch_reward": 0.8586875, "critic_loss": 44.1853737411499, "actor_loss": -120.37447375488281, "alpha_loss": 0.010192430047318339, "alpha_value": 0.07924585264921188, "duration": 82.6169650554657, "step": 37500}
{"episode_reward": 0.0, "episode": 151.0, "batch_reward": 0.8813125, "critic_loss": 41.76500872039795, "actor_loss": -121.81768737792969, "alpha_loss": 0.005996709104627371, "alpha_value": 0.07877047336101532, "duration": 83.08696627616882, "step": 37750}
{"episode_reward": 789.0, "episode": 152.0, "batch_reward": 0.88115625, "critic_loss": 37.19646511077881, "actor_loss": -123.24521441650391, "alpha_loss": 0.004026998836547137, "alpha_value": 0.0785295050740242, "duration": 82.7279806137085, "step": 38000}
{"episode_reward": 958.0, "episode": 153.0, "batch_reward": 0.884375, "critic_loss": 37.34296754455566, "actor_loss": -124.31646142578126, "alpha_loss": 0.00693770613707602, "alpha_value": 0.07829377526044845, "duration": 83.28212714195251, "step": 38250}
{"episode_reward": 0.0, "episode": 154.0, "batch_reward": 0.89728125, "critic_loss": 38.50479744720459, "actor_loss": -124.38127252197266, "alpha_loss": 0.00848639432899654, "alpha_value": 0.07790522235631943, "duration": 82.98405122756958, "step": 38500}
{"episode_reward": 0.0, "episode": 155.0, "batch_reward": 0.9029375, "critic_loss": 61.80511756896973, "actor_loss": -125.88431713867188, "alpha_loss": 0.0014544697031378746, "alpha_value": 0.07759166222810746, "duration": 82.98727059364319, "step": 38750}
{"episode_reward": 884.0, "episode": 156.0, "batch_reward": 0.908, "critic_loss": 53.292684074401855, "actor_loss": -126.25759777832032, "alpha_loss": -0.003177226678468287, "alpha_value": 0.07767675369977951, "duration": 83.12972617149353, "step": 39000}
{"episode_reward": 0.0, "episode": 157.0, "batch_reward": 0.9035, "critic_loss": 43.016744873046875, "actor_loss": -127.44901043701172, "alpha_loss": 0.0021553679741919043, "alpha_value": 0.07771097457408906, "duration": 83.12467241287231, "step": 39250}
{"episode_reward": 0.0, "episode": 158.0, "batch_reward": 0.90953125, "critic_loss": 39.8035961227417, "actor_loss": -127.62526092529296, "alpha_loss": 0.004496231379918754, "alpha_value": 0.07749896919727325, "duration": 83.23716306686401, "step": 39500}
{"episode_reward": 948.0, "episode": 159.0, "batch_reward": 0.92109375, "critic_loss": 40.62909481048584, "actor_loss": -128.31939416503906, "alpha_loss": 0.0017941763130947949, "alpha_value": 0.07737291580438614, "duration": 83.02891278266907, "step": 39750}
{"episode_reward": 548.0, "episode": 160.0, "batch_reward": 0.88928125, "critic_loss": 37.61147946166992, "actor_loss": -127.68035180664063, "alpha_loss": 0.00489027063921094, "alpha_value": 0.07716900157928466, "duration": 83.02494311332703, "step": 40000}
{"episode_reward": 9.0, "episode": 161.0, "batch_reward": 0.91484375, "critic_loss": 38.68421453094482, "actor_loss": -129.5103175048828, "alpha_loss": -0.0018703048154711723, "alpha_value": 0.07705869108438491, "duration": 94.83301091194153, "step": 40250}
{"episode_reward": 160.0, "episode": 162.0, "batch_reward": 0.91925, "critic_loss": 40.447063705444336, "actor_loss": -131.68641748046875, "alpha_loss": -0.002772239526733756, "alpha_value": 0.07714777368307113, "duration": 82.10755968093872, "step": 40500}
{"episode_reward": 957.0, "episode": 163.0, "batch_reward": 0.9491875, "critic_loss": 37.038895553588866, "actor_loss": -132.0426283569336, "alpha_loss": -0.006310826586559415, "alpha_value": 0.07739830911159515, "duration": 82.82733035087585, "step": 40750}
{"episode_reward": 523.0, "episode": 164.0, "batch_reward": 0.96428125, "critic_loss": 40.4274552154541, "actor_loss": -132.25025158691406, "alpha_loss": -0.004180083891376853, "alpha_value": 0.07777296596765518, "duration": 82.62867045402527, "step": 41000}
{"episode_reward": 126.0, "episode": 165.0, "batch_reward": 0.939125, "critic_loss": 41.4644832611084, "actor_loss": -131.6377708129883, "alpha_loss": -0.002697693909518421, "alpha_value": 0.07795878607034683, "duration": 82.61680626869202, "step": 41250}
{"episode_reward": 0.0, "episode": 166.0, "batch_reward": 0.9215, "critic_loss": 59.369180053710934, "actor_loss": -130.63792376708983, "alpha_loss": -0.001408320464193821, "alpha_value": 0.0781314337849617, "duration": 82.46939063072205, "step": 41500}
{"episode_reward": 10.0, "episode": 167.0, "batch_reward": 0.94053125, "critic_loss": 65.87240375518799, "actor_loss": -133.9453381958008, "alpha_loss": -0.007167372517287731, "alpha_value": 0.07831214416027069, "duration": 82.63962149620056, "step": 41750}
{"episode_reward": 216.0, "episode": 168.0, "batch_reward": 0.920875, "critic_loss": 47.43053870391846, "actor_loss": -134.11369012451172, "alpha_loss": -0.009040837835520506, "alpha_value": 0.0787874363064766, "duration": 83.00883913040161, "step": 42000}
{"episode_reward": 14.0, "episode": 169.0, "batch_reward": 0.92175, "critic_loss": 41.93213382720947, "actor_loss": -134.66143981933592, "alpha_loss": -0.004574581991881132, "alpha_value": 0.07922023922204971, "duration": 83.50893139839172, "step": 42250}
{"episode_reward": 992.0, "episode": 170.0, "batch_reward": 0.929625, "critic_loss": 42.684583587646486, "actor_loss": -133.44407989501954, "alpha_loss": -0.004768393489532173, "alpha_value": 0.07948559904098511, "duration": 83.31433963775635, "step": 42500}
{"episode_reward": 980.0, "episode": 171.0, "batch_reward": 0.95934375, "critic_loss": 43.440840690612795, "actor_loss": -137.44612658691406, "alpha_loss": -0.005880810288712382, "alpha_value": 0.07976248395442963, "duration": 83.39996194839478, "step": 42750}
{"episode_reward": 19.0, "episode": 172.0, "batch_reward": 0.96890625, "critic_loss": 44.56587525939941, "actor_loss": -138.83469500732423, "alpha_loss": -0.00820330900978297, "alpha_value": 0.08017617738246918, "duration": 83.19405508041382, "step": 43000}
{"episode_reward": 0.0, "episode": 173.0, "batch_reward": 0.946, "critic_loss": 48.82056108856201, "actor_loss": -138.13826348876952, "alpha_loss": -0.010850052536465227, "alpha_value": 0.0807616218328476, "duration": 82.99906206130981, "step": 43250}
{"episode_reward": 0.0, "episode": 174.0, "batch_reward": 0.9385, "critic_loss": 44.847672882080076, "actor_loss": -138.57587603759765, "alpha_loss": -0.012823943821713328, "alpha_value": 0.08146510457992553, "duration": 83.16753458976746, "step": 43500}
{"episode_reward": 944.0, "episode": 175.0, "batch_reward": 0.94725, "critic_loss": 49.39039323425293, "actor_loss": -139.0517628173828, "alpha_loss": -0.010746708555147052, "alpha_value": 0.08215444701910019, "duration": 83.42644453048706, "step": 43750}
{"episode_reward": 956.0, "episode": 176.0, "batch_reward": 0.953125, "critic_loss": 46.3368009185791, "actor_loss": -141.54486138916016, "alpha_loss": -0.014197715180926026, "alpha_value": 0.08291483783721924, "duration": 83.32161283493042, "step": 44000}
{"episode_reward": 7.0, "episode": 177.0, "batch_reward": 0.96265625, "critic_loss": 44.3475950088501, "actor_loss": -142.4259047241211, "alpha_loss": -0.007847927987575531, "alpha_value": 0.08342614728212357, "duration": 83.36125016212463, "step": 44250}
{"episode_reward": 63.0, "episode": 178.0, "batch_reward": 0.96421875, "critic_loss": 45.3145206451416, "actor_loss": -141.2741962890625, "alpha_loss": -0.0029971839003264905, "alpha_value": 0.0837285823225975, "duration": 82.95064330101013, "step": 44500}
{"episode_reward": 0.0, "episode": 179.0, "batch_reward": 0.9485, "critic_loss": 59.39709191131592, "actor_loss": -141.79042346191406, "alpha_loss": -0.00586777238920331, "alpha_value": 0.08400722175836563, "duration": 83.31318831443787, "step": 44750}
{"episode_reward": 344.0, "episode": 180.0, "batch_reward": 0.9646875, "critic_loss": 59.17216551208496, "actor_loss": -143.2024984741211, "alpha_loss": 0.001472551764920354, "alpha_value": 0.0841761006116867, "duration": 83.17593717575073, "step": 45000}
{"episode_reward": 966.0, "episode": 181.0, "batch_reward": 0.98440625, "critic_loss": 60.95725463104248, "actor_loss": -145.41078839111327, "alpha_loss": 0.0028059969712048768, "alpha_value": 0.08401224231719971, "duration": 83.40532875061035, "step": 45250}
{"episode_reward": 0.0, "episode": 182.0, "batch_reward": 0.99178125, "critic_loss": 62.27721382904053, "actor_loss": -144.7672778930664, "alpha_loss": 0.00397160911001265, "alpha_value": 0.08383584523200989, "duration": 83.43048596382141, "step": 45500}
{"episode_reward": 905.0, "episode": 183.0, "batch_reward": 0.9743125, "critic_loss": 50.057551864624024, "actor_loss": -145.2838942260742, "alpha_loss": 0.005913228947669267, "alpha_value": 0.08357942283153534, "duration": 83.43003535270691, "step": 45750}
{"episode_reward": 72.0, "episode": 184.0, "batch_reward": 0.9944375, "critic_loss": 55.88571793365479, "actor_loss": -147.10704180908203, "alpha_loss": 0.007637754859402776, "alpha_value": 0.08311112242937088, "duration": 83.23301577568054, "step": 46000}
{"episode_reward": 0.0, "episode": 185.0, "batch_reward": 0.9769375, "critic_loss": 47.722492057800295, "actor_loss": -145.92052404785156, "alpha_loss": 0.006057574160397053, "alpha_value": 0.08275296765565872, "duration": 83.51619672775269, "step": 46250}
{"episode_reward": 116.0, "episode": 186.0, "batch_reward": 0.96771875, "critic_loss": 44.44577422332764, "actor_loss": -145.6068952026367, "alpha_loss": 0.006161311702802777, "alpha_value": 0.0823945347070694, "duration": 83.27868223190308, "step": 46500}
{"episode_reward": 0.0, "episode": 187.0, "batch_reward": 0.9606875, "critic_loss": 44.37555786895752, "actor_loss": -146.18648571777345, "alpha_loss": 0.003593993814662099, "alpha_value": 0.08219025093317033, "duration": 83.5452733039856, "step": 46750}
{"episode_reward": 103.0, "episode": 188.0, "batch_reward": 0.974875, "critic_loss": 44.02355677032471, "actor_loss": -147.8024686279297, "alpha_loss": 0.006408104337751865, "alpha_value": 0.08187695747613907, "duration": 83.25467991828918, "step": 47000}
{"episode_reward": 8.0, "episode": 189.0, "batch_reward": 0.96321875, "critic_loss": 39.90022315597534, "actor_loss": -146.38667474365235, "alpha_loss": 0.009497926961630583, "alpha_value": 0.08143055129051209, "duration": 83.44245409965515, "step": 47250}
{"episode_reward": 954.0, "episode": 190.0, "batch_reward": 0.9839375, "critic_loss": 56.143570106506345, "actor_loss": -147.08474700927735, "alpha_loss": 0.008853823997080327, "alpha_value": 0.08087820369005204, "duration": 83.30328583717346, "step": 47500}
{"episode_reward": 950.0, "episode": 191.0, "batch_reward": 1.00059375, "critic_loss": 46.498401779174806, "actor_loss": -148.8910687866211, "alpha_loss": 0.007279446414671839, "alpha_value": 0.08045637845993042, "duration": 83.67701005935669, "step": 47750}
{"episode_reward": 702.0, "episode": 192.0, "batch_reward": 1.01571875, "critic_loss": 43.17100173950195, "actor_loss": -148.7644836425781, "alpha_loss": 0.008212844789028168, "alpha_value": 0.08000801301002503, "duration": 83.19129157066345, "step": 48000}
{"episode_reward": 871.0, "episode": 193.0, "batch_reward": 1.00815625, "critic_loss": 44.760163192749026, "actor_loss": -149.1225355834961, "alpha_loss": 0.008647454336285592, "alpha_value": 0.0795739402770996, "duration": 83.14518404006958, "step": 48250}
{"episode_reward": 49.0, "episode": 194.0, "batch_reward": 1.00475, "critic_loss": 50.47671516418457, "actor_loss": -150.0153286743164, "alpha_loss": 0.0046419766824692486, "alpha_value": 0.0792042264342308, "duration": 83.15588045120239, "step": 48500}
{"episode_reward": 956.0, "episode": 195.0, "batch_reward": 1.01821875, "critic_loss": 42.378957931518556, "actor_loss": -152.41558361816405, "alpha_loss": 0.008166523672640324, "alpha_value": 0.07884142166376114, "duration": 83.12539577484131, "step": 48750}
{"episode_reward": 454.0, "episode": 196.0, "batch_reward": 1.0325625, "critic_loss": 45.699355621337894, "actor_loss": -154.24751452636718, "alpha_loss": 0.008614782391116023, "alpha_value": 0.07836272144317627, "duration": 82.973876953125, "step": 49000}
{"episode_reward": 270.0, "episode": 197.0, "batch_reward": 1.0271875, "critic_loss": 47.221174652099606, "actor_loss": -153.9501255493164, "alpha_loss": 0.004077968248166144, "alpha_value": 0.07806778013706207, "duration": 83.00648021697998, "step": 49250}
{"episode_reward": 967.0, "episode": 198.0, "batch_reward": 1.02646875, "critic_loss": 44.67755010986328, "actor_loss": -156.1363604736328, "alpha_loss": 0.008454535790719092, "alpha_value": 0.0776236629486084, "duration": 83.544926404953, "step": 49500}
{"episode_reward": 199.0, "episode": 199.0, "batch_reward": 1.0365625, "critic_loss": 53.19084659576416, "actor_loss": -157.20361511230467, "alpha_loss": 0.003815054907463491, "alpha_value": 0.07736360275745392, "duration": 83.3829391002655, "step": 49750}
{"episode_reward": 26.0, "episode": 200.0, "batch_reward": 1.024125, "critic_loss": 43.41407801055908, "actor_loss": -154.94399047851562, "alpha_loss": 0.006724049408920109, "alpha_value": 0.07703878611326218, "duration": 83.1493330001831, "step": 50000}
{"episode_reward": 137.0, "episode": 201.0, "batch_reward": 1.0271875, "critic_loss": 41.15949770355225, "actor_loss": -156.27974975585937, "alpha_loss": 5.4109646007418635e-06, "alpha_value": 0.07683041334152221, "duration": 94.61433362960815, "step": 50250}
{"episode_reward": 952.0, "episode": 202.0, "batch_reward": 1.05278125, "critic_loss": 40.54171746063233, "actor_loss": -157.04168395996095, "alpha_loss": -0.0015769506888464093, "alpha_value": 0.07686457085609436, "duration": 82.17048525810242, "step": 50500}
{"episode_reward": 949.0, "episode": 203.0, "batch_reward": 1.04578125, "critic_loss": 41.764567626953124, "actor_loss": -156.17104821777343, "alpha_loss": 0.0009959869999438525, "alpha_value": 0.07690012753009796, "duration": 82.66000151634216, "step": 50750}
{"episode_reward": 4.0, "episode": 204.0, "batch_reward": 1.044375, "critic_loss": 41.722681190490725, "actor_loss": -157.21906958007813, "alpha_loss": -3.508674167096615e-05, "alpha_value": 0.07687699598073959, "duration": 82.36506772041321, "step": 51000}
{"episode_reward": 646.0, "episode": 205.0, "batch_reward": 1.08940625, "critic_loss": 41.349721908569336, "actor_loss": -159.86367712402344, "alpha_loss": -0.00047403459809720514, "alpha_value": 0.07697613400220871, "duration": 82.28420495986938, "step": 51250}
{"episode_reward": 785.0, "episode": 206.0, "batch_reward": 1.0688125, "critic_loss": 41.81437995910645, "actor_loss": -159.68546728515625, "alpha_loss": 0.0032350425841286778, "alpha_value": 0.07683409428596497, "duration": 82.40879774093628, "step": 51500}
{"episode_reward": 5.0, "episode": 207.0, "batch_reward": 1.07046875, "critic_loss": 42.710721466064456, "actor_loss": -159.95006286621094, "alpha_loss": -0.0006561893336474896, "alpha_value": 0.07674141418933868, "duration": 82.83544635772705, "step": 51750}
{"episode_reward": 610.0, "episode": 208.0, "batch_reward": 1.08996875, "critic_loss": 45.56774430847168, "actor_loss": -161.70587072753906, "alpha_loss": 0.004748523941263557, "alpha_value": 0.07663527089357376, "duration": 83.18927264213562, "step": 52000}
{"episode_reward": 12.0, "episode": 209.0, "batch_reward": 1.069625, "critic_loss": 43.13170175170898, "actor_loss": -161.05318200683593, "alpha_loss": -0.0002735818065702915, "alpha_value": 0.07647124361991882, "duration": 83.17273998260498, "step": 52250}
{"episode_reward": 947.0, "episode": 210.0, "batch_reward": 1.0740625, "critic_loss": 49.02546354675293, "actor_loss": -161.4557655029297, "alpha_loss": 0.0008744168896228075, "alpha_value": 0.07646621859073639, "duration": 83.55336236953735, "step": 52500}
{"episode_reward": 0.0, "episode": 211.0, "batch_reward": 1.070625, "critic_loss": 45.17502284240722, "actor_loss": -164.86184448242187, "alpha_loss": -0.0006885318160057068, "alpha_value": 0.0764742398262024, "duration": 83.09133338928223, "step": 52750}
{"episode_reward": 947.0, "episode": 212.0, "batch_reward": 1.067875, "critic_loss": 46.11087208557129, "actor_loss": -163.08311828613282, "alpha_loss": -0.0005457164663821459, "alpha_value": 0.07651501441001893, "duration": 83.1623182296753, "step": 53000}
{"episode_reward": 19.0, "episode": 213.0, "batch_reward": 1.0844375, "critic_loss": 47.36447484588623, "actor_loss": -163.2201796875, "alpha_loss": -0.0016841420009732246, "alpha_value": 0.07661825907230377, "duration": 83.0928680896759, "step": 53250}
{"episode_reward": 0.0, "episode": 214.0, "batch_reward": 1.073875, "critic_loss": 43.75354797363281, "actor_loss": -164.14363024902343, "alpha_loss": -0.0024212095020338894, "alpha_value": 0.07670490670204162, "duration": 83.08261156082153, "step": 53500}
{"episode_reward": 43.0, "episode": 215.0, "batch_reward": 1.07684375, "critic_loss": 47.724019912719726, "actor_loss": -165.6850965576172, "alpha_loss": -0.00029115360137075186, "alpha_value": 0.07678590697050094, "duration": 83.29608654975891, "step": 53750}
{"episode_reward": 39.0, "episode": 216.0, "batch_reward": 1.06584375, "critic_loss": 46.08471589660645, "actor_loss": -167.43173400878905, "alpha_loss": -0.00041664904728531835, "alpha_value": 0.07683423072099686, "duration": 83.50421476364136, "step": 54000}
{"episode_reward": 159.0, "episode": 217.0, "batch_reward": 1.05959375, "critic_loss": 51.84777939605713, "actor_loss": -165.1665646972656, "alpha_loss": -0.0030884525063447654, "alpha_value": 0.0769387667775154, "duration": 82.99312686920166, "step": 54250}
{"episode_reward": 19.0, "episode": 218.0, "batch_reward": 1.04103125, "critic_loss": 50.47166794586182, "actor_loss": -163.42793176269532, "alpha_loss": -0.0024611122757196425, "alpha_value": 0.0770781437754631, "duration": 83.301513671875, "step": 54500}
{"episode_reward": 38.0, "episode": 219.0, "batch_reward": 1.05890625, "critic_loss": 50.20338520812988, "actor_loss": -164.30569006347656, "alpha_loss": -4.29632943123579e-05, "alpha_value": 0.07728722018003464, "duration": 83.32652735710144, "step": 54750}
{"episode_reward": 13.0, "episode": 220.0, "batch_reward": 1.0578125, "critic_loss": 44.41751139068604, "actor_loss": -164.87820483398437, "alpha_loss": 0.002804465999826789, "alpha_value": 0.07707654738426209, "duration": 83.28988885879517, "step": 55000}
{"episode_reward": 363.0, "episode": 221.0, "batch_reward": 1.05696875, "critic_loss": 46.13291473388672, "actor_loss": -165.11800024414063, "alpha_loss": 1.4159243553876876e-05, "alpha_value": 0.07700309079885483, "duration": 83.38682317733765, "step": 55250}
{"episode_reward": 240.0, "episode": 222.0, "batch_reward": 1.05490625, "critic_loss": 44.80170048522949, "actor_loss": -163.88674353027343, "alpha_loss": 0.004555962081998587, "alpha_value": 0.07685525512695313, "duration": 83.2446072101593, "step": 55500}
{"episode_reward": 958.0, "episode": 223.0, "batch_reward": 1.06890625, "critic_loss": 42.475109619140625, "actor_loss": -164.63756494140625, "alpha_loss": 0.007051319137215614, "alpha_value": 0.07652740728855133, "duration": 83.44432878494263, "step": 55750}
{"episode_reward": 34.0, "episode": 224.0, "batch_reward": 1.061625, "critic_loss": 44.33306032562256, "actor_loss": -164.6560008544922, "alpha_loss": 0.006470451768487692, "alpha_value": 0.07606495225429535, "duration": 83.09909892082214, "step": 56000}
{"episode_reward": 646.0, "episode": 225.0, "batch_reward": 1.07146875, "critic_loss": 44.17867082214355, "actor_loss": -167.35840747070313, "alpha_loss": 0.0015238156598061322, "alpha_value": 0.07588628584146499, "duration": 83.2214298248291, "step": 56250}
{"episode_reward": 70.0, "episode": 226.0, "batch_reward": 1.0491875, "critic_loss": 48.63870539855957, "actor_loss": -165.26599755859374, "alpha_loss": 0.005272913471795619, "alpha_value": 0.07575220453739166, "duration": 83.2617781162262, "step": 56500}
{"episode_reward": 723.0, "episode": 227.0, "batch_reward": 1.0734375, "critic_loss": 42.1166830368042, "actor_loss": -167.93283068847657, "alpha_loss": 0.007617731500416994, "alpha_value": 0.07533356845378876, "duration": 83.37559747695923, "step": 56750}
{"episode_reward": 78.0, "episode": 228.0, "batch_reward": 1.07453125, "critic_loss": 49.695842735290526, "actor_loss": -167.16971435546876, "alpha_loss": 0.005724380120635033, "alpha_value": 0.0749352056980133, "duration": 83.4712495803833, "step": 57000}
{"episode_reward": 4.0, "episode": 229.0, "batch_reward": 1.053125, "critic_loss": 63.409419090270994, "actor_loss": -166.32301110839845, "alpha_loss": 0.00605943216662854, "alpha_value": 0.07456034070253373, "duration": 83.28696799278259, "step": 57250}
{"episode_reward": 935.0, "episode": 230.0, "batch_reward": 1.08990625, "critic_loss": 44.40740241241455, "actor_loss": -169.96966906738282, "alpha_loss": 0.00680782323423773, "alpha_value": 0.07421990329027175, "duration": 83.37566828727722, "step": 57500}
{"episode_reward": 87.0, "episode": 231.0, "batch_reward": 1.0810625, "critic_loss": 43.09719929504394, "actor_loss": -168.45798986816405, "alpha_loss": 0.006325683098286391, "alpha_value": 0.07382446372509002, "duration": 83.23662781715393, "step": 57750}
{"episode_reward": 981.0, "episode": 232.0, "batch_reward": 1.0981875, "critic_loss": 43.83298310852051, "actor_loss": -169.1287596435547, "alpha_loss": 0.0010416259793564677, "alpha_value": 0.07359975862503051, "duration": 83.50354623794556, "step": 58000}
{"episode_reward": 787.0, "episode": 233.0, "batch_reward": 1.14009375, "critic_loss": 52.77928977203369, "actor_loss": -171.5533701171875, "alpha_loss": 0.004591815525665879, "alpha_value": 0.07346484071016311, "duration": 83.4791169166565, "step": 58250}
{"episode_reward": 995.0, "episode": 234.0, "batch_reward": 1.126625, "critic_loss": 40.31939619445801, "actor_loss": -171.2214149169922, "alpha_loss": 0.0012789918510243297, "alpha_value": 0.07324657070636749, "duration": 83.23058938980103, "step": 58500}
{"episode_reward": 980.0, "episode": 235.0, "batch_reward": 1.1326875, "critic_loss": 39.025681510925295, "actor_loss": -173.57425500488282, "alpha_loss": 0.0006272089108824729, "alpha_value": 0.0732285481095314, "duration": 83.53796315193176, "step": 58750}
{"episode_reward": 947.0, "episode": 236.0, "batch_reward": 1.1294375, "critic_loss": 44.055608345031736, "actor_loss": -172.88791748046876, "alpha_loss": 0.00024834286980330943, "alpha_value": 0.0732000966668129, "duration": 83.24557709693909, "step": 59000}
{"episode_reward": 998.0, "episode": 237.0, "batch_reward": 1.14775, "critic_loss": 42.485782791137694, "actor_loss": -174.06418725585937, "alpha_loss": 0.0011410317216068507, "alpha_value": 0.0731677359342575, "duration": 83.27489519119263, "step": 59250}
{"episode_reward": 963.0, "episode": 238.0, "batch_reward": 1.1735625, "critic_loss": 36.298560874938964, "actor_loss": -175.2439901123047, "alpha_loss": 0.00013630736991763115, "alpha_value": 0.07307209295034409, "duration": 83.15537929534912, "step": 59500}
{"episode_reward": 0.0, "episode": 239.0, "batch_reward": 1.15203125, "critic_loss": 35.16858506011963, "actor_loss": -175.68920202636718, "alpha_loss": -0.0007494173203594983, "alpha_value": 0.07310945147275924, "duration": 83.60891604423523, "step": 59750}
{"episode_reward": 21.0, "episode": 240.0, "batch_reward": 1.15590625, "critic_loss": 41.864298446655276, "actor_loss": -175.7257646484375, "alpha_loss": 0.0003921026661992073, "alpha_value": 0.07316204059123993, "duration": 83.20921206474304, "step": 60000}
{"episode_reward": 83.0, "episode": 241.0, "batch_reward": 1.13996875, "critic_loss": 44.93988471221924, "actor_loss": -175.63932421875, "alpha_loss": -0.003513507517054677, "alpha_value": 0.07326823770999909, "duration": 104.45903420448303, "step": 60250}
{"episode_reward": 0.0, "episode": 242.0, "batch_reward": 1.142125, "critic_loss": 39.745725303649905, "actor_loss": -175.60707275390624, "alpha_loss": -0.004285965017974376, "alpha_value": 0.07342883092164994, "duration": 82.33121061325073, "step": 60500}
{"episode_reward": 505.0, "episode": 243.0, "batch_reward": 1.13965625, "critic_loss": 42.46207298278809, "actor_loss": -175.20406384277345, "alpha_loss": -0.0021870100907981395, "alpha_value": 0.07369557553529739, "duration": 82.38879370689392, "step": 60750}
{"episode_reward": 0.0, "episode": 244.0, "batch_reward": 1.1425625, "critic_loss": 38.872801734924316, "actor_loss": -174.84966174316406, "alpha_loss": -0.0037683465918526052, "alpha_value": 0.07387099319696426, "duration": 82.96006894111633, "step": 61000}
{"episode_reward": 963.0, "episode": 245.0, "batch_reward": 1.15003125, "critic_loss": 41.57084531402588, "actor_loss": -177.74813623046876, "alpha_loss": -0.0021829122779890896, "alpha_value": 0.07405052381753921, "duration": 82.69461941719055, "step": 61250}
{"episode_reward": 20.0, "episode": 246.0, "batch_reward": 1.14734375, "critic_loss": 38.54990018463135, "actor_loss": -175.34316931152344, "alpha_loss": 0.001413331201300025, "alpha_value": 0.07404415655136108, "duration": 82.9226496219635, "step": 61500}
{"episode_reward": 23.0, "episode": 247.0, "batch_reward": 1.1406875, "critic_loss": 38.81287828063965, "actor_loss": -175.28466174316407, "alpha_loss": -0.0023496220046654343, "alpha_value": 0.07405638206005097, "duration": 82.75520753860474, "step": 61750}
{"episode_reward": 19.0, "episode": 248.0, "batch_reward": 1.14515625, "critic_loss": 38.61682754516602, "actor_loss": -175.20521704101563, "alpha_loss": 0.002231788116507232, "alpha_value": 0.07410257524251938, "duration": 83.74413466453552, "step": 62000}
{"episode_reward": 950.0, "episode": 249.0, "batch_reward": 1.13984375, "critic_loss": 37.84385153961182, "actor_loss": -174.93665197753907, "alpha_loss": 0.0013305580671876668, "alpha_value": 0.07400708884000778, "duration": 83.42348051071167, "step": 62250}
{"episode_reward": 29.0, "episode": 250.0, "batch_reward": 1.15071875, "critic_loss": 47.12866185760498, "actor_loss": -176.2578553466797, "alpha_loss": -0.003956927871331573, "alpha_value": 0.07404219180345535, "duration": 83.52463054656982, "step": 62500}
{"episode_reward": 377.0, "episode": 251.0, "batch_reward": 1.14559375, "critic_loss": 42.78829818725586, "actor_loss": -175.87324780273437, "alpha_loss": -0.0021528324875980617, "alpha_value": 0.07419222503900529, "duration": 83.20069193840027, "step": 62750}
{"episode_reward": 260.0, "episode": 252.0, "batch_reward": 1.1309375, "critic_loss": 42.655183753967286, "actor_loss": -174.56603259277344, "alpha_loss": 0.0008339205104857683, "alpha_value": 0.0743084853887558, "duration": 83.50208640098572, "step": 63000}
{"episode_reward": 2.0, "episode": 253.0, "batch_reward": 1.14259375, "critic_loss": 45.73049395751953, "actor_loss": -176.24776879882813, "alpha_loss": -0.0012366974549368023, "alpha_value": 0.07427216237783432, "duration": 83.3106050491333, "step": 63250}
{"episode_reward": 283.0, "episode": 254.0, "batch_reward": 1.1453125, "critic_loss": 40.086525230407716, "actor_loss": -174.95722045898438, "alpha_loss": -0.00449326785095036, "alpha_value": 0.07445491766929627, "duration": 83.18269801139832, "step": 63500}
{"episode_reward": 365.0, "episode": 255.0, "batch_reward": 1.1419375, "critic_loss": 39.21574936676026, "actor_loss": -176.5060770263672, "alpha_loss": -0.0010817477712407708, "alpha_value": 0.07465288853645324, "duration": 83.41904735565186, "step": 63750}
{"episode_reward": 952.0, "episode": 256.0, "batch_reward": 1.151375, "critic_loss": 45.52293804168701, "actor_loss": -177.14742224121093, "alpha_loss": 0.0034946144334971905, "alpha_value": 0.07454669803380966, "duration": 83.52456712722778, "step": 64000}
{"episode_reward": 531.0, "episode": 257.0, "batch_reward": 1.16025, "critic_loss": 41.33564269256592, "actor_loss": -176.1006474609375, "alpha_loss": 0.0024988581864163278, "alpha_value": 0.07437217956781388, "duration": 83.0254807472229, "step": 64250}
{"episode_reward": 545.0, "episode": 258.0, "batch_reward": 1.16084375, "critic_loss": 44.407612777709964, "actor_loss": -176.19328540039064, "alpha_loss": 0.0022337323930114506, "alpha_value": 0.07420295280218124, "duration": 83.25681495666504, "step": 64500}
{"episode_reward": 977.0, "episode": 259.0, "batch_reward": 1.15225, "critic_loss": 43.30877146911621, "actor_loss": -177.77102587890624, "alpha_loss": -0.00024248608481138945, "alpha_value": 0.07414257210493087, "duration": 83.22873425483704, "step": 64750}
{"episode_reward": 0.0, "episode": 260.0, "batch_reward": 1.16596875, "critic_loss": 43.77444683074951, "actor_loss": -178.39997033691407, "alpha_loss": 0.0023884562072344125, "alpha_value": 0.07407242077589035, "duration": 83.41865468025208, "step": 65000}
{"episode_reward": 98.0, "episode": 261.0, "batch_reward": 1.17328125, "critic_loss": 41.98393392944336, "actor_loss": -178.04936779785157, "alpha_loss": -0.0020318616908043623, "alpha_value": 0.07413822782039642, "duration": 82.86207938194275, "step": 65250}
{"episode_reward": 0.0, "episode": 262.0, "batch_reward": 1.1568125, "critic_loss": 54.668575302124026, "actor_loss": -177.78986071777345, "alpha_loss": 0.0002379532754421234, "alpha_value": 0.07416233986616134, "duration": 83.05098390579224, "step": 65500}
{"episode_reward": 33.0, "episode": 263.0, "batch_reward": 1.16909375, "critic_loss": 50.20294699859619, "actor_loss": -180.06538061523437, "alpha_loss": -0.0021716745439916848, "alpha_value": 0.07414005345106126, "duration": 83.30995845794678, "step": 65750}
{"episode_reward": 963.0, "episode": 264.0, "batch_reward": 1.15740625, "critic_loss": 44.95973631286621, "actor_loss": -179.00797607421876, "alpha_loss": -0.0007750193998217582, "alpha_value": 0.0742539775967598, "duration": 82.64205384254456, "step": 66000}
{"episode_reward": 298.0, "episode": 265.0, "batch_reward": 1.16259375, "critic_loss": 42.977760871887206, "actor_loss": -178.77029516601561, "alpha_loss": 0.0003415446560829878, "alpha_value": 0.07430794441699981, "duration": 83.08091831207275, "step": 66250}
{"episode_reward": 0.0, "episode": 266.0, "batch_reward": 1.15753125, "critic_loss": 42.69371646881103, "actor_loss": -179.91444641113281, "alpha_loss": -0.0021776144355535507, "alpha_value": 0.07433366429805756, "duration": 83.19725322723389, "step": 66500}
{"episode_reward": 0.0, "episode": 267.0, "batch_reward": 1.1695, "critic_loss": 54.29829514312744, "actor_loss": -180.22038415527345, "alpha_loss": 0.0006666309796273708, "alpha_value": 0.0744016536474228, "duration": 83.23253417015076, "step": 66750}
{"episode_reward": 231.0, "episode": 268.0, "batch_reward": 1.17346875, "critic_loss": 55.38602597808838, "actor_loss": -180.4679091796875, "alpha_loss": -0.004301711946725845, "alpha_value": 0.0745068975687027, "duration": 82.82096767425537, "step": 67000}
{"episode_reward": 973.0, "episode": 269.0, "batch_reward": 1.1654375, "critic_loss": 47.438304534912106, "actor_loss": -180.17200390625, "alpha_loss": 0.0005685641784220934, "alpha_value": 0.07465277171134949, "duration": 83.21259617805481, "step": 67250}
{"episode_reward": 0.0, "episode": 270.0, "batch_reward": 1.16884375, "critic_loss": 47.80889014434815, "actor_loss": -179.28952880859376, "alpha_loss": -0.0024870286043733357, "alpha_value": 0.07472439521551132, "duration": 83.4862904548645, "step": 67500}
{"episode_reward": 0.0, "episode": 271.0, "batch_reward": 1.1571875, "critic_loss": 45.642964752197265, "actor_loss": -180.37121618652344, "alpha_loss": -0.0028138846810907125, "alpha_value": 0.07489053821563721, "duration": 83.49372816085815, "step": 67750}
{"episode_reward": 358.0, "episode": 272.0, "batch_reward": 1.17065625, "critic_loss": 45.97379679107666, "actor_loss": -180.5527723388672, "alpha_loss": -0.0008747600112110377, "alpha_value": 0.0750359765291214, "duration": 83.19733810424805, "step": 68000}
{"episode_reward": 962.0, "episode": 273.0, "batch_reward": 1.1633125, "critic_loss": 44.806102424621585, "actor_loss": -181.3739071044922, "alpha_loss": 0.0005297317020595074, "alpha_value": 0.07502188503742219, "duration": 83.38871645927429, "step": 68250}
{"episode_reward": 9.0, "episode": 274.0, "batch_reward": 1.15959375, "critic_loss": 74.37435485839843, "actor_loss": -179.35394396972657, "alpha_loss": -0.0019413525690324604, "alpha_value": 0.07503138095140457, "duration": 83.30223059654236, "step": 68500}
{"episode_reward": 944.0, "episode": 275.0, "batch_reward": 1.1726875, "critic_loss": 53.62375476074219, "actor_loss": -182.20775988769532, "alpha_loss": -0.002259441589936614, "alpha_value": 0.07525390762090683, "duration": 83.45658850669861, "step": 68750}
{"episode_reward": 648.0, "episode": 276.0, "batch_reward": 1.20146875, "critic_loss": 49.48127056121826, "actor_loss": -183.08465698242188, "alpha_loss": 0.0014213263709098101, "alpha_value": 0.07516357797384263, "duration": 83.25388932228088, "step": 69000}
{"episode_reward": 933.0, "episode": 277.0, "batch_reward": 1.1845, "critic_loss": 58.23667082214355, "actor_loss": -183.54622216796875, "alpha_loss": -0.0029590824842453, "alpha_value": 0.07525335425138474, "duration": 83.13985013961792, "step": 69250}
{"episode_reward": 197.0, "episode": 278.0, "batch_reward": 1.190875, "critic_loss": 48.604137878417966, "actor_loss": -183.1545096435547, "alpha_loss": -0.001476022976450622, "alpha_value": 0.07542251163721085, "duration": 83.09794116020203, "step": 69500}
{"episode_reward": 0.0, "episode": 279.0, "batch_reward": 1.19584375, "critic_loss": 47.90216301727295, "actor_loss": -185.01297705078125, "alpha_loss": 0.00018946730345487594, "alpha_value": 0.07539621388912202, "duration": 83.38771843910217, "step": 69750}
{"episode_reward": 536.0, "episode": 280.0, "batch_reward": 1.173625, "critic_loss": 50.24367400360107, "actor_loss": -183.67726013183594, "alpha_loss": -0.0026813624063506724, "alpha_value": 0.07556383055448532, "duration": 83.50647354125977, "step": 70000}
{"episode_reward": 69.0, "episode": 281.0, "batch_reward": 1.15678125, "critic_loss": 49.37815827178955, "actor_loss": -183.43576989746094, "alpha_loss": -0.007705041335895658, "alpha_value": 0.07580419307947159, "duration": 95.19829249382019, "step": 70250}
{"episode_reward": 65.0, "episode": 282.0, "batch_reward": 1.18809375, "critic_loss": 46.25379440307617, "actor_loss": -185.83970642089844, "alpha_loss": -0.005590109378099442, "alpha_value": 0.07625575768947601, "duration": 82.56442546844482, "step": 70500}
{"episode_reward": 1000.0, "episode": 283.0, "batch_reward": 1.1858125, "critic_loss": 46.52076612091064, "actor_loss": -185.85762158203124, "alpha_loss": -0.005799829088151455, "alpha_value": 0.07657006698846817, "duration": 82.54641604423523, "step": 70750}
{"episode_reward": 99.0, "episode": 284.0, "batch_reward": 1.20175, "critic_loss": 49.57041437530518, "actor_loss": -186.5431922607422, "alpha_loss": -0.006367704497650266, "alpha_value": 0.07702067524194717, "duration": 82.60021567344666, "step": 71000}
{"episode_reward": 812.0, "episode": 285.0, "batch_reward": 1.18378125, "critic_loss": 48.94056036376953, "actor_loss": -186.2616837158203, "alpha_loss": -0.003913693329319358, "alpha_value": 0.07726419961452484, "duration": 82.87823534011841, "step": 71250}
{"episode_reward": 263.0, "episode": 286.0, "batch_reward": 1.19690625, "critic_loss": 49.65965168762207, "actor_loss": -186.02188806152344, "alpha_loss": -0.008114154064562172, "alpha_value": 0.07769778347015381, "duration": 82.61231064796448, "step": 71500}
{"episode_reward": 66.0, "episode": 287.0, "batch_reward": 1.18815625, "critic_loss": 49.05756404876709, "actor_loss": -183.7589403076172, "alpha_loss": -0.007532290814444423, "alpha_value": 0.07815156090259552, "duration": 82.7011833190918, "step": 71750}
{"episode_reward": 225.0, "episode": 288.0, "batch_reward": 1.189875, "critic_loss": 48.954812377929684, "actor_loss": -185.787685546875, "alpha_loss": -0.008278264919295907, "alpha_value": 0.0786278953552246, "duration": 83.37583422660828, "step": 72000}
{"episode_reward": 1000.0, "episode": 289.0, "batch_reward": 1.1921875, "critic_loss": 47.77026328277588, "actor_loss": -184.37908447265625, "alpha_loss": -0.0037849286133423447, "alpha_value": 0.07899721896648407, "duration": 83.54376029968262, "step": 72250}
{"episode_reward": 7.0, "episode": 290.0, "batch_reward": 1.18453125, "critic_loss": 53.12222737121582, "actor_loss": -184.59612768554686, "alpha_loss": -0.00461754098907113, "alpha_value": 0.07915819346904755, "duration": 83.27991724014282, "step": 72500}
{"episode_reward": 353.0, "episode": 291.0, "batch_reward": 1.207, "critic_loss": 52.14996565246582, "actor_loss": -184.3265323486328, "alpha_loss": -0.005507859712466597, "alpha_value": 0.07952950286865235, "duration": 83.2093997001648, "step": 72750}
{"episode_reward": 361.0, "episode": 292.0, "batch_reward": 1.1826875, "critic_loss": 48.36890182495117, "actor_loss": -183.9791444091797, "alpha_loss": 0.0009560439214110375, "alpha_value": 0.07966915082931518, "duration": 82.9382426738739, "step": 73000}
{"episode_reward": 196.0, "episode": 293.0, "batch_reward": 1.1800625, "critic_loss": 46.743433494567874, "actor_loss": -186.14190270996093, "alpha_loss": -0.0011688794679939748, "alpha_value": 0.07967091542482375, "duration": 83.22255802154541, "step": 73250}
{"episode_reward": 86.0, "episode": 294.0, "batch_reward": 1.1966875, "critic_loss": 42.21936834716797, "actor_loss": -187.22947106933594, "alpha_loss": 0.0027663177754729987, "alpha_value": 0.07965232527256012, "duration": 83.33734464645386, "step": 73500}
{"episode_reward": 602.0, "episode": 295.0, "batch_reward": 1.1894375, "critic_loss": 68.80239018249512, "actor_loss": -187.11253515625, "alpha_loss": -0.0033384177936241033, "alpha_value": 0.0795685361623764, "duration": 83.27121782302856, "step": 73750}
{"episode_reward": 955.0, "episode": 296.0, "batch_reward": 1.2100625, "critic_loss": 48.85143131256103, "actor_loss": -186.66768029785158, "alpha_loss": -0.006499971762299538, "alpha_value": 0.07994241148233414, "duration": 83.42583703994751, "step": 74000}
{"episode_reward": 84.0, "episode": 297.0, "batch_reward": 1.20796875, "critic_loss": 50.91191268920898, "actor_loss": -185.98217150878907, "alpha_loss": -0.00543719451315701, "alpha_value": 0.08032969826459885, "duration": 83.56954836845398, "step": 74250}
{"episode_reward": 0.0, "episode": 298.0, "batch_reward": 1.1816875, "critic_loss": 50.80596845245361, "actor_loss": -185.193908203125, "alpha_loss": -0.0046790492068976165, "alpha_value": 0.0806310065984726, "duration": 83.52647519111633, "step": 74500}
{"episode_reward": 10.0, "episode": 299.0, "batch_reward": 1.20375, "critic_loss": 51.174461753845215, "actor_loss": -186.59925610351561, "alpha_loss": -0.007076778871938586, "alpha_value": 0.08101117062568665, "duration": 83.26238369941711, "step": 74750}
{"episode_reward": 961.0, "episode": 300.0, "batch_reward": 1.208, "critic_loss": 49.647566604614255, "actor_loss": -185.01219409179689, "alpha_loss": -0.0063844761345535515, "alpha_value": 0.08138497102260589, "duration": 83.41378974914551, "step": 75000}
{"episode_reward": 945.0, "episode": 301.0, "batch_reward": 1.219625, "critic_loss": 43.72026623535156, "actor_loss": -186.6611005859375, "alpha_loss": -1.55971497297287e-05, "alpha_value": 0.08164339363574982, "duration": 83.42261672019958, "step": 75250}
{"episode_reward": 131.0, "episode": 302.0, "batch_reward": 1.22334375, "critic_loss": 51.39273121643066, "actor_loss": -188.01658117675782, "alpha_loss": -0.004598542898893356, "alpha_value": 0.08177427554130554, "duration": 83.38597011566162, "step": 75500}
{"episode_reward": 14.0, "episode": 303.0, "batch_reward": 1.20796875, "critic_loss": 92.21336311340332, "actor_loss": -188.01514379882812, "alpha_loss": -0.006404515972360968, "alpha_value": 0.08214725041389466, "duration": 83.46259188652039, "step": 75750}
{"episode_reward": 40.0, "episode": 304.0, "batch_reward": 1.217375, "critic_loss": 57.55030922698975, "actor_loss": -187.57155541992188, "alpha_loss": 0.004574019538238645, "alpha_value": 0.0822670841217041, "duration": 83.38236093521118, "step": 76000}
{"episode_reward": 609.0, "episode": 305.0, "batch_reward": 1.19853125, "critic_loss": 46.17697924804688, "actor_loss": -190.00054833984376, "alpha_loss": 0.0020238107498735188, "alpha_value": 0.08197071379423142, "duration": 83.46905970573425, "step": 76250}
{"episode_reward": 0.0, "episode": 306.0, "batch_reward": 1.21346875, "critic_loss": 79.61845237731933, "actor_loss": -187.45369421386718, "alpha_loss": 0.0020585945965722204, "alpha_value": 0.08177409952878952, "duration": 83.26119685173035, "step": 76500}
{"episode_reward": 28.0, "episode": 307.0, "batch_reward": 1.20315625, "critic_loss": 71.08557364654541, "actor_loss": -187.72153063964845, "alpha_loss": 0.0009299948560073972, "alpha_value": 0.08174858939647675, "duration": 83.25254774093628, "step": 76750}
{"episode_reward": 934.0, "episode": 308.0, "batch_reward": 1.189625, "critic_loss": 49.36882197570801, "actor_loss": -188.84117407226563, "alpha_loss": 7.386987097561359e-06, "alpha_value": 0.081727967441082, "duration": 83.22798180580139, "step": 77000}
{"episode_reward": 182.0, "episode": 309.0, "batch_reward": 1.18725, "critic_loss": 59.69141639709473, "actor_loss": -186.77738635253905, "alpha_loss": 0.005875257867388428, "alpha_value": 0.08150459831953048, "duration": 83.57265305519104, "step": 77250}
{"episode_reward": 46.0, "episode": 310.0, "batch_reward": 1.212125, "critic_loss": 58.07678205871582, "actor_loss": -189.97059252929688, "alpha_loss": -0.0064838004317134615, "alpha_value": 0.08157962602376938, "duration": 83.37902808189392, "step": 77500}
{"episode_reward": 364.0, "episode": 311.0, "batch_reward": 1.212, "critic_loss": 50.28603120422363, "actor_loss": -189.76300769042967, "alpha_loss": -0.006994104564189911, "alpha_value": 0.08203234791755676, "duration": 83.22105836868286, "step": 77750}
{"episode_reward": 10.0, "episode": 312.0, "batch_reward": 1.19075, "critic_loss": 47.812140258789064, "actor_loss": -188.2188125, "alpha_loss": -0.00023757884185761214, "alpha_value": 0.08218457406759262, "duration": 83.3640284538269, "step": 78000}
{"episode_reward": 202.0, "episode": 313.0, "batch_reward": 1.1919375, "critic_loss": 47.967512786865235, "actor_loss": -188.645939453125, "alpha_loss": 0.005427952131256461, "alpha_value": 0.08207945388555526, "duration": 83.33200025558472, "step": 78250}
{"episode_reward": 435.0, "episode": 314.0, "batch_reward": 1.20328125, "critic_loss": 53.4810396270752, "actor_loss": -188.39592810058593, "alpha_loss": -0.0007650136761367321, "alpha_value": 0.08187823772430419, "duration": 83.43275690078735, "step": 78500}
{"episode_reward": 685.0, "episode": 315.0, "batch_reward": 1.213875, "critic_loss": 75.1330046005249, "actor_loss": -188.55829077148437, "alpha_loss": 1.901659741997719e-05, "alpha_value": 0.08188432264328004, "duration": 83.19095230102539, "step": 78750}
{"episode_reward": 965.0, "episode": 316.0, "batch_reward": 1.2188125, "critic_loss": 49.70313187408447, "actor_loss": -190.39868493652344, "alpha_loss": -0.0039828303335234525, "alpha_value": 0.08204243236780166, "duration": 83.34722399711609, "step": 79000}
{"episode_reward": 267.0, "episode": 317.0, "batch_reward": 1.2025625, "critic_loss": 66.46363265991211, "actor_loss": -187.31551135253906, "alpha_loss": 0.0017800001688301564, "alpha_value": 0.0821121345758438, "duration": 83.24970746040344, "step": 79250}
{"episode_reward": 17.0, "episode": 318.0, "batch_reward": 1.21209375, "critic_loss": 53.87207000732422, "actor_loss": -187.75381884765625, "alpha_loss": 0.0031246052198112013, "alpha_value": 0.0819704617857933, "duration": 83.19967889785767, "step": 79500}
{"episode_reward": 395.0, "episode": 319.0, "batch_reward": 1.22584375, "critic_loss": 50.749373016357424, "actor_loss": -190.45137512207032, "alpha_loss": 0.003443808425217867, "alpha_value": 0.08174148547649383, "duration": 82.64168357849121, "step": 79750}
{"episode_reward": 942.0, "episode": 320.0, "batch_reward": 1.21540625, "critic_loss": 54.564388671875, "actor_loss": -189.08709790039063, "alpha_loss": 0.0005670374967157841, "alpha_value": 0.0816298173069954, "duration": 83.292245388031, "step": 80000}
