{"episode_reward": 0.0, "episode": 1.0, "duration": 67.75005602836609, "step": 250}
{"episode_reward": 31.0, "episode": 2.0, "duration": 5.63385534286499, "step": 500}
{"episode_reward": 41.0, "episode": 3.0, "duration": 5.633840084075928, "step": 750}
{"episode_reward": 38.0, "episode": 4.0, "duration": 5.616864919662476, "step": 1000}
{"episode_reward": 22.0, "episode": 5.0, "batch_reward": 0.12784602682145715, "critic_loss": 0.8642311409873377, "actor_loss": -1.4686938461274226, "alpha_loss": 0.31034194847098234, "alpha_value": 0.09468788381175426, "duration": 390.622474193573, "step": 1250}
{"episode_reward": 4.0, "episode": 6.0, "batch_reward": 0.10809375, "critic_loss": 0.9497555832862854, "actor_loss": -2.682426733016968, "alpha_loss": 0.2760503916740418, "alpha_value": 0.08921420258283615, "duration": 76.09788775444031, "step": 1500}
{"episode_reward": 23.0, "episode": 7.0, "batch_reward": 0.15596875, "critic_loss": 1.4420953582525253, "actor_loss": -2.888660310745239, "alpha_loss": 0.2689647183418274, "alpha_value": 0.08821034795045853, "duration": 76.22466540336609, "step": 1750}
{"episode_reward": 132.0, "episode": 8.0, "batch_reward": 0.1720625, "critic_loss": 1.2757560846805573, "actor_loss": -3.0476553497314454, "alpha_loss": 0.25420391154289246, "alpha_value": 0.08724471551179885, "duration": 75.75782179832458, "step": 2000}
{"episode_reward": 46.0, "episode": 9.0, "batch_reward": 0.1803125, "critic_loss": 1.49460932636261, "actor_loss": -3.2350986976623535, "alpha_loss": 0.24134487736225127, "alpha_value": 0.08631883984804153, "duration": 76.1847870349884, "step": 2250}
{"episode_reward": 42.0, "episode": 10.0, "batch_reward": 0.1765, "critic_loss": 2.025415841341019, "actor_loss": -3.3963704795837404, "alpha_loss": 0.23782005357742309, "alpha_value": 0.08541868895292282, "duration": 75.7563726902008, "step": 2500}
{"episode_reward": 54.0, "episode": 11.0, "batch_reward": 0.17665625, "critic_loss": 2.076570240020752, "actor_loss": -3.5302456493377687, "alpha_loss": 0.23136007344722748, "alpha_value": 0.08451771515607834, "duration": 75.51844239234924, "step": 2750}
{"episode_reward": 77.0, "episode": 12.0, "batch_reward": 0.1795, "critic_loss": 2.7780926954746246, "actor_loss": -3.8498818321228025, "alpha_loss": 0.22044818365573884, "alpha_value": 0.08364147007465363, "duration": 75.67405796051025, "step": 3000}
{"episode_reward": 47.0, "episode": 13.0, "batch_reward": 0.276625, "critic_loss": 3.184612594842911, "actor_loss": -4.317893571853638, "alpha_loss": 0.19598531293869018, "alpha_value": 0.08281777256727219, "duration": 76.08551669120789, "step": 3250}
{"episode_reward": 433.0, "episode": 14.0, "batch_reward": 0.31053125, "critic_loss": 3.7038546624183657, "actor_loss": -4.7983622512817385, "alpha_loss": 0.1848439588546753, "alpha_value": 0.08206790548563003, "duration": 75.57279682159424, "step": 3500}
{"episode_reward": 57.0, "episode": 15.0, "batch_reward": 0.2963125, "critic_loss": 4.751504416465759, "actor_loss": -5.453680606842041, "alpha_loss": 0.17359772753715516, "alpha_value": 0.08132298797369003, "duration": 75.92825078964233, "step": 3750}
{"episode_reward": 76.0, "episode": 16.0, "batch_reward": 0.2916875, "critic_loss": 5.192138918399811, "actor_loss": -6.030935871124267, "alpha_loss": 0.16068611139059066, "alpha_value": 0.0806322655081749, "duration": 75.80898547172546, "step": 4000}
{"episode_reward": 19.0, "episode": 17.0, "batch_reward": 0.27865625, "critic_loss": 5.138454616069794, "actor_loss": -6.347826011657715, "alpha_loss": 0.1567876792550087, "alpha_value": 0.07994110649824142, "duration": 75.33630681037903, "step": 4250}
{"episode_reward": 0.0, "episode": 18.0, "batch_reward": 0.24971875, "critic_loss": 4.892760820388794, "actor_loss": -6.676604755401612, "alpha_loss": 0.16244949805736542, "alpha_value": 0.07922841340303421, "duration": 76.31303024291992, "step": 4500}
{"episode_reward": 26.0, "episode": 19.0, "batch_reward": 0.2916875, "critic_loss": 6.436063808441162, "actor_loss": -7.246848388671875, "alpha_loss": 0.15348645502328873, "alpha_value": 0.07851067823171616, "duration": 76.15295195579529, "step": 4750}
{"episode_reward": 314.0, "episode": 20.0, "batch_reward": 0.33853125, "critic_loss": 7.691331575393677, "actor_loss": -7.79572038269043, "alpha_loss": 0.13869606482982635, "alpha_value": 0.07783988332748414, "duration": 75.91470718383789, "step": 5000}
{"episode_reward": 366.0, "episode": 21.0, "batch_reward": 0.36453125, "critic_loss": 7.632282939910889, "actor_loss": -8.408883605957032, "alpha_loss": 0.1366362151503563, "alpha_value": 0.0771762627363205, "duration": 76.018883228302, "step": 5250}
{"episode_reward": 43.0, "episode": 22.0, "batch_reward": 0.367625, "critic_loss": 8.625322604179383, "actor_loss": -8.82993404006958, "alpha_loss": 0.130662995159626, "alpha_value": 0.07652604842185974, "duration": 75.62181639671326, "step": 5500}
{"episode_reward": 112.0, "episode": 23.0, "batch_reward": 0.3654375, "critic_loss": 8.93628260231018, "actor_loss": -9.573839084625245, "alpha_loss": 0.11925175487995147, "alpha_value": 0.07589032161235809, "duration": 75.74241161346436, "step": 5750}
{"episode_reward": 68.0, "episode": 24.0, "batch_reward": 0.38690625, "critic_loss": 9.034987352371216, "actor_loss": -10.2413330078125, "alpha_loss": 0.11692202460765838, "alpha_value": 0.07529032599925994, "duration": 75.72248077392578, "step": 6000}
{"episode_reward": 649.0, "episode": 25.0, "batch_reward": 0.4334375, "critic_loss": 9.120690086364746, "actor_loss": -11.174102416992188, "alpha_loss": 0.1125471288561821, "alpha_value": 0.07467270743846893, "duration": 75.86368441581726, "step": 6250}
{"episode_reward": 72.0, "episode": 26.0, "batch_reward": 0.4480625, "critic_loss": 9.800629510879517, "actor_loss": -12.392460952758789, "alpha_loss": 0.09955985748767852, "alpha_value": 0.0740891559123993, "duration": 75.40373682975769, "step": 6500}
{"episode_reward": 278.0, "episode": 27.0, "batch_reward": 0.45284375, "critic_loss": 11.075203901290893, "actor_loss": -12.952629943847656, "alpha_loss": 0.08220167347788811, "alpha_value": 0.07356521999835967, "duration": 75.67982935905457, "step": 6750}
{"episode_reward": 30.0, "episode": 28.0, "batch_reward": 0.44375, "critic_loss": 11.723443712234497, "actor_loss": -13.767735008239747, "alpha_loss": 0.06968487879633903, "alpha_value": 0.07312680798768997, "duration": 75.70660352706909, "step": 7000}
{"episode_reward": 48.0, "episode": 29.0, "batch_reward": 0.44421875, "critic_loss": 11.55067582321167, "actor_loss": -14.637634635925293, "alpha_loss": 0.0644474167227745, "alpha_value": 0.0727261933684349, "duration": 75.88043165206909, "step": 7250}
{"episode_reward": 72.0, "episode": 30.0, "batch_reward": 0.43546875, "critic_loss": 14.245329454421997, "actor_loss": -15.44221006011963, "alpha_loss": 0.06565053924918175, "alpha_value": 0.07231464159488678, "duration": 75.53303074836731, "step": 7500}
{"episode_reward": 122.0, "episode": 31.0, "batch_reward": 0.44528125, "critic_loss": 13.740713645935058, "actor_loss": -16.087630363464356, "alpha_loss": 0.06758170767128467, "alpha_value": 0.0718513664007187, "duration": 75.61341404914856, "step": 7750}
{"episode_reward": 71.0, "episode": 32.0, "batch_reward": 0.43521875, "critic_loss": 13.205155654907227, "actor_loss": -16.6834937210083, "alpha_loss": 0.06251581398397685, "alpha_value": 0.07140031695365906, "duration": 75.51143503189087, "step": 8000}
{"episode_reward": 28.0, "episode": 33.0, "batch_reward": 0.41553125, "critic_loss": 16.487889547348022, "actor_loss": -17.585668144226073, "alpha_loss": 0.06265029162168503, "alpha_value": 0.07094433826208114, "duration": 75.6336739063263, "step": 8250}
{"episode_reward": 0.0, "episode": 34.0, "batch_reward": 0.428875, "critic_loss": 15.930157070159913, "actor_loss": -18.53374514770508, "alpha_loss": 0.05387882801890373, "alpha_value": 0.07051033306121826, "duration": 75.49167037010193, "step": 8500}
{"episode_reward": 188.0, "episode": 35.0, "batch_reward": 0.4344375, "critic_loss": 17.638433490753172, "actor_loss": -19.008868400573732, "alpha_loss": 0.05405719306319952, "alpha_value": 0.07006861263513565, "duration": 75.51942873001099, "step": 8750}
{"episode_reward": 319.0, "episode": 36.0, "batch_reward": 0.4536875, "critic_loss": 17.681037269592284, "actor_loss": -19.570424781799318, "alpha_loss": 0.05146066044270992, "alpha_value": 0.06965369951725006, "duration": 75.54625654220581, "step": 9000}
{"episode_reward": 171.0, "episode": 37.0, "batch_reward": 0.46075, "critic_loss": 16.684826389312743, "actor_loss": -20.26305628967285, "alpha_loss": 0.044249747914262116, "alpha_value": 0.06924683672189713, "duration": 76.61655974388123, "step": 9250}
{"episode_reward": 75.0, "episode": 38.0, "batch_reward": 0.439125, "critic_loss": 17.38348860168457, "actor_loss": -20.439001693725587, "alpha_loss": 0.04652657612413168, "alpha_value": 0.06882783496379852, "duration": 76.88819932937622, "step": 9500}
{"episode_reward": 6.0, "episode": 39.0, "batch_reward": 0.436625, "critic_loss": 18.400397964477538, "actor_loss": -21.192077545166015, "alpha_loss": 0.04624152051657438, "alpha_value": 0.06840097814798356, "duration": 75.523188829422, "step": 9750}
{"episode_reward": 121.0, "episode": 40.0, "batch_reward": 0.45184375, "critic_loss": 26.012596366882324, "actor_loss": -22.49814959716797, "alpha_loss": 0.03916079955920577, "alpha_value": 0.06798727613687515, "duration": 75.97744250297546, "step": 10000}
{"episode_reward": 261.0, "episode": 41.0, "batch_reward": 0.48434375, "critic_loss": 24.907146793365477, "actor_loss": -23.793551208496094, "alpha_loss": 0.036021055694669485, "alpha_value": 0.0676110777258873, "duration": 141.18756580352783, "step": 10250}
{"episode_reward": 849.0, "episode": 42.0, "batch_reward": 0.5398125, "critic_loss": 24.037058219909667, "actor_loss": -25.52783821105957, "alpha_loss": 0.0300322795137763, "alpha_value": 0.06726138776540756, "duration": 76.54597663879395, "step": 10500}
{"episode_reward": 48.0, "episode": 43.0, "batch_reward": 0.5051875, "critic_loss": 23.506953094482423, "actor_loss": -25.985784698486327, "alpha_loss": 0.02615714358072728, "alpha_value": 0.06695360231399536, "duration": 76.10886216163635, "step": 10750}
{"episode_reward": 25.0, "episode": 44.0, "batch_reward": 0.528625, "critic_loss": 23.720114051818847, "actor_loss": -27.49739318847656, "alpha_loss": 0.02578343641012907, "alpha_value": 0.06665980648994446, "duration": 75.53007173538208, "step": 11000}
{"episode_reward": 816.0, "episode": 45.0, "batch_reward": 0.5708125, "critic_loss": 27.8149140625, "actor_loss": -28.823189117431642, "alpha_loss": 0.019039996719919145, "alpha_value": 0.06637134045362472, "duration": 76.0608229637146, "step": 11250}
{"episode_reward": 9.0, "episode": 46.0, "batch_reward": 0.56840625, "critic_loss": 29.20980743408203, "actor_loss": -30.295102157592773, "alpha_loss": 0.010240649741142988, "alpha_value": 0.06621528697013855, "duration": 76.54843544960022, "step": 11500}
{"episode_reward": 35.0, "episode": 47.0, "batch_reward": 0.54815625, "critic_loss": 27.58321283721924, "actor_loss": -30.788972625732423, "alpha_loss": 0.007241612846963108, "alpha_value": 0.06608515757322311, "duration": 75.94767165184021, "step": 11750}
{"episode_reward": 15.0, "episode": 48.0, "batch_reward": 0.53371875, "critic_loss": 25.685356552124023, "actor_loss": -31.08914125061035, "alpha_loss": 0.0069752405434846875, "alpha_value": 0.06598457992076874, "duration": 76.11659288406372, "step": 12000}
{"episode_reward": 2.0, "episode": 49.0, "batch_reward": 0.52184375, "critic_loss": 27.99100955200195, "actor_loss": -32.363043106079104, "alpha_loss": 0.005665865702554584, "alpha_value": 0.06590994828939438, "duration": 76.16925930976868, "step": 12250}
{"episode_reward": 26.0, "episode": 50.0, "batch_reward": 0.5535, "critic_loss": 28.581281242370604, "actor_loss": -32.96441090393066, "alpha_loss": 0.009391055969521403, "alpha_value": 0.0657773922085762, "duration": 75.88613843917847, "step": 12500}
{"episode_reward": 972.0, "episode": 51.0, "batch_reward": 0.59234375, "critic_loss": 34.676551780700684, "actor_loss": -35.03243760681152, "alpha_loss": 0.004262355238199234, "alpha_value": 0.06566485834121705, "duration": 76.24577474594116, "step": 12750}
{"episode_reward": 87.0, "episode": 52.0, "batch_reward": 0.61821875, "critic_loss": 34.31118510437012, "actor_loss": -36.81620135498047, "alpha_loss": 0.004713713558390737, "alpha_value": 0.06557164603471756, "duration": 76.06570363044739, "step": 13000}
{"episode_reward": 976.0, "episode": 53.0, "batch_reward": 0.64953125, "critic_loss": 36.62554726409912, "actor_loss": -38.723118621826174, "alpha_loss": 0.0011381482686847449, "alpha_value": 0.06550857830047607, "duration": 75.94876956939697, "step": 13250}
{"episode_reward": 773.0, "episode": 54.0, "batch_reward": 0.69209375, "critic_loss": 36.67123709869385, "actor_loss": -39.91445806884766, "alpha_loss": -0.007775387103669346, "alpha_value": 0.06557800048589707, "duration": 75.85196232795715, "step": 13500}
{"episode_reward": 68.0, "episode": 55.0, "batch_reward": 0.70353125, "critic_loss": 34.953215667724606, "actor_loss": -41.054635833740235, "alpha_loss": -0.009259806109592318, "alpha_value": 0.06577203273773194, "duration": 75.81093192100525, "step": 13750}
{"episode_reward": 277.0, "episode": 56.0, "batch_reward": 0.6933125, "critic_loss": 35.07925119781494, "actor_loss": -41.62249307250976, "alpha_loss": -0.011647821565158666, "alpha_value": 0.06598989027738571, "duration": 75.90878558158875, "step": 14000}
{"episode_reward": 11.0, "episode": 57.0, "batch_reward": 0.6821875, "critic_loss": 34.2114450378418, "actor_loss": -42.87076434326172, "alpha_loss": -0.011856126206927001, "alpha_value": 0.06625335943698883, "duration": 75.4094033241272, "step": 14250}
{"episode_reward": 46.0, "episode": 58.0, "batch_reward": 0.6938125, "critic_loss": 37.891193992614745, "actor_loss": -44.73205081176758, "alpha_loss": -0.017156720172613858, "alpha_value": 0.06661182373762131, "duration": 75.91171860694885, "step": 14500}
{"episode_reward": 891.0, "episode": 59.0, "batch_reward": 0.72659375, "critic_loss": 38.40131298828125, "actor_loss": -45.82358511352539, "alpha_loss": -0.016437449506483973, "alpha_value": 0.06700834161043168, "duration": 76.19633841514587, "step": 14750}
{"episode_reward": 37.0, "episode": 60.0, "batch_reward": 0.76625, "critic_loss": 35.032134162902835, "actor_loss": -48.517606628417965, "alpha_loss": -0.0261576060410589, "alpha_value": 0.06759406107664108, "duration": 75.75477957725525, "step": 15000}
{"episode_reward": 988.0, "episode": 61.0, "batch_reward": 0.75834375, "critic_loss": 36.05398481750488, "actor_loss": -49.174650512695315, "alpha_loss": -0.02028088691830635, "alpha_value": 0.06823445338010788, "duration": 75.43416690826416, "step": 15250}
{"episode_reward": 36.0, "episode": 62.0, "batch_reward": 0.75825, "critic_loss": 35.13704400634766, "actor_loss": -49.66077182006836, "alpha_loss": -0.014667527651414275, "alpha_value": 0.06865065962076188, "duration": 75.98282408714294, "step": 15500}
{"episode_reward": 7.0, "episode": 63.0, "batch_reward": 0.74071875, "critic_loss": 34.41899878692627, "actor_loss": -50.79090853881836, "alpha_loss": -0.022139605283737183, "alpha_value": 0.06922916668653488, "duration": 75.93542146682739, "step": 15750}
{"episode_reward": 56.0, "episode": 64.0, "batch_reward": 0.72209375, "critic_loss": 30.98343064880371, "actor_loss": -51.23997204589844, "alpha_loss": -0.012802654678002, "alpha_value": 0.06972540682554244, "duration": 76.13245177268982, "step": 16000}
{"episode_reward": 0.0, "episode": 65.0, "batch_reward": 0.7565625, "critic_loss": 32.371624893188475, "actor_loss": -53.02159899902344, "alpha_loss": -0.01499548883549869, "alpha_value": 0.07010938477516174, "duration": 76.28641033172607, "step": 16250}
{"episode_reward": 959.0, "episode": 66.0, "batch_reward": 0.77815625, "critic_loss": 33.070259845733645, "actor_loss": -54.595506866455075, "alpha_loss": -0.019731826906092466, "alpha_value": 0.0706061754822731, "duration": 75.80104780197144, "step": 16500}
{"episode_reward": 24.0, "episode": 67.0, "batch_reward": 0.75309375, "critic_loss": 33.09063054656983, "actor_loss": -55.43836224365234, "alpha_loss": -0.010213947510346771, "alpha_value": 0.07113805788755417, "duration": 76.09285187721252, "step": 16750}
{"episode_reward": 49.0, "episode": 68.0, "batch_reward": 0.76090625, "critic_loss": 33.26115277099609, "actor_loss": -56.08481185913086, "alpha_loss": -0.007191211644560098, "alpha_value": 0.07138084864616394, "duration": 75.68567562103271, "step": 17000}
{"episode_reward": 51.0, "episode": 69.0, "batch_reward": 0.74590625, "critic_loss": 33.592222564697266, "actor_loss": -56.83850717163086, "alpha_loss": -0.004959049969911576, "alpha_value": 0.07161805981397629, "duration": 76.05166935920715, "step": 17250}
{"episode_reward": 10.0, "episode": 70.0, "batch_reward": 0.74284375, "critic_loss": 34.03826491546631, "actor_loss": -57.75041366577148, "alpha_loss": -0.003964550556614995, "alpha_value": 0.07179493230581284, "duration": 75.97826647758484, "step": 17500}
{"episode_reward": 240.0, "episode": 71.0, "batch_reward": 0.72921875, "critic_loss": 32.166060317993164, "actor_loss": -58.11631988525391, "alpha_loss": -0.0010654951892793178, "alpha_value": 0.07189064782857894, "duration": 75.53384757041931, "step": 17750}
{"episode_reward": 66.0, "episode": 72.0, "batch_reward": 0.73953125, "critic_loss": 31.431037311553954, "actor_loss": -58.86678454589844, "alpha_loss": -0.0006231010537594557, "alpha_value": 0.07187383913993836, "duration": 75.8846263885498, "step": 18000}
{"episode_reward": 61.0, "episode": 73.0, "batch_reward": 0.73334375, "critic_loss": 34.290117630004886, "actor_loss": -59.41237655639648, "alpha_loss": 0.004384030480869114, "alpha_value": 0.0718683934211731, "duration": 76.08088541030884, "step": 18250}
{"episode_reward": 484.0, "episode": 74.0, "batch_reward": 0.7440625, "critic_loss": 35.9057299118042, "actor_loss": -60.00548641967774, "alpha_loss": 0.0037963519357144832, "alpha_value": 0.0716106139421463, "duration": 75.70517754554749, "step": 18500}
{"episode_reward": 83.0, "episode": 75.0, "batch_reward": 0.7493125, "critic_loss": 34.81000827026367, "actor_loss": -61.3970680847168, "alpha_loss": -0.00010927905701100827, "alpha_value": 0.07156141543388367, "duration": 75.78779697418213, "step": 18750}
{"episode_reward": 805.0, "episode": 76.0, "batch_reward": 0.76359375, "critic_loss": 39.68261790466308, "actor_loss": -63.81090475463867, "alpha_loss": 0.0052273297905921935, "alpha_value": 0.07147786355018616, "duration": 76.77322888374329, "step": 19000}
{"episode_reward": 7.0, "episode": 77.0, "batch_reward": 0.7608125, "critic_loss": 36.72297187423706, "actor_loss": -65.59787561035157, "alpha_loss": 0.002870867494493723, "alpha_value": 0.07129617536067963, "duration": 75.65854477882385, "step": 19250}
{"episode_reward": 266.0, "episode": 78.0, "batch_reward": 0.76809375, "critic_loss": 35.321636978149414, "actor_loss": -66.4434767150879, "alpha_loss": 0.0010450530042871832, "alpha_value": 0.07116927653551101, "duration": 75.53966546058655, "step": 19500}
{"episode_reward": 184.0, "episode": 79.0, "batch_reward": 0.777, "critic_loss": 40.7110019454956, "actor_loss": -66.2048717956543, "alpha_loss": 0.004402448946610093, "alpha_value": 0.07118655407428741, "duration": 75.87191939353943, "step": 19750}
{"episode_reward": 486.0, "episode": 80.0, "batch_reward": 0.776375, "critic_loss": 40.30530393981934, "actor_loss": -67.18438677978516, "alpha_loss": 0.0015727071706205607, "alpha_value": 0.07101472544670105, "duration": 75.86918926239014, "step": 20000}
{"episode_reward": 75.0, "episode": 81.0, "batch_reward": 0.7746875, "critic_loss": 37.08181629562378, "actor_loss": -67.32497988891602, "alpha_loss": 0.0011002306118607522, "alpha_value": 0.07087160784006119, "duration": 141.16497254371643, "step": 20250}
{"episode_reward": 66.0, "episode": 82.0, "batch_reward": 0.75740625, "critic_loss": 40.685685371398925, "actor_loss": -67.9902194519043, "alpha_loss": 0.0004973653191700577, "alpha_value": 0.07087959343194962, "duration": 75.86831450462341, "step": 20500}
{"episode_reward": 11.0, "episode": 83.0, "batch_reward": 0.77278125, "critic_loss": 39.07675492095947, "actor_loss": -69.74641467285156, "alpha_loss": -0.006473784959875047, "alpha_value": 0.07098904085159302, "duration": 75.62441229820251, "step": 20750}
{"episode_reward": 183.0, "episode": 84.0, "batch_reward": 0.752375, "critic_loss": 36.488241760253906, "actor_loss": -69.46288265991211, "alpha_loss": -0.0011000025905668735, "alpha_value": 0.0712206859588623, "duration": 76.85661768913269, "step": 21000}
{"episode_reward": 8.0, "episode": 85.0, "batch_reward": 0.76153125, "critic_loss": 35.23593914031982, "actor_loss": -70.56284729003906, "alpha_loss": 0.001231503383256495, "alpha_value": 0.07121039217710495, "duration": 75.61371755599976, "step": 21250}
{"episode_reward": 944.0, "episode": 86.0, "batch_reward": 0.77528125, "critic_loss": 34.62277770233154, "actor_loss": -70.29684365844727, "alpha_loss": 0.004046731028705835, "alpha_value": 0.07107497996091842, "duration": 76.20687127113342, "step": 21500}
{"episode_reward": 0.0, "episode": 87.0, "batch_reward": 0.77596875, "critic_loss": 33.88386904144287, "actor_loss": -71.09202142333984, "alpha_loss": 0.007347180239856243, "alpha_value": 0.07074490922689437, "duration": 76.1955931186676, "step": 21750}
{"episode_reward": 0.0, "episode": 88.0, "batch_reward": 0.77490625, "critic_loss": 33.76474674987793, "actor_loss": -71.66831787109375, "alpha_loss": 0.007464768447913229, "alpha_value": 0.07044447070360184, "duration": 76.07511615753174, "step": 22000}
{"episode_reward": 0.0, "episode": 89.0, "batch_reward": 0.751875, "critic_loss": 32.592136436462404, "actor_loss": -70.51488241577148, "alpha_loss": 0.01105103258229792, "alpha_value": 0.06992000168561935, "duration": 75.906564950943, "step": 22250}
{"episode_reward": 6.0, "episode": 90.0, "batch_reward": 0.74934375, "critic_loss": 34.37612226867676, "actor_loss": -71.61732858276368, "alpha_loss": 0.005936698332428932, "alpha_value": 0.0694721092581749, "duration": 75.93003726005554, "step": 22500}
{"episode_reward": 94.0, "episode": 91.0, "batch_reward": 0.75465625, "critic_loss": 32.69280073547363, "actor_loss": -72.38444152832031, "alpha_loss": 0.0013310979902744294, "alpha_value": 0.06928168296813965, "duration": 75.76068472862244, "step": 22750}
{"episode_reward": 29.0, "episode": 92.0, "batch_reward": 0.74359375, "critic_loss": 31.907845516204834, "actor_loss": -72.22023376464844, "alpha_loss": 0.0016139324204996227, "alpha_value": 0.06923485600948334, "duration": 75.21949934959412, "step": 23000}
{"episode_reward": 0.0, "episode": 93.0, "batch_reward": 0.7213125, "critic_loss": 33.12706881713867, "actor_loss": -71.08710287475586, "alpha_loss": 0.01009279440715909, "alpha_value": 0.06897896832227707, "duration": 75.84262990951538, "step": 23250}
{"episode_reward": 0.0, "episode": 94.0, "batch_reward": 0.73846875, "critic_loss": 34.10533102416992, "actor_loss": -72.4994682006836, "alpha_loss": 0.014273002718575298, "alpha_value": 0.06832241886854172, "duration": 75.84165072441101, "step": 23500}
{"episode_reward": 963.0, "episode": 95.0, "batch_reward": 0.73828125, "critic_loss": 32.235044544219974, "actor_loss": -73.09826016235351, "alpha_loss": 0.013672229943796993, "alpha_value": 0.06764498889446259, "duration": 75.25611686706543, "step": 23750}
{"episode_reward": 14.0, "episode": 96.0, "batch_reward": 0.7461875, "critic_loss": 31.229327350616455, "actor_loss": -73.47193432617188, "alpha_loss": 0.006222069285809994, "alpha_value": 0.06710857099294662, "duration": 75.7836081981659, "step": 24000}
{"episode_reward": 72.0, "episode": 97.0, "batch_reward": 0.74321875, "critic_loss": 31.588556827545165, "actor_loss": -72.5756962890625, "alpha_loss": 0.010002071730792523, "alpha_value": 0.06678742176294326, "duration": 75.77213501930237, "step": 24250}
{"episode_reward": 44.0, "episode": 98.0, "batch_reward": 0.74378125, "critic_loss": 43.97240787506104, "actor_loss": -74.12520327758789, "alpha_loss": 0.008423497863113881, "alpha_value": 0.06629010099172593, "duration": 75.34713959693909, "step": 24500}
{"episode_reward": 531.0, "episode": 99.0, "batch_reward": 0.73840625, "critic_loss": 39.01044700622558, "actor_loss": -74.95950469970703, "alpha_loss": -5.954483337700367e-05, "alpha_value": 0.06612400031089782, "duration": 75.37004494667053, "step": 24750}
{"episode_reward": 78.0, "episode": 100.0, "batch_reward": 0.7456875, "critic_loss": 38.055206707000735, "actor_loss": -75.87115219116211, "alpha_loss": 0.003769764767959714, "alpha_value": 0.06608561646938324, "duration": 75.8049247264862, "step": 25000}
{"episode_reward": 4.0, "episode": 101.0, "batch_reward": 0.7371875, "critic_loss": 39.2971174697876, "actor_loss": -75.16628530883789, "alpha_loss": 0.005329771434888244, "alpha_value": 0.06583934444189071, "duration": 75.5119276046753, "step": 25250}
{"episode_reward": 184.0, "episode": 102.0, "batch_reward": 0.738625, "critic_loss": 35.10277137374878, "actor_loss": -74.69960983276367, "alpha_loss": 0.01089926659874618, "alpha_value": 0.06543965059518814, "duration": 75.57241702079773, "step": 25500}
{"episode_reward": 82.0, "episode": 103.0, "batch_reward": 0.74090625, "critic_loss": 42.243475936889645, "actor_loss": -74.58181729125977, "alpha_loss": 0.009457287490367889, "alpha_value": 0.06489254087209702, "duration": 78.0899429321289, "step": 25750}
{"episode_reward": 776.0, "episode": 104.0, "batch_reward": 0.76809375, "critic_loss": 42.14233882522583, "actor_loss": -75.49218505859375, "alpha_loss": 0.00967494222894311, "alpha_value": 0.06454776680469512, "duration": 88.11630892753601, "step": 26000}
{"episode_reward": 0.0, "episode": 105.0, "batch_reward": 0.74290625, "critic_loss": 38.616868160247805, "actor_loss": -76.13572271728516, "alpha_loss": 0.009199441712349652, "alpha_value": 0.0640503580570221, "duration": 89.66857481002808, "step": 26250}
{"episode_reward": 55.0, "episode": 106.0, "batch_reward": 0.754875, "critic_loss": 37.11519057464599, "actor_loss": -74.83659518432617, "alpha_loss": 0.010369582477025688, "alpha_value": 0.06357730829715728, "duration": 89.99583101272583, "step": 26500}
{"episode_reward": 236.0, "episode": 107.0, "batch_reward": 0.73478125, "critic_loss": 35.74987725830078, "actor_loss": -75.30588385009766, "alpha_loss": 0.0045526701845228675, "alpha_value": 0.06323295503854752, "duration": 89.8584635257721, "step": 26750}
{"episode_reward": 11.0, "episode": 108.0, "batch_reward": 0.73653125, "critic_loss": 37.3756270904541, "actor_loss": -75.72073367309571, "alpha_loss": 0.007573379899375141, "alpha_value": 0.06296679878234863, "duration": 90.40361261367798, "step": 27000}
{"episode_reward": 76.0, "episode": 109.0, "batch_reward": 0.7410625, "critic_loss": 33.66952149200439, "actor_loss": -77.02658068847656, "alpha_loss": 0.005435813158750534, "alpha_value": 0.06267808765172958, "duration": 90.41489386558533, "step": 27250}
{"episode_reward": 32.0, "episode": 110.0, "batch_reward": 0.7386875, "critic_loss": 34.62655310058594, "actor_loss": -76.256021484375, "alpha_loss": 0.009804339861497284, "alpha_value": 0.06234701997041702, "duration": 90.24775528907776, "step": 27500}
{"episode_reward": 101.0, "episode": 111.0, "batch_reward": 0.73071875, "critic_loss": 38.51018397140503, "actor_loss": -76.27194088745117, "alpha_loss": 0.0037804435500875117, "alpha_value": 0.06200884824991226, "duration": 89.8077495098114, "step": 27750}
{"episode_reward": 274.0, "episode": 112.0, "batch_reward": 0.73159375, "critic_loss": 36.36157487487793, "actor_loss": -76.24478381347656, "alpha_loss": 0.005656152272596956, "alpha_value": 0.06177719724178314, "duration": 90.19966745376587, "step": 28000}
{"episode_reward": 312.0, "episode": 113.0, "batch_reward": 0.738875, "critic_loss": 36.63363284301758, "actor_loss": -76.29314953613282, "alpha_loss": 0.006801597786135972, "alpha_value": 0.061486552119255064, "duration": 89.773521900177, "step": 28250}
{"episode_reward": 6.0, "episode": 114.0, "batch_reward": 0.7295, "critic_loss": 35.62066821289063, "actor_loss": -76.08736386108399, "alpha_loss": 0.008473229459486902, "alpha_value": 0.06108670917153358, "duration": 90.12810587882996, "step": 28500}
{"episode_reward": 135.0, "episode": 115.0, "batch_reward": 0.7235625, "critic_loss": 36.434010887145995, "actor_loss": -76.1549919128418, "alpha_loss": 0.00040819777362048626, "alpha_value": 0.06084726414084435, "duration": 90.43835377693176, "step": 28750}
{"episode_reward": 125.0, "episode": 116.0, "batch_reward": 0.7435, "critic_loss": 36.95760313415527, "actor_loss": -77.64180291748048, "alpha_loss": 0.0010413575423881413, "alpha_value": 0.06094448885321617, "duration": 90.15380501747131, "step": 29000}
{"episode_reward": 994.0, "episode": 117.0, "batch_reward": 0.7546875, "critic_loss": 36.91316072845459, "actor_loss": -78.41810345458984, "alpha_loss": -8.791444078087806e-05, "alpha_value": 0.06078028503060341, "duration": 89.94142389297485, "step": 29250}
{"episode_reward": 74.0, "episode": 118.0, "batch_reward": 0.75265625, "critic_loss": 33.63182822418213, "actor_loss": -77.30609548950196, "alpha_loss": 0.008206385765224694, "alpha_value": 0.06068129369616509, "duration": 90.05039191246033, "step": 29500}
{"episode_reward": 0.0, "episode": 119.0, "batch_reward": 0.74853125, "critic_loss": 33.96652640533447, "actor_loss": -78.29818307495117, "alpha_loss": 0.005787172039970755, "alpha_value": 0.060277806252241134, "duration": 90.2374279499054, "step": 29750}
{"episode_reward": 362.0, "episode": 120.0, "batch_reward": 0.73825, "critic_loss": 34.32146545791626, "actor_loss": -78.87441836547852, "alpha_loss": 0.0015047910613939165, "alpha_value": 0.06012957245111465, "duration": 90.17547512054443, "step": 30000}
{"episode_reward": 0.0, "episode": 121.0, "batch_reward": 0.7360625, "critic_loss": 34.76521971130371, "actor_loss": -79.25091430664062, "alpha_loss": 0.006335692977532744, "alpha_value": 0.05995910239219666, "duration": 154.4530029296875, "step": 30250}
{"episode_reward": 89.0, "episode": 122.0, "batch_reward": 0.73825, "critic_loss": 34.67781771850586, "actor_loss": -78.52207217407226, "alpha_loss": 0.010500149762257934, "alpha_value": 0.059543644547462464, "duration": 89.41085433959961, "step": 30500}
{"episode_reward": 234.0, "episode": 123.0, "batch_reward": 0.75765625, "critic_loss": 33.129849395751954, "actor_loss": -79.16890417480468, "alpha_loss": 0.0077697657719254494, "alpha_value": 0.05908280244469643, "duration": 89.74941825866699, "step": 30750}
{"episode_reward": 37.0, "episode": 124.0, "batch_reward": 0.735375, "critic_loss": 32.39809418869019, "actor_loss": -78.23856188964844, "alpha_loss": 0.01045359952468425, "alpha_value": 0.05863322368264198, "duration": 90.5407280921936, "step": 31000}
{"episode_reward": 12.0, "episode": 125.0, "batch_reward": 0.74065625, "critic_loss": 34.22975514984131, "actor_loss": -79.18814453125, "alpha_loss": 0.004418915742076934, "alpha_value": 0.058265132635831836, "duration": 90.05513787269592, "step": 31250}
{"episode_reward": 194.0, "episode": 126.0, "batch_reward": 0.75171875, "critic_loss": 33.5535969543457, "actor_loss": -79.4967876586914, "alpha_loss": 0.009364420043304563, "alpha_value": 0.05797831922769547, "duration": 89.7298629283905, "step": 31500}
{"episode_reward": 713.0, "episode": 127.0, "batch_reward": 0.7505625, "critic_loss": 34.159090934753415, "actor_loss": -80.11935668945313, "alpha_loss": 0.013938244320452214, "alpha_value": 0.05744680064916611, "duration": 90.02285695075989, "step": 31750}
{"episode_reward": 139.0, "episode": 128.0, "batch_reward": 0.75871875, "critic_loss": 34.23747325134277, "actor_loss": -80.71109600830079, "alpha_loss": 0.01275133421830833, "alpha_value": 0.05684883090853691, "duration": 90.22627449035645, "step": 32000}
{"episode_reward": 190.0, "episode": 129.0, "batch_reward": 0.76378125, "critic_loss": 34.93436797332764, "actor_loss": -81.9317180480957, "alpha_loss": 0.01288991873152554, "alpha_value": 0.056255707114934925, "duration": 90.63773393630981, "step": 32250}
{"episode_reward": 499.0, "episode": 130.0, "batch_reward": 0.75775, "critic_loss": 33.652484226226804, "actor_loss": -82.61205450439454, "alpha_loss": 0.00838633104134351, "alpha_value": 0.05579123452305794, "duration": 90.0968108177185, "step": 32500}
{"episode_reward": 467.0, "episode": 131.0, "batch_reward": 0.77321875, "critic_loss": 32.485327487945554, "actor_loss": -82.15840155029296, "alpha_loss": 0.006204321783035993, "alpha_value": 0.05550508922338486, "duration": 90.03318166732788, "step": 32750}
{"episode_reward": 121.0, "episode": 132.0, "batch_reward": 0.78540625, "critic_loss": 42.72708660888672, "actor_loss": -82.98126217651367, "alpha_loss": 0.0021921467036008836, "alpha_value": 0.055365311414003374, "duration": 89.84022498130798, "step": 33000}
{"episode_reward": 490.0, "episode": 133.0, "batch_reward": 0.7730625, "critic_loss": 39.90947336578369, "actor_loss": -84.56764575195312, "alpha_loss": 0.008566608522087335, "alpha_value": 0.055124635368585584, "duration": 90.48082089424133, "step": 33250}
{"episode_reward": 38.0, "episode": 134.0, "batch_reward": 0.76759375, "critic_loss": 38.170162017822264, "actor_loss": -83.7556351928711, "alpha_loss": 0.0113563047721982, "alpha_value": 0.05469324743747711, "duration": 89.89147663116455, "step": 33500}
{"episode_reward": 291.0, "episode": 135.0, "batch_reward": 0.769125, "critic_loss": 37.36622449493408, "actor_loss": -83.1516724243164, "alpha_loss": 0.0038310521049425006, "alpha_value": 0.0543567970097065, "duration": 89.90433263778687, "step": 33750}
{"episode_reward": 150.0, "episode": 136.0, "batch_reward": 0.7635, "critic_loss": 36.1083062171936, "actor_loss": -81.92766751098632, "alpha_loss": 0.007589949254877866, "alpha_value": 0.05406844010949135, "duration": 89.92948174476624, "step": 34000}
{"episode_reward": 27.0, "episode": 137.0, "batch_reward": 0.7640625, "critic_loss": 41.04343211364746, "actor_loss": -83.09852221679688, "alpha_loss": 0.007036307937465608, "alpha_value": 0.05379176986217499, "duration": 90.43180346488953, "step": 34250}
{"episode_reward": 3.0, "episode": 138.0, "batch_reward": 0.76659375, "critic_loss": 39.24230024719238, "actor_loss": -82.84031253051758, "alpha_loss": 0.013747180272825062, "alpha_value": 0.0533515447974205, "duration": 89.67839860916138, "step": 34500}
{"episode_reward": 0.0, "episode": 139.0, "batch_reward": 0.75865625, "critic_loss": 37.9856947479248, "actor_loss": -82.50068322753906, "alpha_loss": 0.009384910316206516, "alpha_value": 0.05281495314836502, "duration": 90.52806568145752, "step": 34750}
{"episode_reward": 360.0, "episode": 140.0, "batch_reward": 0.75796875, "critic_loss": 36.66745716094971, "actor_loss": -81.67908926391601, "alpha_loss": 0.008290428176522254, "alpha_value": 0.05246821290254593, "duration": 90.14753818511963, "step": 35000}
{"episode_reward": 287.0, "episode": 141.0, "batch_reward": 0.76090625, "critic_loss": 37.03275296020508, "actor_loss": -81.7643196105957, "alpha_loss": 0.010248530060052871, "alpha_value": 0.05206515040993691, "duration": 90.76903700828552, "step": 35250}
{"episode_reward": 228.0, "episode": 142.0, "batch_reward": 0.77775, "critic_loss": 38.06038111114502, "actor_loss": -81.94381414794921, "alpha_loss": 0.009877555683255195, "alpha_value": 0.05161878851056099, "duration": 90.08869433403015, "step": 35500}
{"episode_reward": 865.0, "episode": 143.0, "batch_reward": 0.772875, "critic_loss": 38.485087371826175, "actor_loss": -82.73881811523438, "alpha_loss": 0.005996294548735023, "alpha_value": 0.05129171821475029, "duration": 90.58980989456177, "step": 35750}
{"episode_reward": 47.0, "episode": 144.0, "batch_reward": 0.79290625, "critic_loss": 36.536007522583006, "actor_loss": -82.5227435913086, "alpha_loss": 0.0022338837604038418, "alpha_value": 0.051164135843515396, "duration": 90.09442949295044, "step": 36000}
{"episode_reward": 356.0, "episode": 145.0, "batch_reward": 0.774375, "critic_loss": 35.39164527130127, "actor_loss": -81.74497216796875, "alpha_loss": 0.0049748823689296845, "alpha_value": 0.0509971544444561, "duration": 90.5468590259552, "step": 36250}
{"episode_reward": 8.0, "episode": 146.0, "batch_reward": 0.794875, "critic_loss": 37.568883316040036, "actor_loss": -83.94645684814454, "alpha_loss": -0.0010240642940625548, "alpha_value": 0.05084584486484527, "duration": 90.00439095497131, "step": 36500}
{"episode_reward": 855.0, "episode": 147.0, "batch_reward": 0.78471875, "critic_loss": 37.80216395187378, "actor_loss": -84.13245599365234, "alpha_loss": -0.003806154237128794, "alpha_value": 0.050994055300951004, "duration": 90.2290997505188, "step": 36750}
{"episode_reward": 36.0, "episode": 148.0, "batch_reward": 0.80790625, "critic_loss": 38.812286026000976, "actor_loss": -84.93553118896484, "alpha_loss": -0.0031037217555567624, "alpha_value": 0.05115049162507057, "duration": 90.34104514122009, "step": 37000}
{"episode_reward": 658.0, "episode": 149.0, "batch_reward": 0.806375, "critic_loss": 37.13413507843018, "actor_loss": -85.57144458007812, "alpha_loss": -0.000808812664821744, "alpha_value": 0.051226373344659806, "duration": 90.85002732276917, "step": 37250}
{"episode_reward": 970.0, "episode": 150.0, "batch_reward": 0.81440625, "critic_loss": 38.78036664581299, "actor_loss": -86.36451818847657, "alpha_loss": 0.000412850771099329, "alpha_value": 0.05124509474635124, "duration": 92.00803399085999, "step": 37500}
{"episode_reward": 882.0, "episode": 151.0, "batch_reward": 0.8374375, "critic_loss": 37.975449089050294, "actor_loss": -87.23731341552734, "alpha_loss": -0.004734697758685798, "alpha_value": 0.051314940184354785, "duration": 92.51941394805908, "step": 37750}
{"episode_reward": 188.0, "episode": 152.0, "batch_reward": 0.84096875, "critic_loss": 40.971312660217286, "actor_loss": -88.08787170410156, "alpha_loss": -0.005521218904294073, "alpha_value": 0.05163700613379479, "duration": 92.39499115943909, "step": 38000}
{"episode_reward": 632.0, "episode": 153.0, "batch_reward": 0.8533125, "critic_loss": 37.2518528213501, "actor_loss": -88.0295302734375, "alpha_loss": -0.00853248866647482, "alpha_value": 0.051980989277362825, "duration": 93.17229413986206, "step": 38250}
{"episode_reward": 285.0, "episode": 154.0, "batch_reward": 0.8525625, "critic_loss": 40.02227870941162, "actor_loss": -87.2571789855957, "alpha_loss": -0.008910777107346803, "alpha_value": 0.05234899589419365, "duration": 92.78733730316162, "step": 38500}
{"episode_reward": 213.0, "episode": 155.0, "batch_reward": 0.84575, "critic_loss": 39.82872280883789, "actor_loss": -87.7693935546875, "alpha_loss": -0.010779203809797765, "alpha_value": 0.05286987727880478, "duration": 91.37740659713745, "step": 38750}
{"episode_reward": 595.0, "episode": 156.0, "batch_reward": 0.8438125, "critic_loss": 38.01256209564209, "actor_loss": -88.16270178222656, "alpha_loss": -0.008741883994080126, "alpha_value": 0.05338515895605087, "duration": 90.52360463142395, "step": 39000}
{"episode_reward": 549.0, "episode": 157.0, "batch_reward": 0.8726875, "critic_loss": 42.60370811462403, "actor_loss": -88.38932489013672, "alpha_loss": -0.008002921856939793, "alpha_value": 0.05378915137052536, "duration": 90.28055429458618, "step": 39250}
{"episode_reward": 132.0, "episode": 158.0, "batch_reward": 0.87546875, "critic_loss": 40.98514819335937, "actor_loss": -88.66136047363281, "alpha_loss": -0.010289062275551259, "alpha_value": 0.05430504968762398, "duration": 90.10759472846985, "step": 39500}
{"episode_reward": 744.0, "episode": 159.0, "batch_reward": 0.88928125, "critic_loss": 44.653157806396486, "actor_loss": -88.8017445678711, "alpha_loss": -0.012746671555563808, "alpha_value": 0.05485726860165596, "duration": 90.08804845809937, "step": 39750}
{"episode_reward": 44.0, "episode": 160.0, "batch_reward": 0.8764375, "critic_loss": 48.91351230621338, "actor_loss": -88.78172955322266, "alpha_loss": -0.014045736376196147, "alpha_value": 0.0554820936024189, "duration": 90.36948251724243, "step": 40000}
{"episode_reward": 300.0, "episode": 161.0, "batch_reward": 0.88575, "critic_loss": 44.527085510253904, "actor_loss": -89.59886346435547, "alpha_loss": -0.008027312236838042, "alpha_value": 0.05602189299464226, "duration": 154.62367939949036, "step": 40250}
{"episode_reward": 263.0, "episode": 162.0, "batch_reward": 0.8785625, "critic_loss": 43.57896181488037, "actor_loss": -89.65975817871093, "alpha_loss": -0.010727448637597264, "alpha_value": 0.05643908828496933, "duration": 91.03078818321228, "step": 40500}
{"episode_reward": 651.0, "episode": 163.0, "batch_reward": 0.895625, "critic_loss": 44.58448682403564, "actor_loss": -91.60849169921875, "alpha_loss": -0.006924008768051862, "alpha_value": 0.05688620936870575, "duration": 90.13366413116455, "step": 40750}
{"episode_reward": 0.0, "episode": 164.0, "batch_reward": 0.894625, "critic_loss": 42.58628388214111, "actor_loss": -92.73062738037109, "alpha_loss": -0.011558955390006304, "alpha_value": 0.05726769226789474, "duration": 90.51379370689392, "step": 41000}
{"episode_reward": 958.0, "episode": 165.0, "batch_reward": 0.90690625, "critic_loss": 40.91575102996826, "actor_loss": -93.04712536621093, "alpha_loss": -0.014494473034515978, "alpha_value": 0.05796851968765259, "duration": 90.00464105606079, "step": 41250}
{"episode_reward": 790.0, "episode": 166.0, "batch_reward": 0.92290625, "critic_loss": 42.3408674621582, "actor_loss": -94.88591015625, "alpha_loss": -0.013635334050282836, "alpha_value": 0.058607036530971525, "duration": 90.33877038955688, "step": 41500}
{"episode_reward": 990.0, "episode": 167.0, "batch_reward": 0.92775, "critic_loss": 43.61586116790772, "actor_loss": -95.49863018798828, "alpha_loss": -0.008667886449024081, "alpha_value": 0.059119594246149064, "duration": 90.0301628112793, "step": 41750}
{"episode_reward": 438.0, "episode": 168.0, "batch_reward": 0.9483125, "critic_loss": 43.603772102355954, "actor_loss": -97.56282354736328, "alpha_loss": -0.013928212847094983, "alpha_value": 0.05965459841489792, "duration": 91.12708878517151, "step": 42000}
{"episode_reward": 19.0, "episode": 169.0, "batch_reward": 0.94071875, "critic_loss": 42.94165631103515, "actor_loss": -96.74346203613281, "alpha_loss": -0.012934749329462647, "alpha_value": 0.06028219118714333, "duration": 90.45841956138611, "step": 42250}
{"episode_reward": 481.0, "episode": 170.0, "batch_reward": 0.94271875, "critic_loss": 41.40902239990234, "actor_loss": -96.71049182128907, "alpha_loss": -0.016114735666662456, "alpha_value": 0.06095622000098228, "duration": 90.04431295394897, "step": 42500}
{"episode_reward": 534.0, "episode": 171.0, "batch_reward": 0.9745, "critic_loss": 42.9307989654541, "actor_loss": -98.86351672363281, "alpha_loss": -0.015051910082809627, "alpha_value": 0.06167257377505302, "duration": 90.55054831504822, "step": 42750}
{"episode_reward": 955.0, "episode": 172.0, "batch_reward": 0.9760625, "critic_loss": 44.37398612213135, "actor_loss": -98.80327172851563, "alpha_loss": -0.009972665614448487, "alpha_value": 0.06218737709522247, "duration": 90.60524725914001, "step": 43000}
{"episode_reward": 34.0, "episode": 173.0, "batch_reward": 0.96728125, "critic_loss": 42.165031150817875, "actor_loss": -99.51611853027343, "alpha_loss": -0.012204081046395004, "alpha_value": 0.0626538006067276, "duration": 89.85382628440857, "step": 43250}
{"episode_reward": 319.0, "episode": 174.0, "batch_reward": 0.97359375, "critic_loss": 39.585763557434085, "actor_loss": -99.72327233886719, "alpha_loss": -0.014662021562457085, "alpha_value": 0.0633045883178711, "duration": 90.24072527885437, "step": 43500}
{"episode_reward": 510.0, "episode": 175.0, "batch_reward": 0.9603125, "critic_loss": 39.320885093688965, "actor_loss": -100.55046197509766, "alpha_loss": -0.01675601269863546, "alpha_value": 0.06402517718076706, "duration": 90.82038688659668, "step": 43750}
{"episode_reward": 600.0, "episode": 176.0, "batch_reward": 0.97584375, "critic_loss": 42.18733863067627, "actor_loss": -100.9638422241211, "alpha_loss": -0.020440692256204783, "alpha_value": 0.06480890142917634, "duration": 90.87183976173401, "step": 44000}
{"episode_reward": 762.0, "episode": 177.0, "batch_reward": 0.98296875, "critic_loss": 44.75681346130371, "actor_loss": -103.1839110107422, "alpha_loss": -0.020475715858861803, "alpha_value": 0.06558964788913726, "duration": 90.62794327735901, "step": 44250}
{"episode_reward": 847.0, "episode": 178.0, "batch_reward": 1.00878125, "critic_loss": 43.6112904586792, "actor_loss": -104.0631410522461, "alpha_loss": -0.020368238236755133, "alpha_value": 0.06652267289161683, "duration": 92.75782346725464, "step": 44500}
{"episode_reward": 90.0, "episode": 179.0, "batch_reward": 1.01278125, "critic_loss": 45.43937668609619, "actor_loss": -104.49826196289062, "alpha_loss": -0.018961407450027765, "alpha_value": 0.06731493073701858, "duration": 92.79193925857544, "step": 44750}
{"episode_reward": 384.0, "episode": 180.0, "batch_reward": 1.0171875, "critic_loss": 42.22518756866455, "actor_loss": -105.55457916259766, "alpha_loss": -0.023943886055611072, "alpha_value": 0.06815741753578186, "duration": 92.83748579025269, "step": 45000}
{"episode_reward": 974.0, "episode": 181.0, "batch_reward": 1.018125, "critic_loss": 42.962344200134275, "actor_loss": -107.41753961181641, "alpha_loss": -0.02430954470485449, "alpha_value": 0.06910679680109023, "duration": 92.92774152755737, "step": 45250}
{"episode_reward": 519.0, "episode": 182.0, "batch_reward": 1.023125, "critic_loss": 42.29914506530762, "actor_loss": -107.8879634399414, "alpha_loss": -0.025820306530222298, "alpha_value": 0.07005276900529861, "duration": 90.0322003364563, "step": 45500}
{"episode_reward": 331.0, "episode": 183.0, "batch_reward": 1.03196875, "critic_loss": 43.075642852783204, "actor_loss": -108.78249621582032, "alpha_loss": -0.023863537032157184, "alpha_value": 0.07097027379274368, "duration": 90.84080171585083, "step": 45750}
{"episode_reward": 218.0, "episode": 184.0, "batch_reward": 1.01290625, "critic_loss": 42.32969230651855, "actor_loss": -108.60702001953125, "alpha_loss": -0.025116719348356128, "alpha_value": 0.07186213940382004, "duration": 90.12890553474426, "step": 46000}
{"episode_reward": 454.0, "episode": 185.0, "batch_reward": 1.03334375, "critic_loss": 42.959441680908206, "actor_loss": -109.74263830566406, "alpha_loss": -0.02699295637011528, "alpha_value": 0.07281474679708481, "duration": 90.68480491638184, "step": 46250}
{"episode_reward": 983.0, "episode": 186.0, "batch_reward": 1.054875, "critic_loss": 41.99224166107178, "actor_loss": -111.97205352783203, "alpha_loss": -0.0206271298956126, "alpha_value": 0.07365381366014481, "duration": 90.65701007843018, "step": 46500}
{"episode_reward": 16.0, "episode": 187.0, "batch_reward": 1.045375, "critic_loss": 43.26624996948242, "actor_loss": -111.8276485595703, "alpha_loss": -0.019214596610516308, "alpha_value": 0.07436538243293762, "duration": 91.39530563354492, "step": 46750}
{"episode_reward": 357.0, "episode": 188.0, "batch_reward": 1.0458125, "critic_loss": 43.68442621612549, "actor_loss": -111.45232849121093, "alpha_loss": -0.02087609832547605, "alpha_value": 0.07509107047319412, "duration": 90.90448498725891, "step": 47000}
{"episode_reward": 665.0, "episode": 189.0, "batch_reward": 1.0626875, "critic_loss": 42.23319149017334, "actor_loss": -113.90695147705078, "alpha_loss": -0.015252391535788775, "alpha_value": 0.07576542699337005, "duration": 90.62450313568115, "step": 47250}
{"episode_reward": 127.0, "episode": 190.0, "batch_reward": 1.0389375, "critic_loss": 44.08140981292725, "actor_loss": -113.49357006835938, "alpha_loss": -0.022843404073268174, "alpha_value": 0.07643882071971893, "duration": 90.71082592010498, "step": 47500}
{"episode_reward": 11.0, "episode": 191.0, "batch_reward": 1.0459375, "critic_loss": 44.24915863800049, "actor_loss": -114.60124914550781, "alpha_loss": -0.024026394056156277, "alpha_value": 0.0773131942152977, "duration": 90.46701145172119, "step": 47750}
{"episode_reward": 680.0, "episode": 192.0, "batch_reward": 1.052875, "critic_loss": 45.30797784423828, "actor_loss": -115.1923784790039, "alpha_loss": -0.024679463101550937, "alpha_value": 0.07829560750722885, "duration": 89.83061671257019, "step": 48000}
{"episode_reward": 601.0, "episode": 193.0, "batch_reward": 1.07715625, "critic_loss": 45.02986015319824, "actor_loss": -116.56801287841797, "alpha_loss": -0.023913485544733704, "alpha_value": 0.07919623708724975, "duration": 90.32771444320679, "step": 48250}
{"episode_reward": 951.0, "episode": 194.0, "batch_reward": 1.08825, "critic_loss": 45.30352137756348, "actor_loss": -118.43889337158203, "alpha_loss": -0.02354213640652597, "alpha_value": 0.08008260399103165, "duration": 91.04985451698303, "step": 48500}
{"episode_reward": 964.0, "episode": 195.0, "batch_reward": 1.09784375, "critic_loss": 43.62041007995605, "actor_loss": -119.07233825683593, "alpha_loss": -0.016309325210750104, "alpha_value": 0.08081969791650773, "duration": 90.82025575637817, "step": 48750}
{"episode_reward": 856.0, "episode": 196.0, "batch_reward": 1.07784375, "critic_loss": 45.4726280670166, "actor_loss": -120.48808538818359, "alpha_loss": -0.016339796827174725, "alpha_value": 0.08142308837175369, "duration": 90.3371057510376, "step": 49000}
{"episode_reward": 276.0, "episode": 197.0, "batch_reward": 1.1164375, "critic_loss": 44.715759941101076, "actor_loss": -122.33974029541015, "alpha_loss": -0.016146127827465533, "alpha_value": 0.08208510273694992, "duration": 90.4923677444458, "step": 49250}
{"episode_reward": 967.0, "episode": 198.0, "batch_reward": 1.1274375, "critic_loss": 45.18758156585693, "actor_loss": -123.90060461425782, "alpha_loss": -0.010584639851003885, "alpha_value": 0.0825525763630867, "duration": 90.69151568412781, "step": 49500}
{"episode_reward": 995.0, "episode": 199.0, "batch_reward": 1.13103125, "critic_loss": 45.09960073852539, "actor_loss": -124.34027978515626, "alpha_loss": -0.01439060265570879, "alpha_value": 0.08314142614603043, "duration": 90.26100826263428, "step": 49750}
{"episode_reward": 948.0, "episode": 200.0, "batch_reward": 1.14465625, "critic_loss": 47.5301263961792, "actor_loss": -126.39873687744141, "alpha_loss": -0.013198382390663028, "alpha_value": 0.08367427867650985, "duration": 90.26292300224304, "step": 50000}
{"episode_reward": 771.0, "episode": 201.0, "batch_reward": 1.149, "critic_loss": 46.94316807556152, "actor_loss": -126.46537182617188, "alpha_loss": -0.01940916818007827, "alpha_value": 0.08439189803600311, "duration": 155.53297090530396, "step": 50250}
{"episode_reward": 485.0, "episode": 202.0, "batch_reward": 1.15865625, "critic_loss": 48.26825866699219, "actor_loss": -126.64265032958984, "alpha_loss": -0.020818979678675534, "alpha_value": 0.08528199189901352, "duration": 90.48119187355042, "step": 50500}
{"episode_reward": 773.0, "episode": 203.0, "batch_reward": 1.177375, "critic_loss": 49.65926892089844, "actor_loss": -129.03973193359374, "alpha_loss": -0.019456199707463383, "alpha_value": 0.08619882649183273, "duration": 89.67898392677307, "step": 50750}
{"episode_reward": 841.0, "episode": 204.0, "batch_reward": 1.18775, "critic_loss": 50.002602630615236, "actor_loss": -129.19768548583986, "alpha_loss": -0.01696515107341111, "alpha_value": 0.08695363622903823, "duration": 90.27141284942627, "step": 51000}
{"episode_reward": 10.0, "episode": 205.0, "batch_reward": 1.16046875, "critic_loss": 49.09315434265137, "actor_loss": -129.80526037597656, "alpha_loss": -0.016350290700793267, "alpha_value": 0.08768458634614945, "duration": 90.56775736808777, "step": 51250}
{"episode_reward": 639.0, "episode": 206.0, "batch_reward": 1.1701875, "critic_loss": 50.15208296203613, "actor_loss": -130.54522436523436, "alpha_loss": -0.01780024520494044, "alpha_value": 0.08842719060182572, "duration": 90.5578510761261, "step": 51500}
{"episode_reward": 665.0, "episode": 207.0, "batch_reward": 1.17821875, "critic_loss": 48.14099417114258, "actor_loss": -132.08442639160157, "alpha_loss": -0.013762796410359442, "alpha_value": 0.08915054833889008, "duration": 90.35988593101501, "step": 51750}
{"episode_reward": 457.0, "episode": 208.0, "batch_reward": 1.20553125, "critic_loss": 49.05480457305908, "actor_loss": -134.0424341430664, "alpha_loss": -0.014066284533590078, "alpha_value": 0.08983541369438171, "duration": 91.10523462295532, "step": 52000}
{"episode_reward": 237.0, "episode": 209.0, "batch_reward": 1.20665625, "critic_loss": 48.72398299407959, "actor_loss": -133.46934844970704, "alpha_loss": -0.016873674392700197, "alpha_value": 0.09058679056167603, "duration": 90.32166147232056, "step": 52250}
{"episode_reward": 206.0, "episode": 210.0, "batch_reward": 1.2000625, "critic_loss": 50.96463119506836, "actor_loss": -134.6684970703125, "alpha_loss": -0.013342599198222161, "alpha_value": 0.09120853328704834, "duration": 91.35721826553345, "step": 52500}
{"episode_reward": 684.0, "episode": 211.0, "batch_reward": 1.20003125, "critic_loss": 52.11349154663086, "actor_loss": -136.59987426757812, "alpha_loss": -0.01658570078574121, "alpha_value": 0.09200806534290314, "duration": 89.82905006408691, "step": 52750}
{"episode_reward": 562.0, "episode": 212.0, "batch_reward": 1.20978125, "critic_loss": 52.69283765411377, "actor_loss": -136.988318359375, "alpha_loss": -0.014414224511012435, "alpha_value": 0.09274029219150544, "duration": 91.13985276222229, "step": 53000}
{"episode_reward": 985.0, "episode": 213.0, "batch_reward": 1.20840625, "critic_loss": 52.180964431762696, "actor_loss": -138.03934228515624, "alpha_loss": -0.015696081211790443, "alpha_value": 0.09342862892150879, "duration": 90.51779580116272, "step": 53250}
{"episode_reward": 786.0, "episode": 214.0, "batch_reward": 1.23, "critic_loss": 52.25187406158447, "actor_loss": -140.1734884033203, "alpha_loss": -0.01715132662281394, "alpha_value": 0.0942673117518425, "duration": 90.9877028465271, "step": 53500}
{"episode_reward": 860.0, "episode": 215.0, "batch_reward": 1.23625, "critic_loss": 50.002687118530275, "actor_loss": -140.88348095703125, "alpha_loss": -0.017029590548947454, "alpha_value": 0.09513962268829346, "duration": 90.13449215888977, "step": 53750}
{"episode_reward": 790.0, "episode": 216.0, "batch_reward": 1.23103125, "critic_loss": 48.67852563476563, "actor_loss": -142.70798101806642, "alpha_loss": -0.013456824764609337, "alpha_value": 0.09592012560367584, "duration": 90.40561246871948, "step": 54000}
{"episode_reward": 853.0, "episode": 217.0, "batch_reward": 1.24021875, "critic_loss": 50.55576455688477, "actor_loss": -142.19489721679687, "alpha_loss": -0.012014509404078126, "alpha_value": 0.09657635682821274, "duration": 90.42451429367065, "step": 54250}
{"episode_reward": 168.0, "episode": 218.0, "batch_reward": 1.25528125, "critic_loss": 51.697796379089354, "actor_loss": -144.69470288085938, "alpha_loss": -0.01368101997114718, "alpha_value": 0.09720834213495254, "duration": 90.60696196556091, "step": 54500}
{"episode_reward": 983.0, "episode": 219.0, "batch_reward": 1.24140625, "critic_loss": 51.514937538146974, "actor_loss": -145.77312158203125, "alpha_loss": -0.013594153802841902, "alpha_value": 0.09794082909822464, "duration": 90.76946544647217, "step": 54750}
{"episode_reward": 419.0, "episode": 220.0, "batch_reward": 1.26075, "critic_loss": 51.33857765960693, "actor_loss": -146.38388458251953, "alpha_loss": -0.015603646032512188, "alpha_value": 0.09871388030052185, "duration": 90.80833721160889, "step": 55000}
{"episode_reward": 541.0, "episode": 221.0, "batch_reward": 1.263125, "critic_loss": 51.126945709228515, "actor_loss": -146.6425546875, "alpha_loss": -0.009184005336835981, "alpha_value": 0.0993871568441391, "duration": 89.89842319488525, "step": 55250}
{"episode_reward": 934.0, "episode": 222.0, "batch_reward": 1.253875, "critic_loss": 50.84665748596191, "actor_loss": -148.30064489746093, "alpha_loss": -0.005906723264604807, "alpha_value": 0.09979189610481262, "duration": 90.18519353866577, "step": 55500}
{"episode_reward": 486.0, "episode": 223.0, "batch_reward": 1.28153125, "critic_loss": 50.32165039825439, "actor_loss": -148.9175247192383, "alpha_loss": -0.010203352791257203, "alpha_value": 0.10019717657566071, "duration": 90.77545833587646, "step": 55750}
{"episode_reward": 236.0, "episode": 224.0, "batch_reward": 1.28953125, "critic_loss": 52.13216009521484, "actor_loss": -150.1965517578125, "alpha_loss": -0.00662283575348556, "alpha_value": 0.10072130191326141, "duration": 90.56789231300354, "step": 56000}
{"episode_reward": 594.0, "episode": 225.0, "batch_reward": 1.2824375, "critic_loss": 55.34135735321045, "actor_loss": -150.66256591796875, "alpha_loss": -0.007817208089865744, "alpha_value": 0.10109475564956664, "duration": 90.7314395904541, "step": 56250}
{"episode_reward": 911.0, "episode": 226.0, "batch_reward": 1.280625, "critic_loss": 50.72050856018066, "actor_loss": -151.81532678222655, "alpha_loss": -0.005853863342665136, "alpha_value": 0.10157323163747788, "duration": 90.68781614303589, "step": 56500}
{"episode_reward": 794.0, "episode": 227.0, "batch_reward": 1.30309375, "critic_loss": 50.731572143554686, "actor_loss": -154.72655090332032, "alpha_loss": -0.0060730018876492976, "alpha_value": 0.10191247653961182, "duration": 90.37109017372131, "step": 56750}
{"episode_reward": 33.0, "episode": 228.0, "batch_reward": 1.31065625, "critic_loss": 51.52841793823242, "actor_loss": -155.44361169433594, "alpha_loss": -0.00649486163072288, "alpha_value": 0.10228395533561707, "duration": 90.84786748886108, "step": 57000}
{"episode_reward": 978.0, "episode": 229.0, "batch_reward": 1.3338125, "critic_loss": 50.05429249572754, "actor_loss": -158.48142919921875, "alpha_loss": -0.0025890153907239437, "alpha_value": 0.10255061292648315, "duration": 89.35119390487671, "step": 57250}
{"episode_reward": 789.0, "episode": 230.0, "batch_reward": 1.30590625, "critic_loss": 51.057418579101565, "actor_loss": -158.0707626953125, "alpha_loss": -0.00624257936514914, "alpha_value": 0.10291299468278885, "duration": 89.57880282402039, "step": 57500}
{"episode_reward": 873.0, "episode": 231.0, "batch_reward": 1.3261875, "critic_loss": 50.04091481018067, "actor_loss": -158.1443690185547, "alpha_loss": -0.0030000772215425966, "alpha_value": 0.10309919553995132, "duration": 90.83176827430725, "step": 57750}
{"episode_reward": 916.0, "episode": 232.0, "batch_reward": 1.33003125, "critic_loss": 51.16288678741455, "actor_loss": -161.54727685546874, "alpha_loss": -0.0061559611819684504, "alpha_value": 0.1033372272849083, "duration": 90.33161640167236, "step": 58000}
{"episode_reward": 878.0, "episode": 233.0, "batch_reward": 1.33509375, "critic_loss": 52.99672731018067, "actor_loss": -160.87219885253907, "alpha_loss": -0.009299979722127318, "alpha_value": 0.10378892397880554, "duration": 90.61875557899475, "step": 58250}
{"episode_reward": 732.0, "episode": 234.0, "batch_reward": 1.33296875, "critic_loss": 52.184774597167966, "actor_loss": -162.64418200683593, "alpha_loss": -0.012632197603583336, "alpha_value": 0.10448434120416641, "duration": 90.74840688705444, "step": 58500}
{"episode_reward": 41.0, "episode": 235.0, "batch_reward": 1.3661875, "critic_loss": 53.5836195678711, "actor_loss": -164.2970947265625, "alpha_loss": -0.00785701172426343, "alpha_value": 0.10526866102218628, "duration": 90.50749158859253, "step": 58750}
{"episode_reward": 970.0, "episode": 236.0, "batch_reward": 1.3711875, "critic_loss": 53.008807464599606, "actor_loss": -165.17741577148436, "alpha_loss": -0.01486092689447105, "alpha_value": 0.10589114183187484, "duration": 90.4999589920044, "step": 59000}
{"episode_reward": 913.0, "episode": 237.0, "batch_reward": 1.3558125, "critic_loss": 55.80873419189453, "actor_loss": -166.9426085205078, "alpha_loss": -0.013085045306012035, "alpha_value": 0.10675513130426408, "duration": 90.48096537590027, "step": 59250}
{"episode_reward": 247.0, "episode": 238.0, "batch_reward": 1.35871875, "critic_loss": 59.47312295532227, "actor_loss": -168.46523278808593, "alpha_loss": -0.008049956379458309, "alpha_value": 0.10742810064554215, "duration": 90.795893907547, "step": 59500}
{"episode_reward": 28.0, "episode": 239.0, "batch_reward": 1.3475625, "critic_loss": 56.038476516723634, "actor_loss": -168.97075439453124, "alpha_loss": -0.012128798388876021, "alpha_value": 0.10799725764989852, "duration": 90.46078491210938, "step": 59750}
{"episode_reward": 955.0, "episode": 240.0, "batch_reward": 1.3761875, "critic_loss": 54.80417913818359, "actor_loss": -170.56446752929688, "alpha_loss": -0.013722490666434169, "alpha_value": 0.10883104312419892, "duration": 90.26243114471436, "step": 60000}
{"episode_reward": 423.0, "episode": 241.0, "batch_reward": 1.3606875, "critic_loss": 55.517188552856446, "actor_loss": -170.6701604003906, "alpha_loss": -0.014655421394854784, "alpha_value": 0.10978190070390702, "duration": 154.9197392463684, "step": 60250}
{"episode_reward": 973.0, "episode": 242.0, "batch_reward": 1.38684375, "critic_loss": 55.34212573242188, "actor_loss": -174.2829455566406, "alpha_loss": -0.018321295304223894, "alpha_value": 0.11078298699855804, "duration": 90.38316440582275, "step": 60500}
{"episode_reward": 317.0, "episode": 243.0, "batch_reward": 1.38021875, "critic_loss": 56.45824977111816, "actor_loss": -174.2270115966797, "alpha_loss": -0.017220100443810223, "alpha_value": 0.11178270328044891, "duration": 90.736004114151, "step": 60750}
{"episode_reward": 969.0, "episode": 244.0, "batch_reward": 1.40490625, "critic_loss": 56.67493946838379, "actor_loss": -175.2551845703125, "alpha_loss": -0.010570780877955257, "alpha_value": 0.11285278582572937, "duration": 90.50662398338318, "step": 61000}
{"episode_reward": 20.0, "episode": 245.0, "batch_reward": 1.37284375, "critic_loss": 53.743302108764645, "actor_loss": -175.44059802246093, "alpha_loss": -0.003976376655045897, "alpha_value": 0.1131630899310112, "duration": 90.66344857215881, "step": 61250}
{"episode_reward": 176.0, "episode": 246.0, "batch_reward": 1.3863125, "critic_loss": 51.4816103515625, "actor_loss": -177.47713549804686, "alpha_loss": -0.004669474946334958, "alpha_value": 0.11330728232860565, "duration": 90.57676458358765, "step": 61500}
{"episode_reward": 994.0, "episode": 247.0, "batch_reward": 1.378375, "critic_loss": 53.1140763168335, "actor_loss": -179.32918786621093, "alpha_loss": -0.009747013149783015, "alpha_value": 0.11374970155954361, "duration": 90.46233677864075, "step": 61750}
{"episode_reward": 1000.0, "episode": 248.0, "batch_reward": 1.40365625, "critic_loss": 51.96998903656006, "actor_loss": -180.18781811523436, "alpha_loss": -0.008425563430413605, "alpha_value": 0.11439767968654632, "duration": 90.17410945892334, "step": 62000}
{"episode_reward": 839.0, "episode": 249.0, "batch_reward": 1.4173125, "critic_loss": 51.87222811889649, "actor_loss": -181.73686962890625, "alpha_loss": -0.013387113710865378, "alpha_value": 0.11490988159179688, "duration": 90.75519180297852, "step": 62250}
{"episode_reward": 79.0, "episode": 250.0, "batch_reward": 1.4011875, "critic_loss": 52.97369946289062, "actor_loss": -182.13234936523438, "alpha_loss": -0.010961116200312973, "alpha_value": 0.1157413684129715, "duration": 90.55345630645752, "step": 62500}
{"episode_reward": 723.0, "episode": 251.0, "batch_reward": 1.428125, "critic_loss": 53.6050608215332, "actor_loss": -184.96425122070312, "alpha_loss": -0.017582675337791443, "alpha_value": 0.11664565229415894, "duration": 89.55883026123047, "step": 62750}
{"episode_reward": 979.0, "episode": 252.0, "batch_reward": 1.4070625, "critic_loss": 53.27484587097168, "actor_loss": -184.50010534667967, "alpha_loss": -0.019638980554416777, "alpha_value": 0.11775253796577453, "duration": 90.32115173339844, "step": 63000}
{"episode_reward": 878.0, "episode": 253.0, "batch_reward": 1.4231875, "critic_loss": 53.85449251556396, "actor_loss": -186.45280712890624, "alpha_loss": -0.011260926799848676, "alpha_value": 0.11860198521614075, "duration": 90.75151419639587, "step": 63250}
{"episode_reward": 587.0, "episode": 254.0, "batch_reward": 1.43721875, "critic_loss": 52.65835436248779, "actor_loss": -188.9400928955078, "alpha_loss": -0.012530435219407082, "alpha_value": 0.11939505755901336, "duration": 90.88945984840393, "step": 63500}
{"episode_reward": 1000.0, "episode": 255.0, "batch_reward": 1.4511875, "critic_loss": 53.41017077636719, "actor_loss": -188.6646414794922, "alpha_loss": -0.0037135165501385927, "alpha_value": 0.11984945154190063, "duration": 91.4923620223999, "step": 63750}
{"episode_reward": 959.0, "episode": 256.0, "batch_reward": 1.47165625, "critic_loss": 51.718342636108396, "actor_loss": -191.06401037597655, "alpha_loss": -0.0033795892372727393, "alpha_value": 0.12004576486349106, "duration": 93.58280825614929, "step": 64000}
{"episode_reward": 957.0, "episode": 257.0, "batch_reward": 1.45596875, "critic_loss": 51.33690595245361, "actor_loss": -192.12491271972655, "alpha_loss": -0.0014010056890547276, "alpha_value": 0.12018392986059188, "duration": 93.18893003463745, "step": 64250}
{"episode_reward": 453.0, "episode": 258.0, "batch_reward": 1.46959375, "critic_loss": 53.05020477294922, "actor_loss": -193.3655810546875, "alpha_loss": -0.003354203178547323, "alpha_value": 0.12036345893144608, "duration": 93.20361709594727, "step": 64500}
{"episode_reward": 688.0, "episode": 259.0, "batch_reward": 1.47975, "critic_loss": 52.95862289428711, "actor_loss": -194.63238696289062, "alpha_loss": -0.010569288078695536, "alpha_value": 0.12079053181409836, "duration": 93.54621291160583, "step": 64750}
{"episode_reward": 975.0, "episode": 260.0, "batch_reward": 1.491875, "critic_loss": 50.40347255706787, "actor_loss": -194.70255053710937, "alpha_loss": -0.003835988413542509, "alpha_value": 0.12120601046085358, "duration": 93.14903831481934, "step": 65000}
{"episode_reward": 505.0, "episode": 261.0, "batch_reward": 1.4885625, "critic_loss": 50.7538595123291, "actor_loss": -195.937607421875, "alpha_loss": -0.009850019119679927, "alpha_value": 0.121759963452816, "duration": 91.67640972137451, "step": 65250}
{"episode_reward": 87.0, "episode": 262.0, "batch_reward": 1.4775625, "critic_loss": 52.32178299713135, "actor_loss": -197.49437072753906, "alpha_loss": -0.0055864500775933265, "alpha_value": 0.12225357687473297, "duration": 91.08554077148438, "step": 65500}
{"episode_reward": 642.0, "episode": 263.0, "batch_reward": 1.4896875, "critic_loss": 52.20860285949707, "actor_loss": -199.0722283935547, "alpha_loss": -0.006147714978083968, "alpha_value": 0.12261248362064361, "duration": 91.11278009414673, "step": 65750}
{"episode_reward": 650.0, "episode": 264.0, "batch_reward": 1.524, "critic_loss": 52.32974992370605, "actor_loss": -200.4209005126953, "alpha_loss": -0.007188637623563409, "alpha_value": 0.12302773052453994, "duration": 90.61082911491394, "step": 66000}
{"episode_reward": 979.0, "episode": 265.0, "batch_reward": 1.5093125, "critic_loss": 50.84724044799805, "actor_loss": -200.75869396972655, "alpha_loss": -0.013747992495074869, "alpha_value": 0.12369428026676178, "duration": 90.4585828781128, "step": 66250}
{"episode_reward": 901.0, "episode": 266.0, "batch_reward": 1.5081875, "critic_loss": 50.83985232543945, "actor_loss": -203.41386682128908, "alpha_loss": -0.013254910547286272, "alpha_value": 0.12465423339605332, "duration": 90.69204139709473, "step": 66500}
{"episode_reward": 947.0, "episode": 267.0, "batch_reward": 1.52384375, "critic_loss": 53.79223858642578, "actor_loss": -205.4075830078125, "alpha_loss": -0.005380678195506334, "alpha_value": 0.12524881774187088, "duration": 91.17390823364258, "step": 66750}
{"episode_reward": 971.0, "episode": 268.0, "batch_reward": 1.524125, "critic_loss": 53.025909790039066, "actor_loss": -207.05315490722657, "alpha_loss": -0.009406536713242531, "alpha_value": 0.12572654938697814, "duration": 91.05589842796326, "step": 67000}
{"episode_reward": 963.0, "episode": 269.0, "batch_reward": 1.52575, "critic_loss": 51.42545035552978, "actor_loss": -207.50236804199218, "alpha_loss": -0.006821372279897332, "alpha_value": 0.12620871305465697, "duration": 91.09372186660767, "step": 67250}
{"episode_reward": 918.0, "episode": 270.0, "batch_reward": 1.53384375, "critic_loss": 50.25958953857422, "actor_loss": -209.53306311035155, "alpha_loss": -0.0075166937950998545, "alpha_value": 0.12671473693847657, "duration": 91.2529366016388, "step": 67500}
{"episode_reward": 837.0, "episode": 271.0, "batch_reward": 1.55696875, "critic_loss": 50.942517608642575, "actor_loss": -210.80145446777342, "alpha_loss": -0.006542811345309019, "alpha_value": 0.12714620172977448, "duration": 91.23954963684082, "step": 67750}
{"episode_reward": 956.0, "episode": 272.0, "batch_reward": 1.562625, "critic_loss": 50.27054207611084, "actor_loss": -212.11968518066405, "alpha_loss": -0.005023407375440002, "alpha_value": 0.1275722085237503, "duration": 90.73468255996704, "step": 68000}
{"episode_reward": 961.0, "episode": 273.0, "batch_reward": 1.56775, "critic_loss": 48.727156875610355, "actor_loss": -213.77431958007813, "alpha_loss": -0.011537031829357147, "alpha_value": 0.12816515684127808, "duration": 90.92903447151184, "step": 68250}
{"episode_reward": 959.0, "episode": 274.0, "batch_reward": 1.5653125, "critic_loss": 47.0617530670166, "actor_loss": -214.09762854003907, "alpha_loss": -0.004071379568427801, "alpha_value": 0.1286346242427826, "duration": 91.42457842826843, "step": 68500}
{"episode_reward": 834.0, "episode": 275.0, "batch_reward": 1.59684375, "critic_loss": 47.8533115234375, "actor_loss": -216.38421008300782, "alpha_loss": -0.004440237071365118, "alpha_value": 0.12890682923793792, "duration": 91.62497663497925, "step": 68750}
{"episode_reward": 966.0, "episode": 276.0, "batch_reward": 1.6071875, "critic_loss": 50.660911003112794, "actor_loss": -217.7847802734375, "alpha_loss": -0.008418602615594864, "alpha_value": 0.12927758514881135, "duration": 90.95030689239502, "step": 69000}
{"episode_reward": 970.0, "episode": 277.0, "batch_reward": 1.61309375, "critic_loss": 50.46789130401611, "actor_loss": -219.47320666503907, "alpha_loss": -0.012910747008398175, "alpha_value": 0.1300910394191742, "duration": 90.7275037765503, "step": 69250}
{"episode_reward": 840.0, "episode": 278.0, "batch_reward": 1.6164375, "critic_loss": 50.720344635009766, "actor_loss": -221.53293969726562, "alpha_loss": -0.010349441854283213, "alpha_value": 0.13086709260940552, "duration": 91.50500917434692, "step": 69500}
{"episode_reward": 931.0, "episode": 279.0, "batch_reward": 1.60628125, "critic_loss": 50.45869645690918, "actor_loss": -221.46167407226562, "alpha_loss": -0.006380537517368793, "alpha_value": 0.13156275534629822, "duration": 91.36978340148926, "step": 69750}
{"episode_reward": 936.0, "episode": 280.0, "batch_reward": 1.60728125, "critic_loss": 48.66634899902344, "actor_loss": -223.3924609375, "alpha_loss": -0.007856777079403401, "alpha_value": 0.13195784735679628, "duration": 90.84035229682922, "step": 70000}
{"episode_reward": 920.0, "episode": 281.0, "batch_reward": 1.609125, "critic_loss": 48.65171650695801, "actor_loss": -223.8538659667969, "alpha_loss": -0.009337681276723743, "alpha_value": 0.13263858151435853, "duration": 155.54134154319763, "step": 70250}
{"episode_reward": 982.0, "episode": 282.0, "batch_reward": 1.61209375, "critic_loss": 47.58816669464111, "actor_loss": -224.24620385742188, "alpha_loss": -0.007864718800410628, "alpha_value": 0.13317881262302397, "duration": 92.29641008377075, "step": 70500}
{"episode_reward": 956.0, "episode": 283.0, "batch_reward": 1.63484375, "critic_loss": 45.783118423461914, "actor_loss": -227.78102783203124, "alpha_loss": -0.0007355135679244996, "alpha_value": 0.13338940668106078, "duration": 91.3424744606018, "step": 70750}
{"episode_reward": 978.0, "episode": 284.0, "batch_reward": 1.64634375, "critic_loss": 48.225911514282224, "actor_loss": -228.5271044921875, "alpha_loss": -0.0017041578944772481, "alpha_value": 0.13350236773490906, "duration": 91.56568741798401, "step": 71000}
{"episode_reward": 997.0, "episode": 285.0, "batch_reward": 1.66490625, "critic_loss": 48.56191818237305, "actor_loss": -231.05241833496095, "alpha_loss": -0.00913277611322701, "alpha_value": 0.13381431221961976, "duration": 90.69437146186829, "step": 71250}
{"episode_reward": 949.0, "episode": 286.0, "batch_reward": 1.65634375, "critic_loss": 48.03964015197754, "actor_loss": -232.202140625, "alpha_loss": -0.0019649400524795056, "alpha_value": 0.13430506193637848, "duration": 91.49206948280334, "step": 71500}
{"episode_reward": 923.0, "episode": 287.0, "batch_reward": 1.6685, "critic_loss": 47.16579288482666, "actor_loss": -232.16829650878907, "alpha_loss": -0.0023773171231150627, "alpha_value": 0.13443931531906128, "duration": 91.37723803520203, "step": 71750}
{"episode_reward": 782.0, "episode": 288.0, "batch_reward": 1.6831875, "critic_loss": 49.202176712036135, "actor_loss": -234.05085229492187, "alpha_loss": -0.006711507985368371, "alpha_value": 0.1347322826385498, "duration": 91.6522924900055, "step": 72000}
{"episode_reward": 993.0, "episode": 289.0, "batch_reward": 1.68203125, "critic_loss": 47.58450067901612, "actor_loss": -235.1075125732422, "alpha_loss": -0.002906658984720707, "alpha_value": 0.13507563412189483, "duration": 92.5756938457489, "step": 72250}
{"episode_reward": 958.0, "episode": 290.0, "batch_reward": 1.6939375, "critic_loss": 46.30658646392822, "actor_loss": -237.7511170654297, "alpha_loss": -0.00799809261225164, "alpha_value": 0.13536310744285585, "duration": 91.78472018241882, "step": 72500}
{"episode_reward": 942.0, "episode": 291.0, "batch_reward": 1.70325, "critic_loss": 45.324777084350586, "actor_loss": -239.76150219726563, "alpha_loss": -0.006999554693698883, "alpha_value": 0.1359588990211487, "duration": 92.32811737060547, "step": 72750}
{"episode_reward": 987.0, "episode": 292.0, "batch_reward": 1.6869375, "critic_loss": 45.27342475128174, "actor_loss": -238.90050170898436, "alpha_loss": -0.0030544016733765602, "alpha_value": 0.13638419258594514, "duration": 91.52443289756775, "step": 73000}
{"episode_reward": 908.0, "episode": 293.0, "batch_reward": 1.7054375, "critic_loss": 46.150497215270995, "actor_loss": -240.38274365234375, "alpha_loss": -0.0010927041191607714, "alpha_value": 0.13639858305454255, "duration": 91.16580390930176, "step": 73250}
{"episode_reward": 984.0, "episode": 294.0, "batch_reward": 1.729625, "critic_loss": 45.01299526977539, "actor_loss": -243.03453295898439, "alpha_loss": -0.0019478149861097336, "alpha_value": 0.13643386828899384, "duration": 91.78939580917358, "step": 73500}
{"episode_reward": 891.0, "episode": 295.0, "batch_reward": 1.74046875, "critic_loss": 43.510739219665524, "actor_loss": -243.10649182128907, "alpha_loss": -0.0016025628428906202, "alpha_value": 0.1367444542646408, "duration": 92.2430419921875, "step": 73750}
{"episode_reward": 972.0, "episode": 296.0, "batch_reward": 1.73765625, "critic_loss": 43.122041481018066, "actor_loss": -244.9918115234375, "alpha_loss": 0.0007772938143461943, "alpha_value": 0.13670419549942017, "duration": 91.87527203559875, "step": 74000}
{"episode_reward": 960.0, "episode": 297.0, "batch_reward": 1.74, "critic_loss": 44.49929985046387, "actor_loss": -245.61994128417967, "alpha_loss": -0.003214319819584489, "alpha_value": 0.13680189085006714, "duration": 90.88497495651245, "step": 74250}
{"episode_reward": 949.0, "episode": 298.0, "batch_reward": 1.769875, "critic_loss": 43.05383961486817, "actor_loss": -246.88674755859375, "alpha_loss": 0.004055292693898082, "alpha_value": 0.13669758355617523, "duration": 92.02442240715027, "step": 74500}
{"episode_reward": 850.0, "episode": 299.0, "batch_reward": 1.74378125, "critic_loss": 43.99965312957764, "actor_loss": -247.74558605957031, "alpha_loss": 0.002007637593895197, "alpha_value": 0.13648193860054017, "duration": 92.09542655944824, "step": 74750}
{"episode_reward": 927.0, "episode": 300.0, "batch_reward": 1.742625, "critic_loss": 43.35853227996826, "actor_loss": -247.72564709472655, "alpha_loss": -0.003091332282871008, "alpha_value": 0.13660328447818756, "duration": 91.11095809936523, "step": 75000}
{"episode_reward": 958.0, "episode": 301.0, "batch_reward": 1.77228125, "critic_loss": 41.59593106842041, "actor_loss": -250.10612060546876, "alpha_loss": 0.007730997890233993, "alpha_value": 0.1364315149784088, "duration": 91.75802206993103, "step": 75250}
{"episode_reward": 970.0, "episode": 302.0, "batch_reward": 1.78365625, "critic_loss": 42.727491264343264, "actor_loss": -251.61365197753906, "alpha_loss": 0.0050323785450309515, "alpha_value": 0.1359422562122345, "duration": 92.07666420936584, "step": 75500}
{"episode_reward": 963.0, "episode": 303.0, "batch_reward": 1.78365625, "critic_loss": 41.812754829406735, "actor_loss": -253.27575012207032, "alpha_loss": 0.0033625770658254625, "alpha_value": 0.13579058384895323, "duration": 91.69745206832886, "step": 75750}
{"episode_reward": 968.0, "episode": 304.0, "batch_reward": 1.804, "critic_loss": 42.835307655334475, "actor_loss": -254.28541760253907, "alpha_loss": -0.002621001198887825, "alpha_value": 0.13549098920822145, "duration": 91.7600245475769, "step": 76000}
{"episode_reward": 968.0, "episode": 305.0, "batch_reward": 1.8018125, "critic_loss": 41.1736388092041, "actor_loss": -254.93666552734376, "alpha_loss": 0.003156942455098033, "alpha_value": 0.1356089860200882, "duration": 91.55903768539429, "step": 76250}
{"episode_reward": 974.0, "episode": 306.0, "batch_reward": 1.79428125, "critic_loss": 41.973640411376955, "actor_loss": -256.6393203125, "alpha_loss": 0.0005172696113586425, "alpha_value": 0.13550758612155914, "duration": 91.3497326374054, "step": 76500}
{"episode_reward": 974.0, "episode": 307.0, "batch_reward": 1.81540625, "critic_loss": 42.71390960693359, "actor_loss": -257.8612336425781, "alpha_loss": 0.0008341765608638525, "alpha_value": 0.13541362643241883, "duration": 91.80687355995178, "step": 76750}
{"episode_reward": 952.0, "episode": 308.0, "batch_reward": 1.80740625, "critic_loss": 43.754222930908206, "actor_loss": -258.21439990234376, "alpha_loss": -0.0005521389897912741, "alpha_value": 0.13536032772064208, "duration": 90.48803210258484, "step": 77000}
{"episode_reward": 951.0, "episode": 309.0, "batch_reward": 1.82425, "critic_loss": 42.87431805419922, "actor_loss": -259.92774633789065, "alpha_loss": -0.0019099445156753063, "alpha_value": 0.13548417234420776, "duration": 91.07228422164917, "step": 77250}
{"episode_reward": 886.0, "episode": 310.0, "batch_reward": 1.799375, "critic_loss": 41.00214462280273, "actor_loss": -260.13392944335936, "alpha_loss": 0.005311571553349495, "alpha_value": 0.1353259288072586, "duration": 91.58830142021179, "step": 77500}
{"episode_reward": 960.0, "episode": 311.0, "batch_reward": 1.84, "critic_loss": 39.93376288604736, "actor_loss": -261.1869718017578, "alpha_loss": 0.0013503986485302447, "alpha_value": 0.13521535146236419, "duration": 90.7148118019104, "step": 77750}
{"episode_reward": 976.0, "episode": 312.0, "batch_reward": 1.85221875, "critic_loss": 40.27720872497559, "actor_loss": -262.9818450927734, "alpha_loss": -0.0016679849196225404, "alpha_value": 0.13508497262001037, "duration": 90.87963509559631, "step": 78000}
{"episode_reward": 984.0, "episode": 313.0, "batch_reward": 1.86715625, "critic_loss": 39.80882894134521, "actor_loss": -263.77239294433593, "alpha_loss": 0.0021182993166148664, "alpha_value": 0.13510979747772217, "duration": 92.74080014228821, "step": 78250}
{"episode_reward": 971.0, "episode": 314.0, "batch_reward": 1.85415625, "critic_loss": 40.46149828338623, "actor_loss": -264.0679122314453, "alpha_loss": -0.0014399998039007187, "alpha_value": 0.1351264213323593, "duration": 93.564950466156, "step": 78500}
{"episode_reward": 949.0, "episode": 315.0, "batch_reward": 1.86059375, "critic_loss": 38.24118499755859, "actor_loss": -266.67388891601564, "alpha_loss": -0.0007412397172302008, "alpha_value": 0.13518367314338683, "duration": 91.84238862991333, "step": 78750}
{"episode_reward": 963.0, "episode": 316.0, "batch_reward": 1.877875, "critic_loss": 38.79958693695068, "actor_loss": -267.89047521972657, "alpha_loss": 0.0028194216918200257, "alpha_value": 0.13517221856117248, "duration": 91.23730063438416, "step": 79000}
{"episode_reward": 975.0, "episode": 317.0, "batch_reward": 1.8658125, "critic_loss": 38.37909266662598, "actor_loss": -268.50413110351565, "alpha_loss": -0.0012688791509717703, "alpha_value": 0.13503314304351807, "duration": 92.31883215904236, "step": 79250}
{"episode_reward": 808.0, "episode": 318.0, "batch_reward": 1.8723125, "critic_loss": 39.07947063446045, "actor_loss": -269.39895788574216, "alpha_loss": -0.0002542561050504446, "alpha_value": 0.13516933524608613, "duration": 94.86169290542603, "step": 79500}
{"episode_reward": 973.0, "episode": 319.0, "batch_reward": 1.89484375, "critic_loss": 40.38244468688965, "actor_loss": -270.1009260253906, "alpha_loss": 0.004153270740061998, "alpha_value": 0.13492018222808838, "duration": 93.17159295082092, "step": 79750}
{"episode_reward": 977.0, "episode": 320.0, "batch_reward": 1.8858125, "critic_loss": 37.219507858276366, "actor_loss": -271.7797890625, "alpha_loss": -0.0008345109540969133, "alpha_value": 0.13477959740161896, "duration": 92.87004446983337, "step": 80000}
