{"episode_reward": 0.0, "episode": 1.0, "duration": 69.46900081634521, "step": 250}
{"episode_reward": 31.0, "episode": 2.0, "duration": 5.5940351486206055, "step": 500}
{"episode_reward": 41.0, "episode": 3.0, "duration": 5.567625999450684, "step": 750}
{"episode_reward": 38.0, "episode": 4.0, "duration": 5.586150407791138, "step": 1000}
{"episode_reward": 22.0, "episode": 5.0, "batch_reward": 0.13022918334667735, "critic_loss": 0.8047418647540436, "actor_loss": -1.4413334330696335, "alpha_loss": 0.3045442290935546, "alpha_value": 0.09471333204533282, "duration": 398.0858678817749, "step": 1250}
{"episode_reward": 34.0, "episode": 6.0, "batch_reward": 0.12375, "critic_loss": 0.8973928631544114, "actor_loss": -2.6482500038146974, "alpha_loss": 0.2513895893096924, "alpha_value": 0.08938081693649293, "duration": 79.42778325080872, "step": 1500}
{"episode_reward": 2.0, "episode": 7.0, "batch_reward": 0.11425, "critic_loss": 0.8333752444982528, "actor_loss": -2.771550977706909, "alpha_loss": 0.25552637803554534, "alpha_value": 0.0884186086654663, "duration": 79.80838561058044, "step": 1750}
{"episode_reward": 22.0, "episode": 8.0, "batch_reward": 0.15365625, "critic_loss": 1.4078203493356705, "actor_loss": -3.073823055267334, "alpha_loss": 0.24783546257019043, "alpha_value": 0.08744703483581542, "duration": 79.2794086933136, "step": 2000}
{"episode_reward": 143.0, "episode": 9.0, "batch_reward": 0.167875, "critic_loss": 1.5475845160484314, "actor_loss": -3.2309793586730957, "alpha_loss": 0.23811364591121673, "alpha_value": 0.08650717771053314, "duration": 79.77894353866577, "step": 2250}
{"episode_reward": 60.0, "episode": 10.0, "batch_reward": 0.16309375, "critic_loss": 1.7528412593603133, "actor_loss": -3.440790542602539, "alpha_loss": 0.23789769637584687, "alpha_value": 0.08558239793777465, "duration": 79.61533641815186, "step": 2500}
{"episode_reward": 20.0, "episode": 11.0, "batch_reward": 0.28203125, "critic_loss": 2.450793571233749, "actor_loss": -3.883403579711914, "alpha_loss": 0.2290860776901245, "alpha_value": 0.08465527111291886, "duration": 79.77691960334778, "step": 2750}
{"episode_reward": 719.0, "episode": 12.0, "batch_reward": 0.408, "critic_loss": 3.123771114349365, "actor_loss": -4.786631759643555, "alpha_loss": 0.20935603058338165, "alpha_value": 0.08378129094839096, "duration": 79.28766870498657, "step": 3000}
{"episode_reward": 56.0, "episode": 13.0, "batch_reward": 0.4363125, "critic_loss": 3.434969294786453, "actor_loss": -5.440112907409668, "alpha_loss": 0.18912688338756561, "alpha_value": 0.0829744381904602, "duration": 79.73860359191895, "step": 3250}
{"episode_reward": 279.0, "episode": 14.0, "batch_reward": 0.4381875, "critic_loss": 4.012423177719116, "actor_loss": -6.132268188476562, "alpha_loss": 0.16457864385843277, "alpha_value": 0.08224827641248703, "duration": 79.74759697914124, "step": 3500}
{"episode_reward": 1.0, "episode": 15.0, "batch_reward": 0.40975, "critic_loss": 4.130851141452789, "actor_loss": -6.765199863433838, "alpha_loss": 0.15975416696071626, "alpha_value": 0.08155895549058914, "duration": 79.51374650001526, "step": 3750}
{"episode_reward": 64.0, "episode": 16.0, "batch_reward": 0.40059375, "critic_loss": 5.261945719718933, "actor_loss": -7.318690670013428, "alpha_loss": 0.15260184293985365, "alpha_value": 0.08086990213394166, "duration": 79.39012837409973, "step": 4000}
{"episode_reward": 46.0, "episode": 17.0, "batch_reward": 0.39275, "critic_loss": 5.062296939849854, "actor_loss": -7.624050773620605, "alpha_loss": 0.15311917662620544, "alpha_value": 0.08018332558870316, "duration": 79.62649345397949, "step": 4250}
{"episode_reward": 45.0, "episode": 18.0, "batch_reward": 0.37134375, "critic_loss": 5.419545959472656, "actor_loss": -8.199483386993409, "alpha_loss": 0.14672527259588242, "alpha_value": 0.0794915726184845, "duration": 79.47117042541504, "step": 4500}
{"episode_reward": 0.0, "episode": 19.0, "batch_reward": 0.357125, "critic_loss": 5.983346092224121, "actor_loss": -8.651506538391112, "alpha_loss": 0.1477136355638504, "alpha_value": 0.07880104440450668, "duration": 79.74551177024841, "step": 4750}
{"episode_reward": 159.0, "episode": 20.0, "batch_reward": 0.42965625, "critic_loss": 11.02994079399109, "actor_loss": -9.55343843460083, "alpha_loss": 0.12931319057941437, "alpha_value": 0.07810890716314316, "duration": 79.65628457069397, "step": 5000}
{"episode_reward": 847.0, "episode": 21.0, "batch_reward": 0.50821875, "critic_loss": 11.018811262130738, "actor_loss": -10.83687308883667, "alpha_loss": 0.10299070623517037, "alpha_value": 0.07753375405073167, "duration": 79.34051418304443, "step": 5250}
{"episode_reward": 3.0, "episode": 22.0, "batch_reward": 0.48984375, "critic_loss": 9.853689050674438, "actor_loss": -11.533047966003418, "alpha_loss": 0.08899283903837205, "alpha_value": 0.07704036605358124, "duration": 79.67750644683838, "step": 5500}
{"episode_reward": 67.0, "episode": 23.0, "batch_reward": 0.5186875, "critic_loss": 12.51911639213562, "actor_loss": -12.405783195495605, "alpha_loss": 0.08830793768167496, "alpha_value": 0.07655034357309341, "duration": 79.838050365448, "step": 5750}
{"episode_reward": 329.0, "episode": 24.0, "batch_reward": 0.55628125, "critic_loss": 14.697881050109864, "actor_loss": -13.412278732299805, "alpha_loss": 0.06334063670411706, "alpha_value": 0.0761115231513977, "duration": 79.10771584510803, "step": 6000}
{"episode_reward": 512.0, "episode": 25.0, "batch_reward": 0.56809375, "critic_loss": 15.134718263626098, "actor_loss": -14.311104591369629, "alpha_loss": 0.05668577555567026, "alpha_value": 0.07578562194108963, "duration": 79.3346197605133, "step": 6250}
{"episode_reward": 18.0, "episode": 26.0, "batch_reward": 0.59315625, "critic_loss": 15.529656063079834, "actor_loss": -15.581645027160645, "alpha_loss": 0.04315442048385739, "alpha_value": 0.07545907443761826, "duration": 79.58375906944275, "step": 6500}
{"episode_reward": 530.0, "episode": 27.0, "batch_reward": 0.620875, "critic_loss": 17.923372589111327, "actor_loss": -16.414479393005372, "alpha_loss": 0.029451112378388645, "alpha_value": 0.07522206169366837, "duration": 79.30941891670227, "step": 6750}
{"episode_reward": 8.0, "episode": 28.0, "batch_reward": 0.6018125, "critic_loss": 18.26635523223877, "actor_loss": -17.394418312072755, "alpha_loss": 0.01608061333745718, "alpha_value": 0.07506057858467102, "duration": 79.51381349563599, "step": 7000}
{"episode_reward": 9.0, "episode": 29.0, "batch_reward": 0.5833125, "critic_loss": 17.306201419830323, "actor_loss": -18.37579061126709, "alpha_loss": 0.017988179625943304, "alpha_value": 0.0749321414232254, "duration": 79.4382598400116, "step": 7250}
{"episode_reward": 84.0, "episode": 30.0, "batch_reward": 0.561125, "critic_loss": 18.838269554138183, "actor_loss": -19.094758422851562, "alpha_loss": 0.014599366558715701, "alpha_value": 0.07480703806877136, "duration": 79.64716577529907, "step": 7500}
{"episode_reward": 45.0, "episode": 31.0, "batch_reward": 0.5711875, "critic_loss": 19.042233142852783, "actor_loss": -19.512684745788576, "alpha_loss": 0.01828162033855915, "alpha_value": 0.07468116748332977, "duration": 79.37337350845337, "step": 7750}
{"episode_reward": 49.0, "episode": 32.0, "batch_reward": 0.54384375, "critic_loss": 20.04060834121704, "actor_loss": -20.17077618408203, "alpha_loss": 0.015613372658379376, "alpha_value": 0.07452717399597168, "duration": 79.65346050262451, "step": 8000}
{"episode_reward": 83.0, "episode": 33.0, "batch_reward": 0.53178125, "critic_loss": 19.340004264831542, "actor_loss": -21.351964447021484, "alpha_loss": 0.02320610955543816, "alpha_value": 0.07435306310653686, "duration": 79.40279698371887, "step": 8250}
{"episode_reward": 28.0, "episode": 34.0, "batch_reward": 0.54084375, "critic_loss": 23.164720233917237, "actor_loss": -22.011138259887694, "alpha_loss": 0.01732621751539409, "alpha_value": 0.07413783240318299, "duration": 79.46214056015015, "step": 8500}
{"episode_reward": 252.0, "episode": 35.0, "batch_reward": 0.558625, "critic_loss": 31.680436756134032, "actor_loss": -22.815756973266602, "alpha_loss": 0.011513039761222898, "alpha_value": 0.07398786437511444, "duration": 79.466313123703, "step": 8750}
{"episode_reward": 212.0, "episode": 36.0, "batch_reward": 0.55078125, "critic_loss": 30.346088386535644, "actor_loss": -23.498849899291994, "alpha_loss": 0.012311215836554765, "alpha_value": 0.07387472099065781, "duration": 79.49093842506409, "step": 9000}
{"episode_reward": 100.0, "episode": 37.0, "batch_reward": 0.5444375, "critic_loss": 24.988798141479492, "actor_loss": -24.027275009155275, "alpha_loss": 0.016036013258621095, "alpha_value": 0.0737004646062851, "duration": 79.57883858680725, "step": 9250}
{"episode_reward": 61.0, "episode": 38.0, "batch_reward": 0.52928125, "critic_loss": 27.77013322067261, "actor_loss": -24.892544372558593, "alpha_loss": 0.005329060431569815, "alpha_value": 0.07358592814207077, "duration": 79.52140617370605, "step": 9500}
{"episode_reward": 12.0, "episode": 39.0, "batch_reward": 0.55534375, "critic_loss": 30.462755500793456, "actor_loss": -26.829980239868163, "alpha_loss": 0.00022926534526050092, "alpha_value": 0.07351835095882416, "duration": 79.9232885837555, "step": 9750}
{"episode_reward": 612.0, "episode": 40.0, "batch_reward": 0.61684375, "critic_loss": 38.39108600234985, "actor_loss": -27.76831896972656, "alpha_loss": -0.004336145068518818, "alpha_value": 0.07353023427724838, "duration": 79.65886402130127, "step": 10000}
{"episode_reward": 792.0, "episode": 41.0, "batch_reward": 0.68971875, "critic_loss": 41.52256414794922, "actor_loss": -29.850542251586916, "alpha_loss": -0.006928717955946922, "alpha_value": 0.0736417407989502, "duration": 144.10379648208618, "step": 10250}
{"episode_reward": 961.0, "episode": 42.0, "batch_reward": 0.723, "critic_loss": 34.93363306427002, "actor_loss": -31.344112350463867, "alpha_loss": -0.014597317941486835, "alpha_value": 0.07380325531959533, "duration": 79.82718968391418, "step": 10500}
{"episode_reward": 40.0, "episode": 43.0, "batch_reward": 0.68659375, "critic_loss": 35.28229420471192, "actor_loss": -32.10159776306153, "alpha_loss": -0.007229703121818602, "alpha_value": 0.07400387132167816, "duration": 79.05964016914368, "step": 10750}
{"episode_reward": 80.0, "episode": 44.0, "batch_reward": 0.72709375, "critic_loss": 37.19547819519043, "actor_loss": -34.21190153503418, "alpha_loss": -0.008757189497351646, "alpha_value": 0.07409111392498016, "duration": 79.26915240287781, "step": 11000}
{"episode_reward": 997.0, "episode": 45.0, "batch_reward": 0.75059375, "critic_loss": 38.40444387054443, "actor_loss": -36.32905953979492, "alpha_loss": -0.014142646938562393, "alpha_value": 0.0743316878080368, "duration": 79.2025671005249, "step": 11250}
{"episode_reward": 8.0, "episode": 46.0, "batch_reward": 0.74703125, "critic_loss": 41.63773348236084, "actor_loss": -37.085157791137696, "alpha_loss": -0.008695572065189481, "alpha_value": 0.0745591881275177, "duration": 79.53010082244873, "step": 11500}
{"episode_reward": 86.0, "episode": 47.0, "batch_reward": 0.7528125, "critic_loss": 39.68449139404297, "actor_loss": -37.84438775634766, "alpha_loss": -0.006273995172232389, "alpha_value": 0.07473269242048264, "duration": 79.0361647605896, "step": 11750}
{"episode_reward": 5.0, "episode": 48.0, "batch_reward": 0.71890625, "critic_loss": 39.50619780731201, "actor_loss": -38.23282810974121, "alpha_loss": -0.007200159656815231, "alpha_value": 0.07487925362586975, "duration": 79.51783013343811, "step": 12000}
{"episode_reward": 22.0, "episode": 49.0, "batch_reward": 0.7153125, "critic_loss": 37.83641804504394, "actor_loss": -39.18502674865723, "alpha_loss": -0.001328294745646417, "alpha_value": 0.0749741603732109, "duration": 79.59102272987366, "step": 12250}
{"episode_reward": 63.0, "episode": 50.0, "batch_reward": 0.73928125, "critic_loss": 36.81365749359131, "actor_loss": -41.04411215209961, "alpha_loss": 0.004413550201803446, "alpha_value": 0.07489742887020111, "duration": 79.49912452697754, "step": 12500}
{"episode_reward": 938.0, "episode": 51.0, "batch_reward": 0.76428125, "critic_loss": 38.16868302917481, "actor_loss": -42.58410775756836, "alpha_loss": 0.00024223262909799814, "alpha_value": 0.07485514211654663, "duration": 79.43657207489014, "step": 12750}
{"episode_reward": 52.0, "episode": 52.0, "batch_reward": 0.778625, "critic_loss": 42.93597280120849, "actor_loss": -44.259718444824216, "alpha_loss": 4.26260968670249e-05, "alpha_value": 0.0748302806019783, "duration": 79.40857124328613, "step": 13000}
{"episode_reward": 959.0, "episode": 53.0, "batch_reward": 0.83625, "critic_loss": 42.06264138793945, "actor_loss": -45.680082336425784, "alpha_loss": -0.00476766243390739, "alpha_value": 0.074904143512249, "duration": 79.39316701889038, "step": 13250}
{"episode_reward": 906.0, "episode": 54.0, "batch_reward": 0.8556875, "critic_loss": 44.44763985443115, "actor_loss": -47.34527630615234, "alpha_loss": -0.00140966428630054, "alpha_value": 0.0750340576171875, "duration": 79.12524962425232, "step": 13500}
{"episode_reward": 30.0, "episode": 55.0, "batch_reward": 0.8520625, "critic_loss": 43.15922778320312, "actor_loss": -48.506686126708985, "alpha_loss": -0.007457222901750356, "alpha_value": 0.07518644136190414, "duration": 79.63488221168518, "step": 13750}
{"episode_reward": 55.0, "episode": 56.0, "batch_reward": 0.8265625, "critic_loss": 41.43485756683349, "actor_loss": -48.09240850830078, "alpha_loss": -0.001770528769120574, "alpha_value": 0.07528975111246108, "duration": 79.59188914299011, "step": 14000}
{"episode_reward": 52.0, "episode": 57.0, "batch_reward": 0.8408125, "critic_loss": 42.0597212677002, "actor_loss": -49.671784088134764, "alpha_loss": -0.004233392769470811, "alpha_value": 0.07535782819986343, "duration": 79.41401028633118, "step": 14250}
{"episode_reward": 110.0, "episode": 58.0, "batch_reward": 0.83728125, "critic_loss": 48.62447657775879, "actor_loss": -50.752138854980466, "alpha_loss": -0.0038689538408070803, "alpha_value": 0.0755178343653679, "duration": 79.41399478912354, "step": 14500}
{"episode_reward": 675.0, "episode": 59.0, "batch_reward": 0.8615, "critic_loss": 43.894902717590334, "actor_loss": -52.38173159790039, "alpha_loss": -0.011177352990955115, "alpha_value": 0.07577162384986877, "duration": 79.37743544578552, "step": 14750}
{"episode_reward": 25.0, "episode": 60.0, "batch_reward": 0.89384375, "critic_loss": 42.419003479003905, "actor_loss": -55.37249478149414, "alpha_loss": -0.008671694232150912, "alpha_value": 0.07619617903232574, "duration": 79.35588002204895, "step": 15000}
{"episode_reward": 883.0, "episode": 61.0, "batch_reward": 0.89, "critic_loss": 44.03446224975586, "actor_loss": -55.510909423828124, "alpha_loss": -0.006576929569244385, "alpha_value": 0.0764096844792366, "duration": 79.44678497314453, "step": 15250}
{"episode_reward": 63.0, "episode": 62.0, "batch_reward": 0.8758125, "critic_loss": 42.43775180053711, "actor_loss": -56.05083288574219, "alpha_loss": -0.003738413739949465, "alpha_value": 0.07664378690719605, "duration": 79.10460948944092, "step": 15500}
{"episode_reward": 19.0, "episode": 63.0, "batch_reward": 0.8533125, "critic_loss": 42.026725860595704, "actor_loss": -56.75785559082031, "alpha_loss": 0.003488205993548036, "alpha_value": 0.07664362597465516, "duration": 79.17099118232727, "step": 15750}
{"episode_reward": 53.0, "episode": 64.0, "batch_reward": 0.84840625, "critic_loss": 42.34135195159912, "actor_loss": -57.44503674316406, "alpha_loss": 0.0029774715267121793, "alpha_value": 0.07649892348051071, "duration": 78.99752497673035, "step": 16000}
{"episode_reward": 37.0, "episode": 65.0, "batch_reward": 0.88025, "critic_loss": 41.728495292663574, "actor_loss": -59.10196569824219, "alpha_loss": 0.007105958055704832, "alpha_value": 0.07631639939546585, "duration": 79.20433068275452, "step": 16250}
{"episode_reward": 934.0, "episode": 66.0, "batch_reward": 0.88346875, "critic_loss": 41.809157188415526, "actor_loss": -60.13987893676758, "alpha_loss": 0.0024752297382801772, "alpha_value": 0.07604638701677323, "duration": 79.74297094345093, "step": 16500}
{"episode_reward": 49.0, "episode": 67.0, "batch_reward": 0.87115625, "critic_loss": 40.45994151306152, "actor_loss": -60.92026889038086, "alpha_loss": 0.0019662846308201552, "alpha_value": 0.07594946420192719, "duration": 79.64840888977051, "step": 16750}
{"episode_reward": 5.0, "episode": 68.0, "batch_reward": 0.86375, "critic_loss": 43.1937286529541, "actor_loss": -61.1080885925293, "alpha_loss": 0.004444927889853716, "alpha_value": 0.07588844484090805, "duration": 79.1364049911499, "step": 17000}
{"episode_reward": 34.0, "episode": 69.0, "batch_reward": 0.86546875, "critic_loss": 42.70631484985351, "actor_loss": -61.32699002075195, "alpha_loss": 0.005660992091521621, "alpha_value": 0.07563411402702332, "duration": 79.2806646823883, "step": 17250}
{"episode_reward": 44.0, "episode": 70.0, "batch_reward": 0.85484375, "critic_loss": 43.65016888427734, "actor_loss": -61.64087539672852, "alpha_loss": 0.014188609812408685, "alpha_value": 0.07518310141563415, "duration": 79.5069363117218, "step": 17500}
{"episode_reward": 222.0, "episode": 71.0, "batch_reward": 0.83396875, "critic_loss": 42.103795471191404, "actor_loss": -61.7382434387207, "alpha_loss": 0.009915885453112424, "alpha_value": 0.07462626272439957, "duration": 79.37043380737305, "step": 17750}
{"episode_reward": 87.0, "episode": 72.0, "batch_reward": 0.83621875, "critic_loss": 40.51889450073242, "actor_loss": -62.3458450012207, "alpha_loss": 0.018468351719900966, "alpha_value": 0.07400434964895249, "duration": 79.34644269943237, "step": 18000}
{"episode_reward": 95.0, "episode": 73.0, "batch_reward": 0.85034375, "critic_loss": 44.172371643066406, "actor_loss": -63.377093658447265, "alpha_loss": 0.022098027154803277, "alpha_value": 0.07314227855205536, "duration": 79.01594424247742, "step": 18250}
{"episode_reward": 933.0, "episode": 74.0, "batch_reward": 0.8745, "critic_loss": 52.14433374786377, "actor_loss": -64.56876986694336, "alpha_loss": 0.01958649191260338, "alpha_value": 0.07220885825157165, "duration": 79.43702626228333, "step": 18500}
{"episode_reward": 56.0, "episode": 75.0, "batch_reward": 0.87784375, "critic_loss": 54.773189750671385, "actor_loss": -65.50686175537109, "alpha_loss": 0.021986167177557945, "alpha_value": 0.07144179964065552, "duration": 79.53335285186768, "step": 18750}
{"episode_reward": 791.0, "episode": 76.0, "batch_reward": 0.9091875, "critic_loss": 56.32148627471924, "actor_loss": -67.44639532470703, "alpha_loss": 0.019408726209774612, "alpha_value": 0.0706157044172287, "duration": 79.42055988311768, "step": 19000}
{"episode_reward": 388.0, "episode": 77.0, "batch_reward": 0.9055, "critic_loss": 53.97424244689942, "actor_loss": -68.43923147583008, "alpha_loss": 0.018302344959229232, "alpha_value": 0.06989051419496536, "duration": 79.65207934379578, "step": 19250}
{"episode_reward": 150.0, "episode": 78.0, "batch_reward": 0.89178125, "critic_loss": 46.596251708984376, "actor_loss": -69.0883115234375, "alpha_loss": 0.023262302614748476, "alpha_value": 0.06912388622760773, "duration": 79.76187658309937, "step": 19500}
{"episode_reward": 76.0, "episode": 79.0, "batch_reward": 0.892, "critic_loss": 72.24003168487549, "actor_loss": -68.02586804199218, "alpha_loss": 0.025545388681814076, "alpha_value": 0.06823177683353424, "duration": 79.14890384674072, "step": 19750}
{"episode_reward": 372.0, "episode": 80.0, "batch_reward": 0.88871875, "critic_loss": 71.67216389465332, "actor_loss": -68.54832385253906, "alpha_loss": 0.019937936151400208, "alpha_value": 0.06750976967811584, "duration": 79.16586208343506, "step": 20000}
{"episode_reward": 29.0, "episode": 81.0, "batch_reward": 0.89275, "critic_loss": 65.3480357131958, "actor_loss": -68.0837378540039, "alpha_loss": 0.018265632577240468, "alpha_value": 0.06680116856098176, "duration": 145.37666058540344, "step": 20250}
{"episode_reward": 154.0, "episode": 82.0, "batch_reward": 0.88090625, "critic_loss": 67.17203025817871, "actor_loss": -69.02344760131835, "alpha_loss": 0.017525440096855163, "alpha_value": 0.06621509605646134, "duration": 79.15101075172424, "step": 20500}
{"episode_reward": 507.0, "episode": 83.0, "batch_reward": 0.90565625, "critic_loss": 64.80269529724121, "actor_loss": -69.87696188354492, "alpha_loss": 0.014170578454621136, "alpha_value": 0.06571359151601791, "duration": 79.35661244392395, "step": 20750}
{"episode_reward": 52.0, "episode": 84.0, "batch_reward": 0.9028125, "critic_loss": 62.867113555908205, "actor_loss": -69.18373580932617, "alpha_loss": 0.013345097841694952, "alpha_value": 0.06521290099620819, "duration": 79.81291794776917, "step": 21000}
{"episode_reward": 484.0, "episode": 85.0, "batch_reward": 0.92828125, "critic_loss": 67.13254373168945, "actor_loss": -70.93628195190429, "alpha_loss": 0.01013085768185556, "alpha_value": 0.06476754194498062, "duration": 79.65397238731384, "step": 21250}
{"episode_reward": 963.0, "episode": 86.0, "batch_reward": 0.92315625, "critic_loss": 62.437528747558595, "actor_loss": -70.8682201538086, "alpha_loss": 0.012389524610713125, "alpha_value": 0.06441689759492875, "duration": 79.2441840171814, "step": 21500}
{"episode_reward": 61.0, "episode": 87.0, "batch_reward": 0.91878125, "critic_loss": 61.6746655960083, "actor_loss": -72.3983600769043, "alpha_loss": 0.007236204730346799, "alpha_value": 0.06407939672470092, "duration": 79.4869556427002, "step": 21750}
{"episode_reward": 12.0, "episode": 88.0, "batch_reward": 0.9215625, "critic_loss": 51.0343729095459, "actor_loss": -72.46862670898437, "alpha_loss": 0.006241226198151708, "alpha_value": 0.06384246385097504, "duration": 79.64610815048218, "step": 22000}
{"episode_reward": 49.0, "episode": 89.0, "batch_reward": 0.9100625, "critic_loss": 52.39667264556885, "actor_loss": -71.56700424194337, "alpha_loss": 0.010328312687575817, "alpha_value": 0.06355388045310974, "duration": 79.36877727508545, "step": 22250}
{"episode_reward": 166.0, "episode": 90.0, "batch_reward": 0.91628125, "critic_loss": 53.71976889801025, "actor_loss": -72.35719860839843, "alpha_loss": 0.008644499573856592, "alpha_value": 0.06317292720079422, "duration": 79.35657477378845, "step": 22500}
{"episode_reward": 74.0, "episode": 91.0, "batch_reward": 0.9056875, "critic_loss": 53.59577251434326, "actor_loss": -73.67494338989258, "alpha_loss": 0.009918162028305233, "alpha_value": 0.06283787101507186, "duration": 79.404860496521, "step": 22750}
{"episode_reward": 22.0, "episode": 92.0, "batch_reward": 0.89540625, "critic_loss": 50.36438021850586, "actor_loss": -73.74119830322266, "alpha_loss": 0.008368884705007077, "alpha_value": 0.0625062657892704, "duration": 79.37216877937317, "step": 23000}
{"episode_reward": 75.0, "episode": 93.0, "batch_reward": 0.8894375, "critic_loss": 47.00477534484863, "actor_loss": -72.4079543762207, "alpha_loss": 0.01382468581199646, "alpha_value": 0.06197850516438484, "duration": 79.46977472305298, "step": 23250}
{"episode_reward": 128.0, "episode": 94.0, "batch_reward": 0.89128125, "critic_loss": 53.9830943069458, "actor_loss": -73.5245950012207, "alpha_loss": 0.009699855612590909, "alpha_value": 0.061528436452150344, "duration": 79.20441317558289, "step": 23500}
{"episode_reward": 934.0, "episode": 95.0, "batch_reward": 0.9031875, "critic_loss": 69.09950505828857, "actor_loss": -74.47964654541016, "alpha_loss": 0.007812803579494357, "alpha_value": 0.0611769612133503, "duration": 79.59007859230042, "step": 23750}
{"episode_reward": 579.0, "episode": 96.0, "batch_reward": 0.92596875, "critic_loss": 65.59092416381836, "actor_loss": -75.37724530029297, "alpha_loss": 0.004353880865499377, "alpha_value": 0.06101481825113297, "duration": 79.19121861457825, "step": 24000}
{"episode_reward": 146.0, "episode": 97.0, "batch_reward": 0.9124375, "critic_loss": 59.14747064208984, "actor_loss": -74.25658413696289, "alpha_loss": 0.0049807575717568395, "alpha_value": 0.06082252311706543, "duration": 79.47627544403076, "step": 24250}
{"episode_reward": 133.0, "episode": 98.0, "batch_reward": 0.92290625, "critic_loss": 72.19968080139161, "actor_loss": -75.40084140014649, "alpha_loss": 0.0040757293980568645, "alpha_value": 0.06059879469871521, "duration": 79.53816986083984, "step": 24500}
{"episode_reward": 613.0, "episode": 99.0, "batch_reward": 0.9350625, "critic_loss": 69.43181623077393, "actor_loss": -77.33008081054687, "alpha_loss": 0.0039072729591280225, "alpha_value": 0.060493317991495134, "duration": 79.85110330581665, "step": 24750}
{"episode_reward": 16.0, "episode": 100.0, "batch_reward": 0.925625, "critic_loss": 66.46370796966552, "actor_loss": -77.69463711547851, "alpha_loss": -0.004252105172723532, "alpha_value": 0.0604265039563179, "duration": 79.3416063785553, "step": 25000}
{"episode_reward": 0.0, "episode": 101.0, "batch_reward": 0.90853125, "critic_loss": 59.42385894775391, "actor_loss": -76.2898591003418, "alpha_loss": -0.0034395176246762274, "alpha_value": 0.060604408532381054, "duration": 79.64273691177368, "step": 25250}
{"episode_reward": 66.0, "episode": 102.0, "batch_reward": 0.91309375, "critic_loss": 55.1297018661499, "actor_loss": -76.17556887817383, "alpha_loss": -0.00827642265893519, "alpha_value": 0.06084817999601364, "duration": 81.35068869590759, "step": 25500}
{"episode_reward": 335.0, "episode": 103.0, "batch_reward": 0.93325, "critic_loss": 57.88715291595459, "actor_loss": -76.18492483520508, "alpha_loss": -0.006273243002593517, "alpha_value": 0.06115955629944801, "duration": 92.4507737159729, "step": 25750}
{"episode_reward": 777.0, "episode": 104.0, "batch_reward": 0.9381875, "critic_loss": 57.75108895111084, "actor_loss": -78.85706100463867, "alpha_loss": -0.006749109616503119, "alpha_value": 0.061516887336969375, "duration": 93.23806500434875, "step": 26000}
{"episode_reward": 134.0, "episode": 105.0, "batch_reward": 0.937, "critic_loss": 55.162575302124026, "actor_loss": -79.6980885925293, "alpha_loss": -0.005372721089050174, "alpha_value": 0.06174251189827919, "duration": 93.44775581359863, "step": 26250}
{"episode_reward": 457.0, "episode": 106.0, "batch_reward": 0.96484375, "critic_loss": 54.022596534729004, "actor_loss": -78.96928594970703, "alpha_loss": -0.007284961083438247, "alpha_value": 0.06207160663604736, "duration": 93.23371481895447, "step": 26500}
{"episode_reward": 507.0, "episode": 107.0, "batch_reward": 0.94578125, "critic_loss": 65.99482600402833, "actor_loss": -78.97448107910157, "alpha_loss": -0.005490905955433846, "alpha_value": 0.06233135133981705, "duration": 93.04732918739319, "step": 26750}
{"episode_reward": 334.0, "episode": 108.0, "batch_reward": 0.96296875, "critic_loss": 58.414697692871094, "actor_loss": -79.51805346679687, "alpha_loss": -0.0035252519017085434, "alpha_value": 0.0625251048207283, "duration": 92.81764078140259, "step": 27000}
{"episode_reward": 9.0, "episode": 109.0, "batch_reward": 0.94121875, "critic_loss": 52.72966328430176, "actor_loss": -80.25015194702148, "alpha_loss": 0.00354667797870934, "alpha_value": 0.06255923023819923, "duration": 93.01354122161865, "step": 27250}
{"episode_reward": 95.0, "episode": 110.0, "batch_reward": 0.9465, "critic_loss": 65.45244811248779, "actor_loss": -80.15677114868164, "alpha_loss": -0.0015788844004273415, "alpha_value": 0.0624754835665226, "duration": 93.13826823234558, "step": 27500}
{"episode_reward": 440.0, "episode": 111.0, "batch_reward": 0.95375, "critic_loss": 65.76370223236084, "actor_loss": -79.4653305053711, "alpha_loss": -0.004181994853541255, "alpha_value": 0.06259057128429413, "duration": 93.5953197479248, "step": 27750}
{"episode_reward": 202.0, "episode": 112.0, "batch_reward": 0.97396875, "critic_loss": 59.952220260620116, "actor_loss": -80.0181678161621, "alpha_loss": -0.00501077763736248, "alpha_value": 0.06281154400110245, "duration": 92.76432943344116, "step": 28000}
{"episode_reward": 637.0, "episode": 113.0, "batch_reward": 0.95925, "critic_loss": 59.8119536819458, "actor_loss": -80.28967895507813, "alpha_loss": -0.010254799156449735, "alpha_value": 0.06315859663486481, "duration": 92.90375924110413, "step": 28250}
{"episode_reward": 82.0, "episode": 114.0, "batch_reward": 0.94425, "critic_loss": 55.56502391815186, "actor_loss": -79.17204940795898, "alpha_loss": -0.013546709412708878, "alpha_value": 0.06378915482759476, "duration": 92.74147367477417, "step": 28500}
{"episode_reward": 250.0, "episode": 115.0, "batch_reward": 0.94284375, "critic_loss": 57.756636962890624, "actor_loss": -79.0923219909668, "alpha_loss": -0.010744837045669555, "alpha_value": 0.0643233124613762, "duration": 93.25688433647156, "step": 28750}
{"episode_reward": 24.0, "episode": 116.0, "batch_reward": 0.960625, "critic_loss": 51.88230527496338, "actor_loss": -80.44841763305664, "alpha_loss": -0.01232484684791416, "alpha_value": 0.0649162573814392, "duration": 76.5382571220398, "step": 29000}
{"episode_reward": 972.0, "episode": 117.0, "batch_reward": 0.96890625, "critic_loss": 53.57313607788086, "actor_loss": -81.97622344970704, "alpha_loss": -0.013014705991372466, "alpha_value": 0.06550581538677215, "duration": 92.7533540725708, "step": 29250}
{"episode_reward": 41.0, "episode": 118.0, "batch_reward": 0.97115625, "critic_loss": 50.83902490234375, "actor_loss": -81.10169415283202, "alpha_loss": -0.014081298938021064, "alpha_value": 0.06618438988924026, "duration": 93.027756690979, "step": 29500}
{"episode_reward": 627.0, "episode": 119.0, "batch_reward": 0.99871875, "critic_loss": 56.97054615020752, "actor_loss": -80.7145835571289, "alpha_loss": -0.00580040436424315, "alpha_value": 0.06662985652685166, "duration": 92.96138572692871, "step": 29750}
{"episode_reward": 955.0, "episode": 120.0, "batch_reward": 0.990625, "critic_loss": 50.34184864807129, "actor_loss": -81.49272750854492, "alpha_loss": -0.010277468541637063, "alpha_value": 0.06701944905519486, "duration": 92.93040013313293, "step": 30000}
{"episode_reward": 47.0, "episode": 121.0, "batch_reward": 0.997125, "critic_loss": 52.94627223205566, "actor_loss": -83.19403314208985, "alpha_loss": -0.012585258552804589, "alpha_value": 0.06747160893678665, "duration": 158.05982756614685, "step": 30250}
{"episode_reward": 80.0, "episode": 122.0, "batch_reward": 0.99146875, "critic_loss": 57.75371485137939, "actor_loss": -82.76979473876953, "alpha_loss": -0.017664945836178957, "alpha_value": 0.06823710876703262, "duration": 92.6652512550354, "step": 30500}
{"episode_reward": 645.0, "episode": 123.0, "batch_reward": 1.0080625, "critic_loss": 79.96082911682129, "actor_loss": -83.90410693359375, "alpha_loss": -0.016218093644827604, "alpha_value": 0.06898809951543808, "duration": 92.7645194530487, "step": 30750}
{"episode_reward": 241.0, "episode": 124.0, "batch_reward": 1.01325, "critic_loss": 72.24862529754638, "actor_loss": -83.63599060058594, "alpha_loss": -0.016701696929521857, "alpha_value": 0.06979263949394227, "duration": 93.10563492774963, "step": 31000}
{"episode_reward": 442.0, "episode": 125.0, "batch_reward": 1.02278125, "critic_loss": 65.64394110107422, "actor_loss": -85.51290802001954, "alpha_loss": -0.013302642785012721, "alpha_value": 0.07050037342309952, "duration": 92.61996984481812, "step": 31250}
{"episode_reward": 632.0, "episode": 126.0, "batch_reward": 1.04803125, "critic_loss": 67.45919599151611, "actor_loss": -85.75614428710938, "alpha_loss": -0.014501234175637364, "alpha_value": 0.07110129809379577, "duration": 93.2641830444336, "step": 31500}
{"episode_reward": 875.0, "episode": 127.0, "batch_reward": 1.04796875, "critic_loss": 67.51423056793213, "actor_loss": -85.79019097900391, "alpha_loss": -0.01709042157046497, "alpha_value": 0.07182211995124817, "duration": 92.87428593635559, "step": 31750}
{"episode_reward": 234.0, "episode": 128.0, "batch_reward": 1.05265625, "critic_loss": 63.646998008728026, "actor_loss": -86.52582110595704, "alpha_loss": -0.016900553058832885, "alpha_value": 0.07255881583690643, "duration": 92.74990510940552, "step": 32000}
{"episode_reward": 16.0, "episode": 129.0, "batch_reward": 1.04465625, "critic_loss": 56.69903028869629, "actor_loss": -87.01284167480469, "alpha_loss": -0.015923406440764665, "alpha_value": 0.0732654789686203, "duration": 93.1065936088562, "step": 32250}
{"episode_reward": 237.0, "episode": 130.0, "batch_reward": 1.02990625, "critic_loss": 67.60313804626465, "actor_loss": -88.47336175537109, "alpha_loss": -0.019036159791052342, "alpha_value": 0.0740902116894722, "duration": 93.04277539253235, "step": 32500}
{"episode_reward": 162.0, "episode": 131.0, "batch_reward": 1.02884375, "critic_loss": 61.36506451416015, "actor_loss": -88.1132176513672, "alpha_loss": -0.011258029324933886, "alpha_value": 0.07474432510137557, "duration": 92.91916155815125, "step": 32750}
{"episode_reward": 0.0, "episode": 132.0, "batch_reward": 1.0266875, "critic_loss": 58.867550224304196, "actor_loss": -89.66531494140625, "alpha_loss": -0.013809298267588019, "alpha_value": 0.07523291796445847, "duration": 93.02026915550232, "step": 33000}
{"episode_reward": 795.0, "episode": 133.0, "batch_reward": 1.03184375, "critic_loss": 55.3792617263794, "actor_loss": -90.69848413085937, "alpha_loss": -0.014019516678526998, "alpha_value": 0.07597402811050415, "duration": 92.756751537323, "step": 33250}
{"episode_reward": 22.0, "episode": 134.0, "batch_reward": 1.03790625, "critic_loss": 57.13803359222412, "actor_loss": -90.11531378173828, "alpha_loss": -0.012820284655317664, "alpha_value": 0.07648811292648315, "duration": 93.35552215576172, "step": 33500}
{"episode_reward": 224.0, "episode": 135.0, "batch_reward": 1.03596875, "critic_loss": 60.68095907592773, "actor_loss": -89.982849609375, "alpha_loss": -0.009661596663296223, "alpha_value": 0.07701090097427368, "duration": 92.93269753456116, "step": 33750}
{"episode_reward": 552.0, "episode": 136.0, "batch_reward": 1.0375625, "critic_loss": 57.98674788665772, "actor_loss": -88.85591284179688, "alpha_loss": -0.0007094805836677551, "alpha_value": 0.07717446345090866, "duration": 93.04637360572815, "step": 34000}
{"episode_reward": 743.0, "episode": 137.0, "batch_reward": 1.054, "critic_loss": 65.67855097198486, "actor_loss": -91.35588439941407, "alpha_loss": -0.003818604622967541, "alpha_value": 0.07735032963752747, "duration": 93.13243961334229, "step": 34250}
{"episode_reward": 650.0, "episode": 138.0, "batch_reward": 1.0674375, "critic_loss": 59.86556072235108, "actor_loss": -92.92333404541016, "alpha_loss": -0.006830740991048515, "alpha_value": 0.07756773513555527, "duration": 92.91127705574036, "step": 34500}
{"episode_reward": 0.0, "episode": 139.0, "batch_reward": 1.054875, "critic_loss": 59.84019895172119, "actor_loss": -92.61000042724609, "alpha_loss": -0.014655400734394789, "alpha_value": 0.0780897507071495, "duration": 93.21393728256226, "step": 34750}
{"episode_reward": 0.0, "episode": 140.0, "batch_reward": 1.04025, "critic_loss": 57.017436584472655, "actor_loss": -91.99121704101563, "alpha_loss": -0.009797043977305292, "alpha_value": 0.07868174308538436, "duration": 92.93750953674316, "step": 35000}
{"episode_reward": 90.0, "episode": 141.0, "batch_reward": 1.05, "critic_loss": 59.71884781646729, "actor_loss": -91.8449281616211, "alpha_loss": -0.012912596434354781, "alpha_value": 0.07923245018720627, "duration": 93.16053795814514, "step": 35250}
{"episode_reward": 202.0, "episode": 142.0, "batch_reward": 1.0598125, "critic_loss": 59.96144161987305, "actor_loss": -92.78052795410156, "alpha_loss": -0.009795266887173056, "alpha_value": 0.07978422617912292, "duration": 92.94501805305481, "step": 35500}
{"episode_reward": 987.0, "episode": 143.0, "batch_reward": 1.06346875, "critic_loss": 64.54179503631592, "actor_loss": -93.04259790039063, "alpha_loss": -0.01571008555404842, "alpha_value": 0.0803982543349266, "duration": 92.9946060180664, "step": 35750}
{"episode_reward": 0.0, "episode": 144.0, "batch_reward": 1.05828125, "critic_loss": 57.221906929016114, "actor_loss": -93.55582495117187, "alpha_loss": -0.009460083017125726, "alpha_value": 0.08101938408613205, "duration": 93.3473961353302, "step": 36000}
{"episode_reward": 88.0, "episode": 145.0, "batch_reward": 1.05940625, "critic_loss": 70.74418212127685, "actor_loss": -93.15512634277344, "alpha_loss": -0.012262963560409844, "alpha_value": 0.08152403002977371, "duration": 93.33451771736145, "step": 36250}
{"episode_reward": 652.0, "episode": 146.0, "batch_reward": 1.07778125, "critic_loss": 65.66009866333007, "actor_loss": -94.36065698242187, "alpha_loss": -0.015654253516346216, "alpha_value": 0.08226719677448273, "duration": 93.08094143867493, "step": 36500}
{"episode_reward": 696.0, "episode": 147.0, "batch_reward": 1.0630625, "critic_loss": 64.2834658279419, "actor_loss": -95.45795458984375, "alpha_loss": -0.01805251706112176, "alpha_value": 0.08306549000740052, "duration": 93.4631896018982, "step": 36750}
{"episode_reward": 16.0, "episode": 148.0, "batch_reward": 1.0778125, "critic_loss": 65.90943884277344, "actor_loss": -96.42672338867187, "alpha_loss": -0.01703265187703073, "alpha_value": 0.08387859690189362, "duration": 93.45309114456177, "step": 37000}
{"episode_reward": 625.0, "episode": 149.0, "batch_reward": 1.0775, "critic_loss": 64.89679442596436, "actor_loss": -97.19681573486328, "alpha_loss": -0.023304294165223838, "alpha_value": 0.08484948885440827, "duration": 93.15870070457458, "step": 37250}
{"episode_reward": 942.0, "episode": 150.0, "batch_reward": 1.09696875, "critic_loss": 61.244641220092774, "actor_loss": -99.13452307128907, "alpha_loss": -0.022945834739133714, "alpha_value": 0.0859399846792221, "duration": 93.02261185646057, "step": 37500}
{"episode_reward": 961.0, "episode": 151.0, "batch_reward": 1.10778125, "critic_loss": 62.39823393249512, "actor_loss": -100.20718939208984, "alpha_loss": -0.029157383445650338, "alpha_value": 0.08707819420099258, "duration": 93.25580334663391, "step": 37750}
{"episode_reward": 301.0, "episode": 152.0, "batch_reward": 1.11128125, "critic_loss": 59.95529480743408, "actor_loss": -100.97122082519532, "alpha_loss": -0.02385386476665735, "alpha_value": 0.0882449695467949, "duration": 93.12534523010254, "step": 38000}
{"episode_reward": 103.0, "episode": 153.0, "batch_reward": 1.1075, "critic_loss": 57.98342844390869, "actor_loss": -101.50104302978515, "alpha_loss": -0.01573124754987657, "alpha_value": 0.08912196081876755, "duration": 93.22514152526855, "step": 38250}
{"episode_reward": 3.0, "episode": 154.0, "batch_reward": 1.10575, "critic_loss": 55.68550999450684, "actor_loss": -100.77553295898437, "alpha_loss": -0.008728972291573883, "alpha_value": 0.08968385869264603, "duration": 93.18244886398315, "step": 38500}
{"episode_reward": 428.0, "episode": 155.0, "batch_reward": 1.10546875, "critic_loss": 55.42452761077881, "actor_loss": -101.82174206542969, "alpha_loss": -0.015806179178878665, "alpha_value": 0.09015944528579711, "duration": 93.17640686035156, "step": 38750}
{"episode_reward": 249.0, "episode": 156.0, "batch_reward": 1.0866875, "critic_loss": 54.37595901489258, "actor_loss": -101.47258966064453, "alpha_loss": -0.020523089554160833, "alpha_value": 0.09099321365356446, "duration": 92.89945268630981, "step": 39000}
{"episode_reward": 422.0, "episode": 157.0, "batch_reward": 1.120625, "critic_loss": 53.93498777770996, "actor_loss": -102.39721704101562, "alpha_loss": -0.02129758847132325, "alpha_value": 0.09191624534130097, "duration": 93.1228539943695, "step": 39250}
{"episode_reward": 634.0, "episode": 158.0, "batch_reward": 1.10240625, "critic_loss": 52.86971561431885, "actor_loss": -102.12610620117188, "alpha_loss": -0.016392197689041495, "alpha_value": 0.09285371273756027, "duration": 93.2257707118988, "step": 39500}
{"episode_reward": 220.0, "episode": 159.0, "batch_reward": 1.1084375, "critic_loss": 54.987326217651365, "actor_loss": -103.07291583251953, "alpha_loss": -0.014029128581285476, "alpha_value": 0.09342041712999344, "duration": 92.91660499572754, "step": 39750}
{"episode_reward": 858.0, "episode": 160.0, "batch_reward": 1.1233125, "critic_loss": 54.56336234283447, "actor_loss": -103.74697064208985, "alpha_loss": -0.019576283215545116, "alpha_value": 0.09418690097332001, "duration": 92.48168444633484, "step": 40000}
{"episode_reward": 628.0, "episode": 161.0, "batch_reward": 1.1415625, "critic_loss": 58.724289894104004, "actor_loss": -104.86224481201172, "alpha_loss": -0.01698554282542318, "alpha_value": 0.09506315296888351, "duration": 157.92083883285522, "step": 40250}
{"episode_reward": 194.0, "episode": 162.0, "batch_reward": 1.1316875, "critic_loss": 52.814547248840334, "actor_loss": -105.43488775634765, "alpha_loss": -0.022805843360722066, "alpha_value": 0.09595776212215423, "duration": 92.94307947158813, "step": 40500}
{"episode_reward": 972.0, "episode": 163.0, "batch_reward": 1.16234375, "critic_loss": 49.93054573059082, "actor_loss": -106.73323028564454, "alpha_loss": -0.015855561975389718, "alpha_value": 0.09690299463272095, "duration": 92.63465619087219, "step": 40750}
{"episode_reward": 232.0, "episode": 164.0, "batch_reward": 1.16621875, "critic_loss": 51.92743881225586, "actor_loss": -108.16616973876953, "alpha_loss": -0.013322387477383018, "alpha_value": 0.09757587605714799, "duration": 92.97221994400024, "step": 41000}
{"episode_reward": 973.0, "episode": 165.0, "batch_reward": 1.15971875, "critic_loss": 57.40954833984375, "actor_loss": -108.79148712158204, "alpha_loss": -0.01792265082709491, "alpha_value": 0.09823428934812546, "duration": 93.04447865486145, "step": 41250}
{"episode_reward": 173.0, "episode": 166.0, "batch_reward": 1.17784375, "critic_loss": 52.98004508972168, "actor_loss": -110.73133062744141, "alpha_loss": -0.015235811242833734, "alpha_value": 0.09901881790161132, "duration": 93.49665355682373, "step": 41500}
{"episode_reward": 991.0, "episode": 167.0, "batch_reward": 1.1949375, "critic_loss": 53.368376953125, "actor_loss": -111.48664312744141, "alpha_loss": -0.020568093653768302, "alpha_value": 0.0998305562734604, "duration": 93.07543420791626, "step": 41750}
{"episode_reward": 795.0, "episode": 168.0, "batch_reward": 1.2260625, "critic_loss": 56.96795336914062, "actor_loss": -114.26339245605469, "alpha_loss": -0.010492887537926435, "alpha_value": 0.10055104911327362, "duration": 92.97511887550354, "step": 42000}
{"episode_reward": 662.0, "episode": 169.0, "batch_reward": 1.21453125, "critic_loss": 55.906451957702636, "actor_loss": -112.92383312988281, "alpha_loss": -0.01503845970891416, "alpha_value": 0.10121339470148087, "duration": 93.38898730278015, "step": 42250}
{"episode_reward": 909.0, "episode": 170.0, "batch_reward": 1.2288125, "critic_loss": 53.93961893463135, "actor_loss": -114.00687469482422, "alpha_loss": -0.010606406995095312, "alpha_value": 0.10169582426548004, "duration": 93.10467171669006, "step": 42500}
{"episode_reward": 499.0, "episode": 171.0, "batch_reward": 1.23603125, "critic_loss": 61.6825516204834, "actor_loss": -116.10127313232422, "alpha_loss": -0.025321894690394402, "alpha_value": 0.10265862792730332, "duration": 93.40059518814087, "step": 42750}
{"episode_reward": 948.0, "episode": 172.0, "batch_reward": 1.2561875, "critic_loss": 56.498106399536134, "actor_loss": -117.16623248291016, "alpha_loss": -0.01354067323356867, "alpha_value": 0.10357666212320328, "duration": 93.47579145431519, "step": 43000}
{"episode_reward": 936.0, "episode": 173.0, "batch_reward": 1.2408125, "critic_loss": 56.24687496948242, "actor_loss": -118.64416217041015, "alpha_loss": -0.018838732752949, "alpha_value": 0.10426005423069, "duration": 93.4953863620758, "step": 43250}
{"episode_reward": 317.0, "episode": 174.0, "batch_reward": 1.25184375, "critic_loss": 55.33913719177246, "actor_loss": -119.32835485839844, "alpha_loss": -0.019513226917013526, "alpha_value": 0.10526339155435561, "duration": 93.46101927757263, "step": 43500}
{"episode_reward": 78.0, "episode": 175.0, "batch_reward": 1.24315625, "critic_loss": 57.83477499389648, "actor_loss": -119.91101568603516, "alpha_loss": -0.012540741048753261, "alpha_value": 0.10609436964988708, "duration": 93.35950708389282, "step": 43750}
{"episode_reward": 167.0, "episode": 176.0, "batch_reward": 1.2529375, "critic_loss": 59.08320458984375, "actor_loss": -119.59231945800781, "alpha_loss": -0.012653714599087835, "alpha_value": 0.10651019012928009, "duration": 93.52485728263855, "step": 44000}
{"episode_reward": 520.0, "episode": 177.0, "batch_reward": 1.244, "critic_loss": 58.543362846374514, "actor_loss": -121.44799786376953, "alpha_loss": -0.008977132035419345, "alpha_value": 0.10718696135282517, "duration": 93.34891605377197, "step": 44250}
{"episode_reward": 985.0, "episode": 178.0, "batch_reward": 1.2750625, "critic_loss": 58.736611053466795, "actor_loss": -122.62031842041016, "alpha_loss": -0.0033000999372452496, "alpha_value": 0.10744263541698455, "duration": 93.14911341667175, "step": 44500}
{"episode_reward": 724.0, "episode": 179.0, "batch_reward": 1.2869375, "critic_loss": 55.41175650024414, "actor_loss": -123.83893621826172, "alpha_loss": -0.012581133874133229, "alpha_value": 0.10778603261709213, "duration": 93.16518831253052, "step": 44750}
{"episode_reward": 983.0, "episode": 180.0, "batch_reward": 1.28953125, "critic_loss": 55.82070991516113, "actor_loss": -125.57896063232423, "alpha_loss": -0.013839029669761659, "alpha_value": 0.10855280596017837, "duration": 93.32355880737305, "step": 45000}
{"episode_reward": 913.0, "episode": 181.0, "batch_reward": 1.297125, "critic_loss": 53.81456793212891, "actor_loss": -127.74821936035156, "alpha_loss": -0.02253869337029755, "alpha_value": 0.10948123532533646, "duration": 93.03811931610107, "step": 45250}
{"episode_reward": 770.0, "episode": 182.0, "batch_reward": 1.325375, "critic_loss": 57.07099784851074, "actor_loss": -128.56583306884767, "alpha_loss": -0.014246538426727056, "alpha_value": 0.11037328886985778, "duration": 93.0259177684784, "step": 45500}
{"episode_reward": 369.0, "episode": 183.0, "batch_reward": 1.32325, "critic_loss": 57.57184452819824, "actor_loss": -128.84868701171874, "alpha_loss": -0.012839179817587138, "alpha_value": 0.11118466871976852, "duration": 93.53577733039856, "step": 45750}
{"episode_reward": 126.0, "episode": 184.0, "batch_reward": 1.2903125, "critic_loss": 56.165665084838864, "actor_loss": -128.51001190185548, "alpha_loss": -0.009319474667310715, "alpha_value": 0.11164305394887925, "duration": 93.34756755828857, "step": 46000}
{"episode_reward": 27.0, "episode": 185.0, "batch_reward": 1.298125, "critic_loss": 56.726505447387694, "actor_loss": -129.3760552368164, "alpha_loss": -0.006521653951145709, "alpha_value": 0.11208611804246903, "duration": 93.51340818405151, "step": 46250}
{"episode_reward": 916.0, "episode": 186.0, "batch_reward": 1.30946875, "critic_loss": 55.615672454833984, "actor_loss": -131.09943865966798, "alpha_loss": -0.0022368253376334906, "alpha_value": 0.11232333332300186, "duration": 93.48450589179993, "step": 46500}
{"episode_reward": 7.0, "episode": 187.0, "batch_reward": 1.32484375, "critic_loss": 52.70715969848633, "actor_loss": -132.60294549560547, "alpha_loss": -0.0003105483874678612, "alpha_value": 0.11239826828241348, "duration": 93.01164150238037, "step": 46750}
{"episode_reward": 956.0, "episode": 188.0, "batch_reward": 1.3374375, "critic_loss": 56.505595123291016, "actor_loss": -132.17364837646485, "alpha_loss": -0.002462818242609501, "alpha_value": 0.11242890727519989, "duration": 93.35421204566956, "step": 47000}
{"episode_reward": 953.0, "episode": 189.0, "batch_reward": 1.34028125, "critic_loss": 54.344200889587405, "actor_loss": -134.7364985961914, "alpha_loss": -0.0022958189966157077, "alpha_value": 0.11263015007972717, "duration": 93.5038731098175, "step": 47250}
{"episode_reward": 421.0, "episode": 190.0, "batch_reward": 1.347625, "critic_loss": 55.37889903259277, "actor_loss": -134.34122778320312, "alpha_loss": -0.0004008414223790169, "alpha_value": 0.11269590556621552, "duration": 93.83464980125427, "step": 47500}
{"episode_reward": 632.0, "episode": 191.0, "batch_reward": 1.33340625, "critic_loss": 54.815090019226076, "actor_loss": -135.3315210571289, "alpha_loss": 0.004225982515141368, "alpha_value": 0.11257634907960892, "duration": 93.64597153663635, "step": 47750}
{"episode_reward": 47.0, "episode": 192.0, "batch_reward": 1.3283125, "critic_loss": 56.94484575653076, "actor_loss": -136.17948663330077, "alpha_loss": 0.005498191107064485, "alpha_value": 0.11234242337942123, "duration": 93.569659948349, "step": 48000}
{"episode_reward": 114.0, "episode": 193.0, "batch_reward": 1.3329375, "critic_loss": 56.04587753295898, "actor_loss": -137.35189166259767, "alpha_loss": 0.0017103065755218268, "alpha_value": 0.11209373122453689, "duration": 93.47123265266418, "step": 48250}
{"episode_reward": 956.0, "episode": 194.0, "batch_reward": 1.34834375, "critic_loss": 54.99538041687012, "actor_loss": -138.5608885498047, "alpha_loss": -0.0024893457870930435, "alpha_value": 0.11208101189136505, "duration": 92.85861778259277, "step": 48500}
{"episode_reward": 973.0, "episode": 195.0, "batch_reward": 1.338, "critic_loss": 56.394675674438474, "actor_loss": -139.48178741455078, "alpha_loss": -0.00017791228741407395, "alpha_value": 0.11222250312566757, "duration": 93.44569444656372, "step": 48750}
{"episode_reward": 203.0, "episode": 196.0, "batch_reward": 1.3534375, "critic_loss": 53.53980081176758, "actor_loss": -139.86032592773438, "alpha_loss": -0.001854828130453825, "alpha_value": 0.11226521492004395, "duration": 93.32753205299377, "step": 49000}
{"episode_reward": 817.0, "episode": 197.0, "batch_reward": 1.38359375, "critic_loss": 54.43121778869629, "actor_loss": -142.97780249023438, "alpha_loss": -0.005165195038542151, "alpha_value": 0.11246357291936875, "duration": 93.58938264846802, "step": 49250}
{"episode_reward": 984.0, "episode": 198.0, "batch_reward": 1.389, "critic_loss": 55.408611907958985, "actor_loss": -143.61715802001953, "alpha_loss": -0.010598431257531047, "alpha_value": 0.11293607127666473, "duration": 93.37921142578125, "step": 49500}
{"episode_reward": 952.0, "episode": 199.0, "batch_reward": 1.3765, "critic_loss": 56.12745946502685, "actor_loss": -143.84105151367189, "alpha_loss": -0.000910463735461235, "alpha_value": 0.11334264272451401, "duration": 93.26381325721741, "step": 49750}
{"episode_reward": 657.0, "episode": 200.0, "batch_reward": 1.39665625, "critic_loss": 56.748594619750975, "actor_loss": -145.5522518310547, "alpha_loss": 0.004284007456153632, "alpha_value": 0.11318849045038223, "duration": 92.96640300750732, "step": 50000}
{"episode_reward": 77.0, "episode": 201.0, "batch_reward": 1.383625, "critic_loss": 65.63282176208496, "actor_loss": -145.57833514404297, "alpha_loss": -0.00017811177298426628, "alpha_value": 0.11310330498218536, "duration": 158.98072600364685, "step": 50250}
{"episode_reward": 69.0, "episode": 202.0, "batch_reward": 1.3785, "critic_loss": 66.58859217834473, "actor_loss": -146.16644079589844, "alpha_loss": 0.00023604234121739866, "alpha_value": 0.11306633353233338, "duration": 93.74903082847595, "step": 50500}
{"episode_reward": 598.0, "episode": 203.0, "batch_reward": 1.4031875, "critic_loss": 60.38004404449463, "actor_loss": -148.1596359863281, "alpha_loss": -0.005751377450302244, "alpha_value": 0.11320125716924667, "duration": 93.67497515678406, "step": 50750}
{"episode_reward": 991.0, "episode": 204.0, "batch_reward": 1.403375, "critic_loss": 59.65161683654785, "actor_loss": -149.7037384033203, "alpha_loss": -0.006095728520303965, "alpha_value": 0.11354705035686492, "duration": 76.57927894592285, "step": 51000}
{"episode_reward": 351.0, "episode": 205.0, "batch_reward": 1.40540625, "critic_loss": 57.21637796020508, "actor_loss": -150.7439129638672, "alpha_loss": -0.001704098392277956, "alpha_value": 0.11380291259288788, "duration": 93.71483111381531, "step": 51250}
{"episode_reward": 918.0, "episode": 206.0, "batch_reward": 1.41434375, "critic_loss": 58.90142950439453, "actor_loss": -151.8583057861328, "alpha_loss": -0.004675649099051952, "alpha_value": 0.11392790967226028, "duration": 93.81158328056335, "step": 51500}
{"episode_reward": 915.0, "episode": 207.0, "batch_reward": 1.42190625, "critic_loss": 58.00520245361328, "actor_loss": -152.39479223632813, "alpha_loss": -0.01481390235759318, "alpha_value": 0.11455689370632172, "duration": 93.53114676475525, "step": 51750}
{"episode_reward": 811.0, "episode": 208.0, "batch_reward": 1.449875, "critic_loss": 57.213134963989255, "actor_loss": -154.3948469238281, "alpha_loss": -0.012899257361888886, "alpha_value": 0.1155069533586502, "duration": 93.77962827682495, "step": 52000}
{"episode_reward": 78.0, "episode": 209.0, "batch_reward": 1.431375, "critic_loss": 56.1895772857666, "actor_loss": -154.440408203125, "alpha_loss": -0.008789184590801597, "alpha_value": 0.1161607158780098, "duration": 93.7492904663086, "step": 52250}
{"episode_reward": 831.0, "episode": 210.0, "batch_reward": 1.4379375, "critic_loss": 57.374351165771486, "actor_loss": -153.2184129638672, "alpha_loss": -0.002105240568518639, "alpha_value": 0.11636237329244614, "duration": 93.65704679489136, "step": 52500}
{"episode_reward": 954.0, "episode": 211.0, "batch_reward": 1.46240625, "critic_loss": 56.812587463378904, "actor_loss": -157.59743518066406, "alpha_loss": -0.006660391211509705, "alpha_value": 0.11672581744194031, "duration": 93.66469502449036, "step": 52750}
{"episode_reward": 878.0, "episode": 212.0, "batch_reward": 1.459125, "critic_loss": 60.04847959899902, "actor_loss": -158.3609356689453, "alpha_loss": -0.00024967640545219184, "alpha_value": 0.11687471848726273, "duration": 93.70780920982361, "step": 53000}
{"episode_reward": 984.0, "episode": 213.0, "batch_reward": 1.45984375, "critic_loss": 58.7042784576416, "actor_loss": -157.9553592529297, "alpha_loss": -0.0017569683697074652, "alpha_value": 0.11695317834615708, "duration": 93.78279733657837, "step": 53250}
{"episode_reward": 526.0, "episode": 214.0, "batch_reward": 1.4698125, "critic_loss": 58.6163660736084, "actor_loss": -160.68759094238283, "alpha_loss": 0.0029416607730090617, "alpha_value": 0.11685861712694168, "duration": 93.51207304000854, "step": 53500}
{"episode_reward": 675.0, "episode": 215.0, "batch_reward": 1.4825625, "critic_loss": 57.4790876159668, "actor_loss": -160.86769921875, "alpha_loss": -0.00045770143531262875, "alpha_value": 0.11684748846292496, "duration": 93.85741829872131, "step": 53750}
{"episode_reward": 257.0, "episode": 216.0, "batch_reward": 1.4755, "critic_loss": 54.704251434326174, "actor_loss": -162.78183569335937, "alpha_loss": -0.0019263473358005286, "alpha_value": 0.11691510421037674, "duration": 93.65658569335938, "step": 54000}
{"episode_reward": 436.0, "episode": 217.0, "batch_reward": 1.4955625, "critic_loss": 55.487674179077146, "actor_loss": -161.9198084716797, "alpha_loss": -0.0009619683623313904, "alpha_value": 0.11698681038618088, "duration": 93.67506861686707, "step": 54250}
{"episode_reward": 954.0, "episode": 218.0, "batch_reward": 1.50175, "critic_loss": 56.549547470092776, "actor_loss": -164.04160119628907, "alpha_loss": -0.007550741354003548, "alpha_value": 0.11720022654533387, "duration": 93.66133213043213, "step": 54500}
{"episode_reward": 989.0, "episode": 219.0, "batch_reward": 1.5251875, "critic_loss": 54.541500930786135, "actor_loss": -166.07301879882812, "alpha_loss": -0.005377168912440539, "alpha_value": 0.11772780632972717, "duration": 93.40408611297607, "step": 54750}
{"episode_reward": 942.0, "episode": 220.0, "batch_reward": 1.5130625, "critic_loss": 54.400483924865725, "actor_loss": -165.57367163085937, "alpha_loss": -0.0033204865511506794, "alpha_value": 0.11798395651578904, "duration": 93.05108404159546, "step": 55000}
{"episode_reward": 793.0, "episode": 221.0, "batch_reward": 1.5193125, "critic_loss": 55.93618172454834, "actor_loss": -164.5583546142578, "alpha_loss": 0.0020971442824229596, "alpha_value": 0.11793534326553344, "duration": 93.53813409805298, "step": 55250}
{"episode_reward": 867.0, "episode": 222.0, "batch_reward": 1.53453125, "critic_loss": 55.01356591796875, "actor_loss": -166.5286358642578, "alpha_loss": -0.009462181936949492, "alpha_value": 0.11822596907615662, "duration": 93.00591039657593, "step": 55500}
{"episode_reward": 3.0, "episode": 223.0, "batch_reward": 1.50071875, "critic_loss": 55.1689130859375, "actor_loss": -166.7310100097656, "alpha_loss": -0.012873855765908956, "alpha_value": 0.11889901262521743, "duration": 93.58512735366821, "step": 55750}
{"episode_reward": 770.0, "episode": 224.0, "batch_reward": 1.53215625, "critic_loss": 54.05419890594482, "actor_loss": -168.10817639160157, "alpha_loss": -0.008125031780451536, "alpha_value": 0.11960470914840698, "duration": 93.53034400939941, "step": 56000}
{"episode_reward": 812.0, "episode": 225.0, "batch_reward": 1.53134375, "critic_loss": 52.24270956420899, "actor_loss": -170.68522155761718, "alpha_loss": -0.010946357578039169, "alpha_value": 0.1201587650179863, "duration": 93.70772790908813, "step": 56250}
{"episode_reward": 886.0, "episode": 226.0, "batch_reward": 1.52478125, "critic_loss": 57.624603729248044, "actor_loss": -170.82781335449218, "alpha_loss": -0.006872780350968242, "alpha_value": 0.12074142587184906, "duration": 93.37016534805298, "step": 56500}
{"episode_reward": 593.0, "episode": 227.0, "batch_reward": 1.55771875, "critic_loss": 55.66466176605225, "actor_loss": -172.41086083984376, "alpha_loss": -0.0059652112387120725, "alpha_value": 0.12109273838996887, "duration": 93.48741102218628, "step": 56750}
{"episode_reward": 892.0, "episode": 228.0, "batch_reward": 1.56021875, "critic_loss": 53.33651979827881, "actor_loss": -172.89655981445313, "alpha_loss": -0.002147083389572799, "alpha_value": 0.12129095935821534, "duration": 93.405606508255, "step": 57000}
{"episode_reward": 979.0, "episode": 229.0, "batch_reward": 1.5755, "critic_loss": 55.396821014404296, "actor_loss": -175.17241967773438, "alpha_loss": -0.005546543005853891, "alpha_value": 0.12150417512655258, "duration": 93.47374701499939, "step": 57250}
{"episode_reward": 574.0, "episode": 230.0, "batch_reward": 1.56765625, "critic_loss": 56.00302456665039, "actor_loss": -175.55776245117187, "alpha_loss": -0.0047141553610563275, "alpha_value": 0.12191883265972138, "duration": 93.63066935539246, "step": 57500}
{"episode_reward": 341.0, "episode": 231.0, "batch_reward": 1.5601875, "critic_loss": 56.05050521850586, "actor_loss": -176.00747033691405, "alpha_loss": -0.005665914351120591, "alpha_value": 0.12229099255800248, "duration": 93.46851181983948, "step": 57750}
{"episode_reward": 278.0, "episode": 232.0, "batch_reward": 1.5681875, "critic_loss": 55.112394264221194, "actor_loss": -177.75200170898438, "alpha_loss": -0.01000096451677382, "alpha_value": 0.12268982923030854, "duration": 93.34415340423584, "step": 58000}
{"episode_reward": 640.0, "episode": 233.0, "batch_reward": 1.5680625, "critic_loss": 54.42249459075928, "actor_loss": -177.6444913330078, "alpha_loss": -0.014536429442465306, "alpha_value": 0.1234947640299797, "duration": 93.12875151634216, "step": 58250}
{"episode_reward": 866.0, "episode": 234.0, "batch_reward": 1.565625, "critic_loss": 51.74979389190674, "actor_loss": -177.18815148925782, "alpha_loss": -0.006979549637064338, "alpha_value": 0.12420411771535873, "duration": 93.46542000770569, "step": 58500}
{"episode_reward": 677.0, "episode": 235.0, "batch_reward": 1.58575, "critic_loss": 51.632411964416505, "actor_loss": -179.71234729003908, "alpha_loss": -0.0051905954126268625, "alpha_value": 0.12461172652244568, "duration": 93.46978068351746, "step": 58750}
{"episode_reward": 947.0, "episode": 236.0, "batch_reward": 1.61015625, "critic_loss": 50.65600133514404, "actor_loss": -181.36454663085937, "alpha_loss": -0.004652437176555395, "alpha_value": 0.12489138340950012, "duration": 93.96688675880432, "step": 59000}
{"episode_reward": 900.0, "episode": 237.0, "batch_reward": 1.58640625, "critic_loss": 61.08573422241211, "actor_loss": -182.6008858642578, "alpha_loss": -0.010421654757112264, "alpha_value": 0.1252325537800789, "duration": 93.47116899490356, "step": 59250}
{"episode_reward": 235.0, "episode": 238.0, "batch_reward": 1.59521875, "critic_loss": 61.78669245910645, "actor_loss": -182.84268200683593, "alpha_loss": -0.005240320142358541, "alpha_value": 0.12588384354114532, "duration": 93.37488794326782, "step": 59500}
{"episode_reward": 617.0, "episode": 239.0, "batch_reward": 1.5858125, "critic_loss": 60.24886126708984, "actor_loss": -184.07930493164062, "alpha_loss": -0.0009264501370489597, "alpha_value": 0.12605531096458436, "duration": 93.13004755973816, "step": 59750}
{"episode_reward": 945.0, "episode": 240.0, "batch_reward": 1.60709375, "critic_loss": 64.1395121307373, "actor_loss": -185.9271298828125, "alpha_loss": -0.002508804749697447, "alpha_value": 0.12601594424247742, "duration": 93.44046759605408, "step": 60000}
{"episode_reward": 862.0, "episode": 241.0, "batch_reward": 1.62275, "critic_loss": 56.43312728881836, "actor_loss": -186.26454663085937, "alpha_loss": -0.011318340308964253, "alpha_value": 0.12649266803264617, "duration": 160.13535070419312, "step": 60250}
{"episode_reward": 975.0, "episode": 242.0, "batch_reward": 1.642375, "critic_loss": 57.671893585205076, "actor_loss": -190.31190649414063, "alpha_loss": -0.0036829622220247984, "alpha_value": 0.1269374806880951, "duration": 93.48174381256104, "step": 60500}
{"episode_reward": 746.0, "episode": 243.0, "batch_reward": 1.6361875, "critic_loss": 59.10907718658447, "actor_loss": -190.7779805908203, "alpha_loss": 0.0046908935829997065, "alpha_value": 0.12700993084907533, "duration": 93.49671483039856, "step": 60750}
{"episode_reward": 968.0, "episode": 244.0, "batch_reward": 1.6676875, "critic_loss": 56.01085446166992, "actor_loss": -191.2328194580078, "alpha_loss": 0.006290145386010408, "alpha_value": 0.12650530886650085, "duration": 93.11513161659241, "step": 61000}
{"episode_reward": 952.0, "episode": 245.0, "batch_reward": 1.6614375, "critic_loss": 53.60733555603027, "actor_loss": -192.76318408203124, "alpha_loss": 0.0024402402453124524, "alpha_value": 0.1262917662858963, "duration": 93.8167188167572, "step": 61250}
{"episode_reward": 952.0, "episode": 246.0, "batch_reward": 1.67175, "critic_loss": 62.06083307647705, "actor_loss": -193.72273718261718, "alpha_loss": -0.00041959852539002893, "alpha_value": 0.12628999364376067, "duration": 93.58228754997253, "step": 61500}
{"episode_reward": 947.0, "episode": 247.0, "batch_reward": 1.660625, "critic_loss": 57.265816612243654, "actor_loss": -194.35388305664063, "alpha_loss": -0.002854885209351778, "alpha_value": 0.1264117828607559, "duration": 94.22681999206543, "step": 61750}
{"episode_reward": 956.0, "episode": 248.0, "batch_reward": 1.67278125, "critic_loss": 54.998674331665036, "actor_loss": -195.49097729492186, "alpha_loss": -0.007635298769921064, "alpha_value": 0.12669523417949677, "duration": 94.06521773338318, "step": 62000}
{"episode_reward": 872.0, "episode": 249.0, "batch_reward": 1.6895625, "critic_loss": 51.93628720092774, "actor_loss": -196.78256726074218, "alpha_loss": 0.0006762039083987474, "alpha_value": 0.12700025939941406, "duration": 94.2158613204956, "step": 62250}
{"episode_reward": 953.0, "episode": 250.0, "batch_reward": 1.7055625, "critic_loss": 50.96708994293213, "actor_loss": -198.02990344238282, "alpha_loss": 0.003768785037100315, "alpha_value": 0.12677116012573242, "duration": 94.25420260429382, "step": 62500}
{"episode_reward": 954.0, "episode": 251.0, "batch_reward": 1.72471875, "critic_loss": 55.944051902770994, "actor_loss": -200.96773291015626, "alpha_loss": 7.672721147537231e-05, "alpha_value": 0.12675335371494292, "duration": 93.89681649208069, "step": 62750}
{"episode_reward": 981.0, "episode": 252.0, "batch_reward": 1.6971875, "critic_loss": 54.602384422302244, "actor_loss": -200.5890294189453, "alpha_loss": 0.0034795283693820236, "alpha_value": 0.1267108051776886, "duration": 84.6391532421112, "step": 63000}
{"episode_reward": 959.0, "episode": 253.0, "batch_reward": 1.7244375, "critic_loss": 55.57229391479492, "actor_loss": -201.5735877685547, "alpha_loss": 0.01151113362237811, "alpha_value": 0.1261722184419632, "duration": 93.9810242652893, "step": 63250}
{"episode_reward": 981.0, "episode": 254.0, "batch_reward": 1.7331875, "critic_loss": 53.10351608276367, "actor_loss": -204.43340856933594, "alpha_loss": 0.004295208167284727, "alpha_value": 0.12563113844394683, "duration": 93.56538033485413, "step": 63500}
{"episode_reward": 1000.0, "episode": 255.0, "batch_reward": 1.72234375, "critic_loss": 55.11137579345703, "actor_loss": -203.72559765625, "alpha_loss": -0.0003337537609040737, "alpha_value": 0.12547944402694702, "duration": 93.94426345825195, "step": 63750}
{"episode_reward": 242.0, "episode": 256.0, "batch_reward": 1.7174375, "critic_loss": 49.8625855178833, "actor_loss": -205.293505859375, "alpha_loss": 0.005461847361177206, "alpha_value": 0.1254079678058624, "duration": 93.70370602607727, "step": 64000}
{"episode_reward": 796.0, "episode": 257.0, "batch_reward": 1.743875, "critic_loss": 50.10962651062012, "actor_loss": -205.62747253417967, "alpha_loss": 0.00942578622326255, "alpha_value": 0.1249443850517273, "duration": 93.56426429748535, "step": 64250}
{"episode_reward": 971.0, "episode": 258.0, "batch_reward": 1.7421875, "critic_loss": 60.12747576141357, "actor_loss": -206.65260595703126, "alpha_loss": 0.0023597715869545935, "alpha_value": 0.12448904049396516, "duration": 94.12855696678162, "step": 64500}
{"episode_reward": 306.0, "episode": 259.0, "batch_reward": 1.74375, "critic_loss": 53.33579544067383, "actor_loss": -207.03595556640624, "alpha_loss": 0.009013660533353686, "alpha_value": 0.12410846787691117, "duration": 104.75601959228516, "step": 64750}
{"episode_reward": 715.0, "episode": 260.0, "batch_reward": 1.76215625, "critic_loss": 54.565494354248045, "actor_loss": -207.8827099609375, "alpha_loss": 0.004416142806410789, "alpha_value": 0.12367112350463867, "duration": 108.10011577606201, "step": 65000}
{"episode_reward": 934.0, "episode": 261.0, "batch_reward": 1.77696875, "critic_loss": 51.11111875152588, "actor_loss": -209.22978588867187, "alpha_loss": 0.0021438517719507217, "alpha_value": 0.12333006358146667, "duration": 108.96021676063538, "step": 65250}
{"episode_reward": 960.0, "episode": 262.0, "batch_reward": 1.779125, "critic_loss": 50.572792549133304, "actor_loss": -210.94965563964843, "alpha_loss": 0.003988618502393365, "alpha_value": 0.12331190717220307, "duration": 109.72834491729736, "step": 65500}
{"episode_reward": 969.0, "episode": 263.0, "batch_reward": 1.77815625, "critic_loss": 48.41199265289307, "actor_loss": -211.48071704101562, "alpha_loss": 0.0005480011757463217, "alpha_value": 0.12304183483123779, "duration": 109.15883612632751, "step": 65750}
{"episode_reward": 986.0, "episode": 264.0, "batch_reward": 1.81425, "critic_loss": 50.81472492980957, "actor_loss": -212.81435046386719, "alpha_loss": 0.006633017269894481, "alpha_value": 0.12290526211261749, "duration": 109.56296157836914, "step": 66000}
{"episode_reward": 948.0, "episode": 265.0, "batch_reward": 1.7810625, "critic_loss": 48.34639895629883, "actor_loss": -213.64396044921875, "alpha_loss": -0.0076666712928563354, "alpha_value": 0.12296391505002975, "duration": 109.23452019691467, "step": 66250}
{"episode_reward": 944.0, "episode": 266.0, "batch_reward": 1.80865625, "critic_loss": 47.19641635131836, "actor_loss": -215.40647583007814, "alpha_loss": 0.005203609932214022, "alpha_value": 0.1229791761636734, "duration": 108.94258880615234, "step": 66500}
{"episode_reward": 756.0, "episode": 267.0, "batch_reward": 1.81490625, "critic_loss": 50.73652922821045, "actor_loss": -216.8121728515625, "alpha_loss": 0.0092299735667184, "alpha_value": 0.122531485080719, "duration": 109.64927315711975, "step": 66750}
{"episode_reward": 943.0, "episode": 268.0, "batch_reward": 1.8161875, "critic_loss": 46.76330002593994, "actor_loss": -216.75276293945313, "alpha_loss": 0.005244491476565599, "alpha_value": 0.12206999784708022, "duration": 109.49673628807068, "step": 67000}
{"episode_reward": 811.0, "episode": 269.0, "batch_reward": 1.8115, "critic_loss": 46.70417798614502, "actor_loss": -218.55466821289062, "alpha_loss": 0.00770450624357909, "alpha_value": 0.12165772330760956, "duration": 108.9045295715332, "step": 67250}
{"episode_reward": 990.0, "episode": 270.0, "batch_reward": 1.83353125, "critic_loss": 45.46654751586914, "actor_loss": -220.3054178466797, "alpha_loss": 0.0032622031923383475, "alpha_value": 0.12134284228086471, "duration": 107.92719459533691, "step": 67500}
{"episode_reward": 735.0, "episode": 271.0, "batch_reward": 1.83175, "critic_loss": 46.14872654724121, "actor_loss": -220.99051098632813, "alpha_loss": -0.000372428547590971, "alpha_value": 0.1212443243265152, "duration": 106.86500644683838, "step": 67750}
{"episode_reward": 957.0, "episode": 272.0, "batch_reward": 1.84071875, "critic_loss": 45.07383303070068, "actor_loss": -222.25656982421876, "alpha_loss": 0.0024191160444170237, "alpha_value": 0.12117568999528885, "duration": 107.94637680053711, "step": 68000}
{"episode_reward": 961.0, "episode": 273.0, "batch_reward": 1.85396875, "critic_loss": 43.360900253295895, "actor_loss": -224.7644012451172, "alpha_loss": 0.0022938941065222024, "alpha_value": 0.12100477010011673, "duration": 109.2366349697113, "step": 68250}
{"episode_reward": 990.0, "episode": 274.0, "batch_reward": 1.84790625, "critic_loss": 44.83094284057617, "actor_loss": -225.8627459716797, "alpha_loss": 0.0013017613664269448, "alpha_value": 0.12094161784648895, "duration": 108.76193714141846, "step": 68500}
{"episode_reward": 42.0, "episode": 275.0, "batch_reward": 1.8483125, "critic_loss": 43.88674264526367, "actor_loss": -227.66012268066407, "alpha_loss": -0.006149690615013242, "alpha_value": 0.12106641590595245, "duration": 106.86632513999939, "step": 68750}
{"episode_reward": 979.0, "episode": 276.0, "batch_reward": 1.87503125, "critic_loss": 43.96415637969971, "actor_loss": -228.27337719726563, "alpha_loss": -0.004494444012641907, "alpha_value": 0.12138289594650269, "duration": 105.45296359062195, "step": 69000}
{"episode_reward": 969.0, "episode": 277.0, "batch_reward": 1.88103125, "critic_loss": 42.382212013244626, "actor_loss": -230.16941760253906, "alpha_loss": -0.0019834470581263303, "alpha_value": 0.12170187127590179, "duration": 106.96657919883728, "step": 69250}
{"episode_reward": 993.0, "episode": 278.0, "batch_reward": 1.89409375, "critic_loss": 42.779813018798826, "actor_loss": -231.60840441894533, "alpha_loss": 0.004238222099840641, "alpha_value": 0.1216455951333046, "duration": 105.65293574333191, "step": 69500}
{"episode_reward": 979.0, "episode": 279.0, "batch_reward": 1.8645625, "critic_loss": 43.45668650054932, "actor_loss": -232.69956420898438, "alpha_loss": -0.005847119301557541, "alpha_value": 0.12165360605716705, "duration": 106.95675086975098, "step": 69750}
{"episode_reward": 973.0, "episode": 280.0, "batch_reward": 1.873625, "critic_loss": 40.81913061523438, "actor_loss": -234.45445861816407, "alpha_loss": -0.005295517610386014, "alpha_value": 0.12196284961700439, "duration": 106.48025512695312, "step": 70000}
{"episode_reward": 962.0, "episode": 281.0, "batch_reward": 1.8830625, "critic_loss": 42.28607674407959, "actor_loss": -234.28449108886718, "alpha_loss": -0.004481551660224795, "alpha_value": 0.12229126608371735, "duration": 170.23673057556152, "step": 70250}
{"episode_reward": 983.0, "episode": 282.0, "batch_reward": 1.89065625, "critic_loss": 41.554147735595706, "actor_loss": -236.5634260253906, "alpha_loss": -0.001621248597279191, "alpha_value": 0.12243185168504715, "duration": 106.38659262657166, "step": 70500}
{"episode_reward": 946.0, "episode": 283.0, "batch_reward": 1.8884375, "critic_loss": 40.20643246459961, "actor_loss": -238.1989609375, "alpha_loss": -0.004766352143138647, "alpha_value": 0.12268383777141571, "duration": 104.43749380111694, "step": 70750}
{"episode_reward": 973.0, "episode": 284.0, "batch_reward": 1.90484375, "critic_loss": 40.760749168395996, "actor_loss": -239.0101668701172, "alpha_loss": 0.0010373269002884626, "alpha_value": 0.12280933904647827, "duration": 103.87680649757385, "step": 71000}
{"episode_reward": 923.0, "episode": 285.0, "batch_reward": 1.9063125, "critic_loss": 40.14371691131592, "actor_loss": -240.25145263671874, "alpha_loss": -0.00237164075858891, "alpha_value": 0.1227860694527626, "duration": 104.24264931678772, "step": 71250}
{"episode_reward": 980.0, "episode": 286.0, "batch_reward": 1.91340625, "critic_loss": 40.427984634399415, "actor_loss": -241.28459240722657, "alpha_loss": -3.2549018040299414e-05, "alpha_value": 0.1230096190571785, "duration": 103.26643085479736, "step": 71500}
{"episode_reward": 976.0, "episode": 287.0, "batch_reward": 1.93315625, "critic_loss": 40.57690061187744, "actor_loss": -242.3761199951172, "alpha_loss": 0.0019907041918486358, "alpha_value": 0.12285036849975586, "duration": 103.44506645202637, "step": 71750}
{"episode_reward": 938.0, "episode": 288.0, "batch_reward": 1.9373125, "critic_loss": 39.18695747375488, "actor_loss": -243.90646667480468, "alpha_loss": -0.0007641060501337051, "alpha_value": 0.12273056817054749, "duration": 103.70922183990479, "step": 72000}
{"episode_reward": 995.0, "episode": 289.0, "batch_reward": 1.92778125, "critic_loss": 38.21289671325684, "actor_loss": -244.59307934570313, "alpha_loss": 0.0024755078088492155, "alpha_value": 0.12273088616132737, "duration": 102.34295511245728, "step": 72250}
{"episode_reward": 959.0, "episode": 290.0, "batch_reward": 1.9605, "critic_loss": 39.90073034667969, "actor_loss": -248.32540405273437, "alpha_loss": 0.0047199369212612505, "alpha_value": 0.12259758079051972, "duration": 103.77653622627258, "step": 72500}
{"episode_reward": 965.0, "episode": 291.0, "batch_reward": 1.9625, "critic_loss": 39.66372975921631, "actor_loss": -248.47588171386718, "alpha_loss": -0.00010958726145327092, "alpha_value": 0.12240456449985504, "duration": 102.4108247756958, "step": 72750}
{"episode_reward": 986.0, "episode": 292.0, "batch_reward": 1.95821875, "critic_loss": 39.034333984375, "actor_loss": -250.2932664794922, "alpha_loss": 0.0041004249081015584, "alpha_value": 0.12229706370830536, "duration": 99.46494317054749, "step": 73000}
{"episode_reward": 982.0, "episode": 293.0, "batch_reward": 1.96921875, "critic_loss": 39.34432568359375, "actor_loss": -252.1270987548828, "alpha_loss": 0.0028895921148359774, "alpha_value": 0.12189113849401474, "duration": 100.37808299064636, "step": 73250}
{"episode_reward": 982.0, "episode": 294.0, "batch_reward": 1.990375, "critic_loss": 38.77487326812744, "actor_loss": -254.13921362304689, "alpha_loss": 0.0004744497649371624, "alpha_value": 0.12184938311576843, "duration": 101.30326461791992, "step": 73500}
{"episode_reward": 973.0, "episode": 295.0, "batch_reward": 1.984, "critic_loss": 38.592461280822754, "actor_loss": -253.8584510498047, "alpha_loss": -0.0004424689840525389, "alpha_value": 0.12196408873796463, "duration": 98.05993461608887, "step": 73750}
{"episode_reward": 972.0, "episode": 296.0, "batch_reward": 1.99453125, "critic_loss": 37.55650030517578, "actor_loss": -256.0667468261719, "alpha_loss": -0.0007475523501634598, "alpha_value": 0.12196507787704468, "duration": 98.52196192741394, "step": 74000}
{"episode_reward": 966.0, "episode": 297.0, "batch_reward": 2.0045625, "critic_loss": 37.34710921478271, "actor_loss": -258.7572255859375, "alpha_loss": -0.003315931821241975, "alpha_value": 0.12207822769880294, "duration": 96.32067394256592, "step": 74250}
{"episode_reward": 948.0, "episode": 298.0, "batch_reward": 2.03190625, "critic_loss": 35.28911393737793, "actor_loss": -259.25324255371095, "alpha_loss": 0.0009303713627159595, "alpha_value": 0.12218008422851563, "duration": 95.77105498313904, "step": 74500}
{"episode_reward": 967.0, "episode": 299.0, "batch_reward": 1.996375, "critic_loss": 35.61328612518311, "actor_loss": -260.6507589111328, "alpha_loss": 0.00039700265042483804, "alpha_value": 0.12216570889949799, "duration": 94.086989402771, "step": 74750}
{"episode_reward": 140.0, "episode": 300.0, "batch_reward": 1.992375, "critic_loss": 38.134385414123535, "actor_loss": -259.83301281738284, "alpha_loss": -0.0007562692780047655, "alpha_value": 0.12213542056083679, "duration": 93.09596514701843, "step": 75000}
{"episode_reward": 807.0, "episode": 301.0, "batch_reward": 2.0228125, "critic_loss": 43.56193081665039, "actor_loss": -263.0532469482422, "alpha_loss": -0.002641052654013038, "alpha_value": 0.12229461771249771, "duration": 94.42272400856018, "step": 75250}
{"episode_reward": 969.0, "episode": 302.0, "batch_reward": 2.01775, "critic_loss": 38.59093639373779, "actor_loss": -263.45421728515623, "alpha_loss": -0.0011099869478493928, "alpha_value": 0.12242511510849, "duration": 94.77164626121521, "step": 75500}
{"episode_reward": 955.0, "episode": 303.0, "batch_reward": 2.03484375, "critic_loss": 38.91985246276855, "actor_loss": -264.9875682373047, "alpha_loss": 0.0015283259321004152, "alpha_value": 0.12244008815288544, "duration": 94.05775570869446, "step": 75750}
{"episode_reward": 936.0, "episode": 304.0, "batch_reward": 2.04953125, "critic_loss": 35.16896905517578, "actor_loss": -265.33446228027344, "alpha_loss": 0.00042005763575434684, "alpha_value": 0.12225380200147629, "duration": 93.84999561309814, "step": 76000}
{"episode_reward": 969.0, "episode": 305.0, "batch_reward": 2.0303125, "critic_loss": 34.569416542053226, "actor_loss": -267.21791662597656, "alpha_loss": -0.004517477019689977, "alpha_value": 0.12244005751609802, "duration": 93.79755640029907, "step": 76250}
{"episode_reward": 975.0, "episode": 306.0, "batch_reward": 2.03878125, "critic_loss": 36.864274223327634, "actor_loss": -269.07716235351563, "alpha_loss": 0.0011132071614265442, "alpha_value": 0.12248107129335403, "duration": 93.45431995391846, "step": 76500}
{"episode_reward": 995.0, "episode": 307.0, "batch_reward": 2.05475, "critic_loss": 33.04694062042236, "actor_loss": -270.44690185546875, "alpha_loss": 0.007663562972098589, "alpha_value": 0.12224085527658463, "duration": 93.84304881095886, "step": 76750}
{"episode_reward": 979.0, "episode": 308.0, "batch_reward": 2.04403125, "critic_loss": 32.48639161682129, "actor_loss": -271.2402236328125, "alpha_loss": 0.00603917745500803, "alpha_value": 0.12188310861587524, "duration": 102.80717206001282, "step": 77000}
{"episode_reward": 617.0, "episode": 309.0, "batch_reward": 2.06515625, "critic_loss": 32.72732232666016, "actor_loss": -273.04620166015627, "alpha_loss": 0.0053816111572086815, "alpha_value": 0.12138312977552414, "duration": 107.016033411026, "step": 77250}
{"episode_reward": 980.0, "episode": 310.0, "batch_reward": 2.052375, "critic_loss": 32.56005899810791, "actor_loss": -273.22282348632814, "alpha_loss": 0.003216122401878238, "alpha_value": 0.12102887845039367, "duration": 100.26830816268921, "step": 77500}
{"episode_reward": 905.0, "episode": 311.0, "batch_reward": 2.05559375, "critic_loss": 31.392722007751466, "actor_loss": -273.91633837890623, "alpha_loss": 0.002536294938996434, "alpha_value": 0.12095630997419357, "duration": 79.57937812805176, "step": 77750}
{"episode_reward": 976.0, "episode": 312.0, "batch_reward": 2.07696875, "critic_loss": 32.21709474945068, "actor_loss": -275.58490991210937, "alpha_loss": -0.002026294473558664, "alpha_value": 0.12091265487670898, "duration": 79.91466736793518, "step": 78000}
{"episode_reward": 840.0, "episode": 313.0, "batch_reward": 2.100125, "critic_loss": 30.629214698791504, "actor_loss": -277.9029548339844, "alpha_loss": 0.006885136112570763, "alpha_value": 0.1208148781657219, "duration": 79.77182722091675, "step": 78250}
{"episode_reward": 946.0, "episode": 314.0, "batch_reward": 2.08440625, "critic_loss": 31.752358055114748, "actor_loss": -277.44702490234374, "alpha_loss": 0.001981515187770128, "alpha_value": 0.1205032901763916, "duration": 79.68279194831848, "step": 78500}
{"episode_reward": 963.0, "episode": 315.0, "batch_reward": 2.0784375, "critic_loss": 32.51850546264649, "actor_loss": -278.2725703125, "alpha_loss": 0.009782614026218652, "alpha_value": 0.11998324406147003, "duration": 79.82011461257935, "step": 78750}
{"episode_reward": 881.0, "episode": 316.0, "batch_reward": 2.0875625, "critic_loss": 31.2707787399292, "actor_loss": -279.7041291503906, "alpha_loss": 0.0012047832272946834, "alpha_value": 0.11970706164836883, "duration": 79.81270599365234, "step": 79000}
{"episode_reward": 840.0, "episode": 317.0, "batch_reward": 2.08146875, "critic_loss": 31.42029106903076, "actor_loss": -281.0479050292969, "alpha_loss": 0.003436902344226837, "alpha_value": 0.11958543920516967, "duration": 79.89571523666382, "step": 79250}
{"episode_reward": 981.0, "episode": 318.0, "batch_reward": 2.0995, "critic_loss": 31.10080075073242, "actor_loss": -281.96229248046876, "alpha_loss": 0.0033021459393203258, "alpha_value": 0.11947220814228057, "duration": 80.04799580574036, "step": 79500}
{"episode_reward": 973.0, "episode": 319.0, "batch_reward": 2.1175, "critic_loss": 30.907162605285645, "actor_loss": -284.16534887695315, "alpha_loss": 0.002406280606985092, "alpha_value": 0.11920716458559036, "duration": 79.7070517539978, "step": 79750}
{"episode_reward": 979.0, "episode": 320.0, "batch_reward": 2.09521875, "critic_loss": 29.587790802001955, "actor_loss": -284.67432836914065, "alpha_loss": 0.005214251875877381, "alpha_value": 0.11892650610208512, "duration": 76.08836531639099, "step": 80000}
