{"episode_reward": 0.0, "episode": 1.0, "duration": 13.77321720123291, "step": 250}
{"episode_reward": 3.0, "episode": 2.0, "duration": 0.5976672172546387, "step": 500}
{"episode_reward": 0.0, "episode": 3.0, "duration": 0.5824837684631348, "step": 750}
{"episode_reward": 0.0, "episode": 4.0, "duration": 0.5825538635253906, "step": 1000}
{"episode_reward": 0.0, "episode": 5.0, "batch_reward": 0.0033964671737389913, "critic_loss": 0.005989512050408032, "actor_loss": -0.7593423769431473, "alpha_loss": 0.3166462492605413, "alpha_value": 0.09465546818496494, "duration": 392.0899109840393, "step": 1250}
{"episode_reward": 0.0, "episode": 6.0, "batch_reward": 0.00225, "critic_loss": 0.0008064973268192262, "actor_loss": -1.462484260559082, "alpha_loss": 0.2990561878681183, "alpha_value": 0.08904975455999374, "duration": 72.41749453544617, "step": 1500}
{"episode_reward": 0.0, "episode": 7.0, "batch_reward": 0.0029375, "critic_loss": 0.006244963311648462, "actor_loss": -1.5884700241088867, "alpha_loss": 0.29580471324920654, "alpha_value": 0.08799474394321441, "duration": 72.40711545944214, "step": 1750}
{"episode_reward": 2.0, "episode": 8.0, "batch_reward": 0.01925, "critic_loss": 0.09746613715146668, "actor_loss": -1.6541992025375367, "alpha_loss": 0.29178248953819275, "alpha_value": 0.08695640754699707, "duration": 72.37450194358826, "step": 2000}
{"episode_reward": 63.0, "episode": 9.0, "batch_reward": 0.0390625, "critic_loss": 0.2225736680654809, "actor_loss": -1.7123234148025512, "alpha_loss": 0.28404284620285036, "alpha_value": 0.08593991124629974, "duration": 72.37632822990417, "step": 2250}
{"episode_reward": 38.0, "episode": 10.0, "batch_reward": 0.044, "critic_loss": 0.33377821472100916, "actor_loss": -1.8371824579238891, "alpha_loss": 0.2773839166164398, "alpha_value": 0.08495342379808427, "duration": 72.43490171432495, "step": 2500}
{"episode_reward": 0.0, "episode": 11.0, "batch_reward": 0.0418125, "critic_loss": 0.39316017463430764, "actor_loss": -1.964388632774353, "alpha_loss": 0.27056522727012633, "alpha_value": 0.08398753499984742, "duration": 72.41366505622864, "step": 2750}
{"episode_reward": 16.0, "episode": 12.0, "batch_reward": 0.045875, "critic_loss": 0.5370182416141033, "actor_loss": -2.1028394422531127, "alpha_loss": 0.26104620182514193, "alpha_value": 0.08305058014392853, "duration": 72.36983680725098, "step": 3000}
{"episode_reward": 11.0, "episode": 13.0, "batch_reward": 0.04121875, "critic_loss": 0.5573413199409842, "actor_loss": -2.243738196372986, "alpha_loss": 0.25319009125232694, "alpha_value": 0.08214165461063384, "duration": 72.46754813194275, "step": 3250}
{"episode_reward": 31.0, "episode": 14.0, "batch_reward": 0.058375, "critic_loss": 0.8403603975176811, "actor_loss": -2.3830127248764037, "alpha_loss": 0.2480840961933136, "alpha_value": 0.0812461097240448, "duration": 72.60512638092041, "step": 3500}
{"episode_reward": 36.0, "episode": 15.0, "batch_reward": 0.06296875, "critic_loss": 1.0058410030901432, "actor_loss": -2.557576183319092, "alpha_loss": 0.24032938551902772, "alpha_value": 0.08036972922086716, "duration": 72.61515498161316, "step": 3750}
{"episode_reward": 25.0, "episode": 16.0, "batch_reward": 0.06771875, "critic_loss": 1.0704297575950623, "actor_loss": -2.7060713233947755, "alpha_loss": 0.2296009120941162, "alpha_value": 0.07952340108156204, "duration": 72.59496688842773, "step": 4000}
{"episode_reward": 73.0, "episode": 17.0, "batch_reward": 0.0911875, "critic_loss": 1.2552540999054909, "actor_loss": -2.8549975795745848, "alpha_loss": 0.2245747742652893, "alpha_value": 0.07869471400976182, "duration": 72.74897360801697, "step": 4250}
{"episode_reward": 152.0, "episode": 18.0, "batch_reward": 0.1078125, "critic_loss": 1.6869127768278123, "actor_loss": -3.019950294494629, "alpha_loss": 0.21277169382572175, "alpha_value": 0.07789009183645249, "duration": 72.66164112091064, "step": 4500}
{"episode_reward": 10.0, "episode": 19.0, "batch_reward": 0.09940625, "critic_loss": 1.6445008251667024, "actor_loss": -3.137894037246704, "alpha_loss": 0.202417738199234, "alpha_value": 0.07711772429943085, "duration": 72.65907835960388, "step": 4750}
{"episode_reward": 35.0, "episode": 20.0, "batch_reward": 0.10596875, "critic_loss": 2.201115654826164, "actor_loss": -3.4704519138336183, "alpha_loss": 0.17986383736133577, "alpha_value": 0.07638864356279373, "duration": 72.46519708633423, "step": 5000}
{"episode_reward": 29.0, "episode": 21.0, "batch_reward": 0.1051875, "critic_loss": 2.3243143384456633, "actor_loss": -3.7677463340759276, "alpha_loss": 0.1642692642211914, "alpha_value": 0.07572574788331986, "duration": 72.36444592475891, "step": 5250}
{"episode_reward": 8.0, "episode": 22.0, "batch_reward": 0.09696875, "critic_loss": 2.4131251039505006, "actor_loss": -3.975400493621826, "alpha_loss": 0.15494388562440872, "alpha_value": 0.07509107583761215, "duration": 72.42715072631836, "step": 5500}
{"episode_reward": 0.0, "episode": 23.0, "batch_reward": 0.097875, "critic_loss": 3.0304860022068025, "actor_loss": -4.418030281066894, "alpha_loss": 0.13567711663246154, "alpha_value": 0.0744968798160553, "duration": 72.4308249950409, "step": 5750}
{"episode_reward": 3.0, "episode": 24.0, "batch_reward": 0.08959375, "critic_loss": 3.240748126029968, "actor_loss": -4.994572675704956, "alpha_loss": 0.12472375804185867, "alpha_value": 0.0739408295750618, "duration": 72.43917679786682, "step": 6000}
{"episode_reward": 0.0, "episode": 25.0, "batch_reward": 0.08540625, "critic_loss": 3.9451168422698975, "actor_loss": -5.8856169204711914, "alpha_loss": 0.11045018130540848, "alpha_value": 0.07343171519041061, "duration": 72.38437128067017, "step": 6250}
{"episode_reward": 0.0, "episode": 26.0, "batch_reward": 0.08884375, "critic_loss": 5.195359815120697, "actor_loss": -6.696313751220703, "alpha_loss": 0.10407519608736038, "alpha_value": 0.07294004148244858, "duration": 72.52807474136353, "step": 6500}
{"episode_reward": 159.0, "episode": 27.0, "batch_reward": 0.1583125, "critic_loss": 5.651085113048554, "actor_loss": -7.505460987091064, "alpha_loss": 0.10231072849035264, "alpha_value": 0.0724624792933464, "duration": 72.71167874336243, "step": 6750}
{"episode_reward": 643.0, "episode": 28.0, "batch_reward": 0.18525, "critic_loss": 6.649626647949218, "actor_loss": -8.653855445861817, "alpha_loss": 0.09193062198162079, "alpha_value": 0.07197552102804183, "duration": 72.74106979370117, "step": 7000}
{"episode_reward": 0.0, "episode": 29.0, "batch_reward": 0.1984375, "critic_loss": 7.644240098953247, "actor_loss": -9.751703334808349, "alpha_loss": 0.0809750462770462, "alpha_value": 0.07153426665067673, "duration": 72.87419295310974, "step": 7250}
{"episode_reward": 1.0, "episode": 30.0, "batch_reward": 0.17978125, "critic_loss": 8.273152815818786, "actor_loss": -10.38608962249756, "alpha_loss": 0.0743757288902998, "alpha_value": 0.07112918734550476, "duration": 72.68026518821716, "step": 7500}
{"episode_reward": 10.0, "episode": 31.0, "batch_reward": 0.1815625, "critic_loss": 9.167423957824708, "actor_loss": -11.32281128692627, "alpha_loss": 0.06354215683788061, "alpha_value": 0.07073763865232467, "duration": 72.73480987548828, "step": 7750}
{"episode_reward": 10.0, "episode": 32.0, "batch_reward": 0.17275, "critic_loss": 8.92669458770752, "actor_loss": -12.287500900268554, "alpha_loss": 0.06215122322738171, "alpha_value": 0.07037381321191788, "duration": 72.6390769481659, "step": 8000}
{"episode_reward": 0.0, "episode": 33.0, "batch_reward": 0.17834375, "critic_loss": 11.194736921310424, "actor_loss": -12.974238044738769, "alpha_loss": 0.054383147835731505, "alpha_value": 0.07001343846321106, "duration": 72.81255197525024, "step": 8250}
{"episode_reward": 120.0, "episode": 34.0, "batch_reward": 0.18665625, "critic_loss": 10.528159070968629, "actor_loss": -13.751777816772462, "alpha_loss": 0.050778380407951774, "alpha_value": 0.0696704768538475, "duration": 73.31475067138672, "step": 8500}
{"episode_reward": 118.0, "episode": 35.0, "batch_reward": 0.19628125, "critic_loss": 12.034742441177368, "actor_loss": -14.311244255065917, "alpha_loss": 0.04178479485213757, "alpha_value": 0.06936026960611344, "duration": 72.75046300888062, "step": 8750}
{"episode_reward": 212.0, "episode": 36.0, "batch_reward": 0.21396875, "critic_loss": 11.282638770103455, "actor_loss": -15.18385040283203, "alpha_loss": 0.02910950746946037, "alpha_value": 0.06912376803159714, "duration": 72.74530744552612, "step": 9000}
{"episode_reward": 96.0, "episode": 37.0, "batch_reward": 0.2223125, "critic_loss": 13.391779539108276, "actor_loss": -15.657755317687988, "alpha_loss": 0.0235405462179333, "alpha_value": 0.06891012912988663, "duration": 72.61291575431824, "step": 9250}
{"episode_reward": 322.0, "episode": 38.0, "batch_reward": 0.26559375, "critic_loss": 15.997707712173462, "actor_loss": -17.282694610595705, "alpha_loss": 0.005533969978801906, "alpha_value": 0.06879494404792785, "duration": 72.51118159294128, "step": 9500}
{"episode_reward": 560.0, "episode": 39.0, "batch_reward": 0.29196875, "critic_loss": 15.898470403671265, "actor_loss": -18.825123527526856, "alpha_loss": -0.009059847958385945, "alpha_value": 0.0688159543275833, "duration": 72.45980715751648, "step": 9750}
{"episode_reward": 165.0, "episode": 40.0, "batch_reward": 0.31228125, "critic_loss": 16.50023730278015, "actor_loss": -20.526401733398437, "alpha_loss": -0.012275856918655336, "alpha_value": 0.06891286706924439, "duration": 72.43574929237366, "step": 10000}
{"episode_reward": 205.0, "episode": 41.0, "batch_reward": 0.3133125, "critic_loss": 13.482422792434692, "actor_loss": -21.436275413513183, "alpha_loss": -0.014826081225648522, "alpha_value": 0.06904413855075836, "duration": 85.44993019104004, "step": 10250}
{"episode_reward": 14.0, "episode": 42.0, "batch_reward": 0.31078125, "critic_loss": 15.993677089691163, "actor_loss": -22.897138885498048, "alpha_loss": -0.017301430327817797, "alpha_value": 0.06920094871520996, "duration": 72.41961693763733, "step": 10500}
{"episode_reward": 69.0, "episode": 43.0, "batch_reward": 0.30821875, "critic_loss": 15.133870050430298, "actor_loss": -23.9687021484375, "alpha_loss": -0.016157006561756133, "alpha_value": 0.06937336421012878, "duration": 72.35874247550964, "step": 10750}
{"episode_reward": 190.0, "episode": 44.0, "batch_reward": 0.31571875, "critic_loss": 17.13651828956604, "actor_loss": -25.03228286743164, "alpha_loss": -0.019591144114732742, "alpha_value": 0.06959481036663055, "duration": 72.54649448394775, "step": 11000}
{"episode_reward": 0.0, "episode": 45.0, "batch_reward": 0.3071875, "critic_loss": 15.642684442520142, "actor_loss": -26.04241862487793, "alpha_loss": -0.01963210555911064, "alpha_value": 0.06982991689443588, "duration": 72.44630455970764, "step": 11250}
{"episode_reward": 0.0, "episode": 46.0, "batch_reward": 0.30328125, "critic_loss": 16.749192552566527, "actor_loss": -27.68165060424805, "alpha_loss": -0.015438007665798068, "alpha_value": 0.07004435783624649, "duration": 72.39447450637817, "step": 11500}
{"episode_reward": 234.0, "episode": 47.0, "batch_reward": 0.32840625, "critic_loss": 32.768359188079835, "actor_loss": -30.128128005981445, "alpha_loss": -0.02504775362275541, "alpha_value": 0.07033764016628265, "duration": 72.48146677017212, "step": 11750}
{"episode_reward": 86.0, "episode": 48.0, "batch_reward": 0.3125, "critic_loss": 21.621738960266114, "actor_loss": -30.66836427307129, "alpha_loss": -0.018086594348773362, "alpha_value": 0.07064005196094512, "duration": 72.49128866195679, "step": 12000}
{"episode_reward": 0.0, "episode": 49.0, "batch_reward": 0.29490625, "critic_loss": 18.609071981430052, "actor_loss": -32.023635360717776, "alpha_loss": -0.014348360444419086, "alpha_value": 0.07088608700037002, "duration": 72.41537022590637, "step": 12250}
{"episode_reward": 11.0, "episode": 50.0, "batch_reward": 0.30925, "critic_loss": 19.079832118988037, "actor_loss": -33.17168144226074, "alpha_loss": -0.007677229178138077, "alpha_value": 0.0710553468465805, "duration": 72.52028608322144, "step": 12500}
{"episode_reward": 19.0, "episode": 51.0, "batch_reward": 0.29959375, "critic_loss": 18.782492588043212, "actor_loss": -33.84565933227539, "alpha_loss": 0.004822387535125017, "alpha_value": 0.0710719975233078, "duration": 72.83607840538025, "step": 12750}
{"episode_reward": 0.0, "episode": 52.0, "batch_reward": 0.29028125, "critic_loss": 18.4922672996521, "actor_loss": -36.56287300109863, "alpha_loss": 0.00560854325722903, "alpha_value": 0.0709931435585022, "duration": 72.69383788108826, "step": 13000}
{"episode_reward": 19.0, "episode": 53.0, "batch_reward": 0.28696875, "critic_loss": 15.610744834899903, "actor_loss": -36.720285827636715, "alpha_loss": 0.021401800617575645, "alpha_value": 0.07070891630649567, "duration": 72.70933508872986, "step": 13250}
{"episode_reward": 42.0, "episode": 54.0, "batch_reward": 0.292625, "critic_loss": 15.547185974121094, "actor_loss": -37.665846374511716, "alpha_loss": 0.013737725415267051, "alpha_value": 0.07038906967639923, "duration": 72.90497207641602, "step": 13500}
{"episode_reward": 47.0, "episode": 55.0, "batch_reward": 0.2973125, "critic_loss": 16.090623992919923, "actor_loss": -37.56877900695801, "alpha_loss": 0.01626356786303222, "alpha_value": 0.07006818729639053, "duration": 72.82142424583435, "step": 13750}
{"episode_reward": 333.0, "episode": 56.0, "batch_reward": 0.300375, "critic_loss": 27.402045520782472, "actor_loss": -39.48246241760254, "alpha_loss": 0.015126486552879214, "alpha_value": 0.06976622837781907, "duration": 72.65988206863403, "step": 14000}
{"episode_reward": 4.0, "episode": 57.0, "batch_reward": 0.2913125, "critic_loss": 18.17189977645874, "actor_loss": -42.295483093261716, "alpha_loss": 0.008207446104846895, "alpha_value": 0.06947970980405807, "duration": 72.60422420501709, "step": 14250}
{"episode_reward": 63.0, "episode": 58.0, "batch_reward": 0.3266875, "critic_loss": 20.599536586761474, "actor_loss": -42.75338052368164, "alpha_loss": 0.008163043627515435, "alpha_value": 0.06930817091464997, "duration": 72.54431319236755, "step": 14500}
{"episode_reward": 736.0, "episode": 59.0, "batch_reward": 0.3525625, "critic_loss": 17.073996162414552, "actor_loss": -43.6081427154541, "alpha_loss": 0.012167580854147673, "alpha_value": 0.06905230122804641, "duration": 72.76770639419556, "step": 14750}
{"episode_reward": 208.0, "episode": 60.0, "batch_reward": 0.36296875, "critic_loss": 15.624838653564453, "actor_loss": -44.329019348144534, "alpha_loss": 0.0023586202058941126, "alpha_value": 0.06885077041387558, "duration": 72.81198501586914, "step": 15000}
{"episode_reward": 468.0, "episode": 61.0, "batch_reward": 0.376, "critic_loss": 16.737321138381958, "actor_loss": -46.07029110717774, "alpha_loss": -0.002551868567243218, "alpha_value": 0.06886363053321838, "duration": 72.7634654045105, "step": 15250}
{"episode_reward": 5.0, "episode": 62.0, "batch_reward": 0.373875, "critic_loss": 17.93281343460083, "actor_loss": -47.311682403564454, "alpha_loss": -0.009698679829016328, "alpha_value": 0.06903778541088104, "duration": 72.80080962181091, "step": 15500}
{"episode_reward": 64.0, "episode": 63.0, "batch_reward": 0.397, "critic_loss": 17.533432067871093, "actor_loss": -48.438248992919924, "alpha_loss": -0.007873919134959578, "alpha_value": 0.06928121304512024, "duration": 72.67310357093811, "step": 15750}
{"episode_reward": 654.0, "episode": 64.0, "batch_reward": 0.39953125, "critic_loss": 18.99497945022583, "actor_loss": -50.4289352722168, "alpha_loss": -0.008079811291769146, "alpha_value": 0.0695573855638504, "duration": 72.74209833145142, "step": 16000}
{"episode_reward": 0.0, "episode": 65.0, "batch_reward": 0.39353125, "critic_loss": 19.024596084594727, "actor_loss": -51.38477847290039, "alpha_loss": 0.0001325613744556904, "alpha_value": 0.06965356558561325, "duration": 72.59087061882019, "step": 16250}
{"episode_reward": 19.0, "episode": 66.0, "batch_reward": 0.42459375, "critic_loss": 17.357529006958007, "actor_loss": -52.116069274902344, "alpha_loss": -0.008763054398819805, "alpha_value": 0.06976581490039825, "duration": 72.56106805801392, "step": 16500}
{"episode_reward": 784.0, "episode": 67.0, "batch_reward": 0.44240625, "critic_loss": 18.012176868438722, "actor_loss": -54.36938919067383, "alpha_loss": -0.0015327195450663567, "alpha_value": 0.07002782016992569, "duration": 72.53436756134033, "step": 16750}
{"episode_reward": 244.0, "episode": 68.0, "batch_reward": 0.4423125, "critic_loss": 22.491392261505126, "actor_loss": -56.560473937988284, "alpha_loss": 0.0013292108941823245, "alpha_value": 0.06996043145656586, "duration": 72.4000916481018, "step": 17000}
{"episode_reward": 377.0, "episode": 69.0, "batch_reward": 0.47078125, "critic_loss": 20.090123683929445, "actor_loss": -57.920560546875, "alpha_loss": 0.006524722057394684, "alpha_value": 0.06985824257135391, "duration": 72.45690417289734, "step": 17250}
{"episode_reward": 585.0, "episode": 70.0, "batch_reward": 0.50753125, "critic_loss": 23.116804538726807, "actor_loss": -59.06463275146484, "alpha_loss": -0.0022171777822077273, "alpha_value": 0.06965927845239639, "duration": 72.53450679779053, "step": 17500}
{"episode_reward": 107.0, "episode": 71.0, "batch_reward": 0.4955, "critic_loss": 19.423903816223145, "actor_loss": -60.93088833618164, "alpha_loss": 0.006543285999447107, "alpha_value": 0.06968674790859222, "duration": 72.52953457832336, "step": 17750}
{"episode_reward": 356.0, "episode": 72.0, "batch_reward": 0.50378125, "critic_loss": 18.405337369918822, "actor_loss": -61.07989840698242, "alpha_loss": 0.00789954781718552, "alpha_value": 0.06935363596677781, "duration": 72.47574782371521, "step": 18000}
{"episode_reward": 190.0, "episode": 73.0, "batch_reward": 0.5075625, "critic_loss": 17.875000785827638, "actor_loss": -63.14143865966797, "alpha_loss": 0.004992085923440755, "alpha_value": 0.06911873352527619, "duration": 72.44454860687256, "step": 18250}
{"episode_reward": 97.0, "episode": 74.0, "batch_reward": 0.5035625, "critic_loss": 22.175008697509767, "actor_loss": -61.32034936523438, "alpha_loss": 0.01529368419572711, "alpha_value": 0.06870002418756485, "duration": 72.6693799495697, "step": 18500}
{"episode_reward": 7.0, "episode": 75.0, "batch_reward": 0.4820625, "critic_loss": 18.871077991485596, "actor_loss": -62.39307510375976, "alpha_loss": 0.018212460500188172, "alpha_value": 0.068071697473526, "duration": 72.69698476791382, "step": 18750}
{"episode_reward": 0.0, "episode": 76.0, "batch_reward": 0.48815625, "critic_loss": 15.779228147506714, "actor_loss": -63.27574029541016, "alpha_loss": 0.015419652165845036, "alpha_value": 0.06736927270889283, "duration": 72.81599974632263, "step": 19000}
{"episode_reward": 79.0, "episode": 77.0, "batch_reward": 0.49715625, "critic_loss": 17.940675098419188, "actor_loss": -62.59650570678711, "alpha_loss": 0.01114104437828064, "alpha_value": 0.0667892547249794, "duration": 72.60155916213989, "step": 19250}
{"episode_reward": 237.0, "episode": 78.0, "batch_reward": 0.49103125, "critic_loss": 16.479145149230956, "actor_loss": -64.06946548461914, "alpha_loss": 0.00472046164330095, "alpha_value": 0.06658570259809495, "duration": 72.59032201766968, "step": 19500}
{"episode_reward": 114.0, "episode": 79.0, "batch_reward": 0.51828125, "critic_loss": 17.922695793151856, "actor_loss": -65.38708728027343, "alpha_loss": 0.008351465926505625, "alpha_value": 0.06625574338436127, "duration": 72.80043172836304, "step": 19750}
{"episode_reward": 730.0, "episode": 80.0, "batch_reward": 0.5359375, "critic_loss": 19.994787719726563, "actor_loss": -69.12559338378907, "alpha_loss": 0.007163638768717647, "alpha_value": 0.06593546456098556, "duration": 72.74056601524353, "step": 20000}
{"episode_reward": 837.0, "episode": 81.0, "batch_reward": 0.551875, "critic_loss": 84.59044173431397, "actor_loss": -69.6778842163086, "alpha_loss": -0.011693962706252933, "alpha_value": 0.06595985460281371, "duration": 85.94232320785522, "step": 20250}
{"episode_reward": 18.0, "episode": 82.0, "batch_reward": 0.5646875, "critic_loss": 25.07590594100952, "actor_loss": -70.10057986450195, "alpha_loss": -0.005549770855344832, "alpha_value": 0.06648918718099595, "duration": 72.53585577011108, "step": 20500}
{"episode_reward": 905.0, "episode": 83.0, "batch_reward": 0.5844375, "critic_loss": 19.398404075622558, "actor_loss": -71.39196502685547, "alpha_loss": 0.004193510305136442, "alpha_value": 0.0664788926243782, "duration": 72.88979911804199, "step": 20750}
{"episode_reward": 21.0, "episode": 84.0, "batch_reward": 0.5933125, "critic_loss": 22.00252613067627, "actor_loss": -72.213501953125, "alpha_loss": -0.0015953615996986627, "alpha_value": 0.06640728855133057, "duration": 72.88754773139954, "step": 21000}
{"episode_reward": 887.0, "episode": 85.0, "batch_reward": 0.62215625, "critic_loss": 18.900678607940673, "actor_loss": -74.76771508789062, "alpha_loss": 0.0014652614146471023, "alpha_value": 0.066373126745224, "duration": 72.44640135765076, "step": 21250}
{"episode_reward": 41.0, "episode": 86.0, "batch_reward": 0.63425, "critic_loss": 16.63565899467468, "actor_loss": -74.43096755981445, "alpha_loss": 0.0025898090321570637, "alpha_value": 0.06627119934558869, "duration": 72.42018365859985, "step": 21500}
{"episode_reward": 428.0, "episode": 87.0, "batch_reward": 0.643375, "critic_loss": 21.10636498260498, "actor_loss": -75.2451657409668, "alpha_loss": 0.0012180458139628171, "alpha_value": 0.06627881586551666, "duration": 72.43147134780884, "step": 21750}
{"episode_reward": 46.0, "episode": 88.0, "batch_reward": 0.62621875, "critic_loss": 16.790116382598878, "actor_loss": -75.44515112304687, "alpha_loss": 0.007156737992540002, "alpha_value": 0.06598569875955582, "duration": 72.44283270835876, "step": 22000}
{"episode_reward": 610.0, "episode": 89.0, "batch_reward": 0.63496875, "critic_loss": 15.879820615768432, "actor_loss": -76.45710632324219, "alpha_loss": 0.009030894812196493, "alpha_value": 0.06566603726148605, "duration": 72.44140911102295, "step": 22250}
{"episode_reward": 126.0, "episode": 90.0, "batch_reward": 0.63615625, "critic_loss": 14.1644437084198, "actor_loss": -76.19589013671875, "alpha_loss": 0.009956607962027192, "alpha_value": 0.06519532245397568, "duration": 72.4310564994812, "step": 22500}
{"episode_reward": 0.0, "episode": 91.0, "batch_reward": 0.63940625, "critic_loss": 14.62719264602661, "actor_loss": -77.64424133300781, "alpha_loss": 0.012882332419045269, "alpha_value": 0.06468303245306015, "duration": 72.44385838508606, "step": 22750}
{"episode_reward": 59.0, "episode": 92.0, "batch_reward": 0.6373125, "critic_loss": 14.551296640396119, "actor_loss": -77.78338635253907, "alpha_loss": 0.0125362244611606, "alpha_value": 0.06408814537525177, "duration": 72.60535526275635, "step": 23000}
{"episode_reward": 0.0, "episode": 93.0, "batch_reward": 0.63740625, "critic_loss": 14.836962396621704, "actor_loss": -77.99440255737305, "alpha_loss": 0.014013247711583972, "alpha_value": 0.06349055778980255, "duration": 72.82983326911926, "step": 23250}
{"episode_reward": 959.0, "episode": 94.0, "batch_reward": 0.65996875, "critic_loss": 16.274245765686036, "actor_loss": -79.94173193359374, "alpha_loss": 0.007312009630724788, "alpha_value": 0.06303351140022277, "duration": 72.81617164611816, "step": 23500}
{"episode_reward": 43.0, "episode": 95.0, "batch_reward": 0.68840625, "critic_loss": 14.377786937713623, "actor_loss": -81.63414367675782, "alpha_loss": 0.007822589579038322, "alpha_value": 0.06272608268260955, "duration": 72.706228017807, "step": 23750}
{"episode_reward": 908.0, "episode": 96.0, "batch_reward": 0.69859375, "critic_loss": 14.877530689239501, "actor_loss": -81.72819659423828, "alpha_loss": 0.009424911654554308, "alpha_value": 0.062321917295455935, "duration": 72.8899474143982, "step": 24000}
{"episode_reward": 948.0, "episode": 97.0, "batch_reward": 0.715875, "critic_loss": 16.65598487854004, "actor_loss": -83.33746514892579, "alpha_loss": 0.006550423707813025, "alpha_value": 0.061963769108057024, "duration": 72.71991443634033, "step": 24250}
{"episode_reward": 14.0, "episode": 98.0, "batch_reward": 0.709375, "critic_loss": 30.459421157836914, "actor_loss": -85.15837048339844, "alpha_loss": 0.0011146991951391102, "alpha_value": 0.0617781537771225, "duration": 72.71269035339355, "step": 24500}
{"episode_reward": 151.0, "episode": 99.0, "batch_reward": 0.70109375, "critic_loss": 23.59561647796631, "actor_loss": -84.18377420043946, "alpha_loss": 0.006833097553811967, "alpha_value": 0.06159576269984245, "duration": 72.43385577201843, "step": 24750}
{"episode_reward": 0.0, "episode": 100.0, "batch_reward": 0.72571875, "critic_loss": 18.111770544052124, "actor_loss": -86.10739404296875, "alpha_loss": 0.008819514414295555, "alpha_value": 0.061216161370277404, "duration": 72.5281674861908, "step": 25000}
{"episode_reward": 905.0, "episode": 101.0, "batch_reward": 0.72628125, "critic_loss": 19.915317810058593, "actor_loss": -85.5090502319336, "alpha_loss": 0.002129685539752245, "alpha_value": 0.06093139779567718, "duration": 72.42937850952148, "step": 25250}
{"episode_reward": 36.0, "episode": 102.0, "batch_reward": 0.70821875, "critic_loss": 18.15130591583252, "actor_loss": -85.82514025878906, "alpha_loss": 0.003908377161249518, "alpha_value": 0.060853386223316194, "duration": 72.473069190979, "step": 25500}
{"episode_reward": 0.0, "episode": 103.0, "batch_reward": 0.71809375, "critic_loss": 20.921720783233642, "actor_loss": -86.74264733886719, "alpha_loss": 0.003485934984870255, "alpha_value": 0.06062775680422783, "duration": 72.4582896232605, "step": 25750}
{"episode_reward": 479.0, "episode": 104.0, "batch_reward": 0.7165625, "critic_loss": 18.833053909301757, "actor_loss": -86.2813642578125, "alpha_loss": 0.006745207092724741, "alpha_value": 0.06043400260806084, "duration": 72.4495997428894, "step": 26000}
{"episode_reward": 186.0, "episode": 105.0, "batch_reward": 0.725375, "critic_loss": 17.79846989440918, "actor_loss": -86.31936535644532, "alpha_loss": 0.008043921462260187, "alpha_value": 0.060026427239179614, "duration": 72.41594791412354, "step": 26250}
{"episode_reward": 5.0, "episode": 106.0, "batch_reward": 0.736125, "critic_loss": 19.866331298828126, "actor_loss": -88.67232165527344, "alpha_loss": 0.004128707488067448, "alpha_value": 0.05974727061390877, "duration": 72.41584348678589, "step": 26500}
{"episode_reward": 1000.0, "episode": 107.0, "batch_reward": 0.7488125, "critic_loss": 20.95442469406128, "actor_loss": -89.35205236816407, "alpha_loss": 0.00323068378213793, "alpha_value": 0.059575891017913815, "duration": 72.45762062072754, "step": 26750}
{"episode_reward": 109.0, "episode": 108.0, "batch_reward": 0.75215625, "critic_loss": 19.913825687408448, "actor_loss": -90.7808178100586, "alpha_loss": 4.99947015196085e-05, "alpha_value": 0.05950657737255097, "duration": 72.4344789981842, "step": 27000}
{"episode_reward": 11.0, "episode": 109.0, "batch_reward": 0.74265625, "critic_loss": 35.20155919265747, "actor_loss": -90.37947387695313, "alpha_loss": 0.0012330983215942978, "alpha_value": 0.059419228196144105, "duration": 72.43364024162292, "step": 27250}
{"episode_reward": 859.0, "episode": 110.0, "batch_reward": 0.76365625, "critic_loss": 20.97110883331299, "actor_loss": -90.06168383789063, "alpha_loss": 0.006577231693081558, "alpha_value": 0.05924613478779793, "duration": 72.42736291885376, "step": 27500}
{"episode_reward": 0.0, "episode": 111.0, "batch_reward": 0.78265625, "critic_loss": 21.96730844497681, "actor_loss": -92.11240631103516, "alpha_loss": 0.008742513969540596, "alpha_value": 0.05887050926685333, "duration": 72.43927836418152, "step": 27750}
{"episode_reward": 19.0, "episode": 112.0, "batch_reward": 0.76525, "critic_loss": 41.79270297241211, "actor_loss": -94.13757269287109, "alpha_loss": 0.005902129410766065, "alpha_value": 0.05855994293093681, "duration": 72.41541862487793, "step": 28000}
{"episode_reward": 346.0, "episode": 113.0, "batch_reward": 0.7525625, "critic_loss": 22.52978553390503, "actor_loss": -94.48076812744141, "alpha_loss": 0.0036420529130846264, "alpha_value": 0.058267798423767087, "duration": 72.4781403541565, "step": 28250}
{"episode_reward": 5.0, "episode": 114.0, "batch_reward": 0.7641875, "critic_loss": 22.04123624038696, "actor_loss": -95.4020160522461, "alpha_loss": -0.00014850645465776325, "alpha_value": 0.058190890431404116, "duration": 72.47385334968567, "step": 28500}
{"episode_reward": 802.0, "episode": 115.0, "batch_reward": 0.77575, "critic_loss": 23.919703353881836, "actor_loss": -97.05875177001953, "alpha_loss": -0.002276846422813833, "alpha_value": 0.058221176892518996, "duration": 72.4164514541626, "step": 28750}
{"episode_reward": 20.0, "episode": 116.0, "batch_reward": 0.764125, "critic_loss": 26.441492790222167, "actor_loss": -97.26996649169922, "alpha_loss": -0.006662581950426101, "alpha_value": 0.058470546334981915, "duration": 72.50173211097717, "step": 29000}
{"episode_reward": 76.0, "episode": 117.0, "batch_reward": 0.7774375, "critic_loss": 24.45642124938965, "actor_loss": -99.014673828125, "alpha_loss": -0.0026019856780767443, "alpha_value": 0.05871752837300301, "duration": 72.43464589118958, "step": 29250}
{"episode_reward": 131.0, "episode": 118.0, "batch_reward": 0.767625, "critic_loss": 24.543502250671388, "actor_loss": -98.40799487304687, "alpha_loss": -0.005197669107466936, "alpha_value": 0.05886944481730461, "duration": 72.43707966804504, "step": 29500}
{"episode_reward": 921.0, "episode": 119.0, "batch_reward": 0.7688125, "critic_loss": 22.738498863220215, "actor_loss": -99.06908782958985, "alpha_loss": -0.0026132665709592403, "alpha_value": 0.059116268694400786, "duration": 72.39822149276733, "step": 29750}
{"episode_reward": 7.0, "episode": 120.0, "batch_reward": 0.784875, "critic_loss": 22.485677654266357, "actor_loss": -98.98767706298828, "alpha_loss": -0.006010533444583416, "alpha_value": 0.05932650291919708, "duration": 72.46706700325012, "step": 30000}
{"episode_reward": 19.0, "episode": 121.0, "batch_reward": 0.7873125, "critic_loss": 22.166305675506592, "actor_loss": -101.87899786376953, "alpha_loss": -0.0060155378170311455, "alpha_value": 0.05965145203471184, "duration": 85.72936153411865, "step": 30250}
{"episode_reward": 603.0, "episode": 122.0, "batch_reward": 0.787625, "critic_loss": 22.723748878479004, "actor_loss": -103.03774438476563, "alpha_loss": -0.007433993192389608, "alpha_value": 0.0600277718603611, "duration": 72.46053767204285, "step": 30500}
{"episode_reward": 564.0, "episode": 123.0, "batch_reward": 0.80903125, "critic_loss": 25.478268329620363, "actor_loss": -105.78974853515625, "alpha_loss": -0.015956068786792458, "alpha_value": 0.06069254946708679, "duration": 72.47788572311401, "step": 30750}
{"episode_reward": 845.0, "episode": 124.0, "batch_reward": 0.83565625, "critic_loss": 24.712730205535888, "actor_loss": -108.10569226074219, "alpha_loss": -0.009555354174226522, "alpha_value": 0.06135222652554512, "duration": 72.48917698860168, "step": 31000}
{"episode_reward": 694.0, "episode": 125.0, "batch_reward": 0.84709375, "critic_loss": 22.751155155181884, "actor_loss": -109.2827866821289, "alpha_loss": -0.00409405751992017, "alpha_value": 0.06170387834310532, "duration": 72.49650120735168, "step": 31250}
{"episode_reward": 493.0, "episode": 126.0, "batch_reward": 0.86090625, "critic_loss": 25.08780849456787, "actor_loss": -109.63569134521484, "alpha_loss": 0.0002035102117806673, "alpha_value": 0.06181237009167671, "duration": 72.43472123146057, "step": 31500}
{"episode_reward": 11.0, "episode": 127.0, "batch_reward": 0.85875, "critic_loss": 23.80330895614624, "actor_loss": -111.809833984375, "alpha_loss": -0.00479357057530433, "alpha_value": 0.061893165707588196, "duration": 72.51397967338562, "step": 31750}
{"episode_reward": 898.0, "episode": 128.0, "batch_reward": 0.85, "critic_loss": 22.30433625793457, "actor_loss": -112.1605703125, "alpha_loss": -0.002089618272148073, "alpha_value": 0.062017676323652265, "duration": 72.69245028495789, "step": 32000}
{"episode_reward": 9.0, "episode": 129.0, "batch_reward": 0.86859375, "critic_loss": 22.996109745025635, "actor_loss": -114.70057385253907, "alpha_loss": 0.0015504247341305017, "alpha_value": 0.06217212197184563, "duration": 72.73599290847778, "step": 32250}
{"episode_reward": 633.0, "episode": 130.0, "batch_reward": 0.87340625, "critic_loss": 21.920031074523926, "actor_loss": -112.18046118164062, "alpha_loss": 0.0034224281795322896, "alpha_value": 0.061940611690282824, "duration": 72.68294644355774, "step": 32500}
{"episode_reward": 621.0, "episode": 131.0, "batch_reward": 0.88590625, "critic_loss": 21.158572200775147, "actor_loss": -114.05144079589844, "alpha_loss": -0.0011884802281856538, "alpha_value": 0.06195204424858093, "duration": 72.98916006088257, "step": 32750}
{"episode_reward": 130.0, "episode": 132.0, "batch_reward": 0.89309375, "critic_loss": 21.840505535125732, "actor_loss": -114.02324395751953, "alpha_loss": -0.0015458654165267944, "alpha_value": 0.06201913505792618, "duration": 72.7678074836731, "step": 33000}
{"episode_reward": 916.0, "episode": 133.0, "batch_reward": 0.89740625, "critic_loss": 20.024329044342043, "actor_loss": -114.78736889648438, "alpha_loss": 0.00439212130382657, "alpha_value": 0.06191389667987823, "duration": 72.8101327419281, "step": 33250}
{"episode_reward": 17.0, "episode": 134.0, "batch_reward": 0.90803125, "critic_loss": 21.940456188201903, "actor_loss": -116.90562475585938, "alpha_loss": 0.0018697373196482658, "alpha_value": 0.06171506896615028, "duration": 72.90120196342468, "step": 33500}
{"episode_reward": 930.0, "episode": 135.0, "batch_reward": 0.91421875, "critic_loss": 21.300564308166503, "actor_loss": -117.49575457763672, "alpha_loss": -0.0020748233962804077, "alpha_value": 0.061710078060626984, "duration": 72.94917607307434, "step": 33750}
{"episode_reward": 4.0, "episode": 136.0, "batch_reward": 0.91, "critic_loss": 19.74368173980713, "actor_loss": -118.95579333496094, "alpha_loss": 0.0017151933442801238, "alpha_value": 0.061741181552410124, "duration": 72.69012093544006, "step": 34000}
{"episode_reward": 990.0, "episode": 137.0, "batch_reward": 0.92171875, "critic_loss": 21.0118544921875, "actor_loss": -119.05367077636718, "alpha_loss": 0.004779504254460335, "alpha_value": 0.06158348700404167, "duration": 72.41755056381226, "step": 34250}
{"episode_reward": 97.0, "episode": 138.0, "batch_reward": 0.92484375, "critic_loss": 22.45482595062256, "actor_loss": -119.29443170166016, "alpha_loss": -0.007920331079512835, "alpha_value": 0.06162244519591332, "duration": 72.42869782447815, "step": 34500}
{"episode_reward": 48.0, "episode": 139.0, "batch_reward": 0.9425, "critic_loss": 22.995660537719726, "actor_loss": -120.26206573486328, "alpha_loss": -0.00605279590561986, "alpha_value": 0.06203462290763855, "duration": 72.4071991443634, "step": 34750}
{"episode_reward": 936.0, "episode": 140.0, "batch_reward": 0.9290625, "critic_loss": 25.106670642852784, "actor_loss": -121.17397174072265, "alpha_loss": -0.009442530246451497, "alpha_value": 0.06251089233160019, "duration": 72.5024995803833, "step": 35000}
{"episode_reward": 72.0, "episode": 141.0, "batch_reward": 0.9329375, "critic_loss": 24.3397749710083, "actor_loss": -121.2599129638672, "alpha_loss": -0.004193141813389957, "alpha_value": 0.06288612419366836, "duration": 72.3941056728363, "step": 35250}
{"episode_reward": 180.0, "episode": 142.0, "batch_reward": 0.94009375, "critic_loss": 20.334720626831054, "actor_loss": -123.29656298828125, "alpha_loss": -0.0012677389476448298, "alpha_value": 0.06298229998350144, "duration": 72.49688005447388, "step": 35500}
{"episode_reward": 955.0, "episode": 143.0, "batch_reward": 0.946375, "critic_loss": 22.428152976989747, "actor_loss": -124.45671624755859, "alpha_loss": -0.0012206935323774814, "alpha_value": 0.06307742542028427, "duration": 72.46119689941406, "step": 35750}
{"episode_reward": 687.0, "episode": 144.0, "batch_reward": 0.9489375, "critic_loss": 23.00663935470581, "actor_loss": -123.38971875, "alpha_loss": -0.002026069838553667, "alpha_value": 0.06316544687747955, "duration": 72.69833159446716, "step": 36000}
{"episode_reward": 55.0, "episode": 145.0, "batch_reward": 0.97928125, "critic_loss": 22.482112621307373, "actor_loss": -124.63020227050781, "alpha_loss": -0.0013291683979332447, "alpha_value": 0.06324176782369614, "duration": 72.84309577941895, "step": 36250}
{"episode_reward": 214.0, "episode": 146.0, "batch_reward": 0.94525, "critic_loss": 26.21724115371704, "actor_loss": -123.81596405029296, "alpha_loss": 0.00310286142770201, "alpha_value": 0.06328605604171753, "duration": 72.66849565505981, "step": 36500}
{"episode_reward": 143.0, "episode": 147.0, "batch_reward": 0.97271875, "critic_loss": 30.86251533126831, "actor_loss": -126.83762646484375, "alpha_loss": 0.0019443178717046977, "alpha_value": 0.06304737114906311, "duration": 72.4257698059082, "step": 36750}
{"episode_reward": 978.0, "episode": 148.0, "batch_reward": 0.97584375, "critic_loss": 21.7094278717041, "actor_loss": -127.72017785644532, "alpha_loss": 0.004861025754362345, "alpha_value": 0.0628821997642517, "duration": 72.45787072181702, "step": 37000}
{"episode_reward": 656.0, "episode": 149.0, "batch_reward": 1.00371875, "critic_loss": 21.190523777008057, "actor_loss": -128.51782537841797, "alpha_loss": 0.005549016751348972, "alpha_value": 0.0625624221265316, "duration": 72.46461510658264, "step": 37250}
{"episode_reward": 15.0, "episode": 150.0, "batch_reward": 0.9561875, "critic_loss": 21.898464134216308, "actor_loss": -127.32191040039062, "alpha_loss": -0.0003016389412805438, "alpha_value": 0.06239808776974678, "duration": 72.48480677604675, "step": 37500}
{"episode_reward": 0.0, "episode": 151.0, "batch_reward": 0.96865625, "critic_loss": 23.045802738189696, "actor_loss": -128.5891953125, "alpha_loss": 0.0026185757275670766, "alpha_value": 0.062392704427242276, "duration": 72.46669554710388, "step": 37750}
{"episode_reward": 0.0, "episode": 152.0, "batch_reward": 0.97425, "critic_loss": 30.123344120025635, "actor_loss": -129.32723107910155, "alpha_loss": 0.0012736237552016974, "alpha_value": 0.06225587087869644, "duration": 72.59748196601868, "step": 38000}
{"episode_reward": 366.0, "episode": 153.0, "batch_reward": 0.97909375, "critic_loss": 28.932327182769775, "actor_loss": -131.2700164794922, "alpha_loss": 0.0019659267608076333, "alpha_value": 0.06224261119961739, "duration": 73.00638365745544, "step": 38250}
{"episode_reward": 62.0, "episode": 154.0, "batch_reward": 0.9603125, "critic_loss": 22.28981579208374, "actor_loss": -130.89578723144533, "alpha_loss": 0.003148404298350215, "alpha_value": 0.06205939757823944, "duration": 72.70113897323608, "step": 38500}
{"episode_reward": 0.0, "episode": 155.0, "batch_reward": 0.95559375, "critic_loss": 30.81914988708496, "actor_loss": -131.08344927978516, "alpha_loss": -0.003921210431493819, "alpha_value": 0.06199873781204224, "duration": 72.42141056060791, "step": 38750}
{"episode_reward": 94.0, "episode": 156.0, "batch_reward": 0.9665625, "critic_loss": 22.74009469985962, "actor_loss": -132.339689453125, "alpha_loss": 0.006127811872400343, "alpha_value": 0.06196055933833122, "duration": 72.47659134864807, "step": 39000}
{"episode_reward": 889.0, "episode": 157.0, "batch_reward": 0.96715625, "critic_loss": 28.340829025268555, "actor_loss": -132.842486328125, "alpha_loss": 0.009649486960843206, "alpha_value": 0.06161270681023598, "duration": 72.43219876289368, "step": 39250}
{"episode_reward": 241.0, "episode": 158.0, "batch_reward": 0.9851875, "critic_loss": 23.002905879974364, "actor_loss": -133.8838367919922, "alpha_loss": 0.010638302565552295, "alpha_value": 0.06112238201498985, "duration": 72.43194389343262, "step": 39500}
{"episode_reward": 256.0, "episode": 159.0, "batch_reward": 0.984125, "critic_loss": 23.684955547332763, "actor_loss": -134.5082628173828, "alpha_loss": 0.005638014220632613, "alpha_value": 0.060576151818037036, "duration": 72.44524312019348, "step": 39750}
{"episode_reward": 984.0, "episode": 160.0, "batch_reward": 0.98678125, "critic_loss": 28.055580966949464, "actor_loss": -134.87571948242189, "alpha_loss": 0.002252902090549469, "alpha_value": 0.06043326994776726, "duration": 72.36436986923218, "step": 40000}
{"episode_reward": 9.0, "episode": 161.0, "batch_reward": 0.99390625, "critic_loss": 25.60521618652344, "actor_loss": -135.9989605102539, "alpha_loss": 0.00854413019027561, "alpha_value": 0.060133034735918044, "duration": 84.9112594127655, "step": 40250}
{"episode_reward": 963.0, "episode": 162.0, "batch_reward": 0.996375, "critic_loss": 30.921533561706543, "actor_loss": -138.03544451904298, "alpha_loss": 0.00946441098768264, "alpha_value": 0.05965910470485687, "duration": 72.28586220741272, "step": 40500}
{"episode_reward": 373.0, "episode": 163.0, "batch_reward": 1.027, "critic_loss": 25.531032741546632, "actor_loss": -138.39645916748046, "alpha_loss": 0.006816354502923787, "alpha_value": 0.05927781417965889, "duration": 72.57800364494324, "step": 40750}
{"episode_reward": 0.0, "episode": 164.0, "batch_reward": 1.01803125, "critic_loss": 22.349543434143065, "actor_loss": -138.81256158447266, "alpha_loss": 0.007690053400583565, "alpha_value": 0.05893223518133164, "duration": 72.55181527137756, "step": 41000}
{"episode_reward": 0.0, "episode": 165.0, "batch_reward": 0.9815, "critic_loss": 28.549560409545897, "actor_loss": -141.8994302368164, "alpha_loss": 0.0032784815626218915, "alpha_value": 0.05866242015361786, "duration": 72.6531913280487, "step": 41250}
{"episode_reward": 4.0, "episode": 166.0, "batch_reward": 0.97853125, "critic_loss": 28.30646421813965, "actor_loss": -139.05456604003905, "alpha_loss": 0.004482226550579071, "alpha_value": 0.05841622126102448, "duration": 72.37151646614075, "step": 41500}
{"episode_reward": 0.0, "episode": 167.0, "batch_reward": 0.9813125, "critic_loss": 26.921126586914063, "actor_loss": -139.47972454833985, "alpha_loss": 0.0043231860809028145, "alpha_value": 0.05819466051459313, "duration": 72.62814664840698, "step": 41750}
{"episode_reward": 777.0, "episode": 168.0, "batch_reward": 0.9898125, "critic_loss": 28.188223556518555, "actor_loss": -140.29952294921875, "alpha_loss": 0.005722784724086523, "alpha_value": 0.05791187551617622, "duration": 72.47664070129395, "step": 42000}
{"episode_reward": 136.0, "episode": 169.0, "batch_reward": 0.99240625, "critic_loss": 28.00427481842041, "actor_loss": -142.35949896240234, "alpha_loss": 0.00047667610831558706, "alpha_value": 0.05772110044956207, "duration": 72.57274270057678, "step": 42250}
{"episode_reward": 962.0, "episode": 170.0, "batch_reward": 1.008625, "critic_loss": 77.34107579421998, "actor_loss": -142.7881343383789, "alpha_loss": 0.0015778739722445607, "alpha_value": 0.05777642613649368, "duration": 72.46874642372131, "step": 42500}
{"episode_reward": 310.0, "episode": 171.0, "batch_reward": 1.00396875, "critic_loss": 53.858789962768554, "actor_loss": -142.80703338623047, "alpha_loss": 0.0007492447914555669, "alpha_value": 0.05768353247642517, "duration": 72.51452612876892, "step": 42750}
{"episode_reward": 15.0, "episode": 172.0, "batch_reward": 1.01, "critic_loss": 51.35137659835816, "actor_loss": -143.67735705566406, "alpha_loss": -0.001075926440767944, "alpha_value": 0.05770902892947197, "duration": 72.71406435966492, "step": 43000}
{"episode_reward": 0.0, "episode": 173.0, "batch_reward": 1.01384375, "critic_loss": 42.124901947021485, "actor_loss": -144.47078918457032, "alpha_loss": 0.0052738590557128194, "alpha_value": 0.057597629576921466, "duration": 74.27628374099731, "step": 43250}
{"episode_reward": 5.0, "episode": 174.0, "batch_reward": 1.007625, "critic_loss": 56.55324479293823, "actor_loss": -145.1598615722656, "alpha_loss": 0.002465937633998692, "alpha_value": 0.057383772432804105, "duration": 72.48373699188232, "step": 43500}
{"episode_reward": 888.0, "episode": 175.0, "batch_reward": 1.0080625, "critic_loss": 42.86377638244629, "actor_loss": -145.6660369873047, "alpha_loss": 0.0032239836007356645, "alpha_value": 0.057203965812921524, "duration": 72.61540865898132, "step": 43750}
{"episode_reward": 872.0, "episode": 176.0, "batch_reward": 1.0184375, "critic_loss": 37.85067472076416, "actor_loss": -146.15527270507812, "alpha_loss": 0.005242893998511136, "alpha_value": 0.057025573581457135, "duration": 72.45238852500916, "step": 44000}
{"episode_reward": 994.0, "episode": 177.0, "batch_reward": 1.0303125, "critic_loss": 45.16814550018311, "actor_loss": -148.95976916503906, "alpha_loss": 0.006959629308432341, "alpha_value": 0.05667390295863151, "duration": 72.56555938720703, "step": 44250}
{"episode_reward": 41.0, "episode": 178.0, "batch_reward": 1.03546875, "critic_loss": 46.689977703094485, "actor_loss": -148.41084423828124, "alpha_loss": -0.004358175626024604, "alpha_value": 0.05668409961462021, "duration": 72.59464144706726, "step": 44500}
{"episode_reward": 101.0, "episode": 179.0, "batch_reward": 1.03825, "critic_loss": 30.827045375823975, "actor_loss": -147.7245146484375, "alpha_loss": -0.0008531638886779547, "alpha_value": 0.0567979379594326, "duration": 72.46397948265076, "step": 44750}
{"episode_reward": 109.0, "episode": 180.0, "batch_reward": 1.036, "critic_loss": 28.798161319732667, "actor_loss": -148.43560772705078, "alpha_loss": 0.003270409421995282, "alpha_value": 0.056713514596223834, "duration": 72.33523559570312, "step": 45000}
{"episode_reward": 967.0, "episode": 181.0, "batch_reward": 1.058375, "critic_loss": 24.819333866119386, "actor_loss": -150.35367303466796, "alpha_loss": 0.003685260151512921, "alpha_value": 0.05648361137509346, "duration": 72.35045266151428, "step": 45250}
{"episode_reward": 0.0, "episode": 182.0, "batch_reward": 1.03865625, "critic_loss": 36.041763092041016, "actor_loss": -148.84200567626954, "alpha_loss": 0.003936679629608988, "alpha_value": 0.05631258752942085, "duration": 72.31841444969177, "step": 45500}
{"episode_reward": 191.0, "episode": 183.0, "batch_reward": 1.02653125, "critic_loss": 29.663789321899415, "actor_loss": -148.25349169921876, "alpha_loss": 0.004425601698458194, "alpha_value": 0.056130009919404984, "duration": 72.33193850517273, "step": 45750}
{"episode_reward": 384.0, "episode": 184.0, "batch_reward": 1.03940625, "critic_loss": 27.599050842285155, "actor_loss": -150.21767224121095, "alpha_loss": 0.00542450344376266, "alpha_value": 0.055891969263553616, "duration": 72.3974609375, "step": 46000}
{"episode_reward": 0.0, "episode": 185.0, "batch_reward": 1.0270625, "critic_loss": 24.31120834350586, "actor_loss": -149.32485345458986, "alpha_loss": 4.1664303746074435e-05, "alpha_value": 0.055740152031183245, "duration": 72.36447477340698, "step": 46250}
{"episode_reward": 268.0, "episode": 186.0, "batch_reward": 1.05090625, "critic_loss": 23.136355876922607, "actor_loss": -152.06166638183595, "alpha_loss": 0.0034200899233110247, "alpha_value": 0.05568461242318153, "duration": 72.37144804000854, "step": 46500}
{"episode_reward": 509.0, "episode": 187.0, "batch_reward": 1.06809375, "critic_loss": 23.605023529052733, "actor_loss": -153.91295684814452, "alpha_loss": 0.0032110390001907946, "alpha_value": 0.05543828698992729, "duration": 72.32419967651367, "step": 46750}
{"episode_reward": 202.0, "episode": 188.0, "batch_reward": 1.06275, "critic_loss": 23.874241798400877, "actor_loss": -151.53582165527342, "alpha_loss": -0.001341114992275834, "alpha_value": 0.0554555242061615, "duration": 72.39451456069946, "step": 47000}
{"episode_reward": 703.0, "episode": 189.0, "batch_reward": 1.05421875, "critic_loss": 28.440448108673095, "actor_loss": -153.56301647949218, "alpha_loss": -0.002994767555035651, "alpha_value": 0.0555390430688858, "duration": 72.42439842224121, "step": 47250}
{"episode_reward": 980.0, "episode": 190.0, "batch_reward": 1.0690625, "critic_loss": 33.77182482528686, "actor_loss": -151.0292177734375, "alpha_loss": -0.003980810048058629, "alpha_value": 0.05575488328933716, "duration": 72.38083600997925, "step": 47500}
{"episode_reward": 951.0, "episode": 191.0, "batch_reward": 1.08175, "critic_loss": 23.12749834060669, "actor_loss": -154.71220190429688, "alpha_loss": 0.002400792351923883, "alpha_value": 0.055795604318380355, "duration": 72.33833599090576, "step": 47750}
{"episode_reward": 71.0, "episode": 192.0, "batch_reward": 1.07428125, "critic_loss": 22.75499186706543, "actor_loss": -154.0506068725586, "alpha_loss": -0.0020677864793688058, "alpha_value": 0.05575288817286492, "duration": 72.4822473526001, "step": 48000}
{"episode_reward": 992.0, "episode": 193.0, "batch_reward": 1.10075, "critic_loss": 23.245039546966552, "actor_loss": -154.94229711914062, "alpha_loss": -0.00016915229987353087, "alpha_value": 0.055834846585989, "duration": 72.48896980285645, "step": 48250}
{"episode_reward": 20.0, "episode": 194.0, "batch_reward": 1.0805625, "critic_loss": 76.75651921463013, "actor_loss": -154.98404943847657, "alpha_loss": -0.012589014758355915, "alpha_value": 0.05619082501530647, "duration": 72.302494764328, "step": 48500}
{"episode_reward": 237.0, "episode": 195.0, "batch_reward": 1.09121875, "critic_loss": 25.85157258605957, "actor_loss": -155.3650538330078, "alpha_loss": -0.0006486324546858669, "alpha_value": 0.056476641982793806, "duration": 72.33155798912048, "step": 48750}
{"episode_reward": 995.0, "episode": 196.0, "batch_reward": 1.11075, "critic_loss": 22.210215297698973, "actor_loss": -159.91521429443358, "alpha_loss": -0.002268046305514872, "alpha_value": 0.056569709867239, "duration": 72.40940713882446, "step": 49000}
{"episode_reward": 54.0, "episode": 197.0, "batch_reward": 1.086125, "critic_loss": 20.89240242385864, "actor_loss": -157.23644873046874, "alpha_loss": 0.0004678864879533649, "alpha_value": 0.05673180389404297, "duration": 72.42025446891785, "step": 49250}
{"episode_reward": 971.0, "episode": 198.0, "batch_reward": 1.102875, "critic_loss": 20.57843014526367, "actor_loss": -158.78363171386718, "alpha_loss": -0.002473586784210056, "alpha_value": 0.0566489200592041, "duration": 72.42120885848999, "step": 49500}
{"episode_reward": 27.0, "episode": 199.0, "batch_reward": 1.104125, "critic_loss": 20.27707181930542, "actor_loss": -158.93995764160155, "alpha_loss": -0.006616874556057155, "alpha_value": 0.056964688450098035, "duration": 72.3728723526001, "step": 49750}
{"episode_reward": 161.0, "episode": 200.0, "batch_reward": 1.1015, "critic_loss": 21.05247633743286, "actor_loss": -159.75647009277344, "alpha_loss": -0.004695765690878034, "alpha_value": 0.05720773708820343, "duration": 72.45646095275879, "step": 50000}
{"episode_reward": 0.0, "episode": 201.0, "batch_reward": 1.0876875, "critic_loss": 20.621532802581786, "actor_loss": -159.79649951171876, "alpha_loss": -0.004878998972475529, "alpha_value": 0.05752350515127182, "duration": 85.17263984680176, "step": 50250}
{"episode_reward": 991.0, "episode": 202.0, "batch_reward": 1.09171875, "critic_loss": 21.55740307998657, "actor_loss": -159.38084698486327, "alpha_loss": -0.0042165541490539905, "alpha_value": 0.05775108754634857, "duration": 72.44459366798401, "step": 50500}
{"episode_reward": 968.0, "episode": 203.0, "batch_reward": 1.12171875, "critic_loss": 20.726486167907716, "actor_loss": -160.4620908203125, "alpha_loss": -0.007252818083390593, "alpha_value": 0.05814312121272087, "duration": 72.46252799034119, "step": 50750}
{"episode_reward": 56.0, "episode": 204.0, "batch_reward": 1.1103125, "critic_loss": 21.094555976867674, "actor_loss": -162.3952371826172, "alpha_loss": -0.0014333241041749715, "alpha_value": 0.05836987641453743, "duration": 72.62633943557739, "step": 51000}
{"episode_reward": 122.0, "episode": 205.0, "batch_reward": 1.11996875, "critic_loss": 27.176632949829102, "actor_loss": -162.31136254882813, "alpha_loss": 0.0016833344101905823, "alpha_value": 0.058349167555570604, "duration": 72.73980116844177, "step": 51250}
{"episode_reward": 958.0, "episode": 206.0, "batch_reward": 1.12871875, "critic_loss": 45.71615975189209, "actor_loss": -164.21444152832032, "alpha_loss": -4.4428077526390556e-05, "alpha_value": 0.05839772325754165, "duration": 72.43490743637085, "step": 51500}
{"episode_reward": 45.0, "episode": 207.0, "batch_reward": 1.12953125, "critic_loss": 49.04648444366455, "actor_loss": -164.6419931640625, "alpha_loss": 0.001091193825006485, "alpha_value": 0.05825548657774925, "duration": 72.46271395683289, "step": 51750}
{"episode_reward": 979.0, "episode": 208.0, "batch_reward": 1.142875, "critic_loss": 31.696554637908935, "actor_loss": -165.32484301757813, "alpha_loss": -0.0023492320105433463, "alpha_value": 0.05827970433235168, "duration": 72.50331997871399, "step": 52000}
{"episode_reward": 35.0, "episode": 209.0, "batch_reward": 1.13290625, "critic_loss": 28.093579139709473, "actor_loss": -164.9169688720703, "alpha_loss": 0.002051847661845386, "alpha_value": 0.05831754675507545, "duration": 72.66437101364136, "step": 52250}
{"episode_reward": 518.0, "episode": 210.0, "batch_reward": 1.12375, "critic_loss": 34.24041234588623, "actor_loss": -164.1505340576172, "alpha_loss": 0.003846633064560592, "alpha_value": 0.05814230927824974, "duration": 72.58221387863159, "step": 52500}
{"episode_reward": 0.0, "episode": 211.0, "batch_reward": 1.1425, "critic_loss": 25.19124291229248, "actor_loss": -167.41226965332032, "alpha_loss": -0.0016113457176834345, "alpha_value": 0.058077317684888836, "duration": 72.57460451126099, "step": 52750}
{"episode_reward": 950.0, "episode": 212.0, "batch_reward": 1.14790625, "critic_loss": 22.83856286621094, "actor_loss": -168.3672852783203, "alpha_loss": 8.829707838594914e-05, "alpha_value": 0.05811189305782318, "duration": 72.58591556549072, "step": 53000}
{"episode_reward": 0.0, "episode": 213.0, "batch_reward": 1.129375, "critic_loss": 22.157734432220458, "actor_loss": -166.0156678466797, "alpha_loss": -0.005766272408887744, "alpha_value": 0.058247133255004885, "duration": 72.53233242034912, "step": 53250}
{"episode_reward": 616.0, "episode": 214.0, "batch_reward": 1.1455, "critic_loss": 23.593888832092286, "actor_loss": -169.67442834472655, "alpha_loss": -0.0023284671260043978, "alpha_value": 0.05844787871837616, "duration": 72.52915668487549, "step": 53500}
{"episode_reward": 968.0, "episode": 215.0, "batch_reward": 1.17371875, "critic_loss": 55.544010620117184, "actor_loss": -169.3994412841797, "alpha_loss": -0.004970829470083118, "alpha_value": 0.05857332688570022, "duration": 72.47582006454468, "step": 53750}
{"episode_reward": 983.0, "episode": 216.0, "batch_reward": 1.1896875, "critic_loss": 31.263053115844727, "actor_loss": -174.1045419921875, "alpha_loss": -0.005968925566412509, "alpha_value": 0.05906549286842346, "duration": 72.72535681724548, "step": 54000}
{"episode_reward": 930.0, "episode": 217.0, "batch_reward": 1.18478125, "critic_loss": 24.512588722229005, "actor_loss": -175.10108081054688, "alpha_loss": 0.0006522100660949946, "alpha_value": 0.05915635067224503, "duration": 72.55373501777649, "step": 54250}
{"episode_reward": 12.0, "episode": 218.0, "batch_reward": 1.1669375, "critic_loss": 22.873682510375975, "actor_loss": -171.73332958984375, "alpha_loss": 0.0018349875435233116, "alpha_value": 0.05905951416492462, "duration": 72.74845433235168, "step": 54500}
{"episode_reward": 17.0, "episode": 219.0, "batch_reward": 1.16384375, "critic_loss": 21.704841972351073, "actor_loss": -170.21973547363282, "alpha_loss": -0.0030214195912703873, "alpha_value": 0.05912587714195251, "duration": 72.66028761863708, "step": 54750}
{"episode_reward": 7.0, "episode": 220.0, "batch_reward": 1.19115625, "critic_loss": 21.13059370422363, "actor_loss": -173.08917309570313, "alpha_loss": -0.004946718138642609, "alpha_value": 0.05930900359153748, "duration": 72.52707481384277, "step": 55000}
{"episode_reward": 157.0, "episode": 221.0, "batch_reward": 1.16978125, "critic_loss": 22.437190113067626, "actor_loss": -172.65719055175782, "alpha_loss": -0.004659385247156024, "alpha_value": 0.05961113399267197, "duration": 72.47259330749512, "step": 55250}
{"episode_reward": 315.0, "episode": 222.0, "batch_reward": 1.17825, "critic_loss": 22.326101577758788, "actor_loss": -173.63049475097657, "alpha_loss": -0.0031320929946377874, "alpha_value": 0.059756885349750516, "duration": 72.50079131126404, "step": 55500}
{"episode_reward": 984.0, "episode": 223.0, "batch_reward": 1.1815625, "critic_loss": 22.746141334533693, "actor_loss": -175.34337121582033, "alpha_loss": -0.0013725137338042258, "alpha_value": 0.059996751666069034, "duration": 72.53109908103943, "step": 55750}
{"episode_reward": 994.0, "episode": 224.0, "batch_reward": 1.18459375, "critic_loss": 45.97570462799072, "actor_loss": -176.4059265136719, "alpha_loss": 0.0028142538014799354, "alpha_value": 0.05989733180403709, "duration": 72.52648639678955, "step": 56000}
{"episode_reward": 955.0, "episode": 225.0, "batch_reward": 1.21165625, "critic_loss": 26.025072010040283, "actor_loss": -177.17823461914062, "alpha_loss": 0.004245464309118688, "alpha_value": 0.05967705643177033, "duration": 72.52303099632263, "step": 56250}
{"episode_reward": 59.0, "episode": 226.0, "batch_reward": 1.207875, "critic_loss": 22.12745408630371, "actor_loss": -177.6533388671875, "alpha_loss": 0.0045569168049842115, "alpha_value": 0.05945588481426239, "duration": 72.6655821800232, "step": 56500}
{"episode_reward": 846.0, "episode": 227.0, "batch_reward": 1.2133125, "critic_loss": 20.787673309326173, "actor_loss": -178.6235185546875, "alpha_loss": 0.002550643859431148, "alpha_value": 0.059283420741558075, "duration": 72.54765319824219, "step": 56750}
{"episode_reward": 985.0, "episode": 228.0, "batch_reward": 1.21228125, "critic_loss": 20.5514892578125, "actor_loss": -178.44802709960936, "alpha_loss": -0.00016671064775437117, "alpha_value": 0.0591671002805233, "duration": 72.44589948654175, "step": 57000}
{"episode_reward": 55.0, "episode": 229.0, "batch_reward": 1.19678125, "critic_loss": 22.055117866516113, "actor_loss": -179.0314471435547, "alpha_loss": 0.0014025821122340858, "alpha_value": 0.059175853669643404, "duration": 72.5123360157013, "step": 57250}
{"episode_reward": 6.0, "episode": 230.0, "batch_reward": 1.21796875, "critic_loss": 21.242059757232667, "actor_loss": -182.05788061523438, "alpha_loss": 0.006354712524451315, "alpha_value": 0.05893130868673325, "duration": 72.55580234527588, "step": 57500}
{"episode_reward": 789.0, "episode": 231.0, "batch_reward": 1.22553125, "critic_loss": 33.160894233703615, "actor_loss": -180.15091638183594, "alpha_loss": 0.00398745776899159, "alpha_value": 0.058682036817073825, "duration": 72.49956488609314, "step": 57750}
{"episode_reward": 970.0, "episode": 232.0, "batch_reward": 1.2330625, "critic_loss": 31.083391502380373, "actor_loss": -183.82981787109375, "alpha_loss": 0.007305620826780796, "alpha_value": 0.05829140797257423, "duration": 72.4808452129364, "step": 58000}
{"episode_reward": 796.0, "episode": 233.0, "batch_reward": 1.24809375, "critic_loss": 24.48453011703491, "actor_loss": -183.37062341308595, "alpha_loss": -0.0003500763531774282, "alpha_value": 0.05817033264040947, "duration": 72.62688517570496, "step": 58250}
{"episode_reward": 424.0, "episode": 234.0, "batch_reward": 1.265, "critic_loss": 23.227820846557616, "actor_loss": -183.4098220214844, "alpha_loss": 0.0006856996230781078, "alpha_value": 0.058144134610891345, "duration": 72.81679797172546, "step": 58500}
{"episode_reward": 966.0, "episode": 235.0, "batch_reward": 1.2641875, "critic_loss": 22.175522846221924, "actor_loss": -186.00075830078126, "alpha_loss": 0.00215404715295881, "alpha_value": 0.05803851717710495, "duration": 72.4964611530304, "step": 58750}
{"episode_reward": 914.0, "episode": 236.0, "batch_reward": 1.24371875, "critic_loss": 43.159721588134765, "actor_loss": -186.26865649414063, "alpha_loss": 0.0019200140833854676, "alpha_value": 0.05790178707242012, "duration": 72.5004289150238, "step": 59000}
{"episode_reward": 471.0, "episode": 237.0, "batch_reward": 1.25528125, "critic_loss": 56.59687985229492, "actor_loss": -183.13592126464843, "alpha_loss": -0.004375544738955796, "alpha_value": 0.05797635993361473, "duration": 72.46857023239136, "step": 59250}
{"episode_reward": 941.0, "episode": 238.0, "batch_reward": 1.2875625, "critic_loss": 25.018974044799805, "actor_loss": -186.42940783691407, "alpha_loss": 0.0009294021129608155, "alpha_value": 0.05814374533295631, "duration": 72.43351554870605, "step": 59500}
{"episode_reward": 967.0, "episode": 239.0, "batch_reward": 1.28759375, "critic_loss": 27.676544689178467, "actor_loss": -189.16645727539063, "alpha_loss": -0.0010702153369784356, "alpha_value": 0.05807371374964714, "duration": 72.50982999801636, "step": 59750}
{"episode_reward": 5.0, "episode": 240.0, "batch_reward": 1.27596875, "critic_loss": 42.93963734054565, "actor_loss": -187.50724145507812, "alpha_loss": 0.0017648425493389367, "alpha_value": 0.0580466196835041, "duration": 72.58740186691284, "step": 60000}
