{"episode_reward": 0.0, "episode": 1.0, "duration": 20.043890237808228, "step": 250}
{"episode_reward": 47.65148410461823, "episode": 2.0, "duration": 1.086503505706787, "step": 500}
{"episode_reward": 34.98053136978236, "episode": 3.0, "duration": 1.0073671340942383, "step": 750}
{"episode_reward": 39.5108901325279, "episode": 4.0, "duration": 0.9784696102142334, "step": 1000}
{"episode_reward": 92.75449269179664, "episode": 5.0, "batch_reward": 0.21591285458080667, "critic_loss": 0.2758058281250006, "actor_loss": -3.347282648842212, "alpha_loss": 0.9343157814852098, "alpha_value": 0.09466013040565935, "duration": 449.8930904865265, "step": 1250}
{"episode_reward": 68.23550872610753, "episode": 6.0, "batch_reward": 0.21780788874626159, "critic_loss": 0.4743447580933571, "actor_loss": -5.988434135437012, "alpha_loss": 0.8796497797966003, "alpha_value": 0.08909037357568741, "duration": 84.12442994117737, "step": 1500}
{"episode_reward": 52.62705633240067, "episode": 7.0, "batch_reward": 0.22317751705646516, "critic_loss": 0.6776290300488472, "actor_loss": -6.400547698974609, "alpha_loss": 0.8587933678627014, "alpha_value": 0.08804584848880768, "duration": 84.16793513298035, "step": 1750}
{"episode_reward": 36.99634840477702, "episode": 8.0, "batch_reward": 0.20886333072185517, "critic_loss": 0.653788283109665, "actor_loss": -6.638434215545654, "alpha_loss": 0.8489086446762085, "alpha_value": 0.0870223697423935, "duration": 85.14981317520142, "step": 2000}
{"episode_reward": 38.63673622025664, "episode": 9.0, "batch_reward": 0.20882574063539505, "critic_loss": 0.6595869999229907, "actor_loss": -6.98582105255127, "alpha_loss": 0.8474752707481384, "alpha_value": 0.08600525271892548, "duration": 85.4938313961029, "step": 2250}
{"episode_reward": 57.797214258014606, "episode": 10.0, "batch_reward": 0.2091544418334961, "critic_loss": 0.5105971364080906, "actor_loss": -7.444768253326416, "alpha_loss": 0.8376866431236267, "alpha_value": 0.08499734967947006, "duration": 85.5484709739685, "step": 2500}
{"episode_reward": 46.44337896239902, "episode": 11.0, "batch_reward": 0.20383167546987532, "critic_loss": 0.5660761277079582, "actor_loss": -7.816492614746093, "alpha_loss": 0.8274628944396972, "alpha_value": 0.08400495827198029, "duration": 85.41339349746704, "step": 2750}
{"episode_reward": 40.74856435642307, "episode": 12.0, "batch_reward": 0.20743134486675263, "critic_loss": 0.7269801877439022, "actor_loss": -8.23982719039917, "alpha_loss": 0.8117433581352234, "alpha_value": 0.0830297400355339, "duration": 85.44416904449463, "step": 3000}
{"episode_reward": 57.73429113296235, "episode": 13.0, "batch_reward": 0.20803378647565843, "critic_loss": 0.8365131103396416, "actor_loss": -8.633932456970214, "alpha_loss": 0.7959926552772522, "alpha_value": 0.08207838433980942, "duration": 85.20323252677917, "step": 3250}
{"episode_reward": 66.45290231093313, "episode": 14.0, "batch_reward": 0.20968418896198274, "critic_loss": 0.7598043276071549, "actor_loss": -9.05396565246582, "alpha_loss": 0.7857748012542725, "alpha_value": 0.08113986617326736, "duration": 85.34374284744263, "step": 3500}
{"episode_reward": 52.06938658201091, "episode": 15.0, "batch_reward": 0.21008903151750566, "critic_loss": 0.5340757900476456, "actor_loss": -9.459459732055665, "alpha_loss": 0.7783603143692016, "alpha_value": 0.08021244162321091, "duration": 85.456787109375, "step": 3750}
{"episode_reward": 43.818065392471404, "episode": 16.0, "batch_reward": 0.2150121431350708, "critic_loss": 0.5660469475388527, "actor_loss": -9.953252578735352, "alpha_loss": 0.76299875831604, "alpha_value": 0.07929872137308121, "duration": 85.52648997306824, "step": 4000}
{"episode_reward": 79.42960540155762, "episode": 17.0, "batch_reward": 0.223433689892292, "critic_loss": 0.8434397490024567, "actor_loss": -10.444916595458984, "alpha_loss": 0.7457545289993286, "alpha_value": 0.07840609979629516, "duration": 85.3564019203186, "step": 4250}
{"episode_reward": 78.43045694909641, "episode": 18.0, "batch_reward": 0.21865982645750046, "critic_loss": 0.6648386723399162, "actor_loss": -10.859146675109864, "alpha_loss": 0.7292672410011292, "alpha_value": 0.0775308112502098, "duration": 85.34911680221558, "step": 4500}
{"episode_reward": 50.56527783319207, "episode": 19.0, "batch_reward": 0.22140073484182357, "critic_loss": 0.6784975590705872, "actor_loss": -11.25830330657959, "alpha_loss": 0.7252242074012757, "alpha_value": 0.07666737741231919, "duration": 85.57233023643494, "step": 4750}
{"episode_reward": 55.51762281730989, "episode": 20.0, "batch_reward": 0.2247165162563324, "critic_loss": 0.7533687689900398, "actor_loss": -11.676930053710937, "alpha_loss": 0.7116195507049561, "alpha_value": 0.07581011688709259, "duration": 85.59780812263489, "step": 5000}
{"episode_reward": 119.28147817347637, "episode": 21.0, "batch_reward": 0.24382366842031478, "critic_loss": 1.1489686328172684, "actor_loss": -12.162048057556152, "alpha_loss": 0.69694122838974, "alpha_value": 0.07497038328647614, "duration": 85.29690051078796, "step": 5250}
{"episode_reward": 167.69061214090544, "episode": 22.0, "batch_reward": 0.256421601831913, "critic_loss": 0.9547040886878967, "actor_loss": -12.654242614746094, "alpha_loss": 0.6798189048767089, "alpha_value": 0.07414647561311721, "duration": 85.58190703392029, "step": 5500}
{"episode_reward": 73.154927116684, "episode": 23.0, "batch_reward": 0.2535368277430534, "critic_loss": 0.9876405856609345, "actor_loss": -13.028234230041503, "alpha_loss": 0.6678752098083496, "alpha_value": 0.0733384672999382, "duration": 85.50855302810669, "step": 5750}
{"episode_reward": 44.83572101946931, "episode": 24.0, "batch_reward": 0.26064024019241333, "critic_loss": 1.0230280203819275, "actor_loss": -13.505312026977538, "alpha_loss": 0.6561406078338623, "alpha_value": 0.07253784537315369, "duration": 85.3327283859253, "step": 6000}
{"episode_reward": 150.25473595762037, "episode": 25.0, "batch_reward": 0.2711479530930519, "critic_loss": 1.314824589252472, "actor_loss": -13.979683082580566, "alpha_loss": 0.6338883481025696, "alpha_value": 0.07175765454769134, "duration": 85.38380122184753, "step": 6250}
{"episode_reward": 112.88481424465124, "episode": 26.0, "batch_reward": 0.2715545293688774, "critic_loss": 1.4351833231449127, "actor_loss": -14.384801376342773, "alpha_loss": 0.6289956693649292, "alpha_value": 0.07098931235074997, "duration": 85.65281820297241, "step": 6500}
{"episode_reward": 53.62988478586043, "episode": 27.0, "batch_reward": 0.27941587376594545, "critic_loss": 1.6218338627815247, "actor_loss": -14.799554840087891, "alpha_loss": 0.616452696800232, "alpha_value": 0.07022635287046433, "duration": 85.59639978408813, "step": 6750}
{"episode_reward": 157.27254690084263, "episode": 28.0, "batch_reward": 0.2860327421426773, "critic_loss": 1.5163335165977478, "actor_loss": -15.242517372131347, "alpha_loss": 0.6083538513183594, "alpha_value": 0.06947162729501724, "duration": 85.69330286979675, "step": 7000}
{"episode_reward": 94.50448621740128, "episode": 29.0, "batch_reward": 0.293205745279789, "critic_loss": 1.951389788389206, "actor_loss": -15.644792671203612, "alpha_loss": 0.5886249475479126, "alpha_value": 0.06872990143299103, "duration": 85.90467190742493, "step": 7250}
{"episode_reward": 98.61607192873957, "episode": 30.0, "batch_reward": 0.2969042710065842, "critic_loss": 1.8934601409435272, "actor_loss": -16.068529556274413, "alpha_loss": 0.5777514462471008, "alpha_value": 0.06800651800632476, "duration": 85.75645709037781, "step": 7500}
{"episode_reward": 141.24840748733456, "episode": 31.0, "batch_reward": 0.3057932327389717, "critic_loss": 2.031633833408356, "actor_loss": -16.589570350646973, "alpha_loss": 0.5708281273841858, "alpha_value": 0.06728388655185699, "duration": 85.84733009338379, "step": 7750}
{"episode_reward": 159.78066628702538, "episode": 32.0, "batch_reward": 0.3115631509423256, "critic_loss": 2.2844848220348357, "actor_loss": -17.021167922973632, "alpha_loss": 0.5524182991981507, "alpha_value": 0.0665722251534462, "duration": 85.74113416671753, "step": 8000}
{"episode_reward": 104.38561197335478, "episode": 33.0, "batch_reward": 0.3188561708331108, "critic_loss": 2.310727047920227, "actor_loss": -17.440355606079102, "alpha_loss": 0.5332713799476624, "alpha_value": 0.06588232338428497, "duration": 85.75740432739258, "step": 8250}
{"episode_reward": 89.51257225454357, "episode": 34.0, "batch_reward": 0.32105324083566666, "critic_loss": 2.1414803862571716, "actor_loss": -17.921444702148438, "alpha_loss": 0.5105894229412079, "alpha_value": 0.06521161890029907, "duration": 85.66840243339539, "step": 8500}
{"episode_reward": 126.02794511033153, "episode": 35.0, "batch_reward": 0.32726433175802233, "critic_loss": 2.541713695526123, "actor_loss": -18.399908386230468, "alpha_loss": 0.4953358759880066, "alpha_value": 0.06455729389190674, "duration": 85.7966582775116, "step": 8750}
{"episode_reward": 166.06948790654292, "episode": 36.0, "batch_reward": 0.33500650453567504, "critic_loss": 2.311777480840683, "actor_loss": -18.88113999938965, "alpha_loss": 0.4830337257385254, "alpha_value": 0.06391350030899048, "duration": 85.71875548362732, "step": 9000}
{"episode_reward": 119.98054658950751, "episode": 37.0, "batch_reward": 0.3368570440411568, "critic_loss": 2.5894604716300966, "actor_loss": -19.437958419799806, "alpha_loss": 0.478100203037262, "alpha_value": 0.06327262449264526, "duration": 85.75749969482422, "step": 9250}
{"episode_reward": 159.12491169632102, "episode": 38.0, "batch_reward": 0.34438007217645644, "critic_loss": 2.811875506401062, "actor_loss": -19.869393447875975, "alpha_loss": 0.46704319715499876, "alpha_value": 0.06263438034057617, "duration": 85.89477777481079, "step": 9500}
{"episode_reward": 118.09484148288666, "episode": 39.0, "batch_reward": 0.34984680110216143, "critic_loss": 2.8182729139328004, "actor_loss": -20.407785736083984, "alpha_loss": 0.4569820897579193, "alpha_value": 0.06200387486815453, "duration": 85.71357488632202, "step": 9750}
{"episode_reward": 210.32834435370773, "episode": 40.0, "batch_reward": 0.3611707110404968, "critic_loss": 3.2485688118934632, "actor_loss": -20.89397833251953, "alpha_loss": 0.4293020856380463, "alpha_value": 0.0613931979238987, "duration": 85.69344139099121, "step": 10000}
{"episode_reward": 221.8791696599812, "episode": 41.0, "batch_reward": 0.37584909158945085, "critic_loss": 3.834819444656372, "actor_loss": -21.54646696472168, "alpha_loss": 0.4169617302417755, "alpha_value": 0.06079666370153427, "duration": 102.92360734939575, "step": 10250}
{"episode_reward": 181.14054504220672, "episode": 42.0, "batch_reward": 0.3833073623180389, "critic_loss": 3.9509143905639648, "actor_loss": -22.15427655029297, "alpha_loss": 0.37255291891098025, "alpha_value": 0.06023475578427315, "duration": 84.2139298915863, "step": 10500}
{"episode_reward": 225.6972202748022, "episode": 43.0, "batch_reward": 0.390000346660614, "critic_loss": 4.089032454013824, "actor_loss": -22.727867111206056, "alpha_loss": 0.36693112897872926, "alpha_value": 0.05970102390646934, "duration": 85.0888180732727, "step": 10750}
{"episode_reward": 148.28533448201392, "episode": 44.0, "batch_reward": 0.4082560352087021, "critic_loss": 4.338607822418213, "actor_loss": -23.388136947631835, "alpha_loss": 0.3519255609512329, "alpha_value": 0.05916621243953705, "duration": 85.23161482810974, "step": 11000}
{"episode_reward": 221.24695310727586, "episode": 45.0, "batch_reward": 0.41875121676921845, "critic_loss": 4.353826528549194, "actor_loss": -24.086885620117187, "alpha_loss": 0.33609059739112856, "alpha_value": 0.05863687825202942, "duration": 84.23710036277771, "step": 11250}
{"episode_reward": 189.0533022780101, "episode": 46.0, "batch_reward": 0.4188153043985367, "critic_loss": 4.489010588645935, "actor_loss": -24.874285369873046, "alpha_loss": 0.30769253635406496, "alpha_value": 0.05814394262433052, "duration": 84.66196393966675, "step": 11500}
{"episode_reward": 261.76892462094406, "episode": 47.0, "batch_reward": 0.4334960370063782, "critic_loss": 4.589670904159546, "actor_loss": -25.553410919189453, "alpha_loss": 0.296131183385849, "alpha_value": 0.05766710013151169, "duration": 84.8504593372345, "step": 11750}
{"episode_reward": 234.32319871373113, "episode": 48.0, "batch_reward": 0.44697294116020203, "critic_loss": 4.423890825271607, "actor_loss": -26.310418869018555, "alpha_loss": 0.29303316164016724, "alpha_value": 0.057179854780435566, "duration": 84.92075943946838, "step": 12000}
{"episode_reward": 205.82532658530064, "episode": 49.0, "batch_reward": 0.4575430775880814, "critic_loss": 4.643115529060363, "actor_loss": -26.985569869995118, "alpha_loss": 0.2788961783647537, "alpha_value": 0.05670120829343796, "duration": 85.71236443519592, "step": 12250}
{"episode_reward": 192.38962499137105, "episode": 50.0, "batch_reward": 0.4597216618061066, "critic_loss": 4.400851867675781, "actor_loss": -27.785469802856447, "alpha_loss": 0.26358253848552704, "alpha_value": 0.05623167023062706, "duration": 85.54438352584839, "step": 12500}
{"episode_reward": 297.3072131643007, "episode": 51.0, "batch_reward": 0.47312860941886903, "critic_loss": 4.51791918182373, "actor_loss": -28.57759292602539, "alpha_loss": 0.24958909142017366, "alpha_value": 0.05578271463513374, "duration": 84.70953464508057, "step": 12750}
{"episode_reward": 234.87513962113948, "episode": 52.0, "batch_reward": 0.4840380038022995, "critic_loss": 4.639619411468506, "actor_loss": -29.377580078125, "alpha_loss": 0.24519329476356505, "alpha_value": 0.055329150497913364, "duration": 84.87229561805725, "step": 13000}
{"episode_reward": 309.9848525487955, "episode": 53.0, "batch_reward": 0.5046730152368546, "critic_loss": 4.726716848373413, "actor_loss": -30.2512353515625, "alpha_loss": 0.22339214777946473, "alpha_value": 0.05488600006699562, "duration": 85.6458899974823, "step": 13250}
{"episode_reward": 324.1655002814857, "episode": 54.0, "batch_reward": 0.5155158237218856, "critic_loss": 4.751689506530762, "actor_loss": -30.97177635192871, "alpha_loss": 0.22942490828037262, "alpha_value": 0.05445554929971695, "duration": 85.24108052253723, "step": 13500}
{"episode_reward": 334.3983907557122, "episode": 55.0, "batch_reward": 0.5334123429059983, "critic_loss": 5.013755108833313, "actor_loss": -31.824723739624023, "alpha_loss": 0.2047362265586853, "alpha_value": 0.05401993817090988, "duration": 84.73457312583923, "step": 13750}
{"episode_reward": 255.6196029451538, "episode": 56.0, "batch_reward": 0.5351646809577942, "critic_loss": 4.787641887664795, "actor_loss": -32.5359621887207, "alpha_loss": 0.19062871968746184, "alpha_value": 0.05361118978261948, "duration": 85.10202169418335, "step": 14000}
{"episode_reward": 226.45144696749867, "episode": 57.0, "batch_reward": 0.543462902545929, "critic_loss": 5.1276069688797, "actor_loss": -33.489978088378905, "alpha_loss": 0.17371499574184418, "alpha_value": 0.053230725318193436, "duration": 85.51804232597351, "step": 14250}
{"episode_reward": 292.43233265494996, "episode": 58.0, "batch_reward": 0.5596066831350327, "critic_loss": 5.109233130455017, "actor_loss": -34.493822723388675, "alpha_loss": 0.1609003585577011, "alpha_value": 0.05286458298563957, "duration": 85.04272079467773, "step": 14500}
{"episode_reward": 283.5418157976299, "episode": 59.0, "batch_reward": 0.5687278882265091, "critic_loss": 5.243778846740723, "actor_loss": -35.45275903320312, "alpha_loss": 0.14899320304393768, "alpha_value": 0.0525131299495697, "duration": 84.78570318222046, "step": 14750}
{"episode_reward": 312.2937082103244, "episode": 60.0, "batch_reward": 0.5769353686571121, "critic_loss": 5.4610136699676515, "actor_loss": -36.3749914855957, "alpha_loss": 0.13446887516975403, "alpha_value": 0.052176825910806655, "duration": 85.33491015434265, "step": 15000}
{"episode_reward": 293.83020514876165, "episode": 61.0, "batch_reward": 0.5929520236253738, "critic_loss": 5.483452456474304, "actor_loss": -37.287786529541016, "alpha_loss": 0.13004002881050108, "alpha_value": 0.05185414895415306, "duration": 85.97800254821777, "step": 15250}
{"episode_reward": 327.0563714819491, "episode": 62.0, "batch_reward": 0.598707590341568, "critic_loss": 5.29703846168518, "actor_loss": -38.33456732177734, "alpha_loss": 0.1169805737733841, "alpha_value": 0.05153700697422028, "duration": 85.5056517124176, "step": 15500}
{"episode_reward": 341.3108863166904, "episode": 63.0, "batch_reward": 0.613309652686119, "critic_loss": 5.483704866409302, "actor_loss": -39.30684194946289, "alpha_loss": 0.11281818759441375, "alpha_value": 0.05122990679740906, "duration": 85.6619803905487, "step": 15750}
{"episode_reward": 347.2642639161269, "episode": 64.0, "batch_reward": 0.6268270939588547, "critic_loss": 5.593471803665161, "actor_loss": -40.36653887939453, "alpha_loss": 0.09617970016598701, "alpha_value": 0.050938557177782055, "duration": 85.77235102653503, "step": 16000}
{"episode_reward": 350.5025524205564, "episode": 65.0, "batch_reward": 0.6417158727645874, "critic_loss": 5.501460411071777, "actor_loss": -41.3843941040039, "alpha_loss": 0.09097723379731178, "alpha_value": 0.050658108234405516, "duration": 85.90291404724121, "step": 16250}
{"episode_reward": 345.24379101827566, "episode": 66.0, "batch_reward": 0.6479468015432358, "critic_loss": 5.462608186721802, "actor_loss": -42.38932440185547, "alpha_loss": 0.08359649670124054, "alpha_value": 0.05040398725867271, "duration": 84.98059606552124, "step": 16500}
{"episode_reward": 363.9675272390006, "episode": 67.0, "batch_reward": 0.6669896900653839, "critic_loss": 5.581704524993897, "actor_loss": -43.50723678588867, "alpha_loss": 0.08106913864612579, "alpha_value": 0.050134960681200026, "duration": 85.01807022094727, "step": 16750}
{"episode_reward": 334.15881101991926, "episode": 68.0, "batch_reward": 0.6716683245897294, "critic_loss": 5.8464652519226075, "actor_loss": -44.583433837890624, "alpha_loss": 0.060387948423624035, "alpha_value": 0.049899131119251254, "duration": 84.83027052879333, "step": 17000}
{"episode_reward": 335.84027936215466, "episode": 69.0, "batch_reward": 0.6824334449768067, "critic_loss": 5.535488958358765, "actor_loss": -45.592756103515626, "alpha_loss": 0.06332079896330833, "alpha_value": 0.049680895417928694, "duration": 85.0051589012146, "step": 17250}
{"episode_reward": 373.0163244480102, "episode": 70.0, "batch_reward": 0.6961058475971222, "critic_loss": 5.33110408782959, "actor_loss": -46.609131958007815, "alpha_loss": 0.06710959713160991, "alpha_value": 0.04944248029589653, "duration": 84.92683625221252, "step": 17500}
{"episode_reward": 298.6333136902933, "episode": 71.0, "batch_reward": 0.6967198605537415, "critic_loss": 5.377020493507385, "actor_loss": -47.642549743652346, "alpha_loss": 0.06354082291200756, "alpha_value": 0.049182774692773816, "duration": 85.10878086090088, "step": 17750}
{"episode_reward": 241.95659827093988, "episode": 72.0, "batch_reward": 0.706588639140129, "critic_loss": 5.316312162399292, "actor_loss": -48.431437744140624, "alpha_loss": 0.06817046681046486, "alpha_value": 0.048925448358058926, "duration": 85.84684371948242, "step": 18000}
{"episode_reward": 383.2424676489516, "episode": 73.0, "batch_reward": 0.7221277534961701, "critic_loss": 5.296832410812378, "actor_loss": -49.42629956054687, "alpha_loss": 0.06850327026844025, "alpha_value": 0.048637141913175586, "duration": 85.75162672996521, "step": 18250}
{"episode_reward": 350.270786335982, "episode": 74.0, "batch_reward": 0.7267649619579315, "critic_loss": 5.131974287033081, "actor_loss": -50.49045831298828, "alpha_loss": 0.0495128156915307, "alpha_value": 0.04838048085570335, "duration": 85.85792875289917, "step": 18500}
{"episode_reward": 364.1084962566243, "episode": 75.0, "batch_reward": 0.733959305524826, "critic_loss": 5.248843750953674, "actor_loss": -51.30188739013672, "alpha_loss": 0.04553802337870002, "alpha_value": 0.04815598744153977, "duration": 86.01950025558472, "step": 18750}
{"episode_reward": 359.7647884640784, "episode": 76.0, "batch_reward": 0.7461947855949402, "critic_loss": 5.302848476409912, "actor_loss": -52.262241149902344, "alpha_loss": 0.04027626519650221, "alpha_value": 0.047946647256612775, "duration": 85.74978828430176, "step": 19000}
{"episode_reward": 356.41162329423116, "episode": 77.0, "batch_reward": 0.7549000780582428, "critic_loss": 5.495854092597962, "actor_loss": -53.23833737182617, "alpha_loss": 0.04334258922934532, "alpha_value": 0.04773805052042007, "duration": 85.91369128227234, "step": 19250}
{"episode_reward": 399.2003956780072, "episode": 78.0, "batch_reward": 0.7705326173305511, "critic_loss": 5.185719142913818, "actor_loss": -54.249732482910154, "alpha_loss": 0.03270649999007583, "alpha_value": 0.047527198702096936, "duration": 85.85964441299438, "step": 19500}
{"episode_reward": 446.8788301968525, "episode": 79.0, "batch_reward": 0.7657465922832489, "critic_loss": 5.576116629600525, "actor_loss": -55.14139712524414, "alpha_loss": 0.033387260803952816, "alpha_value": 0.04736144107580185, "duration": 85.8873884677887, "step": 19750}
{"episode_reward": 329.1600061188729, "episode": 80.0, "batch_reward": 0.7829339573383332, "critic_loss": 5.566919630050659, "actor_loss": -56.1598251953125, "alpha_loss": 0.02845306198298931, "alpha_value": 0.04717470371723175, "duration": 85.79418420791626, "step": 20000}
{"episode_reward": 319.9205458349489, "episode": 81.0, "batch_reward": 0.7968166286945343, "critic_loss": 5.6936105489730835, "actor_loss": -57.11444204711914, "alpha_loss": 0.03758804260008037, "alpha_value": 0.046966077506542206, "duration": 102.15682172775269, "step": 20250}
{"episode_reward": 469.3554088257581, "episode": 82.0, "batch_reward": 0.7952580871582031, "critic_loss": 5.735061973571777, "actor_loss": -58.04545239257813, "alpha_loss": 0.03549003405123949, "alpha_value": 0.04672335708141327, "duration": 85.18416047096252, "step": 20500}
{"episode_reward": 382.94665840541586, "episode": 83.0, "batch_reward": 0.8131033697128296, "critic_loss": 5.738417332649231, "actor_loss": -58.92708508300781, "alpha_loss": 0.029155550703406335, "alpha_value": 0.0465140223801136, "duration": 85.5711739063263, "step": 20750}
{"episode_reward": 389.77042847474627, "episode": 84.0, "batch_reward": 0.8200373680591583, "critic_loss": 5.888758889198304, "actor_loss": -59.798562805175784, "alpha_loss": 0.0354776245765388, "alpha_value": 0.04628369888663292, "duration": 85.28472518920898, "step": 21000}
{"episode_reward": 381.8252071081933, "episode": 85.0, "batch_reward": 0.8221959490776062, "critic_loss": 6.0476155185699465, "actor_loss": -60.563389434814454, "alpha_loss": 0.040112142361700534, "alpha_value": 0.045996856480836866, "duration": 85.23791170120239, "step": 21250}
{"episode_reward": 368.0843232726259, "episode": 86.0, "batch_reward": 0.8342016286849976, "critic_loss": 6.323283039093018, "actor_loss": -61.41036340332031, "alpha_loss": 0.029887673053890465, "alpha_value": 0.04572535490989685, "duration": 85.56392359733582, "step": 21500}
{"episode_reward": 398.6636572200044, "episode": 87.0, "batch_reward": 0.8455374438762665, "critic_loss": 6.165604641914368, "actor_loss": -62.47452410888672, "alpha_loss": 0.028390630155801774, "alpha_value": 0.0454902283847332, "duration": 86.17594861984253, "step": 21750}
{"episode_reward": 311.9074504884276, "episode": 88.0, "batch_reward": 0.846312248468399, "critic_loss": 6.375557106018066, "actor_loss": -63.22255053710938, "alpha_loss": 0.021044697375968098, "alpha_value": 0.04529334485530853, "duration": 86.19346952438354, "step": 22000}
{"episode_reward": 391.85019314892384, "episode": 89.0, "batch_reward": 0.8595392968654633, "critic_loss": 6.532792984008789, "actor_loss": -64.22003909301758, "alpha_loss": 0.012627894157543779, "alpha_value": 0.04514077147841453, "duration": 86.09544157981873, "step": 22250}
{"episode_reward": 396.1695878467044, "episode": 90.0, "batch_reward": 0.8757597930431366, "critic_loss": 6.784379104614258, "actor_loss": -65.00433837890625, "alpha_loss": 0.018554612076841295, "alpha_value": 0.04501531490683556, "duration": 86.2116768360138, "step": 22500}
{"episode_reward": 434.73629925636345, "episode": 91.0, "batch_reward": 0.8905885443687439, "critic_loss": 6.668662572860717, "actor_loss": -66.12477319335937, "alpha_loss": 0.007609708962962031, "alpha_value": 0.04487499672174454, "duration": 86.08169770240784, "step": 22750}
{"episode_reward": 380.35013614078224, "episode": 92.0, "batch_reward": 0.8784511525630951, "critic_loss": 6.574434513092041, "actor_loss": -66.93492877197265, "alpha_loss": 0.011187328804284333, "alpha_value": 0.044776759892702106, "duration": 86.0057418346405, "step": 23000}
{"episode_reward": 403.5155064298417, "episode": 93.0, "batch_reward": 0.8950527060031891, "critic_loss": 6.759468854904175, "actor_loss": -67.81999114990235, "alpha_loss": 0.016094398833811283, "alpha_value": 0.04462543633580208, "duration": 85.93467259407043, "step": 23250}
{"episode_reward": 478.6576130266433, "episode": 94.0, "batch_reward": 0.8975564992427826, "critic_loss": 6.8407593460083005, "actor_loss": -68.68641485595703, "alpha_loss": 0.00609560994245112, "alpha_value": 0.04453531152009964, "duration": 86.0631594657898, "step": 23500}
{"episode_reward": 324.7176532479191, "episode": 95.0, "batch_reward": 0.9087672526836396, "critic_loss": 7.006914136886596, "actor_loss": -69.56399487304688, "alpha_loss": 0.008577403539791703, "alpha_value": 0.04444258287549019, "duration": 85.9588532447815, "step": 23750}
{"episode_reward": 455.2189936998308, "episode": 96.0, "batch_reward": 0.9290144906044007, "critic_loss": 6.831671550750732, "actor_loss": -70.44815545654296, "alpha_loss": 0.010652816103771329, "alpha_value": 0.04429561018943787, "duration": 86.12131595611572, "step": 24000}
{"episode_reward": 394.50236320535777, "episode": 97.0, "batch_reward": 0.9218912377357483, "critic_loss": 6.917468944549561, "actor_loss": -71.28408489990234, "alpha_loss": 0.00431290371902287, "alpha_value": 0.044191490411758426, "duration": 85.69148015975952, "step": 24250}
{"episode_reward": 409.5773021553503, "episode": 98.0, "batch_reward": 0.9322340734004975, "critic_loss": 6.918229238510132, "actor_loss": -72.29907916259765, "alpha_loss": 0.006073767315596342, "alpha_value": 0.04414288753271103, "duration": 85.88122987747192, "step": 24500}
{"episode_reward": 429.28113282314575, "episode": 99.0, "batch_reward": 0.9347273859977722, "critic_loss": 6.915858417510987, "actor_loss": -73.08259094238281, "alpha_loss": 0.002865722666494548, "alpha_value": 0.04409185722470284, "duration": 85.86433148384094, "step": 24750}
{"episode_reward": 429.65078415127766, "episode": 100.0, "batch_reward": 0.9488099186420441, "critic_loss": 7.023493988037109, "actor_loss": -73.88960571289063, "alpha_loss": 4.019352421164513e-05, "alpha_value": 0.04403175976872444, "duration": 85.78024172782898, "step": 25000}
{"episode_reward": 403.6192002866505, "episode": 101.0, "batch_reward": 0.9569733934402466, "critic_loss": 7.514903882980347, "actor_loss": -74.75957293701173, "alpha_loss": -0.003102440735325217, "alpha_value": 0.04405313125252724, "duration": 85.86555695533752, "step": 25250}
{"episode_reward": 461.0788430018827, "episode": 102.0, "batch_reward": 0.9556034615039826, "critic_loss": 7.3285299587249755, "actor_loss": -75.69940411376953, "alpha_loss": -0.006722487939521671, "alpha_value": 0.04416688138246536, "duration": 85.43840432167053, "step": 25500}
{"episode_reward": 388.06466342423454, "episode": 103.0, "batch_reward": 0.970716285943985, "critic_loss": 7.59167781829834, "actor_loss": -76.55189831542968, "alpha_loss": -0.006370325587689876, "alpha_value": 0.04427461829781532, "duration": 84.9293282032013, "step": 25750}
{"episode_reward": 384.47033652405923, "episode": 104.0, "batch_reward": 0.9812887542247772, "critic_loss": 7.313677273750305, "actor_loss": -77.37303649902344, "alpha_loss": 0.006719322896562517, "alpha_value": 0.04427304431796074, "duration": 85.12749242782593, "step": 26000}
{"episode_reward": 474.3932253010413, "episode": 105.0, "batch_reward": 0.9793734664916992, "critic_loss": 7.067795454025268, "actor_loss": -78.24147180175781, "alpha_loss": -0.0008364607486873865, "alpha_value": 0.04422757408022881, "duration": 84.83914613723755, "step": 26250}
{"episode_reward": 415.3494521932111, "episode": 106.0, "batch_reward": 0.9803253686428071, "critic_loss": 7.595097085952759, "actor_loss": -79.16801751708985, "alpha_loss": -0.00968197775259614, "alpha_value": 0.044327681720256806, "duration": 85.42992663383484, "step": 26500}
{"episode_reward": 367.0439295709514, "episode": 107.0, "batch_reward": 0.9834595549106598, "critic_loss": 7.377498174667358, "actor_loss": -79.93926245117187, "alpha_loss": -0.0015409451611340045, "alpha_value": 0.04443984112143517, "duration": 86.03482389450073, "step": 26750}
{"episode_reward": 451.07079301750923, "episode": 108.0, "batch_reward": 1.0025887548923493, "critic_loss": 7.221551788330078, "actor_loss": -80.71912884521484, "alpha_loss": 0.0009831550791859626, "alpha_value": 0.04445738899707794, "duration": 85.17560577392578, "step": 27000}
{"episode_reward": 419.4783066796117, "episode": 109.0, "batch_reward": 1.0047020330429077, "critic_loss": 7.359024524688721, "actor_loss": -81.58521075439454, "alpha_loss": 0.0033875612393021583, "alpha_value": 0.04440805616974831, "duration": 84.677006483078, "step": 27250}
{"episode_reward": 436.48125014256715, "episode": 110.0, "batch_reward": 1.0131790256500244, "critic_loss": 7.541925270080567, "actor_loss": -82.37331378173828, "alpha_loss": -0.005208107592538, "alpha_value": 0.04437712720036507, "duration": 85.17489457130432, "step": 27500}
{"episode_reward": 433.13701868084826, "episode": 111.0, "batch_reward": 1.025477769613266, "critic_loss": 7.456491733551025, "actor_loss": -83.16542987060546, "alpha_loss": 0.0066425614804029465, "alpha_value": 0.04440814420580864, "duration": 85.36332106590271, "step": 27750}
{"episode_reward": 418.451663030859, "episode": 112.0, "batch_reward": 1.0235051889419555, "critic_loss": 7.322632572174072, "actor_loss": -83.90364099121093, "alpha_loss": 0.007523791598156094, "alpha_value": 0.04421776422858238, "duration": 85.83482313156128, "step": 28000}
{"episode_reward": 451.67514249036947, "episode": 113.0, "batch_reward": 1.0267878785133362, "critic_loss": 7.264092230796814, "actor_loss": -84.71840899658203, "alpha_loss": 0.004377215841785073, "alpha_value": 0.044084006279706954, "duration": 85.87939476966858, "step": 28250}
{"episode_reward": 500.54784446962924, "episode": 114.0, "batch_reward": 1.0485150442123412, "critic_loss": 7.387836109161377, "actor_loss": -85.54605944824219, "alpha_loss": -0.0014021420190110804, "alpha_value": 0.044086711972951886, "duration": 85.26026153564453, "step": 28500}
{"episode_reward": 409.0531880300197, "episode": 115.0, "batch_reward": 1.040019283771515, "critic_loss": 7.513828374862671, "actor_loss": -86.27762322998046, "alpha_loss": -0.0012735036676749588, "alpha_value": 0.044124563246965405, "duration": 84.98148894309998, "step": 28750}
{"episode_reward": 433.0695844541238, "episode": 116.0, "batch_reward": 1.050248819589615, "critic_loss": 7.356043676376343, "actor_loss": -86.98406115722656, "alpha_loss": 0.0052037729024887085, "alpha_value": 0.044044547498226165, "duration": 85.22007513046265, "step": 29000}
{"episode_reward": 442.4748706430366, "episode": 117.0, "batch_reward": 1.072380277633667, "critic_loss": 7.843336368560791, "actor_loss": -87.85718762207031, "alpha_loss": 0.0018782387496903538, "alpha_value": 0.04393621128797531, "duration": 85.22141242027283, "step": 29250}
{"episode_reward": 478.6343028941776, "episode": 118.0, "batch_reward": 1.0687143926620484, "critic_loss": 7.796548305511474, "actor_loss": -88.5811182861328, "alpha_loss": 0.0032468414744362237, "alpha_value": 0.043825281143188476, "duration": 85.09604620933533, "step": 29500}
{"episode_reward": 406.92727512330924, "episode": 119.0, "batch_reward": 1.0745497608184815, "critic_loss": 7.742739479064942, "actor_loss": -89.35262292480469, "alpha_loss": -0.002834243094548583, "alpha_value": 0.04388132494688034, "duration": 85.05527210235596, "step": 29750}
{"episode_reward": 541.2781093768145, "episode": 120.0, "batch_reward": 1.0724987721443175, "critic_loss": 7.697358711242676, "actor_loss": -90.04900793457031, "alpha_loss": 0.0024489883687347173, "alpha_value": 0.04390221592783928, "duration": 85.84498977661133, "step": 30000}
{"episode_reward": 380.4704362203558, "episode": 121.0, "batch_reward": 1.084748021364212, "critic_loss": 7.532500980377197, "actor_loss": -90.73991979980468, "alpha_loss": 0.004591312970966101, "alpha_value": 0.04377118295431137, "duration": 102.24789690971375, "step": 30250}
{"episode_reward": 401.55697325181984, "episode": 122.0, "batch_reward": 1.0888413922786713, "critic_loss": 7.903140703201294, "actor_loss": -91.50676416015625, "alpha_loss": -0.0025298266410827635, "alpha_value": 0.04371294230222702, "duration": 85.19019865989685, "step": 30500}
{"episode_reward": 368.9123851218523, "episode": 123.0, "batch_reward": 1.0887444994449615, "critic_loss": 7.9362418098449705, "actor_loss": -92.09347332763672, "alpha_loss": 0.0012143360106274485, "alpha_value": 0.04375421887636185, "duration": 85.4420337677002, "step": 30750}
{"episode_reward": 500.18576564341225, "episode": 124.0, "batch_reward": 1.0994821145534515, "critic_loss": 7.694171421051025, "actor_loss": -92.95490509033203, "alpha_loss": -0.0033045452581718566, "alpha_value": 0.0437853399515152, "duration": 85.55632877349854, "step": 31000}
{"episode_reward": 416.7126878965808, "episode": 125.0, "batch_reward": 1.1050888607501983, "critic_loss": 7.563329732894897, "actor_loss": -93.63294598388671, "alpha_loss": -0.0010824844371527434, "alpha_value": 0.043835335612297056, "duration": 85.21471428871155, "step": 31250}
{"episode_reward": 424.6210830875958, "episode": 126.0, "batch_reward": 1.1136928985118866, "critic_loss": 7.607352714538575, "actor_loss": -94.30866326904297, "alpha_loss": -0.0036989811379462482, "alpha_value": 0.04396530646085739, "duration": 84.68318390846252, "step": 31500}
{"episode_reward": 475.32586268849514, "episode": 127.0, "batch_reward": 1.1180548403263093, "critic_loss": 7.370554218292236, "actor_loss": -95.08401153564454, "alpha_loss": 0.004009674794971943, "alpha_value": 0.04397529137134552, "duration": 85.86379623413086, "step": 31750}
{"episode_reward": 473.9657397323985, "episode": 128.0, "batch_reward": 1.1293601024150848, "critic_loss": 7.58581630897522, "actor_loss": -95.85483258056641, "alpha_loss": -0.005311699858866632, "alpha_value": 0.043943709909915925, "duration": 85.82176494598389, "step": 32000}
{"episode_reward": 435.1956822178535, "episode": 129.0, "batch_reward": 1.129483295917511, "critic_loss": 7.889777158737183, "actor_loss": -96.5491478881836, "alpha_loss": -0.002825684104114771, "alpha_value": 0.044039144188165666, "duration": 85.38139867782593, "step": 32250}
{"episode_reward": 495.0875594253399, "episode": 130.0, "batch_reward": 1.1270301959514617, "critic_loss": 7.646312810897827, "actor_loss": -97.19581549072265, "alpha_loss": -0.0045382179915905, "alpha_value": 0.04414935365319252, "duration": 85.09216809272766, "step": 32500}
{"episode_reward": 519.1236336003998, "episode": 131.0, "batch_reward": 1.1446049902439117, "critic_loss": 7.873626819610596, "actor_loss": -97.93741033935547, "alpha_loss": -0.0073401815434917805, "alpha_value": 0.04434624096751213, "duration": 85.46960759162903, "step": 32750}
{"episode_reward": 452.80518158701585, "episode": 132.0, "batch_reward": 1.1533236463069916, "critic_loss": 7.594993661880493, "actor_loss": -98.71668676757812, "alpha_loss": -0.010937283406034112, "alpha_value": 0.044619906783103944, "duration": 86.12325382232666, "step": 33000}
{"episode_reward": 406.4438067076798, "episode": 133.0, "batch_reward": 1.1461239976882935, "critic_loss": 7.703582681655884, "actor_loss": -99.3741908569336, "alpha_loss": -0.004542453760281205, "alpha_value": 0.0448727725148201, "duration": 85.71109676361084, "step": 33250}
{"episode_reward": 483.3973137515836, "episode": 134.0, "batch_reward": 1.1647684497833253, "critic_loss": 7.838170213699341, "actor_loss": -100.11109484863282, "alpha_loss": -0.004385615181643516, "alpha_value": 0.044952390760183335, "duration": 85.02780985832214, "step": 33500}
{"episode_reward": 499.7883948457017, "episode": 135.0, "batch_reward": 1.1677786326408386, "critic_loss": 7.926043142318726, "actor_loss": -100.80668878173829, "alpha_loss": -0.002195602150633931, "alpha_value": 0.04503838181495667, "duration": 85.04926896095276, "step": 33750}
{"episode_reward": 576.8849492219223, "episode": 136.0, "batch_reward": 1.164656760931015, "critic_loss": 8.09286418914795, "actor_loss": -101.48161108398438, "alpha_loss": -0.0039035720396786927, "alpha_value": 0.045200956583023075, "duration": 84.9753828048706, "step": 34000}
{"episode_reward": 513.9881341398435, "episode": 137.0, "batch_reward": 1.177053141117096, "critic_loss": 8.302296199798583, "actor_loss": -102.10889349365235, "alpha_loss": -0.002902868716046214, "alpha_value": 0.04526443806290627, "duration": 85.23021602630615, "step": 34250}
{"episode_reward": 484.8509990980173, "episode": 138.0, "batch_reward": 1.1833036251068114, "critic_loss": 8.400594841003418, "actor_loss": -102.85755389404297, "alpha_loss": -0.002549797359853983, "alpha_value": 0.04534947016835213, "duration": 85.20879936218262, "step": 34500}
{"episode_reward": 374.59051129093007, "episode": 139.0, "batch_reward": 1.1755636913776397, "critic_loss": 8.481468523025512, "actor_loss": -103.37961669921874, "alpha_loss": 0.0031059072725474835, "alpha_value": 0.04535948392748833, "duration": 85.11589050292969, "step": 34750}
{"episode_reward": 485.84657840078347, "episode": 140.0, "batch_reward": 1.2027207267284394, "critic_loss": 8.683800140380859, "actor_loss": -104.11751232910156, "alpha_loss": -0.004858644285239279, "alpha_value": 0.04537535896897316, "duration": 85.29338359832764, "step": 35000}
{"episode_reward": 457.16875889423324, "episode": 141.0, "batch_reward": 1.193020805835724, "critic_loss": 8.501814964294434, "actor_loss": -104.67309887695312, "alpha_loss": -0.00802249836549163, "alpha_value": 0.04555039492249489, "duration": 85.77618050575256, "step": 35250}
{"episode_reward": 428.1996920703264, "episode": 142.0, "batch_reward": 1.204683065891266, "critic_loss": 8.320677865982056, "actor_loss": -105.39836889648437, "alpha_loss": -0.00486609161272645, "alpha_value": 0.045668755650520323, "duration": 85.60723924636841, "step": 35500}
{"episode_reward": 466.3072416001112, "episode": 143.0, "batch_reward": 1.2018241515159607, "critic_loss": 8.319168329238892, "actor_loss": -106.0750414428711, "alpha_loss": -0.00722546798735857, "alpha_value": 0.045905615657567976, "duration": 85.02105188369751, "step": 35750}
{"episode_reward": 525.5831030500868, "episode": 144.0, "batch_reward": 1.2034180572032929, "critic_loss": 8.256639745712281, "actor_loss": -106.83332647705078, "alpha_loss": -0.0016889087837189435, "alpha_value": 0.046044973462820056, "duration": 84.75461196899414, "step": 36000}
{"episode_reward": 496.5566032261153, "episode": 145.0, "batch_reward": 1.2126589660644531, "critic_loss": 8.255390741348267, "actor_loss": -107.48823376464844, "alpha_loss": 0.0015849938113242387, "alpha_value": 0.04609316226840019, "duration": 84.85097169876099, "step": 36250}
{"episode_reward": 494.85016639871026, "episode": 146.0, "batch_reward": 1.213988917350769, "critic_loss": 8.510113883972169, "actor_loss": -108.14278973388672, "alpha_loss": -0.004772387243807316, "alpha_value": 0.04603816545009613, "duration": 84.93967199325562, "step": 36500}
{"episode_reward": 449.88503081990945, "episode": 147.0, "batch_reward": 1.229813684940338, "critic_loss": 8.645228912353515, "actor_loss": -108.67192864990234, "alpha_loss": -0.008551490070298314, "alpha_value": 0.04624890226125717, "duration": 86.16246247291565, "step": 36750}
{"episode_reward": 431.3009087085423, "episode": 148.0, "batch_reward": 1.2246558220386505, "critic_loss": 8.481193214416503, "actor_loss": -109.33132043457032, "alpha_loss": -0.0067983122849836946, "alpha_value": 0.046541555494070054, "duration": 86.04498338699341, "step": 37000}
{"episode_reward": 455.60128794352687, "episode": 149.0, "batch_reward": 1.23594348859787, "critic_loss": 8.516577283859252, "actor_loss": -110.09582440185547, "alpha_loss": -0.007498474298045039, "alpha_value": 0.0467594735622406, "duration": 84.91943311691284, "step": 37250}
{"episode_reward": 485.41095490269385, "episode": 150.0, "batch_reward": 1.2341330161094666, "critic_loss": 8.40754649925232, "actor_loss": -110.72997552490234, "alpha_loss": -0.0007701452262699604, "alpha_value": 0.04686740803718567, "duration": 85.08293747901917, "step": 37500}
{"episode_reward": 527.0377220134233, "episode": 151.0, "batch_reward": 1.2443418107032775, "critic_loss": 8.387720008850097, "actor_loss": -111.39894415283203, "alpha_loss": -0.0006655476819723844, "alpha_value": 0.0468608925640583, "duration": 85.68551397323608, "step": 37750}
{"episode_reward": 482.0160512129121, "episode": 152.0, "batch_reward": 1.2463528492450715, "critic_loss": 8.471809589385986, "actor_loss": -111.99408697509766, "alpha_loss": -0.0004325940851122141, "alpha_value": 0.046897159934043885, "duration": 85.83082222938538, "step": 38000}
{"episode_reward": 420.7745753152758, "episode": 153.0, "batch_reward": 1.2419261503219605, "critic_loss": 8.748171312332154, "actor_loss": -112.58568255615235, "alpha_loss": 0.0024200376886874438, "alpha_value": 0.04682867774367332, "duration": 84.8800106048584, "step": 38250}
{"episode_reward": 383.4054797001937, "episode": 154.0, "batch_reward": 1.253945146560669, "critic_loss": 8.702196765899659, "actor_loss": -113.31221704101563, "alpha_loss": -0.002948561396449804, "alpha_value": 0.04689721491932869, "duration": 85.01292896270752, "step": 38500}
{"episode_reward": 526.6640913998127, "episode": 155.0, "batch_reward": 1.256518036842346, "critic_loss": 8.673675163269042, "actor_loss": -113.826501953125, "alpha_loss": -0.0011008640751242638, "alpha_value": 0.04696239465475082, "duration": 85.98105049133301, "step": 38750}
{"episode_reward": 549.4748439122693, "episode": 156.0, "batch_reward": 1.264177631855011, "critic_loss": 8.575964166641235, "actor_loss": -114.54054376220704, "alpha_loss": -0.0014372073085978628, "alpha_value": 0.046936112463474275, "duration": 85.55422639846802, "step": 39000}
{"episode_reward": 465.4597132469626, "episode": 157.0, "batch_reward": 1.2642950730323792, "critic_loss": 8.656136253356934, "actor_loss": -115.23786785888672, "alpha_loss": -0.00018311877362430095, "alpha_value": 0.04700276836752892, "duration": 84.84625053405762, "step": 39250}
{"episode_reward": 519.1116905226608, "episode": 158.0, "batch_reward": 1.2681774611473084, "critic_loss": 8.703650066375733, "actor_loss": -115.82717163085937, "alpha_loss": -0.0001744787972420454, "alpha_value": 0.04703440380096435, "duration": 85.02770829200745, "step": 39500}
{"episode_reward": 569.4430095432286, "episode": 159.0, "batch_reward": 1.2856191055774688, "critic_loss": 8.450196563720704, "actor_loss": -116.41372424316407, "alpha_loss": -0.00227976746391505, "alpha_value": 0.047012416332960126, "duration": 85.02751541137695, "step": 39750}
{"episode_reward": 495.60735749679856, "episode": 160.0, "batch_reward": 1.284171253681183, "critic_loss": 8.61599963760376, "actor_loss": -117.09431518554688, "alpha_loss": -0.0007500223852694034, "alpha_value": 0.04709518530964851, "duration": 85.46207785606384, "step": 40000}
{"episode_reward": 509.9365575569475, "episode": 161.0, "batch_reward": 1.288306946516037, "critic_loss": 8.849294950485229, "actor_loss": -117.5738316040039, "alpha_loss": -0.005889651969075203, "alpha_value": 0.04717881640791893, "duration": 103.77678155899048, "step": 40250}
{"episode_reward": 506.8873211819537, "episode": 162.0, "batch_reward": 1.2826794452667236, "critic_loss": 8.697026641845703, "actor_loss": -118.14890069580078, "alpha_loss": -0.009211684456095099, "alpha_value": 0.04746473011374473, "duration": 84.18257021903992, "step": 40500}
{"episode_reward": 489.43134417411727, "episode": 163.0, "batch_reward": 1.2905748019218444, "critic_loss": 8.684196329116821, "actor_loss": -118.85912890625, "alpha_loss": -0.0037776292227208615, "alpha_value": 0.0476279089152813, "duration": 85.13104605674744, "step": 40750}
{"episode_reward": 473.45901585631907, "episode": 164.0, "batch_reward": 1.3052819576263428, "critic_loss": 8.807254745483398, "actor_loss": -119.50158892822266, "alpha_loss": 0.0008819363433867693, "alpha_value": 0.04765838760137558, "duration": 85.28918218612671, "step": 41000}
{"episode_reward": 443.9325304348339, "episode": 165.0, "batch_reward": 1.3058260445594787, "critic_loss": 8.830391418457031, "actor_loss": -120.02748358154297, "alpha_loss": -0.003278373209759593, "alpha_value": 0.047708528399467466, "duration": 85.47729587554932, "step": 41250}
{"episode_reward": 474.80898472540053, "episode": 166.0, "batch_reward": 1.3117972822189332, "critic_loss": 8.851995714187622, "actor_loss": -120.73850701904297, "alpha_loss": -0.013011693727225064, "alpha_value": 0.048010998994112014, "duration": 85.75763940811157, "step": 41500}
{"episode_reward": 440.1742371048173, "episode": 167.0, "batch_reward": 1.302928909778595, "critic_loss": 8.738108503341675, "actor_loss": -121.27038781738281, "alpha_loss": -0.0019453012067824603, "alpha_value": 0.04817938587069511, "duration": 86.2273964881897, "step": 41750}
{"episode_reward": 447.7629971941195, "episode": 168.0, "batch_reward": 1.3173963551521302, "critic_loss": 9.134752044677734, "actor_loss": -121.70441455078125, "alpha_loss": -0.0038482136614620683, "alpha_value": 0.048265611171722414, "duration": 86.11910080909729, "step": 42000}
{"episode_reward": 401.5273678311081, "episode": 169.0, "batch_reward": 1.3154254150390625, "critic_loss": 8.95754182434082, "actor_loss": -122.36318194580078, "alpha_loss": -0.004196141108870506, "alpha_value": 0.04842177614569664, "duration": 86.27905941009521, "step": 42250}
{"episode_reward": 527.5527479466666, "episode": 170.0, "batch_reward": 1.3121806929111481, "critic_loss": 9.14620644569397, "actor_loss": -122.85972546386719, "alpha_loss": 5.309172999113798e-05, "alpha_value": 0.04844173586368561, "duration": 85.9037115573883, "step": 42500}
{"episode_reward": 470.6517218223726, "episode": 171.0, "batch_reward": 1.3172447917461396, "critic_loss": 8.919958532333373, "actor_loss": -123.5355570678711, "alpha_loss": -0.00043441876769065855, "alpha_value": 0.04845166125893593, "duration": 86.40317273139954, "step": 42750}
{"episode_reward": 463.51393574044357, "episode": 172.0, "batch_reward": 1.3205944423675537, "critic_loss": 9.159415866851807, "actor_loss": -123.93995184326172, "alpha_loss": -0.0061970910700038075, "alpha_value": 0.04856580951809883, "duration": 86.28349256515503, "step": 43000}
{"episode_reward": 495.59762271262963, "episode": 173.0, "batch_reward": 1.32272278881073, "critic_loss": 9.331011940002442, "actor_loss": -124.54521221923828, "alpha_loss": 0.000820026209577918, "alpha_value": 0.048649486273527144, "duration": 86.01400971412659, "step": 43250}
{"episode_reward": 424.4733166789614, "episode": 174.0, "batch_reward": 1.3232544898986816, "critic_loss": 9.236570413589478, "actor_loss": -125.16553649902343, "alpha_loss": -0.006594947431236505, "alpha_value": 0.048799971908330915, "duration": 86.0396716594696, "step": 43500}
{"episode_reward": 452.21369066371534, "episode": 175.0, "batch_reward": 1.3399128489494323, "critic_loss": 9.219096893310548, "actor_loss": -125.75074298095703, "alpha_loss": 0.0027945457231253385, "alpha_value": 0.04880220407247543, "duration": 86.2103853225708, "step": 43750}
{"episode_reward": 516.9871310560043, "episode": 176.0, "batch_reward": 1.346801975250244, "critic_loss": 9.221725358963013, "actor_loss": -126.21868469238281, "alpha_loss": 0.0034942524060606957, "alpha_value": 0.04873298519849777, "duration": 86.33138871192932, "step": 44000}
{"episode_reward": 536.384196469525, "episode": 177.0, "batch_reward": 1.3403539304733276, "critic_loss": 9.058212924957276, "actor_loss": -126.751798828125, "alpha_loss": 0.009377952445298434, "alpha_value": 0.048567162066698075, "duration": 86.09715008735657, "step": 44250}
{"episode_reward": 540.7363849997611, "episode": 178.0, "batch_reward": 1.3490334208011627, "critic_loss": 9.08340683364868, "actor_loss": -127.45056060791016, "alpha_loss": 0.008777103365398943, "alpha_value": 0.04818409463763237, "duration": 86.20317721366882, "step": 44500}
{"episode_reward": 491.5224865165468, "episode": 179.0, "batch_reward": 1.3494360027313232, "critic_loss": 9.261237447738647, "actor_loss": -127.74442462158203, "alpha_loss": 0.004380902092903852, "alpha_value": 0.04797578826546669, "duration": 86.32502341270447, "step": 44750}
{"episode_reward": 463.8645098075738, "episode": 180.0, "batch_reward": 1.3538160834312438, "critic_loss": 9.082583038330078, "actor_loss": -128.27885382080078, "alpha_loss": 0.004345631191506982, "alpha_value": 0.04783866479992867, "duration": 86.3712272644043, "step": 45000}
{"episode_reward": 488.8658368305205, "episode": 181.0, "batch_reward": 1.350354531764984, "critic_loss": 9.116612197875977, "actor_loss": -128.78898419189454, "alpha_loss": 0.00028347821347415446, "alpha_value": 0.047827261865139005, "duration": 86.33367824554443, "step": 45250}
{"episode_reward": 462.2591598087096, "episode": 182.0, "batch_reward": 1.34837357711792, "critic_loss": 8.931233163833618, "actor_loss": -129.37172045898438, "alpha_loss": -0.0020792224016040564, "alpha_value": 0.04785992622375488, "duration": 86.12797474861145, "step": 45500}
{"episode_reward": 481.89632360587285, "episode": 183.0, "batch_reward": 1.3717771158218384, "critic_loss": 9.199039569854737, "actor_loss": -129.85613525390625, "alpha_loss": -0.0026570817083120344, "alpha_value": 0.047950166881084444, "duration": 86.29936695098877, "step": 45750}
{"episode_reward": 438.600515272552, "episode": 184.0, "batch_reward": 1.3692720289230347, "critic_loss": 9.080416145324707, "actor_loss": -130.48939672851563, "alpha_loss": -0.0036182644423097374, "alpha_value": 0.0480653755068779, "duration": 86.52268147468567, "step": 46000}
{"episode_reward": 481.54900719041115, "episode": 185.0, "batch_reward": 1.3564932689666749, "critic_loss": 9.374984258651734, "actor_loss": -130.96555090332032, "alpha_loss": -0.004643638575449586, "alpha_value": 0.04813269671797753, "duration": 86.33826613426208, "step": 46250}
{"episode_reward": 517.19601657668, "episode": 186.0, "batch_reward": 1.3690278625488281, "critic_loss": 9.382491411209106, "actor_loss": -131.49440454101563, "alpha_loss": -0.0008652092274278403, "alpha_value": 0.04828727069497109, "duration": 86.41654706001282, "step": 46500}
{"episode_reward": 530.1590972411434, "episode": 187.0, "batch_reward": 1.381855600833893, "critic_loss": 9.508362951278686, "actor_loss": -132.13410192871095, "alpha_loss": -0.006210416559129953, "alpha_value": 0.048322140842676164, "duration": 86.22194170951843, "step": 46750}
{"episode_reward": 579.4859388775521, "episode": 188.0, "batch_reward": 1.3834070453643799, "critic_loss": 9.466396158218384, "actor_loss": -132.58707653808594, "alpha_loss": -0.006668946858495474, "alpha_value": 0.04855068081617355, "duration": 86.38845157623291, "step": 47000}
{"episode_reward": 525.4698975343002, "episode": 189.0, "batch_reward": 1.3928413743972778, "critic_loss": 9.50959920501709, "actor_loss": -133.1739248046875, "alpha_loss": 0.0009210400050505996, "alpha_value": 0.048602521002292634, "duration": 85.98164677619934, "step": 47250}
{"episode_reward": 549.6759810238443, "episode": 190.0, "batch_reward": 1.3810733351707458, "critic_loss": 9.578669401168824, "actor_loss": -133.58205627441407, "alpha_loss": 0.0007709382958710194, "alpha_value": 0.048596262693405154, "duration": 86.03758907318115, "step": 47500}
{"episode_reward": 470.0783763767868, "episode": 191.0, "batch_reward": 1.3821601886749268, "critic_loss": 9.410339965820313, "actor_loss": -134.0020401611328, "alpha_loss": 0.0022133923824876546, "alpha_value": 0.048532279551029206, "duration": 84.70026540756226, "step": 47750}
{"episode_reward": 426.8386773515362, "episode": 192.0, "batch_reward": 1.3881797738075257, "critic_loss": 9.892337787628174, "actor_loss": -134.51427111816406, "alpha_loss": 0.0015932708028703927, "alpha_value": 0.04856429496407509, "duration": 84.9207661151886, "step": 48000}
{"episode_reward": 532.8118438278073, "episode": 193.0, "batch_reward": 1.401598165988922, "critic_loss": 9.453646783828736, "actor_loss": -135.0968175048828, "alpha_loss": -0.002600702236406505, "alpha_value": 0.04849879026412964, "duration": 84.74879360198975, "step": 48250}
{"episode_reward": 509.55158247894946, "episode": 194.0, "batch_reward": 1.399940294265747, "critic_loss": 9.208281036376952, "actor_loss": -135.6266475830078, "alpha_loss": 0.000818327497690916, "alpha_value": 0.04854157200455666, "duration": 85.27083230018616, "step": 48500}
{"episode_reward": 515.1562260471914, "episode": 195.0, "batch_reward": 1.4189943771362306, "critic_loss": 9.202320728302002, "actor_loss": -136.2033214111328, "alpha_loss": -0.0037097964901477098, "alpha_value": 0.04862005668878555, "duration": 86.1060528755188, "step": 48750}
{"episode_reward": 453.80044669245024, "episode": 196.0, "batch_reward": 1.4124807090759277, "critic_loss": 9.443402893066406, "actor_loss": -136.699115234375, "alpha_loss": 0.005637490274384618, "alpha_value": 0.04856661069393158, "duration": 86.12173819541931, "step": 49000}
{"episode_reward": 521.2518866450755, "episode": 197.0, "batch_reward": 1.402767566204071, "critic_loss": 9.457737283706665, "actor_loss": -137.12477880859376, "alpha_loss": 0.0019162212768569589, "alpha_value": 0.04844238969683647, "duration": 86.36577439308167, "step": 49250}
{"episode_reward": 493.0323622266309, "episode": 198.0, "batch_reward": 1.4063234071731567, "critic_loss": 9.23799098968506, "actor_loss": -137.6532247314453, "alpha_loss": -0.0026621926380321383, "alpha_value": 0.04846526092290878, "duration": 86.29739141464233, "step": 49500}
{"episode_reward": 567.1316933174548, "episode": 199.0, "batch_reward": 1.3964139633178712, "critic_loss": 9.089336853027344, "actor_loss": -137.99767529296875, "alpha_loss": -0.0031483978014439345, "alpha_value": 0.04852866441011429, "duration": 85.9608097076416, "step": 49750}
{"episode_reward": 589.6013111141654, "episode": 200.0, "batch_reward": 1.4043968858718872, "critic_loss": 9.442648986816407, "actor_loss": -138.4714881591797, "alpha_loss": -0.004149259001016617, "alpha_value": 0.048668032497167585, "duration": 86.2031078338623, "step": 50000}
{"episode_reward": 453.38457605440755, "episode": 201.0, "batch_reward": 1.4229089741706848, "critic_loss": 9.083856559753418, "actor_loss": -139.06593505859374, "alpha_loss": 0.003190132030285895, "alpha_value": 0.04871266981959343, "duration": 102.25159907341003, "step": 50250}
{"episode_reward": 487.1350724791408, "episode": 202.0, "batch_reward": 1.423404914855957, "critic_loss": 9.29179831314087, "actor_loss": -139.63249829101562, "alpha_loss": 0.003971347806975245, "alpha_value": 0.04861152446269989, "duration": 85.15645241737366, "step": 50500}
{"episode_reward": 556.4006116134592, "episode": 203.0, "batch_reward": 1.4317987971305848, "critic_loss": 9.090998861312865, "actor_loss": -139.9872890625, "alpha_loss": 0.001120195807889104, "alpha_value": 0.048485030084848404, "duration": 85.66747426986694, "step": 50750}
{"episode_reward": 536.320023806543, "episode": 204.0, "batch_reward": 1.4381835350990295, "critic_loss": 9.150232652664185, "actor_loss": -140.46375366210938, "alpha_loss": -0.01137620067410171, "alpha_value": 0.04864139601588249, "duration": 85.76060652732849, "step": 51000}
{"episode_reward": 532.6771105743552, "episode": 205.0, "batch_reward": 1.4402408766746522, "critic_loss": 9.486669506072998, "actor_loss": -140.9752412109375, "alpha_loss": 0.004002674208953977, "alpha_value": 0.0487442487180233, "duration": 85.69751024246216, "step": 51250}
{"episode_reward": 496.9437432011208, "episode": 206.0, "batch_reward": 1.4396587471961975, "critic_loss": 9.334217388153077, "actor_loss": -141.34943518066407, "alpha_loss": -0.006225170100107789, "alpha_value": 0.04878695550560951, "duration": 85.66417694091797, "step": 51500}
{"episode_reward": 522.279039244417, "episode": 207.0, "batch_reward": 1.4442275915145875, "critic_loss": 9.313382173538209, "actor_loss": -141.82237731933594, "alpha_loss": -0.005467921677976847, "alpha_value": 0.04905523413419723, "duration": 86.21848630905151, "step": 51750}
{"episode_reward": 452.1264615241569, "episode": 208.0, "batch_reward": 1.4498970828056335, "critic_loss": 9.618161294937133, "actor_loss": -142.31110913085936, "alpha_loss": -0.004343422852456569, "alpha_value": 0.04914543494582176, "duration": 86.11421346664429, "step": 52000}
{"episode_reward": 563.7496247842379, "episode": 209.0, "batch_reward": 1.43601145029068, "critic_loss": 9.62278022003174, "actor_loss": -142.61642944335938, "alpha_loss": 0.0006571378987282515, "alpha_value": 0.049193463444709776, "duration": 86.22808313369751, "step": 52250}
{"episode_reward": 479.08216553374336, "episode": 210.0, "batch_reward": 1.4554088640213012, "critic_loss": 9.4765217628479, "actor_loss": -143.27930236816405, "alpha_loss": -0.001573948023840785, "alpha_value": 0.04924735251069069, "duration": 84.801598072052, "step": 52500}
{"episode_reward": 494.61400296299007, "episode": 211.0, "batch_reward": 1.454963303565979, "critic_loss": 9.514894248962403, "actor_loss": -143.61340551757812, "alpha_loss": -0.007360757406800985, "alpha_value": 0.04936388018727302, "duration": 84.9213376045227, "step": 52750}
{"episode_reward": 524.6560917176632, "episode": 212.0, "batch_reward": 1.4621505398750305, "critic_loss": 9.698495147705078, "actor_loss": -144.19807482910156, "alpha_loss": -0.002905094474554062, "alpha_value": 0.049531642347574234, "duration": 85.04736685752869, "step": 53000}
{"episode_reward": 414.580067610422, "episode": 213.0, "batch_reward": 1.457506573677063, "critic_loss": 9.807494960784911, "actor_loss": -144.7283408203125, "alpha_loss": -0.005745681051164866, "alpha_value": 0.04962506058812141, "duration": 84.97348093986511, "step": 53250}
{"episode_reward": 564.8497075261819, "episode": 214.0, "batch_reward": 1.4654707379341125, "critic_loss": 9.611158327102661, "actor_loss": -145.21188513183594, "alpha_loss": -0.005269504355266691, "alpha_value": 0.04988164889812469, "duration": 85.9652750492096, "step": 53500}
{"episode_reward": 568.4754302116887, "episode": 215.0, "batch_reward": 1.4639857773780822, "critic_loss": 8.967608932495118, "actor_loss": -145.61176684570313, "alpha_loss": -0.005673547435551882, "alpha_value": 0.050082814633846284, "duration": 85.72176814079285, "step": 53750}
{"episode_reward": 472.75699303458936, "episode": 216.0, "batch_reward": 1.468351879119873, "critic_loss": 9.223519201278686, "actor_loss": -146.088193359375, "alpha_loss": 0.002561339879408479, "alpha_value": 0.05007784923911095, "duration": 85.17712378501892, "step": 54000}
{"episode_reward": 537.087625422539, "episode": 217.0, "batch_reward": 1.4574112296104431, "critic_loss": 9.494372695922852, "actor_loss": -146.41830310058594, "alpha_loss": 0.0030429554972797633, "alpha_value": 0.050018905490636825, "duration": 85.26588463783264, "step": 54250}
{"episode_reward": 518.4125685439989, "episode": 218.0, "batch_reward": 1.4712978219985962, "critic_loss": 9.674569208145142, "actor_loss": -146.94990588378906, "alpha_loss": 0.0022738386001437904, "alpha_value": 0.04993069824576378, "duration": 85.99509167671204, "step": 54500}
{"episode_reward": 513.5022985869745, "episode": 219.0, "batch_reward": 1.4798652358055115, "critic_loss": 9.68857649421692, "actor_loss": -147.40465649414062, "alpha_loss": 0.0013748956993222237, "alpha_value": 0.04981554016470909, "duration": 85.98082208633423, "step": 54750}
{"episode_reward": 512.2012188850123, "episode": 220.0, "batch_reward": 1.4712774233818053, "critic_loss": 9.77857046508789, "actor_loss": -147.74480432128905, "alpha_loss": -0.0038871112894266844, "alpha_value": 0.049894223004579547, "duration": 86.24115586280823, "step": 55000}
{"episode_reward": 549.0944558904611, "episode": 221.0, "batch_reward": 1.4816011300086975, "critic_loss": 9.681837684631347, "actor_loss": -148.2050358886719, "alpha_loss": -0.0034986775182187556, "alpha_value": 0.04993941169977188, "duration": 86.36686730384827, "step": 55250}
{"episode_reward": 477.2928980020592, "episode": 222.0, "batch_reward": 1.48150146484375, "critic_loss": 9.544045154571533, "actor_loss": -148.529697265625, "alpha_loss": -0.0042507846672087905, "alpha_value": 0.050137051463127136, "duration": 86.27601170539856, "step": 55500}
{"episode_reward": 476.75556386143245, "episode": 223.0, "batch_reward": 1.4882283430099488, "critic_loss": 9.47507207107544, "actor_loss": -148.99004223632812, "alpha_loss": -0.004921258979476989, "alpha_value": 0.05023920401930809, "duration": 85.91512989997864, "step": 55750}
{"episode_reward": 473.54032984400726, "episode": 224.0, "batch_reward": 1.4946495356559752, "critic_loss": 9.449497673034667, "actor_loss": -149.49086108398438, "alpha_loss": -0.007746010167524219, "alpha_value": 0.050519984871149066, "duration": 86.1177966594696, "step": 56000}
{"episode_reward": 555.2975136775312, "episode": 225.0, "batch_reward": 1.4864701209068298, "critic_loss": 9.515563041687011, "actor_loss": -149.85524243164062, "alpha_loss": -0.009977107964456082, "alpha_value": 0.05077152991294861, "duration": 85.47148084640503, "step": 56250}
{"episode_reward": 510.41461604215624, "episode": 226.0, "batch_reward": 1.489471962928772, "critic_loss": 9.48124987602234, "actor_loss": -150.16488232421875, "alpha_loss": -0.00588063208386302, "alpha_value": 0.051043707966804505, "duration": 86.33268785476685, "step": 56500}
{"episode_reward": 496.2417353963492, "episode": 227.0, "batch_reward": 1.4852183923721314, "critic_loss": 9.247822687149048, "actor_loss": -150.62065002441406, "alpha_loss": 0.0007331152968108654, "alpha_value": 0.05110172048211098, "duration": 86.2240343093872, "step": 56750}
{"episode_reward": 475.1082255337032, "episode": 228.0, "batch_reward": 1.4903224263191224, "critic_loss": 9.47974342918396, "actor_loss": -150.8596357421875, "alpha_loss": -0.0027586188223212957, "alpha_value": 0.05115495792031288, "duration": 86.25441884994507, "step": 57000}
{"episode_reward": 560.9199357029237, "episode": 229.0, "batch_reward": 1.4953699254989623, "critic_loss": 9.422393175125123, "actor_loss": -151.37056469726562, "alpha_loss": -0.0011511392761021852, "alpha_value": 0.05124231007695198, "duration": 86.24050974845886, "step": 57250}
{"episode_reward": 509.97532313559503, "episode": 230.0, "batch_reward": 1.4986517186164856, "critic_loss": 9.262592056274414, "actor_loss": -151.718068359375, "alpha_loss": -0.007017481452785432, "alpha_value": 0.05138769716024399, "duration": 86.29130673408508, "step": 57500}
{"episode_reward": 537.5384535060967, "episode": 231.0, "batch_reward": 1.4986502475738526, "critic_loss": 9.207122367858886, "actor_loss": -152.0315888671875, "alpha_loss": -0.0029499459397047756, "alpha_value": 0.0514962232708931, "duration": 86.45312571525574, "step": 57750}
{"episode_reward": 566.2235544840356, "episode": 232.0, "batch_reward": 1.5155960397720336, "critic_loss": 9.449404857635498, "actor_loss": -152.48291967773437, "alpha_loss": 0.0016179063580930232, "alpha_value": 0.05147968143224716, "duration": 86.2692859172821, "step": 58000}
{"episode_reward": 531.6910050076348, "episode": 233.0, "batch_reward": 1.5078195509910584, "critic_loss": 9.389454824447633, "actor_loss": -152.74075280761718, "alpha_loss": -0.0004948220085352659, "alpha_value": 0.05148114529252052, "duration": 86.19810104370117, "step": 58250}
{"episode_reward": 454.9900898498536, "episode": 234.0, "batch_reward": 1.5085688133239745, "critic_loss": 9.55607102584839, "actor_loss": -153.16152087402344, "alpha_loss": 0.0025717482939362525, "alpha_value": 0.05146338120102882, "duration": 86.4630618095398, "step": 58500}
{"episode_reward": 571.2437981360306, "episode": 235.0, "batch_reward": 1.5205646424293517, "critic_loss": 9.362813280105591, "actor_loss": -153.53178637695314, "alpha_loss": -0.005763583561405539, "alpha_value": 0.05150529009103775, "duration": 86.39740896224976, "step": 58750}
{"episode_reward": 540.4015360728763, "episode": 236.0, "batch_reward": 1.5203836884498596, "critic_loss": 9.615916131973266, "actor_loss": -153.89851501464844, "alpha_loss": -0.0021210236437618733, "alpha_value": 0.0516615674495697, "duration": 86.38899374008179, "step": 59000}
{"episode_reward": 544.6961174094781, "episode": 237.0, "batch_reward": 1.514098581790924, "critic_loss": 9.65856816291809, "actor_loss": -154.13087561035155, "alpha_loss": 0.013068064654245972, "alpha_value": 0.05145918551087379, "duration": 86.41332364082336, "step": 59250}
{"episode_reward": 547.2191512198656, "episode": 238.0, "batch_reward": 1.5342896695137025, "critic_loss": 9.719911888122558, "actor_loss": -154.6464189453125, "alpha_loss": 0.0015399404000490905, "alpha_value": 0.05119877526164055, "duration": 86.3005063533783, "step": 59500}
{"episode_reward": 569.240547862889, "episode": 239.0, "batch_reward": 1.523966697216034, "critic_loss": 9.65524097442627, "actor_loss": -154.91938720703126, "alpha_loss": 0.0007763925753533841, "alpha_value": 0.05120029279589653, "duration": 86.30073738098145, "step": 59750}
{"episode_reward": 443.9861900394062, "episode": 240.0, "batch_reward": 1.5352015509605408, "critic_loss": 9.988016328811646, "actor_loss": -155.23865075683594, "alpha_loss": -0.009342840830795467, "alpha_value": 0.05139184477925301, "duration": 86.38212299346924, "step": 60000}
