{"episode_reward": 0.0, "episode": 1.0, "duration": 76.95686316490173, "step": 250}
{"episode_reward": 59.72814558973196, "episode": 2.0, "duration": 6.16030478477478, "step": 500}
{"episode_reward": 48.70816289734363, "episode": 3.0, "duration": 6.218008279800415, "step": 750}
{"episode_reward": 46.21279011925397, "episode": 4.0, "duration": 6.141186714172363, "step": 1000}
{"episode_reward": 67.92203932270468, "episode": 5.0, "batch_reward": 0.2220753245324111, "critic_loss": 0.4074865885472613, "actor_loss": -3.5189690214455016, "alpha_loss": 0.9394116789844961, "alpha_value": 0.09466228473706177, "duration": 475.9388611316681, "step": 1250}
{"episode_reward": 48.81441060915024, "episode": 6.0, "batch_reward": 0.21028436028957367, "critic_loss": 0.7955095551609993, "actor_loss": -6.312188739776611, "alpha_loss": 0.8807339658737182, "alpha_value": 0.08910026448965072, "duration": 92.64571118354797, "step": 1500}
{"episode_reward": 36.756779065054005, "episode": 7.0, "batch_reward": 0.2154407970905304, "critic_loss": 0.88684612262249, "actor_loss": -6.651317195892334, "alpha_loss": 0.867641640663147, "alpha_value": 0.08805175751447678, "duration": 92.6081793308258, "step": 1750}
{"episode_reward": 79.8591311604005, "episode": 8.0, "batch_reward": 0.2169801059961319, "critic_loss": 0.8281171100139618, "actor_loss": -7.114994018554688, "alpha_loss": 0.8484285097122193, "alpha_value": 0.08702372932434083, "duration": 92.57776260375977, "step": 2000}
{"episode_reward": 42.333427362105965, "episode": 9.0, "batch_reward": 0.21612113052606582, "critic_loss": 1.070971003651619, "actor_loss": -7.491308464050293, "alpha_loss": 0.8266879534721374, "alpha_value": 0.0860260311961174, "duration": 92.41322159767151, "step": 2250}
{"episode_reward": 54.59870851962738, "episode": 10.0, "batch_reward": 0.21495275068283082, "critic_loss": 0.9698272904157639, "actor_loss": -7.847889553070068, "alpha_loss": 0.823532434463501, "alpha_value": 0.0850373963713646, "duration": 92.8692455291748, "step": 2500}
{"episode_reward": 41.966876370152264, "episode": 11.0, "batch_reward": 0.21049869060516357, "critic_loss": 0.9115450796484947, "actor_loss": -8.14223928451538, "alpha_loss": 0.8136023635864258, "alpha_value": 0.08405881863832473, "duration": 92.71129488945007, "step": 2750}
{"episode_reward": 49.6518333019016, "episode": 12.0, "batch_reward": 0.21201778590679168, "critic_loss": 0.9381452537178994, "actor_loss": -8.508374000549317, "alpha_loss": 0.8035431509017944, "alpha_value": 0.08309319299459457, "duration": 92.72496128082275, "step": 3000}
{"episode_reward": 58.11536279838501, "episode": 13.0, "batch_reward": 0.21007019126415252, "critic_loss": 0.7007796312570572, "actor_loss": -8.906767822265625, "alpha_loss": 0.7992098336219787, "alpha_value": 0.08213713955879211, "duration": 92.67611908912659, "step": 3250}
{"episode_reward": 44.26127066368092, "episode": 14.0, "batch_reward": 0.20568007165193558, "critic_loss": 0.5052789441347122, "actor_loss": -9.352978485107421, "alpha_loss": 0.7919417643547058, "alpha_value": 0.08118999761343003, "duration": 92.51625967025757, "step": 3500}
{"episode_reward": 57.44504575182197, "episode": 15.0, "batch_reward": 0.21295805472135543, "critic_loss": 0.555941692352295, "actor_loss": -9.732332260131836, "alpha_loss": 0.7821094312667847, "alpha_value": 0.08025450819730759, "duration": 92.83726358413696, "step": 3750}
{"episode_reward": 62.922331061718474, "episode": 16.0, "batch_reward": 0.21338632917404174, "critic_loss": 1.075052000284195, "actor_loss": -10.203997200012207, "alpha_loss": 0.7708242726325989, "alpha_value": 0.07933240079879761, "duration": 92.8260715007782, "step": 4000}
{"episode_reward": 49.05083237800854, "episode": 17.0, "batch_reward": 0.2145428711771965, "critic_loss": 0.8650855876803398, "actor_loss": -10.739347290039062, "alpha_loss": 0.760003746509552, "alpha_value": 0.0784247037768364, "duration": 92.85508561134338, "step": 4250}
{"episode_reward": 72.53677336350978, "episode": 18.0, "batch_reward": 0.2147609246969223, "critic_loss": 0.849764318048954, "actor_loss": -11.060005142211914, "alpha_loss": 0.75449019241333, "alpha_value": 0.07752915149927139, "duration": 92.82407188415527, "step": 4500}
{"episode_reward": 44.27166647351141, "episode": 19.0, "batch_reward": 0.21279570043087007, "critic_loss": 0.9421018155813217, "actor_loss": -11.464037231445312, "alpha_loss": 0.7459998784065247, "alpha_value": 0.07664163482189179, "duration": 92.66509485244751, "step": 4750}
{"episode_reward": 54.90097416479003, "episode": 20.0, "batch_reward": 0.21699448865652085, "critic_loss": 0.5684518056511879, "actor_loss": -11.84417025756836, "alpha_loss": 0.737455924987793, "alpha_value": 0.07576553410291671, "duration": 92.76711750030518, "step": 5000}
{"episode_reward": 85.07684894364004, "episode": 21.0, "batch_reward": 0.220474624812603, "critic_loss": 0.6586176252365112, "actor_loss": -12.162072914123534, "alpha_loss": 0.7294327478408813, "alpha_value": 0.07489940792322158, "duration": 92.66540193557739, "step": 5250}
{"episode_reward": 46.396645945673036, "episode": 22.0, "batch_reward": 0.2184959152340889, "critic_loss": 0.7358940619230271, "actor_loss": -12.51251301574707, "alpha_loss": 0.7159878172874451, "alpha_value": 0.07404823791980743, "duration": 92.6892249584198, "step": 5500}
{"episode_reward": 77.26773711080672, "episode": 23.0, "batch_reward": 0.22043913680315017, "critic_loss": 1.0304300472736359, "actor_loss": -12.815218048095703, "alpha_loss": 0.7112923564910889, "alpha_value": 0.073207683801651, "duration": 92.67707538604736, "step": 5750}
{"episode_reward": 42.37256204115155, "episode": 24.0, "batch_reward": 0.2184138765335083, "critic_loss": 0.7903512758612633, "actor_loss": -13.168491081237793, "alpha_loss": 0.7011174082756042, "alpha_value": 0.07237658965587616, "duration": 93.10523080825806, "step": 6000}
{"episode_reward": 41.51301720586852, "episode": 25.0, "batch_reward": 0.22292604160308838, "critic_loss": 0.9623828055858612, "actor_loss": -13.524206619262696, "alpha_loss": 0.6883911380767822, "alpha_value": 0.07155851340293884, "duration": 92.79177856445312, "step": 6250}
{"episode_reward": 84.73311120444333, "episode": 26.0, "batch_reward": 0.22513363885879517, "critic_loss": 1.0461794484853744, "actor_loss": -13.923168128967285, "alpha_loss": 0.6762279176712036, "alpha_value": 0.0707555582523346, "duration": 92.77197909355164, "step": 6500}
{"episode_reward": 105.63680741846419, "episode": 27.0, "batch_reward": 0.23307665210962294, "critic_loss": 1.0040798324346543, "actor_loss": -14.377000427246093, "alpha_loss": 0.6585227160453796, "alpha_value": 0.0699679228067398, "duration": 92.8305413722992, "step": 6750}
{"episode_reward": 58.865113383649124, "episode": 28.0, "batch_reward": 0.22999527114629745, "critic_loss": 1.1335533514022826, "actor_loss": -14.655908874511718, "alpha_loss": 0.6446247019767761, "alpha_value": 0.06920060074329376, "duration": 92.71113157272339, "step": 7000}
{"episode_reward": 40.56112472133944, "episode": 29.0, "batch_reward": 0.22747901362180709, "critic_loss": 1.3585302379131317, "actor_loss": -15.048657890319824, "alpha_loss": 0.6308546042442322, "alpha_value": 0.06844506502151489, "duration": 92.8839418888092, "step": 7250}
{"episode_reward": 51.091285390563414, "episode": 30.0, "batch_reward": 0.2279058900475502, "critic_loss": 1.4762975524663926, "actor_loss": -15.354896583557128, "alpha_loss": 0.613113311290741, "alpha_value": 0.06770561534166336, "duration": 93.0685453414917, "step": 7500}
{"episode_reward": 82.09425950548918, "episode": 31.0, "batch_reward": 0.23102639508247375, "critic_loss": 1.4276301807165146, "actor_loss": -15.695673240661622, "alpha_loss": 0.6098447217941284, "alpha_value": 0.06697474676370621, "duration": 93.19891142845154, "step": 7750}
{"episode_reward": 50.53988876765622, "episode": 32.0, "batch_reward": 0.22828274965286255, "critic_loss": 1.442579497218132, "actor_loss": -15.980824806213379, "alpha_loss": 0.5989332714080811, "alpha_value": 0.06625020903348923, "duration": 93.01178359985352, "step": 8000}
{"episode_reward": 50.20318138046213, "episode": 33.0, "batch_reward": 0.2304404053092003, "critic_loss": 1.097257222533226, "actor_loss": -16.340672958374025, "alpha_loss": 0.6013150763511658, "alpha_value": 0.06552412277460098, "duration": 92.87711691856384, "step": 8250}
{"episode_reward": 59.38271457212788, "episode": 34.0, "batch_reward": 0.2299866320490837, "critic_loss": 1.3348368065357208, "actor_loss": -16.660478561401366, "alpha_loss": 0.5957292981147766, "alpha_value": 0.06480260789394379, "duration": 92.88071537017822, "step": 8500}
{"episode_reward": 88.6797804795851, "episode": 35.0, "batch_reward": 0.23879889905452728, "critic_loss": 1.2322497985363006, "actor_loss": -16.97647915649414, "alpha_loss": 0.5829469113349914, "alpha_value": 0.06408776968717575, "duration": 93.09189963340759, "step": 8750}
{"episode_reward": 99.6510662349145, "episode": 36.0, "batch_reward": 0.23898388987779617, "critic_loss": 1.3533602890968324, "actor_loss": -17.293069946289062, "alpha_loss": 0.5713623747825622, "alpha_value": 0.06338629400730134, "duration": 92.91499781608582, "step": 9000}
{"episode_reward": 108.8362633337597, "episode": 37.0, "batch_reward": 0.24155727034807206, "critic_loss": 1.4724937770366668, "actor_loss": -17.65751873779297, "alpha_loss": 0.553556601524353, "alpha_value": 0.06270282804965972, "duration": 93.14257311820984, "step": 9250}
{"episode_reward": 51.75576097503855, "episode": 38.0, "batch_reward": 0.2408355901837349, "critic_loss": 1.4687024416923522, "actor_loss": -17.960318832397462, "alpha_loss": 0.5448863582611084, "alpha_value": 0.062026012897491455, "duration": 93.11996221542358, "step": 9500}
{"episode_reward": 54.98537703615645, "episode": 39.0, "batch_reward": 0.24833449512720107, "critic_loss": 1.383428978562355, "actor_loss": -18.419355758666992, "alpha_loss": 0.5377009627819062, "alpha_value": 0.061359918355941775, "duration": 93.35460424423218, "step": 9750}
{"episode_reward": 119.79266109526876, "episode": 40.0, "batch_reward": 0.24639381790161133, "critic_loss": 1.277074836730957, "actor_loss": -18.69790197753906, "alpha_loss": 0.527136134147644, "alpha_value": 0.06070190843939781, "duration": 92.29051637649536, "step": 10000}
{"episode_reward": 97.69996279626442, "episode": 41.0, "batch_reward": 0.2521436223387718, "critic_loss": 1.340222699522972, "actor_loss": -19.092199020385742, "alpha_loss": 0.5210438590049744, "alpha_value": 0.060048945128917695, "duration": 163.3701343536377, "step": 10250}
{"episode_reward": 58.92309359873685, "episode": 42.0, "batch_reward": 0.25699310636520384, "critic_loss": 1.592780304670334, "actor_loss": -19.388262100219727, "alpha_loss": 0.5096516482830048, "alpha_value": 0.05940562772750854, "duration": 92.66249251365662, "step": 10500}
{"episode_reward": 102.78316923983375, "episode": 43.0, "batch_reward": 0.26081852334737776, "critic_loss": 1.6113045749664308, "actor_loss": -19.696941802978515, "alpha_loss": 0.5033530526161194, "alpha_value": 0.05876693046092987, "duration": 93.31983876228333, "step": 10750}
{"episode_reward": 144.0038667060905, "episode": 44.0, "batch_reward": 0.26325038594007494, "critic_loss": 1.7151460766792297, "actor_loss": -20.047614456176756, "alpha_loss": 0.4992320837974548, "alpha_value": 0.05813626527786255, "duration": 93.45457172393799, "step": 11000}
{"episode_reward": 48.95567258163597, "episode": 45.0, "batch_reward": 0.2660645604133606, "critic_loss": 1.6921488137245178, "actor_loss": -20.378651519775392, "alpha_loss": 0.48977616691589354, "alpha_value": 0.05750491163134575, "duration": 93.44515752792358, "step": 11250}
{"episode_reward": 96.07346586820191, "episode": 46.0, "batch_reward": 0.2633180395960808, "critic_loss": 1.4982732539176942, "actor_loss": -20.65736570739746, "alpha_loss": 0.4863061265945435, "alpha_value": 0.05688540753722191, "duration": 93.8197455406189, "step": 11500}
{"episode_reward": 66.89912692661035, "episode": 47.0, "batch_reward": 0.26444880849123004, "critic_loss": 1.6356739389896393, "actor_loss": -21.000870208740235, "alpha_loss": 0.47903075432777403, "alpha_value": 0.05626812833547592, "duration": 93.2051432132721, "step": 11750}
{"episode_reward": 57.559911017546156, "episode": 48.0, "batch_reward": 0.26366086077690126, "critic_loss": 1.5359531424045563, "actor_loss": -21.191963317871092, "alpha_loss": 0.4725794098377228, "alpha_value": 0.05565619105100632, "duration": 93.27979493141174, "step": 12000}
{"episode_reward": 48.80580373258998, "episode": 49.0, "batch_reward": 0.26299823355674745, "critic_loss": 1.8727898645401, "actor_loss": -21.48400216674805, "alpha_loss": 0.46812601733207704, "alpha_value": 0.0550473660826683, "duration": 93.34919428825378, "step": 12250}
{"episode_reward": 109.18862991463475, "episode": 50.0, "batch_reward": 0.2666081713438034, "critic_loss": 2.200294627428055, "actor_loss": -21.831229598999023, "alpha_loss": 0.45857791042327883, "alpha_value": 0.05444766941666603, "duration": 93.34225368499756, "step": 12500}
{"episode_reward": 86.53271245662187, "episode": 51.0, "batch_reward": 0.27279082602262494, "critic_loss": 1.9166120700836182, "actor_loss": -22.129659561157226, "alpha_loss": 0.44623715019226073, "alpha_value": 0.053862409174442294, "duration": 93.39731311798096, "step": 12750}
{"episode_reward": 84.4458161613558, "episode": 52.0, "batch_reward": 0.26667630690336225, "critic_loss": 1.7464762063026429, "actor_loss": -22.351861251831053, "alpha_loss": 0.44359759640693663, "alpha_value": 0.05328090903162956, "duration": 93.24274492263794, "step": 13000}
{"episode_reward": 86.08800541068152, "episode": 53.0, "batch_reward": 0.27176780718564986, "critic_loss": 1.7101608669757844, "actor_loss": -22.659055206298827, "alpha_loss": 0.44165128350257876, "alpha_value": 0.052701584726572034, "duration": 93.12767505645752, "step": 13250}
{"episode_reward": 86.94774336658867, "episode": 54.0, "batch_reward": 0.26988713479042054, "critic_loss": 1.8435454859733582, "actor_loss": -22.957161209106445, "alpha_loss": 0.4367026379108429, "alpha_value": 0.052120023250579836, "duration": 93.16293144226074, "step": 13500}
{"episode_reward": 75.79767918057372, "episode": 55.0, "batch_reward": 0.27686302369832994, "critic_loss": 1.8597931048870087, "actor_loss": -23.399513290405274, "alpha_loss": 0.41899888396263124, "alpha_value": 0.05155596962571144, "duration": 93.01830220222473, "step": 13750}
{"episode_reward": 183.1773534757015, "episode": 56.0, "batch_reward": 0.28236171454191206, "critic_loss": 2.068551666498184, "actor_loss": -23.609388961791993, "alpha_loss": 0.4012087333202362, "alpha_value": 0.051011507868766785, "duration": 93.18984723091125, "step": 14000}
{"episode_reward": 102.56997572461648, "episode": 57.0, "batch_reward": 0.2848071194887161, "critic_loss": 1.8838027470111847, "actor_loss": -23.89134469604492, "alpha_loss": 0.39788096070289614, "alpha_value": 0.05047800099849701, "duration": 93.28594136238098, "step": 14250}
{"episode_reward": 138.39380939492068, "episode": 58.0, "batch_reward": 0.28622015643119814, "critic_loss": 1.986472395658493, "actor_loss": -24.278704666137696, "alpha_loss": 0.39110406398773195, "alpha_value": 0.04994866752624512, "duration": 93.05588793754578, "step": 14500}
{"episode_reward": 142.81384635888736, "episode": 59.0, "batch_reward": 0.29416980600357057, "critic_loss": 1.9890784788131715, "actor_loss": -24.74104635620117, "alpha_loss": 0.3830430932044983, "alpha_value": 0.04942348030209541, "duration": 92.97760248184204, "step": 14750}
{"episode_reward": 96.49750472824356, "episode": 60.0, "batch_reward": 0.2985674914717674, "critic_loss": 2.0862808091640472, "actor_loss": -25.100053680419922, "alpha_loss": 0.37225023317337036, "alpha_value": 0.048905993908643725, "duration": 93.2061550617218, "step": 15000}
{"episode_reward": 137.1913739443931, "episode": 61.0, "batch_reward": 0.298001746058464, "critic_loss": 2.566357800245285, "actor_loss": -25.39331985473633, "alpha_loss": 0.3586564133167267, "alpha_value": 0.04840164971351624, "duration": 93.2020525932312, "step": 15250}
{"episode_reward": 99.19167830841195, "episode": 62.0, "batch_reward": 0.29884464770555497, "critic_loss": 2.1278325717449187, "actor_loss": -25.70293022155762, "alpha_loss": 0.3610978305339813, "alpha_value": 0.047902067482471465, "duration": 93.1943826675415, "step": 15500}
{"episode_reward": 131.03841860603026, "episode": 63.0, "batch_reward": 0.3031724376678467, "critic_loss": 2.262020080566406, "actor_loss": -26.041674682617188, "alpha_loss": 0.3552130937576294, "alpha_value": 0.04739841204881668, "duration": 92.96875286102295, "step": 15750}
{"episode_reward": 136.78743312323473, "episode": 64.0, "batch_reward": 0.3068492806553841, "critic_loss": 2.241607672214508, "actor_loss": -26.344569564819334, "alpha_loss": 0.346757474899292, "alpha_value": 0.04690532937645912, "duration": 94.03676176071167, "step": 16000}
{"episode_reward": 98.37710570173604, "episode": 65.0, "batch_reward": 0.30869315487146376, "critic_loss": 2.417882441043854, "actor_loss": -26.74269515991211, "alpha_loss": 0.3325352122783661, "alpha_value": 0.04641701328754425, "duration": 92.63992667198181, "step": 16250}
{"episode_reward": 152.25324353606166, "episode": 66.0, "batch_reward": 0.315761413872242, "critic_loss": 2.3933488240242005, "actor_loss": -27.092221771240233, "alpha_loss": 0.3187082266807556, "alpha_value": 0.04595023056864739, "duration": 92.92698645591736, "step": 16500}
{"episode_reward": 134.18349176917155, "episode": 67.0, "batch_reward": 0.31204712015390396, "critic_loss": 2.545477962970734, "actor_loss": -27.527074005126952, "alpha_loss": 0.32051087844371795, "alpha_value": 0.04548582494258881, "duration": 93.45178318023682, "step": 16750}
{"episode_reward": 184.99524581962544, "episode": 68.0, "batch_reward": 0.32704317355155943, "critic_loss": 2.756000053405762, "actor_loss": -27.829278915405272, "alpha_loss": 0.3043746888637543, "alpha_value": 0.045024317622184756, "duration": 93.34306168556213, "step": 17000}
{"episode_reward": 140.89904392236213, "episode": 69.0, "batch_reward": 0.33172893345355986, "critic_loss": 2.493873795509338, "actor_loss": -28.2170595703125, "alpha_loss": 0.2877786943912506, "alpha_value": 0.04458734038472176, "duration": 92.9108235836029, "step": 17250}
{"episode_reward": 129.5526448835283, "episode": 70.0, "batch_reward": 0.32823375618457795, "critic_loss": 2.895446813583374, "actor_loss": -28.55216435241699, "alpha_loss": 0.28112935030460356, "alpha_value": 0.04415253311395645, "duration": 93.61607432365417, "step": 17500}
{"episode_reward": 85.55468062937034, "episode": 71.0, "batch_reward": 0.32893756645917893, "critic_loss": 2.7232116179466246, "actor_loss": -28.938259338378906, "alpha_loss": 0.27386174535751345, "alpha_value": 0.04373167020082474, "duration": 92.88488936424255, "step": 17750}
{"episode_reward": 193.8997637388169, "episode": 72.0, "batch_reward": 0.3394830416440964, "critic_loss": 2.688650416851044, "actor_loss": -29.507208572387697, "alpha_loss": 0.2663098118305206, "alpha_value": 0.043310376942157745, "duration": 93.27819442749023, "step": 18000}
{"episode_reward": 249.90277969569797, "episode": 73.0, "batch_reward": 0.3477420649528503, "critic_loss": 2.6379934062957764, "actor_loss": -29.896141876220703, "alpha_loss": 0.2448867381811142, "alpha_value": 0.04290187680721283, "duration": 93.05442547798157, "step": 18250}
{"episode_reward": 189.27310821993296, "episode": 74.0, "batch_reward": 0.3523893356323242, "critic_loss": 2.847021688938141, "actor_loss": -30.279980361938478, "alpha_loss": 0.24644976305961608, "alpha_value": 0.04250554671883583, "duration": 93.06457853317261, "step": 18500}
{"episode_reward": 184.6002955000648, "episode": 75.0, "batch_reward": 0.36480981028079984, "critic_loss": 2.8268319053649904, "actor_loss": -30.797168380737304, "alpha_loss": 0.23607729136943817, "alpha_value": 0.04210916557908058, "duration": 93.53530812263489, "step": 18750}
{"episode_reward": 144.4918217051787, "episode": 76.0, "batch_reward": 0.36511726689338686, "critic_loss": 2.7753242263793947, "actor_loss": -31.114333709716796, "alpha_loss": 0.23963017320632934, "alpha_value": 0.04171438762545586, "duration": 93.4703598022461, "step": 19000}
{"episode_reward": 143.2144408895785, "episode": 77.0, "batch_reward": 0.3651263656616211, "critic_loss": 2.7571275033950804, "actor_loss": -31.56590866088867, "alpha_loss": 0.2315176223516464, "alpha_value": 0.04131345987319946, "duration": 93.3189103603363, "step": 19250}
{"episode_reward": 155.29219202892946, "episode": 78.0, "batch_reward": 0.36301224184036257, "critic_loss": 3.035982223033905, "actor_loss": -32.103274291992186, "alpha_loss": 0.22067385971546172, "alpha_value": 0.04092296200990677, "duration": 92.98031282424927, "step": 19500}
{"episode_reward": 105.0554517539411, "episode": 79.0, "batch_reward": 0.3601457792520523, "critic_loss": 3.0501709833145143, "actor_loss": -32.41567756652832, "alpha_loss": 0.20622772693634034, "alpha_value": 0.04054938924312591, "duration": 93.21245169639587, "step": 19750}
{"episode_reward": 175.24338278486914, "episode": 80.0, "batch_reward": 0.3720095360279083, "critic_loss": 3.0318619894981382, "actor_loss": -33.02818212890625, "alpha_loss": 0.2051974160671234, "alpha_value": 0.04018348890542984, "duration": 93.10575795173645, "step": 20000}
{"episode_reward": 177.21544242188085, "episode": 81.0, "batch_reward": 0.376204456448555, "critic_loss": 3.0084521284103394, "actor_loss": -33.3282707824707, "alpha_loss": 0.19988889002799987, "alpha_value": 0.039812861800193784, "duration": 163.2353355884552, "step": 20250}
{"episode_reward": 150.1260560054709, "episode": 82.0, "batch_reward": 0.3794430243372917, "critic_loss": 3.0279357552528383, "actor_loss": -33.87890841674805, "alpha_loss": 0.18149221569299698, "alpha_value": 0.03945421567559242, "duration": 93.07210302352905, "step": 20500}
{"episode_reward": 190.1778672392093, "episode": 83.0, "batch_reward": 0.3803125346899033, "critic_loss": 3.047513026714325, "actor_loss": -34.28625991821289, "alpha_loss": 0.18043292725086213, "alpha_value": 0.03911436188220978, "duration": 93.32898592948914, "step": 20750}
{"episode_reward": 194.87530383025828, "episode": 84.0, "batch_reward": 0.3858781073093414, "critic_loss": 3.22076704788208, "actor_loss": -34.72331967163086, "alpha_loss": 0.17578683686256408, "alpha_value": 0.0387594039440155, "duration": 93.62622547149658, "step": 21000}
{"episode_reward": 148.2470966992457, "episode": 85.0, "batch_reward": 0.3896207000017166, "critic_loss": 3.33342866897583, "actor_loss": -35.26596496582031, "alpha_loss": 0.15560862141847612, "alpha_value": 0.03843054211139679, "duration": 93.45787763595581, "step": 21250}
{"episode_reward": 194.5055245737207, "episode": 86.0, "batch_reward": 0.3953587452173233, "critic_loss": 3.1583313598632814, "actor_loss": -35.83417581176758, "alpha_loss": 0.15744668346643448, "alpha_value": 0.038111124843359, "duration": 93.45165753364563, "step": 21500}
{"episode_reward": 202.7740179476635, "episode": 87.0, "batch_reward": 0.39755330288410184, "critic_loss": 3.278958836078644, "actor_loss": -36.49183776855469, "alpha_loss": 0.14927986997365952, "alpha_value": 0.037791962057352066, "duration": 93.31855607032776, "step": 21750}
{"episode_reward": 202.81918007385764, "episode": 88.0, "batch_reward": 0.40102811765670776, "critic_loss": 3.316339621543884, "actor_loss": -36.884338104248044, "alpha_loss": 0.14563430708646774, "alpha_value": 0.03747733184695244, "duration": 93.38404607772827, "step": 22000}
{"episode_reward": 167.11477882582363, "episode": 89.0, "batch_reward": 0.40651565265655515, "critic_loss": 3.3612446684837343, "actor_loss": -37.44451614379883, "alpha_loss": 0.1415765728354454, "alpha_value": 0.037156355500221255, "duration": 92.98389959335327, "step": 22250}
{"episode_reward": 132.94831391684497, "episode": 90.0, "batch_reward": 0.401049542427063, "critic_loss": 3.335111515045166, "actor_loss": -37.96457879638672, "alpha_loss": 0.14183209240436553, "alpha_value": 0.03683859491348267, "duration": 93.1213788986206, "step": 22500}
{"episode_reward": 198.09508132234586, "episode": 91.0, "batch_reward": 0.4161872144937515, "critic_loss": 3.320325894355774, "actor_loss": -38.480955169677735, "alpha_loss": 0.13090841943025588, "alpha_value": 0.03652308213710785, "duration": 93.15251898765564, "step": 22750}
{"episode_reward": 188.08239752542198, "episode": 92.0, "batch_reward": 0.41344775176048276, "critic_loss": 3.0194720039367677, "actor_loss": -38.93622546386719, "alpha_loss": 0.12850985324382783, "alpha_value": 0.036216602802276614, "duration": 93.08003044128418, "step": 23000}
{"episode_reward": 236.0357865995696, "episode": 93.0, "batch_reward": 0.41962402319908143, "critic_loss": 2.8139928436279296, "actor_loss": -39.50379800415039, "alpha_loss": 0.13556625187397003, "alpha_value": 0.035894285321235654, "duration": 93.42461776733398, "step": 23250}
{"episode_reward": 203.75528025900007, "episode": 94.0, "batch_reward": 0.4272182439565659, "critic_loss": 2.759872764110565, "actor_loss": -39.89772958374024, "alpha_loss": 0.1376174784898758, "alpha_value": 0.0355599867105484, "duration": 93.27750492095947, "step": 23500}
{"episode_reward": 200.85570149826637, "episode": 95.0, "batch_reward": 0.4309102876186371, "critic_loss": 2.714270243644714, "actor_loss": -40.40476104736328, "alpha_loss": 0.1358230332136154, "alpha_value": 0.03521466863155365, "duration": 93.54210448265076, "step": 23750}
{"episode_reward": 231.21323674773305, "episode": 96.0, "batch_reward": 0.4335743092298508, "critic_loss": 2.802817254066467, "actor_loss": -40.922504943847656, "alpha_loss": 0.1271415036916733, "alpha_value": 0.034879853278398515, "duration": 93.68666982650757, "step": 24000}
{"episode_reward": 180.19561915275847, "episode": 97.0, "batch_reward": 0.4471129810810089, "critic_loss": 2.944456414222717, "actor_loss": -41.23106149291992, "alpha_loss": 0.1293514248728752, "alpha_value": 0.03454765009880066, "duration": 93.14628171920776, "step": 24250}
{"episode_reward": 200.0287033093195, "episode": 98.0, "batch_reward": 0.437202201128006, "critic_loss": 2.8038284401893616, "actor_loss": -41.58980529785156, "alpha_loss": 0.13218530637025833, "alpha_value": 0.03420563119649887, "duration": 93.4683165550232, "step": 24500}
{"episode_reward": 202.3660437606693, "episode": 99.0, "batch_reward": 0.4431304965019226, "critic_loss": 2.955106360912323, "actor_loss": -42.1919733581543, "alpha_loss": 0.1238536536693573, "alpha_value": 0.03386026588082314, "duration": 93.64427447319031, "step": 24750}
{"episode_reward": 214.73581178698421, "episode": 100.0, "batch_reward": 0.4540461254119873, "critic_loss": 2.878513020038605, "actor_loss": -42.64168832397461, "alpha_loss": 0.12702712434530258, "alpha_value": 0.0335275074839592, "duration": 93.27990698814392, "step": 25000}
{"episode_reward": 286.1725701847851, "episode": 101.0, "batch_reward": 0.4525124763250351, "critic_loss": 2.8670833611488344, "actor_loss": -43.11872839355469, "alpha_loss": 0.11760304564237595, "alpha_value": 0.03319147726893425, "duration": 93.14107632637024, "step": 25250}
{"episode_reward": 223.33637825535519, "episode": 102.0, "batch_reward": 0.4628600255250931, "critic_loss": 2.9375970849990845, "actor_loss": -43.51359866333008, "alpha_loss": 0.11195012390613555, "alpha_value": 0.03287006050348282, "duration": 93.26414346694946, "step": 25500}
{"episode_reward": 189.6594972909408, "episode": 103.0, "batch_reward": 0.46471569502353666, "critic_loss": 2.9594988813400267, "actor_loss": -43.79045431518555, "alpha_loss": 0.1066995347738266, "alpha_value": 0.03256847247481346, "duration": 93.02487397193909, "step": 25750}
{"episode_reward": 182.75471143598998, "episode": 104.0, "batch_reward": 0.4690318946838379, "critic_loss": 3.258920622348785, "actor_loss": -44.2943713684082, "alpha_loss": 0.10641895198822021, "alpha_value": 0.03226686999201775, "duration": 92.86119556427002, "step": 26000}
{"episode_reward": 174.84169948157168, "episode": 105.0, "batch_reward": 0.46490129017829895, "critic_loss": 3.0937818908691406, "actor_loss": -44.648073516845706, "alpha_loss": 0.1108395294547081, "alpha_value": 0.03194884747266769, "duration": 93.16508436203003, "step": 26250}
{"episode_reward": 207.11608012957967, "episode": 106.0, "batch_reward": 0.46876024770736696, "critic_loss": 3.0862955384254454, "actor_loss": -45.04426193237305, "alpha_loss": 0.10285277479887009, "alpha_value": 0.03163364946842193, "duration": 93.50459909439087, "step": 26500}
{"episode_reward": 213.61157770212924, "episode": 107.0, "batch_reward": 0.47386866521835325, "critic_loss": 2.9206250896453856, "actor_loss": -45.36413427734375, "alpha_loss": 0.10554431480169296, "alpha_value": 0.031323793053627015, "duration": 93.58081150054932, "step": 26750}
{"episode_reward": 256.08942955474157, "episode": 108.0, "batch_reward": 0.48734683072566987, "critic_loss": 3.2450630946159364, "actor_loss": -45.89523742675781, "alpha_loss": 0.08289216703176498, "alpha_value": 0.031037079349160196, "duration": 93.56382846832275, "step": 27000}
{"episode_reward": 267.8641505295639, "episode": 109.0, "batch_reward": 0.4945951873064041, "critic_loss": 3.1382876286506654, "actor_loss": -46.3999807434082, "alpha_loss": 0.08199859234690667, "alpha_value": 0.030784277975559236, "duration": 93.8203055858612, "step": 27250}
{"episode_reward": 216.0319323961702, "episode": 110.0, "batch_reward": 0.48918183863162995, "critic_loss": 3.2626062874794006, "actor_loss": -46.79742633056641, "alpha_loss": 0.07333304886519909, "alpha_value": 0.030540796577930452, "duration": 93.09736657142639, "step": 27500}
{"episode_reward": 233.1658866554313, "episode": 111.0, "batch_reward": 0.48804130959510805, "critic_loss": 3.185054154872894, "actor_loss": -47.43818225097656, "alpha_loss": 0.07645981287956238, "alpha_value": 0.030289832189679147, "duration": 93.86833024024963, "step": 27750}
{"episode_reward": 227.10902404723427, "episode": 112.0, "batch_reward": 0.5082271224260331, "critic_loss": 3.1174529843330383, "actor_loss": -47.935526824951175, "alpha_loss": 0.07484326055645943, "alpha_value": 0.030041883021593094, "duration": 93.36318159103394, "step": 28000}
{"episode_reward": 239.31511976810816, "episode": 113.0, "batch_reward": 0.507698683977127, "critic_loss": 3.3314685077667234, "actor_loss": -48.3513630065918, "alpha_loss": 0.07334429520368577, "alpha_value": 0.029785895213484764, "duration": 93.53010082244873, "step": 28250}
{"episode_reward": 256.18476551344145, "episode": 114.0, "batch_reward": 0.5131216235160828, "critic_loss": 3.0914256262779234, "actor_loss": -48.77412509155273, "alpha_loss": 0.07400528571009636, "alpha_value": 0.029520453080534935, "duration": 93.64716911315918, "step": 28500}
{"episode_reward": 265.1976746125924, "episode": 115.0, "batch_reward": 0.511504407286644, "critic_loss": 3.1612335805892946, "actor_loss": -49.24243502807617, "alpha_loss": 0.06829059991240502, "alpha_value": 0.029271049231290817, "duration": 93.36512064933777, "step": 28750}
{"episode_reward": 238.12017149700404, "episode": 116.0, "batch_reward": 0.5138244596719742, "critic_loss": 3.1261949214935303, "actor_loss": -49.679054595947264, "alpha_loss": 0.0660683939754963, "alpha_value": 0.02901774564385414, "duration": 93.75136089324951, "step": 29000}
{"episode_reward": 213.90014707922833, "episode": 117.0, "batch_reward": 0.5175984301567078, "critic_loss": 3.064104648590088, "actor_loss": -50.11804205322266, "alpha_loss": 0.06115242001414299, "alpha_value": 0.028783170506358147, "duration": 93.38876247406006, "step": 29250}
{"episode_reward": 241.51157775033803, "episode": 118.0, "batch_reward": 0.525358747959137, "critic_loss": 3.1717276525497438, "actor_loss": -50.590510559082034, "alpha_loss": 0.06096889901161194, "alpha_value": 0.02854565481841564, "duration": 93.6647629737854, "step": 29500}
{"episode_reward": 301.3170236291976, "episode": 119.0, "batch_reward": 0.5284498101472854, "critic_loss": 3.239657772541046, "actor_loss": -50.99380236816406, "alpha_loss": 0.05875051534175873, "alpha_value": 0.028305698245763778, "duration": 93.47466468811035, "step": 29750}
{"episode_reward": 356.5474093409299, "episode": 120.0, "batch_reward": 0.5355804015398026, "critic_loss": 3.3731089034080504, "actor_loss": -51.540744689941405, "alpha_loss": 0.04500130791962147, "alpha_value": 0.028091801777482033, "duration": 93.51724052429199, "step": 30000}
{"episode_reward": 279.03759406230654, "episode": 121.0, "batch_reward": 0.5395420213937759, "critic_loss": 3.342160192489624, "actor_loss": -51.95716857910156, "alpha_loss": 0.04479099498689175, "alpha_value": 0.027901068687438964, "duration": 163.8172779083252, "step": 30250}
{"episode_reward": 296.64443728088077, "episode": 122.0, "batch_reward": 0.5474534349441529, "critic_loss": 3.556309371948242, "actor_loss": -52.53966778564453, "alpha_loss": 0.03021845820173621, "alpha_value": 0.027737251698970795, "duration": 93.0116446018219, "step": 30500}
{"episode_reward": 291.7816043882501, "episode": 123.0, "batch_reward": 0.551440710902214, "critic_loss": 3.4332631912231446, "actor_loss": -53.01066436767578, "alpha_loss": 0.033485097479075195, "alpha_value": 0.02759476913511753, "duration": 93.74826097488403, "step": 30750}
{"episode_reward": 243.85296345667996, "episode": 124.0, "batch_reward": 0.5597811779975891, "critic_loss": 3.6129507608413696, "actor_loss": -53.55419677734375, "alpha_loss": 0.02982635999005288, "alpha_value": 0.027435869351029395, "duration": 93.24164009094238, "step": 31000}
{"episode_reward": 312.54593437416446, "episode": 125.0, "batch_reward": 0.5600672619342804, "critic_loss": 3.589304690361023, "actor_loss": -54.04033065795898, "alpha_loss": 0.03137868198007345, "alpha_value": 0.027295148372650145, "duration": 93.65220761299133, "step": 31250}
{"episode_reward": 205.90420972924775, "episode": 126.0, "batch_reward": 0.5646659622192383, "critic_loss": 3.6512287316322327, "actor_loss": -54.59046527099609, "alpha_loss": 0.025634487232193352, "alpha_value": 0.02713953097164631, "duration": 93.24270939826965, "step": 31500}
{"episode_reward": 263.6792556095928, "episode": 127.0, "batch_reward": 0.5652535964250565, "critic_loss": 3.721865921974182, "actor_loss": -55.12039370727539, "alpha_loss": 0.023806222926825285, "alpha_value": 0.0270052183419466, "duration": 93.37756133079529, "step": 31750}
{"episode_reward": 316.6784263870869, "episode": 128.0, "batch_reward": 0.5746337130069733, "critic_loss": 3.698363063812256, "actor_loss": -55.76230694580078, "alpha_loss": 0.018089268607087435, "alpha_value": 0.026888445675373077, "duration": 93.4319748878479, "step": 32000}
{"episode_reward": 309.2298658595364, "episode": 129.0, "batch_reward": 0.5842117420434951, "critic_loss": 3.6109565186500547, "actor_loss": -56.26345980834961, "alpha_loss": 0.019533564580604432, "alpha_value": 0.026777329415082932, "duration": 93.5826563835144, "step": 32250}
{"episode_reward": 279.8563675245052, "episode": 130.0, "batch_reward": 0.580686957001686, "critic_loss": 3.6425387105941773, "actor_loss": -56.6896587524414, "alpha_loss": 0.019717138454318047, "alpha_value": 0.026649982631206513, "duration": 93.05272269248962, "step": 32500}
{"episode_reward": 290.3837110312515, "episode": 131.0, "batch_reward": 0.5852527005672454, "critic_loss": 3.6130975875854494, "actor_loss": -57.15217770385742, "alpha_loss": 0.019312882591038943, "alpha_value": 0.026520150005817412, "duration": 93.60556530952454, "step": 32750}
{"episode_reward": 310.671750823327, "episode": 132.0, "batch_reward": 0.597104828119278, "critic_loss": 3.7654771451950073, "actor_loss": -57.76251351928711, "alpha_loss": 0.015171616756357252, "alpha_value": 0.026406140834093095, "duration": 92.80378341674805, "step": 33000}
{"episode_reward": 286.1378301392156, "episode": 133.0, "batch_reward": 0.5940878887176514, "critic_loss": 3.742599221229553, "actor_loss": -58.2504306640625, "alpha_loss": 0.014655551459640264, "alpha_value": 0.026291093990206717, "duration": 92.27835297584534, "step": 33250}
{"episode_reward": 303.1407780929562, "episode": 134.0, "batch_reward": 0.5983174339532852, "critic_loss": 3.6827022905349733, "actor_loss": -58.73175332641602, "alpha_loss": 0.011572807541117072, "alpha_value": 0.026203356489539146, "duration": 92.4525854587555, "step": 33500}
{"episode_reward": 341.02128339547875, "episode": 135.0, "batch_reward": 0.6135634350776672, "critic_loss": 3.9692480392456053, "actor_loss": -59.418133026123044, "alpha_loss": 0.010919763467274607, "alpha_value": 0.02609803618490696, "duration": 92.53638434410095, "step": 33750}
{"episode_reward": 283.87856108095264, "episode": 136.0, "batch_reward": 0.6096957737207412, "critic_loss": 4.083588687896729, "actor_loss": -59.7784084777832, "alpha_loss": 0.010281389533542096, "alpha_value": 0.02600808098912239, "duration": 93.50558876991272, "step": 34000}
{"episode_reward": 314.28597929709116, "episode": 137.0, "batch_reward": 0.6262790610790253, "critic_loss": 3.844407265663147, "actor_loss": -60.321439880371095, "alpha_loss": 0.005914650643244385, "alpha_value": 0.025930549219250677, "duration": 93.76451969146729, "step": 34250}
{"episode_reward": 385.9601573683937, "episode": 138.0, "batch_reward": 0.6180797810554505, "critic_loss": 3.912887716293335, "actor_loss": -60.73517367553711, "alpha_loss": 0.0029156864304095507, "alpha_value": 0.025904631093144417, "duration": 93.56361198425293, "step": 34500}
{"episode_reward": 287.99071583025466, "episode": 139.0, "batch_reward": 0.6270837384462357, "critic_loss": 3.906153209686279, "actor_loss": -61.31363690185547, "alpha_loss": -7.072195410728454e-05, "alpha_value": 0.025890214666724205, "duration": 93.28403997421265, "step": 34750}
{"episode_reward": 270.9238254857081, "episode": 140.0, "batch_reward": 0.6247585988044739, "critic_loss": 4.190794585227966, "actor_loss": -62.020649291992186, "alpha_loss": -0.004181570531800389, "alpha_value": 0.02590636073052883, "duration": 93.3936607837677, "step": 35000}
{"episode_reward": 319.68183550051657, "episode": 141.0, "batch_reward": 0.63442697930336, "critic_loss": 4.2580286884307865, "actor_loss": -62.379683837890624, "alpha_loss": -0.001875023303553462, "alpha_value": 0.02594857428967953, "duration": 93.4261908531189, "step": 35250}
{"episode_reward": 367.2736536554566, "episode": 142.0, "batch_reward": 0.6486582596302033, "critic_loss": 4.250167353630066, "actor_loss": -63.13077410888672, "alpha_loss": -0.0073272973336279395, "alpha_value": 0.025999265015125273, "duration": 93.74020862579346, "step": 35500}
{"episode_reward": 368.39828030453816, "episode": 143.0, "batch_reward": 0.643050222158432, "critic_loss": 4.24528242111206, "actor_loss": -63.64456463623047, "alpha_loss": -0.0015339619661681354, "alpha_value": 0.02607084995508194, "duration": 93.4564106464386, "step": 35750}
{"episode_reward": 333.5128967755304, "episode": 144.0, "batch_reward": 0.6460913270711899, "critic_loss": 4.18144656085968, "actor_loss": -64.13501333618164, "alpha_loss": -0.007836323698051274, "alpha_value": 0.026104941964149475, "duration": 93.50659847259521, "step": 36000}
{"episode_reward": 292.59978378516865, "episode": 145.0, "batch_reward": 0.6565641180276871, "critic_loss": 4.346038214683532, "actor_loss": -64.61517913818359, "alpha_loss": -0.0100708985934034, "alpha_value": 0.02624825856089592, "duration": 93.34084606170654, "step": 36250}
{"episode_reward": 380.0323558517421, "episode": 146.0, "batch_reward": 0.6632874884605408, "critic_loss": 4.3426791877746584, "actor_loss": -65.03574084472656, "alpha_loss": 0.0006412917873822153, "alpha_value": 0.02630384275317192, "duration": 93.37040877342224, "step": 36500}
{"episode_reward": 320.88282335309725, "episode": 147.0, "batch_reward": 0.6732466070652008, "critic_loss": 4.479809511184692, "actor_loss": -65.6341206665039, "alpha_loss": -0.005875449298415333, "alpha_value": 0.026346337527036665, "duration": 93.96950316429138, "step": 36750}
{"episode_reward": 399.2243061568164, "episode": 148.0, "batch_reward": 0.6698529560565949, "critic_loss": 4.4154656801223755, "actor_loss": -66.139142578125, "alpha_loss": -0.010972825723700225, "alpha_value": 0.026465134277939797, "duration": 92.41543889045715, "step": 37000}
{"episode_reward": 283.91860904609473, "episode": 149.0, "batch_reward": 0.6762572909593583, "critic_loss": 4.4140210447311405, "actor_loss": -66.72245416259766, "alpha_loss": -0.007728682355023921, "alpha_value": 0.026630197688937186, "duration": 92.02416133880615, "step": 37250}
{"episode_reward": 361.59644646659723, "episode": 150.0, "batch_reward": 0.677230948805809, "critic_loss": 4.52927374458313, "actor_loss": -67.15664776611328, "alpha_loss": -0.007390735392458737, "alpha_value": 0.026745401337742804, "duration": 92.03890037536621, "step": 37500}
{"episode_reward": 286.686251310818, "episode": 151.0, "batch_reward": 0.6818748327493668, "critic_loss": 4.5239155406951905, "actor_loss": -67.73369708251953, "alpha_loss": -0.008050917195156217, "alpha_value": 0.02688323336839676, "duration": 92.04954504966736, "step": 37750}
{"episode_reward": 354.83321292770086, "episode": 152.0, "batch_reward": 0.6863674747943879, "critic_loss": 4.74141282081604, "actor_loss": -68.30465258789063, "alpha_loss": -0.011187931003049016, "alpha_value": 0.027064371794462205, "duration": 92.7502052783966, "step": 38000}
{"episode_reward": 339.2436826261776, "episode": 153.0, "batch_reward": 0.6894223437309265, "critic_loss": 4.764997804641724, "actor_loss": -68.89006604003906, "alpha_loss": -0.013611791312694549, "alpha_value": 0.027298085436224938, "duration": 93.10653853416443, "step": 38250}
{"episode_reward": 414.8381632761755, "episode": 154.0, "batch_reward": 0.6974683470726013, "critic_loss": 4.414987299919129, "actor_loss": -69.2924737548828, "alpha_loss": -0.005476408248767257, "alpha_value": 0.027484116047620775, "duration": 93.49780654907227, "step": 38500}
{"episode_reward": 302.97397751296535, "episode": 155.0, "batch_reward": 0.697774870634079, "critic_loss": 4.642249276161194, "actor_loss": -70.02747991943359, "alpha_loss": -0.008998791681602598, "alpha_value": 0.027617474108934403, "duration": 93.815354347229, "step": 38750}
{"episode_reward": 373.6667733556198, "episode": 156.0, "batch_reward": 0.7053068460226058, "critic_loss": 4.624905230522156, "actor_loss": -70.47398754882812, "alpha_loss": -0.00354286964982748, "alpha_value": 0.027739042565226555, "duration": 93.3610725402832, "step": 39000}
{"episode_reward": 350.73730119358027, "episode": 157.0, "batch_reward": 0.7046804987192153, "critic_loss": 4.410802499771118, "actor_loss": -70.97028857421876, "alpha_loss": -0.008496254550293087, "alpha_value": 0.02785814654827118, "duration": 93.71041870117188, "step": 39250}
{"episode_reward": 359.40772304614245, "episode": 158.0, "batch_reward": 0.7175286409854889, "critic_loss": 4.705881759643555, "actor_loss": -71.63599810791015, "alpha_loss": -0.012131097570993007, "alpha_value": 0.02807346823811531, "duration": 93.63932371139526, "step": 39500}
{"episode_reward": 397.50067152280354, "episode": 159.0, "batch_reward": 0.713423597574234, "critic_loss": 4.690982115745545, "actor_loss": -72.08773419189453, "alpha_loss": -0.013080630782991648, "alpha_value": 0.02836868080496788, "duration": 93.7445867061615, "step": 39750}
{"episode_reward": 380.5728161823772, "episode": 160.0, "batch_reward": 0.7214694474935531, "critic_loss": 4.764413592338562, "actor_loss": -72.53647827148437, "alpha_loss": -0.00883493240363896, "alpha_value": 0.028610204994678496, "duration": 93.67964267730713, "step": 40000}
{"episode_reward": 365.4549478277786, "episode": 161.0, "batch_reward": 0.736972272157669, "critic_loss": 4.627537062644959, "actor_loss": -73.16833270263672, "alpha_loss": -0.008695638132281601, "alpha_value": 0.028799737453460695, "duration": 163.8421881198883, "step": 40250}
{"episode_reward": 389.6442880807317, "episode": 162.0, "batch_reward": 0.732474595785141, "critic_loss": 4.92113782119751, "actor_loss": -73.67492053222657, "alpha_loss": -0.013546882235445082, "alpha_value": 0.029018733605742454, "duration": 93.38861989974976, "step": 40500}
{"episode_reward": 362.75468925818444, "episode": 163.0, "batch_reward": 0.7401463966369629, "critic_loss": 4.903977346420288, "actor_loss": -74.25252911376953, "alpha_loss": -0.010691412275657057, "alpha_value": 0.029315502032637598, "duration": 93.57213020324707, "step": 40750}
{"episode_reward": 355.77965581272156, "episode": 164.0, "batch_reward": 0.7454986398220063, "critic_loss": 5.002808205604553, "actor_loss": -74.886119140625, "alpha_loss": -0.007841628883965314, "alpha_value": 0.029497281804680826, "duration": 93.39480066299438, "step": 41000}
{"episode_reward": 309.0298852065823, "episode": 165.0, "batch_reward": 0.7518864600658417, "critic_loss": 4.866019647598266, "actor_loss": -75.39696258544922, "alpha_loss": -0.011443715017754584, "alpha_value": 0.029728194177150728, "duration": 93.31660890579224, "step": 41250}
{"episode_reward": 428.38698087066126, "episode": 166.0, "batch_reward": 0.7479136451482773, "critic_loss": 5.018299213409424, "actor_loss": -75.93070489501953, "alpha_loss": -0.01491969388909638, "alpha_value": 0.030045581459999086, "duration": 93.39070582389832, "step": 41500}
{"episode_reward": 448.32680257485237, "episode": 167.0, "batch_reward": 0.7670697572231293, "critic_loss": 4.809310089111328, "actor_loss": -76.6040835571289, "alpha_loss": -0.00970293515175581, "alpha_value": 0.030331725582480432, "duration": 93.45046138763428, "step": 41750}
{"episode_reward": 450.114136721757, "episode": 168.0, "batch_reward": 0.7643378171920776, "critic_loss": 4.743448043823242, "actor_loss": -77.07576391601563, "alpha_loss": -0.010150036368519067, "alpha_value": 0.030569928392767905, "duration": 93.6322877407074, "step": 42000}
{"episode_reward": 364.5729455237181, "episode": 169.0, "batch_reward": 0.7711876449584961, "critic_loss": 4.858305303573609, "actor_loss": -77.58161779785156, "alpha_loss": -0.010676152784377337, "alpha_value": 0.03079488679766655, "duration": 93.58669257164001, "step": 42250}
{"episode_reward": 457.1949316777817, "episode": 170.0, "batch_reward": 0.7775353453159333, "critic_loss": 5.0195966186523435, "actor_loss": -78.08319073486328, "alpha_loss": -0.015894443796016275, "alpha_value": 0.03114082983136177, "duration": 93.40782380104065, "step": 42500}
{"episode_reward": 367.27276627762757, "episode": 171.0, "batch_reward": 0.7813137805461884, "critic_loss": 5.398567516326905, "actor_loss": -78.65926727294922, "alpha_loss": -0.0095401064241305, "alpha_value": 0.03143096435070038, "duration": 93.1649100780487, "step": 42750}
{"episode_reward": 371.3341403478613, "episode": 172.0, "batch_reward": 0.7876488308906555, "critic_loss": 5.328723426818848, "actor_loss": -79.15843218994141, "alpha_loss": -0.010230337515473366, "alpha_value": 0.03166669803857804, "duration": 93.85146474838257, "step": 43000}
{"episode_reward": 369.0188030040692, "episode": 173.0, "batch_reward": 0.7934566473960877, "critic_loss": 5.528480150222778, "actor_loss": -79.87712084960937, "alpha_loss": -0.014553120850585402, "alpha_value": 0.031948841571807864, "duration": 93.96777415275574, "step": 43250}
{"episode_reward": 371.1687660885116, "episode": 174.0, "batch_reward": 0.798178109407425, "critic_loss": 5.611820039749145, "actor_loss": -80.53723559570312, "alpha_loss": -0.013880342203192413, "alpha_value": 0.032324492901563646, "duration": 93.46612644195557, "step": 43500}
{"episode_reward": 349.78790245956543, "episode": 175.0, "batch_reward": 0.7981301021575927, "critic_loss": 5.318487956047058, "actor_loss": -81.00137030029296, "alpha_loss": -0.011654806449078023, "alpha_value": 0.032638506770133975, "duration": 93.66073107719421, "step": 43750}
{"episode_reward": 406.79651203907997, "episode": 176.0, "batch_reward": 0.7959085440635681, "critic_loss": 5.435525316238404, "actor_loss": -81.3649926147461, "alpha_loss": -0.009218508836813272, "alpha_value": 0.03286385604739189, "duration": 93.63870763778687, "step": 44000}
{"episode_reward": 377.23644552066014, "episode": 177.0, "batch_reward": 0.8019806308746338, "critic_loss": 5.44263629245758, "actor_loss": -82.09832604980468, "alpha_loss": -0.008324769595637917, "alpha_value": 0.033066110223531724, "duration": 93.8283474445343, "step": 44250}
{"episode_reward": 432.4031276063062, "episode": 178.0, "batch_reward": 0.8101065673828125, "critic_loss": 5.4806939945220945, "actor_loss": -82.72942108154297, "alpha_loss": -0.0035002972166985275, "alpha_value": 0.03323629412055015, "duration": 93.59890365600586, "step": 44500}
{"episode_reward": 389.68753477469215, "episode": 179.0, "batch_reward": 0.8121049847602845, "critic_loss": 5.516416389465332, "actor_loss": -83.26004620361329, "alpha_loss": -0.008379698709584773, "alpha_value": 0.03332881808280945, "duration": 93.25566339492798, "step": 44750}
{"episode_reward": 345.33590717902985, "episode": 180.0, "batch_reward": 0.8134845442771912, "critic_loss": 5.384158255577088, "actor_loss": -83.79075170898437, "alpha_loss": -0.013495997434481979, "alpha_value": 0.03365791726112366, "duration": 93.77713060379028, "step": 45000}
{"episode_reward": 385.3627588994913, "episode": 181.0, "batch_reward": 0.8123457565307617, "critic_loss": 5.547562370300293, "actor_loss": -84.21430877685548, "alpha_loss": -0.0036851711785420775, "alpha_value": 0.03387172842025757, "duration": 93.70171308517456, "step": 45250}
{"episode_reward": 416.08383210326497, "episode": 182.0, "batch_reward": 0.8313873875141143, "critic_loss": 5.620615915298462, "actor_loss": -84.88104559326172, "alpha_loss": -0.008728598757646979, "alpha_value": 0.03403899669647217, "duration": 93.7047770023346, "step": 45500}
{"episode_reward": 318.12884928991207, "episode": 183.0, "batch_reward": 0.8350610921382904, "critic_loss": 5.574634104728699, "actor_loss": -85.32505139160156, "alpha_loss": -0.0055975541668012736, "alpha_value": 0.0342448348402977, "duration": 93.38815236091614, "step": 45750}
{"episode_reward": 409.8902834291861, "episode": 184.0, "batch_reward": 0.835611713886261, "critic_loss": 5.484465659141541, "actor_loss": -85.92506567382813, "alpha_loss": 0.00036790975648909807, "alpha_value": 0.03429335445165634, "duration": 93.66425085067749, "step": 46000}
{"episode_reward": 371.2312879093551, "episode": 185.0, "batch_reward": 0.8356371421813965, "critic_loss": 5.555771989822388, "actor_loss": -86.39796411132812, "alpha_loss": 0.0019493664689362049, "alpha_value": 0.03426668772101402, "duration": 93.40978384017944, "step": 46250}
{"episode_reward": 337.53871508312574, "episode": 186.0, "batch_reward": 0.8433968784809113, "critic_loss": 5.867413693428039, "actor_loss": -87.07097985839843, "alpha_loss": -0.0020805258601903917, "alpha_value": 0.03424807399511337, "duration": 94.32549667358398, "step": 46500}
{"episode_reward": 364.6718291084466, "episode": 187.0, "batch_reward": 0.8412152755260468, "critic_loss": 5.7812040433883665, "actor_loss": -87.56763275146484, "alpha_loss": 0.002552491744980216, "alpha_value": 0.034308895349502565, "duration": 93.4585108757019, "step": 46750}
{"episode_reward": 406.40315614510536, "episode": 188.0, "batch_reward": 0.8451254706382751, "critic_loss": 5.702616828918457, "actor_loss": -88.05019763183594, "alpha_loss": 0.0025936142494902017, "alpha_value": 0.034191909104585645, "duration": 93.4479033946991, "step": 47000}
{"episode_reward": 372.04614667367895, "episode": 189.0, "batch_reward": 0.8507248718738556, "critic_loss": 5.724537078857422, "actor_loss": -88.66877026367187, "alpha_loss": -8.429437689483166e-05, "alpha_value": 0.034177023261785504, "duration": 93.57451319694519, "step": 47250}
{"episode_reward": 447.3148734830842, "episode": 190.0, "batch_reward": 0.8544357631206513, "critic_loss": 5.913757490158081, "actor_loss": -89.2534775390625, "alpha_loss": -0.0012773642856627704, "alpha_value": 0.03417273765802383, "duration": 93.4911367893219, "step": 47500}
{"episode_reward": 450.1440956833009, "episode": 191.0, "batch_reward": 0.8667071022987366, "critic_loss": 5.9318617172241215, "actor_loss": -89.76574975585937, "alpha_loss": -0.0015448280945420266, "alpha_value": 0.0342269840836525, "duration": 93.81544184684753, "step": 47750}
{"episode_reward": 424.4103067095378, "episode": 192.0, "batch_reward": 0.8597663879394531, "critic_loss": 5.844872851371765, "actor_loss": -90.30638275146484, "alpha_loss": -0.0016388352336362004, "alpha_value": 0.03425656509399414, "duration": 93.47054243087769, "step": 48000}
{"episode_reward": 415.80103998999874, "episode": 193.0, "batch_reward": 0.8615341575145722, "critic_loss": 5.9810562486648555, "actor_loss": -90.97146063232422, "alpha_loss": -0.01114508734177798, "alpha_value": 0.034422820329666134, "duration": 93.51662707328796, "step": 48250}
{"episode_reward": 404.1398210968445, "episode": 194.0, "batch_reward": 0.8802498469352722, "critic_loss": 6.129368706703186, "actor_loss": -91.51280328369141, "alpha_loss": -0.007070769033394754, "alpha_value": 0.034726644545793536, "duration": 93.64445114135742, "step": 48500}
{"episode_reward": 428.38546611736757, "episode": 195.0, "batch_reward": 0.8830622620582581, "critic_loss": 6.01859587097168, "actor_loss": -91.99701574707031, "alpha_loss": -0.0019337066942825914, "alpha_value": 0.03490007045865059, "duration": 93.74359250068665, "step": 48750}
{"episode_reward": 441.8080676431582, "episode": 196.0, "batch_reward": 0.8768291637897492, "critic_loss": 5.924320831298828, "actor_loss": -92.61003112792969, "alpha_loss": 0.007240070695057511, "alpha_value": 0.034756416529417036, "duration": 93.38464617729187, "step": 49000}
{"episode_reward": 353.9290030337004, "episode": 197.0, "batch_reward": 0.8763549780845642, "critic_loss": 5.984292079925537, "actor_loss": -93.12042315673828, "alpha_loss": -0.00146419436391443, "alpha_value": 0.03464260223507881, "duration": 93.41069436073303, "step": 49250}
{"episode_reward": 498.53868436883135, "episode": 198.0, "batch_reward": 0.888914758682251, "critic_loss": 5.841343068122864, "actor_loss": -93.43711401367187, "alpha_loss": 0.0025553880613297226, "alpha_value": 0.0346528135240078, "duration": 93.64169311523438, "step": 49500}
{"episode_reward": 447.0103251614166, "episode": 199.0, "batch_reward": 0.8965622107982636, "critic_loss": 6.097310992240906, "actor_loss": -93.97025659179687, "alpha_loss": -0.009812114113941789, "alpha_value": 0.034783067017793656, "duration": 94.0181975364685, "step": 49750}
{"episode_reward": 414.0956651901547, "episode": 200.0, "batch_reward": 0.8982842435836792, "critic_loss": 5.946341672897339, "actor_loss": -94.51829577636718, "alpha_loss": 0.0006457365015521645, "alpha_value": 0.034900039374828336, "duration": 101.00611114501953, "step": 50000}
{"episode_reward": 419.02677293102266, "episode": 201.0, "batch_reward": 0.9109876036643982, "critic_loss": 6.207376326560974, "actor_loss": -95.01658923339843, "alpha_loss": -0.009959125995635986, "alpha_value": 0.03500549128651619, "duration": 171.0899782180786, "step": 50250}
{"episode_reward": 435.70541129013174, "episode": 202.0, "batch_reward": 0.9084024593830109, "critic_loss": 6.244014667510986, "actor_loss": -95.68645721435547, "alpha_loss": -0.0003062293194234371, "alpha_value": 0.035192713767290114, "duration": 103.38498330116272, "step": 50500}
{"episode_reward": 487.05570284215685, "episode": 203.0, "batch_reward": 0.912107848405838, "critic_loss": 6.2177465696334835, "actor_loss": -96.23448718261719, "alpha_loss": -0.005322557961568236, "alpha_value": 0.03529650691151619, "duration": 106.84849977493286, "step": 50750}
{"episode_reward": 455.44853163963353, "episode": 204.0, "batch_reward": 0.9231789133548737, "critic_loss": 6.403365249633789, "actor_loss": -96.66515258789063, "alpha_loss": 0.007214421465992928, "alpha_value": 0.035281274288892744, "duration": 107.46830248832703, "step": 51000}
{"episode_reward": 468.46257364296997, "episode": 205.0, "batch_reward": 0.9126285860538482, "critic_loss": 6.217436714172363, "actor_loss": -97.15023376464843, "alpha_loss": 0.0018714559972286223, "alpha_value": 0.0350814416706562, "duration": 107.10495138168335, "step": 51250}
{"episode_reward": 405.20454592343026, "episode": 206.0, "batch_reward": 0.9269268198013305, "critic_loss": 6.3561305809021, "actor_loss": -97.67539135742187, "alpha_loss": -0.0008335802610963583, "alpha_value": 0.035067528814077376, "duration": 107.55037808418274, "step": 51500}
{"episode_reward": 416.4221069364356, "episode": 207.0, "batch_reward": 0.9314571344852447, "critic_loss": 6.427694675445557, "actor_loss": -98.16721099853515, "alpha_loss": -0.005841033702716231, "alpha_value": 0.035232085406780245, "duration": 107.37871432304382, "step": 51750}
{"episode_reward": 404.6355745399812, "episode": 208.0, "batch_reward": 0.9341307549476624, "critic_loss": 6.369200378417969, "actor_loss": -98.67367303466797, "alpha_loss": -0.005996244859881699, "alpha_value": 0.0353947094976902, "duration": 106.74932742118835, "step": 52000}
{"episode_reward": 372.52679186466014, "episode": 209.0, "batch_reward": 0.9288361432552338, "critic_loss": 6.338686010360718, "actor_loss": -99.06108331298829, "alpha_loss": -0.0011456923093646765, "alpha_value": 0.035482198029756544, "duration": 107.10108947753906, "step": 52250}
{"episode_reward": 448.56755188899376, "episode": 210.0, "batch_reward": 0.9419926853179932, "critic_loss": 6.48662504196167, "actor_loss": -99.7692958984375, "alpha_loss": -0.0069330816334113475, "alpha_value": 0.03557253423333168, "duration": 106.85734796524048, "step": 52500}
{"episode_reward": 419.958013261059, "episode": 211.0, "batch_reward": 0.9437261910438538, "critic_loss": 6.359253254890442, "actor_loss": -100.19220593261718, "alpha_loss": -0.005004009516909718, "alpha_value": 0.035767856299877165, "duration": 106.78457498550415, "step": 52750}
{"episode_reward": 422.2078808513972, "episode": 212.0, "batch_reward": 0.9426577436923981, "critic_loss": 6.422409103393555, "actor_loss": -100.72157604980468, "alpha_loss": -0.001893235195428133, "alpha_value": 0.03589963930845261, "duration": 107.33591508865356, "step": 53000}
{"episode_reward": 433.9129300229063, "episode": 213.0, "batch_reward": 0.9406825213432312, "critic_loss": 6.358586219787598, "actor_loss": -100.96113366699218, "alpha_loss": 0.0030843425784260036, "alpha_value": 0.03581335955858231, "duration": 107.33555603027344, "step": 53250}
{"episode_reward": 387.2238440928344, "episode": 214.0, "batch_reward": 0.9500420451164245, "critic_loss": 6.537727649688721, "actor_loss": -101.52034167480468, "alpha_loss": -0.00775801389105618, "alpha_value": 0.035955956250429154, "duration": 107.16920042037964, "step": 53500}
{"episode_reward": 458.06377292942426, "episode": 215.0, "batch_reward": 0.9546456418037415, "critic_loss": 6.424120898246765, "actor_loss": -102.12809289550782, "alpha_loss": -0.003923447790555656, "alpha_value": 0.03619303426146507, "duration": 107.30302906036377, "step": 53750}
{"episode_reward": 457.40729600240763, "episode": 216.0, "batch_reward": 0.9628115792274475, "critic_loss": 6.7035308322906495, "actor_loss": -102.69611401367187, "alpha_loss": -0.004162489618174732, "alpha_value": 0.03622945508360863, "duration": 106.60114431381226, "step": 54000}
{"episode_reward": 409.914399428064, "episode": 217.0, "batch_reward": 0.9599806680679321, "critic_loss": 6.678688027381897, "actor_loss": -103.0736255493164, "alpha_loss": -0.0024950421685352923, "alpha_value": 0.0363894909620285, "duration": 107.76022291183472, "step": 54250}
{"episode_reward": 513.4915473019514, "episode": 218.0, "batch_reward": 0.9781741225719451, "critic_loss": 6.79095322227478, "actor_loss": -103.59211260986328, "alpha_loss": 0.005728569980710745, "alpha_value": 0.036341368585824964, "duration": 107.1568968296051, "step": 54500}
{"episode_reward": 405.1011974135437, "episode": 219.0, "batch_reward": 0.9820668501853943, "critic_loss": 6.5088804864883425, "actor_loss": -104.1123607788086, "alpha_loss": -0.004297318218275905, "alpha_value": 0.03625291767716408, "duration": 107.09952640533447, "step": 54750}
{"episode_reward": 432.5954886754216, "episode": 220.0, "batch_reward": 0.9757893643379212, "critic_loss": 6.578226749420166, "actor_loss": -104.5404096069336, "alpha_loss": -0.004794162691570818, "alpha_value": 0.03642196816205978, "duration": 107.48196077346802, "step": 55000}
{"episode_reward": 437.0574582062432, "episode": 221.0, "batch_reward": 0.973906061410904, "critic_loss": 6.794816921234131, "actor_loss": -105.0349619140625, "alpha_loss": -0.0018516643894836307, "alpha_value": 0.03654043799638748, "duration": 107.40061235427856, "step": 55250}
{"episode_reward": 423.0747416115043, "episode": 222.0, "batch_reward": 0.9844011716842651, "critic_loss": 6.504872514724731, "actor_loss": -105.5328598022461, "alpha_loss": 0.0036194748356938363, "alpha_value": 0.03644293105602264, "duration": 107.48580574989319, "step": 55500}
{"episode_reward": 479.7597287801694, "episode": 223.0, "batch_reward": 0.9885168385505676, "critic_loss": 6.520723223686218, "actor_loss": -105.98761853027344, "alpha_loss": -0.003482820519246161, "alpha_value": 0.03644823852181435, "duration": 106.62133359909058, "step": 55750}
{"episode_reward": 409.94359816322174, "episode": 224.0, "batch_reward": 0.9893632616996765, "critic_loss": 6.721390778541565, "actor_loss": -106.45252239990235, "alpha_loss": -0.004119918813928962, "alpha_value": 0.03658157828450203, "duration": 106.74565863609314, "step": 56000}
{"episode_reward": 392.84110918976427, "episode": 225.0, "batch_reward": 0.989930876493454, "critic_loss": 6.67333576965332, "actor_loss": -106.93602276611328, "alpha_loss": -0.0016744514200836421, "alpha_value": 0.03674039617180824, "duration": 94.78963780403137, "step": 56250}
{"episode_reward": 451.86289193337075, "episode": 226.0, "batch_reward": 0.981384027004242, "critic_loss": 6.80944455909729, "actor_loss": -107.3670760498047, "alpha_loss": -0.0017572253197431565, "alpha_value": 0.03671155354380608, "duration": 81.20856142044067, "step": 56500}
{"episode_reward": 472.57092918824276, "episode": 227.0, "batch_reward": 0.997247418642044, "critic_loss": 6.940993528366089, "actor_loss": -107.79241412353515, "alpha_loss": -0.002835936104878783, "alpha_value": 0.036768773376941684, "duration": 80.59736657142639, "step": 56750}
{"episode_reward": 477.8398792000347, "episode": 228.0, "batch_reward": 1.0076252374649048, "critic_loss": 6.710050638198853, "actor_loss": -108.26256439208984, "alpha_loss": -0.006750971017405391, "alpha_value": 0.03691552808880806, "duration": 80.98582553863525, "step": 57000}
{"episode_reward": 476.8840202135022, "episode": 229.0, "batch_reward": 1.0051359112262725, "critic_loss": 7.129382329940796, "actor_loss": -108.61216741943359, "alpha_loss": -0.00482878965139389, "alpha_value": 0.03709237229824066, "duration": 80.26083970069885, "step": 57250}
{"episode_reward": 428.49855975119704, "episode": 230.0, "batch_reward": 1.0088941819667816, "critic_loss": 6.842041839599609, "actor_loss": -109.04489093017578, "alpha_loss": -0.00026061736419796946, "alpha_value": 0.03719664630293846, "duration": 80.26115131378174, "step": 57500}
{"episode_reward": 492.98560502938926, "episode": 231.0, "batch_reward": 1.0138853387832643, "critic_loss": 6.976183488845825, "actor_loss": -109.60795977783204, "alpha_loss": -0.009583300078287721, "alpha_value": 0.037368541419506074, "duration": 80.63416337966919, "step": 57750}
{"episode_reward": 444.10812290960297, "episode": 232.0, "batch_reward": 1.0074517047405243, "critic_loss": 6.819164401054382, "actor_loss": -109.84097985839844, "alpha_loss": 0.006009216940030456, "alpha_value": 0.037490563690662386, "duration": 80.42195153236389, "step": 58000}
{"episode_reward": 447.6549074578575, "episode": 233.0, "batch_reward": 1.019589849472046, "critic_loss": 6.5602427711486815, "actor_loss": -110.37213879394531, "alpha_loss": -0.003469031047075987, "alpha_value": 0.03737005513906479, "duration": 80.63081884384155, "step": 58250}
{"episode_reward": 445.8637877348196, "episode": 234.0, "batch_reward": 1.021515074491501, "critic_loss": 6.908598800659179, "actor_loss": -110.74959722900391, "alpha_loss": 0.0017960162851959466, "alpha_value": 0.037422570526599884, "duration": 81.31403255462646, "step": 58500}
{"episode_reward": 450.71738572796795, "episode": 235.0, "batch_reward": 1.0291981513500215, "critic_loss": 6.788758394241333, "actor_loss": -111.20246343994141, "alpha_loss": 0.0015885314913466572, "alpha_value": 0.03738118532299996, "duration": 81.04768228530884, "step": 58750}
{"episode_reward": 428.2543650643556, "episode": 236.0, "batch_reward": 1.0294978749752044, "critic_loss": 6.654136501312256, "actor_loss": -111.68957586669922, "alpha_loss": -0.0018829823723062872, "alpha_value": 0.03735372489690781, "duration": 80.92761445045471, "step": 59000}
{"episode_reward": 340.84499950816434, "episode": 237.0, "batch_reward": 1.0376576805114746, "critic_loss": 6.82913907623291, "actor_loss": -112.12451501464844, "alpha_loss": 0.0003209643037989736, "alpha_value": 0.0373926008939743, "duration": 81.02360606193542, "step": 59250}
{"episode_reward": 485.66134786718595, "episode": 238.0, "batch_reward": 1.035925410270691, "critic_loss": 7.049394536972046, "actor_loss": -112.61127252197265, "alpha_loss": -0.007919129323214293, "alpha_value": 0.0374889377951622, "duration": 81.06594038009644, "step": 59500}
{"episode_reward": 485.65074823240246, "episode": 239.0, "batch_reward": 1.0349058768749237, "critic_loss": 6.858046157836914, "actor_loss": -113.00971789550782, "alpha_loss": -0.0012240819483995437, "alpha_value": 0.03762682819366455, "duration": 80.9418694972992, "step": 59750}
{"episode_reward": 553.4553876759888, "episode": 240.0, "batch_reward": 1.0514818434715272, "critic_loss": 6.976596948623658, "actor_loss": -113.46449426269531, "alpha_loss": -0.0034435516195371746, "alpha_value": 0.03771038720011711, "duration": 80.85223507881165, "step": 60000}
{"episode_reward": 417.9356958686761, "episode": 241.0, "batch_reward": 1.053865627527237, "critic_loss": 7.066671083450317, "actor_loss": -113.91492846679688, "alpha_loss": 0.00011259271390736102, "alpha_value": 0.03779141762852669, "duration": 149.47196674346924, "step": 60250}
{"episode_reward": 394.3638664617685, "episode": 242.0, "batch_reward": 1.052385080575943, "critic_loss": 7.035883560180664, "actor_loss": -114.38643627929687, "alpha_loss": -0.002093451473861933, "alpha_value": 0.03778306767344475, "duration": 80.89497804641724, "step": 60500}
{"episode_reward": 432.46460038654453, "episode": 243.0, "batch_reward": 1.0442989389896393, "critic_loss": 7.032346663475036, "actor_loss": -114.81683361816407, "alpha_loss": 0.0026496388399973514, "alpha_value": 0.03779804995656014, "duration": 80.91434073448181, "step": 60750}
{"episode_reward": 443.2665273891749, "episode": 244.0, "batch_reward": 1.0630958049297332, "critic_loss": 7.0568657398223875, "actor_loss": -115.27559478759765, "alpha_loss": -0.0016251537594944238, "alpha_value": 0.037768619269132615, "duration": 80.89004731178284, "step": 61000}
{"episode_reward": 502.456144056573, "episode": 245.0, "batch_reward": 1.0578725078105926, "critic_loss": 6.904392610549927, "actor_loss": -115.62378338623047, "alpha_loss": -0.004667485235258937, "alpha_value": 0.03783709034323692, "duration": 81.10187649726868, "step": 61250}
{"episode_reward": 462.93837301277404, "episode": 246.0, "batch_reward": 1.0692269062995912, "critic_loss": 6.966027738571167, "actor_loss": -116.03479486083984, "alpha_loss": -0.0036691705640405415, "alpha_value": 0.038030771255493166, "duration": 85.26760601997375, "step": 61500}
{"episode_reward": 511.75687805896393, "episode": 247.0, "batch_reward": 1.061812159538269, "critic_loss": 6.885742600440979, "actor_loss": -116.39834948730469, "alpha_loss": 0.005261920959688723, "alpha_value": 0.037921455085277556, "duration": 93.64826250076294, "step": 61750}
{"episode_reward": 502.6733443938342, "episode": 248.0, "batch_reward": 1.0629100646972656, "critic_loss": 7.079868688583374, "actor_loss": -116.8147742919922, "alpha_loss": -0.00023261676682159304, "alpha_value": 0.03793755730986595, "duration": 93.54494333267212, "step": 62000}
{"episode_reward": 402.3679298362263, "episode": 249.0, "batch_reward": 1.077304135799408, "critic_loss": 6.876825054168701, "actor_loss": -117.3630675048828, "alpha_loss": 0.002162595831789076, "alpha_value": 0.03783638671040535, "duration": 94.01301503181458, "step": 62250}
{"episode_reward": 469.080546267784, "episode": 250.0, "batch_reward": 1.0821616010665893, "critic_loss": 6.7143271541595455, "actor_loss": -117.79257012939453, "alpha_loss": 0.006691297864541411, "alpha_value": 0.03772848653793335, "duration": 93.85927939414978, "step": 62500}
{"episode_reward": 491.36750180506056, "episode": 251.0, "batch_reward": 1.094965620994568, "critic_loss": 6.843949007034301, "actor_loss": -118.20833770751953, "alpha_loss": 0.005057949430309236, "alpha_value": 0.03753319779038429, "duration": 93.72669053077698, "step": 62750}
{"episode_reward": 414.2563974673145, "episode": 252.0, "batch_reward": 1.0671255950927734, "critic_loss": 6.842278341293335, "actor_loss": -118.56627990722656, "alpha_loss": 9.534238930791617e-05, "alpha_value": 0.03748637095093727, "duration": 93.79988884925842, "step": 63000}
{"episode_reward": 452.0004704530858, "episode": 253.0, "batch_reward": 1.07904900097847, "critic_loss": 6.894070066452026, "actor_loss": -118.9058533935547, "alpha_loss": 0.0005996344219893217, "alpha_value": 0.037433477401733396, "duration": 93.8865487575531, "step": 63250}
{"episode_reward": 433.34905719241146, "episode": 254.0, "batch_reward": 1.0784079160690307, "critic_loss": 6.7496889801025395, "actor_loss": -119.34357409667969, "alpha_loss": 0.004870103181339801, "alpha_value": 0.03738827514648437, "duration": 93.90617942810059, "step": 63500}
{"episode_reward": 426.09375814049923, "episode": 255.0, "batch_reward": 1.0992441999912261, "critic_loss": 7.022612976074218, "actor_loss": -119.64012939453124, "alpha_loss": 0.001177708439528942, "alpha_value": 0.03720940539240837, "duration": 93.95944333076477, "step": 63750}
{"episode_reward": 494.05842043038706, "episode": 256.0, "batch_reward": 1.0742243297100067, "critic_loss": 6.831758535385132, "actor_loss": -120.04187145996094, "alpha_loss": -0.013973789519630372, "alpha_value": 0.03743274706602097, "duration": 94.02455067634583, "step": 64000}
{"episode_reward": 489.9172992904202, "episode": 257.0, "batch_reward": 1.102410560131073, "critic_loss": 6.607647043228149, "actor_loss": -120.6466089477539, "alpha_loss": -0.006054033040069044, "alpha_value": 0.03777266716957092, "duration": 94.23422765731812, "step": 64250}
{"episode_reward": 495.5685255537939, "episode": 258.0, "batch_reward": 1.0863119022846222, "critic_loss": 6.912948896408081, "actor_loss": -120.90856921386718, "alpha_loss": -0.00428938757441938, "alpha_value": 0.03788081482052803, "duration": 94.00872874259949, "step": 64500}
{"episode_reward": 479.9316307857699, "episode": 259.0, "batch_reward": 1.1059282402992248, "critic_loss": 6.885128664016723, "actor_loss": -121.32563861083985, "alpha_loss": -0.0029816679675132036, "alpha_value": 0.038061908036470415, "duration": 93.92507600784302, "step": 64750}
{"episode_reward": 448.8167542898892, "episode": 260.0, "batch_reward": 1.0943901374340057, "critic_loss": 6.962864048004151, "actor_loss": -121.7650756225586, "alpha_loss": 0.0012426663981750608, "alpha_value": 0.03807185566425324, "duration": 94.06037878990173, "step": 65000}
{"episode_reward": 509.0869524269778, "episode": 261.0, "batch_reward": 1.1167639372348785, "critic_loss": 6.954477271080017, "actor_loss": -122.13803411865234, "alpha_loss": -0.004492515318095684, "alpha_value": 0.038114887297153476, "duration": 93.76014184951782, "step": 65250}
{"episode_reward": 516.9538392094339, "episode": 262.0, "batch_reward": 1.1078017003536225, "critic_loss": 6.788334733009338, "actor_loss": -122.6994468383789, "alpha_loss": -0.0030948642510920765, "alpha_value": 0.0381902534365654, "duration": 93.68967771530151, "step": 65500}
{"episode_reward": 489.2848192674699, "episode": 263.0, "batch_reward": 1.1185635974407195, "critic_loss": 7.33251100730896, "actor_loss": -123.04493157958984, "alpha_loss": -0.0016687809191644192, "alpha_value": 0.03827643379569054, "duration": 93.41314935684204, "step": 65750}
{"episode_reward": 537.2321559806314, "episode": 264.0, "batch_reward": 1.1245879905223846, "critic_loss": 6.965875551223755, "actor_loss": -123.45682366943359, "alpha_loss": -0.00047672174498438835, "alpha_value": 0.0383027608692646, "duration": 93.89515542984009, "step": 66000}
{"episode_reward": 515.5285942344187, "episode": 265.0, "batch_reward": 1.1264025537967681, "critic_loss": 7.169712890625, "actor_loss": -123.81705712890626, "alpha_loss": 0.0014084666939452291, "alpha_value": 0.038374141484498976, "duration": 93.73554229736328, "step": 66250}
{"episode_reward": 520.0940280330265, "episode": 266.0, "batch_reward": 1.1255239553451537, "critic_loss": 6.962363997459412, "actor_loss": -124.24852648925781, "alpha_loss": 0.003312454728409648, "alpha_value": 0.03826476204395294, "duration": 94.0197365283966, "step": 66500}
{"episode_reward": 496.4723599640774, "episode": 267.0, "batch_reward": 1.1330329916477204, "critic_loss": 6.790143404006958, "actor_loss": -124.66513116455079, "alpha_loss": 0.00020853023231029512, "alpha_value": 0.03818644306063652, "duration": 93.79383563995361, "step": 66750}
{"episode_reward": 488.36650063307485, "episode": 268.0, "batch_reward": 1.1309472234249116, "critic_loss": 6.843855672836304, "actor_loss": -125.00924987792969, "alpha_loss": -0.0031329518146812918, "alpha_value": 0.038240315914154055, "duration": 93.9306423664093, "step": 67000}
{"episode_reward": 509.6404902081484, "episode": 269.0, "batch_reward": 1.1282854750156404, "critic_loss": 6.724575956344604, "actor_loss": -125.27241162109375, "alpha_loss": 6.5726246684789655e-06, "alpha_value": 0.03830180287361145, "duration": 93.67789578437805, "step": 67250}
{"episode_reward": 584.0366162472218, "episode": 270.0, "batch_reward": 1.1342660005092622, "critic_loss": 6.924055709838867, "actor_loss": -125.77026641845703, "alpha_loss": 0.0029362157098948957, "alpha_value": 0.0382112794816494, "duration": 93.95274591445923, "step": 67500}
{"episode_reward": 486.42322069400353, "episode": 271.0, "batch_reward": 1.1404927384853363, "critic_loss": 6.9912677650451664, "actor_loss": -126.08610595703125, "alpha_loss": -0.0047236787136644125, "alpha_value": 0.03830437970161438, "duration": 93.86447405815125, "step": 67750}
{"episode_reward": 454.61648143886777, "episode": 272.0, "batch_reward": 1.1518538961410523, "critic_loss": 7.197438537597656, "actor_loss": -126.4970689086914, "alpha_loss": -0.009711234301328659, "alpha_value": 0.03852996131777763, "duration": 93.85647416114807, "step": 68000}
{"episode_reward": 560.1671207614671, "episode": 273.0, "batch_reward": 1.1501727097034455, "critic_loss": 7.141932710647583, "actor_loss": -126.82752545166015, "alpha_loss": -0.011239548534154892, "alpha_value": 0.03881674227118492, "duration": 93.66043615341187, "step": 68250}
{"episode_reward": 507.02358661435255, "episode": 274.0, "batch_reward": 1.153305513381958, "critic_loss": 7.193012125015259, "actor_loss": -127.27073303222656, "alpha_loss": -8.449659030884504e-05, "alpha_value": 0.03900280103087425, "duration": 93.78806447982788, "step": 68500}
{"episode_reward": 610.6918455440599, "episode": 275.0, "batch_reward": 1.1550555067062378, "critic_loss": 7.060889852523804, "actor_loss": -127.79677416992187, "alpha_loss": -0.0074173651849851014, "alpha_value": 0.03911518087983131, "duration": 93.70760679244995, "step": 68750}
{"episode_reward": 577.3002696297107, "episode": 276.0, "batch_reward": 1.163223245382309, "critic_loss": 7.111556739807129, "actor_loss": -127.98701794433593, "alpha_loss": -0.004899717777967453, "alpha_value": 0.03934473279118538, "duration": 93.89744830131531, "step": 69000}
{"episode_reward": 483.7306929395347, "episode": 277.0, "batch_reward": 1.1708973751068115, "critic_loss": 7.12998192024231, "actor_loss": -128.48680224609376, "alpha_loss": -0.0023153132423758506, "alpha_value": 0.03944105705618858, "duration": 93.70543694496155, "step": 69250}
{"episode_reward": 456.2860289326974, "episode": 278.0, "batch_reward": 1.1717126896381378, "critic_loss": 7.303840181350708, "actor_loss": -128.8659330444336, "alpha_loss": -0.007644801314920187, "alpha_value": 0.03960029080510139, "duration": 93.97939014434814, "step": 69500}
{"episode_reward": 538.0613026809538, "episode": 279.0, "batch_reward": 1.1634672040939331, "critic_loss": 7.456716062545777, "actor_loss": -129.1837249145508, "alpha_loss": -0.003850684876553714, "alpha_value": 0.03977428230643272, "duration": 93.75906157493591, "step": 69750}
{"episode_reward": 474.2379024500074, "episode": 280.0, "batch_reward": 1.1628243997097016, "critic_loss": 7.4125614356994625, "actor_loss": -129.6454400024414, "alpha_loss": -0.004035956175997854, "alpha_value": 0.03989411753416061, "duration": 93.75862622261047, "step": 70000}
{"episode_reward": 504.92679435372816, "episode": 281.0, "batch_reward": 1.1881737384796143, "critic_loss": 7.151300973892212, "actor_loss": -130.10660681152345, "alpha_loss": -0.004829975139349699, "alpha_value": 0.04005349436402321, "duration": 162.5000720024109, "step": 70250}
{"episode_reward": 540.3537989944818, "episode": 282.0, "batch_reward": 1.1788604848384858, "critic_loss": 7.600679508209229, "actor_loss": -130.39236584472656, "alpha_loss": -0.013452871199697257, "alpha_value": 0.04030805802345276, "duration": 93.77706098556519, "step": 70500}
{"episode_reward": 589.7018449142005, "episode": 283.0, "batch_reward": 1.1834865067005158, "critic_loss": 7.53250080871582, "actor_loss": -130.7371219482422, "alpha_loss": 0.0003220368176698685, "alpha_value": 0.04054599300026893, "duration": 93.79005193710327, "step": 70750}
{"episode_reward": 461.42265258845106, "episode": 284.0, "batch_reward": 1.1865482268333436, "critic_loss": 7.779856210708618, "actor_loss": -131.14491674804688, "alpha_loss": -0.007032421095296741, "alpha_value": 0.04061358547210693, "duration": 93.64167666435242, "step": 71000}
{"episode_reward": 576.253630980549, "episode": 285.0, "batch_reward": 1.1914728872776033, "critic_loss": 7.97529319190979, "actor_loss": -131.5318836669922, "alpha_loss": -0.009616453308612109, "alpha_value": 0.040905000746250156, "duration": 93.70679426193237, "step": 71250}
{"episode_reward": 548.290864777757, "episode": 286.0, "batch_reward": 1.18951389670372, "critic_loss": 7.970542266845703, "actor_loss": -131.75932116699218, "alpha_loss": -0.006645123339258135, "alpha_value": 0.04112552297115326, "duration": 93.90341067314148, "step": 71500}
{"episode_reward": 473.27373353034466, "episode": 287.0, "batch_reward": 1.200274810552597, "critic_loss": 7.604025905609131, "actor_loss": -132.28770190429688, "alpha_loss": -0.0077820945102721455, "alpha_value": 0.04133011624217033, "duration": 93.90375542640686, "step": 71750}
{"episode_reward": 491.76419088258376, "episode": 288.0, "batch_reward": 1.205237226009369, "critic_loss": 8.12286808013916, "actor_loss": -132.73900170898438, "alpha_loss": -0.009172327884472907, "alpha_value": 0.04164627152681351, "duration": 93.80427122116089, "step": 72000}
{"episode_reward": 547.3796132216622, "episode": 289.0, "batch_reward": 1.2043573830127716, "critic_loss": 7.797630926132202, "actor_loss": -133.1286162109375, "alpha_loss": -0.008850310135632753, "alpha_value": 0.04190798044204712, "duration": 93.85371041297913, "step": 72250}
{"episode_reward": 517.6410864135158, "episode": 290.0, "batch_reward": 1.2116670327186585, "critic_loss": 7.929254083633423, "actor_loss": -133.63870495605468, "alpha_loss": -0.004754026958718896, "alpha_value": 0.042126778274774554, "duration": 93.7936737537384, "step": 72500}
{"episode_reward": 490.20159124236284, "episode": 291.0, "batch_reward": 1.2115357327461242, "critic_loss": 8.14424507522583, "actor_loss": -133.96738159179688, "alpha_loss": -0.005594095936045051, "alpha_value": 0.04225257378816605, "duration": 93.7624979019165, "step": 72750}
{"episode_reward": 511.9816370283781, "episode": 292.0, "batch_reward": 1.1927602624893188, "critic_loss": 7.9865990791320804, "actor_loss": -134.23831652832033, "alpha_loss": -0.006431755682453513, "alpha_value": 0.042434339582920075, "duration": 93.90279793739319, "step": 73000}
{"episode_reward": 520.8089284953842, "episode": 293.0, "batch_reward": 1.2177339911460876, "critic_loss": 8.077218658447265, "actor_loss": -134.65891040039062, "alpha_loss": -0.007999979574233294, "alpha_value": 0.04270440250635147, "duration": 93.69045948982239, "step": 73250}
{"episode_reward": 509.11491033825274, "episode": 294.0, "batch_reward": 1.2114286773204803, "critic_loss": 7.839636701583863, "actor_loss": -135.00271264648438, "alpha_loss": -0.008045722234994173, "alpha_value": 0.0429535796046257, "duration": 93.70600914955139, "step": 73500}
{"episode_reward": 591.6829726244164, "episode": 295.0, "batch_reward": 1.2267853298187257, "critic_loss": 7.787833774566651, "actor_loss": -135.47170971679688, "alpha_loss": -0.009806463376618921, "alpha_value": 0.043286573827266694, "duration": 93.94463157653809, "step": 73750}
{"episode_reward": 519.366352610389, "episode": 296.0, "batch_reward": 1.2358591666221619, "critic_loss": 8.214739381790162, "actor_loss": -136.1091865234375, "alpha_loss": -0.003827773280441761, "alpha_value": 0.04341518861055374, "duration": 93.75727033615112, "step": 74000}
{"episode_reward": 611.0344660122802, "episode": 297.0, "batch_reward": 1.2281869497299194, "critic_loss": 8.626072004318237, "actor_loss": -136.47350158691407, "alpha_loss": -0.012354016182944178, "alpha_value": 0.0436781801879406, "duration": 94.04580950737, "step": 74250}
{"episode_reward": 510.9205385929596, "episode": 298.0, "batch_reward": 1.2358115034103394, "critic_loss": 8.324167810440063, "actor_loss": -136.934134765625, "alpha_loss": -0.005913244217634201, "alpha_value": 0.043988897860050204, "duration": 93.65482234954834, "step": 74500}
{"episode_reward": 502.8877485133009, "episode": 299.0, "batch_reward": 1.2338571758270265, "critic_loss": 8.161524150848388, "actor_loss": -137.2248221435547, "alpha_loss": -0.0016526668649166822, "alpha_value": 0.044073545038700104, "duration": 93.76357364654541, "step": 74750}
{"episode_reward": 568.1053179298647, "episode": 300.0, "batch_reward": 1.2390090668201446, "critic_loss": 8.551331260681152, "actor_loss": -137.63040148925782, "alpha_loss": -0.005741491761058569, "alpha_value": 0.04418232187628746, "duration": 94.02737474441528, "step": 75000}
{"episode_reward": 566.8727146097449, "episode": 301.0, "batch_reward": 1.2482577347755432, "critic_loss": 8.513844795227051, "actor_loss": -138.26160620117187, "alpha_loss": -0.009766749408096074, "alpha_value": 0.044476969689130785, "duration": 93.84127354621887, "step": 75250}
{"episode_reward": 613.7928278247639, "episode": 302.0, "batch_reward": 1.241322631597519, "critic_loss": 8.392156261444091, "actor_loss": -138.64205834960939, "alpha_loss": -0.009129806783050299, "alpha_value": 0.04476809877157211, "duration": 93.86209869384766, "step": 75500}
{"episode_reward": 547.3195763057345, "episode": 303.0, "batch_reward": 1.247087539434433, "critic_loss": 8.482288982391358, "actor_loss": -139.02298815917968, "alpha_loss": -0.0074455244624987245, "alpha_value": 0.045043311268091205, "duration": 94.05121636390686, "step": 75750}
{"episode_reward": 517.5467740386667, "episode": 304.0, "batch_reward": 1.2603583767414093, "critic_loss": 8.238786096572875, "actor_loss": -139.4869093017578, "alpha_loss": -0.006317635060288012, "alpha_value": 0.04526856854557991, "duration": 93.74603009223938, "step": 76000}
{"episode_reward": 491.5439870340858, "episode": 305.0, "batch_reward": 1.2605728225708008, "critic_loss": 8.266295259475708, "actor_loss": -139.9485471191406, "alpha_loss": -0.006666282935068012, "alpha_value": 0.04548187437653541, "duration": 93.97909116744995, "step": 76250}
{"episode_reward": 635.6156444089762, "episode": 306.0, "batch_reward": 1.2417161774635315, "critic_loss": 8.405423847198486, "actor_loss": -140.20829272460938, "alpha_loss": 0.012339648121036589, "alpha_value": 0.045380311131477356, "duration": 93.67235350608826, "step": 76500}
{"episode_reward": 511.7398362474944, "episode": 307.0, "batch_reward": 1.2671860508918762, "critic_loss": 8.623801807403565, "actor_loss": -140.662814453125, "alpha_loss": -0.004126075901091099, "alpha_value": 0.04523635590076446, "duration": 93.79952669143677, "step": 76750}
{"episode_reward": 493.0075946655127, "episode": 308.0, "batch_reward": 1.253476547241211, "critic_loss": 8.506615608215332, "actor_loss": -141.07830529785156, "alpha_loss": -0.007457397229969501, "alpha_value": 0.04542130669951439, "duration": 93.79072666168213, "step": 77000}
{"episode_reward": 588.7140017288552, "episode": 309.0, "batch_reward": 1.2748553440570831, "critic_loss": 8.603154264450072, "actor_loss": -141.59931860351563, "alpha_loss": -0.008555205080658197, "alpha_value": 0.04568980088829994, "duration": 93.73507976531982, "step": 77250}
{"episode_reward": 550.244346941467, "episode": 310.0, "batch_reward": 1.2544125349521638, "critic_loss": 9.076396049499511, "actor_loss": -141.72970166015625, "alpha_loss": -0.004857619566842913, "alpha_value": 0.04592264303565025, "duration": 94.00893950462341, "step": 77500}
{"episode_reward": 588.90847744864, "episode": 311.0, "batch_reward": 1.2877703914642333, "critic_loss": 8.876232273101806, "actor_loss": -142.42032360839843, "alpha_loss": -0.008311655897647142, "alpha_value": 0.046085666447877885, "duration": 93.7239134311676, "step": 77750}
{"episode_reward": 585.6842713243599, "episode": 312.0, "batch_reward": 1.2672420055866243, "critic_loss": 8.718273876190185, "actor_loss": -142.78917163085939, "alpha_loss": -0.008702568225562573, "alpha_value": 0.04638319346308708, "duration": 94.16884970664978, "step": 78000}
{"episode_reward": 614.0172313798648, "episode": 313.0, "batch_reward": 1.280390464067459, "critic_loss": 8.524928009033204, "actor_loss": -143.27888342285155, "alpha_loss": -0.006176382785663009, "alpha_value": 0.04658357140421868, "duration": 93.68672752380371, "step": 78250}
{"episode_reward": 466.13306290859015, "episode": 314.0, "batch_reward": 1.2903150305747986, "critic_loss": 8.721541868209838, "actor_loss": -143.6783399658203, "alpha_loss": -0.010150908937677741, "alpha_value": 0.046833725184202195, "duration": 94.10143852233887, "step": 78500}
{"episode_reward": 540.8838570766067, "episode": 315.0, "batch_reward": 1.2719134809970856, "critic_loss": 8.976037740707397, "actor_loss": -144.14463122558593, "alpha_loss": -0.00885753109306097, "alpha_value": 0.0471201049387455, "duration": 93.9031879901886, "step": 78750}
{"episode_reward": 583.1136603032784, "episode": 316.0, "batch_reward": 1.2854390354156495, "critic_loss": 9.06028529548645, "actor_loss": -144.51841564941407, "alpha_loss": -0.009313167165964841, "alpha_value": 0.047402577757835386, "duration": 93.81059885025024, "step": 79000}
{"episode_reward": 491.09743525365565, "episode": 317.0, "batch_reward": 1.306635238647461, "critic_loss": 9.083257810592652, "actor_loss": -145.0512722167969, "alpha_loss": -0.009159871181473135, "alpha_value": 0.0476724908053875, "duration": 94.00334906578064, "step": 79250}
{"episode_reward": 552.5187280761247, "episode": 318.0, "batch_reward": 1.2825725026130677, "critic_loss": 9.137566299438477, "actor_loss": -145.39650610351563, "alpha_loss": 0.0027078899126499892, "alpha_value": 0.04778914177417755, "duration": 93.82903957366943, "step": 79500}
{"episode_reward": 399.57920731304705, "episode": 319.0, "batch_reward": 1.2777090892791747, "critic_loss": 9.281349073410034, "actor_loss": -145.83448193359374, "alpha_loss": -0.005420540241524577, "alpha_value": 0.04778059670329094, "duration": 93.94019317626953, "step": 79750}
{"episode_reward": 609.7205456242131, "episode": 320.0, "batch_reward": 1.2900367097854615, "critic_loss": 9.133388879776001, "actor_loss": -146.1993195800781, "alpha_loss": -0.00429316359013319, "alpha_value": 0.047960016638040545, "duration": 93.68726229667664, "step": 80000}
