{"episode_reward": 0.0, "episode": 1.0, "duration": 18.10500478744507, "step": 250}
{"episode_reward": 31.0, "episode": 2.0, "duration": 0.6042025089263916, "step": 500}
{"episode_reward": 41.0, "episode": 3.0, "duration": 0.600736141204834, "step": 750}
{"episode_reward": 38.0, "episode": 4.0, "duration": 0.5960118770599365, "step": 1000}
{"episode_reward": 22.0, "episode": 5.0, "batch_reward": 0.12947232786228982, "critic_loss": 1.0360221250014032, "actor_loss": -1.4509908593528211, "alpha_loss": 0.31043531011219977, "alpha_value": 0.09468485853797176, "duration": 459.01958894729614, "step": 1250}
{"episode_reward": 28.0, "episode": 6.0, "batch_reward": 0.136125, "critic_loss": 1.8832310909628869, "actor_loss": -2.646102975845337, "alpha_loss": 0.2755975122451782, "alpha_value": 0.0891966542005539, "duration": 90.07644557952881, "step": 1500}
{"episode_reward": 54.0, "episode": 7.0, "batch_reward": 0.13915625, "critic_loss": 2.214369362235069, "actor_loss": -2.7894714756011965, "alpha_loss": 0.2658373808860779, "alpha_value": 0.08820284521579742, "duration": 90.56182193756104, "step": 1750}
{"episode_reward": 17.0, "episode": 8.0, "batch_reward": 0.173, "critic_loss": 2.193755238413811, "actor_loss": -3.017112762451172, "alpha_loss": 0.24882040655612944, "alpha_value": 0.08724095714092255, "duration": 90.21482586860657, "step": 2000}
{"episode_reward": 167.0, "episode": 9.0, "batch_reward": 0.21040625, "critic_loss": 2.8008285763263703, "actor_loss": -3.245777421951294, "alpha_loss": 0.21577316975593566, "alpha_value": 0.08637027025222778, "duration": 89.73533177375793, "step": 2250}
{"episode_reward": 90.0, "episode": 10.0, "batch_reward": 0.2105625, "critic_loss": 3.3210927109718322, "actor_loss": -3.5072230892181397, "alpha_loss": 0.1952238848209381, "alpha_value": 0.08558195859193801, "duration": 89.64779591560364, "step": 2500}
{"episode_reward": 24.0, "episode": 11.0, "batch_reward": 0.2253125, "critic_loss": 3.985681252002716, "actor_loss": -3.8499502182006835, "alpha_loss": 0.1735829889178276, "alpha_value": 0.08485580432415009, "duration": 89.68489336967468, "step": 2750}
{"episode_reward": 263.0, "episode": 12.0, "batch_reward": 0.2960625, "critic_loss": 4.966738073825836, "actor_loss": -4.459356031417847, "alpha_loss": 0.15183204048871993, "alpha_value": 0.08419869071245194, "duration": 89.5550947189331, "step": 3000}
{"episode_reward": 115.0, "episode": 13.0, "batch_reward": 0.30125, "critic_loss": 5.28227578163147, "actor_loss": -4.980033935546875, "alpha_loss": 0.14830042350292205, "alpha_value": 0.08355403292179107, "duration": 89.74448561668396, "step": 3250}
{"episode_reward": 199.0, "episode": 14.0, "batch_reward": 0.33546875, "critic_loss": 6.12145058631897, "actor_loss": -5.578411243438721, "alpha_loss": 0.1255019711256027, "alpha_value": 0.08295556163787841, "duration": 89.70525741577148, "step": 3500}
{"episode_reward": 74.0, "episode": 15.0, "batch_reward": 0.3459375, "critic_loss": 6.660669384002685, "actor_loss": -6.385247592926025, "alpha_loss": 0.11213714408874512, "alpha_value": 0.0824018348455429, "duration": 90.19750475883484, "step": 3750}
{"episode_reward": 314.0, "episode": 16.0, "batch_reward": 0.3898125, "critic_loss": 7.534922822952271, "actor_loss": -7.233236541748047, "alpha_loss": 0.09722505894303322, "alpha_value": 0.0819123792052269, "duration": 90.7425434589386, "step": 4000}
{"episode_reward": 0.0, "episode": 17.0, "batch_reward": 0.34925, "critic_loss": 7.301017362594605, "actor_loss": -7.844630058288574, "alpha_loss": 0.09469642773270608, "alpha_value": 0.08141831296682357, "duration": 90.58504676818848, "step": 4250}
{"episode_reward": 14.0, "episode": 18.0, "batch_reward": 0.3415625, "critic_loss": 7.806199518203735, "actor_loss": -8.753781162261962, "alpha_loss": 0.08058054178953171, "alpha_value": 0.08095426672697068, "duration": 90.70766067504883, "step": 4500}
{"episode_reward": 34.0, "episode": 19.0, "batch_reward": 0.340125, "critic_loss": 8.044167328834535, "actor_loss": -9.658904571533203, "alpha_loss": 0.07072362174093723, "alpha_value": 0.08053747844696045, "duration": 90.42513155937195, "step": 4750}
{"episode_reward": 62.0, "episode": 20.0, "batch_reward": 0.3330625, "critic_loss": 9.165295797348023, "actor_loss": -10.888690017700196, "alpha_loss": 0.06751471912860871, "alpha_value": 0.08014009791612625, "duration": 90.64891147613525, "step": 5000}
{"episode_reward": 345.0, "episode": 21.0, "batch_reward": 0.37646875, "critic_loss": 9.96039171218872, "actor_loss": -12.340766777038574, "alpha_loss": 0.06729073716700076, "alpha_value": 0.07972354352474213, "duration": 90.66461753845215, "step": 5250}
{"episode_reward": 6.0, "episode": 22.0, "batch_reward": 0.3605625, "critic_loss": 10.845656215667725, "actor_loss": -13.393924133300782, "alpha_loss": 0.06331584852188826, "alpha_value": 0.07930921685695648, "duration": 89.87556219100952, "step": 5500}
{"episode_reward": 10.0, "episode": 23.0, "batch_reward": 0.351125, "critic_loss": 10.77557272720337, "actor_loss": -14.48516086578369, "alpha_loss": 0.05798149110376835, "alpha_value": 0.07890010666847229, "duration": 90.42779684066772, "step": 5750}
{"episode_reward": 8.0, "episode": 24.0, "batch_reward": 0.3366875, "critic_loss": 10.66639568901062, "actor_loss": -15.704314781188964, "alpha_loss": 0.05405183205753565, "alpha_value": 0.07849912798404693, "duration": 162.14026021957397, "step": 6000}
{"episode_reward": 0.0, "episode": 25.0, "batch_reward": 0.334625, "critic_loss": 12.77242989730835, "actor_loss": -16.763817588806152, "alpha_loss": 0.05608666936308145, "alpha_value": 0.0780887216925621, "duration": 89.61381649971008, "step": 6250}
{"episode_reward": 133.0, "episode": 26.0, "batch_reward": 0.334, "critic_loss": 11.81624831199646, "actor_loss": -18.037026588439943, "alpha_loss": 0.0615697211176157, "alpha_value": 0.07764315170049667, "duration": 89.38453340530396, "step": 6500}
{"episode_reward": 198.0, "episode": 27.0, "batch_reward": 0.3528125, "critic_loss": 11.35620249938965, "actor_loss": -18.582187278747558, "alpha_loss": 0.0607163756787777, "alpha_value": 0.07714063161611558, "duration": 89.75184941291809, "step": 6750}
{"episode_reward": 61.0, "episode": 28.0, "batch_reward": 0.35053125, "critic_loss": 14.613269901275634, "actor_loss": -19.801074142456056, "alpha_loss": 0.06055169142782688, "alpha_value": 0.07663843780755997, "duration": 89.50999212265015, "step": 7000}
{"episode_reward": 155.0, "episode": 29.0, "batch_reward": 0.35775, "critic_loss": 13.333335960388183, "actor_loss": -20.683017303466798, "alpha_loss": 0.06909116041660308, "alpha_value": 0.07608452999591828, "duration": 89.59033131599426, "step": 7250}
{"episode_reward": 0.0, "episode": 30.0, "batch_reward": 0.33659375, "critic_loss": 13.001392906188965, "actor_loss": -21.08364587402344, "alpha_loss": 0.06155890700221062, "alpha_value": 0.07549447739124299, "duration": 89.97949194908142, "step": 7500}
{"episode_reward": 26.0, "episode": 31.0, "batch_reward": 0.32353125, "critic_loss": 12.333723609924316, "actor_loss": -21.450733810424804, "alpha_loss": 0.062378492102026936, "alpha_value": 0.0749121339917183, "duration": 90.28624725341797, "step": 7750}
{"episode_reward": 6.0, "episode": 32.0, "batch_reward": 0.32759375, "critic_loss": 12.511242269515991, "actor_loss": -22.33934713745117, "alpha_loss": 0.053546199575066566, "alpha_value": 0.07435001575946808, "duration": 89.0638074874878, "step": 8000}
{"episode_reward": 47.0, "episode": 33.0, "batch_reward": 0.32375, "critic_loss": 13.122628629684447, "actor_loss": -23.57123226928711, "alpha_loss": 0.05070556353032589, "alpha_value": 0.07384434902668, "duration": 89.44167470932007, "step": 8250}
{"episode_reward": 36.0, "episode": 34.0, "batch_reward": 0.3486875, "critic_loss": 16.405725835800173, "actor_loss": -24.57066532897949, "alpha_loss": 0.05606670713424683, "alpha_value": 0.07329826611280442, "duration": 88.82497715950012, "step": 8500}
{"episode_reward": 731.0, "episode": 35.0, "batch_reward": 0.423875, "critic_loss": 15.761463478088379, "actor_loss": -26.175119659423828, "alpha_loss": 0.05463569638133049, "alpha_value": 0.07272008353471757, "duration": 89.30992341041565, "step": 8750}
{"episode_reward": 783.0, "episode": 36.0, "batch_reward": 0.5088125, "critic_loss": 14.75587352180481, "actor_loss": -28.00871517944336, "alpha_loss": 0.04324803397059441, "alpha_value": 0.07217872351408004, "duration": 89.51755619049072, "step": 9000}
{"episode_reward": 949.0, "episode": 37.0, "batch_reward": 0.55796875, "critic_loss": 15.345596273422242, "actor_loss": -30.380658630371094, "alpha_loss": 0.033648822210729123, "alpha_value": 0.07175545191764832, "duration": 89.5015161037445, "step": 9250}
{"episode_reward": 0.0, "episode": 38.0, "batch_reward": 0.5318125, "critic_loss": 15.904716567993164, "actor_loss": -31.478237197875977, "alpha_loss": 0.03431215753778815, "alpha_value": 0.0713709254860878, "duration": 89.28723406791687, "step": 9500}
{"episode_reward": 43.0, "episode": 39.0, "batch_reward": 0.53809375, "critic_loss": 17.374819332122804, "actor_loss": -32.57413545227051, "alpha_loss": 0.03652272925153375, "alpha_value": 0.07092976158857346, "duration": 89.38585233688354, "step": 9750}
{"episode_reward": 39.0, "episode": 40.0, "batch_reward": 0.57759375, "critic_loss": 18.07120457839966, "actor_loss": -33.86278659057617, "alpha_loss": 0.030555696163326502, "alpha_value": 0.07049149352312088, "duration": 89.59737753868103, "step": 10000}
{"episode_reward": 979.0, "episode": 41.0, "batch_reward": 0.63271875, "critic_loss": 18.609998569488525, "actor_loss": -35.8384075012207, "alpha_loss": 0.02240010703727603, "alpha_value": 0.07012592828273773, "duration": 104.10633277893066, "step": 10250}
{"episode_reward": 830.0, "episode": 42.0, "batch_reward": 0.6731875, "critic_loss": 18.965943775177003, "actor_loss": -37.34395300292969, "alpha_loss": 0.01469979681726545, "alpha_value": 0.0698886400461197, "duration": 89.5159068107605, "step": 10500}
{"episode_reward": 0.0, "episode": 43.0, "batch_reward": 0.639125, "critic_loss": 22.036114082336425, "actor_loss": -38.19947653198242, "alpha_loss": 0.01693484642356634, "alpha_value": 0.06967260146141052, "duration": 89.91441559791565, "step": 10750}
{"episode_reward": 3.0, "episode": 44.0, "batch_reward": 0.67071875, "critic_loss": 20.187525886535646, "actor_loss": -41.20610873413086, "alpha_loss": 0.01640806923341006, "alpha_value": 0.0694170451760292, "duration": 89.76382040977478, "step": 11000}
{"episode_reward": 997.0, "episode": 45.0, "batch_reward": 0.7250625, "critic_loss": 19.447084726333618, "actor_loss": -44.3273786315918, "alpha_loss": 0.015129677150398493, "alpha_value": 0.06915662252902985, "duration": 90.20329689979553, "step": 11250}
{"episode_reward": 5.0, "episode": 46.0, "batch_reward": 0.70790625, "critic_loss": 21.535550205230713, "actor_loss": -45.18471765136719, "alpha_loss": 0.01240800388995558, "alpha_value": 0.06891570192575455, "duration": 89.88284349441528, "step": 11500}
{"episode_reward": 8.0, "episode": 47.0, "batch_reward": 0.6949375, "critic_loss": 21.45948941040039, "actor_loss": -46.105516235351566, "alpha_loss": 0.011750077215954662, "alpha_value": 0.06872599589824677, "duration": 89.78267693519592, "step": 11750}
{"episode_reward": 18.0, "episode": 48.0, "batch_reward": 0.669375, "critic_loss": 20.749042778015138, "actor_loss": -46.61994696044922, "alpha_loss": 0.012842448264360427, "alpha_value": 0.06849228435754776, "duration": 89.55010795593262, "step": 12000}
{"episode_reward": 0.0, "episode": 49.0, "batch_reward": 0.66121875, "critic_loss": 22.301827800750733, "actor_loss": -48.05851379394531, "alpha_loss": 0.016171444768086077, "alpha_value": 0.06821374303102493, "duration": 89.65976214408875, "step": 12250}
{"episode_reward": 15.0, "episode": 50.0, "batch_reward": 0.704875, "critic_loss": 22.63273654937744, "actor_loss": -50.30169915771484, "alpha_loss": 0.01841057244502008, "alpha_value": 0.06782061785459519, "duration": 89.47435808181763, "step": 12500}
{"episode_reward": 973.0, "episode": 51.0, "batch_reward": 0.71271875, "critic_loss": 25.911586990356444, "actor_loss": -51.97053472900391, "alpha_loss": 0.013043873889371753, "alpha_value": 0.06752546352148056, "duration": 89.1438844203949, "step": 12750}
{"episode_reward": 42.0, "episode": 52.0, "batch_reward": 0.73603125, "critic_loss": 24.61457947921753, "actor_loss": -53.695732025146484, "alpha_loss": 0.020063102366402744, "alpha_value": 0.0671646648645401, "duration": 89.73582625389099, "step": 13000}
{"episode_reward": 949.0, "episode": 53.0, "batch_reward": 0.774625, "critic_loss": 22.593948471069336, "actor_loss": -54.529447265625, "alpha_loss": 0.019432932486757638, "alpha_value": 0.06672880792617798, "duration": 89.54940390586853, "step": 13250}
{"episode_reward": 680.0, "episode": 54.0, "batch_reward": 0.8126875, "critic_loss": 22.962345386505127, "actor_loss": -56.15042547607422, "alpha_loss": 0.018830994725227358, "alpha_value": 0.06628676062822342, "duration": 89.96163821220398, "step": 13500}
{"episode_reward": 20.0, "episode": 55.0, "batch_reward": 0.7845, "critic_loss": 20.230785274505614, "actor_loss": -57.11863000488281, "alpha_loss": 0.010698454696685076, "alpha_value": 0.06593724298477173, "duration": 89.42511940002441, "step": 13750}
{"episode_reward": 10.0, "episode": 56.0, "batch_reward": 0.76509375, "critic_loss": 21.385437423706055, "actor_loss": -56.68195251464844, "alpha_loss": 0.014769550498574972, "alpha_value": 0.06560389608144761, "duration": 2855.6741609573364, "step": 14000}
{"episode_reward": 0.0, "episode": 57.0, "batch_reward": 0.767, "critic_loss": 24.066291664123536, "actor_loss": -58.60775604248047, "alpha_loss": 0.01970806073024869, "alpha_value": 0.06516299760341644, "duration": 89.94851160049438, "step": 14250}
{"episode_reward": 275.0, "episode": 58.0, "batch_reward": 0.77871875, "critic_loss": 26.310802940368653, "actor_loss": -60.311638732910154, "alpha_loss": 0.015033493602648378, "alpha_value": 0.06469834840297699, "duration": 89.73403310775757, "step": 14500}
{"episode_reward": 132.0, "episode": 59.0, "batch_reward": 0.75825, "critic_loss": 26.461582580566407, "actor_loss": -60.340808349609375, "alpha_loss": 0.015630043851211667, "alpha_value": 0.0642996237874031, "duration": 89.56951093673706, "step": 14750}
{"episode_reward": 7.0, "episode": 60.0, "batch_reward": 0.8099375, "critic_loss": 23.649985301971437, "actor_loss": -63.760231658935545, "alpha_loss": 0.016246816955506803, "alpha_value": 0.06389260017871856, "duration": 89.88359570503235, "step": 15000}
{"episode_reward": 989.0, "episode": 61.0, "batch_reward": 0.798875, "critic_loss": 22.64169578552246, "actor_loss": -64.3468298034668, "alpha_loss": 0.014379491798579693, "alpha_value": 0.06341727942228317, "duration": 89.84446835517883, "step": 15250}
{"episode_reward": 185.0, "episode": 62.0, "batch_reward": 0.80353125, "critic_loss": 24.15497718048096, "actor_loss": -64.54134329223633, "alpha_loss": 0.017726350406184792, "alpha_value": 0.06297399133443832, "duration": 89.9280834197998, "step": 15500}
{"episode_reward": 0.0, "episode": 63.0, "batch_reward": 0.79275, "critic_loss": 24.341821155548097, "actor_loss": -66.76328512573242, "alpha_loss": 0.012505237124860286, "alpha_value": 0.06250802168250084, "duration": 89.89750981330872, "step": 15750}
{"episode_reward": 0.0, "episode": 64.0, "batch_reward": 0.77525, "critic_loss": 24.08534199142456, "actor_loss": -66.79040026855469, "alpha_loss": 0.01062054930999875, "alpha_value": 0.0622171240746975, "duration": 89.93450140953064, "step": 16000}
{"episode_reward": 51.0, "episode": 65.0, "batch_reward": 0.7925625, "critic_loss": 23.07163220977783, "actor_loss": -69.10364334106445, "alpha_loss": 0.011888230629265308, "alpha_value": 0.06186186730861664, "duration": 90.1536648273468, "step": 16250}
{"episode_reward": 957.0, "episode": 66.0, "batch_reward": 0.8099375, "critic_loss": 22.990480895996093, "actor_loss": -70.67467373657226, "alpha_loss": 0.01234468513727188, "alpha_value": 0.061451318114995955, "duration": 90.04251074790955, "step": 16500}
{"episode_reward": 0.0, "episode": 67.0, "batch_reward": 0.78453125, "critic_loss": 23.662412147521973, "actor_loss": -71.4515256652832, "alpha_loss": 0.00852122042607516, "alpha_value": 0.06110972541570663, "duration": 89.9662594795227, "step": 16750}
{"episode_reward": 12.0, "episode": 68.0, "batch_reward": 0.78890625, "critic_loss": 26.5478763961792, "actor_loss": -72.28401089477539, "alpha_loss": 0.009613174361176789, "alpha_value": 0.06086772456765175, "duration": 89.74200391769409, "step": 17000}
{"episode_reward": 0.0, "episode": 69.0, "batch_reward": 0.7951875, "critic_loss": 24.094904621124268, "actor_loss": -74.12035784912109, "alpha_loss": 0.009387050124816597, "alpha_value": 0.06050035122036934, "duration": 89.59678840637207, "step": 17250}
{"episode_reward": 0.0, "episode": 70.0, "batch_reward": 0.7691875, "critic_loss": 23.8564868888855, "actor_loss": -74.2427853088379, "alpha_loss": 0.00813860404677689, "alpha_value": 0.06020795196294784, "duration": 90.08601260185242, "step": 17500}
{"episode_reward": 38.0, "episode": 71.0, "batch_reward": 0.7525, "critic_loss": 24.87701675415039, "actor_loss": -74.60648278808594, "alpha_loss": 0.010001185163855553, "alpha_value": 0.05988155555725098, "duration": 89.92988395690918, "step": 17750}
{"episode_reward": 4.0, "episode": 72.0, "batch_reward": 0.7485625, "critic_loss": 22.586660263061525, "actor_loss": -74.78682086181641, "alpha_loss": 0.006046516020782292, "alpha_value": 0.059629174321889876, "duration": 89.71405124664307, "step": 18000}
{"episode_reward": 90.0, "episode": 73.0, "batch_reward": 0.76890625, "critic_loss": 26.975089458465575, "actor_loss": -77.28316119384766, "alpha_loss": 0.006041784027591347, "alpha_value": 0.05936901649832726, "duration": 90.00102734565735, "step": 18250}
{"episode_reward": 917.0, "episode": 74.0, "batch_reward": 0.78246875, "critic_loss": 24.938151233673096, "actor_loss": -78.07254571533203, "alpha_loss": 0.003051006268709898, "alpha_value": 0.05918792387843132, "duration": 89.85601234436035, "step": 18500}
{"episode_reward": 69.0, "episode": 75.0, "batch_reward": 0.8034375, "critic_loss": 26.950999378204347, "actor_loss": -80.15172088623046, "alpha_loss": 0.0027311740890145304, "alpha_value": 0.05906790831685066, "duration": 89.6535234451294, "step": 18750}
{"episode_reward": 944.0, "episode": 76.0, "batch_reward": 0.82515625, "critic_loss": 28.223129165649414, "actor_loss": -82.58098468017577, "alpha_loss": -0.0035477191880345345, "alpha_value": 0.05908017021417618, "duration": 89.96521282196045, "step": 19000}
{"episode_reward": 27.0, "episode": 77.0, "batch_reward": 0.8134375, "critic_loss": 29.17429983520508, "actor_loss": -83.55828131103516, "alpha_loss": -0.0037773439083248375, "alpha_value": 0.059297389537096026, "duration": 89.79955101013184, "step": 19250}
{"episode_reward": 417.0, "episode": 78.0, "batch_reward": 0.8423125, "critic_loss": 31.823961357116698, "actor_loss": -84.03822491455078, "alpha_loss": 0.0015435277186334132, "alpha_value": 0.05932225972414017, "duration": 90.1578278541565, "step": 19500}
{"episode_reward": 713.0, "episode": 79.0, "batch_reward": 0.8623125, "critic_loss": 33.122237754821775, "actor_loss": -84.68639959716796, "alpha_loss": 0.005704486694186926, "alpha_value": 0.059105351835489275, "duration": 90.2536461353302, "step": 19750}
{"episode_reward": 891.0, "episode": 80.0, "batch_reward": 0.890375, "critic_loss": 28.563318004608153, "actor_loss": -87.17134533691406, "alpha_loss": 0.005057747220620513, "alpha_value": 0.058946804165840146, "duration": 89.67471957206726, "step": 20000}
{"episode_reward": 393.0, "episode": 81.0, "batch_reward": 0.8725, "critic_loss": 27.038085441589356, "actor_loss": -86.98829028320313, "alpha_loss": 0.002369589377194643, "alpha_value": 0.05874638473987579, "duration": 106.99425482749939, "step": 20250}
{"episode_reward": 169.0, "episode": 82.0, "batch_reward": 0.87378125, "critic_loss": 27.25898210144043, "actor_loss": -88.02663006591797, "alpha_loss": 0.010207936629652976, "alpha_value": 0.0584827438890934, "duration": 90.206951379776, "step": 20500}
{"episode_reward": 17.0, "episode": 83.0, "batch_reward": 0.90084375, "critic_loss": 28.054462287902833, "actor_loss": -89.51184509277344, "alpha_loss": 0.010735669193789363, "alpha_value": 0.057980420649051664, "duration": 90.03032374382019, "step": 20750}
{"episode_reward": 105.0, "episode": 84.0, "batch_reward": 0.85346875, "critic_loss": 30.982987812042236, "actor_loss": -89.25439935302734, "alpha_loss": 0.006415378000587225, "alpha_value": 0.05759403377771378, "duration": 90.1133885383606, "step": 21000}
{"episode_reward": 1.0, "episode": 85.0, "batch_reward": 0.876, "critic_loss": 29.45517420196533, "actor_loss": -91.12172332763672, "alpha_loss": 0.0021514671929180624, "alpha_value": 0.05746426206827164, "duration": 90.20767760276794, "step": 21250}
{"episode_reward": 698.0, "episode": 86.0, "batch_reward": 0.8830625, "critic_loss": 26.852226902008056, "actor_loss": -90.69534912109376, "alpha_loss": 0.010254398817196489, "alpha_value": 0.0571175197660923, "duration": 89.93028020858765, "step": 21500}
{"episode_reward": 140.0, "episode": 87.0, "batch_reward": 0.88590625, "critic_loss": 25.928866996765137, "actor_loss": -92.67899407958984, "alpha_loss": 0.008813699755817651, "alpha_value": 0.056716708779335025, "duration": 90.00620293617249, "step": 21750}
{"episode_reward": 374.0, "episode": 88.0, "batch_reward": 0.8943125, "critic_loss": 26.484678455352782, "actor_loss": -92.40228851318359, "alpha_loss": 0.011430871801450849, "alpha_value": 0.05624607267975807, "duration": 89.81378650665283, "step": 22000}
{"episode_reward": 46.0, "episode": 89.0, "batch_reward": 0.8708125, "critic_loss": 24.662759166717528, "actor_loss": -91.8571953125, "alpha_loss": 0.011662954391911626, "alpha_value": 0.05569965893030167, "duration": 90.05171513557434, "step": 22250}
{"episode_reward": 48.0, "episode": 90.0, "batch_reward": 0.86803125, "critic_loss": 27.228326850891115, "actor_loss": -93.03244506835938, "alpha_loss": 0.008163250094279647, "alpha_value": 0.05526416012644768, "duration": 90.02064943313599, "step": 22500}
{"episode_reward": 42.0, "episode": 91.0, "batch_reward": 0.8753125, "critic_loss": 26.818457618713378, "actor_loss": -93.81539367675781, "alpha_loss": 0.007913834311068058, "alpha_value": 0.05491599091887474, "duration": 89.8740541934967, "step": 22750}
{"episode_reward": 5.0, "episode": 92.0, "batch_reward": 0.84778125, "critic_loss": 26.102141780853273, "actor_loss": -93.76369464111328, "alpha_loss": 0.007416901550255716, "alpha_value": 0.05460041984915733, "duration": 90.30471920967102, "step": 23000}
{"episode_reward": 44.0, "episode": 93.0, "batch_reward": 0.85340625, "critic_loss": 24.564182319641112, "actor_loss": -94.33234265136718, "alpha_loss": 0.008406769583933056, "alpha_value": 0.054220799684524534, "duration": 90.12629342079163, "step": 23250}
{"episode_reward": 0.0, "episode": 94.0, "batch_reward": 0.85, "critic_loss": 27.6833974609375, "actor_loss": -94.29079138183593, "alpha_loss": 0.0009554407792165875, "alpha_value": 0.053977342694997786, "duration": 89.94222903251648, "step": 23500}
{"episode_reward": 870.0, "episode": 95.0, "batch_reward": 0.85546875, "critic_loss": 27.415134490966796, "actor_loss": -94.98172253417968, "alpha_loss": 0.0018453797707334162, "alpha_value": 0.053943985164165494, "duration": 90.16270685195923, "step": 23750}
{"episode_reward": 133.0, "episode": 96.0, "batch_reward": 0.8521875, "critic_loss": 26.465687026977537, "actor_loss": -95.32530865478516, "alpha_loss": 0.004588480182923377, "alpha_value": 0.05380178901553154, "duration": 90.01262140274048, "step": 24000}
{"episode_reward": 0.0, "episode": 97.0, "batch_reward": 0.8475, "critic_loss": 25.267816257476806, "actor_loss": -94.67872283935547, "alpha_loss": 0.002685959065333009, "alpha_value": 0.053632247239351276, "duration": 90.04734396934509, "step": 24250}
{"episode_reward": 156.0, "episode": 98.0, "batch_reward": 0.8663125, "critic_loss": 45.44027939605713, "actor_loss": -97.40400860595703, "alpha_loss": 0.0002649587951600552, "alpha_value": 0.05350737407803535, "duration": 90.06101322174072, "step": 24500}
{"episode_reward": 520.0, "episode": 99.0, "batch_reward": 0.870125, "critic_loss": 34.127198528289796, "actor_loss": -98.31717993164062, "alpha_loss": -0.005947904776781797, "alpha_value": 0.05368110263347626, "duration": 90.07228112220764, "step": 24750}
{"episode_reward": 663.0, "episode": 100.0, "batch_reward": 0.87221875, "critic_loss": 32.795510818481446, "actor_loss": -98.88064904785156, "alpha_loss": -0.0036212845593690873, "alpha_value": 0.05394010615348816, "duration": 89.94794988632202, "step": 25000}
{"episode_reward": 83.0, "episode": 101.0, "batch_reward": 0.86784375, "critic_loss": 31.320659420013428, "actor_loss": -98.16552416992188, "alpha_loss": 0.0006606979127973318, "alpha_value": 0.0540321301817894, "duration": 90.30393671989441, "step": 25250}
{"episode_reward": 0.0, "episode": 102.0, "batch_reward": 0.85296875, "critic_loss": 30.409110221862793, "actor_loss": -97.915216796875, "alpha_loss": 0.0022286697775125504, "alpha_value": 0.05392850983142853, "duration": 90.15080714225769, "step": 25500}
{"episode_reward": 53.0, "episode": 103.0, "batch_reward": 0.85378125, "critic_loss": 31.05339836502075, "actor_loss": -97.81615246582031, "alpha_loss": 0.006615892532281577, "alpha_value": 0.05367983791232109, "duration": 90.13627052307129, "step": 25750}
{"episode_reward": 0.0, "episode": 104.0, "batch_reward": 0.86265625, "critic_loss": 32.874768768310545, "actor_loss": -100.19049334716797, "alpha_loss": 0.002359574236907065, "alpha_value": 0.053492706537246706, "duration": 90.08771061897278, "step": 26000}
{"episode_reward": 0.0, "episode": 105.0, "batch_reward": 0.853625, "critic_loss": 31.937453956604003, "actor_loss": -100.98645239257813, "alpha_loss": 0.0012184374565258622, "alpha_value": 0.053350179523229596, "duration": 89.62312293052673, "step": 26250}
{"episode_reward": 72.0, "episode": 106.0, "batch_reward": 0.84834375, "critic_loss": 31.095899299621582, "actor_loss": -99.96775158691406, "alpha_loss": -0.0004910482997074723, "alpha_value": 0.05338417941331863, "duration": 90.19318175315857, "step": 26500}
{"episode_reward": 19.0, "episode": 107.0, "batch_reward": 0.83625, "critic_loss": 30.438641326904296, "actor_loss": -100.11055023193359, "alpha_loss": -0.0006660588663071394, "alpha_value": 0.05336985445022583, "duration": 89.90856981277466, "step": 26750}
{"episode_reward": 563.0, "episode": 108.0, "batch_reward": 0.8254375, "critic_loss": 30.840152812957765, "actor_loss": -100.95667114257813, "alpha_loss": 0.0016134998667985201, "alpha_value": 0.05338607656955719, "duration": 89.99322891235352, "step": 27000}
{"episode_reward": 29.0, "episode": 109.0, "batch_reward": 0.859, "critic_loss": 29.630422477722167, "actor_loss": -102.60361840820312, "alpha_loss": 0.0016376311937347054, "alpha_value": 0.05330619636178017, "duration": 90.20664381980896, "step": 27250}
{"episode_reward": 114.0, "episode": 110.0, "batch_reward": 0.8433125, "critic_loss": 29.284267169952393, "actor_loss": -102.60381146240235, "alpha_loss": 0.0042549944240599874, "alpha_value": 0.05314378252625465, "duration": 90.33845400810242, "step": 27500}
{"episode_reward": 18.0, "episode": 111.0, "batch_reward": 0.81675, "critic_loss": 31.226995880126953, "actor_loss": -102.10354681396484, "alpha_loss": 0.00619896618463099, "alpha_value": 0.052845622926950456, "duration": 90.14659428596497, "step": 27750}
{"episode_reward": 9.0, "episode": 112.0, "batch_reward": 0.818375, "critic_loss": 30.640927013397217, "actor_loss": -101.63316693115235, "alpha_loss": 0.005137658222578466, "alpha_value": 0.05259323623776436, "duration": 90.33878993988037, "step": 28000}
{"episode_reward": 72.0, "episode": 113.0, "batch_reward": 0.82821875, "critic_loss": 33.35185975646973, "actor_loss": -102.34299377441407, "alpha_loss": 0.0020767444502562283, "alpha_value": 0.05239515820145607, "duration": 89.9887273311615, "step": 28250}
{"episode_reward": 7.0, "episode": 114.0, "batch_reward": 0.81684375, "critic_loss": 33.47351243591309, "actor_loss": -102.79373303222657, "alpha_loss": -0.0017198506649583579, "alpha_value": 0.05240266010165215, "duration": 90.06098747253418, "step": 28500}
{"episode_reward": 902.0, "episode": 115.0, "batch_reward": 0.8378125, "critic_loss": 34.28281716918945, "actor_loss": -104.48585491943359, "alpha_loss": -0.002526525511406362, "alpha_value": 0.0524789103269577, "duration": 90.14249205589294, "step": 28750}
{"episode_reward": 742.0, "episode": 116.0, "batch_reward": 0.865375, "critic_loss": 37.113560764312744, "actor_loss": -106.49853985595703, "alpha_loss": 0.0003014136804267764, "alpha_value": 0.052517141908407214, "duration": 89.9152021408081, "step": 29000}
{"episode_reward": 562.0, "episode": 117.0, "batch_reward": 0.86046875, "critic_loss": 39.33082461547851, "actor_loss": -107.14303729248047, "alpha_loss": 4.025321733206511e-05, "alpha_value": 0.05253015571832657, "duration": 90.18032383918762, "step": 29250}
{"episode_reward": 44.0, "episode": 118.0, "batch_reward": 0.84040625, "critic_loss": 35.59127187728882, "actor_loss": -106.33975286865234, "alpha_loss": 0.004287396430037916, "alpha_value": 0.05236222288012505, "duration": 89.99579071998596, "step": 29500}
{"episode_reward": 12.0, "episode": 119.0, "batch_reward": 0.858625, "critic_loss": 49.06671977996826, "actor_loss": -107.33086212158203, "alpha_loss": -0.0014581895377486945, "alpha_value": 0.05230779945850372, "duration": 90.11696434020996, "step": 29750}
{"episode_reward": 312.0, "episode": 120.0, "batch_reward": 0.84690625, "critic_loss": 50.734545585632326, "actor_loss": -108.45113568115234, "alpha_loss": 0.000556073285639286, "alpha_value": 0.05234750166535378, "duration": 90.35713529586792, "step": 30000}
{"episode_reward": 22.0, "episode": 121.0, "batch_reward": 0.85409375, "critic_loss": 42.32647799682617, "actor_loss": -110.68717071533203, "alpha_loss": -8.792396355420351e-05, "alpha_value": 0.052381646394729614, "duration": 107.0461437702179, "step": 30250}
{"episode_reward": 830.0, "episode": 122.0, "batch_reward": 0.873, "critic_loss": 43.60389771270752, "actor_loss": -111.44283282470703, "alpha_loss": -0.0025438536908477544, "alpha_value": 0.05237608355283737, "duration": 90.1822338104248, "step": 30500}
{"episode_reward": 569.0, "episode": 123.0, "batch_reward": 0.8829375, "critic_loss": 46.15461072540283, "actor_loss": -112.26673364257813, "alpha_loss": -0.007082091390155256, "alpha_value": 0.052685093283653256, "duration": 90.29777479171753, "step": 30750}
{"episode_reward": 0.0, "episode": 124.0, "batch_reward": 0.88678125, "critic_loss": 39.87184529876709, "actor_loss": -111.95973333740234, "alpha_loss": -0.008436350956559181, "alpha_value": 0.05307043331861496, "duration": 90.16883277893066, "step": 31000}
{"episode_reward": 717.0, "episode": 125.0, "batch_reward": 0.9098125, "critic_loss": 44.401999786376955, "actor_loss": -113.49638110351563, "alpha_loss": -0.010376186976209283, "alpha_value": 0.0535502610206604, "duration": 90.21097755432129, "step": 31250}
{"episode_reward": 0.0, "episode": 126.0, "batch_reward": 0.90253125, "critic_loss": 42.76221048736572, "actor_loss": -114.21637109375, "alpha_loss": -0.002451610814779997, "alpha_value": 0.05395675680041313, "duration": 90.15592312812805, "step": 31500}
{"episode_reward": 917.0, "episode": 127.0, "batch_reward": 0.905625, "critic_loss": 52.98232572937012, "actor_loss": -116.39384552001952, "alpha_loss": -0.00590966072678566, "alpha_value": 0.054133741974830625, "duration": 89.84647965431213, "step": 31750}
{"episode_reward": 58.0, "episode": 128.0, "batch_reward": 0.916625, "critic_loss": 48.815324684143064, "actor_loss": -117.83935028076172, "alpha_loss": -0.007924898924306036, "alpha_value": 0.054536649048328396, "duration": 90.63858675956726, "step": 32000}
{"episode_reward": 10.0, "episode": 129.0, "batch_reward": 0.909875, "critic_loss": 49.51319229125976, "actor_loss": -118.74205310058593, "alpha_loss": -0.002853789180982858, "alpha_value": 0.05473125278949738, "duration": 90.17043089866638, "step": 32250}
{"episode_reward": 980.0, "episode": 130.0, "batch_reward": 0.94046875, "critic_loss": 42.24943729400635, "actor_loss": -120.24376727294921, "alpha_loss": -0.0041729225479066375, "alpha_value": 0.05497396457195282, "duration": 90.02234506607056, "step": 32500}
{"episode_reward": 848.0, "episode": 131.0, "batch_reward": 0.94890625, "critic_loss": 41.69951918029785, "actor_loss": -121.37684057617187, "alpha_loss": -0.008475052547641098, "alpha_value": 0.05533708852529526, "duration": 90.21269512176514, "step": 32750}
{"episode_reward": 15.0, "episode": 132.0, "batch_reward": 0.94421875, "critic_loss": 41.7233452911377, "actor_loss": -121.670240234375, "alpha_loss": -0.004932011110708117, "alpha_value": 0.0556500258743763, "duration": 90.52062678337097, "step": 33000}
{"episode_reward": 947.0, "episode": 133.0, "batch_reward": 0.9499375, "critic_loss": 39.9266429977417, "actor_loss": -123.7409697265625, "alpha_loss": -0.005074509240686894, "alpha_value": 0.055873094886541366, "duration": 90.34524869918823, "step": 33250}
{"episode_reward": 594.0, "episode": 134.0, "batch_reward": 0.95425, "critic_loss": 40.19192993164062, "actor_loss": -124.46662213134766, "alpha_loss": -0.00439832937065512, "alpha_value": 0.05614432913064957, "duration": 90.03444170951843, "step": 33500}
{"episode_reward": 0.0, "episode": 135.0, "batch_reward": 0.946, "critic_loss": 39.553014709472656, "actor_loss": -125.06759716796876, "alpha_loss": -0.006115410713478923, "alpha_value": 0.05641723951697349, "duration": 90.0895836353302, "step": 33750}
{"episode_reward": 85.0, "episode": 136.0, "batch_reward": 0.9489375, "critic_loss": 38.697730712890625, "actor_loss": -123.21050793457032, "alpha_loss": -0.006307132372632623, "alpha_value": 0.05672456753253937, "duration": 90.32938504219055, "step": 34000}
{"episode_reward": 946.0, "episode": 137.0, "batch_reward": 0.969125, "critic_loss": 39.5432318572998, "actor_loss": -126.43474871826172, "alpha_loss": -0.000674581847153604, "alpha_value": 0.05694640684127807, "duration": 90.09341359138489, "step": 34250}
{"episode_reward": 883.0, "episode": 138.0, "batch_reward": 1.00115625, "critic_loss": 38.61980877685547, "actor_loss": -125.06482159423828, "alpha_loss": 0.0026418584464117886, "alpha_value": 0.05688073298335075, "duration": 90.42288780212402, "step": 34500}
{"episode_reward": 34.0, "episode": 139.0, "batch_reward": 0.9844375, "critic_loss": 39.55987477111817, "actor_loss": -126.87653814697265, "alpha_loss": -0.0005295333256945014, "alpha_value": 0.056784169495105744, "duration": 90.73124694824219, "step": 34750}
{"episode_reward": 282.0, "episode": 140.0, "batch_reward": 0.98796875, "critic_loss": 42.16792832946777, "actor_loss": -125.81474151611329, "alpha_loss": -0.0032431984385475517, "alpha_value": 0.05691645914316178, "duration": 90.31743955612183, "step": 35000}
{"episode_reward": 911.0, "episode": 141.0, "batch_reward": 1.00821875, "critic_loss": 44.08863021850586, "actor_loss": -127.40082824707031, "alpha_loss": -0.0028279768759384752, "alpha_value": 0.05707931250333786, "duration": 90.33540225028992, "step": 35250}
{"episode_reward": 959.0, "episode": 142.0, "batch_reward": 1.033375, "critic_loss": 42.563009155273434, "actor_loss": -129.91343359375, "alpha_loss": -0.0031864056354388593, "alpha_value": 0.05725404980778694, "duration": 90.51679158210754, "step": 35500}
{"episode_reward": 941.0, "episode": 143.0, "batch_reward": 1.04134375, "critic_loss": 41.89111079406738, "actor_loss": -132.25046588134765, "alpha_loss": -0.004180340602993965, "alpha_value": 0.05744405645132065, "duration": 90.46155118942261, "step": 35750}
{"episode_reward": 12.0, "episode": 144.0, "batch_reward": 1.0326875, "critic_loss": 42.354566047668456, "actor_loss": -131.50615728759766, "alpha_loss": -0.001032695459201932, "alpha_value": 0.057639232844114305, "duration": 90.38767886161804, "step": 36000}
{"episode_reward": 0.0, "episode": 145.0, "batch_reward": 1.02990625, "critic_loss": 39.248554710388184, "actor_loss": -130.85422521972657, "alpha_loss": -0.0033268173094838857, "alpha_value": 0.05764625015854836, "duration": 90.02828431129456, "step": 36250}
{"episode_reward": 649.0, "episode": 146.0, "batch_reward": 1.05590625, "critic_loss": 38.42929005432129, "actor_loss": -134.03089044189454, "alpha_loss": -4.08844742923975e-06, "alpha_value": 0.05786412066221237, "duration": 89.90999126434326, "step": 36500}
{"episode_reward": 972.0, "episode": 147.0, "batch_reward": 1.053375, "critic_loss": 40.85026258087158, "actor_loss": -134.98544897460937, "alpha_loss": -0.004919951591640711, "alpha_value": 0.05796101987361908, "duration": 90.25839018821716, "step": 36750}
{"episode_reward": 24.0, "episode": 148.0, "batch_reward": 1.066375, "critic_loss": 42.11330235290527, "actor_loss": -135.29521209716796, "alpha_loss": -0.0050408167876303195, "alpha_value": 0.0582275288105011, "duration": 90.15093660354614, "step": 37000}
{"episode_reward": 993.0, "episode": 149.0, "batch_reward": 1.08409375, "critic_loss": 41.27929490661621, "actor_loss": -137.77531561279298, "alpha_loss": -0.009776976683177055, "alpha_value": 0.0585943598151207, "duration": 90.62817645072937, "step": 37250}
{"episode_reward": 984.0, "episode": 150.0, "batch_reward": 1.0860625, "critic_loss": 41.56741478729248, "actor_loss": -139.688640625, "alpha_loss": -0.010998915178701281, "alpha_value": 0.0592574068903923, "duration": 90.28150725364685, "step": 37500}
{"episode_reward": 381.0, "episode": 151.0, "batch_reward": 1.09221875, "critic_loss": 43.746742698669436, "actor_loss": -141.46701696777345, "alpha_loss": -0.007723548988811672, "alpha_value": 0.05969734385609627, "duration": 90.48618578910828, "step": 37750}
{"episode_reward": 303.0, "episode": 152.0, "batch_reward": 1.09546875, "critic_loss": 46.222202415466306, "actor_loss": -143.13937109375, "alpha_loss": -0.01338115302287042, "alpha_value": 0.06027947920560837, "duration": 90.29180216789246, "step": 38000}
{"episode_reward": 925.0, "episode": 153.0, "batch_reward": 1.11403125, "critic_loss": 47.99512629699707, "actor_loss": -143.87789227294923, "alpha_loss": -0.013012220434844493, "alpha_value": 0.06098176249861717, "duration": 90.4257583618164, "step": 38250}
{"episode_reward": 369.0, "episode": 154.0, "batch_reward": 1.1208125, "critic_loss": 48.504418937683106, "actor_loss": -144.17028594970702, "alpha_loss": -0.009165409879758954, "alpha_value": 0.06162403428554535, "duration": 90.02827477455139, "step": 38500}
{"episode_reward": 992.0, "episode": 155.0, "batch_reward": 1.1516875, "critic_loss": 47.6804785079956, "actor_loss": -146.4497536010742, "alpha_loss": -0.003544644506648183, "alpha_value": 0.061867808282375335, "duration": 90.25907707214355, "step": 38750}
{"episode_reward": 974.0, "episode": 156.0, "batch_reward": 1.14653125, "critic_loss": 47.81321954345703, "actor_loss": -148.5067169189453, "alpha_loss": 0.00046578842122107746, "alpha_value": 0.061996795505285265, "duration": 90.39410352706909, "step": 39000}
{"episode_reward": 942.0, "episode": 157.0, "batch_reward": 1.15853125, "critic_loss": 46.655551734924316, "actor_loss": -148.8737720336914, "alpha_loss": -0.0022985710371285677, "alpha_value": 0.062015568286180496, "duration": 90.06838011741638, "step": 39250}
{"episode_reward": 312.0, "episode": 158.0, "batch_reward": 1.1565625, "critic_loss": 49.16014458465576, "actor_loss": -149.80787170410156, "alpha_loss": -0.004043257772922516, "alpha_value": 0.06220365813374519, "duration": 90.43866729736328, "step": 39500}
{"episode_reward": 953.0, "episode": 159.0, "batch_reward": 1.17609375, "critic_loss": 48.89440422821045, "actor_loss": -151.4172377319336, "alpha_loss": -0.003108168926090002, "alpha_value": 0.06240049070119858, "duration": 90.27830076217651, "step": 39750}
{"episode_reward": 964.0, "episode": 160.0, "batch_reward": 1.21315625, "critic_loss": 43.007703788757325, "actor_loss": -152.69840106201173, "alpha_loss": -0.003974294003099203, "alpha_value": 0.0625290749669075, "duration": 90.45322227478027, "step": 40000}
{"episode_reward": 935.0, "episode": 161.0, "batch_reward": 1.2183125, "critic_loss": 49.16849114227295, "actor_loss": -154.12188439941406, "alpha_loss": -0.0023855844726786016, "alpha_value": 0.06268630146980286, "duration": 107.50147771835327, "step": 40250}
{"episode_reward": 102.0, "episode": 162.0, "batch_reward": 1.20884375, "critic_loss": 48.56723490905762, "actor_loss": -155.26154528808593, "alpha_loss": -0.005672209421172738, "alpha_value": 0.0630124792456627, "duration": 90.17040753364563, "step": 40500}
{"episode_reward": 19.0, "episode": 163.0, "batch_reward": 1.207625, "critic_loss": 48.3739309463501, "actor_loss": -156.46570202636718, "alpha_loss": -0.002121517086401582, "alpha_value": 0.06320481151342391, "duration": 90.35261464118958, "step": 40750}
{"episode_reward": 21.0, "episode": 164.0, "batch_reward": 1.19265625, "critic_loss": 46.44588212585449, "actor_loss": -157.09895849609376, "alpha_loss": -0.0028603122234344483, "alpha_value": 0.06338020986318588, "duration": 90.34482765197754, "step": 41000}
{"episode_reward": 985.0, "episode": 165.0, "batch_reward": 1.21053125, "critic_loss": 47.471204246521, "actor_loss": -159.3291807861328, "alpha_loss": -0.0047645145151764155, "alpha_value": 0.06358065992593766, "duration": 90.16365575790405, "step": 41250}
{"episode_reward": 934.0, "episode": 166.0, "batch_reward": 1.216375, "critic_loss": 47.0593670425415, "actor_loss": -161.00708227539062, "alpha_loss": -0.0011942960899323225, "alpha_value": 0.06384501856565475, "duration": 90.36824226379395, "step": 41500}
{"episode_reward": 126.0, "episode": 167.0, "batch_reward": 1.22975, "critic_loss": 47.21560125732422, "actor_loss": -161.46992834472655, "alpha_loss": 0.000607356769964099, "alpha_value": 0.0638211231827736, "duration": 90.3040120601654, "step": 41750}
{"episode_reward": 663.0, "episode": 168.0, "batch_reward": 1.2251875, "critic_loss": 44.523077781677245, "actor_loss": -164.20743872070312, "alpha_loss": 0.002758867247030139, "alpha_value": 0.06371241402626038, "duration": 90.25093579292297, "step": 42000}
{"episode_reward": 85.0, "episode": 169.0, "batch_reward": 1.21821875, "critic_loss": 47.64517622375488, "actor_loss": -162.35628723144532, "alpha_loss": 0.0008474645474925637, "alpha_value": 0.06355566477775573, "duration": 90.57397413253784, "step": 42250}
{"episode_reward": 149.0, "episode": 170.0, "batch_reward": 1.2231875, "critic_loss": 47.366407196044925, "actor_loss": -162.39351501464844, "alpha_loss": 0.00022408967372030019, "alpha_value": 0.06356098693609237, "duration": 90.36626100540161, "step": 42500}
{"episode_reward": 102.0, "episode": 171.0, "batch_reward": 1.2388125, "critic_loss": 49.23154708099365, "actor_loss": -164.89705944824217, "alpha_loss": -0.0007095679556950926, "alpha_value": 0.0635158029794693, "duration": 90.10650587081909, "step": 42750}
{"episode_reward": 993.0, "episode": 172.0, "batch_reward": 1.255125, "critic_loss": 58.33451565551758, "actor_loss": -165.25472131347655, "alpha_loss": 0.0010290284771472217, "alpha_value": 0.063498002409935, "duration": 90.5140962600708, "step": 43000}
{"episode_reward": 668.0, "episode": 173.0, "batch_reward": 1.22778125, "critic_loss": 54.144247604370115, "actor_loss": -165.7396212158203, "alpha_loss": -0.008163997464813291, "alpha_value": 0.0637466288805008, "duration": 90.57682824134827, "step": 43250}
{"episode_reward": 114.0, "episode": 174.0, "batch_reward": 1.24446875, "critic_loss": 59.69310762786865, "actor_loss": -166.3597546386719, "alpha_loss": -0.007067690212279558, "alpha_value": 0.06414577662944794, "duration": 90.40169382095337, "step": 43500}
{"episode_reward": 933.0, "episode": 175.0, "batch_reward": 1.2463125, "critic_loss": 53.06536807250976, "actor_loss": -168.2026954345703, "alpha_loss": -0.0047818905739113685, "alpha_value": 0.06457863241434098, "duration": 90.38548946380615, "step": 43750}
{"episode_reward": 223.0, "episode": 176.0, "batch_reward": 1.25153125, "critic_loss": 52.486123947143554, "actor_loss": -167.96609301757812, "alpha_loss": -0.00851044358406216, "alpha_value": 0.06495846563577652, "duration": 90.43463945388794, "step": 44000}
{"episode_reward": 526.0, "episode": 177.0, "batch_reward": 1.2505, "critic_loss": 48.257095863342286, "actor_loss": -170.10723779296876, "alpha_loss": -0.0014772772705182434, "alpha_value": 0.06531194591522217, "duration": 90.33650732040405, "step": 44250}
{"episode_reward": 985.0, "episode": 178.0, "batch_reward": 1.2820625, "critic_loss": 47.158382972717284, "actor_loss": -170.84137133789062, "alpha_loss": 0.0002410781611688435, "alpha_value": 0.06528008961677552, "duration": 90.02409195899963, "step": 44500}
{"episode_reward": 701.0, "episode": 179.0, "batch_reward": 1.293, "critic_loss": 48.818658164978025, "actor_loss": -172.14048376464845, "alpha_loss": -0.003548022040165961, "alpha_value": 0.06539274156093597, "duration": 90.41202592849731, "step": 44750}
{"episode_reward": 384.0, "episode": 180.0, "batch_reward": 1.286125, "critic_loss": 47.940280822753905, "actor_loss": -171.9494016113281, "alpha_loss": 0.0005756477536633611, "alpha_value": 0.06551224291324616, "duration": 89.93319702148438, "step": 45000}
{"episode_reward": 973.0, "episode": 181.0, "batch_reward": 1.2728125, "critic_loss": 48.09052278137207, "actor_loss": -173.87991296386718, "alpha_loss": -0.0025542815616354346, "alpha_value": 0.06551776766777039, "duration": 89.09005951881409, "step": 45250}
{"episode_reward": 71.0, "episode": 182.0, "batch_reward": 1.2915625, "critic_loss": 47.83541040039062, "actor_loss": -173.98973559570314, "alpha_loss": -0.005854501949623227, "alpha_value": 0.06580205136537552, "duration": 90.43063926696777, "step": 45500}
{"episode_reward": 35.0, "episode": 183.0, "batch_reward": 1.28171875, "critic_loss": 49.07602777099609, "actor_loss": -174.07937609863282, "alpha_loss": -5.50589244812727e-05, "alpha_value": 0.06597809940576553, "duration": 90.42404699325562, "step": 45750}
{"episode_reward": 3.0, "episode": 184.0, "batch_reward": 1.2693125, "critic_loss": 54.65080288696289, "actor_loss": -173.4327205810547, "alpha_loss": 0.0017978203315287828, "alpha_value": 0.06591466212272644, "duration": 90.403737783432, "step": 46000}
{"episode_reward": 867.0, "episode": 185.0, "batch_reward": 1.28734375, "critic_loss": 51.51917427062988, "actor_loss": -176.15544995117187, "alpha_loss": -0.0018395941527560354, "alpha_value": 0.06590911829471588, "duration": 90.27351880073547, "step": 46250}
{"episode_reward": 920.0, "episode": 186.0, "batch_reward": 1.30634375, "critic_loss": 49.479097846984864, "actor_loss": -177.7890623779297, "alpha_loss": 0.0013473111446946858, "alpha_value": 0.06598162770271301, "duration": 90.47822308540344, "step": 46500}
{"episode_reward": 0.0, "episode": 187.0, "batch_reward": 1.29290625, "critic_loss": 58.79001963043213, "actor_loss": -177.76923486328124, "alpha_loss": -0.006972846965305507, "alpha_value": 0.06609843420982361, "duration": 90.35298681259155, "step": 46750}
{"episode_reward": 974.0, "episode": 188.0, "batch_reward": 1.32509375, "critic_loss": 49.93751747894287, "actor_loss": -177.85796350097655, "alpha_loss": -0.004429038563743234, "alpha_value": 0.06650019305944442, "duration": 90.32678556442261, "step": 47000}
{"episode_reward": 959.0, "episode": 189.0, "batch_reward": 1.32065625, "critic_loss": 56.6321784362793, "actor_loss": -179.80779272460939, "alpha_loss": -0.009385138320736588, "alpha_value": 0.06686142975091934, "duration": 90.2895188331604, "step": 47250}
{"episode_reward": 6.0, "episode": 190.0, "batch_reward": 1.33434375, "critic_loss": 66.34710062408448, "actor_loss": -179.59727062988281, "alpha_loss": -0.009693073962815105, "alpha_value": 0.06743208211660386, "duration": 90.08414006233215, "step": 47500}
{"episode_reward": 0.0, "episode": 191.0, "batch_reward": 1.3190625, "critic_loss": 52.61837255096435, "actor_loss": -180.67888623046875, "alpha_loss": -0.007214342085644603, "alpha_value": 0.06806824165582658, "duration": 90.20030999183655, "step": 47750}
{"episode_reward": 988.0, "episode": 192.0, "batch_reward": 1.316875, "critic_loss": 49.565224334716795, "actor_loss": -180.94843957519532, "alpha_loss": -0.00863254133798182, "alpha_value": 0.06851548725366592, "duration": 90.41022753715515, "step": 48000}
{"episode_reward": 245.0, "episode": 193.0, "batch_reward": 1.32903125, "critic_loss": 54.32285280609131, "actor_loss": -183.29699829101563, "alpha_loss": -0.006437577597796917, "alpha_value": 0.0689634217619896, "duration": 90.47612690925598, "step": 48250}
{"episode_reward": 718.0, "episode": 194.0, "batch_reward": 1.31740625, "critic_loss": 50.854060859680175, "actor_loss": -184.1432840576172, "alpha_loss": -0.00841332076396793, "alpha_value": 0.06934905368089676, "duration": 90.33345437049866, "step": 48500}
{"episode_reward": 965.0, "episode": 195.0, "batch_reward": 1.3315625, "critic_loss": 53.51024440002441, "actor_loss": -184.16861877441406, "alpha_loss": -0.006954394455999136, "alpha_value": 0.06982188105583191, "duration": 90.35086560249329, "step": 48750}
{"episode_reward": 555.0, "episode": 196.0, "batch_reward": 1.33871875, "critic_loss": 54.94349375152588, "actor_loss": -184.9454910888672, "alpha_loss": -0.004577771099284291, "alpha_value": 0.07019990062713623, "duration": 90.49313473701477, "step": 49000}
{"episode_reward": 10.0, "episode": 197.0, "batch_reward": 1.360375, "critic_loss": 53.68708197021484, "actor_loss": -187.50891955566405, "alpha_loss": -0.005524077545851469, "alpha_value": 0.07044112497568131, "duration": 90.6209032535553, "step": 49250}
{"episode_reward": 967.0, "episode": 198.0, "batch_reward": 1.36059375, "critic_loss": 48.68239083862305, "actor_loss": -188.62317260742188, "alpha_loss": -0.007126094991341233, "alpha_value": 0.07079358053207398, "duration": 90.27479910850525, "step": 49500}
{"episode_reward": 990.0, "episode": 199.0, "batch_reward": 1.35803125, "critic_loss": 54.01761198425293, "actor_loss": -188.4418807373047, "alpha_loss": -0.006855134627781808, "alpha_value": 0.07121608096361161, "duration": 90.22715973854065, "step": 49750}
{"episode_reward": 983.0, "episode": 200.0, "batch_reward": 1.375125, "critic_loss": 49.15806302642822, "actor_loss": -191.2282684326172, "alpha_loss": -0.01425764598697424, "alpha_value": 0.07198568040132522, "duration": 90.16865038871765, "step": 50000}
{"episode_reward": 959.0, "episode": 201.0, "batch_reward": 1.3866875, "critic_loss": 47.0964439163208, "actor_loss": -192.25289343261718, "alpha_loss": -0.0029295892799273133, "alpha_value": 0.07242033481597901, "duration": 106.63010501861572, "step": 50250}
{"episode_reward": 0.0, "episode": 202.0, "batch_reward": 1.3799375, "critic_loss": 57.08287046051026, "actor_loss": -192.22042639160156, "alpha_loss": -0.008666987050324678, "alpha_value": 0.07270037245750427, "duration": 90.16256475448608, "step": 50500}
{"episode_reward": 41.0, "episode": 203.0, "batch_reward": 1.37440625, "critic_loss": 55.63268372344971, "actor_loss": -193.43215112304688, "alpha_loss": -0.007370279291179031, "alpha_value": 0.0732240200638771, "duration": 90.45171546936035, "step": 50750}
{"episode_reward": 5.0, "episode": 204.0, "batch_reward": 1.36803125, "critic_loss": 54.183975547790524, "actor_loss": -192.42011584472655, "alpha_loss": -0.00966908891312778, "alpha_value": 0.07371629923582076, "duration": 90.67491674423218, "step": 51000}
{"episode_reward": 0.0, "episode": 205.0, "batch_reward": 1.3614375, "critic_loss": 51.44545890808106, "actor_loss": -192.92787573242188, "alpha_loss": -0.011362950520589948, "alpha_value": 0.0742961866259575, "duration": 90.56908416748047, "step": 51250}
{"episode_reward": 702.0, "episode": 206.0, "batch_reward": 1.36459375, "critic_loss": 51.497184394836424, "actor_loss": -193.64277563476563, "alpha_loss": -0.0130703216008842, "alpha_value": 0.074940898001194, "duration": 90.44678378105164, "step": 51500}
{"episode_reward": 966.0, "episode": 207.0, "batch_reward": 1.372, "critic_loss": 48.44895039367676, "actor_loss": -195.93167541503905, "alpha_loss": -0.013850235532969237, "alpha_value": 0.07577507561445236, "duration": 90.15574932098389, "step": 51750}
{"episode_reward": 8.0, "episode": 208.0, "batch_reward": 1.39734375, "critic_loss": 44.77724196624756, "actor_loss": -196.4572830810547, "alpha_loss": -0.011250234497711063, "alpha_value": 0.07650424718856812, "duration": 90.67446208000183, "step": 52000}
{"episode_reward": 192.0, "episode": 209.0, "batch_reward": 1.396125, "critic_loss": 49.08484181213379, "actor_loss": -195.70694519042968, "alpha_loss": -0.0036238799151033165, "alpha_value": 0.07684181010723114, "duration": 90.54004406929016, "step": 52250}
{"episode_reward": 102.0, "episode": 210.0, "batch_reward": 1.37621875, "critic_loss": 50.60991279602051, "actor_loss": -196.02801403808593, "alpha_loss": -0.012338869454339147, "alpha_value": 0.07723173284530639, "duration": 90.22876572608948, "step": 52500}
{"episode_reward": 955.0, "episode": 211.0, "batch_reward": 1.37828125, "critic_loss": 53.199210716247556, "actor_loss": -198.5155877685547, "alpha_loss": -0.01482933375518769, "alpha_value": 0.07796933436393738, "duration": 90.71662402153015, "step": 52750}
{"episode_reward": 73.0, "episode": 212.0, "batch_reward": 1.38215625, "critic_loss": 49.52909122467041, "actor_loss": -197.83308569335938, "alpha_loss": -0.006157637541182339, "alpha_value": 0.0786328318119049, "duration": 90.34156847000122, "step": 53000}
{"episode_reward": 984.0, "episode": 213.0, "batch_reward": 1.38565625, "critic_loss": 48.28071420288086, "actor_loss": -197.12942785644532, "alpha_loss": -0.0032958082761615514, "alpha_value": 0.07888686209917069, "duration": 90.20081400871277, "step": 53250}
{"episode_reward": 82.0, "episode": 214.0, "batch_reward": 1.3858125, "critic_loss": 52.53478448486328, "actor_loss": -199.5558448486328, "alpha_loss": -0.001198488712310791, "alpha_value": 0.0790315153002739, "duration": 90.4010329246521, "step": 53500}
{"episode_reward": 167.0, "episode": 215.0, "batch_reward": 1.37315625, "critic_loss": 54.62864231109619, "actor_loss": -200.45037854003905, "alpha_loss": -0.004110847350209951, "alpha_value": 0.07917908090353012, "duration": 90.41613721847534, "step": 53750}
{"episode_reward": 11.0, "episode": 216.0, "batch_reward": 1.3628125, "critic_loss": 49.06461993408203, "actor_loss": -199.87974157714845, "alpha_loss": -0.003188539765775204, "alpha_value": 0.07939229243993759, "duration": 90.23107314109802, "step": 54000}
{"episode_reward": 0.0, "episode": 217.0, "batch_reward": 1.36440625, "critic_loss": 50.88355879211426, "actor_loss": -200.00088842773437, "alpha_loss": -0.004047063450329006, "alpha_value": 0.0795603667497635, "duration": 90.64118504524231, "step": 54250}
{"episode_reward": 760.0, "episode": 218.0, "batch_reward": 1.39346875, "critic_loss": 52.238668334960934, "actor_loss": -200.25883337402342, "alpha_loss": -0.0025374134043231605, "alpha_value": 0.07981530225276948, "duration": 90.58817195892334, "step": 54500}
{"episode_reward": 956.0, "episode": 219.0, "batch_reward": 1.40259375, "critic_loss": 50.85529726409912, "actor_loss": -202.15412109375, "alpha_loss": 0.0027362635158933698, "alpha_value": 0.07978736108541488, "duration": 90.44039678573608, "step": 54750}
{"episode_reward": 220.0, "episode": 220.0, "batch_reward": 1.3875625, "critic_loss": 49.422234535217285, "actor_loss": -201.3890330810547, "alpha_loss": -0.0046237371629104015, "alpha_value": 0.07976869428157807, "duration": 90.27583336830139, "step": 55000}
{"episode_reward": 959.0, "episode": 221.0, "batch_reward": 1.3855, "critic_loss": 50.975724533081056, "actor_loss": -201.45349279785157, "alpha_loss": -0.0020564674995839595, "alpha_value": 0.08003135859966277, "duration": 90.1816475391388, "step": 55250}
{"episode_reward": 313.0, "episode": 222.0, "batch_reward": 1.39934375, "critic_loss": 48.68437523651123, "actor_loss": -202.9004992675781, "alpha_loss": 0.00011281434167176485, "alpha_value": 0.08008100455999374, "duration": 90.15164518356323, "step": 55500}
{"episode_reward": 168.0, "episode": 223.0, "batch_reward": 1.37534375, "critic_loss": 46.86160401153565, "actor_loss": -203.6761973876953, "alpha_loss": 0.004254189308732748, "alpha_value": 0.07990355747938156, "duration": 89.24521541595459, "step": 55750}
{"episode_reward": 111.0, "episode": 224.0, "batch_reward": 1.37025, "critic_loss": 55.098737693786624, "actor_loss": -202.58113720703125, "alpha_loss": -0.0030221364879980685, "alpha_value": 0.07986641353368759, "duration": 89.2177197933197, "step": 56000}
{"episode_reward": 122.0, "episode": 225.0, "batch_reward": 1.38325, "critic_loss": 48.24191970062256, "actor_loss": -202.43879443359376, "alpha_loss": 0.0005305967628955841, "alpha_value": 0.07998329293727875, "duration": 90.23826861381531, "step": 56250}
{"episode_reward": 827.0, "episode": 226.0, "batch_reward": 1.386875, "critic_loss": 45.645988494873045, "actor_loss": -204.35685620117187, "alpha_loss": -0.0001782723208889365, "alpha_value": 0.07988747996091843, "duration": 90.45194506645203, "step": 56500}
{"episode_reward": 954.0, "episode": 227.0, "batch_reward": 1.39871875, "critic_loss": 55.77126638031006, "actor_loss": -206.77855847167967, "alpha_loss": 0.0009500471637584269, "alpha_value": 0.07995568919181824, "duration": 90.32462549209595, "step": 56750}
{"episode_reward": 98.0, "episode": 228.0, "batch_reward": 1.397125, "critic_loss": 50.28340476226806, "actor_loss": -204.86366271972656, "alpha_loss": -0.0019148935787379742, "alpha_value": 0.07983230483531951, "duration": 90.51901698112488, "step": 57000}
{"episode_reward": 199.0, "episode": 229.0, "batch_reward": 1.42075, "critic_loss": 49.71345539855957, "actor_loss": -207.81411474609374, "alpha_loss": -0.0019612200204282997, "alpha_value": 0.08012501960992813, "duration": 90.3489134311676, "step": 57250}
{"episode_reward": 975.0, "episode": 230.0, "batch_reward": 1.39453125, "critic_loss": 45.59115470123291, "actor_loss": -207.35487609863281, "alpha_loss": -0.0013680289462208747, "alpha_value": 0.08020132505893707, "duration": 90.15411520004272, "step": 57500}
{"episode_reward": 876.0, "episode": 231.0, "batch_reward": 1.4313125, "critic_loss": 47.93272689056396, "actor_loss": -206.36842749023438, "alpha_loss": 0.005750598225742578, "alpha_value": 0.08004982340335846, "duration": 90.47237730026245, "step": 57750}
{"episode_reward": 928.0, "episode": 232.0, "batch_reward": 1.43303125, "critic_loss": 49.99385015869141, "actor_loss": -210.6125831298828, "alpha_loss": 0.0026270878929644825, "alpha_value": 0.07971558326482772, "duration": 90.28597331047058, "step": 58000}
{"episode_reward": 24.0, "episode": 233.0, "batch_reward": 1.4089375, "critic_loss": 48.14724674987793, "actor_loss": -207.19553723144531, "alpha_loss": -0.0030912976022809745, "alpha_value": 0.07979647076129913, "duration": 90.08383750915527, "step": 58250}
{"episode_reward": 406.0, "episode": 234.0, "batch_reward": 1.40703125, "critic_loss": 48.35737233734131, "actor_loss": -208.7234020996094, "alpha_loss": -0.001289127567782998, "alpha_value": 0.07988592916727066, "duration": 90.55723214149475, "step": 58500}
{"episode_reward": 31.0, "episode": 235.0, "batch_reward": 1.43065625, "critic_loss": 48.58666400146485, "actor_loss": -208.809880859375, "alpha_loss": 0.012523460648953915, "alpha_value": 0.07955938291549683, "duration": 96.032066822052, "step": 58750}
{"episode_reward": 995.0, "episode": 236.0, "batch_reward": 1.4309375, "critic_loss": 60.034636589050294, "actor_loss": -209.84505212402343, "alpha_loss": 0.003324698006734252, "alpha_value": 0.07911652582883835, "duration": 96.54668855667114, "step": 59000}
{"episode_reward": 508.0, "episode": 237.0, "batch_reward": 1.4305, "critic_loss": 56.324807266235354, "actor_loss": -211.46093884277343, "alpha_loss": 0.008453319594264031, "alpha_value": 0.07868250471353531, "duration": 102.37119936943054, "step": 59250}
{"episode_reward": 925.0, "episode": 238.0, "batch_reward": 1.448625, "critic_loss": 54.31352919006348, "actor_loss": -212.3984719238281, "alpha_loss": 0.0030360861122608186, "alpha_value": 0.07836004078388215, "duration": 103.3546450138092, "step": 59500}
{"episode_reward": 10.0, "episode": 239.0, "batch_reward": 1.424625, "critic_loss": 50.987149505615236, "actor_loss": -212.1329588623047, "alpha_loss": 0.004342770114541054, "alpha_value": 0.07809259849786758, "duration": 97.92078924179077, "step": 59750}
{"episode_reward": 955.0, "episode": 240.0, "batch_reward": 1.46875, "critic_loss": 50.50464821624756, "actor_loss": -214.38803686523437, "alpha_loss": 0.001092700406908989, "alpha_value": 0.0779468721151352, "duration": 101.62903499603271, "step": 60000}
{"episode_reward": 47.0, "episode": 241.0, "batch_reward": 1.43196875, "critic_loss": 61.67597565460205, "actor_loss": -210.2411346435547, "alpha_loss": 0.0030859021292999386, "alpha_value": 0.07781631362438202, "duration": 114.89647316932678, "step": 60250}
{"episode_reward": 973.0, "episode": 242.0, "batch_reward": 1.47190625, "critic_loss": 49.54573811340332, "actor_loss": -215.28877319335936, "alpha_loss": 0.003838995578698814, "alpha_value": 0.07761382806301118, "duration": 101.18079137802124, "step": 60500}
{"episode_reward": 830.0, "episode": 243.0, "batch_reward": 1.45634375, "critic_loss": 44.86750006103516, "actor_loss": -214.6563194580078, "alpha_loss": 0.005242262847721577, "alpha_value": 0.07734810364246368, "duration": 99.71814918518066, "step": 60750}
{"episode_reward": 968.0, "episode": 244.0, "batch_reward": 1.47328125, "critic_loss": 47.27257275390625, "actor_loss": -215.13373510742187, "alpha_loss": 0.007457745291292667, "alpha_value": 0.07696983271837235, "duration": 99.21677088737488, "step": 61000}
{"episode_reward": 962.0, "episode": 245.0, "batch_reward": 1.4765625, "critic_loss": 47.7200152053833, "actor_loss": -214.40614599609376, "alpha_loss": 0.007366414025425911, "alpha_value": 0.07658089709281922, "duration": 101.11991953849792, "step": 61250}
{"episode_reward": 609.0, "episode": 246.0, "batch_reward": 1.4858125, "critic_loss": 46.23494803619385, "actor_loss": -216.71684521484374, "alpha_loss": 0.009123740268871187, "alpha_value": 0.07601531326770783, "duration": 99.57361912727356, "step": 61500}
{"episode_reward": 998.0, "episode": 247.0, "batch_reward": 1.4995, "critic_loss": 45.65182025146484, "actor_loss": -217.3330284423828, "alpha_loss": 0.004178148837760091, "alpha_value": 0.07564657616615296, "duration": 103.08207774162292, "step": 61750}
{"episode_reward": 1000.0, "episode": 248.0, "batch_reward": 1.4944375, "critic_loss": 43.95508552551269, "actor_loss": -216.12612915039062, "alpha_loss": 9.826792078092694e-05, "alpha_value": 0.07557192921638489, "duration": 102.13218760490417, "step": 62000}
{"episode_reward": 39.0, "episode": 249.0, "batch_reward": 1.49290625, "critic_loss": 49.799630210876465, "actor_loss": -217.2645714111328, "alpha_loss": -0.00012800396606326103, "alpha_value": 0.07554330629110337, "duration": 102.6303870677948, "step": 62250}
{"episode_reward": 184.0, "episode": 250.0, "batch_reward": 1.47721875, "critic_loss": 57.04761814117432, "actor_loss": -216.68363464355468, "alpha_loss": -0.0027199200233444572, "alpha_value": 0.07561411267518997, "duration": 102.03531908988953, "step": 62500}
{"episode_reward": 258.0, "episode": 251.0, "batch_reward": 1.49896875, "critic_loss": 51.84377147674561, "actor_loss": -218.159658203125, "alpha_loss": -0.002494288459420204, "alpha_value": 0.07583487904071808, "duration": 83.76465320587158, "step": 62750}
{"episode_reward": 981.0, "episode": 252.0, "batch_reward": 1.49084375, "critic_loss": 55.083226348876956, "actor_loss": -217.14736376953124, "alpha_loss": -0.0015661186426877975, "alpha_value": 0.07584603953361511, "duration": 77.1703109741211, "step": 63000}
{"episode_reward": 848.0, "episode": 253.0, "batch_reward": 1.50384375, "critic_loss": 51.79482960510254, "actor_loss": -220.00308215332032, "alpha_loss": -0.0021324611995369195, "alpha_value": 0.07603282862901688, "duration": 77.16812515258789, "step": 63250}
{"episode_reward": 873.0, "episode": 254.0, "batch_reward": 1.5179375, "critic_loss": 47.27957093048096, "actor_loss": -221.55651184082032, "alpha_loss": -0.0005433120410889387, "alpha_value": 0.07611175692081451, "duration": 76.84866690635681, "step": 63500}
{"episode_reward": 1000.0, "episode": 255.0, "batch_reward": 1.54228125, "critic_loss": 51.125093795776365, "actor_loss": -221.98657641601562, "alpha_loss": -0.0013411234207451343, "alpha_value": 0.07615453803539277, "duration": 76.6973066329956, "step": 63750}
{"episode_reward": 778.0, "episode": 256.0, "batch_reward": 1.525125, "critic_loss": 54.024542709350584, "actor_loss": -222.15167395019532, "alpha_loss": -0.0018332214588299394, "alpha_value": 0.07635096657276154, "duration": 77.35879039764404, "step": 64000}
{"episode_reward": 971.0, "episode": 257.0, "batch_reward": 1.54878125, "critic_loss": 50.16130211639404, "actor_loss": -222.7480897216797, "alpha_loss": 0.0016995246931910514, "alpha_value": 0.07628382271528245, "duration": 76.84794974327087, "step": 64250}
{"episode_reward": 798.0, "episode": 258.0, "batch_reward": 1.541375, "critic_loss": 57.820134483337405, "actor_loss": -224.07108618164062, "alpha_loss": 0.001107324038632214, "alpha_value": 0.07611874800920486, "duration": 76.95429635047913, "step": 64500}
{"episode_reward": 191.0, "episode": 259.0, "batch_reward": 1.54453125, "critic_loss": 48.96673301696777, "actor_loss": -225.47301538085938, "alpha_loss": 0.0005040354365482926, "alpha_value": 0.07616383415460587, "duration": 77.12770509719849, "step": 64750}
{"episode_reward": 963.0, "episode": 260.0, "batch_reward": 1.5621875, "critic_loss": 51.365913284301755, "actor_loss": -222.62211791992186, "alpha_loss": 0.0016908034579828381, "alpha_value": 0.07603441578149796, "duration": 89.16547894477844, "step": 65000}
{"episode_reward": 401.0, "episode": 261.0, "batch_reward": 1.5514375, "critic_loss": 50.09908303833008, "actor_loss": -223.1908468017578, "alpha_loss": -0.001450256093405187, "alpha_value": 0.07610580098628998, "duration": 90.46056008338928, "step": 65250}
{"episode_reward": 742.0, "episode": 262.0, "batch_reward": 1.56528125, "critic_loss": 50.58772260284424, "actor_loss": -226.53872021484375, "alpha_loss": -0.0005433558840304613, "alpha_value": 0.07614801794290543, "duration": 90.43083024024963, "step": 65500}
{"episode_reward": 957.0, "episode": 263.0, "batch_reward": 1.57190625, "critic_loss": 45.78882788848877, "actor_loss": -226.55635498046874, "alpha_loss": 0.0037705272529274226, "alpha_value": 0.07602191072702408, "duration": 90.60100555419922, "step": 65750}
{"episode_reward": 332.0, "episode": 264.0, "batch_reward": 1.59528125, "critic_loss": 47.728617362976074, "actor_loss": -228.27064501953126, "alpha_loss": 0.005812318081967533, "alpha_value": 0.07571989917755127, "duration": 90.64026236534119, "step": 66000}
{"episode_reward": 979.0, "episode": 265.0, "batch_reward": 1.57834375, "critic_loss": 49.56090090942383, "actor_loss": -227.96693933105468, "alpha_loss": 0.00021935952734202148, "alpha_value": 0.07543577408790589, "duration": 90.38176989555359, "step": 66250}
{"episode_reward": 2.0, "episode": 266.0, "batch_reward": 1.56371875, "critic_loss": 50.149000717163084, "actor_loss": -227.47871020507813, "alpha_loss": -6.121202837675809e-05, "alpha_value": 0.07549819612503052, "duration": 90.64454913139343, "step": 66500}
{"episode_reward": 942.0, "episode": 267.0, "batch_reward": 1.58071875, "critic_loss": 57.179032806396485, "actor_loss": -228.064763671875, "alpha_loss": -0.0005159588903188706, "alpha_value": 0.07551358139514923, "duration": 90.67083835601807, "step": 66750}
{"episode_reward": 891.0, "episode": 268.0, "batch_reward": 1.58203125, "critic_loss": 52.95244871520996, "actor_loss": -230.24054528808594, "alpha_loss": -0.0033920083921402692, "alpha_value": 0.07564867109060287, "duration": 90.8733160495758, "step": 67000}
{"episode_reward": 965.0, "episode": 269.0, "batch_reward": 1.58575, "critic_loss": 51.4025555267334, "actor_loss": -229.4537470703125, "alpha_loss": -0.005690381647087634, "alpha_value": 0.0759524050951004, "duration": 90.03141450881958, "step": 67250}
{"episode_reward": 689.0, "episode": 270.0, "batch_reward": 1.58440625, "critic_loss": 47.920095443725586, "actor_loss": -230.55871508789062, "alpha_loss": 0.0012548358151689171, "alpha_value": 0.07609857821464538, "duration": 90.56995606422424, "step": 67500}
{"episode_reward": 146.0, "episode": 271.0, "batch_reward": 1.60946875, "critic_loss": 49.33816765594482, "actor_loss": -233.33656750488282, "alpha_loss": 0.0006067805029451848, "alpha_value": 0.07600659239292144, "duration": 90.58800721168518, "step": 67750}
{"episode_reward": 957.0, "episode": 272.0, "batch_reward": 1.62034375, "critic_loss": 45.203114151000975, "actor_loss": -234.47382556152343, "alpha_loss": 0.0012705974690616132, "alpha_value": 0.07592148745059966, "duration": 90.40522623062134, "step": 68000}
{"episode_reward": 948.0, "episode": 273.0, "batch_reward": 1.60625, "critic_loss": 47.892125526428224, "actor_loss": -232.6558807373047, "alpha_loss": 0.00018670879770070316, "alpha_value": 0.07589587634801864, "duration": 90.69098734855652, "step": 68250}
{"episode_reward": 378.0, "episode": 274.0, "batch_reward": 1.61840625, "critic_loss": 46.41231678009033, "actor_loss": -233.62326708984375, "alpha_loss": -0.001689975569024682, "alpha_value": 0.07596464043855668, "duration": 90.63043212890625, "step": 68500}
{"episode_reward": 918.0, "episode": 275.0, "batch_reward": 1.63071875, "critic_loss": 50.737765327453616, "actor_loss": -234.68389672851563, "alpha_loss": -0.008036246543750167, "alpha_value": 0.07630689090490342, "duration": 90.44986486434937, "step": 68750}
{"episode_reward": 978.0, "episode": 276.0, "batch_reward": 1.629125, "critic_loss": 59.01347184753418, "actor_loss": -234.9181358642578, "alpha_loss": -0.0027076193783432245, "alpha_value": 0.07669745773077011, "duration": 90.7844033241272, "step": 69000}
{"episode_reward": 590.0, "episode": 277.0, "batch_reward": 1.65271875, "critic_loss": 48.79301792907715, "actor_loss": -237.31191870117186, "alpha_loss": -0.00027363037690520287, "alpha_value": 0.07675807470083237, "duration": 90.72732663154602, "step": 69250}
{"episode_reward": 904.0, "episode": 278.0, "batch_reward": 1.64134375, "critic_loss": 49.01534590911865, "actor_loss": -238.1913592529297, "alpha_loss": -0.0036880361195653676, "alpha_value": 0.07682340538501739, "duration": 90.57928681373596, "step": 69500}
{"episode_reward": 864.0, "episode": 279.0, "batch_reward": 1.63090625, "critic_loss": 48.07389601135254, "actor_loss": -236.20162536621095, "alpha_loss": -0.005412780502811074, "alpha_value": 0.07716526782512664, "duration": 90.72621393203735, "step": 69750}
{"episode_reward": 0.0, "episode": 280.0, "batch_reward": 1.63003125, "critic_loss": 47.93193685913086, "actor_loss": -237.61640771484375, "alpha_loss": 0.0031372295171022417, "alpha_value": 0.07731913411617279, "duration": 90.84421944618225, "step": 70000}
{"episode_reward": 680.0, "episode": 281.0, "batch_reward": 1.6285, "critic_loss": 48.10906799316406, "actor_loss": -237.18426879882813, "alpha_loss": 0.00015707251708954573, "alpha_value": 0.07708589947223664, "duration": 104.86431765556335, "step": 70250}
{"episode_reward": 977.0, "episode": 282.0, "batch_reward": 1.64109375, "critic_loss": 51.87206274414063, "actor_loss": -238.05093029785155, "alpha_loss": -0.003202195378020406, "alpha_value": 0.0771988308429718, "duration": 90.6117525100708, "step": 70500}
{"episode_reward": 72.0, "episode": 283.0, "batch_reward": 1.648625, "critic_loss": 48.934006355285646, "actor_loss": -239.4520107421875, "alpha_loss": -0.0019118093457072974, "alpha_value": 0.07730955290794372, "duration": 90.26703119277954, "step": 70750}
{"episode_reward": 981.0, "episode": 284.0, "batch_reward": 1.6510625, "critic_loss": 47.67816943359375, "actor_loss": -240.17216564941407, "alpha_loss": -0.0017727225087583065, "alpha_value": 0.07754358959197998, "duration": 90.46303033828735, "step": 71000}
{"episode_reward": 928.0, "episode": 285.0, "batch_reward": 1.66090625, "critic_loss": 51.58714421081543, "actor_loss": -242.56191162109374, "alpha_loss": -0.002631650745868683, "alpha_value": 0.07761807280778885, "duration": 90.35398197174072, "step": 71250}
{"episode_reward": 0.0, "episode": 286.0, "batch_reward": 1.64578125, "critic_loss": 49.1887663269043, "actor_loss": -242.1479064941406, "alpha_loss": -0.0010386546114459635, "alpha_value": 0.07778066152334213, "duration": 90.60839056968689, "step": 71500}
{"episode_reward": 935.0, "episode": 287.0, "batch_reward": 1.65003125, "critic_loss": 47.6413755569458, "actor_loss": -242.58478784179687, "alpha_loss": 0.0007342210970818997, "alpha_value": 0.07779972660541534, "duration": 90.08626079559326, "step": 71750}
{"episode_reward": 959.0, "episode": 288.0, "batch_reward": 1.678, "critic_loss": 45.4576308670044, "actor_loss": -245.04648669433593, "alpha_loss": -0.0030024120919406416, "alpha_value": 0.07781888383626938, "duration": 90.48619937896729, "step": 72000}
{"episode_reward": 881.0, "episode": 289.0, "batch_reward": 1.681125, "critic_loss": 54.33278810882568, "actor_loss": -245.5644910888672, "alpha_loss": -0.004694476580247283, "alpha_value": 0.07805210149288178, "duration": 90.55224561691284, "step": 72250}
{"episode_reward": 959.0, "episode": 290.0, "batch_reward": 1.6746875, "critic_loss": 52.13603985595703, "actor_loss": -246.29321875, "alpha_loss": -0.003953452465124428, "alpha_value": 0.07840084099769593, "duration": 90.67080211639404, "step": 72500}
{"episode_reward": 64.0, "episode": 291.0, "batch_reward": 1.6895, "critic_loss": 51.87389428710937, "actor_loss": -246.89197448730468, "alpha_loss": -0.004184280853718519, "alpha_value": 0.07873857980966568, "duration": 90.67310237884521, "step": 72750}
{"episode_reward": 983.0, "episode": 292.0, "batch_reward": 1.6700625, "critic_loss": 52.70730001831055, "actor_loss": -245.04410986328125, "alpha_loss": -0.002189534908160567, "alpha_value": 0.07880590212345123, "duration": 90.26700353622437, "step": 73000}
{"episode_reward": 928.0, "episode": 293.0, "batch_reward": 1.6926875, "critic_loss": 43.68207598114014, "actor_loss": -247.8049786376953, "alpha_loss": -0.002906851747073233, "alpha_value": 0.07899189239740372, "duration": 90.59409594535828, "step": 73250}
{"episode_reward": 984.0, "episode": 294.0, "batch_reward": 1.71215625, "critic_loss": 49.173479225158694, "actor_loss": -249.38643005371094, "alpha_loss": -0.002687340633943677, "alpha_value": 0.07920999830961227, "duration": 90.41870498657227, "step": 73500}
{"episode_reward": 686.0, "episode": 295.0, "batch_reward": 1.7030625, "critic_loss": 44.8901877822876, "actor_loss": -248.36799865722656, "alpha_loss": -0.0006087059006094933, "alpha_value": 0.07924600839614868, "duration": 90.7071750164032, "step": 73750}
{"episode_reward": 972.0, "episode": 296.0, "batch_reward": 1.69821875, "critic_loss": 46.84114433288574, "actor_loss": -248.90836779785155, "alpha_loss": -0.00010114637576043606, "alpha_value": 0.07930410426855088, "duration": 90.34728336334229, "step": 74000}
{"episode_reward": 0.0, "episode": 297.0, "batch_reward": 1.7145625, "critic_loss": 72.17105084228515, "actor_loss": -250.6391951904297, "alpha_loss": 0.0014231183547526599, "alpha_value": 0.0793375724554062, "duration": 90.46808576583862, "step": 74250}
{"episode_reward": 562.0, "episode": 298.0, "batch_reward": 1.717, "critic_loss": 57.122089057922366, "actor_loss": -250.6899754638672, "alpha_loss": 0.0020148437432944773, "alpha_value": 0.0791010646224022, "duration": 90.4829671382904, "step": 74500}
{"episode_reward": 271.0, "episode": 299.0, "batch_reward": 1.70740625, "critic_loss": 64.55243672943115, "actor_loss": -251.75209436035155, "alpha_loss": -0.0006800134796649218, "alpha_value": 0.07917460161447525, "duration": 90.78584265708923, "step": 74750}
{"episode_reward": 0.0, "episode": 300.0, "batch_reward": 1.68196875, "critic_loss": 73.36336877441406, "actor_loss": -249.68347705078125, "alpha_loss": 0.005862141024321318, "alpha_value": 0.0789680027961731, "duration": 90.61164808273315, "step": 75000}
{"episode_reward": 687.0, "episode": 301.0, "batch_reward": 1.72521875, "critic_loss": 62.76327433013916, "actor_loss": -253.5074406738281, "alpha_loss": 0.003976251982152462, "alpha_value": 0.07870196461677552, "duration": 90.11257362365723, "step": 75250}
{"episode_reward": 896.0, "episode": 302.0, "batch_reward": 1.71284375, "critic_loss": 56.26371495819092, "actor_loss": -253.0880343017578, "alpha_loss": 0.0008876065313816071, "alpha_value": 0.07851132541894913, "duration": 90.4093279838562, "step": 75500}
{"episode_reward": 907.0, "episode": 303.0, "batch_reward": 1.7161875, "critic_loss": 51.64114533233643, "actor_loss": -253.85609167480467, "alpha_loss": 0.004374604431912303, "alpha_value": 0.07835246342420578, "duration": 90.50386071205139, "step": 75750}
{"episode_reward": 503.0, "episode": 304.0, "batch_reward": 1.73403125, "critic_loss": 74.13320393371582, "actor_loss": -253.78359753417968, "alpha_loss": -0.0023726129811257124, "alpha_value": 0.07820779114961623, "duration": 90.73599910736084, "step": 76000}
{"episode_reward": 968.0, "episode": 305.0, "batch_reward": 1.72571875, "critic_loss": 59.657931632995606, "actor_loss": -255.07458630371093, "alpha_loss": 0.0019126816960051657, "alpha_value": 0.0781885433793068, "duration": 90.92792272567749, "step": 76250}
{"episode_reward": 944.0, "episode": 306.0, "batch_reward": 1.72528125, "critic_loss": 63.413534011840824, "actor_loss": -256.30598876953127, "alpha_loss": 0.0014043514523655175, "alpha_value": 0.0781685978770256, "duration": 90.87299251556396, "step": 76500}
{"episode_reward": 378.0, "episode": 307.0, "batch_reward": 1.7380625, "critic_loss": 57.415423446655275, "actor_loss": -255.59634948730468, "alpha_loss": -0.0021308990474790336, "alpha_value": 0.07812298887968064, "duration": 90.48104166984558, "step": 76750}
{"episode_reward": 113.0, "episode": 308.0, "batch_reward": 1.726375, "critic_loss": 62.38843719482422, "actor_loss": -255.5469366455078, "alpha_loss": -0.007172963574528694, "alpha_value": 0.07852163088321686, "duration": 90.37108087539673, "step": 77000}
{"episode_reward": 789.0, "episode": 309.0, "batch_reward": 1.73825, "critic_loss": 48.66233994293213, "actor_loss": -256.1290490722656, "alpha_loss": -0.0026932604033499956, "alpha_value": 0.0788158427476883, "duration": 90.51497006416321, "step": 77250}
{"episode_reward": 680.0, "episode": 310.0, "batch_reward": 1.71990625, "critic_loss": 47.081582412719726, "actor_loss": -255.3868995361328, "alpha_loss": -0.001102793613448739, "alpha_value": 0.07883661806583404, "duration": 90.78337454795837, "step": 77500}
{"episode_reward": 955.0, "episode": 311.0, "batch_reward": 1.74696875, "critic_loss": 49.08142362213135, "actor_loss": -257.08305578613283, "alpha_loss": 0.0001470489166676998, "alpha_value": 0.07895570611953735, "duration": 90.63819432258606, "step": 77750}
{"episode_reward": 978.0, "episode": 312.0, "batch_reward": 1.75475, "critic_loss": 46.35306101989746, "actor_loss": -257.4979978027344, "alpha_loss": 0.0015121919717639685, "alpha_value": 0.07882790392637253, "duration": 90.69985389709473, "step": 78000}
{"episode_reward": 559.0, "episode": 313.0, "batch_reward": 1.7675625, "critic_loss": 45.26295872497558, "actor_loss": -258.02347021484377, "alpha_loss": -0.00024645242653787135, "alpha_value": 0.07897907876968384, "duration": 90.64253997802734, "step": 78250}
{"episode_reward": 990.0, "episode": 314.0, "batch_reward": 1.76625, "critic_loss": 57.23332421875, "actor_loss": -259.19918688964844, "alpha_loss": 0.0037460960960015656, "alpha_value": 0.07871419471502304, "duration": 90.86649107933044, "step": 78500}
{"episode_reward": 941.0, "episode": 315.0, "batch_reward": 1.77184375, "critic_loss": 55.572913528442385, "actor_loss": -260.9421442871094, "alpha_loss": 0.003963028261438012, "alpha_value": 0.07846239757537841, "duration": 90.85780119895935, "step": 78750}
{"episode_reward": 953.0, "episode": 316.0, "batch_reward": 1.7751875, "critic_loss": 58.65089297485351, "actor_loss": -261.51995361328125, "alpha_loss": -0.0023873749785125256, "alpha_value": 0.0784269722700119, "duration": 90.53907465934753, "step": 79000}
{"episode_reward": 868.0, "episode": 317.0, "batch_reward": 1.76790625, "critic_loss": 55.3869859085083, "actor_loss": -263.31369921875, "alpha_loss": 0.001481604676693678, "alpha_value": 0.0784525716304779, "duration": 90.4480140209198, "step": 79250}
{"episode_reward": 946.0, "episode": 318.0, "batch_reward": 1.777125, "critic_loss": 53.52263761138916, "actor_loss": -261.15384411621096, "alpha_loss": -0.003664216134697199, "alpha_value": 0.07854281628131866, "duration": 90.41058492660522, "step": 79500}
{"episode_reward": 394.0, "episode": 319.0, "batch_reward": 1.77384375, "critic_loss": 50.90912897491455, "actor_loss": -262.68458752441404, "alpha_loss": 0.0009167033052071929, "alpha_value": 0.07866739463806152, "duration": 90.54861831665039, "step": 79750}
{"episode_reward": 968.0, "episode": 320.0, "batch_reward": 1.79078125, "critic_loss": 50.21546279907226, "actor_loss": -262.72913732910155, "alpha_loss": -0.0010180084491148592, "alpha_value": 0.078577561378479, "duration": 90.50936841964722, "step": 80000}
