{"episode_reward": 0.0, "episode": 1.0, "duration": 11.909085273742676, "step": 250}
{"episode_reward": 14.0, "episode": 2.0, "duration": 0.33197736740112305, "step": 500}
{"episode_reward": 37.0, "episode": 3.0, "duration": 0.32590603828430176, "step": 750}
{"episode_reward": 30.0, "episode": 4.0, "duration": 0.3260927200317383, "step": 1000}
{"episode_reward": 8.0, "episode": 5.0, "batch_reward": 0.09007831265012009, "critic_loss": 0.9940286059561875, "actor_loss": -1.192390793225201, "alpha_loss": 0.306014198839691, "alpha_value": 0.0946753588554804, "duration": 408.2691774368286, "step": 1250}
{"episode_reward": 17.0, "episode": 6.0, "batch_reward": 0.08059375, "critic_loss": 1.1684371283054351, "actor_loss": -2.073611828804016, "alpha_loss": 0.270804749250412, "alpha_value": 0.08923564487695694, "duration": 74.76536560058594, "step": 1500}
{"episode_reward": 33.0, "episode": 7.0, "batch_reward": 0.1158125, "critic_loss": 1.66157721555233, "actor_loss": -2.268904661178589, "alpha_loss": 0.26810124015808107, "alpha_value": 0.08822733628749847, "duration": 74.635733127594, "step": 1750}
{"episode_reward": 64.0, "episode": 8.0, "batch_reward": 0.12790625, "critic_loss": 1.569315570116043, "actor_loss": -2.4346340179443358, "alpha_loss": 0.26616643941402435, "alpha_value": 0.08722712606191635, "duration": 73.4666519165039, "step": 2000}
{"episode_reward": 54.0, "episode": 9.0, "batch_reward": 0.1216875, "critic_loss": 1.791016135931015, "actor_loss": -2.616948007583618, "alpha_loss": 0.2580990965366364, "alpha_value": 0.08624185103178024, "duration": 73.29499530792236, "step": 2250}
{"episode_reward": 11.0, "episode": 10.0, "batch_reward": 0.11125, "critic_loss": 2.5957102980613707, "actor_loss": -2.688807029724121, "alpha_loss": 0.2533201239109039, "alpha_value": 0.08527701205015183, "duration": 73.20323491096497, "step": 2500}
{"episode_reward": 0.0, "episode": 11.0, "batch_reward": 0.11459375, "critic_loss": 2.0509900614023207, "actor_loss": -2.7761627674102782, "alpha_loss": 0.2501388139724731, "alpha_value": 0.08432548886537553, "duration": 73.32922196388245, "step": 2750}
{"episode_reward": 86.0, "episode": 12.0, "batch_reward": 0.129125, "critic_loss": 2.1073550144433977, "actor_loss": -3.0369586925506593, "alpha_loss": 0.23698855328559876, "alpha_value": 0.08339917397499085, "duration": 73.01284217834473, "step": 3000}
{"episode_reward": 44.0, "episode": 13.0, "batch_reward": 0.1280625, "critic_loss": 2.0924663205146787, "actor_loss": -3.161513084411621, "alpha_loss": 0.23000574922561645, "alpha_value": 0.08251246011257171, "duration": 73.13379573822021, "step": 3250}
{"episode_reward": 0.0, "episode": 14.0, "batch_reward": 0.11615625, "critic_loss": 2.1879241535663603, "actor_loss": -3.321739107131958, "alpha_loss": 0.22721676385402678, "alpha_value": 0.08162799888849258, "duration": 73.03795266151428, "step": 3500}
{"episode_reward": 0.0, "episode": 15.0, "batch_reward": 0.11615625, "critic_loss": 2.4573043322563173, "actor_loss": -3.4207525520324706, "alpha_loss": 0.22398814916610718, "alpha_value": 0.08075399893522263, "duration": 73.11282181739807, "step": 3750}
{"episode_reward": 34.0, "episode": 16.0, "batch_reward": 0.107125, "critic_loss": 4.289212967872619, "actor_loss": -3.6634145774841307, "alpha_loss": 0.21131974697113037, "alpha_value": 0.07990023416280746, "duration": 73.09155368804932, "step": 4000}
{"episode_reward": 40.0, "episode": 17.0, "batch_reward": 0.120375, "critic_loss": 4.795955203533173, "actor_loss": -3.8793222694396974, "alpha_loss": 0.19441687607765198, "alpha_value": 0.07909468603134155, "duration": 73.15202236175537, "step": 4250}
{"episode_reward": 42.0, "episode": 18.0, "batch_reward": 0.21303125, "critic_loss": 5.147072337627411, "actor_loss": -4.598082122802734, "alpha_loss": 0.15325828909873962, "alpha_value": 0.07838672876358033, "duration": 73.05333042144775, "step": 4500}
{"episode_reward": 862.0, "episode": 19.0, "batch_reward": 0.29603125, "critic_loss": 4.725807636260987, "actor_loss": -5.636710319519043, "alpha_loss": 0.13491720634698867, "alpha_value": 0.07780466079711915, "duration": 73.24909234046936, "step": 4750}
{"episode_reward": 14.0, "episode": 20.0, "batch_reward": 0.30003125, "critic_loss": 4.765152063846588, "actor_loss": -6.359288227081299, "alpha_loss": 0.13105013626813888, "alpha_value": 0.07723408156633377, "duration": 73.17555403709412, "step": 5000}
{"episode_reward": 16.0, "episode": 21.0, "batch_reward": 0.34896875, "critic_loss": 5.307496218681336, "actor_loss": -7.377184787750244, "alpha_loss": 0.13509915858507157, "alpha_value": 0.07664059925079346, "duration": 73.1248664855957, "step": 5250}
{"episode_reward": 899.0, "episode": 22.0, "batch_reward": 0.4369375, "critic_loss": 5.790386078357696, "actor_loss": -9.086915870666504, "alpha_loss": 0.12464530670642852, "alpha_value": 0.07604469764232635, "duration": 73.09734964370728, "step": 5500}
{"episode_reward": 32.0, "episode": 23.0, "batch_reward": 0.4259375, "critic_loss": 6.161524586677551, "actor_loss": -9.413712131500244, "alpha_loss": 0.11355348342657089, "alpha_value": 0.07547760701179504, "duration": 73.01110625267029, "step": 5750}
{"episode_reward": 241.0, "episode": 24.0, "batch_reward": 0.44653125, "critic_loss": 6.056965868473053, "actor_loss": -10.313562900543213, "alpha_loss": 0.09917907994985581, "alpha_value": 0.07495410561561584, "duration": 73.05815076828003, "step": 6000}
{"episode_reward": 122.0, "episode": 25.0, "batch_reward": 0.45165625, "critic_loss": 6.43423450756073, "actor_loss": -10.78331170654297, "alpha_loss": 0.08932699897885323, "alpha_value": 0.07447139060497283, "duration": 72.8370909690857, "step": 6250}
{"episode_reward": 15.0, "episode": 26.0, "batch_reward": 0.43165625, "critic_loss": 6.32443784236908, "actor_loss": -11.308144088745117, "alpha_loss": 0.08436490240693093, "alpha_value": 0.07400827819108963, "duration": 72.9161148071289, "step": 6500}
{"episode_reward": 15.0, "episode": 27.0, "batch_reward": 0.41359375, "critic_loss": 6.593134952545166, "actor_loss": -11.643320129394532, "alpha_loss": 0.07958006098866463, "alpha_value": 0.07356004911661149, "duration": 73.27259802818298, "step": 6750}
{"episode_reward": 86.0, "episode": 28.0, "batch_reward": 0.41396875, "critic_loss": 7.899557885169983, "actor_loss": -12.315725616455078, "alpha_loss": 0.07979874509572983, "alpha_value": 0.07309599429368972, "duration": 72.8775839805603, "step": 7000}
{"episode_reward": 31.0, "episode": 29.0, "batch_reward": 0.41828125, "critic_loss": 9.406800191879272, "actor_loss": -12.957700996398925, "alpha_loss": 0.07195138908922673, "alpha_value": 0.07263628363609315, "duration": 72.90964031219482, "step": 7250}
{"episode_reward": 180.0, "episode": 30.0, "batch_reward": 0.42059375, "critic_loss": 10.311609273910522, "actor_loss": -13.741556579589844, "alpha_loss": 0.0639720485508442, "alpha_value": 0.07220499569177627, "duration": 73.03062891960144, "step": 7500}
{"episode_reward": 24.0, "episode": 31.0, "batch_reward": 0.39409375, "critic_loss": 10.224675352096558, "actor_loss": -14.148212577819825, "alpha_loss": 0.06483951234817505, "alpha_value": 0.07179128003120422, "duration": 72.90682768821716, "step": 7750}
{"episode_reward": 72.0, "episode": 32.0, "batch_reward": 0.402, "critic_loss": 12.661550270080566, "actor_loss": -15.15570696258545, "alpha_loss": 0.04381526759266853, "alpha_value": 0.07140595722198487, "duration": 73.96617603302002, "step": 8000}
{"episode_reward": 237.0, "episode": 33.0, "batch_reward": 0.4084375, "critic_loss": 14.52367066192627, "actor_loss": -16.4947811126709, "alpha_loss": 0.031130916319787504, "alpha_value": 0.07113934862613679, "duration": 2789.0033934116364, "step": 8250}
{"episode_reward": 90.0, "episode": 34.0, "batch_reward": 0.43321875, "critic_loss": 13.251900497436523, "actor_loss": -17.47980651855469, "alpha_loss": 0.043754433766007426, "alpha_value": 0.07085448783636093, "duration": 72.3238046169281, "step": 8500}
{"episode_reward": 301.0, "episode": 35.0, "batch_reward": 0.43590625, "critic_loss": 15.021597927093506, "actor_loss": -18.134950714111326, "alpha_loss": 0.03318866143748164, "alpha_value": 0.07055043584108353, "duration": 71.43127083778381, "step": 8750}
{"episode_reward": 218.0, "episode": 36.0, "batch_reward": 0.438, "critic_loss": 15.674869709014892, "actor_loss": -19.014211921691896, "alpha_loss": 0.017796737138181924, "alpha_value": 0.0703396605849266, "duration": 71.15442705154419, "step": 9000}
{"episode_reward": 7.0, "episode": 37.0, "batch_reward": 0.45128125, "critic_loss": 15.28329179763794, "actor_loss": -20.019934364318846, "alpha_loss": 0.018476934280246497, "alpha_value": 0.07017919421195984, "duration": 71.579824924469, "step": 9250}
{"episode_reward": 0.0, "episode": 38.0, "batch_reward": 0.42834375, "critic_loss": 18.475861894607544, "actor_loss": -20.95207906341553, "alpha_loss": 0.01616772590391338, "alpha_value": 0.07001187962293624, "duration": 71.68533182144165, "step": 9500}
{"episode_reward": 74.0, "episode": 39.0, "batch_reward": 0.4285, "critic_loss": 20.472215867996216, "actor_loss": -21.562539489746094, "alpha_loss": 0.009621264750137925, "alpha_value": 0.06988983464241028, "duration": 71.59478116035461, "step": 9750}
{"episode_reward": 113.0, "episode": 40.0, "batch_reward": 0.43578125, "critic_loss": 19.064455881118775, "actor_loss": -22.876304763793947, "alpha_loss": 0.005273204729892313, "alpha_value": 0.06982406920194625, "duration": 71.58795213699341, "step": 10000}
{"episode_reward": 19.0, "episode": 41.0, "batch_reward": 0.41303125, "critic_loss": 20.684359283447264, "actor_loss": -23.456665435791017, "alpha_loss": 0.005805891984142363, "alpha_value": 0.06975102204084396, "duration": 83.06003499031067, "step": 10250}
{"episode_reward": 68.0, "episode": 42.0, "batch_reward": 0.40028125, "critic_loss": 20.125510749816893, "actor_loss": -23.458470596313475, "alpha_loss": 0.009575051328167319, "alpha_value": 0.0696640893816948, "duration": 71.66552925109863, "step": 10500}
{"episode_reward": 134.0, "episode": 43.0, "batch_reward": 0.41428125, "critic_loss": 21.68880234146118, "actor_loss": -24.79838409423828, "alpha_loss": 0.0051814437452703714, "alpha_value": 0.06956883651018143, "duration": 71.97851347923279, "step": 10750}
{"episode_reward": 0.0, "episode": 44.0, "batch_reward": 0.38984375, "critic_loss": 24.37791379547119, "actor_loss": -26.066771148681642, "alpha_loss": 0.002248028236441314, "alpha_value": 0.06950642269849777, "duration": 72.23979043960571, "step": 11000}
{"episode_reward": 73.0, "episode": 45.0, "batch_reward": 0.4245625, "critic_loss": 23.10748937225342, "actor_loss": -26.589812286376954, "alpha_loss": 0.005919221037998796, "alpha_value": 0.06946645253896713, "duration": 74.09938359260559, "step": 11250}
{"episode_reward": 773.0, "episode": 46.0, "batch_reward": 0.48546875, "critic_loss": 24.52642248916626, "actor_loss": -28.483152587890626, "alpha_loss": 0.0019271936193108559, "alpha_value": 0.0693924605846405, "duration": 72.338374376297, "step": 11500}
{"episode_reward": 294.0, "episode": 47.0, "batch_reward": 0.4745, "critic_loss": 23.379631729125975, "actor_loss": -29.048415115356445, "alpha_loss": -0.00979984213411808, "alpha_value": 0.06945476728677749, "duration": 72.30978155136108, "step": 11750}
{"episode_reward": 9.0, "episode": 48.0, "batch_reward": 0.471375, "critic_loss": 23.087385410308837, "actor_loss": -29.753258407592774, "alpha_loss": -0.010905091159045695, "alpha_value": 0.06965040099620819, "duration": 72.2629005908966, "step": 12000}
{"episode_reward": 188.0, "episode": 49.0, "batch_reward": 0.46359375, "critic_loss": 25.898889896392824, "actor_loss": -30.19445617675781, "alpha_loss": -0.014536375863477587, "alpha_value": 0.06985990697145462, "duration": 72.35502243041992, "step": 12250}
{"episode_reward": 0.0, "episode": 50.0, "batch_reward": 0.4600625, "critic_loss": 23.554342182159424, "actor_loss": -31.34467152404785, "alpha_loss": -0.01617076857201755, "alpha_value": 0.07013969719409943, "duration": 72.8838152885437, "step": 12500}
{"episode_reward": 0.0, "episode": 51.0, "batch_reward": 0.45871875, "critic_loss": 21.738702239990236, "actor_loss": -32.83107382202149, "alpha_loss": -0.01691421598661691, "alpha_value": 0.07047397446632385, "duration": 72.7515025138855, "step": 12750}
{"episode_reward": 0.0, "episode": 52.0, "batch_reward": 0.4445, "critic_loss": 23.464810955047607, "actor_loss": -34.25131080627441, "alpha_loss": -0.024070649463683366, "alpha_value": 0.07089804607629777, "duration": 73.22956895828247, "step": 13000}
{"episode_reward": 43.0, "episode": 53.0, "batch_reward": 0.4814375, "critic_loss": 25.29436778640747, "actor_loss": -35.69230055236817, "alpha_loss": -0.0313219325132668, "alpha_value": 0.07148031085729599, "duration": 72.79222273826599, "step": 13250}
{"episode_reward": 973.0, "episode": 54.0, "batch_reward": 0.50371875, "critic_loss": 25.903962322235106, "actor_loss": -36.51266464233399, "alpha_loss": -0.03891431998834014, "alpha_value": 0.07225668728351593, "duration": 72.94450879096985, "step": 13500}
{"episode_reward": 8.0, "episode": 55.0, "batch_reward": 0.5358125, "critic_loss": 22.75422430419922, "actor_loss": -38.13533666992188, "alpha_loss": -0.03739278771542013, "alpha_value": 0.07310884368419647, "duration": 72.7624306678772, "step": 13750}
{"episode_reward": 961.0, "episode": 56.0, "batch_reward": 0.5606875, "critic_loss": 23.625898933410646, "actor_loss": -40.19638732910156, "alpha_loss": -0.04433737495355308, "alpha_value": 0.07402935004234314, "duration": 72.87173104286194, "step": 14000}
{"episode_reward": 90.0, "episode": 57.0, "batch_reward": 0.5524375, "critic_loss": 26.226513542175294, "actor_loss": -40.74288897705078, "alpha_loss": -0.042973369084298614, "alpha_value": 0.07500654506683349, "duration": 72.65127372741699, "step": 14250}
{"episode_reward": 29.0, "episode": 58.0, "batch_reward": 0.53959375, "critic_loss": 23.5989517326355, "actor_loss": -41.74196667480469, "alpha_loss": -0.04425112868845463, "alpha_value": 0.07600354421138764, "duration": 72.95354866981506, "step": 14500}
{"episode_reward": 0.0, "episode": 59.0, "batch_reward": 0.53, "critic_loss": 23.747443210601805, "actor_loss": -42.95493667602539, "alpha_loss": -0.04553104273416102, "alpha_value": 0.07695420479774476, "duration": 73.01223039627075, "step": 14750}
{"episode_reward": 41.0, "episode": 60.0, "batch_reward": 0.55459375, "critic_loss": 26.439787227630614, "actor_loss": -43.92830178833008, "alpha_loss": -0.04543801211565733, "alpha_value": 0.07798575675487518, "duration": 72.73518872261047, "step": 15000}
{"episode_reward": 614.0, "episode": 61.0, "batch_reward": 0.563375, "critic_loss": 27.50497621536255, "actor_loss": -45.14237692260742, "alpha_loss": -0.04675472557172179, "alpha_value": 0.07902623575925827, "duration": 72.87118721008301, "step": 15250}
{"episode_reward": 46.0, "episode": 62.0, "batch_reward": 0.57021875, "critic_loss": 25.824726642608642, "actor_loss": -45.59734246826172, "alpha_loss": -0.046972934562712905, "alpha_value": 0.08005398064851761, "duration": 73.04319620132446, "step": 15500}
{"episode_reward": 5.0, "episode": 63.0, "batch_reward": 0.56284375, "critic_loss": 27.981917945861817, "actor_loss": -46.118274353027346, "alpha_loss": -0.04397224194929004, "alpha_value": 0.08102681958675384, "duration": 72.9926586151123, "step": 15750}
{"episode_reward": 0.0, "episode": 64.0, "batch_reward": 0.57571875, "critic_loss": 25.52790294265747, "actor_loss": -47.018113647460936, "alpha_loss": -0.04261513661593199, "alpha_value": 0.0820510071516037, "duration": 72.99814128875732, "step": 16000}
{"episode_reward": 952.0, "episode": 65.0, "batch_reward": 0.6263125, "critic_loss": 26.83176678466797, "actor_loss": -49.27458972167969, "alpha_loss": -0.039161351655609904, "alpha_value": 0.08297866815328599, "duration": 73.10515308380127, "step": 16250}
{"episode_reward": 896.0, "episode": 66.0, "batch_reward": 0.62265625, "critic_loss": 28.065549869537353, "actor_loss": -50.5306748046875, "alpha_loss": -0.04190233774855733, "alpha_value": 0.0838611352443695, "duration": 72.6529929637909, "step": 16500}
{"episode_reward": 17.0, "episode": 67.0, "batch_reward": 0.63325, "critic_loss": 28.5964457321167, "actor_loss": -50.66936462402344, "alpha_loss": -0.03835575490817428, "alpha_value": 0.0847954467535019, "duration": 72.98284935951233, "step": 16750}
{"episode_reward": 193.0, "episode": 68.0, "batch_reward": 0.63346875, "critic_loss": 30.664763164520263, "actor_loss": -53.319794708251955, "alpha_loss": -0.04021831184066832, "alpha_value": 0.08572923970222474, "duration": 72.8670825958252, "step": 17000}
{"episode_reward": 9.0, "episode": 69.0, "batch_reward": 0.606375, "critic_loss": 27.513567100524902, "actor_loss": -53.01531607055664, "alpha_loss": -0.034114809954538944, "alpha_value": 0.08661514472961426, "duration": 72.70703101158142, "step": 17250}
{"episode_reward": 0.0, "episode": 70.0, "batch_reward": 0.6060625, "critic_loss": 29.937950988769533, "actor_loss": -53.91974169921875, "alpha_loss": -0.03199559450894594, "alpha_value": 0.08744165140390396, "duration": 72.78067135810852, "step": 17500}
{"episode_reward": 44.0, "episode": 71.0, "batch_reward": 0.59440625, "critic_loss": 28.763629936218262, "actor_loss": -53.596064331054684, "alpha_loss": -0.03155372538417578, "alpha_value": 0.08822594612836837, "duration": 72.8321213722229, "step": 17750}
{"episode_reward": 4.0, "episode": 72.0, "batch_reward": 0.59965625, "critic_loss": 29.644610065460206, "actor_loss": -54.43147076416015, "alpha_loss": -0.026000738490372897, "alpha_value": 0.08898781609535217, "duration": 72.6727545261383, "step": 18000}
{"episode_reward": 18.0, "episode": 73.0, "batch_reward": 0.60396875, "critic_loss": 28.748710678100586, "actor_loss": -55.3311376953125, "alpha_loss": -0.02564160506799817, "alpha_value": 0.08963341492414474, "duration": 72.76794767379761, "step": 18250}
{"episode_reward": 942.0, "episode": 74.0, "batch_reward": 0.64, "critic_loss": 30.278015697479248, "actor_loss": -56.692150695800784, "alpha_loss": -0.023018227488733826, "alpha_value": 0.09036392039060592, "duration": 72.92145776748657, "step": 18500}
{"episode_reward": 46.0, "episode": 75.0, "batch_reward": 0.62865625, "critic_loss": 29.864599880218506, "actor_loss": -56.88699133300781, "alpha_loss": -0.017704389207065106, "alpha_value": 0.09091773456335067, "duration": 72.85506010055542, "step": 18750}
{"episode_reward": 0.0, "episode": 76.0, "batch_reward": 0.6246875, "critic_loss": 27.99634000778198, "actor_loss": -57.195899963378906, "alpha_loss": -0.015239821365103125, "alpha_value": 0.09135274809598923, "duration": 72.88153386116028, "step": 19000}
{"episode_reward": 5.0, "episode": 77.0, "batch_reward": 0.64278125, "critic_loss": 29.549471111297606, "actor_loss": -59.737418029785154, "alpha_loss": -0.013866048082709312, "alpha_value": 0.09185897028446198, "duration": 72.7472493648529, "step": 19250}
{"episode_reward": 933.0, "episode": 78.0, "batch_reward": 0.635375, "critic_loss": 35.083305782318114, "actor_loss": -60.39386120605469, "alpha_loss": -0.010585117109119892, "alpha_value": 0.09222793674468995, "duration": 73.44173812866211, "step": 19500}
{"episode_reward": 57.0, "episode": 79.0, "batch_reward": 0.656, "critic_loss": 32.50915784835816, "actor_loss": -60.86363882446289, "alpha_loss": 0.0030915387216955423, "alpha_value": 0.09238873547315597, "duration": 73.11043000221252, "step": 19750}
{"episode_reward": 379.0, "episode": 80.0, "batch_reward": 0.6519375, "critic_loss": 30.957154193878175, "actor_loss": -61.467640045166014, "alpha_loss": -0.001797637339681387, "alpha_value": 0.09226956415176392, "duration": 72.99871110916138, "step": 20000}
{"episode_reward": 32.0, "episode": 81.0, "batch_reward": 0.6505, "critic_loss": 32.53020411300659, "actor_loss": -61.79373028564453, "alpha_loss": 0.0026231896206736563, "alpha_value": 0.09232033306360245, "duration": 85.47339701652527, "step": 20250}
{"episode_reward": 186.0, "episode": 82.0, "batch_reward": 0.64846875, "critic_loss": 31.98826142501831, "actor_loss": -62.39270315551758, "alpha_loss": 0.004777888951823115, "alpha_value": 0.09214879590272904, "duration": 73.00554704666138, "step": 20500}
{"episode_reward": 4.0, "episode": 83.0, "batch_reward": 0.64521875, "critic_loss": 29.41619285964966, "actor_loss": -63.21984552001953, "alpha_loss": 0.004307952582836151, "alpha_value": 0.09199169987440109, "duration": 72.97980451583862, "step": 20750}
{"episode_reward": 0.0, "episode": 84.0, "batch_reward": 0.6518125, "critic_loss": 30.442854038238526, "actor_loss": -63.573637603759764, "alpha_loss": 0.0017006394229829311, "alpha_value": 0.0918512258529663, "duration": 73.03767800331116, "step": 21000}
{"episode_reward": 428.0, "episode": 85.0, "batch_reward": 0.6609375, "critic_loss": 30.82379640197754, "actor_loss": -64.81602648925781, "alpha_loss": -0.0009281716514378786, "alpha_value": 0.09182779103517533, "duration": 72.88382768630981, "step": 21250}
{"episode_reward": 965.0, "episode": 86.0, "batch_reward": 0.69965625, "critic_loss": 29.502719425201416, "actor_loss": -66.05108645629883, "alpha_loss": 0.005587767532095313, "alpha_value": 0.09174532908201218, "duration": 72.93431305885315, "step": 21500}
{"episode_reward": 7.0, "episode": 87.0, "batch_reward": 0.67559375, "critic_loss": 31.10633730316162, "actor_loss": -66.14243829345703, "alpha_loss": 0.007938922211527824, "alpha_value": 0.09147767847776413, "duration": 73.39198303222656, "step": 21750}
{"episode_reward": 0.0, "episode": 88.0, "batch_reward": 0.67821875, "critic_loss": 30.04833906173706, "actor_loss": -67.65516760253907, "alpha_loss": -0.003264004402793944, "alpha_value": 0.09139366883039475, "duration": 72.76699805259705, "step": 22000}
{"episode_reward": 0.0, "episode": 89.0, "batch_reward": 0.66265625, "critic_loss": 28.57001258468628, "actor_loss": -67.82642883300781, "alpha_loss": 0.006244358791038394, "alpha_value": 0.09134226143360138, "duration": 72.81812453269958, "step": 22250}
{"episode_reward": 63.0, "episode": 90.0, "batch_reward": 0.65965625, "critic_loss": 30.493942714691162, "actor_loss": -67.20420596313477, "alpha_loss": 0.0025672101443633437, "alpha_value": 0.09112758070230484, "duration": 72.85116410255432, "step": 22500}
{"episode_reward": 25.0, "episode": 91.0, "batch_reward": 0.6503125, "critic_loss": 29.85284597015381, "actor_loss": -67.65379275512696, "alpha_loss": 0.0031453665662556887, "alpha_value": 0.09096615254878998, "duration": 72.70988440513611, "step": 22750}
{"episode_reward": 18.0, "episode": 92.0, "batch_reward": 0.6465, "critic_loss": 30.34874877166748, "actor_loss": -68.13533935546874, "alpha_loss": 0.011086882269009947, "alpha_value": 0.09061607474088669, "duration": 72.52480435371399, "step": 23000}
{"episode_reward": 143.0, "episode": 93.0, "batch_reward": 0.63259375, "critic_loss": 27.321470405578612, "actor_loss": -68.64213607788086, "alpha_loss": 0.012519895173609257, "alpha_value": 0.09011523598432541, "duration": 72.622403383255, "step": 23250}
{"episode_reward": 45.0, "episode": 94.0, "batch_reward": 0.65259375, "critic_loss": 26.58553847885132, "actor_loss": -68.5358869934082, "alpha_loss": 0.011038772963918746, "alpha_value": 0.08954225605726242, "duration": 72.87363719940186, "step": 23500}
{"episode_reward": 339.0, "episode": 95.0, "batch_reward": 0.653, "critic_loss": 26.857422161102296, "actor_loss": -68.6654084777832, "alpha_loss": 0.004868020934984088, "alpha_value": 0.08913514745235443, "duration": 72.7575843334198, "step": 23750}
{"episode_reward": 0.0, "episode": 96.0, "batch_reward": 0.64103125, "critic_loss": 27.56015334701538, "actor_loss": -69.91066653442383, "alpha_loss": 0.003176022406667471, "alpha_value": 0.08898472112417222, "duration": 72.56685447692871, "step": 24000}
{"episode_reward": 21.0, "episode": 97.0, "batch_reward": 0.63175, "critic_loss": 28.55572327041626, "actor_loss": -69.62668759155274, "alpha_loss": 0.005733315491117537, "alpha_value": 0.08874331241846084, "duration": 73.13132119178772, "step": 24250}
{"episode_reward": 1.0, "episode": 98.0, "batch_reward": 0.62828125, "critic_loss": 27.27278050994873, "actor_loss": -70.16300607299804, "alpha_loss": 0.008500052403658628, "alpha_value": 0.0884353506565094, "duration": 73.05011630058289, "step": 24500}
{"episode_reward": 36.0, "episode": 99.0, "batch_reward": 0.638, "critic_loss": 25.438474502563476, "actor_loss": -70.55730242919923, "alpha_loss": 0.01149411941692233, "alpha_value": 0.08790734320878983, "duration": 72.79364275932312, "step": 24750}
{"episode_reward": 876.0, "episode": 100.0, "batch_reward": 0.6798125, "critic_loss": 26.53245481491089, "actor_loss": -72.9668422241211, "alpha_loss": 0.0029329056683927773, "alpha_value": 0.08757674342393876, "duration": 72.9393105506897, "step": 25000}
{"episode_reward": 992.0, "episode": 101.0, "batch_reward": 0.67790625, "critic_loss": 28.307653453826905, "actor_loss": -73.1366506652832, "alpha_loss": 0.009665752666071057, "alpha_value": 0.08727327477931976, "duration": 72.59472370147705, "step": 25250}
{"episode_reward": 51.0, "episode": 102.0, "batch_reward": 0.69221875, "critic_loss": 27.489264080047608, "actor_loss": -75.10347875976562, "alpha_loss": 5.6697449646890166e-05, "alpha_value": 0.08697583895921707, "duration": 72.84779858589172, "step": 25500}
{"episode_reward": 220.0, "episode": 103.0, "batch_reward": 0.680875, "critic_loss": 25.913878997802733, "actor_loss": -75.35202566528321, "alpha_loss": 0.00435710421949625, "alpha_value": 0.08692491155862808, "duration": 72.90994048118591, "step": 25750}
{"episode_reward": 0.0, "episode": 104.0, "batch_reward": 0.6745625, "critic_loss": 24.966991443634033, "actor_loss": -75.68482943725586, "alpha_loss": 0.00973709050193429, "alpha_value": 0.08654846680164337, "duration": 72.4634895324707, "step": 26000}
{"episode_reward": 6.0, "episode": 105.0, "batch_reward": 0.690625, "critic_loss": 25.19445365524292, "actor_loss": -76.0561266784668, "alpha_loss": 0.010080156283453106, "alpha_value": 0.08605731052160263, "duration": 72.63926362991333, "step": 26250}
{"episode_reward": 962.0, "episode": 106.0, "batch_reward": 0.7064375, "critic_loss": 25.894381198883057, "actor_loss": -78.09516958618164, "alpha_loss": 0.00785938342101872, "alpha_value": 0.08557309871912003, "duration": 72.79868030548096, "step": 26500}
{"episode_reward": 50.0, "episode": 107.0, "batch_reward": 0.6946875, "critic_loss": 27.500718391418456, "actor_loss": -78.34857107543945, "alpha_loss": 0.0026948614083230496, "alpha_value": 0.08534665828943253, "duration": 72.60621523857117, "step": 26750}
{"episode_reward": 178.0, "episode": 108.0, "batch_reward": 0.69696875, "critic_loss": 24.256499549865723, "actor_loss": -77.50552191162109, "alpha_loss": 0.003027760920114815, "alpha_value": 0.08518267112970353, "duration": 72.89296317100525, "step": 27000}
{"episode_reward": 128.0, "episode": 109.0, "batch_reward": 0.69025, "critic_loss": 31.42620768737793, "actor_loss": -79.00701947021484, "alpha_loss": 0.008792144572362303, "alpha_value": 0.08484703123569488, "duration": 72.59567523002625, "step": 27250}
{"episode_reward": 5.0, "episode": 110.0, "batch_reward": 0.6936875, "critic_loss": 27.284271236419677, "actor_loss": -79.06439868164063, "alpha_loss": 0.0023421808145940304, "alpha_value": 0.0846056187748909, "duration": 72.8887529373169, "step": 27500}
{"episode_reward": 83.0, "episode": 111.0, "batch_reward": 0.6801875, "critic_loss": 26.82507452392578, "actor_loss": -78.83845007324219, "alpha_loss": 0.0007085415311157703, "alpha_value": 0.08450411927700043, "duration": 72.84272360801697, "step": 27750}
{"episode_reward": 359.0, "episode": 112.0, "batch_reward": 0.682625, "critic_loss": 30.353666313171388, "actor_loss": -79.84385479736328, "alpha_loss": -0.0009630596535280347, "alpha_value": 0.08456022638082504, "duration": 72.91160297393799, "step": 28000}
{"episode_reward": 44.0, "episode": 113.0, "batch_reward": 0.68125, "critic_loss": 29.04108990097046, "actor_loss": -79.94061602783204, "alpha_loss": 0.014534986197948456, "alpha_value": 0.08418649786710738, "duration": 73.03419160842896, "step": 28250}
{"episode_reward": 255.0, "episode": 114.0, "batch_reward": 0.69928125, "critic_loss": 26.96582862472534, "actor_loss": -81.43255914306641, "alpha_loss": 0.009101125629618763, "alpha_value": 0.08356022453308105, "duration": 72.94673562049866, "step": 28500}
{"episode_reward": 25.0, "episode": 115.0, "batch_reward": 0.68803125, "critic_loss": 36.024790298461916, "actor_loss": -80.71933642578125, "alpha_loss": 0.006345948928967118, "alpha_value": 0.08314049452543258, "duration": 72.86869192123413, "step": 28750}
{"episode_reward": 687.0, "episode": 116.0, "batch_reward": 0.70484375, "critic_loss": 35.06435700988769, "actor_loss": -81.49594274902344, "alpha_loss": 0.004755132404156029, "alpha_value": 0.08295569574832916, "duration": 72.94266986846924, "step": 29000}
{"episode_reward": 34.0, "episode": 117.0, "batch_reward": 0.7149375, "critic_loss": 25.20340795135498, "actor_loss": -82.70328448486327, "alpha_loss": 0.008414967335760594, "alpha_value": 0.08252409583330154, "duration": 72.92511057853699, "step": 29250}
{"episode_reward": 957.0, "episode": 118.0, "batch_reward": 0.735625, "critic_loss": 27.094938247680663, "actor_loss": -84.43183837890625, "alpha_loss": 0.0008055645003914833, "alpha_value": 0.08235716795921326, "duration": 73.01143860816956, "step": 29500}
{"episode_reward": 441.0, "episode": 119.0, "batch_reward": 0.7315, "critic_loss": 26.438807704925537, "actor_loss": -84.6343683166504, "alpha_loss": 0.008608368769288064, "alpha_value": 0.08202750617265701, "duration": 73.08686399459839, "step": 29750}
{"episode_reward": 6.0, "episode": 120.0, "batch_reward": 0.7459375, "critic_loss": 27.458556648254394, "actor_loss": -86.12775720214844, "alpha_loss": 0.00022509615309536458, "alpha_value": 0.08184531086683274, "duration": 73.06309843063354, "step": 30000}
{"episode_reward": 875.0, "episode": 121.0, "batch_reward": 0.75821875, "critic_loss": 32.90413942718506, "actor_loss": -87.50872802734375, "alpha_loss": 0.0021766097638756038, "alpha_value": 0.0817995628118515, "duration": 85.25654244422913, "step": 30250}
{"episode_reward": 29.0, "episode": 122.0, "batch_reward": 0.74725, "critic_loss": 28.465787719726563, "actor_loss": -87.54259527587891, "alpha_loss": 0.00806541632115841, "alpha_value": 0.08148362237215043, "duration": 73.00850319862366, "step": 30500}
{"episode_reward": 253.0, "episode": 123.0, "batch_reward": 0.7565625, "critic_loss": 25.80481121444702, "actor_loss": -87.60721380615234, "alpha_loss": 0.013559514736756682, "alpha_value": 0.08103409016132354, "duration": 73.2360565662384, "step": 30750}
{"episode_reward": 240.0, "episode": 124.0, "batch_reward": 0.75053125, "critic_loss": 25.891906093597413, "actor_loss": -89.19824658203125, "alpha_loss": 0.008276894902810455, "alpha_value": 0.08036685889959336, "duration": 74.04550313949585, "step": 31000}
{"episode_reward": 959.0, "episode": 125.0, "batch_reward": 0.794625, "critic_loss": 25.979562950134277, "actor_loss": -90.58798986816406, "alpha_loss": 0.0001729914480820298, "alpha_value": 0.08015918779373168, "duration": 84.99987769126892, "step": 31250}
{"episode_reward": 454.0, "episode": 126.0, "batch_reward": 0.781375, "critic_loss": 25.5086682472229, "actor_loss": -90.63727563476563, "alpha_loss": 0.004442997470498085, "alpha_value": 0.08009520655870438, "duration": 86.70650696754456, "step": 31500}
{"episode_reward": 966.0, "episode": 127.0, "batch_reward": 0.8131875, "critic_loss": 28.898825019836426, "actor_loss": -94.55886456298828, "alpha_loss": 0.0008330753957852721, "alpha_value": 0.07990227389335633, "duration": 87.05254578590393, "step": 31750}
{"episode_reward": 495.0, "episode": 128.0, "batch_reward": 0.8059375, "critic_loss": 35.1074436378479, "actor_loss": -97.18772888183594, "alpha_loss": -0.0006140665598213672, "alpha_value": 0.07985219287872314, "duration": 86.4927339553833, "step": 32000}
{"episode_reward": 6.0, "episode": 129.0, "batch_reward": 0.80046875, "critic_loss": 30.828513038635254, "actor_loss": -96.90962200927734, "alpha_loss": -0.002668023952282965, "alpha_value": 0.08003131294250489, "duration": 87.11102628707886, "step": 32250}
{"episode_reward": 6.0, "episode": 130.0, "batch_reward": 0.8143125, "critic_loss": 28.317049671173095, "actor_loss": -98.33897082519532, "alpha_loss": -0.004051281258463859, "alpha_value": 0.08025339013338088, "duration": 87.19423913955688, "step": 32500}
{"episode_reward": 119.0, "episode": 131.0, "batch_reward": 0.8113125, "critic_loss": 30.848419059753418, "actor_loss": -96.6873271484375, "alpha_loss": -0.007754042427055538, "alpha_value": 0.08047144985198974, "duration": 86.75911784172058, "step": 32750}
{"episode_reward": 210.0, "episode": 132.0, "batch_reward": 0.79771875, "critic_loss": 37.63664501953125, "actor_loss": -98.08200268554687, "alpha_loss": -0.0005669661425054073, "alpha_value": 0.08079912507534028, "duration": 87.34281277656555, "step": 33000}
{"episode_reward": 56.0, "episode": 133.0, "batch_reward": 0.79684375, "critic_loss": 30.355014701843263, "actor_loss": -99.29960162353515, "alpha_loss": 0.0028284452874213456, "alpha_value": 0.08068736833333968, "duration": 87.46064233779907, "step": 33250}
{"episode_reward": 104.0, "episode": 134.0, "batch_reward": 0.8104375, "critic_loss": 28.411239685058593, "actor_loss": -99.6871708984375, "alpha_loss": -0.001682966612279415, "alpha_value": 0.08057373636960984, "duration": 87.27290892601013, "step": 33500}
{"episode_reward": 507.0, "episode": 135.0, "batch_reward": 0.80125, "critic_loss": 30.752266033172607, "actor_loss": -99.25590734863282, "alpha_loss": -0.005774378070607781, "alpha_value": 0.08078154319524765, "duration": 87.35679626464844, "step": 33750}
{"episode_reward": 350.0, "episode": 136.0, "batch_reward": 0.80296875, "critic_loss": 26.953688259124757, "actor_loss": -101.78194763183593, "alpha_loss": -0.00544519380480051, "alpha_value": 0.08116488111019135, "duration": 87.25097465515137, "step": 34000}
{"episode_reward": 949.0, "episode": 137.0, "batch_reward": 0.83790625, "critic_loss": 27.11246208190918, "actor_loss": -103.37759503173828, "alpha_loss": -0.00522408751770854, "alpha_value": 0.08143997478485107, "duration": 87.41902470588684, "step": 34250}
{"episode_reward": 205.0, "episode": 138.0, "batch_reward": 0.80928125, "critic_loss": 25.941283878326416, "actor_loss": -102.57427239990234, "alpha_loss": -0.0004443326201289892, "alpha_value": 0.08167310082912445, "duration": 87.78737306594849, "step": 34500}
{"episode_reward": 0.0, "episode": 139.0, "batch_reward": 0.82446875, "critic_loss": 25.5003689994812, "actor_loss": -103.73737628173828, "alpha_loss": 0.0014170015156269073, "alpha_value": 0.08152846145629883, "duration": 87.54799056053162, "step": 34750}
{"episode_reward": 8.0, "episode": 140.0, "batch_reward": 0.8406875, "critic_loss": 26.821508834838866, "actor_loss": -104.78551568603515, "alpha_loss": -0.0005977637153118849, "alpha_value": 0.0815646304488182, "duration": 86.80065536499023, "step": 35000}
{"episode_reward": 382.0, "episode": 141.0, "batch_reward": 0.83378125, "critic_loss": 28.723177200317384, "actor_loss": -103.96002056884765, "alpha_loss": -0.002246237969957292, "alpha_value": 0.08162976771593095, "duration": 87.30573463439941, "step": 35250}
{"episode_reward": 226.0, "episode": 142.0, "batch_reward": 0.8180625, "critic_loss": 27.645356201171875, "actor_loss": -103.58524688720703, "alpha_loss": -0.005427054338157177, "alpha_value": 0.08187345790863038, "duration": 87.2850558757782, "step": 35500}
{"episode_reward": 14.0, "episode": 143.0, "batch_reward": 0.81240625, "critic_loss": 28.18693029022217, "actor_loss": -104.35716021728516, "alpha_loss": -0.006606362020596862, "alpha_value": 0.08218975591659546, "duration": 87.73930883407593, "step": 35750}
{"episode_reward": 0.0, "episode": 144.0, "batch_reward": 0.82375, "critic_loss": 32.99856156539917, "actor_loss": -104.78169122314453, "alpha_loss": -0.001381149584427476, "alpha_value": 0.08247473436594009, "duration": 87.28497290611267, "step": 36000}
{"episode_reward": 10.0, "episode": 145.0, "batch_reward": 0.812625, "critic_loss": 32.89321514129639, "actor_loss": -105.93902801513671, "alpha_loss": -0.004103041065856815, "alpha_value": 0.08264151281118393, "duration": 87.2968442440033, "step": 36250}
{"episode_reward": 200.0, "episode": 146.0, "batch_reward": 0.79915625, "critic_loss": 31.519427734375, "actor_loss": -105.50455969238281, "alpha_loss": -0.006867099688388407, "alpha_value": 0.0828929026722908, "duration": 87.61721587181091, "step": 36500}
{"episode_reward": 133.0, "episode": 147.0, "batch_reward": 0.82171875, "critic_loss": 26.625081527709963, "actor_loss": -105.70035858154297, "alpha_loss": -0.006567531984299421, "alpha_value": 0.08331090766191483, "duration": 87.48931837081909, "step": 36750}
{"episode_reward": 219.0, "episode": 148.0, "batch_reward": 0.817125, "critic_loss": 32.61073945236206, "actor_loss": -106.58377630615234, "alpha_loss": -0.005401430669240654, "alpha_value": 0.08369762390851974, "duration": 86.90261602401733, "step": 37000}
{"episode_reward": 15.0, "episode": 149.0, "batch_reward": 0.8154375, "critic_loss": 30.19819051361084, "actor_loss": -107.1004585571289, "alpha_loss": -0.0073655184991657735, "alpha_value": 0.08405513173341751, "duration": 87.40079307556152, "step": 37250}
{"episode_reward": 23.0, "episode": 150.0, "batch_reward": 0.811375, "critic_loss": 30.339834270477294, "actor_loss": -107.039482421875, "alpha_loss": -0.0028933398984372616, "alpha_value": 0.08432162082195283, "duration": 87.03465533256531, "step": 37500}
{"episode_reward": 40.0, "episode": 151.0, "batch_reward": 0.81059375, "critic_loss": 28.934121017456054, "actor_loss": -107.4974204711914, "alpha_loss": 0.0016878301966935397, "alpha_value": 0.08432847905158997, "duration": 87.54400539398193, "step": 37750}
{"episode_reward": 373.0, "episode": 152.0, "batch_reward": 0.79459375, "critic_loss": 30.92947261428833, "actor_loss": -107.117271484375, "alpha_loss": -0.0021999687235802414, "alpha_value": 0.08435192894935607, "duration": 87.33599400520325, "step": 38000}
{"episode_reward": 1.0, "episode": 153.0, "batch_reward": 0.8015625, "critic_loss": 29.65381628036499, "actor_loss": -109.14522076416016, "alpha_loss": 8.547473698854447e-05, "alpha_value": 0.08444873249530792, "duration": 87.37368321418762, "step": 38250}
{"episode_reward": 0.0, "episode": 154.0, "batch_reward": 0.7976875, "critic_loss": 29.099596317291258, "actor_loss": -108.54899871826171, "alpha_loss": 0.009451069366186858, "alpha_value": 0.0841427263021469, "duration": 87.08652257919312, "step": 38500}
{"episode_reward": 0.0, "episode": 155.0, "batch_reward": 0.78725, "critic_loss": 26.890298805236817, "actor_loss": -107.60371228027344, "alpha_loss": 0.0014121156865730881, "alpha_value": 0.08375163298845291, "duration": 87.26421451568604, "step": 38750}
{"episode_reward": 99.0, "episode": 156.0, "batch_reward": 0.792, "critic_loss": 28.2123568611145, "actor_loss": -108.72831121826172, "alpha_loss": 0.0024701278330758213, "alpha_value": 0.083599899828434, "duration": 87.23561334609985, "step": 39000}
{"episode_reward": 48.0, "episode": 157.0, "batch_reward": 0.7833125, "critic_loss": 31.4446633644104, "actor_loss": -107.76129290771485, "alpha_loss": -0.0011136886551976204, "alpha_value": 0.08365874749422074, "duration": 87.63853931427002, "step": 39250}
{"episode_reward": 602.0, "episode": 158.0, "batch_reward": 0.79490625, "critic_loss": 25.565670906066895, "actor_loss": -108.73446643066406, "alpha_loss": -0.0019924878869205715, "alpha_value": 0.08382460898160934, "duration": 87.84907126426697, "step": 39500}
{"episode_reward": 325.0, "episode": 159.0, "batch_reward": 0.78590625, "critic_loss": 26.972976680755615, "actor_loss": -108.084724609375, "alpha_loss": -0.0007151763457804918, "alpha_value": 0.08382781153917312, "duration": 87.61886620521545, "step": 39750}
{"episode_reward": 385.0, "episode": 160.0, "batch_reward": 0.81028125, "critic_loss": 26.216193389892577, "actor_loss": -108.58633563232422, "alpha_loss": -0.000722707980312407, "alpha_value": 0.0839062414765358, "duration": 87.2893934249878, "step": 40000}
{"episode_reward": 577.0, "episode": 161.0, "batch_reward": 0.805875, "critic_loss": 27.698191608428957, "actor_loss": -110.15016864013671, "alpha_loss": -0.0033981166165322064, "alpha_value": 0.08397217446565627, "duration": 99.0459213256836, "step": 40250}
{"episode_reward": 0.0, "episode": 162.0, "batch_reward": 0.79584375, "critic_loss": 24.549137821197508, "actor_loss": -110.52865545654296, "alpha_loss": -0.005524546562694013, "alpha_value": 0.08428750789165497, "duration": 87.30538368225098, "step": 40500}
{"episode_reward": 0.0, "episode": 163.0, "batch_reward": 0.78675, "critic_loss": 24.68228493118286, "actor_loss": -111.73542004394531, "alpha_loss": -0.009891547752544284, "alpha_value": 0.08475683319568635, "duration": 87.2934718132019, "step": 40750}
{"episode_reward": 313.0, "episode": 164.0, "batch_reward": 0.7924375, "critic_loss": 26.270723083496094, "actor_loss": -111.8877163696289, "alpha_loss": -0.008577526589855552, "alpha_value": 0.08527114075422287, "duration": 86.88329815864563, "step": 41000}
{"episode_reward": 997.0, "episode": 165.0, "batch_reward": 0.82115625, "critic_loss": 26.101867824554443, "actor_loss": -113.13306665039063, "alpha_loss": -0.005178871160373091, "alpha_value": 0.08564250487089158, "duration": 87.59772968292236, "step": 41250}
{"episode_reward": 976.0, "episode": 166.0, "batch_reward": 0.8510625, "critic_loss": 25.503561897277834, "actor_loss": -114.85031640625, "alpha_loss": -0.0038020149450749157, "alpha_value": 0.08594674098491668, "duration": 87.17450141906738, "step": 41500}
{"episode_reward": 942.0, "episode": 167.0, "batch_reward": 0.85540625, "critic_loss": 24.5854088973999, "actor_loss": -115.06534930419922, "alpha_loss": -0.002479987770318985, "alpha_value": 0.08619066882133485, "duration": 87.4670877456665, "step": 41750}
{"episode_reward": 943.0, "episode": 168.0, "batch_reward": 0.8523125, "critic_loss": 26.770429290771485, "actor_loss": -114.81883850097657, "alpha_loss": 0.0038785147815942763, "alpha_value": 0.08609880101680756, "duration": 87.92600631713867, "step": 42000}
{"episode_reward": 0.0, "episode": 169.0, "batch_reward": 0.87503125, "critic_loss": 25.491365329742433, "actor_loss": -118.00090441894531, "alpha_loss": -0.003702664392068982, "alpha_value": 0.08608964478969575, "duration": 87.36997985839844, "step": 42250}
{"episode_reward": 971.0, "episode": 170.0, "batch_reward": 0.88559375, "critic_loss": 33.95651946258545, "actor_loss": -118.83278546142579, "alpha_loss": -0.000721093486994505, "alpha_value": 0.08615518587827682, "duration": 87.53853583335876, "step": 42500}
{"episode_reward": 691.0, "episode": 171.0, "batch_reward": 0.90921875, "critic_loss": 32.14989302444458, "actor_loss": -120.14309014892578, "alpha_loss": -0.010273954959586263, "alpha_value": 0.08661167180538178, "duration": 87.6861674785614, "step": 42750}
{"episode_reward": 982.0, "episode": 172.0, "batch_reward": 0.9075625, "critic_loss": 35.96832604598999, "actor_loss": -122.23718444824219, "alpha_loss": -0.004280882820487023, "alpha_value": 0.08694305557012558, "duration": 87.29399561882019, "step": 43000}
{"episode_reward": 927.0, "episode": 173.0, "batch_reward": 0.94028125, "critic_loss": 27.366178283691408, "actor_loss": -122.61180535888671, "alpha_loss": -0.004327228389680386, "alpha_value": 0.08720111906528473, "duration": 87.27686882019043, "step": 43250}
{"episode_reward": 481.0, "episode": 174.0, "batch_reward": 0.9471875, "critic_loss": 29.320734199523926, "actor_loss": -123.25159020996094, "alpha_loss": -0.0021311523634940386, "alpha_value": 0.08743905866146087, "duration": 86.95238542556763, "step": 43500}
{"episode_reward": 973.0, "episode": 175.0, "batch_reward": 0.9665625, "critic_loss": 37.910617904663084, "actor_loss": -126.54506036376954, "alpha_loss": -0.010633751036599278, "alpha_value": 0.08784316116571426, "duration": 86.99988269805908, "step": 43750}
{"episode_reward": 994.0, "episode": 176.0, "batch_reward": 0.985375, "critic_loss": 26.73259716796875, "actor_loss": -127.34130310058593, "alpha_loss": -0.006992548678070307, "alpha_value": 0.0882946794629097, "duration": 87.56649446487427, "step": 44000}
{"episode_reward": 304.0, "episode": 177.0, "batch_reward": 0.97453125, "critic_loss": 26.55710813140869, "actor_loss": -127.10257647705077, "alpha_loss": -0.008229333842173218, "alpha_value": 0.0888401596546173, "duration": 87.1149435043335, "step": 44250}
{"episode_reward": 23.0, "episode": 178.0, "batch_reward": 0.98428125, "critic_loss": 31.213773685455322, "actor_loss": -127.66837542724609, "alpha_loss": -0.008442854102700948, "alpha_value": 0.0892576306462288, "duration": 87.31029939651489, "step": 44500}
{"episode_reward": 755.0, "episode": 179.0, "batch_reward": 0.980375, "critic_loss": 30.291118579864502, "actor_loss": -129.46519030761718, "alpha_loss": -0.008604532346129417, "alpha_value": 0.08980905586481094, "duration": 87.93167781829834, "step": 44750}
{"episode_reward": 956.0, "episode": 180.0, "batch_reward": 1.01340625, "critic_loss": 29.47830694961548, "actor_loss": -130.15196270751954, "alpha_loss": -0.007685851203277707, "alpha_value": 0.09034728431701661, "duration": 86.92239809036255, "step": 45000}
{"episode_reward": 920.0, "episode": 181.0, "batch_reward": 1.00725, "critic_loss": 27.412336658477784, "actor_loss": -129.65476000976562, "alpha_loss": -0.011240887911990285, "alpha_value": 0.09088403940200805, "duration": 87.84180307388306, "step": 45250}
{"episode_reward": 74.0, "episode": 182.0, "batch_reward": 1.0138125, "critic_loss": 28.773824195861817, "actor_loss": -130.91155584716796, "alpha_loss": -0.014157175168395042, "alpha_value": 0.09162145882844924, "duration": 87.89352631568909, "step": 45500}
{"episode_reward": 468.0, "episode": 183.0, "batch_reward": 1.0060625, "critic_loss": 27.233667835235597, "actor_loss": -130.97113275146484, "alpha_loss": -0.009343198023736477, "alpha_value": 0.09235795384645462, "duration": 87.72153234481812, "step": 45750}
{"episode_reward": 0.0, "episode": 184.0, "batch_reward": 1.00503125, "critic_loss": 31.044390502929687, "actor_loss": -132.8676066894531, "alpha_loss": -0.01404882630892098, "alpha_value": 0.09294094222784043, "duration": 87.50803065299988, "step": 46000}
{"episode_reward": 584.0, "episode": 185.0, "batch_reward": 1.00840625, "critic_loss": 29.063081520080566, "actor_loss": -133.31586767578125, "alpha_loss": -0.0086477379668504, "alpha_value": 0.09366847240924835, "duration": 87.45542573928833, "step": 46250}
{"episode_reward": 676.0, "episode": 186.0, "batch_reward": 1.02140625, "critic_loss": 27.525956245422364, "actor_loss": -133.66686572265624, "alpha_loss": -0.01047298021428287, "alpha_value": 0.0942122865319252, "duration": 87.49359011650085, "step": 46500}
{"episode_reward": 651.0, "episode": 187.0, "batch_reward": 1.0218125, "critic_loss": 28.382986785888672, "actor_loss": -134.30114782714844, "alpha_loss": -0.006911313086748123, "alpha_value": 0.09474233913421631, "duration": 87.46659803390503, "step": 46750}
{"episode_reward": 0.0, "episode": 188.0, "batch_reward": 1.01928125, "critic_loss": 28.503302680969238, "actor_loss": -133.63626263427733, "alpha_loss": -0.007025695398449897, "alpha_value": 0.09510181272029877, "duration": 87.05069994926453, "step": 47000}
{"episode_reward": 986.0, "episode": 189.0, "batch_reward": 1.026875, "critic_loss": 32.1673397064209, "actor_loss": -134.31103979492187, "alpha_loss": -0.0005536264646798372, "alpha_value": 0.09539835864305496, "duration": 87.45150375366211, "step": 47250}
{"episode_reward": 618.0, "episode": 190.0, "batch_reward": 1.03903125, "critic_loss": 33.48943009185791, "actor_loss": -136.69582934570312, "alpha_loss": -0.0050580623894929885, "alpha_value": 0.09547021442651749, "duration": 87.20301795005798, "step": 47500}
{"episode_reward": 9.0, "episode": 191.0, "batch_reward": 1.02425, "critic_loss": 33.38193223571778, "actor_loss": -136.8328713989258, "alpha_loss": -0.010253587521612643, "alpha_value": 0.09604582351446152, "duration": 87.85958909988403, "step": 47750}
{"episode_reward": 85.0, "episode": 192.0, "batch_reward": 1.04290625, "critic_loss": 33.02744313430786, "actor_loss": -137.43792053222657, "alpha_loss": -0.006462054962292314, "alpha_value": 0.09652850258350372, "duration": 87.27156662940979, "step": 48000}
{"episode_reward": 210.0, "episode": 193.0, "batch_reward": 1.04390625, "critic_loss": 33.02632071685791, "actor_loss": -137.22828436279298, "alpha_loss": -0.002622745322063565, "alpha_value": 0.09682647746801376, "duration": 87.16991209983826, "step": 48250}
{"episode_reward": 606.0, "episode": 194.0, "batch_reward": 1.03384375, "critic_loss": 32.663695358276364, "actor_loss": -139.23085192871093, "alpha_loss": -0.0058326571080833675, "alpha_value": 0.09704201400279999, "duration": 87.25060391426086, "step": 48500}
{"episode_reward": 0.0, "episode": 195.0, "batch_reward": 1.04315625, "critic_loss": 29.819353607177735, "actor_loss": -139.7514583129883, "alpha_loss": -0.007557639986276627, "alpha_value": 0.09738867390155792, "duration": 87.7960045337677, "step": 48750}
{"episode_reward": 886.0, "episode": 196.0, "batch_reward": 1.06478125, "critic_loss": 29.53765126800537, "actor_loss": -142.18039514160157, "alpha_loss": -0.008310930050909519, "alpha_value": 0.09791072982549667, "duration": 87.89205646514893, "step": 49000}
{"episode_reward": 991.0, "episode": 197.0, "batch_reward": 1.06334375, "critic_loss": 30.7089694519043, "actor_loss": -140.9170327758789, "alpha_loss": -0.009945326663553715, "alpha_value": 0.0984665641784668, "duration": 87.82663321495056, "step": 49250}
{"episode_reward": 336.0, "episode": 198.0, "batch_reward": 1.07184375, "critic_loss": 31.820122787475587, "actor_loss": -141.3489295654297, "alpha_loss": -0.009655303706414998, "alpha_value": 0.09902445316314697, "duration": 87.11351561546326, "step": 49500}
{"episode_reward": 686.0, "episode": 199.0, "batch_reward": 1.067125, "critic_loss": 38.94958586883545, "actor_loss": -141.99382592773438, "alpha_loss": -0.006104587588459253, "alpha_value": 0.09957636576890945, "duration": 87.69757270812988, "step": 49750}
{"episode_reward": 778.0, "episode": 200.0, "batch_reward": 1.1003125, "critic_loss": 36.110389320373535, "actor_loss": -143.613765625, "alpha_loss": -0.011846056763082743, "alpha_value": 0.10009614855051041, "duration": 87.7104823589325, "step": 50000}
{"episode_reward": 125.0, "episode": 201.0, "batch_reward": 1.067875, "critic_loss": 35.17168389129639, "actor_loss": -142.8983567504883, "alpha_loss": -0.012728021678514778, "alpha_value": 0.10088411623239517, "duration": 99.64303255081177, "step": 50250}
{"episode_reward": 354.0, "episode": 202.0, "batch_reward": 1.078625, "critic_loss": 34.538160865783695, "actor_loss": -144.91246459960936, "alpha_loss": -0.007278271613642574, "alpha_value": 0.10148071646690368, "duration": 87.2043776512146, "step": 50500}
{"episode_reward": 777.0, "episode": 203.0, "batch_reward": 1.08321875, "critic_loss": 33.565179508209226, "actor_loss": -145.4797431640625, "alpha_loss": -0.005728665146976709, "alpha_value": 0.10192127150297164, "duration": 87.1396656036377, "step": 50750}
{"episode_reward": 0.0, "episode": 204.0, "batch_reward": 1.07590625, "critic_loss": 34.677776763916015, "actor_loss": -145.06663287353516, "alpha_loss": -0.008767730850726366, "alpha_value": 0.10235942536592484, "duration": 87.80823183059692, "step": 51000}
{"episode_reward": 401.0, "episode": 205.0, "batch_reward": 1.095875, "critic_loss": 33.63122093200683, "actor_loss": -146.84120770263672, "alpha_loss": -0.002572696533054113, "alpha_value": 0.10271751296520233, "duration": 87.23964071273804, "step": 51250}
{"episode_reward": 889.0, "episode": 206.0, "batch_reward": 1.10665625, "critic_loss": 33.58894044876099, "actor_loss": -147.96031494140624, "alpha_loss": -0.006768389130011201, "alpha_value": 0.10291434431076049, "duration": 87.61381769180298, "step": 51500}
{"episode_reward": 64.0, "episode": 207.0, "batch_reward": 1.12321875, "critic_loss": 38.194248207092286, "actor_loss": -148.61326489257812, "alpha_loss": -0.0002781232967972755, "alpha_value": 0.10323798078298568, "duration": 86.97779417037964, "step": 51750}
{"episode_reward": 992.0, "episode": 208.0, "batch_reward": 1.11578125, "critic_loss": 36.54676750946045, "actor_loss": -148.81826806640626, "alpha_loss": 0.00551609418541193, "alpha_value": 0.10313524240255356, "duration": 87.54394960403442, "step": 52000}
{"episode_reward": 893.0, "episode": 209.0, "batch_reward": 1.121125, "critic_loss": 35.41213592529297, "actor_loss": -150.16464501953126, "alpha_loss": 0.004364106498658657, "alpha_value": 0.1027318702340126, "duration": 87.31841516494751, "step": 52250}
{"episode_reward": 103.0, "episode": 210.0, "batch_reward": 1.1158125, "critic_loss": 38.128560516357425, "actor_loss": -151.2027294921875, "alpha_loss": -0.002315990936011076, "alpha_value": 0.10274787998199462, "duration": 87.9827048778534, "step": 52500}
{"episode_reward": 185.0, "episode": 211.0, "batch_reward": 1.1008125, "critic_loss": 36.345989486694336, "actor_loss": -152.3412127685547, "alpha_loss": -0.0032702279668301343, "alpha_value": 0.10289436858892441, "duration": 87.99266529083252, "step": 52750}
{"episode_reward": 0.0, "episode": 212.0, "batch_reward": 1.143125, "critic_loss": 38.65907353973389, "actor_loss": -154.67996728515624, "alpha_loss": -0.0013623149786144496, "alpha_value": 0.10293703305721283, "duration": 88.12255859375, "step": 53000}
{"episode_reward": 973.0, "episode": 213.0, "batch_reward": 1.11275, "critic_loss": 40.855539978027345, "actor_loss": -153.03066052246095, "alpha_loss": -0.006554400267079472, "alpha_value": 0.10328334546089173, "duration": 87.44349145889282, "step": 53250}
{"episode_reward": 147.0, "episode": 214.0, "batch_reward": 1.12925, "critic_loss": 35.80513325500488, "actor_loss": -154.1753818359375, "alpha_loss": -0.0047428518440574404, "alpha_value": 0.10348596101999283, "duration": 87.39879250526428, "step": 53500}
{"episode_reward": 932.0, "episode": 215.0, "batch_reward": 1.163, "critic_loss": 39.009060081481934, "actor_loss": -156.76260339355468, "alpha_loss": -0.012947966102510691, "alpha_value": 0.10406516295671463, "duration": 87.67750000953674, "step": 53750}
{"episode_reward": 743.0, "episode": 216.0, "batch_reward": 1.136125, "critic_loss": 39.307027641296386, "actor_loss": -157.8188924560547, "alpha_loss": -0.014129450941458345, "alpha_value": 0.10496828490495681, "duration": 87.26465106010437, "step": 54000}
{"episode_reward": 0.0, "episode": 217.0, "batch_reward": 1.1308125, "critic_loss": 40.53422587585449, "actor_loss": -154.42465576171875, "alpha_loss": -0.011025634126737714, "alpha_value": 0.10575862562656403, "duration": 87.67569828033447, "step": 54250}
{"episode_reward": 392.0, "episode": 218.0, "batch_reward": 1.14271875, "critic_loss": 42.20592335510254, "actor_loss": -156.91924633789063, "alpha_loss": -0.004801492808386683, "alpha_value": 0.10616883373260498, "duration": 87.29192233085632, "step": 54500}
{"episode_reward": 467.0, "episode": 219.0, "batch_reward": 1.1451875, "critic_loss": 39.262824981689455, "actor_loss": -156.49702185058592, "alpha_loss": -0.005206037970259786, "alpha_value": 0.1065427810549736, "duration": 87.14992260932922, "step": 54750}
{"episode_reward": 986.0, "episode": 220.0, "batch_reward": 1.1646875, "critic_loss": 46.91292221069336, "actor_loss": -160.68587634277344, "alpha_loss": -0.0069497571289539335, "alpha_value": 0.1067526193857193, "duration": 87.78407096862793, "step": 55000}
{"episode_reward": 994.0, "episode": 221.0, "batch_reward": 1.1465, "critic_loss": 41.34386991119385, "actor_loss": -160.54983837890626, "alpha_loss": -0.00560761190764606, "alpha_value": 0.10721144706010818, "duration": 88.10571718215942, "step": 55250}
{"episode_reward": 92.0, "episode": 222.0, "batch_reward": 1.1715, "critic_loss": 41.07460380554199, "actor_loss": -161.38571557617186, "alpha_loss": -0.012902627615258098, "alpha_value": 0.10784511363506318, "duration": 87.69672155380249, "step": 55500}
{"episode_reward": 802.0, "episode": 223.0, "batch_reward": 1.20084375, "critic_loss": 41.646796882629395, "actor_loss": -162.289380859375, "alpha_loss": -0.009669539818540216, "alpha_value": 0.10838849240541458, "duration": 87.66272330284119, "step": 55750}
{"episode_reward": 818.0, "episode": 224.0, "batch_reward": 1.18740625, "critic_loss": 42.149930534362795, "actor_loss": -164.01806982421874, "alpha_loss": -0.016125878678634763, "alpha_value": 0.10923629152774811, "duration": 87.52076005935669, "step": 56000}
{"episode_reward": 513.0, "episode": 225.0, "batch_reward": 1.18603125, "critic_loss": 43.99637493133545, "actor_loss": -163.53427770996095, "alpha_loss": -0.009309563886374234, "alpha_value": 0.10997363775968552, "duration": 87.5243935585022, "step": 56250}
{"episode_reward": 959.0, "episode": 226.0, "batch_reward": 1.19921875, "critic_loss": 44.90567003631592, "actor_loss": -163.79405603027342, "alpha_loss": -0.011822662198916077, "alpha_value": 0.11064692324399948, "duration": 87.63471484184265, "step": 56500}
{"episode_reward": 642.0, "episode": 227.0, "batch_reward": 1.22265625, "critic_loss": 42.14643656158447, "actor_loss": -165.09628259277343, "alpha_loss": -0.009528074955567718, "alpha_value": 0.11124262875318527, "duration": 87.83665943145752, "step": 56750}
{"episode_reward": 243.0, "episode": 228.0, "batch_reward": 1.22390625, "critic_loss": 48.74088105010986, "actor_loss": -167.7212391357422, "alpha_loss": -0.013315584288910031, "alpha_value": 0.11199807691574097, "duration": 88.1768090724945, "step": 57000}
{"episode_reward": 469.0, "episode": 229.0, "batch_reward": 1.20975, "critic_loss": 43.76658731842041, "actor_loss": -168.2526806640625, "alpha_loss": -0.0062834169827401636, "alpha_value": 0.11255052202939987, "duration": 88.05003261566162, "step": 57250}
{"episode_reward": 975.0, "episode": 230.0, "batch_reward": 1.22034375, "critic_loss": 60.91290365600586, "actor_loss": -168.47703112792968, "alpha_loss": -0.005907650304026902, "alpha_value": 0.11281387805938721, "duration": 87.57717108726501, "step": 57500}
{"episode_reward": 43.0, "episode": 231.0, "batch_reward": 1.20815625, "critic_loss": 56.89127490234375, "actor_loss": -170.29579638671876, "alpha_loss": -0.009217181982472539, "alpha_value": 0.1133723286986351, "duration": 87.40334129333496, "step": 57750}
{"episode_reward": 432.0, "episode": 232.0, "batch_reward": 1.2298125, "critic_loss": 51.837315338134765, "actor_loss": -169.45277551269533, "alpha_loss": -0.012518379811197518, "alpha_value": 0.11397700989246369, "duration": 87.49105095863342, "step": 58000}
{"episode_reward": 463.0, "episode": 233.0, "batch_reward": 1.2345625, "critic_loss": 47.14275700378418, "actor_loss": -170.56401220703125, "alpha_loss": -0.01056931454129517, "alpha_value": 0.11475347405672073, "duration": 87.5164361000061, "step": 58250}
{"episode_reward": 944.0, "episode": 234.0, "batch_reward": 1.238625, "critic_loss": 48.23128774261475, "actor_loss": -171.5361940917969, "alpha_loss": -0.013078325947746635, "alpha_value": 0.11544386261701584, "duration": 87.24465465545654, "step": 58500}
{"episode_reward": 598.0, "episode": 235.0, "batch_reward": 1.239, "critic_loss": 43.83883417510987, "actor_loss": -171.31131909179686, "alpha_loss": -0.015520546155050398, "alpha_value": 0.11622905784845353, "duration": 87.34565472602844, "step": 58750}
{"episode_reward": 526.0, "episode": 236.0, "batch_reward": 1.26134375, "critic_loss": 44.976372352600094, "actor_loss": -175.3233818359375, "alpha_loss": -0.014861388873308897, "alpha_value": 0.11718165028095245, "duration": 87.2246036529541, "step": 59000}
{"episode_reward": 980.0, "episode": 237.0, "batch_reward": 1.2533125, "critic_loss": 51.82834519195556, "actor_loss": -173.77987963867187, "alpha_loss": -0.018914724385365844, "alpha_value": 0.11822846257686614, "duration": 87.76424098014832, "step": 59250}
{"episode_reward": 786.0, "episode": 238.0, "batch_reward": 1.25253125, "critic_loss": 48.93802173614502, "actor_loss": -175.58507141113282, "alpha_loss": -0.013024506855756044, "alpha_value": 0.11909520787000656, "duration": 87.54846692085266, "step": 59500}
{"episode_reward": 331.0, "episode": 239.0, "batch_reward": 1.25653125, "critic_loss": 48.613226974487304, "actor_loss": -176.876671875, "alpha_loss": -0.0056710822526365515, "alpha_value": 0.11974791330099106, "duration": 87.32566809654236, "step": 59750}
{"episode_reward": 473.0, "episode": 240.0, "batch_reward": 1.28465625, "critic_loss": 49.906146682739255, "actor_loss": -178.91963891601563, "alpha_loss": -0.007521101587451995, "alpha_value": 0.12015255057811737, "duration": 87.66756272315979, "step": 60000}
{"episode_reward": 306.0, "episode": 241.0, "batch_reward": 1.28259375, "critic_loss": 45.22118252563477, "actor_loss": -179.56701489257813, "alpha_loss": -0.006935299634933472, "alpha_value": 0.12046494323015212, "duration": 99.82920861244202, "step": 60250}
{"episode_reward": 690.0, "episode": 242.0, "batch_reward": 1.26790625, "critic_loss": 48.52124907684326, "actor_loss": -179.7695018310547, "alpha_loss": -0.003990176249295473, "alpha_value": 0.12089193260669709, "duration": 87.65026354789734, "step": 60500}
{"episode_reward": 981.0, "episode": 243.0, "batch_reward": 1.2863125, "critic_loss": 41.538521095275875, "actor_loss": -181.85354553222658, "alpha_loss": -0.004314019717276097, "alpha_value": 0.1211982604265213, "duration": 87.51954507827759, "step": 60750}
{"episode_reward": 677.0, "episode": 244.0, "batch_reward": 1.27503125, "critic_loss": 46.642815879821775, "actor_loss": -182.70493359375, "alpha_loss": -0.002878222977742553, "alpha_value": 0.12151315194368363, "duration": 87.75991082191467, "step": 61000}
{"episode_reward": 892.0, "episode": 245.0, "batch_reward": 1.30459375, "critic_loss": 43.601233222961426, "actor_loss": -182.26358569335937, "alpha_loss": 0.0019145758152008057, "alpha_value": 0.1213424985408783, "duration": 87.71345448493958, "step": 61250}
{"episode_reward": 212.0, "episode": 246.0, "batch_reward": 1.28253125, "critic_loss": 44.24840885925293, "actor_loss": -183.56079296875, "alpha_loss": -5.761200189590454e-05, "alpha_value": 0.12140654319524766, "duration": 87.74178218841553, "step": 61500}
{"episode_reward": 262.0, "episode": 247.0, "batch_reward": 1.28834375, "critic_loss": 47.312629035949705, "actor_loss": -185.412826171875, "alpha_loss": -0.005458533914759755, "alpha_value": 0.12155193805694581, "duration": 87.45440721511841, "step": 61750}
{"episode_reward": 537.0, "episode": 248.0, "batch_reward": 1.30121875, "critic_loss": 47.02962519073486, "actor_loss": -185.10836169433594, "alpha_loss": -0.0011143810637295247, "alpha_value": 0.12177001541852951, "duration": 86.9032232761383, "step": 62000}
{"episode_reward": 683.0, "episode": 249.0, "batch_reward": 1.3081875, "critic_loss": 49.864798583984374, "actor_loss": -186.63052368164062, "alpha_loss": -0.001007722657173872, "alpha_value": 0.12184921038150788, "duration": 87.5013062953949, "step": 62250}
{"episode_reward": 952.0, "episode": 250.0, "batch_reward": 1.3148125, "critic_loss": 52.94285411834717, "actor_loss": -188.1684676513672, "alpha_loss": 0.0032907676845788957, "alpha_value": 0.12172509586811066, "duration": 87.40533828735352, "step": 62500}
{"episode_reward": 433.0, "episode": 251.0, "batch_reward": 1.3098125, "critic_loss": 47.757570198059085, "actor_loss": -190.68365832519532, "alpha_loss": 0.005033598806709051, "alpha_value": 0.12144233912229538, "duration": 87.82610440254211, "step": 62750}
{"episode_reward": 982.0, "episode": 252.0, "batch_reward": 1.3298125, "critic_loss": 48.9679755859375, "actor_loss": -191.13136877441406, "alpha_loss": 0.0003996448200196028, "alpha_value": 0.12127382290363312, "duration": 87.96385335922241, "step": 63000}
{"episode_reward": 6.0, "episode": 253.0, "batch_reward": 1.3221875, "critic_loss": 58.85512148284912, "actor_loss": -192.7053223876953, "alpha_loss": -0.0014475082028657198, "alpha_value": 0.12140369522571563, "duration": 88.1566333770752, "step": 63250}
{"episode_reward": 449.0, "episode": 254.0, "batch_reward": 1.3241875, "critic_loss": 55.79766839599609, "actor_loss": -192.81507397460936, "alpha_loss": -0.002665847923606634, "alpha_value": 0.12144829875230789, "duration": 87.73465609550476, "step": 63500}
{"episode_reward": 974.0, "episode": 255.0, "batch_reward": 1.33071875, "critic_loss": 50.41352780914307, "actor_loss": -193.48082470703125, "alpha_loss": 0.008067463126033545, "alpha_value": 0.12130324071645737, "duration": 87.36970567703247, "step": 63750}
{"episode_reward": 952.0, "episode": 256.0, "batch_reward": 1.34403125, "critic_loss": 49.43387566375733, "actor_loss": -195.04946154785156, "alpha_loss": 0.0036440537348389626, "alpha_value": 0.12093804055452347, "duration": 87.91637301445007, "step": 64000}
{"episode_reward": 357.0, "episode": 257.0, "batch_reward": 1.33253125, "critic_loss": 47.728139877319336, "actor_loss": -195.88704602050782, "alpha_loss": 0.00042456866800785065, "alpha_value": 0.12077274161577224, "duration": 87.54797220230103, "step": 64250}
{"episode_reward": 565.0, "episode": 258.0, "batch_reward": 1.35103125, "critic_loss": 46.18246195220947, "actor_loss": -196.37811450195312, "alpha_loss": -0.010712865099310876, "alpha_value": 0.1211130782365799, "duration": 88.61877179145813, "step": 64500}
{"episode_reward": 447.0, "episode": 259.0, "batch_reward": 1.36203125, "critic_loss": 46.52668011474609, "actor_loss": -196.8424931640625, "alpha_loss": -0.004849802924320102, "alpha_value": 0.12170926207304, "duration": 87.4989082813263, "step": 64750}
{"episode_reward": 959.0, "episode": 260.0, "batch_reward": 1.33890625, "critic_loss": 50.325554046630856, "actor_loss": -198.46133935546874, "alpha_loss": 0.0010966077521443367, "alpha_value": 0.1216509153842926, "duration": 87.95584988594055, "step": 65000}
{"episode_reward": 991.0, "episode": 261.0, "batch_reward": 1.34678125, "critic_loss": 49.534330894470216, "actor_loss": -198.9984696044922, "alpha_loss": 0.0006639027781784535, "alpha_value": 0.12167301994562149, "duration": 87.93068623542786, "step": 65250}
{"episode_reward": 0.0, "episode": 262.0, "batch_reward": 1.36421875, "critic_loss": 50.032720985412595, "actor_loss": -200.15220190429687, "alpha_loss": 0.0008994102496653795, "alpha_value": 0.12170152390003204, "duration": 87.7415816783905, "step": 65500}
{"episode_reward": 445.0, "episode": 263.0, "batch_reward": 1.35465625, "critic_loss": 50.07479962921143, "actor_loss": -200.81555212402344, "alpha_loss": 0.0023264551255851983, "alpha_value": 0.1214212293624878, "duration": 89.20995378494263, "step": 65750}
{"episode_reward": 753.0, "episode": 264.0, "batch_reward": 1.35465625, "critic_loss": 47.09389308166504, "actor_loss": -200.34336181640626, "alpha_loss": -0.007234521111473441, "alpha_value": 0.12161144250631332, "duration": 89.28867840766907, "step": 66000}
{"episode_reward": 242.0, "episode": 265.0, "batch_reward": 1.39234375, "critic_loss": 46.30793881988525, "actor_loss": -202.37107946777343, "alpha_loss": -0.0033143810480833055, "alpha_value": 0.12211875545978546, "duration": 89.02509307861328, "step": 66250}
{"episode_reward": 984.0, "episode": 266.0, "batch_reward": 1.369625, "critic_loss": 54.26314353942871, "actor_loss": -203.9636885986328, "alpha_loss": 0.005035340338945388, "alpha_value": 0.12192711508274079, "duration": 89.03059101104736, "step": 66500}
{"episode_reward": 239.0, "episode": 267.0, "batch_reward": 1.38165625, "critic_loss": 53.20303693389893, "actor_loss": -205.31691357421874, "alpha_loss": -0.006219242626801133, "alpha_value": 0.12206852132081986, "duration": 89.19997501373291, "step": 66750}
{"episode_reward": 382.0, "episode": 268.0, "batch_reward": 1.38125, "critic_loss": 45.89483084869385, "actor_loss": -205.4379140625, "alpha_loss": -0.0020873201936483384, "alpha_value": 0.12220388913154602, "duration": 89.23377871513367, "step": 67000}
{"episode_reward": 237.0, "episode": 269.0, "batch_reward": 1.386625, "critic_loss": 49.237848007202146, "actor_loss": -205.40531469726562, "alpha_loss": -0.005356230441480875, "alpha_value": 0.12252954411506653, "duration": 89.26639342308044, "step": 67250}
{"episode_reward": 769.0, "episode": 270.0, "batch_reward": 1.39325, "critic_loss": 45.09550666809082, "actor_loss": -205.69820825195313, "alpha_loss": -0.0022044585049152375, "alpha_value": 0.12272354650497437, "duration": 89.4509630203247, "step": 67500}
{"episode_reward": 591.0, "episode": 271.0, "batch_reward": 1.40290625, "critic_loss": 47.084914436340334, "actor_loss": -207.6032257080078, "alpha_loss": -0.003995847959071398, "alpha_value": 0.12284588664770127, "duration": 89.62467336654663, "step": 67750}
{"episode_reward": 967.0, "episode": 272.0, "batch_reward": 1.3981875, "critic_loss": 43.27072011566162, "actor_loss": -208.7559552001953, "alpha_loss": -0.01037897116318345, "alpha_value": 0.12336748379468918, "duration": 88.9947304725647, "step": 68000}
{"episode_reward": 969.0, "episode": 273.0, "batch_reward": 1.4201875, "critic_loss": 44.03566854095459, "actor_loss": -208.91046899414061, "alpha_loss": 0.000262144785374403, "alpha_value": 0.12378949654102325, "duration": 89.35104513168335, "step": 68250}
{"episode_reward": 956.0, "episode": 274.0, "batch_reward": 1.40465625, "critic_loss": 46.99633519744873, "actor_loss": -210.44032019042967, "alpha_loss": 5.23222517222166e-05, "alpha_value": 0.12377138805389404, "duration": 89.20596361160278, "step": 68500}
{"episode_reward": 948.0, "episode": 275.0, "batch_reward": 1.418125, "critic_loss": 47.94138997650146, "actor_loss": -210.96275720214842, "alpha_loss": -0.006071719633415342, "alpha_value": 0.12393380492925644, "duration": 89.35256576538086, "step": 68750}
{"episode_reward": 42.0, "episode": 276.0, "batch_reward": 1.39725, "critic_loss": 48.594096061706544, "actor_loss": -211.4863565673828, "alpha_loss": 0.004600840685889125, "alpha_value": 0.12396077156066894, "duration": 89.34399795532227, "step": 69000}
{"episode_reward": 658.0, "episode": 277.0, "batch_reward": 1.4275, "critic_loss": 47.28940567779541, "actor_loss": -213.86659375, "alpha_loss": 4.0255138650536534e-05, "alpha_value": 0.12387502586841584, "duration": 88.78745746612549, "step": 69250}
{"episode_reward": 968.0, "episode": 278.0, "batch_reward": 1.43190625, "critic_loss": 50.90424698638916, "actor_loss": -214.95101403808593, "alpha_loss": 0.0021997268190607428, "alpha_value": 0.12368855422735214, "duration": 88.97853636741638, "step": 69500}
{"episode_reward": 970.0, "episode": 279.0, "batch_reward": 1.42878125, "critic_loss": 53.227991622924804, "actor_loss": -214.7791356201172, "alpha_loss": 0.007805825654417276, "alpha_value": 0.12334852123260498, "duration": 88.42502307891846, "step": 69750}
{"episode_reward": 103.0, "episode": 280.0, "batch_reward": 1.4286875, "critic_loss": 59.89050205993652, "actor_loss": -214.95854418945314, "alpha_loss": 0.005633835706859827, "alpha_value": 0.12300742638111115, "duration": 89.29150128364563, "step": 70000}
{"episode_reward": 924.0, "episode": 281.0, "batch_reward": 1.43003125, "critic_loss": 58.29887936401367, "actor_loss": -215.87595141601562, "alpha_loss": 0.006069370813667774, "alpha_value": 0.12252700799703597, "duration": 101.15323066711426, "step": 70250}
{"episode_reward": 951.0, "episode": 282.0, "batch_reward": 1.45025, "critic_loss": 56.63397955322266, "actor_loss": -218.3823936767578, "alpha_loss": 0.007910563096404076, "alpha_value": 0.12212276011705399, "duration": 89.10225915908813, "step": 70500}
{"episode_reward": 975.0, "episode": 283.0, "batch_reward": 1.476375, "critic_loss": 47.678627738952635, "actor_loss": -218.88449609375, "alpha_loss": 0.009752489356324077, "alpha_value": 0.12165427333116531, "duration": 89.34885692596436, "step": 70750}
{"episode_reward": 959.0, "episode": 284.0, "batch_reward": 1.47690625, "critic_loss": 48.282851219177246, "actor_loss": -222.0424305419922, "alpha_loss": -0.00037743041664361956, "alpha_value": 0.12122799426317216, "duration": 89.28214597702026, "step": 71000}
{"episode_reward": 482.0, "episode": 285.0, "batch_reward": 1.486875, "critic_loss": 49.49105805206299, "actor_loss": -219.4657540283203, "alpha_loss": -0.0019520198497921229, "alpha_value": 0.12138098216056824, "duration": 89.56297278404236, "step": 71250}
{"episode_reward": 943.0, "episode": 286.0, "batch_reward": 1.486375, "critic_loss": 47.28665985107422, "actor_loss": -218.74921948242186, "alpha_loss": -0.0006454589376226067, "alpha_value": 0.1214173219203949, "duration": 89.40005421638489, "step": 71500}
{"episode_reward": 743.0, "episode": 287.0, "batch_reward": 1.4745625, "critic_loss": 49.24152542877197, "actor_loss": -222.21034887695313, "alpha_loss": 0.0077158380076289175, "alpha_value": 0.12123078608512879, "duration": 89.45837140083313, "step": 71750}
{"episode_reward": 43.0, "episode": 288.0, "batch_reward": 1.48303125, "critic_loss": 49.046657470703124, "actor_loss": -222.02334204101564, "alpha_loss": 0.011546384511515498, "alpha_value": 0.12058026260137558, "duration": 89.39263153076172, "step": 72000}
{"episode_reward": 987.0, "episode": 289.0, "batch_reward": 1.4673125, "critic_loss": 48.73566778564453, "actor_loss": -221.78563549804687, "alpha_loss": 0.0037298035621643067, "alpha_value": 0.12000776886940002, "duration": 89.13685035705566, "step": 72250}
{"episode_reward": 664.0, "episode": 290.0, "batch_reward": 1.4869375, "critic_loss": 45.60969107055664, "actor_loss": -223.31904357910156, "alpha_loss": -0.0012628094553947449, "alpha_value": 0.12006143063306808, "duration": 89.25217199325562, "step": 72500}
{"episode_reward": 801.0, "episode": 291.0, "batch_reward": 1.50978125, "critic_loss": 46.078724319458004, "actor_loss": -224.65771166992187, "alpha_loss": -0.0017633078023791312, "alpha_value": 0.12010608041286469, "duration": 89.13866972923279, "step": 72750}
{"episode_reward": 951.0, "episode": 292.0, "batch_reward": 1.51946875, "critic_loss": 45.927058723449704, "actor_loss": -225.298943359375, "alpha_loss": -9.86095629632473e-05, "alpha_value": 0.1202762689590454, "duration": 88.9244167804718, "step": 73000}
{"episode_reward": 827.0, "episode": 293.0, "batch_reward": 1.51215625, "critic_loss": 52.07592660522461, "actor_loss": -225.83406030273437, "alpha_loss": 0.002938265761360526, "alpha_value": 0.12014926636219024, "duration": 89.2550675868988, "step": 73250}
{"episode_reward": 42.0, "episode": 294.0, "batch_reward": 1.52134375, "critic_loss": 48.43521645355224, "actor_loss": -227.53290222167968, "alpha_loss": -0.00800338675454259, "alpha_value": 0.12023833280801773, "duration": 89.57224631309509, "step": 73500}
{"episode_reward": 964.0, "episode": 295.0, "batch_reward": 1.5159375, "critic_loss": 50.28495715332031, "actor_loss": -227.1440108642578, "alpha_loss": 0.000662970844656229, "alpha_value": 0.12055497044324875, "duration": 89.21024060249329, "step": 73750}
{"episode_reward": 595.0, "episode": 296.0, "batch_reward": 1.5004375, "critic_loss": 44.31555620574951, "actor_loss": -228.09387817382813, "alpha_loss": -0.0015315771531313658, "alpha_value": 0.12057381236553193, "duration": 89.3265392780304, "step": 74000}
{"episode_reward": 30.0, "episode": 297.0, "batch_reward": 1.5054375, "critic_loss": 54.034258834838866, "actor_loss": -228.70307678222656, "alpha_loss": -0.0006781562976539135, "alpha_value": 0.12052810740470886, "duration": 89.25990867614746, "step": 74250}
{"episode_reward": 977.0, "episode": 298.0, "batch_reward": 1.53265625, "critic_loss": 48.223262702941895, "actor_loss": -231.793513671875, "alpha_loss": 0.0015392751730978489, "alpha_value": 0.12060496693849564, "duration": 89.37505626678467, "step": 74500}
{"episode_reward": 913.0, "episode": 299.0, "batch_reward": 1.5024375, "critic_loss": 46.74525096893311, "actor_loss": -230.90625341796874, "alpha_loss": 0.004249102249741554, "alpha_value": 0.12042757552862167, "duration": 89.32424473762512, "step": 74750}
{"episode_reward": 947.0, "episode": 300.0, "batch_reward": 1.52771875, "critic_loss": 44.97202662658692, "actor_loss": -231.81101879882812, "alpha_loss": 0.0036951781306415795, "alpha_value": 0.12016562885046005, "duration": 89.37609672546387, "step": 75000}
{"episode_reward": 429.0, "episode": 301.0, "batch_reward": 1.53296875, "critic_loss": 43.64779172515869, "actor_loss": -232.6141103515625, "alpha_loss": -0.0038274268163368107, "alpha_value": 0.1201041116118431, "duration": 89.24574303627014, "step": 75250}
{"episode_reward": 999.0, "episode": 302.0, "batch_reward": 1.5410625, "critic_loss": 47.09582972717285, "actor_loss": -233.73694262695312, "alpha_loss": 0.005326623704284429, "alpha_value": 0.12006575399637222, "duration": 89.30760502815247, "step": 75500}
{"episode_reward": 7.0, "episode": 303.0, "batch_reward": 1.55275, "critic_loss": 46.1254595413208, "actor_loss": -235.33373706054687, "alpha_loss": 0.00380695241689682, "alpha_value": 0.1197642702460289, "duration": 89.29708743095398, "step": 75750}
{"episode_reward": 734.0, "episode": 304.0, "batch_reward": 1.5586875, "critic_loss": 44.2916937789917, "actor_loss": -236.36437902832031, "alpha_loss": -0.0028212008588016035, "alpha_value": 0.1196374124288559, "duration": 89.50016951560974, "step": 76000}
{"episode_reward": 512.0, "episode": 305.0, "batch_reward": 1.54171875, "critic_loss": 43.344302291870115, "actor_loss": -236.2441904296875, "alpha_loss": -0.0010878092683851719, "alpha_value": 0.11998840516805649, "duration": 89.30129408836365, "step": 76250}
{"episode_reward": 112.0, "episode": 306.0, "batch_reward": 1.55278125, "critic_loss": 40.816208114624025, "actor_loss": -237.55342150878906, "alpha_loss": 0.0009150575213134289, "alpha_value": 0.11985039716958999, "duration": 89.26533460617065, "step": 76500}
{"episode_reward": 947.0, "episode": 307.0, "batch_reward": 1.56171875, "critic_loss": 40.396314262390135, "actor_loss": -238.94207836914063, "alpha_loss": -0.0014758964646607638, "alpha_value": 0.1199045985341072, "duration": 89.27799010276794, "step": 76750}
{"episode_reward": 945.0, "episode": 308.0, "batch_reward": 1.5646875, "critic_loss": 45.10147996520996, "actor_loss": -239.3437335205078, "alpha_loss": 0.0012366645224392413, "alpha_value": 0.11988262569904327, "duration": 89.26284193992615, "step": 77000}
{"episode_reward": 98.0, "episode": 309.0, "batch_reward": 1.57584375, "critic_loss": 41.50652838134766, "actor_loss": -238.92075854492188, "alpha_loss": 0.0032729257233440876, "alpha_value": 0.11976833939552307, "duration": 89.25869297981262, "step": 77250}
{"episode_reward": 960.0, "episode": 310.0, "batch_reward": 1.55353125, "critic_loss": 42.73809735107422, "actor_loss": -239.11756213378905, "alpha_loss": 0.005442789704538882, "alpha_value": 0.11944700491428376, "duration": 89.49875259399414, "step": 77500}
{"episode_reward": 386.0, "episode": 311.0, "batch_reward": 1.57390625, "critic_loss": 50.24528695678711, "actor_loss": -241.40119580078124, "alpha_loss": -0.0005335089098662138, "alpha_value": 0.11934856623411179, "duration": 89.81202816963196, "step": 77750}
{"episode_reward": 674.0, "episode": 312.0, "batch_reward": 1.57609375, "critic_loss": 46.227604385375976, "actor_loss": -242.44790502929686, "alpha_loss": -0.0009920912878587842, "alpha_value": 0.1192997418642044, "duration": 89.14530444145203, "step": 78000}
{"episode_reward": 971.0, "episode": 313.0, "batch_reward": 1.56709375, "critic_loss": 43.52454162597656, "actor_loss": -240.69496716308595, "alpha_loss": 0.0012236811108887195, "alpha_value": 0.11928446835279465, "duration": 89.48021388053894, "step": 78250}
{"episode_reward": 971.0, "episode": 314.0, "batch_reward": 1.58825, "critic_loss": 50.36797970581055, "actor_loss": -244.24897387695313, "alpha_loss": 0.0037876873426139356, "alpha_value": 0.11914694356918334, "duration": 89.6813416481018, "step": 78500}
{"episode_reward": 983.0, "episode": 315.0, "batch_reward": 1.6040625, "critic_loss": 49.54474910736084, "actor_loss": -245.34327978515626, "alpha_loss": 0.004238551948219538, "alpha_value": 0.11893585354089736, "duration": 89.09167909622192, "step": 78750}
{"episode_reward": 994.0, "episode": 316.0, "batch_reward": 1.5865, "critic_loss": 47.800171173095706, "actor_loss": -244.18530603027344, "alpha_loss": 0.001571071025915444, "alpha_value": 0.11866703802347184, "duration": 89.44245600700378, "step": 79000}
{"episode_reward": 975.0, "episode": 317.0, "batch_reward": 1.590375, "critic_loss": 44.13074563598633, "actor_loss": -244.5691396484375, "alpha_loss": -0.003672657174989581, "alpha_value": 0.11866710674762726, "duration": 88.93042612075806, "step": 79250}
{"episode_reward": 946.0, "episode": 318.0, "batch_reward": 1.61134375, "critic_loss": 43.797208557128904, "actor_loss": -248.19229760742186, "alpha_loss": 0.004931666690856218, "alpha_value": 0.11874531340599061, "duration": 89.64035701751709, "step": 79500}
{"episode_reward": 332.0, "episode": 319.0, "batch_reward": 1.59721875, "critic_loss": 49.54602072906494, "actor_loss": -246.599693359375, "alpha_loss": 0.005234586291015148, "alpha_value": 0.11846083050966263, "duration": 89.51729965209961, "step": 79750}
{"episode_reward": 934.0, "episode": 320.0, "batch_reward": 1.611375, "critic_loss": 45.42645006561279, "actor_loss": -248.23539245605468, "alpha_loss": 0.004825708765536547, "alpha_value": 0.1179909189939499, "duration": 89.26226305961609, "step": 80000}
