{"episode_reward": 0.0, "episode": 1.0, "duration": 20.860502243041992, "step": 250}
{"episode_reward": 47.65148410461823, "episode": 2.0, "duration": 1.0582494735717773, "step": 500}
{"episode_reward": 34.98053136978236, "episode": 3.0, "duration": 0.983788013458252, "step": 750}
{"episode_reward": 39.5108901325279, "episode": 4.0, "duration": 0.9680495262145996, "step": 1000}
{"episode_reward": 92.75449269179664, "episode": 5.0, "batch_reward": 0.21491662560223196, "critic_loss": 0.3040984814630164, "actor_loss": -3.3820510624553277, "alpha_loss": 0.9351141598403746, "alpha_value": 0.09465885528916779, "duration": 413.7908456325531, "step": 1250}
{"episode_reward": 55.18707457902943, "episode": 6.0, "batch_reward": 0.20980974662303925, "critic_loss": 0.6889237349629402, "actor_loss": -5.892748912811279, "alpha_loss": 0.8859160518646241, "alpha_value": 0.08907640445232391, "duration": 78.17235517501831, "step": 1500}
{"episode_reward": 39.62953002827997, "episode": 7.0, "batch_reward": 0.2138239723443985, "critic_loss": 0.9038261167407036, "actor_loss": -6.517528690338135, "alpha_loss": 0.8669804229736328, "alpha_value": 0.08802351689338685, "duration": 77.69445466995239, "step": 1750}
{"episode_reward": 57.80631077377954, "episode": 8.0, "batch_reward": 0.20869447898864746, "critic_loss": 1.1844601284861564, "actor_loss": -6.988864101409912, "alpha_loss": 0.8460503387451171, "alpha_value": 0.0870014307498932, "duration": 76.52826046943665, "step": 2000}
{"episode_reward": 44.080379290103394, "episode": 9.0, "batch_reward": 0.21300160312652588, "critic_loss": 1.0306167692542076, "actor_loss": -7.389757877349854, "alpha_loss": 0.8454102058410644, "alpha_value": 0.08599032425880432, "duration": 77.90670943260193, "step": 2250}
{"episode_reward": 70.79650190106284, "episode": 10.0, "batch_reward": 0.21567673015594482, "critic_loss": 1.3321534189581872, "actor_loss": -7.847012725830078, "alpha_loss": 0.8394923996925354, "alpha_value": 0.08498464304208755, "duration": 77.84474086761475, "step": 2500}
{"episode_reward": 60.58560860318062, "episode": 11.0, "batch_reward": 0.21578637373447418, "critic_loss": 1.2473575059175492, "actor_loss": -8.333615253448487, "alpha_loss": 0.8264405336380005, "alpha_value": 0.0839946556687355, "duration": 76.97400164604187, "step": 2750}
{"episode_reward": 60.530963744272945, "episode": 12.0, "batch_reward": 0.2266530737876892, "critic_loss": 1.3371862473487854, "actor_loss": -8.7890126953125, "alpha_loss": 0.8086906032562255, "alpha_value": 0.08302553880214691, "duration": 77.70024991035461, "step": 3000}
{"episode_reward": 95.99223849735573, "episode": 13.0, "batch_reward": 0.23146661919355394, "critic_loss": 1.4923623284101486, "actor_loss": -9.333264427185059, "alpha_loss": 0.7954490404129029, "alpha_value": 0.08207294464111328, "duration": 77.70652604103088, "step": 3250}
{"episode_reward": 64.0857254508235, "episode": 14.0, "batch_reward": 0.23957927912473678, "critic_loss": 1.4340832599401474, "actor_loss": -9.860583892822266, "alpha_loss": 0.7656411538124085, "alpha_value": 0.08114533233642578, "duration": 77.36572527885437, "step": 3500}
{"episode_reward": 74.26817598051308, "episode": 15.0, "batch_reward": 0.23708610296249388, "critic_loss": 1.4785195441246033, "actor_loss": -10.338881721496582, "alpha_loss": 0.7545490083694458, "alpha_value": 0.0802450269460678, "duration": 77.21207284927368, "step": 3750}
{"episode_reward": 68.52065804021052, "episode": 16.0, "batch_reward": 0.24301402205228806, "critic_loss": 1.5651063790321351, "actor_loss": -10.854962730407715, "alpha_loss": 0.7416725177764892, "alpha_value": 0.07935145801305771, "duration": 77.84542655944824, "step": 4000}
{"episode_reward": 47.433828109763525, "episode": 17.0, "batch_reward": 0.24325509309768678, "critic_loss": 1.5816548509597779, "actor_loss": -11.30779753112793, "alpha_loss": 0.719385112285614, "alpha_value": 0.07847960293292999, "duration": 76.1994960308075, "step": 4250}
{"episode_reward": 64.7254529011251, "episode": 18.0, "batch_reward": 0.2373775738477707, "critic_loss": 1.262727646112442, "actor_loss": -11.726700279235839, "alpha_loss": 0.7114954886436462, "alpha_value": 0.0776212465763092, "duration": 76.34633803367615, "step": 4500}
{"episode_reward": 49.78975771930882, "episode": 19.0, "batch_reward": 0.23340360224246978, "critic_loss": 1.471489989876747, "actor_loss": -12.186131187438965, "alpha_loss": 0.7007643642425537, "alpha_value": 0.07677128905057908, "duration": 77.75437331199646, "step": 4750}
{"episode_reward": 44.770816613383076, "episode": 20.0, "batch_reward": 0.23882404404878615, "critic_loss": 1.2956121212244034, "actor_loss": -12.708465492248536, "alpha_loss": 0.6857052683830261, "alpha_value": 0.0759314774274826, "duration": 77.11799049377441, "step": 5000}
{"episode_reward": 107.2944324731382, "episode": 21.0, "batch_reward": 0.24508328008651734, "critic_loss": 1.4214103933572768, "actor_loss": -13.135695304870605, "alpha_loss": 0.6782646117210388, "alpha_value": 0.07510396659374237, "duration": 75.79600048065186, "step": 5250}
{"episode_reward": 49.84511439640659, "episode": 22.0, "batch_reward": 0.24011826509237288, "critic_loss": 1.5755251932144165, "actor_loss": -13.649375984191895, "alpha_loss": 0.6617969498634338, "alpha_value": 0.07428633087873458, "duration": 74.78377938270569, "step": 5500}
{"episode_reward": 80.62875899114705, "episode": 23.0, "batch_reward": 0.24698774945735932, "critic_loss": 1.250778166294098, "actor_loss": -14.056721656799317, "alpha_loss": 0.6608332676887512, "alpha_value": 0.0734788283109665, "duration": 77.86809086799622, "step": 5750}
{"episode_reward": 43.58392902232667, "episode": 24.0, "batch_reward": 0.24072449773550034, "critic_loss": 1.771933068394661, "actor_loss": -14.457836402893067, "alpha_loss": 0.661639063835144, "alpha_value": 0.07266337078809738, "duration": 77.56826782226562, "step": 6000}
{"episode_reward": 69.04680841043465, "episode": 25.0, "batch_reward": 0.24675030666589737, "critic_loss": 1.5076874197721482, "actor_loss": -14.886830856323241, "alpha_loss": 0.6505484986305237, "alpha_value": 0.07185587435960769, "duration": 77.77153062820435, "step": 6250}
{"episode_reward": 77.84018737507502, "episode": 26.0, "batch_reward": 0.2556665145158768, "critic_loss": 1.6307166242599487, "actor_loss": -15.323208160400391, "alpha_loss": 0.6439542341232299, "alpha_value": 0.07105766689777374, "duration": 76.67922687530518, "step": 6500}
{"episode_reward": 128.22645677163024, "episode": 27.0, "batch_reward": 0.2599951697587967, "critic_loss": 1.6281495747566224, "actor_loss": -15.812766242980958, "alpha_loss": 0.6197759194374084, "alpha_value": 0.07027602237462997, "duration": 74.3976993560791, "step": 6750}
{"episode_reward": 73.44465872820435, "episode": 28.0, "batch_reward": 0.2610591395497322, "critic_loss": 1.618508617401123, "actor_loss": -16.23491065979004, "alpha_loss": 0.6106486620903016, "alpha_value": 0.06951105338335037, "duration": 75.03336501121521, "step": 7000}
{"episode_reward": 98.29940495229809, "episode": 29.0, "batch_reward": 0.26345614755153657, "critic_loss": 1.6280047891139984, "actor_loss": -16.54440392303467, "alpha_loss": 0.6017995285987854, "alpha_value": 0.06875879156589508, "duration": 77.59334421157837, "step": 7250}
{"episode_reward": 78.83284439073077, "episode": 30.0, "batch_reward": 0.26750527721643447, "critic_loss": 1.5612185076475142, "actor_loss": -17.034954040527342, "alpha_loss": 0.5826428370475769, "alpha_value": 0.06801468431949616, "duration": 77.7827820777893, "step": 7500}
{"episode_reward": 111.5892432656705, "episode": 31.0, "batch_reward": 0.2776140694022179, "critic_loss": 1.7299671964645387, "actor_loss": -17.51257214355469, "alpha_loss": 0.5671830163002014, "alpha_value": 0.06729197108745574, "duration": 78.0722119808197, "step": 7750}
{"episode_reward": 141.39611862028704, "episode": 32.0, "batch_reward": 0.2830040472149849, "critic_loss": 1.8247129373550415, "actor_loss": -17.94355320739746, "alpha_loss": 0.5557773098945618, "alpha_value": 0.06658262687921523, "duration": 77.11985206604004, "step": 8000}
{"episode_reward": 130.0248739755707, "episode": 33.0, "batch_reward": 0.28834439742565154, "critic_loss": 1.9772600123882293, "actor_loss": -18.45432420349121, "alpha_loss": 0.543307559967041, "alpha_value": 0.06588172900676727, "duration": 77.48312878608704, "step": 8250}
{"episode_reward": 51.51464786413285, "episode": 34.0, "batch_reward": 0.2945654156804085, "critic_loss": 2.1349773535728453, "actor_loss": -18.88399284362793, "alpha_loss": 0.5399839458465576, "alpha_value": 0.06518357121944428, "duration": 76.94266843795776, "step": 8500}
{"episode_reward": 174.46540478050136, "episode": 35.0, "batch_reward": 0.3084749592542648, "critic_loss": 2.4505892136096956, "actor_loss": -19.487959106445313, "alpha_loss": 0.5268885016441345, "alpha_value": 0.06449314504861832, "duration": 76.81291770935059, "step": 8750}
{"episode_reward": 217.74395018740407, "episode": 36.0, "batch_reward": 0.32457578486204147, "critic_loss": 2.564097729206085, "actor_loss": -20.015176055908203, "alpha_loss": 0.5019735901355743, "alpha_value": 0.06382215613126754, "duration": 76.57040214538574, "step": 9000}
{"episode_reward": 206.74424952053425, "episode": 37.0, "batch_reward": 0.33252866357564925, "critic_loss": 2.781232508659363, "actor_loss": -20.515013534545897, "alpha_loss": 0.4849508609771728, "alpha_value": 0.0631740500330925, "duration": 74.6067636013031, "step": 9250}
{"episode_reward": 103.68504490248934, "episode": 38.0, "batch_reward": 0.33579966312646864, "critic_loss": 2.6657222032547, "actor_loss": -20.96680633544922, "alpha_loss": 0.46813443064689636, "alpha_value": 0.06254021635651588, "duration": 74.31831312179565, "step": 9500}
{"episode_reward": 103.31434586973074, "episode": 39.0, "batch_reward": 0.3315050222277641, "critic_loss": 3.000042116880417, "actor_loss": -21.480804809570312, "alpha_loss": 0.4565322976112366, "alpha_value": 0.06191655725240707, "duration": 77.33921957015991, "step": 9750}
{"episode_reward": 100.33887867633157, "episode": 40.0, "batch_reward": 0.3327937890291214, "critic_loss": 3.0180123915672303, "actor_loss": -21.83353680419922, "alpha_loss": 0.44491270184516907, "alpha_value": 0.06130333176255226, "duration": 77.62095761299133, "step": 10000}
{"episode_reward": 51.086593667738434, "episode": 41.0, "batch_reward": 0.33509339034557345, "critic_loss": 3.263561291694641, "actor_loss": -22.307510284423827, "alpha_loss": 0.43926533770561216, "alpha_value": 0.06069247609376907, "duration": 95.58568501472473, "step": 10250}
{"episode_reward": 150.20744368640788, "episode": 42.0, "batch_reward": 0.3394815902709961, "critic_loss": 3.024942068576813, "actor_loss": -22.740851684570313, "alpha_loss": 0.43579269433021545, "alpha_value": 0.06007968419790268, "duration": 73.90604591369629, "step": 10500}
{"episode_reward": 149.10879571689546, "episode": 43.0, "batch_reward": 0.3447113491296768, "critic_loss": 3.633756865978241, "actor_loss": -23.051678985595704, "alpha_loss": 0.421465931892395, "alpha_value": 0.05947157299518585, "duration": 73.6627869606018, "step": 10750}
{"episode_reward": 103.19780761577212, "episode": 44.0, "batch_reward": 0.3483317816257477, "critic_loss": 3.9861904220581055, "actor_loss": -23.572192504882814, "alpha_loss": 0.4035102388858795, "alpha_value": 0.05887990638613701, "duration": 73.84671831130981, "step": 11000}
{"episode_reward": 219.73902554015535, "episode": 45.0, "batch_reward": 0.36120922738313677, "critic_loss": 4.1676177687644955, "actor_loss": -24.135525665283204, "alpha_loss": 0.38510412549972534, "alpha_value": 0.05831079858541489, "duration": 77.55682015419006, "step": 11250}
{"episode_reward": 138.86602865834016, "episode": 46.0, "batch_reward": 0.3700600445270538, "critic_loss": 4.255209330081939, "actor_loss": -24.760798065185547, "alpha_loss": 0.3772729887962341, "alpha_value": 0.05774831500649452, "duration": 76.44833612442017, "step": 11500}
{"episode_reward": 165.12715070872312, "episode": 47.0, "batch_reward": 0.38121545779705046, "critic_loss": 4.867544154167176, "actor_loss": -25.322182647705077, "alpha_loss": 0.3568160932064056, "alpha_value": 0.057203262746334076, "duration": 77.48911356925964, "step": 11750}
{"episode_reward": 323.34506885122545, "episode": 48.0, "batch_reward": 0.3986338520050049, "critic_loss": 4.683617945671082, "actor_loss": -26.097128295898436, "alpha_loss": 0.3429421203136444, "alpha_value": 0.05666777139902115, "duration": 77.73508477210999, "step": 12000}
{"episode_reward": 236.52131608618237, "episode": 49.0, "batch_reward": 0.4015216735601425, "critic_loss": 5.429172654151916, "actor_loss": -26.608547927856446, "alpha_loss": 0.3232997109889984, "alpha_value": 0.056149239838123324, "duration": 77.90367245674133, "step": 12250}
{"episode_reward": 147.29120637856852, "episode": 50.0, "batch_reward": 0.4060889241695404, "critic_loss": 5.1055549621582035, "actor_loss": -27.19465740966797, "alpha_loss": 0.3251426055431366, "alpha_value": 0.05564054206013679, "duration": 77.65354490280151, "step": 12500}
{"episode_reward": 78.01779671361881, "episode": 51.0, "batch_reward": 0.4105141150951386, "critic_loss": 5.842866153717041, "actor_loss": -27.772021881103516, "alpha_loss": 0.32201176404953, "alpha_value": 0.05511114823818207, "duration": 77.31569766998291, "step": 12750}
{"episode_reward": 254.36490196609932, "episode": 52.0, "batch_reward": 0.41502157390117644, "critic_loss": 5.770063965797425, "actor_loss": -28.311175216674805, "alpha_loss": 0.30673913145065307, "alpha_value": 0.054598594069480894, "duration": 77.41902112960815, "step": 13000}
{"episode_reward": 166.72749089047912, "episode": 53.0, "batch_reward": 0.4216807392835617, "critic_loss": 6.449051781654358, "actor_loss": -29.1033650970459, "alpha_loss": 0.2809678359031677, "alpha_value": 0.05410843938589096, "duration": 77.66927862167358, "step": 13250}
{"episode_reward": 177.2188525183712, "episode": 54.0, "batch_reward": 0.4279891984462738, "critic_loss": 6.657254867553711, "actor_loss": -29.466293884277345, "alpha_loss": 0.28088483262062075, "alpha_value": 0.05363162434101105, "duration": 77.23772382736206, "step": 13500}
{"episode_reward": 198.35047139978383, "episode": 55.0, "batch_reward": 0.43575066232681275, "critic_loss": 6.789360781669616, "actor_loss": -30.356003677368165, "alpha_loss": 0.26342614245414736, "alpha_value": 0.05315515717864037, "duration": 76.83593845367432, "step": 13750}
{"episode_reward": 178.82421775139719, "episode": 56.0, "batch_reward": 0.4369768476486206, "critic_loss": 6.835538509368896, "actor_loss": -30.98944841003418, "alpha_loss": 0.2458351354598999, "alpha_value": 0.0526986683011055, "duration": 77.71286225318909, "step": 14000}
{"episode_reward": 248.5054800233343, "episode": 57.0, "batch_reward": 0.448226468205452, "critic_loss": 6.719519891738892, "actor_loss": -31.775836608886717, "alpha_loss": 0.24438852655887605, "alpha_value": 0.0522569845020771, "duration": 77.16786980628967, "step": 14250}
{"episode_reward": 203.6011447421405, "episode": 58.0, "batch_reward": 0.4545695774555206, "critic_loss": 7.518745467185974, "actor_loss": -32.45008152770996, "alpha_loss": 0.238438095331192, "alpha_value": 0.05180322679877281, "duration": 77.26663279533386, "step": 14500}
{"episode_reward": 303.78225518237593, "episode": 59.0, "batch_reward": 0.4636790494918823, "critic_loss": 7.172038305282593, "actor_loss": -33.13133564758301, "alpha_loss": 0.2272002878189087, "alpha_value": 0.051352398365736004, "duration": 77.45553970336914, "step": 14750}
{"episode_reward": 174.84567425933315, "episode": 60.0, "batch_reward": 0.4829035058021545, "critic_loss": 7.7148627719879155, "actor_loss": -33.75883740234375, "alpha_loss": 0.21573767936229707, "alpha_value": 0.05091997218132019, "duration": 77.95631885528564, "step": 15000}
{"episode_reward": 199.9653243586696, "episode": 61.0, "batch_reward": 0.4873219146728516, "critic_loss": 8.156422074317932, "actor_loss": -34.674541961669924, "alpha_loss": 0.19390514826774596, "alpha_value": 0.050500469267368314, "duration": 77.75605320930481, "step": 15250}
{"episode_reward": 300.8400100364554, "episode": 62.0, "batch_reward": 0.4854612832069397, "critic_loss": 8.328241940498351, "actor_loss": -35.2040065612793, "alpha_loss": 0.18486178052425384, "alpha_value": 0.0501092449426651, "duration": 77.49919056892395, "step": 15500}
{"episode_reward": 212.49806942995681, "episode": 63.0, "batch_reward": 0.500951073884964, "critic_loss": 7.720539521217346, "actor_loss": -36.15129055786133, "alpha_loss": 0.1653421180844307, "alpha_value": 0.049734303712844846, "duration": 77.72371482849121, "step": 15750}
{"episode_reward": 207.142418127757, "episode": 64.0, "batch_reward": 0.5038102494478226, "critic_loss": 7.856888602256775, "actor_loss": -36.821230773925784, "alpha_loss": 0.16871722984313964, "alpha_value": 0.049360085844993594, "duration": 77.98215889930725, "step": 16000}
{"episode_reward": 184.19082365837195, "episode": 65.0, "batch_reward": 0.5099530698060989, "critic_loss": 8.59455308818817, "actor_loss": -37.424308929443356, "alpha_loss": 0.1546774910092354, "alpha_value": 0.04900150710344314, "duration": 77.70629334449768, "step": 16250}
{"episode_reward": 266.31513101600154, "episode": 66.0, "batch_reward": 0.5092272472381592, "critic_loss": 8.784697025299073, "actor_loss": -38.0279716796875, "alpha_loss": 0.15309131985902785, "alpha_value": 0.04862209916114807, "duration": 77.33090567588806, "step": 16500}
{"episode_reward": 358.4479499094106, "episode": 67.0, "batch_reward": 0.5263777333498001, "critic_loss": 8.850236815452575, "actor_loss": -38.947821044921874, "alpha_loss": 0.14642378616333007, "alpha_value": 0.04827187216281891, "duration": 77.88124465942383, "step": 16750}
{"episode_reward": 261.6904711336451, "episode": 68.0, "batch_reward": 0.5346267230510712, "critic_loss": 9.403529722213746, "actor_loss": -39.67316467285156, "alpha_loss": 0.14095745658874512, "alpha_value": 0.047915279269218444, "duration": 77.2067358493805, "step": 17000}
{"episode_reward": 318.06004963458463, "episode": 69.0, "batch_reward": 0.550092592716217, "critic_loss": 9.271101735115051, "actor_loss": -40.263336547851566, "alpha_loss": 0.1294094541668892, "alpha_value": 0.047550999104976656, "duration": 80.63188529014587, "step": 17250}
{"episode_reward": 237.32609233694944, "episode": 70.0, "batch_reward": 0.5563245877027512, "critic_loss": 8.54274812221527, "actor_loss": -40.933424926757816, "alpha_loss": 0.14362704092264175, "alpha_value": 0.047188983738422396, "duration": 89.43088889122009, "step": 17500}
{"episode_reward": 330.27980903745595, "episode": 71.0, "batch_reward": 0.56572016954422, "critic_loss": 9.3910119972229, "actor_loss": -41.93764978027344, "alpha_loss": 0.11397173291444779, "alpha_value": 0.046836851090192796, "duration": 89.95941591262817, "step": 17750}
{"episode_reward": 365.2405225654063, "episode": 72.0, "batch_reward": 0.5822295558452606, "critic_loss": 9.516483812332153, "actor_loss": -42.7409680480957, "alpha_loss": 0.11645572578907012, "alpha_value": 0.046499417006969454, "duration": 89.67835640907288, "step": 18000}
{"episode_reward": 385.46190032633615, "episode": 73.0, "batch_reward": 0.5911437401771545, "critic_loss": 10.202166732788086, "actor_loss": -43.72064456176758, "alpha_loss": 0.08520125988125801, "alpha_value": 0.04620501354336739, "duration": 89.67051386833191, "step": 18250}
{"episode_reward": 230.08814710441334, "episode": 74.0, "batch_reward": 0.5878905256986618, "critic_loss": 9.77984443283081, "actor_loss": -44.456525451660156, "alpha_loss": 0.08213482601940632, "alpha_value": 0.045935640096664426, "duration": 90.00128364562988, "step": 18500}
{"episode_reward": 224.93931051145128, "episode": 75.0, "batch_reward": 0.6057353472709656, "critic_loss": 10.253270812988282, "actor_loss": -45.34750140380859, "alpha_loss": 0.08170744482427836, "alpha_value": 0.045679463505744936, "duration": 89.64110612869263, "step": 18750}
{"episode_reward": 343.34901570456185, "episode": 76.0, "batch_reward": 0.6131996451616287, "critic_loss": 10.50849641609192, "actor_loss": -45.89450253295898, "alpha_loss": 0.07353278277814389, "alpha_value": 0.045426013112068175, "duration": 88.925612449646, "step": 19000}
{"episode_reward": 335.5697556971647, "episode": 77.0, "batch_reward": 0.6199151784181595, "critic_loss": 10.846964218139648, "actor_loss": -46.689845184326174, "alpha_loss": 0.06814469269290567, "alpha_value": 0.04517691969871521, "duration": 89.76401543617249, "step": 19250}
{"episode_reward": 262.3968415995625, "episode": 78.0, "batch_reward": 0.6136704168319702, "critic_loss": 11.120775007247925, "actor_loss": -47.719641510009765, "alpha_loss": 0.05573737737536431, "alpha_value": 0.04495589941740036, "duration": 88.79859519004822, "step": 19500}
{"episode_reward": 333.70384654646114, "episode": 79.0, "batch_reward": 0.6249561783075332, "critic_loss": 10.396909410476685, "actor_loss": -48.428112365722654, "alpha_loss": 0.062457264706492426, "alpha_value": 0.04472111627459526, "duration": 89.64981698989868, "step": 19750}
{"episode_reward": 292.4309745154843, "episode": 80.0, "batch_reward": 0.6403467402458191, "critic_loss": 11.727722145080566, "actor_loss": -49.32942868041992, "alpha_loss": 0.04822958648577332, "alpha_value": 0.04449474599957466, "duration": 87.7132556438446, "step": 20000}
{"episode_reward": 267.7268821922153, "episode": 81.0, "batch_reward": 0.6545666420459747, "critic_loss": 10.467599328994751, "actor_loss": -50.10671044921875, "alpha_loss": 0.05288827407360077, "alpha_value": 0.04428343340754509, "duration": 107.23498487472534, "step": 20250}
{"episode_reward": 382.5604197891476, "episode": 82.0, "batch_reward": 0.6576207184791565, "critic_loss": 11.55602130317688, "actor_loss": -51.243142639160155, "alpha_loss": 0.050443726759403944, "alpha_value": 0.04406049489974975, "duration": 90.47810578346252, "step": 20500}
{"episode_reward": 329.11855199753785, "episode": 83.0, "batch_reward": 0.6626223067045212, "critic_loss": 10.49228611946106, "actor_loss": -52.026785125732424, "alpha_loss": 0.049580214940011504, "alpha_value": 0.0438433358669281, "duration": 89.8183844089508, "step": 20750}
{"episode_reward": 271.92780185260335, "episode": 84.0, "batch_reward": 0.6717907792329788, "critic_loss": 11.078224113464355, "actor_loss": -53.06637878417969, "alpha_loss": 0.04241464958339929, "alpha_value": 0.04360838043689728, "duration": 88.08752202987671, "step": 21000}
{"episode_reward": 365.96172361048934, "episode": 85.0, "batch_reward": 0.6775396933555603, "critic_loss": 10.788326543807983, "actor_loss": -53.82736126708984, "alpha_loss": 0.04605203879624605, "alpha_value": 0.043390734821557995, "duration": 90.36325764656067, "step": 21250}
{"episode_reward": 325.1249218974417, "episode": 86.0, "batch_reward": 0.6754129618406296, "critic_loss": 11.13640008544922, "actor_loss": -54.54648626708985, "alpha_loss": 0.040573428189381956, "alpha_value": 0.043162336111068726, "duration": 90.27914953231812, "step": 21500}
{"episode_reward": 339.33648031622226, "episode": 87.0, "batch_reward": 0.6879553034305572, "critic_loss": 11.592948686599732, "actor_loss": -55.636077514648434, "alpha_loss": 0.02995318068563938, "alpha_value": 0.04295711863040924, "duration": 90.39237999916077, "step": 21750}
{"episode_reward": 357.63625024818697, "episode": 88.0, "batch_reward": 0.6932224872112274, "critic_loss": 11.276194818496704, "actor_loss": -56.34999136352539, "alpha_loss": 0.032186912804842, "alpha_value": 0.042783112943172455, "duration": 90.24664616584778, "step": 22000}
{"episode_reward": 314.7081483577713, "episode": 89.0, "batch_reward": 0.7139096546173096, "critic_loss": 11.66861805152893, "actor_loss": -57.39182012939453, "alpha_loss": 0.009564765309914947, "alpha_value": 0.04266226878762245, "duration": 90.12346076965332, "step": 22250}
{"episode_reward": 355.0005094933686, "episode": 90.0, "batch_reward": 0.7150661733150482, "critic_loss": 10.920448020935059, "actor_loss": -58.38915277099609, "alpha_loss": 0.005813571080565453, "alpha_value": 0.04260976681113243, "duration": 90.67257690429688, "step": 22500}
{"episode_reward": 386.82736665677396, "episode": 91.0, "batch_reward": 0.7306371040344238, "critic_loss": 11.31687884902954, "actor_loss": -59.37392483520508, "alpha_loss": 0.009653945464640856, "alpha_value": 0.04256337350606918, "duration": 89.18844270706177, "step": 22750}
{"episode_reward": 217.00711304699553, "episode": 92.0, "batch_reward": 0.7244938423633576, "critic_loss": 11.431140991210938, "actor_loss": -60.021135803222656, "alpha_loss": 0.012535261186771094, "alpha_value": 0.04246433916687965, "duration": 89.57675409317017, "step": 23000}
{"episode_reward": 341.95912362930073, "episode": 93.0, "batch_reward": 0.7276202776432037, "critic_loss": 11.187352912902831, "actor_loss": -60.98698834228516, "alpha_loss": 0.014447736524045468, "alpha_value": 0.04237519541382789, "duration": 89.0692150592804, "step": 23250}
{"episode_reward": 336.5571610627746, "episode": 94.0, "batch_reward": 0.7435547103881835, "critic_loss": 11.358162214279174, "actor_loss": -61.96100839233399, "alpha_loss": 0.006585338599048555, "alpha_value": 0.04228884974122048, "duration": 88.64751148223877, "step": 23500}
{"episode_reward": 395.88893556613897, "episode": 95.0, "batch_reward": 0.7489825611114502, "critic_loss": 10.929938604354858, "actor_loss": -62.7254319152832, "alpha_loss": 0.009476657781749965, "alpha_value": 0.042229506254196164, "duration": 88.58717155456543, "step": 23750}
{"episode_reward": 363.19128552241534, "episode": 96.0, "batch_reward": 0.7547066926956176, "critic_loss": 11.451458486557007, "actor_loss": -63.64097058105469, "alpha_loss": -0.002526010318659246, "alpha_value": 0.04219848150014877, "duration": 89.28678345680237, "step": 24000}
{"episode_reward": 279.6987976713272, "episode": 97.0, "batch_reward": 0.7521154413223267, "critic_loss": 11.850159868240356, "actor_loss": -64.33479092407227, "alpha_loss": 0.013978694804012775, "alpha_value": 0.042149365425109865, "duration": 89.84192442893982, "step": 24250}
{"episode_reward": 329.93328670207455, "episode": 98.0, "batch_reward": 0.7643146302700042, "critic_loss": 11.135609489440919, "actor_loss": -65.34916592407227, "alpha_loss": 0.0053782449346035715, "alpha_value": 0.04204688957333565, "duration": 89.19268822669983, "step": 24500}
{"episode_reward": 385.7809550731361, "episode": 99.0, "batch_reward": 0.7769604930877686, "critic_loss": 11.917707706451417, "actor_loss": -65.84915780639649, "alpha_loss": 0.011104723650962114, "alpha_value": 0.04195319265127182, "duration": 90.06859517097473, "step": 24750}
{"episode_reward": 395.5794809745059, "episode": 100.0, "batch_reward": 0.7848371844291687, "critic_loss": 11.883777759552002, "actor_loss": -66.94227093505859, "alpha_loss": 0.0031055760262534023, "alpha_value": 0.04188605660200119, "duration": 90.57063937187195, "step": 25000}
{"episode_reward": 336.5685239863712, "episode": 101.0, "batch_reward": 0.7892642240524292, "critic_loss": 11.344912807464599, "actor_loss": -67.80083288574218, "alpha_loss": 0.0013634935906156897, "alpha_value": 0.04183156514167786, "duration": 90.48058009147644, "step": 25250}
{"episode_reward": 437.291686414098, "episode": 102.0, "batch_reward": 0.7857872798442841, "critic_loss": 11.599390027999878, "actor_loss": -68.56453430175782, "alpha_loss": -0.007768608003854751, "alpha_value": 0.04189007514715195, "duration": 90.34970116615295, "step": 25500}
{"episode_reward": 232.54031174183984, "episode": 103.0, "batch_reward": 0.7916647906303406, "critic_loss": 11.555566982269287, "actor_loss": -69.36488891601563, "alpha_loss": -0.0017036908566951752, "alpha_value": 0.041963906347751614, "duration": 90.2120132446289, "step": 25750}
{"episode_reward": 225.88559970725424, "episode": 104.0, "batch_reward": 0.8040618786811828, "critic_loss": 11.9452252368927, "actor_loss": -70.20006787109375, "alpha_loss": -0.0032461631800979377, "alpha_value": 0.04197271090745926, "duration": 88.80952715873718, "step": 26000}
{"episode_reward": 340.6533260852334, "episode": 105.0, "batch_reward": 0.7993728337287903, "critic_loss": 12.195345176696778, "actor_loss": -70.91267175292968, "alpha_loss": -0.002858032736927271, "alpha_value": 0.04201677855849266, "duration": 89.39191555976868, "step": 26250}
{"episode_reward": 294.5947502080265, "episode": 106.0, "batch_reward": 0.8068319845199585, "critic_loss": 12.085361400604247, "actor_loss": -71.81362200927734, "alpha_loss": -0.003368165558204055, "alpha_value": 0.0420855268239975, "duration": 90.40834355354309, "step": 26500}
{"episode_reward": 324.58555663882976, "episode": 107.0, "batch_reward": 0.8015903887748719, "critic_loss": 12.077468984603883, "actor_loss": -72.6956743774414, "alpha_loss": -0.007412709314376115, "alpha_value": 0.04214096719026566, "duration": 89.64279079437256, "step": 26750}
{"episode_reward": 409.7162694857277, "episode": 108.0, "batch_reward": 0.8237935824394226, "critic_loss": 12.047018218994141, "actor_loss": -73.545833984375, "alpha_loss": 0.003028537632897496, "alpha_value": 0.04222020864486695, "duration": 90.65885400772095, "step": 27000}
{"episode_reward": 360.84608693400486, "episode": 109.0, "batch_reward": 0.8340066084861756, "critic_loss": 12.354111875534057, "actor_loss": -74.22946875, "alpha_loss": 0.005967638816684485, "alpha_value": 0.0420886107981205, "duration": 90.23319292068481, "step": 27250}
{"episode_reward": 393.0609481864708, "episode": 110.0, "batch_reward": 0.8332218170166016, "critic_loss": 12.75967253112793, "actor_loss": -75.03584912109375, "alpha_loss": -0.0038806544300168753, "alpha_value": 0.04205540210008621, "duration": 90.378653049469, "step": 27500}
{"episode_reward": 442.9054345232006, "episode": 111.0, "batch_reward": 0.8514727711677551, "critic_loss": 12.720473388671875, "actor_loss": -75.95422589111328, "alpha_loss": -0.003802280481904745, "alpha_value": 0.04213598072528839, "duration": 90.23630666732788, "step": 27750}
{"episode_reward": 374.4118737180233, "episode": 112.0, "batch_reward": 0.8449771535396576, "critic_loss": 12.018522686004639, "actor_loss": -76.79872814941406, "alpha_loss": -0.010045005152001976, "alpha_value": 0.042314104974269864, "duration": 90.74101114273071, "step": 28000}
{"episode_reward": 418.40149604135644, "episode": 113.0, "batch_reward": 0.8661915404796601, "critic_loss": 12.9105523853302, "actor_loss": -77.67215600585938, "alpha_loss": -0.009132455732673407, "alpha_value": 0.042446480661630634, "duration": 91.03565669059753, "step": 28250}
{"episode_reward": 449.4816821155483, "episode": 114.0, "batch_reward": 0.8618777306079864, "critic_loss": 12.662094524383544, "actor_loss": -78.23595782470703, "alpha_loss": 5.43376337736845e-06, "alpha_value": 0.04260002189874649, "duration": 89.98325157165527, "step": 28500}
{"episode_reward": 355.5242310659672, "episode": 115.0, "batch_reward": 0.8650505890846253, "critic_loss": 12.013907346725464, "actor_loss": -79.0007035522461, "alpha_loss": -0.0017126012071967125, "alpha_value": 0.042595411896705626, "duration": 90.7162880897522, "step": 28750}
{"episode_reward": 313.7592510314841, "episode": 116.0, "batch_reward": 0.8752269923686982, "critic_loss": 12.305543268203735, "actor_loss": -79.84293981933594, "alpha_loss": -0.007697776690125465, "alpha_value": 0.04268719029426575, "duration": 88.89683222770691, "step": 29000}
{"episode_reward": 461.39532496552164, "episode": 117.0, "batch_reward": 0.8901862726211548, "critic_loss": 12.128364137649536, "actor_loss": -80.71339172363281, "alpha_loss": -0.00487214866746217, "alpha_value": 0.042823250770568845, "duration": 90.9152421951294, "step": 29250}
{"episode_reward": 498.2400038510827, "episode": 118.0, "batch_reward": 0.896753413438797, "critic_loss": 12.412020046234131, "actor_loss": -81.65598291015625, "alpha_loss": -0.009765527558512985, "alpha_value": 0.042969180881977084, "duration": 90.43009757995605, "step": 29500}
{"episode_reward": 417.6668121089895, "episode": 119.0, "batch_reward": 0.8884545459747314, "critic_loss": 11.953021715164185, "actor_loss": -82.23349108886718, "alpha_loss": -0.0018231568820774556, "alpha_value": 0.04309004378318786, "duration": 90.44833660125732, "step": 29750}
{"episode_reward": 417.7319407051431, "episode": 120.0, "batch_reward": 0.908655912399292, "critic_loss": 12.668671739578247, "actor_loss": -83.07864868164063, "alpha_loss": -0.0022364561278373, "alpha_value": 0.04315349623560905, "duration": 90.55216240882874, "step": 30000}
{"episode_reward": 377.01478586494073, "episode": 121.0, "batch_reward": 0.9096446979045868, "critic_loss": 12.817402414321899, "actor_loss": -83.86437799072266, "alpha_loss": -0.013474357643164694, "alpha_value": 0.04330660808086395, "duration": 108.5109350681305, "step": 30250}
{"episode_reward": 339.52542107795836, "episode": 122.0, "batch_reward": 0.9116509120464324, "critic_loss": 12.932995750427246, "actor_loss": -84.70624890136719, "alpha_loss": -0.008533641435205937, "alpha_value": 0.04362982246279717, "duration": 89.06091952323914, "step": 30500}
{"episode_reward": 471.1708741600553, "episode": 123.0, "batch_reward": 0.925201418876648, "critic_loss": 13.452735610961915, "actor_loss": -85.41688635253907, "alpha_loss": -0.009672352643683553, "alpha_value": 0.04378448820114136, "duration": 88.60912656784058, "step": 30750}
{"episode_reward": 398.69804460843835, "episode": 124.0, "batch_reward": 0.9302761325836182, "critic_loss": 13.500878131866456, "actor_loss": -86.14369543457032, "alpha_loss": -0.006475018366239965, "alpha_value": 0.04396678173542023, "duration": 90.12336564064026, "step": 31000}
{"episode_reward": 406.6315261018601, "episode": 125.0, "batch_reward": 0.9335477323532104, "critic_loss": 13.217045322418214, "actor_loss": -87.04567749023437, "alpha_loss": -0.004155682813376188, "alpha_value": 0.044155645698308946, "duration": 90.66720819473267, "step": 31250}
{"episode_reward": 404.4168534896347, "episode": 126.0, "batch_reward": 0.9411573555469513, "critic_loss": 13.575018741607666, "actor_loss": -87.66995629882813, "alpha_loss": 0.006206241661682725, "alpha_value": 0.04410734674334526, "duration": 90.42976570129395, "step": 31500}
{"episode_reward": 488.46872760048507, "episode": 127.0, "batch_reward": 0.9420801849365235, "critic_loss": 13.212001899719239, "actor_loss": -88.4422896118164, "alpha_loss": -0.011427145000547171, "alpha_value": 0.044219704300165176, "duration": 90.44084429740906, "step": 31750}
{"episode_reward": 432.08115807513707, "episode": 128.0, "batch_reward": 0.9523316264152527, "critic_loss": 14.676004150390625, "actor_loss": -89.13566870117188, "alpha_loss": 0.001553654918447137, "alpha_value": 0.04431512644886971, "duration": 90.51998233795166, "step": 32000}
{"episode_reward": 370.68224695509366, "episode": 129.0, "batch_reward": 0.9598094556331634, "critic_loss": 14.621429145812987, "actor_loss": -90.00981335449218, "alpha_loss": -0.004477620916441083, "alpha_value": 0.04431595876812935, "duration": 90.4044201374054, "step": 32250}
{"episode_reward": 433.57390106378983, "episode": 130.0, "batch_reward": 0.9627544124126435, "critic_loss": 14.369822620391846, "actor_loss": -90.88773583984376, "alpha_loss": -0.010156961848959327, "alpha_value": 0.044584848284721375, "duration": 90.30546236038208, "step": 32500}
{"episode_reward": 447.7375062742157, "episode": 131.0, "batch_reward": 0.9737251799106598, "critic_loss": 14.62153982925415, "actor_loss": -91.47823645019531, "alpha_loss": -0.005994379849173129, "alpha_value": 0.04475173753499985, "duration": 90.26024556159973, "step": 32750}
{"episode_reward": 273.1693192971538, "episode": 132.0, "batch_reward": 0.9773416221141815, "critic_loss": 14.704598976135253, "actor_loss": -92.07896026611328, "alpha_loss": -0.006979925788938999, "alpha_value": 0.04494372391700745, "duration": 90.52143836021423, "step": 33000}
{"episode_reward": 419.21749909760393, "episode": 133.0, "batch_reward": 0.9646754822731018, "critic_loss": 13.908218936920166, "actor_loss": -92.88065447998046, "alpha_loss": -0.0034271351639181377, "alpha_value": 0.04506908196210861, "duration": 90.0666298866272, "step": 33250}
{"episode_reward": 458.3657204057077, "episode": 134.0, "batch_reward": 0.9862561509609222, "critic_loss": 14.54658744430542, "actor_loss": -93.82029974365234, "alpha_loss": -0.000336194334551692, "alpha_value": 0.04507442140579224, "duration": 90.2344126701355, "step": 33500}
{"episode_reward": 423.13333722589033, "episode": 135.0, "batch_reward": 0.9989561607837677, "critic_loss": 14.461344924926758, "actor_loss": -94.54247882080078, "alpha_loss": 0.0036928305253386496, "alpha_value": 0.04512404474616051, "duration": 90.713374376297, "step": 33750}
{"episode_reward": 443.9348032911137, "episode": 136.0, "batch_reward": 0.9874638528823853, "critic_loss": 14.454297786712646, "actor_loss": -95.20924462890625, "alpha_loss": -0.0015455549117177724, "alpha_value": 0.04508709239959717, "duration": 90.6866135597229, "step": 34000}
{"episode_reward": 427.51830134855675, "episode": 137.0, "batch_reward": 0.9833394565582275, "critic_loss": 14.653918319702148, "actor_loss": -95.81663128662109, "alpha_loss": 0.0021014500949531794, "alpha_value": 0.04505865436792374, "duration": 90.98472142219543, "step": 34250}
{"episode_reward": 334.28559859093485, "episode": 138.0, "batch_reward": 0.9913934059143067, "critic_loss": 14.913409858703613, "actor_loss": -96.63409210205079, "alpha_loss": -0.006801294512115419, "alpha_value": 0.04509644800424576, "duration": 90.81094884872437, "step": 34500}
{"episode_reward": 416.5823845295273, "episode": 139.0, "batch_reward": 1.0129258327484132, "critic_loss": 15.347117904663087, "actor_loss": -97.25154174804688, "alpha_loss": -0.0024642029479146005, "alpha_value": 0.045207702457904814, "duration": 89.56702828407288, "step": 34750}
{"episode_reward": 449.1655564060343, "episode": 140.0, "batch_reward": 1.0214353618621825, "critic_loss": 15.564771183013915, "actor_loss": -98.01471325683593, "alpha_loss": -0.005721629698760808, "alpha_value": 0.045313473373651506, "duration": 89.29567861557007, "step": 35000}
{"episode_reward": 449.26506792329974, "episode": 141.0, "batch_reward": 1.0226270956993102, "critic_loss": 14.998549896240235, "actor_loss": -98.75637884521484, "alpha_loss": -0.0012381071075797082, "alpha_value": 0.04540897551178932, "duration": 90.44872760772705, "step": 35250}
{"episode_reward": 517.5130958504078, "episode": 142.0, "batch_reward": 1.0303844451904296, "critic_loss": 14.772094013214112, "actor_loss": -99.57227490234375, "alpha_loss": -0.012093413753435017, "alpha_value": 0.04560154578089714, "duration": 90.25569295883179, "step": 35500}
{"episode_reward": 524.2102258611478, "episode": 143.0, "batch_reward": 1.0418750050067902, "critic_loss": 14.46586075592041, "actor_loss": -100.37300372314454, "alpha_loss": -0.004817503170110285, "alpha_value": 0.045807494163513186, "duration": 91.20461463928223, "step": 35750}
{"episode_reward": 553.3630695026159, "episode": 144.0, "batch_reward": 1.0364323029518128, "critic_loss": 14.527281398773193, "actor_loss": -101.09832586669921, "alpha_loss": -0.006675674306228757, "alpha_value": 0.04601746606826782, "duration": 89.1859085559845, "step": 36000}
{"episode_reward": 421.59215354167685, "episode": 145.0, "batch_reward": 1.049055302619934, "critic_loss": 14.662105533599853, "actor_loss": -102.12317614746094, "alpha_loss": -0.008278954524546862, "alpha_value": 0.04623733040690422, "duration": 91.03000092506409, "step": 36250}
{"episode_reward": 500.4511530978607, "episode": 146.0, "batch_reward": 1.0424420773983, "critic_loss": 14.785063167572021, "actor_loss": -102.65970910644532, "alpha_loss": -0.001305465117096901, "alpha_value": 0.04636942183971405, "duration": 90.05442905426025, "step": 36500}
{"episode_reward": 203.31125092938677, "episode": 147.0, "batch_reward": 1.0512408130168915, "critic_loss": 15.15719715499878, "actor_loss": -103.20711804199219, "alpha_loss": 0.007533837405964732, "alpha_value": 0.04629609927535057, "duration": 90.14973521232605, "step": 36750}
{"episode_reward": 364.2976916162578, "episode": 148.0, "batch_reward": 1.0462998416423797, "critic_loss": 15.618934566497803, "actor_loss": -103.851572265625, "alpha_loss": -0.007509246088564396, "alpha_value": 0.046220923513174056, "duration": 90.90987229347229, "step": 37000}
{"episode_reward": 486.81192069087984, "episode": 149.0, "batch_reward": 1.066966183900833, "critic_loss": 15.29559574699402, "actor_loss": -104.65432623291015, "alpha_loss": -0.009777090134099126, "alpha_value": 0.046447475045919416, "duration": 90.62558341026306, "step": 37250}
{"episode_reward": 456.4711474443762, "episode": 150.0, "batch_reward": 1.058651251554489, "critic_loss": 15.432015224456787, "actor_loss": -105.26513830566407, "alpha_loss": 0.0016296240240335465, "alpha_value": 0.046588532090187075, "duration": 79.71875643730164, "step": 37500}
{"episode_reward": 330.13773421336396, "episode": 151.0, "batch_reward": 1.0786744980812073, "critic_loss": 15.597852462768556, "actor_loss": -106.20738342285156, "alpha_loss": -0.006745536529459059, "alpha_value": 0.046646610647439954, "duration": 79.41245985031128, "step": 37750}
{"episode_reward": 441.88190247256864, "episode": 152.0, "batch_reward": 1.0705287940502166, "critic_loss": 16.399823192596436, "actor_loss": -106.71632885742187, "alpha_loss": -0.0058449581451714035, "alpha_value": 0.046842222541570666, "duration": 79.3897614479065, "step": 38000}
{"episode_reward": 379.8266614752956, "episode": 153.0, "batch_reward": 1.0692125189304351, "critic_loss": 16.718776641845704, "actor_loss": -107.24152563476562, "alpha_loss": -0.009619535567238926, "alpha_value": 0.04706576392054558, "duration": 90.70567059516907, "step": 38250}
{"episode_reward": 449.0556752755489, "episode": 154.0, "batch_reward": 1.085912266254425, "critic_loss": 16.88525037765503, "actor_loss": -108.07074041748047, "alpha_loss": -0.004744457732886076, "alpha_value": 0.04719938808679581, "duration": 91.17652869224548, "step": 38500}
{"episode_reward": 493.70085643954224, "episode": 155.0, "batch_reward": 1.0928348059654236, "critic_loss": 16.940637886047362, "actor_loss": -108.8070756225586, "alpha_loss": -0.0032845165990293026, "alpha_value": 0.04734938582777977, "duration": 90.93531918525696, "step": 38750}
{"episode_reward": 438.1553862810697, "episode": 156.0, "batch_reward": 1.0932651104927062, "critic_loss": 17.320619026184083, "actor_loss": -109.34347613525391, "alpha_loss": -0.004785348430275917, "alpha_value": 0.04738843843340874, "duration": 90.99628615379333, "step": 39000}
{"episode_reward": 424.15034862911176, "episode": 157.0, "batch_reward": 1.0867046689987183, "critic_loss": 17.59830582809448, "actor_loss": -110.12956121826171, "alpha_loss": -0.01144558490999043, "alpha_value": 0.047662554651498795, "duration": 91.11824607849121, "step": 39250}
{"episode_reward": 399.4440255260526, "episode": 158.0, "batch_reward": 1.1011182906627655, "critic_loss": 16.777539165496826, "actor_loss": -111.09414312744141, "alpha_loss": -0.017835549911484123, "alpha_value": 0.04803771233558655, "duration": 91.0851378440857, "step": 39500}
{"episode_reward": 483.55374606870924, "episode": 159.0, "batch_reward": 1.106755337715149, "critic_loss": 15.957564239501954, "actor_loss": -111.73531805419921, "alpha_loss": -0.013938961097970605, "alpha_value": 0.04847897771000862, "duration": 91.06955623626709, "step": 39750}
{"episode_reward": 473.5520541508726, "episode": 160.0, "batch_reward": 1.1071461925506592, "critic_loss": 15.920942943572998, "actor_loss": -112.45186785888671, "alpha_loss": -0.005043072739616037, "alpha_value": 0.04872822675108909, "duration": 91.29632329940796, "step": 40000}
{"episode_reward": 584.0383619868586, "episode": 161.0, "batch_reward": 1.1121901543140411, "critic_loss": 15.726153289794922, "actor_loss": -113.00016680908203, "alpha_loss": -0.0022423556093126534, "alpha_value": 0.0488347972035408, "duration": 110.30850148200989, "step": 40250}
{"episode_reward": 435.6471961682755, "episode": 162.0, "batch_reward": 1.1067657766342163, "critic_loss": 15.541064739227295, "actor_loss": -113.52157873535157, "alpha_loss": 0.0003603995917364955, "alpha_value": 0.04881831988692284, "duration": 91.22655606269836, "step": 40500}
{"episode_reward": 395.9365255542199, "episode": 163.0, "batch_reward": 1.121610321521759, "critic_loss": 16.45072673034668, "actor_loss": -114.45273419189454, "alpha_loss": -0.002690464153885841, "alpha_value": 0.048802511513233185, "duration": 91.41566443443298, "step": 40750}
{"episode_reward": 420.8235769034259, "episode": 164.0, "batch_reward": 1.1259569807052612, "critic_loss": 15.579088054656982, "actor_loss": -115.18051898193359, "alpha_loss": -0.01006655335612595, "alpha_value": 0.04903658324480057, "duration": 91.3783826828003, "step": 41000}
{"episode_reward": 403.4546312621851, "episode": 165.0, "batch_reward": 1.1285870645046234, "critic_loss": 15.357881467819213, "actor_loss": -115.9002631225586, "alpha_loss": -0.00955547970160842, "alpha_value": 0.04931340736150742, "duration": 91.68536567687988, "step": 41250}
{"episode_reward": 420.5121983563651, "episode": 166.0, "batch_reward": 1.12702676486969, "critic_loss": 15.7153544921875, "actor_loss": -116.32937469482422, "alpha_loss": -0.01316184451431036, "alpha_value": 0.049581059724092484, "duration": 91.43239569664001, "step": 41500}
{"episode_reward": 325.61458115071775, "episode": 167.0, "batch_reward": 1.1177810204029084, "critic_loss": 15.587969863891601, "actor_loss": -116.99704913330078, "alpha_loss": -0.005267283726483584, "alpha_value": 0.04993342542648315, "duration": 91.59864139556885, "step": 41750}
{"episode_reward": 434.0319438077393, "episode": 168.0, "batch_reward": 1.1317943551540375, "critic_loss": 16.078405143737793, "actor_loss": -117.59279901123047, "alpha_loss": 0.0023098487295210362, "alpha_value": 0.049866698324680325, "duration": 91.53883171081543, "step": 42000}
{"episode_reward": 349.7045054484058, "episode": 169.0, "batch_reward": 1.1383363678455354, "critic_loss": 14.95234186553955, "actor_loss": -118.22107928466797, "alpha_loss": 0.0039873267384245995, "alpha_value": 0.04984086930751801, "duration": 91.59435796737671, "step": 42250}
{"episode_reward": 317.75401306131914, "episode": 170.0, "batch_reward": 1.1280159602165223, "critic_loss": 15.276367725372314, "actor_loss": -118.64475170898437, "alpha_loss": 0.008936627777293324, "alpha_value": 0.04962706983089447, "duration": 91.8036322593689, "step": 42500}
{"episode_reward": 487.81075798116467, "episode": 171.0, "batch_reward": 1.136710170507431, "critic_loss": 14.495089050292968, "actor_loss": -119.43773461914063, "alpha_loss": 0.003964080130681395, "alpha_value": 0.04947068822383881, "duration": 91.6145224571228, "step": 42750}
{"episode_reward": 467.1857246557986, "episode": 172.0, "batch_reward": 1.145078748703003, "critic_loss": 15.210954792022704, "actor_loss": -120.10116021728516, "alpha_loss": -0.006009844115003943, "alpha_value": 0.0494827561378479, "duration": 89.58864331245422, "step": 43000}
{"episode_reward": 540.3436391397912, "episode": 173.0, "batch_reward": 1.146344229221344, "critic_loss": 15.704451713562012, "actor_loss": -120.7352880859375, "alpha_loss": 0.0036931684976443647, "alpha_value": 0.04958527734875679, "duration": 89.23825597763062, "step": 43250}
{"episode_reward": 479.64934704187147, "episode": 174.0, "batch_reward": 1.1694622118473053, "critic_loss": 15.01556531906128, "actor_loss": -121.28743933105468, "alpha_loss": 0.005549114909954369, "alpha_value": 0.04937957319617271, "duration": 89.61830806732178, "step": 43500}
{"episode_reward": 528.5547850408833, "episode": 175.0, "batch_reward": 1.1555077514648437, "critic_loss": 14.526471935272216, "actor_loss": -121.8025708618164, "alpha_loss": 0.006798405792564154, "alpha_value": 0.049204250633716584, "duration": 90.19726967811584, "step": 43750}
{"episode_reward": 457.5630861136948, "episode": 176.0, "batch_reward": 1.1679712028503417, "critic_loss": 14.715965126037597, "actor_loss": -122.40224755859376, "alpha_loss": 0.0004284506365656853, "alpha_value": 0.04916523680090904, "duration": 90.67070698738098, "step": 44000}
{"episode_reward": 402.99311306199604, "episode": 177.0, "batch_reward": 1.161741546869278, "critic_loss": 14.672399894714356, "actor_loss": -122.94942980957032, "alpha_loss": 0.002640270473435521, "alpha_value": 0.04909836986660957, "duration": 90.96864342689514, "step": 44250}
{"episode_reward": 573.0537171668586, "episode": 178.0, "batch_reward": 1.1727242214679718, "critic_loss": 15.21787968826294, "actor_loss": -123.43097747802734, "alpha_loss": -0.0018617208115756512, "alpha_value": 0.049081084161996844, "duration": 90.63416695594788, "step": 44500}
{"episode_reward": 457.79193780289324, "episode": 179.0, "batch_reward": 1.1766165287494659, "critic_loss": 14.92308456802368, "actor_loss": -123.83885357666016, "alpha_loss": -0.002435234745964408, "alpha_value": 0.049205544173717496, "duration": 90.9781506061554, "step": 44750}
{"episode_reward": 456.9989080773076, "episode": 180.0, "batch_reward": 1.1827433245182037, "critic_loss": 15.03029296875, "actor_loss": -124.76058044433594, "alpha_loss": -0.005403027852997184, "alpha_value": 0.04926715955138206, "duration": 91.07993030548096, "step": 45000}
{"episode_reward": 356.5311556937446, "episode": 181.0, "batch_reward": 1.1841071918010713, "critic_loss": 14.548836952209472, "actor_loss": -125.28797576904297, "alpha_loss": -0.002478693153709173, "alpha_value": 0.049375789284706116, "duration": 91.71818327903748, "step": 45250}
{"episode_reward": 436.1136796619998, "episode": 182.0, "batch_reward": 1.1898081512451173, "critic_loss": 14.520287103652954, "actor_loss": -125.66832336425782, "alpha_loss": 0.005875641498714685, "alpha_value": 0.049375374346971514, "duration": 91.38586521148682, "step": 45500}
{"episode_reward": 474.8986282024411, "episode": 183.0, "batch_reward": 1.1945030183792114, "critic_loss": 14.909984043121337, "actor_loss": -126.44923913574219, "alpha_loss": -0.0006367128463461995, "alpha_value": 0.04924508327245712, "duration": 91.61901092529297, "step": 45750}
{"episode_reward": 380.31030974155817, "episode": 184.0, "batch_reward": 1.1823862266540528, "critic_loss": 15.578033950805665, "actor_loss": -126.81787237548828, "alpha_loss": 0.00469834316149354, "alpha_value": 0.049155740320682526, "duration": 91.65370488166809, "step": 46000}
{"episode_reward": 403.80919164337865, "episode": 185.0, "batch_reward": 1.199724842786789, "critic_loss": 15.176632663726807, "actor_loss": -127.41477368164063, "alpha_loss": 0.004664521975442767, "alpha_value": 0.04900860008597374, "duration": 91.5614767074585, "step": 46250}
{"episode_reward": 455.60867231628134, "episode": 186.0, "batch_reward": 1.190623655796051, "critic_loss": 14.93502844619751, "actor_loss": -127.81122399902344, "alpha_loss": 0.004028690380975604, "alpha_value": 0.048943247377872465, "duration": 91.90821051597595, "step": 46500}
{"episode_reward": 429.0084006138759, "episode": 187.0, "batch_reward": 1.204070166349411, "critic_loss": 15.318051979064942, "actor_loss": -128.3710858154297, "alpha_loss": -0.00405244124494493, "alpha_value": 0.04894701832532883, "duration": 91.82358503341675, "step": 46750}
{"episode_reward": 397.7490556064394, "episode": 188.0, "batch_reward": 1.1950058393478393, "critic_loss": 15.580530006408692, "actor_loss": -128.70540997314453, "alpha_loss": 0.007752362120896578, "alpha_value": 0.04890012475848198, "duration": 91.69300746917725, "step": 47000}
{"episode_reward": 372.169806813715, "episode": 189.0, "batch_reward": 1.1974469015598297, "critic_loss": 15.111166152954102, "actor_loss": -129.14076684570313, "alpha_loss": -0.003910432878881693, "alpha_value": 0.04881081190705299, "duration": 91.89734196662903, "step": 47250}
{"episode_reward": 460.68219155239586, "episode": 190.0, "batch_reward": 1.2077793097496032, "critic_loss": 15.70704636001587, "actor_loss": -129.77355847167968, "alpha_loss": -0.010431885994039476, "alpha_value": 0.04900691884756088, "duration": 91.89484000205994, "step": 47500}
{"episode_reward": 502.30201570343775, "episode": 191.0, "batch_reward": 1.209495393514633, "critic_loss": 15.531223659515382, "actor_loss": -130.21059057617188, "alpha_loss": -0.0028513874243944882, "alpha_value": 0.0492434310913086, "duration": 91.76278901100159, "step": 47750}
{"episode_reward": 521.9325630254883, "episode": 192.0, "batch_reward": 1.2192164843082427, "critic_loss": 15.091166801452637, "actor_loss": -130.69490368652345, "alpha_loss": -0.007038494143635035, "alpha_value": 0.049314580887556074, "duration": 91.7106282711029, "step": 48000}
{"episode_reward": 483.2641584850265, "episode": 193.0, "batch_reward": 1.234795382499695, "critic_loss": 15.767899974822997, "actor_loss": -131.27262463378906, "alpha_loss": 0.0007321543600410223, "alpha_value": 0.049441878825426104, "duration": 91.65469217300415, "step": 48250}
{"episode_reward": 466.52922865920596, "episode": 194.0, "batch_reward": 1.2294667811393738, "critic_loss": 15.903293952941894, "actor_loss": -131.79066711425781, "alpha_loss": -0.00043430140428245067, "alpha_value": 0.04942282629013062, "duration": 91.63413286209106, "step": 48500}
{"episode_reward": 492.41425867138855, "episode": 195.0, "batch_reward": 1.2254181101322175, "critic_loss": 15.821238872528076, "actor_loss": -132.24555029296874, "alpha_loss": -0.009172334479168057, "alpha_value": 0.049567102640867236, "duration": 91.7102153301239, "step": 48750}
{"episode_reward": 595.0397363508574, "episode": 196.0, "batch_reward": 1.239299173593521, "critic_loss": 14.359593200683594, "actor_loss": -132.761482421875, "alpha_loss": 0.008949302203953267, "alpha_value": 0.04956654527783394, "duration": 91.69864153862, "step": 49000}
{"episode_reward": 434.11662208480806, "episode": 197.0, "batch_reward": 1.2309558079242706, "critic_loss": 15.354611293792725, "actor_loss": -133.00753076171875, "alpha_loss": 0.005692667603492737, "alpha_value": 0.04933729153871536, "duration": 91.36087393760681, "step": 49250}
{"episode_reward": 514.4593053514903, "episode": 198.0, "batch_reward": 1.2376404087543487, "critic_loss": 15.621682712554932, "actor_loss": -133.47188720703124, "alpha_loss": -0.008275756811723113, "alpha_value": 0.04939769101142883, "duration": 91.59865474700928, "step": 49500}
{"episode_reward": 505.5495707671791, "episode": 199.0, "batch_reward": 1.2319465415477753, "critic_loss": 15.3311159324646, "actor_loss": -134.1019473876953, "alpha_loss": 0.0018954343684017658, "alpha_value": 0.04944109573960304, "duration": 91.7425787448883, "step": 49750}
{"episode_reward": 372.2565620859496, "episode": 200.0, "batch_reward": 1.2348543565273284, "critic_loss": 15.058793838500977, "actor_loss": -134.7223059082031, "alpha_loss": -0.004210372172296048, "alpha_value": 0.04953661820292473, "duration": 91.64126229286194, "step": 50000}
{"episode_reward": 474.19914696258815, "episode": 201.0, "batch_reward": 1.2499150335788727, "critic_loss": 15.591353122711181, "actor_loss": -135.04836242675782, "alpha_loss": -0.006912064163014293, "alpha_value": 0.049614718824625016, "duration": 110.48225831985474, "step": 50250}
{"episode_reward": 495.4975494915187, "episode": 202.0, "batch_reward": 1.2588721561431884, "critic_loss": 14.636003368377686, "actor_loss": -135.76770202636717, "alpha_loss": -0.011393124908208848, "alpha_value": 0.0498958335518837, "duration": 91.66951966285706, "step": 50500}
{"episode_reward": 475.9374957891027, "episode": 203.0, "batch_reward": 1.259523433446884, "critic_loss": 14.039242721557617, "actor_loss": -136.13284838867187, "alpha_loss": -0.005022701932117343, "alpha_value": 0.0500880628824234, "duration": 91.62047791481018, "step": 50750}
{"episode_reward": 523.467584391677, "episode": 204.0, "batch_reward": 1.2658553183078767, "critic_loss": 14.948964210510255, "actor_loss": -136.63352575683595, "alpha_loss": -0.006994647232815623, "alpha_value": 0.050274043649435045, "duration": 91.51495409011841, "step": 51000}
{"episode_reward": 443.29084951750355, "episode": 205.0, "batch_reward": 1.2641603934764862, "critic_loss": 15.327559501647949, "actor_loss": -136.97030798339844, "alpha_loss": 0.0005768315913155675, "alpha_value": 0.0504236124753952, "duration": 91.72336888313293, "step": 51250}
{"episode_reward": 467.85917051896837, "episode": 206.0, "batch_reward": 1.2730959758758544, "critic_loss": 14.9656872215271, "actor_loss": -137.46307788085937, "alpha_loss": -0.003573437748476863, "alpha_value": 0.050425253063440326, "duration": 91.62122941017151, "step": 51500}
{"episode_reward": 479.9243780820832, "episode": 207.0, "batch_reward": 1.2773543705940247, "critic_loss": 15.507594020843506, "actor_loss": -137.85242443847656, "alpha_loss": 0.008774260574951767, "alpha_value": 0.05040808150172234, "duration": 91.64079928398132, "step": 51750}
{"episode_reward": 478.3003431738525, "episode": 208.0, "batch_reward": 1.2702913794517516, "critic_loss": 16.197150833129882, "actor_loss": -138.14491357421875, "alpha_loss": 0.002360217358916998, "alpha_value": 0.050216947942972184, "duration": 91.7215678691864, "step": 52000}
{"episode_reward": 495.7996658492116, "episode": 209.0, "batch_reward": 1.2677878923416137, "critic_loss": 15.738490852355957, "actor_loss": -138.61108557128907, "alpha_loss": -0.00326278680562973, "alpha_value": 0.05018748098611832, "duration": 91.53755712509155, "step": 52250}
{"episode_reward": 551.1769681231467, "episode": 210.0, "batch_reward": 1.2755911326408387, "critic_loss": 14.122236099243164, "actor_loss": -139.30202307128906, "alpha_loss": -0.0019469554498791695, "alpha_value": 0.05025204762816429, "duration": 91.77019762992859, "step": 52500}
{"episode_reward": 476.5967866890495, "episode": 211.0, "batch_reward": 1.2813357639312744, "critic_loss": 14.620512615203857, "actor_loss": -139.8092462158203, "alpha_loss": -0.004033947843126952, "alpha_value": 0.05035835501551628, "duration": 91.6262001991272, "step": 52750}
{"episode_reward": 507.51091695511667, "episode": 212.0, "batch_reward": 1.2722872071266174, "critic_loss": 14.65242664718628, "actor_loss": -139.92102734375, "alpha_loss": -0.0026322104427963493, "alpha_value": 0.05042250847816467, "duration": 91.83546090126038, "step": 53000}
{"episode_reward": 268.98296476251585, "episode": 213.0, "batch_reward": 1.282145855665207, "critic_loss": 14.141932098388672, "actor_loss": -140.47099536132814, "alpha_loss": 0.0035147536005824803, "alpha_value": 0.0504954217672348, "duration": 91.63368082046509, "step": 53250}
{"episode_reward": 521.1480655531932, "episode": 214.0, "batch_reward": 1.2903064217567444, "critic_loss": 14.651401615142822, "actor_loss": -140.73647998046874, "alpha_loss": 0.007107594954781234, "alpha_value": 0.050294268280267715, "duration": 91.41834020614624, "step": 53500}
{"episode_reward": 596.49035801163, "episode": 215.0, "batch_reward": 1.2953552289009094, "critic_loss": 14.289572944641113, "actor_loss": -141.1781561279297, "alpha_loss": 0.00016612889803946018, "alpha_value": 0.05019326943159103, "duration": 91.62913084030151, "step": 53750}
{"episode_reward": 514.4460642941336, "episode": 216.0, "batch_reward": 1.2907554831504822, "critic_loss": 15.058316337585449, "actor_loss": -141.57704541015624, "alpha_loss": 0.023071108393371106, "alpha_value": 0.04991528859734535, "duration": 91.65661883354187, "step": 54000}
{"episode_reward": 489.6980935248676, "episode": 217.0, "batch_reward": 1.2941715879440308, "critic_loss": 15.602210010528564, "actor_loss": -142.02738830566406, "alpha_loss": -0.0010597227327525617, "alpha_value": 0.049619203627109525, "duration": 91.6357421875, "step": 54250}
{"episode_reward": 456.681807711512, "episode": 218.0, "batch_reward": 1.3119197742938995, "critic_loss": 15.466623683929443, "actor_loss": -142.6889169921875, "alpha_loss": -0.0013402207493782043, "alpha_value": 0.04963938042521477, "duration": 91.76860809326172, "step": 54500}
{"episode_reward": 508.1296767232216, "episode": 219.0, "batch_reward": 1.3054196004867553, "critic_loss": 15.081248371124268, "actor_loss": -143.09258911132812, "alpha_loss": -0.0069499108400195835, "alpha_value": 0.04973308464884758, "duration": 91.84136438369751, "step": 54750}
{"episode_reward": 517.2734303561533, "episode": 220.0, "batch_reward": 1.3217317757606506, "critic_loss": 15.881525745391846, "actor_loss": -143.48065234375, "alpha_loss": 0.003085151080042124, "alpha_value": 0.04979820841550827, "duration": 91.8800756931305, "step": 55000}
{"episode_reward": 523.2043950345102, "episode": 221.0, "batch_reward": 1.3221065425872802, "critic_loss": 15.179465049743653, "actor_loss": -144.11554321289063, "alpha_loss": -0.003643819373100996, "alpha_value": 0.04978491300344467, "duration": 91.77646446228027, "step": 55250}
{"episode_reward": 462.8542778151864, "episode": 222.0, "batch_reward": 1.3093708567619324, "critic_loss": 16.15112247467041, "actor_loss": -144.2059490966797, "alpha_loss": -0.002181583659723401, "alpha_value": 0.04989327421784401, "duration": 91.63133358955383, "step": 55500}
{"episode_reward": 497.04321905363355, "episode": 223.0, "batch_reward": 1.3241108794212342, "critic_loss": 16.361293827056883, "actor_loss": -144.5968818359375, "alpha_loss": 0.00399289957806468, "alpha_value": 0.04981209093332291, "duration": 91.86665749549866, "step": 55750}
{"episode_reward": 561.7661969803274, "episode": 224.0, "batch_reward": 1.3200141794681548, "critic_loss": 16.063655773162843, "actor_loss": -145.38840112304686, "alpha_loss": 0.003823179241269827, "alpha_value": 0.04976366025209427, "duration": 91.59401679039001, "step": 56000}
{"episode_reward": 462.98131438963867, "episode": 225.0, "batch_reward": 1.3276417093276978, "critic_loss": 15.720866325378418, "actor_loss": -145.72901892089843, "alpha_loss": -0.0017060341387987138, "alpha_value": 0.049751555413007735, "duration": 91.75390124320984, "step": 56250}
{"episode_reward": 475.0223021362781, "episode": 226.0, "batch_reward": 1.3283220818042756, "critic_loss": 15.899719310760497, "actor_loss": -146.10466027832032, "alpha_loss": -0.004861757818609476, "alpha_value": 0.04978974586725235, "duration": 91.80637884140015, "step": 56500}
{"episode_reward": 461.80310341126227, "episode": 227.0, "batch_reward": 1.3268203444480895, "critic_loss": 16.223324295043945, "actor_loss": -146.51156628417968, "alpha_loss": -0.0062040354181081055, "alpha_value": 0.049972804725170135, "duration": 91.89336514472961, "step": 56750}
{"episode_reward": 518.326936649916, "episode": 228.0, "batch_reward": 1.3206284470558167, "critic_loss": 15.306182323455811, "actor_loss": -146.8779013671875, "alpha_loss": -0.004294459644705057, "alpha_value": 0.050127298057079314, "duration": 91.871835231781, "step": 57000}
{"episode_reward": 556.7647373729935, "episode": 229.0, "batch_reward": 1.3340106863975525, "critic_loss": 15.573649780273438, "actor_loss": -147.62120874023438, "alpha_loss": -0.0022012824639678, "alpha_value": 0.05019097658991813, "duration": 90.76976227760315, "step": 57250}
{"episode_reward": 545.0313688323873, "episode": 230.0, "batch_reward": 1.3364066472053528, "critic_loss": 15.969650592803955, "actor_loss": -147.80062963867186, "alpha_loss": -0.0077719501834362745, "alpha_value": 0.050318471372127534, "duration": 90.22443509101868, "step": 57500}
{"episode_reward": 448.40396231096304, "episode": 231.0, "batch_reward": 1.3362506246566772, "critic_loss": 15.747451663970947, "actor_loss": -148.26346130371093, "alpha_loss": -0.006784167118370533, "alpha_value": 0.05050318682193756, "duration": 91.19714045524597, "step": 57750}
{"episode_reward": 482.74332182822394, "episode": 232.0, "batch_reward": 1.3456752338409423, "critic_loss": 15.460690204620361, "actor_loss": -148.82616345214845, "alpha_loss": -0.006279127396643162, "alpha_value": 0.05073347547650337, "duration": 91.8250207901001, "step": 58000}
{"episode_reward": 566.110880582382, "episode": 233.0, "batch_reward": 1.3535634555816651, "critic_loss": 15.291993667602538, "actor_loss": -149.18012121582032, "alpha_loss": -0.007961386948823928, "alpha_value": 0.05087065100669861, "duration": 91.75369453430176, "step": 58250}
{"episode_reward": 527.4943288310379, "episode": 234.0, "batch_reward": 1.3505707869529724, "critic_loss": 14.931246059417724, "actor_loss": -149.7086259765625, "alpha_loss": -0.004078767073340714, "alpha_value": 0.051153629869222644, "duration": 91.5173397064209, "step": 58500}
{"episode_reward": 500.5937534432443, "episode": 235.0, "batch_reward": 1.3562938137054443, "critic_loss": 14.933516662597656, "actor_loss": -150.09033276367188, "alpha_loss": -0.006892035037279129, "alpha_value": 0.05123393708467484, "duration": 91.79842162132263, "step": 58750}
{"episode_reward": 518.1240244091499, "episode": 236.0, "batch_reward": 1.366464203119278, "critic_loss": 14.326025966644288, "actor_loss": -150.44528698730468, "alpha_loss": 0.002547638012096286, "alpha_value": 0.05127422907948494, "duration": 91.7079484462738, "step": 59000}
{"episode_reward": 565.3137315620719, "episode": 237.0, "batch_reward": 1.3547669200897217, "critic_loss": 15.19916795349121, "actor_loss": -150.89001818847657, "alpha_loss": 0.0027812750544399024, "alpha_value": 0.051199113726615904, "duration": 91.841552734375, "step": 59250}
{"episode_reward": 538.2891088634427, "episode": 238.0, "batch_reward": 1.3662011942863463, "critic_loss": 15.46948713684082, "actor_loss": -151.17470739746093, "alpha_loss": 0.008037075044587255, "alpha_value": 0.051095640629529954, "duration": 91.87471389770508, "step": 59500}
{"episode_reward": 592.8316994211496, "episode": 239.0, "batch_reward": 1.3675289735794067, "critic_loss": 15.05142481994629, "actor_loss": -151.85156481933595, "alpha_loss": -0.004232880366966128, "alpha_value": 0.050926943570375444, "duration": 92.00402903556824, "step": 59750}
{"episode_reward": 444.29521666692733, "episode": 240.0, "batch_reward": 1.3817555499076843, "critic_loss": 15.256766351699829, "actor_loss": -152.19154284667968, "alpha_loss": -0.0023389668576419354, "alpha_value": 0.05111507445573807, "duration": 91.82730412483215, "step": 60000}
{"episode_reward": 519.4385150741449, "episode": 241.0, "batch_reward": 1.358012056350708, "critic_loss": 15.246759780883789, "actor_loss": -152.35144689941407, "alpha_loss": 0.005334526132792235, "alpha_value": 0.05103581538796425, "duration": 110.43228077888489, "step": 60250}
{"episode_reward": 532.2538820834933, "episode": 242.0, "batch_reward": 1.3813131003379822, "critic_loss": 15.989041240692139, "actor_loss": -152.7722322998047, "alpha_loss": 0.008017131574451924, "alpha_value": 0.05085608792304993, "duration": 91.59532427787781, "step": 60500}
{"episode_reward": 618.4080966878431, "episode": 243.0, "batch_reward": 1.3803407821655274, "critic_loss": 15.961457405090332, "actor_loss": -153.347552734375, "alpha_loss": -0.002881033642217517, "alpha_value": 0.050805846482515335, "duration": 91.5817277431488, "step": 60750}
{"episode_reward": 433.19376618255194, "episode": 244.0, "batch_reward": 1.390866469860077, "critic_loss": 15.289712062835694, "actor_loss": -153.8519528808594, "alpha_loss": -0.0011187353450804948, "alpha_value": 0.05090961873531342, "duration": 91.78402090072632, "step": 61000}
{"episode_reward": 471.31497241338707, "episode": 245.0, "batch_reward": 1.395505859375, "critic_loss": 15.809205547332764, "actor_loss": -154.12934912109375, "alpha_loss": 0.0005226931367069482, "alpha_value": 0.05091293051838875, "duration": 91.88751888275146, "step": 61250}
{"episode_reward": 505.8809659984192, "episode": 246.0, "batch_reward": 1.3857348322868348, "critic_loss": 15.287453506469726, "actor_loss": -154.60688928222658, "alpha_loss": -0.0005527075883001089, "alpha_value": 0.05085276022553444, "duration": 91.90459728240967, "step": 61500}
{"episode_reward": 507.5373796192187, "episode": 247.0, "batch_reward": 1.3806340522766114, "critic_loss": 15.031985214233398, "actor_loss": -154.94123181152344, "alpha_loss": -0.01373619669303298, "alpha_value": 0.0510991872549057, "duration": 91.78743648529053, "step": 61750}
{"episode_reward": 452.46355041934453, "episode": 248.0, "batch_reward": 1.390591296672821, "critic_loss": 15.617847732543945, "actor_loss": -155.28543615722657, "alpha_loss": -0.009933201335370541, "alpha_value": 0.0513954918384552, "duration": 91.87568926811218, "step": 62000}
{"episode_reward": 543.9451316837904, "episode": 249.0, "batch_reward": 1.3915345435142517, "critic_loss": 15.26704351234436, "actor_loss": -155.76377685546876, "alpha_loss": -0.0043024761881679295, "alpha_value": 0.05171629899740219, "duration": 91.87372899055481, "step": 62250}
{"episode_reward": 441.48351661769846, "episode": 250.0, "batch_reward": 1.404050317287445, "critic_loss": 15.531589797973632, "actor_loss": -156.23210034179687, "alpha_loss": -0.0018878811001777648, "alpha_value": 0.051673566430807116, "duration": 91.77970719337463, "step": 62500}
{"episode_reward": 523.3049435384503, "episode": 251.0, "batch_reward": 1.3930728907585144, "critic_loss": 14.550611938476562, "actor_loss": -156.65695642089844, "alpha_loss": 0.004573242893442512, "alpha_value": 0.05166105958819389, "duration": 91.92866849899292, "step": 62750}
{"episode_reward": 544.2654237229509, "episode": 252.0, "batch_reward": 1.414338225364685, "critic_loss": 14.210432189941406, "actor_loss": -157.15578356933594, "alpha_loss": 0.0031201806310564278, "alpha_value": 0.05147525665163994, "duration": 92.09955215454102, "step": 63000}
{"episode_reward": 552.0612878228303, "episode": 253.0, "batch_reward": 1.4060593004226685, "critic_loss": 13.728997909545898, "actor_loss": -157.40205224609375, "alpha_loss": -6.372021231800318e-05, "alpha_value": 0.05143767568469047, "duration": 91.906977891922, "step": 63250}
{"episode_reward": 495.59960774364856, "episode": 254.0, "batch_reward": 1.4039273109436035, "critic_loss": 14.583782104492187, "actor_loss": -157.73831811523436, "alpha_loss": 0.00826105253957212, "alpha_value": 0.05139455723762512, "duration": 91.88498568534851, "step": 63500}
{"episode_reward": 554.292730865229, "episode": 255.0, "batch_reward": 1.4088069643974304, "critic_loss": 14.74497951889038, "actor_loss": -158.16939672851564, "alpha_loss": 0.006111401615664363, "alpha_value": 0.05121269372105598, "duration": 91.99428725242615, "step": 63750}
{"episode_reward": 613.5393827374908, "episode": 256.0, "batch_reward": 1.412450216770172, "critic_loss": 14.519037601470947, "actor_loss": -158.3553367919922, "alpha_loss": 0.009249704342335463, "alpha_value": 0.05093007400631905, "duration": 92.03718900680542, "step": 64000}
{"episode_reward": 636.1748618953164, "episode": 257.0, "batch_reward": 1.4185852251052857, "critic_loss": 14.351293193817138, "actor_loss": -159.1406668701172, "alpha_loss": 0.004974259182810783, "alpha_value": 0.0508264936208725, "duration": 90.84260535240173, "step": 64250}
{"episode_reward": 456.8727277230322, "episode": 258.0, "batch_reward": 1.4357894291877746, "critic_loss": 14.795882228851319, "actor_loss": -159.5882666015625, "alpha_loss": 0.005921166999265552, "alpha_value": 0.05067392852902412, "duration": 89.9985773563385, "step": 64500}
{"episode_reward": 520.5342743965023, "episode": 259.0, "batch_reward": 1.4235250988006591, "critic_loss": 15.029522796630859, "actor_loss": -159.782677734375, "alpha_loss": 0.00772193119674921, "alpha_value": 0.050436595469713214, "duration": 89.96962881088257, "step": 64750}
{"episode_reward": 558.1300394812932, "episode": 260.0, "batch_reward": 1.4335781621932984, "critic_loss": 15.366067203521729, "actor_loss": -159.923576171875, "alpha_loss": -0.003174778999760747, "alpha_value": 0.05044929465651512, "duration": 90.84084963798523, "step": 65000}
{"episode_reward": 527.3077695373528, "episode": 261.0, "batch_reward": 1.425386821269989, "critic_loss": 15.358625129699707, "actor_loss": -160.37794152832032, "alpha_loss": -0.003548582565039396, "alpha_value": 0.05047161608934402, "duration": 89.6983494758606, "step": 65250}
{"episode_reward": 584.7933332372404, "episode": 262.0, "batch_reward": 1.4293023953437805, "critic_loss": 14.597749862670899, "actor_loss": -160.88953527832032, "alpha_loss": -0.011273381374776363, "alpha_value": 0.0507379330098629, "duration": 90.61918950080872, "step": 65500}
{"episode_reward": 488.44895022079334, "episode": 263.0, "batch_reward": 1.4356738228797912, "critic_loss": 14.381115509033203, "actor_loss": -161.2513583984375, "alpha_loss": 0.005387422041967511, "alpha_value": 0.050808460503816606, "duration": 89.76232600212097, "step": 65750}
{"episode_reward": 573.4505983113481, "episode": 264.0, "batch_reward": 1.435358148097992, "critic_loss": 14.21407642364502, "actor_loss": -161.80084057617188, "alpha_loss": 0.00041472000442445276, "alpha_value": 0.050734717845916745, "duration": 90.83530378341675, "step": 66000}
{"episode_reward": 576.8823560976128, "episode": 265.0, "batch_reward": 1.4411367564201354, "critic_loss": 14.300472959518432, "actor_loss": -162.02231323242188, "alpha_loss": 0.0033120157700031994, "alpha_value": 0.05062878605723381, "duration": 90.9018566608429, "step": 66250}
{"episode_reward": 581.0349437206265, "episode": 266.0, "batch_reward": 1.445527449131012, "critic_loss": 14.117310447692871, "actor_loss": -162.66522497558594, "alpha_loss": -0.004994429286569357, "alpha_value": 0.050694590955972674, "duration": 89.14406490325928, "step": 66500}
{"episode_reward": 568.8981101533647, "episode": 267.0, "batch_reward": 1.4444882049560548, "critic_loss": 14.058070129394531, "actor_loss": -163.01804382324218, "alpha_loss": 0.001261914374306798, "alpha_value": 0.05074270159006119, "duration": 89.29631018638611, "step": 66750}
{"episode_reward": 633.9683640905375, "episode": 268.0, "batch_reward": 1.4332918891906739, "critic_loss": 13.938025074005127, "actor_loss": -163.09090991210937, "alpha_loss": -0.0008768702950328589, "alpha_value": 0.0507465218603611, "duration": 89.89682173728943, "step": 67000}
{"episode_reward": 515.7681896761154, "episode": 269.0, "batch_reward": 1.4471588444709778, "critic_loss": 14.273662952423095, "actor_loss": -163.47441259765625, "alpha_loss": 0.0010324549283832311, "alpha_value": 0.05071781212091446, "duration": 90.65214228630066, "step": 67250}
{"episode_reward": 553.6374533993957, "episode": 270.0, "batch_reward": 1.4536797561645507, "critic_loss": 14.972139953613281, "actor_loss": -163.95890991210936, "alpha_loss": 0.0006717019509524107, "alpha_value": 0.050687947869300844, "duration": 90.54653143882751, "step": 67500}
{"episode_reward": 498.8930800102967, "episode": 271.0, "batch_reward": 1.4625081882476807, "critic_loss": 15.177623847961426, "actor_loss": -164.43710095214843, "alpha_loss": -0.002716665143147111, "alpha_value": 0.05070153626799583, "duration": 89.63751792907715, "step": 67750}
{"episode_reward": 505.2724810966327, "episode": 272.0, "batch_reward": 1.4549261150360107, "critic_loss": 15.031392208099366, "actor_loss": -164.5806162109375, "alpha_loss": -0.007112898370251059, "alpha_value": 0.050909563183784486, "duration": 90.41813015937805, "step": 68000}
{"episode_reward": 556.1829837968995, "episode": 273.0, "batch_reward": 1.4689751062393188, "critic_loss": 14.792404848098755, "actor_loss": -165.0587716064453, "alpha_loss": -0.0013268791045993567, "alpha_value": 0.05104397106170654, "duration": 90.90631294250488, "step": 68250}
{"episode_reward": 554.9164338060673, "episode": 274.0, "batch_reward": 1.4737623920440674, "critic_loss": 14.173116947174073, "actor_loss": -165.3789649658203, "alpha_loss": -0.008210860629566014, "alpha_value": 0.051085916817188264, "duration": 89.58558893203735, "step": 68500}
{"episode_reward": 593.1888520247002, "episode": 275.0, "batch_reward": 1.4686280031204224, "critic_loss": 14.265084934234618, "actor_loss": -165.880482421875, "alpha_loss": -0.014708370255306363, "alpha_value": 0.05147256541252136, "duration": 90.94830012321472, "step": 68750}
{"episode_reward": 592.6343728166476, "episode": 276.0, "batch_reward": 1.4635591797828675, "critic_loss": 14.584455577850342, "actor_loss": -166.04023718261718, "alpha_loss": -0.019810426138341428, "alpha_value": 0.05194846513867378, "duration": 91.0277316570282, "step": 69000}
{"episode_reward": 382.4640470153603, "episode": 277.0, "batch_reward": 1.482908580303192, "critic_loss": 14.724470809936523, "actor_loss": -166.53060949707032, "alpha_loss": -0.009119995643384754, "alpha_value": 0.05229477110505104, "duration": 90.71078062057495, "step": 69250}
{"episode_reward": 563.3054535006879, "episode": 278.0, "batch_reward": 1.4583697052001954, "critic_loss": 13.953986660003663, "actor_loss": -166.83620458984376, "alpha_loss": 0.00203426961787045, "alpha_value": 0.052399645924568174, "duration": 90.99039053916931, "step": 69500}
{"episode_reward": 563.9389323337231, "episode": 279.0, "batch_reward": 1.4773943095207214, "critic_loss": 13.819315568923951, "actor_loss": -167.14921069335938, "alpha_loss": -0.0028623269312083722, "alpha_value": 0.05240650278329849, "duration": 90.42129826545715, "step": 69750}
{"episode_reward": 613.6948636963461, "episode": 280.0, "batch_reward": 1.4795875229835511, "critic_loss": 13.391940196990967, "actor_loss": -167.6149295654297, "alpha_loss": 0.0017378770411014557, "alpha_value": 0.05243438464403152, "duration": 88.92058992385864, "step": 70000}
{"episode_reward": 586.4260702171966, "episode": 281.0, "batch_reward": 1.4907271003723144, "critic_loss": 13.739581188201905, "actor_loss": -168.1818916015625, "alpha_loss": 0.001308078909292817, "alpha_value": 0.052372589617967605, "duration": 108.56016206741333, "step": 70250}
{"episode_reward": 596.8217182717752, "episode": 282.0, "batch_reward": 1.493050509929657, "critic_loss": 13.789793792724609, "actor_loss": -168.23189794921876, "alpha_loss": 0.009510348740965128, "alpha_value": 0.05214217233657837, "duration": 90.12913513183594, "step": 70500}
{"episode_reward": 500.4433799807737, "episode": 283.0, "batch_reward": 1.4926856422424317, "critic_loss": 14.196968736648559, "actor_loss": -168.5622138671875, "alpha_loss": -0.00232302706502378, "alpha_value": 0.05217308908700943, "duration": 90.38749074935913, "step": 70750}
{"episode_reward": 661.5607181088599, "episode": 284.0, "batch_reward": 1.4906600165367125, "critic_loss": 14.029009845733643, "actor_loss": -168.99158764648436, "alpha_loss": -0.0006775652095675469, "alpha_value": 0.052158462405204775, "duration": 90.0373055934906, "step": 71000}
{"episode_reward": 582.9594794231404, "episode": 285.0, "batch_reward": 1.5029596486091614, "critic_loss": 14.017308868408204, "actor_loss": -169.27526782226562, "alpha_loss": 0.003518267335370183, "alpha_value": 0.05219812396168709, "duration": 90.57453393936157, "step": 71250}
{"episode_reward": 561.890261718519, "episode": 286.0, "batch_reward": 1.519614520072937, "critic_loss": 14.202550796508788, "actor_loss": -169.6500877685547, "alpha_loss": 0.009815650122240185, "alpha_value": 0.05193870434165001, "duration": 90.197105884552, "step": 71500}
{"episode_reward": 460.1532442501716, "episode": 287.0, "batch_reward": 1.5066980872154236, "critic_loss": 14.446033000946045, "actor_loss": -169.88075634765624, "alpha_loss": 0.0005260010622441768, "alpha_value": 0.05178668987751007, "duration": 90.6821141242981, "step": 71750}
{"episode_reward": 612.3893083513709, "episode": 288.0, "batch_reward": 1.5025847544670106, "critic_loss": 14.651124931335449, "actor_loss": -170.15103002929686, "alpha_loss": -0.004823604459874332, "alpha_value": 0.05191954302787781, "duration": 90.98723125457764, "step": 72000}
{"episode_reward": 608.5311729700048, "episode": 289.0, "batch_reward": 1.5075395965576173, "critic_loss": 14.963023071289063, "actor_loss": -170.649759765625, "alpha_loss": -0.008033575419336558, "alpha_value": 0.052097703248262406, "duration": 90.1688802242279, "step": 72250}
{"episode_reward": 628.8526286995996, "episode": 290.0, "batch_reward": 1.5194244527816771, "critic_loss": 14.91016321182251, "actor_loss": -171.02553576660156, "alpha_loss": 0.0012133666612207889, "alpha_value": 0.05211078542470932, "duration": 89.75531458854675, "step": 72500}
{"episode_reward": 531.1186053671411, "episode": 291.0, "batch_reward": 1.526657009601593, "critic_loss": 14.099425804138184, "actor_loss": -171.282271484375, "alpha_loss": -0.0044338147137314085, "alpha_value": 0.05217925453186035, "duration": 90.55338311195374, "step": 72750}
{"episode_reward": 553.677271394399, "episode": 292.0, "batch_reward": 1.5256763224601746, "critic_loss": 15.195780921936036, "actor_loss": -171.60930712890624, "alpha_loss": -0.00749178341217339, "alpha_value": 0.05230702984333038, "duration": 90.32689642906189, "step": 73000}
{"episode_reward": 583.0394399327583, "episode": 293.0, "batch_reward": 1.5250657830238343, "critic_loss": 15.206469875335694, "actor_loss": -172.04005017089844, "alpha_loss": -0.014427710134536028, "alpha_value": 0.052587487667799, "duration": 90.37672567367554, "step": 73250}
{"episode_reward": 567.8557422720435, "episode": 294.0, "batch_reward": 1.5281094784736633, "critic_loss": 14.83871227645874, "actor_loss": -172.3585048828125, "alpha_loss": -0.0030215820483863354, "alpha_value": 0.052960758119821545, "duration": 89.78898477554321, "step": 73500}
{"episode_reward": 557.9158875486692, "episode": 295.0, "batch_reward": 1.5291289649009705, "critic_loss": 14.633266883850098, "actor_loss": -172.65241906738282, "alpha_loss": 0.006115770822390914, "alpha_value": 0.052811285346746444, "duration": 88.89238572120667, "step": 73750}
{"episode_reward": 532.651334262541, "episode": 296.0, "batch_reward": 1.5257944645881654, "critic_loss": 14.694137893676757, "actor_loss": -173.00163049316407, "alpha_loss": 0.0005820810915902257, "alpha_value": 0.052829433679580685, "duration": 88.59413695335388, "step": 74000}
{"episode_reward": 504.34160738120323, "episode": 297.0, "batch_reward": 1.5211588821411133, "critic_loss": 13.71639302444458, "actor_loss": -173.46598400878906, "alpha_loss": -0.0008341839965432883, "alpha_value": 0.052788284540176394, "duration": 89.72432494163513, "step": 74250}
{"episode_reward": 601.501936708727, "episode": 298.0, "batch_reward": 1.5293184690475463, "critic_loss": 13.805107414245606, "actor_loss": -173.71597839355468, "alpha_loss": 0.005021172782406211, "alpha_value": 0.052691119372844694, "duration": 89.9726312160492, "step": 74500}
{"episode_reward": 615.1512403161039, "episode": 299.0, "batch_reward": 1.5334560751914978, "critic_loss": 13.828953533172607, "actor_loss": -174.04210485839843, "alpha_loss": 0.007991621581837536, "alpha_value": 0.052565091371536254, "duration": 89.61542344093323, "step": 74750}
{"episode_reward": 594.0029991323175, "episode": 300.0, "batch_reward": 1.5404256076812743, "critic_loss": 13.610646621704102, "actor_loss": -174.3073193359375, "alpha_loss": 0.007368941018357873, "alpha_value": 0.052291578263044355, "duration": 90.90686297416687, "step": 75000}
