{"episode_reward": 0.0, "episode": 1.0, "duration": 18.203370571136475, "step": 250}
{"episode_reward": 47.65148410461823, "episode": 2.0, "duration": 0.9237756729125977, "step": 500}
{"episode_reward": 34.98053136978236, "episode": 3.0, "duration": 0.9329283237457275, "step": 750}
{"episode_reward": 39.5108901325279, "episode": 4.0, "duration": 0.9184083938598633, "step": 1000}
{"episode_reward": 92.75449269179664, "episode": 5.0, "batch_reward": 0.21682167030554758, "critic_loss": 0.3224007557627198, "actor_loss": -3.271726500448436, "alpha_loss": 0.9319055970771457, "alpha_value": 0.0946547426150787, "duration": 414.60904026031494, "step": 1250}
{"episode_reward": 76.57721567207052, "episode": 6.0, "batch_reward": 0.23361360025405883, "critic_loss": 0.814168759226799, "actor_loss": -5.809184089660644, "alpha_loss": 0.8533699440956116, "alpha_value": 0.08911829942464829, "duration": 84.16194438934326, "step": 1500}
{"episode_reward": 73.52655120494703, "episode": 7.0, "batch_reward": 0.24851492875814438, "critic_loss": 0.8002153636813164, "actor_loss": -6.264329593658447, "alpha_loss": 0.8411865091323852, "alpha_value": 0.08809349370002746, "duration": 83.95519995689392, "step": 1750}
{"episode_reward": 70.68730508484886, "episode": 8.0, "batch_reward": 0.25621321141719816, "critic_loss": 0.6438251408934593, "actor_loss": -6.672919998168945, "alpha_loss": 0.836788353919983, "alpha_value": 0.08707605040073395, "duration": 84.04193687438965, "step": 2000}
{"episode_reward": 81.68231845550604, "episode": 9.0, "batch_reward": 0.2618957227468491, "critic_loss": 0.5704639177918435, "actor_loss": -7.190943962097168, "alpha_loss": 0.8228830137252807, "alpha_value": 0.08606852275133133, "duration": 84.22226333618164, "step": 2250}
{"episode_reward": 53.29648335833416, "episode": 10.0, "batch_reward": 0.25343893653154376, "critic_loss": 0.7336285370588302, "actor_loss": -7.6875830078125, "alpha_loss": 0.8056599397659302, "alpha_value": 0.08508187454938888, "duration": 83.95479655265808, "step": 2500}
{"episode_reward": 72.6021100895674, "episode": 11.0, "batch_reward": 0.25377766966819765, "critic_loss": 0.8076440817117692, "actor_loss": -8.175498474121094, "alpha_loss": 0.7862809867858886, "alpha_value": 0.08411745095252991, "duration": 84.03963136672974, "step": 2750}
{"episode_reward": 67.4051511999096, "episode": 12.0, "batch_reward": 0.27287741458415987, "critic_loss": 0.8157744300365448, "actor_loss": -8.771588584899902, "alpha_loss": 0.764430730342865, "alpha_value": 0.08317637807130814, "duration": 84.04229283332825, "step": 3000}
{"episode_reward": 105.54183487963522, "episode": 13.0, "batch_reward": 0.27097300481796266, "critic_loss": 0.9098250638246537, "actor_loss": -9.28835511779785, "alpha_loss": 0.7499756407737732, "alpha_value": 0.08225231438875198, "duration": 84.03329968452454, "step": 3250}
{"episode_reward": 53.94513839762477, "episode": 14.0, "batch_reward": 0.2696185181736946, "critic_loss": 0.9380919562578202, "actor_loss": -9.77292877960205, "alpha_loss": 0.7344576411247253, "alpha_value": 0.0813455011844635, "duration": 84.26932835578918, "step": 3500}
{"episode_reward": 74.29324176794675, "episode": 15.0, "batch_reward": 0.26733835726976396, "critic_loss": 0.9481466501951218, "actor_loss": -10.289612174987793, "alpha_loss": 0.7218915905952453, "alpha_value": 0.08045115000009537, "duration": 83.98258352279663, "step": 3750}
{"episode_reward": 74.44486678635218, "episode": 16.0, "batch_reward": 0.27156292569637297, "critic_loss": 0.99628981757164, "actor_loss": -10.820939750671387, "alpha_loss": 0.7103086190223694, "alpha_value": 0.07956668800115585, "duration": 83.98917245864868, "step": 4000}
{"episode_reward": 60.93348126995974, "episode": 17.0, "batch_reward": 0.27081074512004855, "critic_loss": 1.0585133694410325, "actor_loss": -11.308438537597656, "alpha_loss": 0.6964517316818237, "alpha_value": 0.07869872027635574, "duration": 83.91040420532227, "step": 4250}
{"episode_reward": 53.85070726839321, "episode": 18.0, "batch_reward": 0.2666260897517204, "critic_loss": 1.0485362268686294, "actor_loss": -11.758028503417968, "alpha_loss": 0.6859869494438171, "alpha_value": 0.07783736008405685, "duration": 83.8313672542572, "step": 4500}
{"episode_reward": 109.94139771995756, "episode": 19.0, "batch_reward": 0.279383721113205, "critic_loss": 1.285500804424286, "actor_loss": -12.282327209472657, "alpha_loss": 0.6768940672874451, "alpha_value": 0.07698459041118622, "duration": 83.75516366958618, "step": 4750}
{"episode_reward": 89.98837856959464, "episode": 20.0, "batch_reward": 0.28137679082155226, "critic_loss": 1.3376271461248397, "actor_loss": -12.705764015197754, "alpha_loss": 0.650860490322113, "alpha_value": 0.07615130805969238, "duration": 83.78026413917542, "step": 5000}
{"episode_reward": 66.27996801066149, "episode": 21.0, "batch_reward": 0.29019866764545443, "critic_loss": 1.2195945407152176, "actor_loss": -13.143042251586914, "alpha_loss": 0.6506287136077881, "alpha_value": 0.07533142632246018, "duration": 83.57497024536133, "step": 5250}
{"episode_reward": 124.27911709558154, "episode": 22.0, "batch_reward": 0.29060539650917055, "critic_loss": 1.3388320533037186, "actor_loss": -13.63247625732422, "alpha_loss": 0.6310676412582398, "alpha_value": 0.07451628226041794, "duration": 83.5921425819397, "step": 5500}
{"episode_reward": 78.21576164772678, "episode": 23.0, "batch_reward": 0.28949359685182574, "critic_loss": 1.28061123752594, "actor_loss": -14.112867866516114, "alpha_loss": 0.6194085893630982, "alpha_value": 0.07372082704305649, "duration": 84.11464023590088, "step": 5750}
{"episode_reward": 52.32863292435766, "episode": 24.0, "batch_reward": 0.28726994162797925, "critic_loss": 1.4588156342506409, "actor_loss": -14.55391911315918, "alpha_loss": 0.6192306265830994, "alpha_value": 0.07292804384231567, "duration": 84.27586030960083, "step": 6000}
{"episode_reward": 118.22170103747332, "episode": 25.0, "batch_reward": 0.30025218552350996, "critic_loss": 1.7391630771160125, "actor_loss": -15.008465591430664, "alpha_loss": 0.6018206386566162, "alpha_value": 0.07213885647058486, "duration": 84.54433560371399, "step": 6250}
{"episode_reward": 147.84358240874445, "episode": 26.0, "batch_reward": 0.3063244807124138, "critic_loss": 1.6930133845806121, "actor_loss": -15.521868431091308, "alpha_loss": 0.5866208906173707, "alpha_value": 0.07136960083246231, "duration": 84.54447817802429, "step": 6500}
{"episode_reward": 77.07089052760898, "episode": 27.0, "batch_reward": 0.3142860800623894, "critic_loss": 2.0102053482532503, "actor_loss": -16.002058906555177, "alpha_loss": 0.565547640800476, "alpha_value": 0.07061797857284546, "duration": 84.39997982978821, "step": 6750}
{"episode_reward": 139.77639476728368, "episode": 28.0, "batch_reward": 0.3253897380232811, "critic_loss": 2.040425132036209, "actor_loss": -16.519598640441895, "alpha_loss": 0.5496314752101898, "alpha_value": 0.06988339114189147, "duration": 84.19236731529236, "step": 7000}
{"episode_reward": 157.51256861791958, "episode": 29.0, "batch_reward": 0.3304542025923729, "critic_loss": 2.09100168967247, "actor_loss": -17.030946670532227, "alpha_loss": 0.5503118515014649, "alpha_value": 0.06915354990959167, "duration": 84.0969123840332, "step": 7250}
{"episode_reward": 176.28775267219825, "episode": 30.0, "batch_reward": 0.34518633979558944, "critic_loss": 2.4620187458992002, "actor_loss": -17.543606414794922, "alpha_loss": 0.5355496656894684, "alpha_value": 0.06842781347036361, "duration": 84.1694540977478, "step": 7500}
{"episode_reward": 140.54570552567608, "episode": 31.0, "batch_reward": 0.34354302716255186, "critic_loss": 2.2995200991630553, "actor_loss": -18.033147354125976, "alpha_loss": 0.5081971786022186, "alpha_value": 0.06772479391098023, "duration": 84.24353575706482, "step": 7750}
{"episode_reward": 112.97738324925217, "episode": 32.0, "batch_reward": 0.35423026740550995, "critic_loss": 2.6143614881038664, "actor_loss": -18.553189666748047, "alpha_loss": 0.49128387475013735, "alpha_value": 0.06703994423151016, "duration": 84.16317820549011, "step": 8000}
{"episode_reward": 112.06502405013677, "episode": 33.0, "batch_reward": 0.355016580581665, "critic_loss": 2.6330910232067106, "actor_loss": -18.96353593444824, "alpha_loss": 0.4886527714729309, "alpha_value": 0.06636480134725571, "duration": 84.19119238853455, "step": 8250}
{"episode_reward": 105.7179071231686, "episode": 34.0, "batch_reward": 0.35595683979988096, "critic_loss": 2.642508905887604, "actor_loss": -19.47929772949219, "alpha_loss": 0.4853691823482513, "alpha_value": 0.06568658399581909, "duration": 84.06436204910278, "step": 8500}
{"episode_reward": 114.2590095763155, "episode": 35.0, "batch_reward": 0.3566281678080559, "critic_loss": 2.6087630791664123, "actor_loss": -19.928234146118164, "alpha_loss": 0.4744847476482391, "alpha_value": 0.0650099087357521, "duration": 84.22815871238708, "step": 8750}
{"episode_reward": 137.9290655465982, "episode": 36.0, "batch_reward": 0.3697029519081116, "critic_loss": 2.4499988467693328, "actor_loss": -20.375139404296874, "alpha_loss": 0.47044699716567995, "alpha_value": 0.06433994233608246, "duration": 84.02065753936768, "step": 9000}
{"episode_reward": 99.71228622819908, "episode": 37.0, "batch_reward": 0.3711621136665344, "critic_loss": 2.496573597431183, "actor_loss": -20.861591751098633, "alpha_loss": 0.45739827132225036, "alpha_value": 0.06367722064256669, "duration": 84.11249828338623, "step": 9250}
{"episode_reward": 192.296133039623, "episode": 38.0, "batch_reward": 0.3819012231826782, "critic_loss": 2.669039445877075, "actor_loss": -21.349854873657225, "alpha_loss": 0.4510558362007141, "alpha_value": 0.06301702475547791, "duration": 84.19514775276184, "step": 9500}
{"episode_reward": 228.19133150681012, "episode": 39.0, "batch_reward": 0.39364182424545285, "critic_loss": 2.799813835144043, "actor_loss": -21.8714647064209, "alpha_loss": 0.4305621790885925, "alpha_value": 0.06237168511748314, "duration": 84.31997895240784, "step": 9750}
{"episode_reward": 213.81149260081358, "episode": 40.0, "batch_reward": 0.41146013820171357, "critic_loss": 3.105629874229431, "actor_loss": -22.372039764404295, "alpha_loss": 0.4232316455841064, "alpha_value": 0.06174186083674431, "duration": 84.27546048164368, "step": 10000}
{"episode_reward": 242.89284856939142, "episode": 41.0, "batch_reward": 0.4172035372257233, "critic_loss": 3.2357413501739503, "actor_loss": -23.009206512451172, "alpha_loss": 0.39765674066543577, "alpha_value": 0.061125194549560544, "duration": 100.07820272445679, "step": 10250}
{"episode_reward": 179.68222831021646, "episode": 42.0, "batch_reward": 0.43025364315509795, "critic_loss": 3.2629281492233275, "actor_loss": -23.59396566772461, "alpha_loss": 0.38799573373794555, "alpha_value": 0.060532203912734985, "duration": 84.02260565757751, "step": 10500}
{"episode_reward": 246.13491657647117, "episode": 43.0, "batch_reward": 0.4471986675262451, "critic_loss": 3.6043093137741087, "actor_loss": -24.16380320739746, "alpha_loss": 0.3629638636112213, "alpha_value": 0.059952897936105726, "duration": 83.98635363578796, "step": 10750}
{"episode_reward": 223.67915091550785, "episode": 44.0, "batch_reward": 0.45155440855026246, "critic_loss": 3.7884600019454955, "actor_loss": -24.659780075073243, "alpha_loss": 0.35004488229751585, "alpha_value": 0.05939849257469177, "duration": 83.96360850334167, "step": 11000}
{"episode_reward": 183.4143179296898, "episode": 45.0, "batch_reward": 0.4574515286684036, "critic_loss": 3.7883517189025877, "actor_loss": -25.276171768188476, "alpha_loss": 0.33563309741020203, "alpha_value": 0.05885253331065178, "duration": 84.20982503890991, "step": 11250}
{"episode_reward": 157.5942856862939, "episode": 46.0, "batch_reward": 0.46501845788955687, "critic_loss": 3.9741720571517942, "actor_loss": -25.93730926513672, "alpha_loss": 0.3216795904636383, "alpha_value": 0.05831758055090904, "duration": 84.72747874259949, "step": 11500}
{"episode_reward": 275.34787460679314, "episode": 47.0, "batch_reward": 0.478068065404892, "critic_loss": 4.101264585494995, "actor_loss": -26.53550521850586, "alpha_loss": 0.3015011349916458, "alpha_value": 0.05779953870177269, "duration": 84.78484344482422, "step": 11750}
{"episode_reward": 214.21420509791415, "episode": 48.0, "batch_reward": 0.489183811545372, "critic_loss": 4.157049368858337, "actor_loss": -27.204895446777343, "alpha_loss": 0.293273086309433, "alpha_value": 0.05729684579372406, "duration": 84.44212484359741, "step": 12000}
{"episode_reward": 204.78758693015874, "episode": 49.0, "batch_reward": 0.4925207288265228, "critic_loss": 4.363946713447571, "actor_loss": -27.74863291931152, "alpha_loss": 0.2801429545879364, "alpha_value": 0.056796328872442244, "duration": 84.36355924606323, "step": 12250}
{"episode_reward": 211.53732010536606, "episode": 50.0, "batch_reward": 0.5043496006727218, "critic_loss": 4.459352149963379, "actor_loss": -28.286188232421875, "alpha_loss": 0.2699102040529251, "alpha_value": 0.05630937784910202, "duration": 84.5585515499115, "step": 12500}
{"episode_reward": 265.870578392003, "episode": 51.0, "batch_reward": 0.5156482763290405, "critic_loss": 4.6913560171127315, "actor_loss": -29.07126953125, "alpha_loss": 0.24881599938869475, "alpha_value": 0.055833639979362484, "duration": 84.59877848625183, "step": 12750}
{"episode_reward": 316.2825852398414, "episode": 52.0, "batch_reward": 0.5324403023719788, "critic_loss": 4.841909029006958, "actor_loss": -29.819139877319337, "alpha_loss": 0.2377816336154938, "alpha_value": 0.0553829856812954, "duration": 84.59669780731201, "step": 13000}
{"episode_reward": 296.0213774297567, "episode": 53.0, "batch_reward": 0.5388866229057312, "critic_loss": 5.075261157989502, "actor_loss": -30.50906053161621, "alpha_loss": 0.2256602132320404, "alpha_value": 0.0549307553768158, "duration": 84.31929063796997, "step": 13250}
{"episode_reward": 194.29580772737555, "episode": 54.0, "batch_reward": 0.5383389368057251, "critic_loss": 4.910181847572327, "actor_loss": -31.145139419555665, "alpha_loss": 0.2287979552745819, "alpha_value": 0.05448123776912689, "duration": 84.250070810318, "step": 13500}
{"episode_reward": 295.001090404192, "episode": 55.0, "batch_reward": 0.556355968594551, "critic_loss": 5.075419851303101, "actor_loss": -31.747104034423828, "alpha_loss": 0.21453888237476348, "alpha_value": 0.05403324794769287, "duration": 84.47028064727783, "step": 13750}
{"episode_reward": 273.21207838751127, "episode": 56.0, "batch_reward": 0.56155007314682, "critic_loss": 5.311812766075135, "actor_loss": -32.58771272277832, "alpha_loss": 0.2016574684381485, "alpha_value": 0.05359835723042488, "duration": 84.04470729827881, "step": 14000}
{"episode_reward": 309.25791728208804, "episode": 57.0, "batch_reward": 0.5781451112031937, "critic_loss": 5.577763756752014, "actor_loss": -33.39270056152344, "alpha_loss": 0.18241211891174317, "alpha_value": 0.053184209078550336, "duration": 83.96673774719238, "step": 14250}
{"episode_reward": 336.1078210906136, "episode": 58.0, "batch_reward": 0.5981897237300873, "critic_loss": 5.752946689605713, "actor_loss": -34.16955807495117, "alpha_loss": 0.1748588085770607, "alpha_value": 0.05279296153783798, "duration": 83.63609385490417, "step": 14500}
{"episode_reward": 341.2874363307426, "episode": 59.0, "batch_reward": 0.60668133020401, "critic_loss": 5.966333029747009, "actor_loss": -35.077112060546874, "alpha_loss": 0.15756635403633118, "alpha_value": 0.05240702024102211, "duration": 84.11809039115906, "step": 14750}
{"episode_reward": 351.2963789707032, "episode": 60.0, "batch_reward": 0.6188277808427811, "critic_loss": 5.974320407867432, "actor_loss": -35.80168572998047, "alpha_loss": 0.1517638663649559, "alpha_value": 0.052032088756561276, "duration": 83.93222427368164, "step": 15000}
{"episode_reward": 323.3978126693738, "episode": 61.0, "batch_reward": 0.6307521648406983, "critic_loss": 6.0305283727645875, "actor_loss": -36.60467544555664, "alpha_loss": 0.1443177269101143, "alpha_value": 0.05167402097582817, "duration": 83.96265649795532, "step": 15250}
{"episode_reward": 369.8507754211757, "episode": 62.0, "batch_reward": 0.6489382964372635, "critic_loss": 6.059689336776733, "actor_loss": -37.62665911865234, "alpha_loss": 0.12304158788919449, "alpha_value": 0.051336844086647036, "duration": 84.21914887428284, "step": 15500}
{"episode_reward": 382.9761240514055, "episode": 63.0, "batch_reward": 0.6637570240497589, "critic_loss": 6.130625994682312, "actor_loss": -38.35078387451172, "alpha_loss": 0.13129758369922637, "alpha_value": 0.050995449304580685, "duration": 84.27729296684265, "step": 15750}
{"episode_reward": 344.1968377543669, "episode": 64.0, "batch_reward": 0.6700853935480118, "critic_loss": 6.407102808952332, "actor_loss": -39.238179656982425, "alpha_loss": 0.12008919125795364, "alpha_value": 0.05064663276076317, "duration": 84.64825463294983, "step": 16000}
{"episode_reward": 288.4296186181135, "episode": 65.0, "batch_reward": 0.6817642109394073, "critic_loss": 6.442214426994323, "actor_loss": -40.11900302124023, "alpha_loss": 0.10617135739326478, "alpha_value": 0.05032918736338615, "duration": 84.46200323104858, "step": 16250}
{"episode_reward": 301.3422986894726, "episode": 66.0, "batch_reward": 0.6907963321208954, "critic_loss": 6.557754917144775, "actor_loss": -41.024222900390626, "alpha_loss": 0.10367101657390594, "alpha_value": 0.05001424872875214, "duration": 84.28754830360413, "step": 16500}
{"episode_reward": 392.4193810791445, "episode": 67.0, "batch_reward": 0.7043027696609497, "critic_loss": 6.6893203105926515, "actor_loss": -42.10416738891602, "alpha_loss": 0.08222852976620197, "alpha_value": 0.049729585766792296, "duration": 84.3120629787445, "step": 16750}
{"episode_reward": 480.2726848207386, "episode": 68.0, "batch_reward": 0.72062491106987, "critic_loss": 6.954363683700562, "actor_loss": -43.08046453857422, "alpha_loss": 0.06613397753238678, "alpha_value": 0.0494838025867939, "duration": 84.31948351860046, "step": 17000}
{"episode_reward": 416.93579762240955, "episode": 69.0, "batch_reward": 0.7382980177402496, "critic_loss": 7.1656845207214355, "actor_loss": -44.14271951293945, "alpha_loss": 0.06287869030982256, "alpha_value": 0.049260681837797166, "duration": 84.56406378746033, "step": 17250}
{"episode_reward": 399.67726493333186, "episode": 70.0, "batch_reward": 0.7375215039253235, "critic_loss": 7.003734464645386, "actor_loss": -44.91651156616211, "alpha_loss": 0.05403076335787773, "alpha_value": 0.049060452878475186, "duration": 84.62525177001953, "step": 17500}
{"episode_reward": 380.5849544122985, "episode": 71.0, "batch_reward": 0.7549860422611236, "critic_loss": 7.280256610870361, "actor_loss": -45.87325738525391, "alpha_loss": 0.053050394605845215, "alpha_value": 0.04885484954714775, "duration": 84.56086754798889, "step": 17750}
{"episode_reward": 401.19646287197185, "episode": 72.0, "batch_reward": 0.7658518478870392, "critic_loss": 7.266113050460816, "actor_loss": -46.93325076293945, "alpha_loss": 0.04600255854055285, "alpha_value": 0.04864700198173523, "duration": 84.47826290130615, "step": 18000}
{"episode_reward": 405.8009113626055, "episode": 73.0, "batch_reward": 0.7840789713859558, "critic_loss": 7.483776115417481, "actor_loss": -48.03628100585937, "alpha_loss": 0.040371920958161354, "alpha_value": 0.04849153408408165, "duration": 84.40442967414856, "step": 18250}
{"episode_reward": 435.34100598992285, "episode": 74.0, "batch_reward": 0.7926855244636536, "critic_loss": 7.453867509841919, "actor_loss": -49.02875802612305, "alpha_loss": 0.03279696138948202, "alpha_value": 0.04831479507684708, "duration": 84.27172541618347, "step": 18500}
{"episode_reward": 436.43728075179, "episode": 75.0, "batch_reward": 0.8109335262775421, "critic_loss": 7.518395641326904, "actor_loss": -50.07431771850586, "alpha_loss": 0.026920263949781656, "alpha_value": 0.04818540504574776, "duration": 84.31472826004028, "step": 18750}
{"episode_reward": 426.1134525247838, "episode": 76.0, "batch_reward": 0.8036166362762451, "critic_loss": 7.591176691055298, "actor_loss": -51.11720889282226, "alpha_loss": 0.01577795793302357, "alpha_value": 0.04806552022695541, "duration": 84.5134506225586, "step": 19000}
{"episode_reward": 433.1593230728442, "episode": 77.0, "batch_reward": 0.8337715694904327, "critic_loss": 7.863519727706909, "actor_loss": -52.140317016601564, "alpha_loss": 0.013863681048154832, "alpha_value": 0.047999642074108125, "duration": 84.42349886894226, "step": 19250}
{"episode_reward": 369.3591336269355, "episode": 78.0, "batch_reward": 0.8293394503593445, "critic_loss": 8.038797901153565, "actor_loss": -53.07626113891602, "alpha_loss": 0.012653868198394775, "alpha_value": 0.0479342391192913, "duration": 84.53092002868652, "step": 19500}
{"episode_reward": 415.443383473178, "episode": 79.0, "batch_reward": 0.8434647481441497, "critic_loss": 8.070835388183594, "actor_loss": -54.1555537109375, "alpha_loss": 0.0054685061760246755, "alpha_value": 0.047870879143476486, "duration": 84.35075068473816, "step": 19750}
{"episode_reward": 387.75335247400176, "episode": 80.0, "batch_reward": 0.8634200949668884, "critic_loss": 8.102423021316529, "actor_loss": -55.308139526367185, "alpha_loss": 0.0027755923606455324, "alpha_value": 0.04784868377447128, "duration": 84.23394203186035, "step": 20000}
{"episode_reward": 478.42841083180366, "episode": 81.0, "batch_reward": 0.865151834487915, "critic_loss": 8.208566062927247, "actor_loss": -56.22180773925781, "alpha_loss": 0.0009326175190508366, "alpha_value": 0.04784508344531059, "duration": 100.62029218673706, "step": 20250}
{"episode_reward": 342.9147759892173, "episode": 82.0, "batch_reward": 0.8635501194000245, "critic_loss": 8.147558948516846, "actor_loss": -57.11996179199219, "alpha_loss": -0.0028987316992133854, "alpha_value": 0.04784534987807274, "duration": 84.03842163085938, "step": 20500}
{"episode_reward": 241.2747063742659, "episode": 83.0, "batch_reward": 0.8705899415016174, "critic_loss": 8.307778339385987, "actor_loss": -58.14256036376953, "alpha_loss": -0.00020807736739516259, "alpha_value": 0.04786638757586479, "duration": 84.19467568397522, "step": 20750}
{"episode_reward": 399.78528176571814, "episode": 84.0, "batch_reward": 0.8835913136005401, "critic_loss": 8.44404100036621, "actor_loss": -59.190556457519534, "alpha_loss": -0.00533553412836045, "alpha_value": 0.04787320825457573, "duration": 84.07179284095764, "step": 21000}
{"episode_reward": 394.2695170946853, "episode": 85.0, "batch_reward": 0.893580365896225, "critic_loss": 8.6466440448761, "actor_loss": -60.17346133422851, "alpha_loss": -0.009564324436709284, "alpha_value": 0.047934620201587674, "duration": 84.22132778167725, "step": 21250}
{"episode_reward": 402.136482695453, "episode": 86.0, "batch_reward": 0.8977704775333405, "critic_loss": 8.38009547996521, "actor_loss": -61.022334289550784, "alpha_loss": -0.001118375774472952, "alpha_value": 0.047980026841163634, "duration": 84.01820993423462, "step": 21500}
{"episode_reward": 378.64769670120404, "episode": 87.0, "batch_reward": 0.9171711614131928, "critic_loss": 8.72046488571167, "actor_loss": -62.080516571044924, "alpha_loss": -0.0111335813049227, "alpha_value": 0.048035935163497925, "duration": 84.35941410064697, "step": 21750}
{"episode_reward": 427.59050339122786, "episode": 88.0, "batch_reward": 0.9091386005878449, "critic_loss": 8.707862451553344, "actor_loss": -62.97435739135742, "alpha_loss": -0.0048729995060712095, "alpha_value": 0.0481257875263691, "duration": 84.73934483528137, "step": 22000}
{"episode_reward": 502.6056899065271, "episode": 89.0, "batch_reward": 0.9348087885379791, "critic_loss": 8.69601040840149, "actor_loss": -64.0473822631836, "alpha_loss": -0.00638664023950696, "alpha_value": 0.04817547020316124, "duration": 84.51134181022644, "step": 22250}
{"episode_reward": 427.01658934825457, "episode": 90.0, "batch_reward": 0.9415528225898743, "critic_loss": 8.795469442367553, "actor_loss": -64.87280758666992, "alpha_loss": -0.016560978315770625, "alpha_value": 0.048319382071495054, "duration": 84.65499377250671, "step": 22500}
{"episode_reward": 339.3979098180066, "episode": 91.0, "batch_reward": 0.9540158972740174, "critic_loss": 8.93203955078125, "actor_loss": -65.95954516601563, "alpha_loss": -0.01089946521818638, "alpha_value": 0.04846855989098549, "duration": 84.35211730003357, "step": 22750}
{"episode_reward": 493.9389610657353, "episode": 92.0, "batch_reward": 0.9448704967498779, "critic_loss": 9.051155132293701, "actor_loss": -66.74006256103516, "alpha_loss": -0.009524322556331753, "alpha_value": 0.04860839200019836, "duration": 84.28841090202332, "step": 23000}
{"episode_reward": 474.02677970664354, "episode": 93.0, "batch_reward": 0.9573093457221985, "critic_loss": 9.401753183364868, "actor_loss": -67.8110737915039, "alpha_loss": -0.012552470250055193, "alpha_value": 0.04874065992236137, "duration": 84.37188172340393, "step": 23250}
{"episode_reward": 340.9633755075586, "episode": 94.0, "batch_reward": 0.9650182282924652, "critic_loss": 9.427413215637207, "actor_loss": -68.66128393554688, "alpha_loss": -0.013753964439034462, "alpha_value": 0.04889679515361786, "duration": 84.02799224853516, "step": 23500}
{"episode_reward": 379.06010364921883, "episode": 95.0, "batch_reward": 0.9861865179538727, "critic_loss": 9.248809343338012, "actor_loss": -69.56377368164063, "alpha_loss": -0.011421947130933405, "alpha_value": 0.04910039678215981, "duration": 84.27095699310303, "step": 23750}
{"episode_reward": 406.1616875887913, "episode": 96.0, "batch_reward": 0.9829143350124359, "critic_loss": 9.42376767539978, "actor_loss": -70.43806384277343, "alpha_loss": -0.012701114062219859, "alpha_value": 0.04927627718448639, "duration": 83.51966595649719, "step": 24000}
{"episode_reward": 402.81343539654347, "episode": 97.0, "batch_reward": 0.9823010911941529, "critic_loss": 9.466878561019897, "actor_loss": -71.46390356445312, "alpha_loss": -0.002735948944464326, "alpha_value": 0.049378993958234786, "duration": 84.04080390930176, "step": 24250}
{"episode_reward": 331.0703496370281, "episode": 98.0, "batch_reward": 0.9996475751399994, "critic_loss": 9.582563980102538, "actor_loss": -72.29085107421875, "alpha_loss": -0.011146328380331397, "alpha_value": 0.04951616814732552, "duration": 83.96741056442261, "step": 24500}
{"episode_reward": 471.6792863095009, "episode": 99.0, "batch_reward": 0.9995680780410766, "critic_loss": 10.279641521453858, "actor_loss": -73.09436987304687, "alpha_loss": -0.007895827325060964, "alpha_value": 0.04966453552246094, "duration": 84.15190029144287, "step": 24750}
{"episode_reward": 409.4173649337123, "episode": 100.0, "batch_reward": 1.0170400032997131, "critic_loss": 10.409938884735107, "actor_loss": -73.89866485595704, "alpha_loss": -0.015788285221904515, "alpha_value": 0.049893712282180785, "duration": 84.46930074691772, "step": 25000}
{"episode_reward": 495.3516015608714, "episode": 101.0, "batch_reward": 1.0155452811717987, "critic_loss": 10.213545265197753, "actor_loss": -74.70524249267578, "alpha_loss": -0.004547702418640256, "alpha_value": 0.05005074906349182, "duration": 84.2623085975647, "step": 25250}
{"episode_reward": 408.17318042504684, "episode": 102.0, "batch_reward": 1.0284766335487365, "critic_loss": 10.350660432815552, "actor_loss": -75.71609246826172, "alpha_loss": -0.013202916355803609, "alpha_value": 0.05021478089690208, "duration": 84.2569694519043, "step": 25500}
{"episode_reward": 530.3145441020134, "episode": 103.0, "batch_reward": 1.0339559886455536, "critic_loss": 10.8050995388031, "actor_loss": -76.46611853027343, "alpha_loss": -0.02050429063476622, "alpha_value": 0.05049179539084434, "duration": 84.65616536140442, "step": 25750}
{"episode_reward": 543.1775932343123, "episode": 104.0, "batch_reward": 1.0346615862846376, "critic_loss": 10.928090635299682, "actor_loss": -77.35904577636718, "alpha_loss": -0.014778987310826778, "alpha_value": 0.050912027806043626, "duration": 84.44004321098328, "step": 26000}
{"episode_reward": 343.17839350736864, "episode": 105.0, "batch_reward": 1.0496577773094178, "critic_loss": 10.822250902175904, "actor_loss": -78.16904846191406, "alpha_loss": -0.009498182276263834, "alpha_value": 0.051059785336256026, "duration": 84.4241271018982, "step": 26250}
{"episode_reward": 470.01237720851725, "episode": 106.0, "batch_reward": 1.0501849555969238, "critic_loss": 11.174314464569091, "actor_loss": -79.01898565673828, "alpha_loss": -0.013155982535332442, "alpha_value": 0.05137532702088356, "duration": 84.5077691078186, "step": 26500}
{"episode_reward": 532.409121578317, "episode": 107.0, "batch_reward": 1.069513787508011, "critic_loss": 10.938003965377808, "actor_loss": -79.88304400634766, "alpha_loss": -0.009812268868088721, "alpha_value": 0.05156811720132828, "duration": 84.74893617630005, "step": 26750}
{"episode_reward": 484.3326242744064, "episode": 108.0, "batch_reward": 1.079470086812973, "critic_loss": 11.201838554382324, "actor_loss": -80.6298950805664, "alpha_loss": -0.010403869362547993, "alpha_value": 0.051781506508588794, "duration": 84.12188124656677, "step": 27000}
{"episode_reward": 454.45029289651126, "episode": 109.0, "batch_reward": 1.0784071924686431, "critic_loss": 11.567503896713257, "actor_loss": -81.50323455810548, "alpha_loss": -0.01196802314184606, "alpha_value": 0.05203686529397965, "duration": 84.27871942520142, "step": 27250}
{"episode_reward": 516.9212508510352, "episode": 110.0, "batch_reward": 1.0832990503311157, "critic_loss": 11.499317321777344, "actor_loss": -82.43133099365234, "alpha_loss": -0.01507705856859684, "alpha_value": 0.05233955332636833, "duration": 84.4219708442688, "step": 27500}
{"episode_reward": 389.5837343331897, "episode": 111.0, "batch_reward": 1.1079311232566833, "critic_loss": 11.28331720161438, "actor_loss": -83.44980700683594, "alpha_loss": -0.011199473006650805, "alpha_value": 0.052659152537584304, "duration": 84.39835929870605, "step": 27750}
{"episode_reward": 480.10551099468444, "episode": 112.0, "batch_reward": 1.1114949240684509, "critic_loss": 11.179132860183715, "actor_loss": -84.25538861083984, "alpha_loss": -0.01681762087903917, "alpha_value": 0.05293015077710152, "duration": 84.65792322158813, "step": 28000}
{"episode_reward": 414.94561742081413, "episode": 113.0, "batch_reward": 1.0997087156772614, "critic_loss": 11.43829393005371, "actor_loss": -84.93236444091796, "alpha_loss": -0.009377580942586065, "alpha_value": 0.05326156413555145, "duration": 84.46310329437256, "step": 28250}
{"episode_reward": 479.5046172202915, "episode": 114.0, "batch_reward": 1.1159419116973877, "critic_loss": 11.620702404022216, "actor_loss": -85.72940173339843, "alpha_loss": -0.014531335178762674, "alpha_value": 0.05354252591729164, "duration": 84.4616904258728, "step": 28500}
{"episode_reward": 443.3087068238602, "episode": 115.0, "batch_reward": 1.1139540243148804, "critic_loss": 11.239016204833984, "actor_loss": -86.45858557128906, "alpha_loss": -0.014122205002233386, "alpha_value": 0.0538889776468277, "duration": 84.48524332046509, "step": 28750}
{"episode_reward": 502.5398986233348, "episode": 116.0, "batch_reward": 1.1184774925708771, "critic_loss": 11.133996507644653, "actor_loss": -87.37562579345703, "alpha_loss": -0.011009964362718165, "alpha_value": 0.05419191020727158, "duration": 84.75159192085266, "step": 29000}
{"episode_reward": 537.4228450389593, "episode": 117.0, "batch_reward": 1.152034699678421, "critic_loss": 11.37940598297119, "actor_loss": -88.34044683837891, "alpha_loss": -0.007294299291446805, "alpha_value": 0.054466864943504334, "duration": 84.38659977912903, "step": 29250}
{"episode_reward": 494.2177174841412, "episode": 118.0, "batch_reward": 1.1405268397331239, "critic_loss": 11.4200327835083, "actor_loss": -89.01912255859375, "alpha_loss": -0.011373903657309711, "alpha_value": 0.05470906180143356, "duration": 84.3604199886322, "step": 29500}
{"episode_reward": 462.26437093018643, "episode": 119.0, "batch_reward": 1.1529624485969543, "critic_loss": 11.457748741149903, "actor_loss": -89.82534674072265, "alpha_loss": -0.0033420566422864796, "alpha_value": 0.054886992454528806, "duration": 84.33798027038574, "step": 29750}
{"episode_reward": 576.0696742276359, "episode": 120.0, "batch_reward": 1.1571654312610626, "critic_loss": 11.600020288467407, "actor_loss": -90.46200610351562, "alpha_loss": -0.0015669721905142069, "alpha_value": 0.054904791951179505, "duration": 84.41242933273315, "step": 30000}
{"episode_reward": 424.3300713109108, "episode": 121.0, "batch_reward": 1.1632518041133881, "critic_loss": 11.349598989486694, "actor_loss": -91.36598907470703, "alpha_loss": -0.01300864241272211, "alpha_value": 0.05512495845556259, "duration": 100.26129245758057, "step": 30250}
{"episode_reward": 554.1410193823705, "episode": 122.0, "batch_reward": 1.1705989692211152, "critic_loss": 11.794557569503784, "actor_loss": -92.25026593017579, "alpha_loss": -0.012914237046614289, "alpha_value": 0.05549937900900841, "duration": 83.97126317024231, "step": 30500}
{"episode_reward": 452.05326132720586, "episode": 123.0, "batch_reward": 1.1828655729293822, "critic_loss": 11.490227821350098, "actor_loss": -92.76526928710938, "alpha_loss": -0.0038470452167093756, "alpha_value": 0.05568220156431198, "duration": 83.89945864677429, "step": 30750}
{"episode_reward": 567.66240939647, "episode": 124.0, "batch_reward": 1.1909027676582336, "critic_loss": 11.755084079742431, "actor_loss": -93.57186254882812, "alpha_loss": -0.00873058089800179, "alpha_value": 0.05585845509171486, "duration": 84.19409275054932, "step": 31000}
{"episode_reward": 460.6380645583739, "episode": 125.0, "batch_reward": 1.1855540549755097, "critic_loss": 11.638063385009765, "actor_loss": -94.14088598632813, "alpha_loss": -0.006996465330012143, "alpha_value": 0.056062089890241626, "duration": 84.31537532806396, "step": 31250}
{"episode_reward": 492.2118221248847, "episode": 126.0, "batch_reward": 1.2022292051315309, "critic_loss": 12.144573951721192, "actor_loss": -95.21298931884766, "alpha_loss": -0.008083701744675636, "alpha_value": 0.05626524648070336, "duration": 84.48845267295837, "step": 31500}
{"episode_reward": 420.26388133267045, "episode": 127.0, "batch_reward": 1.1984443814754486, "critic_loss": 12.100046669006348, "actor_loss": -95.94903564453125, "alpha_loss": 0.0006680523138493299, "alpha_value": 0.05642624017596245, "duration": 84.53404426574707, "step": 31750}
{"episode_reward": 475.70771867786544, "episode": 128.0, "batch_reward": 1.2020337953567506, "critic_loss": 12.265453807830811, "actor_loss": -96.70605358886719, "alpha_loss": -0.0023885397370904684, "alpha_value": 0.056428951859474184, "duration": 84.47878003120422, "step": 32000}
{"episode_reward": 443.3552868921079, "episode": 129.0, "batch_reward": 1.208605942964554, "critic_loss": 12.003014419555663, "actor_loss": -97.41821990966797, "alpha_loss": 0.0036341933272778988, "alpha_value": 0.056401239544153214, "duration": 84.62674021720886, "step": 32250}
{"episode_reward": 508.74426959933834, "episode": 130.0, "batch_reward": 1.2315534753799438, "critic_loss": 12.116093845367432, "actor_loss": -98.22632739257813, "alpha_loss": -0.011898561486974359, "alpha_value": 0.05653167697787285, "duration": 84.77080035209656, "step": 32500}
{"episode_reward": 544.284271110094, "episode": 131.0, "batch_reward": 1.232733615398407, "critic_loss": 11.92128374671936, "actor_loss": -99.02588391113281, "alpha_loss": -0.004966532731428742, "alpha_value": 0.05678717535734177, "duration": 84.39579463005066, "step": 32750}
{"episode_reward": 500.82163121671664, "episode": 132.0, "batch_reward": 1.230616096496582, "critic_loss": 12.277582838058471, "actor_loss": -99.72680224609375, "alpha_loss": 0.00028272734675556424, "alpha_value": 0.056825604647398, "duration": 84.55169558525085, "step": 33000}
{"episode_reward": 559.1159975637321, "episode": 133.0, "batch_reward": 1.2434292855262756, "critic_loss": 12.069248907089234, "actor_loss": -100.41343157958984, "alpha_loss": -0.008841564912348986, "alpha_value": 0.056976198375225065, "duration": 84.41434621810913, "step": 33250}
{"episode_reward": 553.4281013885872, "episode": 134.0, "batch_reward": 1.244184484243393, "critic_loss": 11.848675127029418, "actor_loss": -101.11181457519531, "alpha_loss": -1.9901003688573836e-06, "alpha_value": 0.057113187819719316, "duration": 84.56963849067688, "step": 33500}
{"episode_reward": 479.7103688298443, "episode": 135.0, "batch_reward": 1.2533388195037842, "critic_loss": 11.862776338577271, "actor_loss": -101.95089587402343, "alpha_loss": 0.0004046547096222639, "alpha_value": 0.0570401611328125, "duration": 84.1336727142334, "step": 33750}
{"episode_reward": 422.07709322976075, "episode": 136.0, "batch_reward": 1.2672229585647583, "critic_loss": 12.528729736328126, "actor_loss": -102.56989306640625, "alpha_loss": -0.0055145261883735655, "alpha_value": 0.05713074389100075, "duration": 84.16240048408508, "step": 34000}
{"episode_reward": 560.0655649762281, "episode": 137.0, "batch_reward": 1.258863157749176, "critic_loss": 12.189100744247437, "actor_loss": -103.1402749633789, "alpha_loss": 0.010766470039263367, "alpha_value": 0.05710295057296753, "duration": 84.06527400016785, "step": 34250}
{"episode_reward": 540.8704978345962, "episode": 138.0, "batch_reward": 1.25708939743042, "critic_loss": 12.478812381744385, "actor_loss": -104.02164624023438, "alpha_loss": 0.0006223954912275075, "alpha_value": 0.05693688425421715, "duration": 84.37875866889954, "step": 34500}
{"episode_reward": 540.6855840774584, "episode": 139.0, "batch_reward": 1.2910434141159057, "critic_loss": 12.260757404327393, "actor_loss": -104.82939288330078, "alpha_loss": -0.007992724116891623, "alpha_value": 0.057021401822566986, "duration": 84.46021962165833, "step": 34750}
{"episode_reward": 530.9169256300548, "episode": 140.0, "batch_reward": 1.2875113377571106, "critic_loss": 12.60059045791626, "actor_loss": -105.4977705078125, "alpha_loss": -0.015681032968685032, "alpha_value": 0.05733996298909187, "duration": 84.420241355896, "step": 35000}
{"episode_reward": 519.2468981588098, "episode": 141.0, "batch_reward": 1.289547219991684, "critic_loss": 12.687722679138183, "actor_loss": -106.34844012451173, "alpha_loss": -0.013160123696550726, "alpha_value": 0.057781556457281114, "duration": 84.58392262458801, "step": 35250}
{"episode_reward": 550.7740732469521, "episode": 142.0, "batch_reward": 1.2905988228321075, "critic_loss": 12.666540079116821, "actor_loss": -106.92976763916016, "alpha_loss": -0.011394524855539203, "alpha_value": 0.05811951845884323, "duration": 84.68587970733643, "step": 35500}
{"episode_reward": 536.161414474739, "episode": 143.0, "batch_reward": 1.2919918403625488, "critic_loss": 13.00734437942505, "actor_loss": -107.78136047363282, "alpha_loss": -0.006611877279356122, "alpha_value": 0.05832985806465149, "duration": 84.57373142242432, "step": 35750}
{"episode_reward": 536.9172851828446, "episode": 144.0, "batch_reward": 1.297260004043579, "critic_loss": 12.47327889251709, "actor_loss": -108.56944689941406, "alpha_loss": -0.013569162409752608, "alpha_value": 0.05869499635696411, "duration": 84.67542219161987, "step": 36000}
{"episode_reward": 586.1556147834079, "episode": 145.0, "batch_reward": 1.317527889728546, "critic_loss": 12.73693751525879, "actor_loss": -109.27370233154296, "alpha_loss": -0.007103589490987361, "alpha_value": 0.05891654682159424, "duration": 84.55196928977966, "step": 36250}
{"episode_reward": 528.1851308653206, "episode": 146.0, "batch_reward": 1.3228646008968352, "critic_loss": 12.483185199737548, "actor_loss": -109.88093048095703, "alpha_loss": -0.013724829435348512, "alpha_value": 0.059230347245931625, "duration": 84.34822487831116, "step": 36500}
{"episode_reward": 467.67867158946757, "episode": 147.0, "batch_reward": 1.321604769229889, "critic_loss": 12.167988393783569, "actor_loss": -110.56543389892578, "alpha_loss": 0.0016081974357366562, "alpha_value": 0.05948376867175102, "duration": 84.51679039001465, "step": 36750}
{"episode_reward": 408.5265776658049, "episode": 148.0, "batch_reward": 1.3331764302253724, "critic_loss": 12.351448896408082, "actor_loss": -111.18514422607421, "alpha_loss": -0.0029991526324301956, "alpha_value": 0.05951508420705795, "duration": 84.60095167160034, "step": 37000}
{"episode_reward": 533.3870352926725, "episode": 149.0, "batch_reward": 1.3351356415748596, "critic_loss": 12.534449907302857, "actor_loss": -111.95174938964844, "alpha_loss": -0.003404721325263381, "alpha_value": 0.05958118489384651, "duration": 84.54255890846252, "step": 37250}
{"episode_reward": 585.6730691291793, "episode": 150.0, "batch_reward": 1.3337657299041747, "critic_loss": 12.440817798614502, "actor_loss": -112.59660052490234, "alpha_loss": 0.00024101408571004868, "alpha_value": 0.05959369176626205, "duration": 84.4797203540802, "step": 37500}
{"episode_reward": 512.6562221757139, "episode": 151.0, "batch_reward": 1.3504448184967042, "critic_loss": 12.714490707397461, "actor_loss": -113.37326977539063, "alpha_loss": -0.0029988763090223075, "alpha_value": 0.05958348023891449, "duration": 84.59554076194763, "step": 37750}
{"episode_reward": 504.6736789253017, "episode": 152.0, "batch_reward": 1.3412792506217956, "critic_loss": 12.413181232452393, "actor_loss": -113.8088388671875, "alpha_loss": 0.0004781580790877342, "alpha_value": 0.059681345909833906, "duration": 84.46251845359802, "step": 38000}
{"episode_reward": 471.5884465848569, "episode": 153.0, "batch_reward": 1.342106050014496, "critic_loss": 12.545396484375, "actor_loss": -114.62238958740234, "alpha_loss": 0.00663717669993639, "alpha_value": 0.059536680579185486, "duration": 84.78473615646362, "step": 38250}
{"episode_reward": 503.98525931666427, "episode": 154.0, "batch_reward": 1.3608253316879273, "critic_loss": 12.195953361511231, "actor_loss": -115.39272137451172, "alpha_loss": 0.0020904995016753675, "alpha_value": 0.05941818138957024, "duration": 84.70974588394165, "step": 38500}
{"episode_reward": 516.7543337768132, "episode": 155.0, "batch_reward": 1.3556970660686494, "critic_loss": 12.768201629638671, "actor_loss": -115.85497930908203, "alpha_loss": 0.0015056229028850793, "alpha_value": 0.05936782026290893, "duration": 84.5343177318573, "step": 38750}
{"episode_reward": 467.7787110758677, "episode": 156.0, "batch_reward": 1.3675931339263916, "critic_loss": 13.09898825454712, "actor_loss": -116.72808813476563, "alpha_loss": -0.002187718001194298, "alpha_value": 0.05932405751943588, "duration": 84.54578876495361, "step": 39000}
{"episode_reward": 520.2248931389407, "episode": 157.0, "batch_reward": 1.3707811465263366, "critic_loss": 12.864681640625, "actor_loss": -117.35805938720704, "alpha_loss": -0.0012360253352671862, "alpha_value": 0.05945493394136429, "duration": 84.61316061019897, "step": 39250}
{"episode_reward": 607.1297547392586, "episode": 158.0, "batch_reward": 1.3735267000198363, "critic_loss": 12.503747035980224, "actor_loss": -117.98140954589844, "alpha_loss": -0.0031259962897747756, "alpha_value": 0.059512370854616164, "duration": 84.55201005935669, "step": 39500}
{"episode_reward": 469.4439565988591, "episode": 159.0, "batch_reward": 1.3861362652778626, "critic_loss": 12.768294982910156, "actor_loss": -118.68307067871093, "alpha_loss": 0.006449145765975117, "alpha_value": 0.05945072194933891, "duration": 84.53812456130981, "step": 39750}
{"episode_reward": 487.8490638458268, "episode": 160.0, "batch_reward": 1.3831172280311586, "critic_loss": 12.50601301574707, "actor_loss": -119.26695916748046, "alpha_loss": -0.0010778478346765042, "alpha_value": 0.05935354298353195, "duration": 84.61238741874695, "step": 40000}
{"episode_reward": 606.582066952616, "episode": 161.0, "batch_reward": 1.3937576198577881, "critic_loss": 12.532087322235107, "actor_loss": -119.98223529052734, "alpha_loss": 0.003140682593919337, "alpha_value": 0.05937606272101402, "duration": 100.36213088035583, "step": 40250}
{"episode_reward": 591.6295397795235, "episode": 162.0, "batch_reward": 1.3965792574882507, "critic_loss": 12.217443477630615, "actor_loss": -120.4780234375, "alpha_loss": 0.0008596790647134185, "alpha_value": 0.059263901233673096, "duration": 84.03618884086609, "step": 40500}
{"episode_reward": 579.3149103190229, "episode": 163.0, "batch_reward": 1.4020772304534912, "critic_loss": 12.444320423126221, "actor_loss": -121.25211309814453, "alpha_loss": 0.002090750068426132, "alpha_value": 0.05924296078085899, "duration": 84.56361365318298, "step": 40750}
{"episode_reward": 576.5497919557201, "episode": 164.0, "batch_reward": 1.409771384716034, "critic_loss": 12.400901557922364, "actor_loss": -121.88527813720704, "alpha_loss": -0.004080068225041032, "alpha_value": 0.05923398953676224, "duration": 84.29822206497192, "step": 41000}
{"episode_reward": 554.3608114671229, "episode": 165.0, "batch_reward": 1.4113279161453247, "critic_loss": 12.36144047164917, "actor_loss": -122.44305395507813, "alpha_loss": -0.006253185030072927, "alpha_value": 0.05947728246450424, "duration": 84.32576203346252, "step": 41250}
{"episode_reward": 527.1272350647203, "episode": 166.0, "batch_reward": 1.4050507168769837, "critic_loss": 12.72828470993042, "actor_loss": -123.10980670166016, "alpha_loss": -0.004093160919845104, "alpha_value": 0.05960404133796692, "duration": 84.5486741065979, "step": 41500}
{"episode_reward": 573.2369261573997, "episode": 167.0, "batch_reward": 1.4225072526931763, "critic_loss": 12.552294527053833, "actor_loss": -123.63295275878906, "alpha_loss": -0.006279220912605524, "alpha_value": 0.059748851746320726, "duration": 84.9631507396698, "step": 41750}
{"episode_reward": 516.4313116433677, "episode": 168.0, "batch_reward": 1.432129159450531, "critic_loss": 12.61467010307312, "actor_loss": -124.34178918457032, "alpha_loss": 0.00468000078573823, "alpha_value": 0.0597780801653862, "duration": 84.69317531585693, "step": 42000}
{"episode_reward": 523.1555393338216, "episode": 169.0, "batch_reward": 1.415878212451935, "critic_loss": 12.62444314956665, "actor_loss": -124.7731068725586, "alpha_loss": 0.0028168910704553128, "alpha_value": 0.05970594149827957, "duration": 84.70313024520874, "step": 42250}
{"episode_reward": 563.7207869932936, "episode": 170.0, "batch_reward": 1.438015410900116, "critic_loss": 12.94846757888794, "actor_loss": -125.41122113037109, "alpha_loss": -0.0032509806230664254, "alpha_value": 0.05965627127885818, "duration": 84.46672344207764, "step": 42500}
{"episode_reward": 459.2705654060891, "episode": 171.0, "batch_reward": 1.4345956044197083, "critic_loss": 12.708168506622314, "actor_loss": -126.01582629394531, "alpha_loss": 0.006816684022545814, "alpha_value": 0.059580541104078295, "duration": 84.67603015899658, "step": 42750}
{"episode_reward": 567.8940890946055, "episode": 172.0, "batch_reward": 1.4285634484291077, "critic_loss": 12.825455625534058, "actor_loss": -126.5253178100586, "alpha_loss": 0.011384865838102996, "alpha_value": 0.05933991202712059, "duration": 84.27609300613403, "step": 43000}
{"episode_reward": 492.4219945963313, "episode": 173.0, "batch_reward": 1.439908257007599, "critic_loss": 12.550224838256836, "actor_loss": -127.32178851318359, "alpha_loss": 0.0016775375101715326, "alpha_value": 0.059108277559280394, "duration": 84.51566696166992, "step": 43250}
{"episode_reward": 580.6066272164613, "episode": 174.0, "batch_reward": 1.4474360690116883, "critic_loss": 13.053433917999268, "actor_loss": -127.70905261230469, "alpha_loss": 0.0007494718749076128, "alpha_value": 0.05905892342329025, "duration": 84.25880932807922, "step": 43500}
{"episode_reward": 552.0416861592556, "episode": 175.0, "batch_reward": 1.4390506415367126, "critic_loss": 13.205568466186524, "actor_loss": -128.35301611328126, "alpha_loss": -0.007608058137819171, "alpha_value": 0.05914582774043083, "duration": 84.24688172340393, "step": 43750}
{"episode_reward": 604.6022280625008, "episode": 176.0, "batch_reward": 1.4525519623756409, "critic_loss": 13.040568302154542, "actor_loss": -129.057078125, "alpha_loss": -0.002262951551005244, "alpha_value": 0.05934414264559746, "duration": 84.25150227546692, "step": 44000}
{"episode_reward": 583.2386202084025, "episode": 177.0, "batch_reward": 1.4713541555404663, "critic_loss": 13.160420066833495, "actor_loss": -129.7078194580078, "alpha_loss": -0.0030466024465858935, "alpha_value": 0.059374685496091845, "duration": 84.37575149536133, "step": 44250}
{"episode_reward": 658.9101608387026, "episode": 178.0, "batch_reward": 1.469519773006439, "critic_loss": 13.453195480346679, "actor_loss": -130.19638317871093, "alpha_loss": -0.0033657710403203964, "alpha_value": 0.05947804370522499, "duration": 84.1865291595459, "step": 44500}
{"episode_reward": 585.9048559375498, "episode": 179.0, "batch_reward": 1.478371723651886, "critic_loss": 13.408271781921387, "actor_loss": -130.80315441894533, "alpha_loss": 0.0035507064312696457, "alpha_value": 0.05954482924938202, "duration": 84.58589816093445, "step": 44750}
{"episode_reward": 591.5863814259975, "episode": 180.0, "batch_reward": 1.4723196206092835, "critic_loss": 12.93736806488037, "actor_loss": -131.40332788085936, "alpha_loss": 0.003179694253951311, "alpha_value": 0.05936853891611099, "duration": 84.63944888114929, "step": 45000}
{"episode_reward": 536.0623087205367, "episode": 181.0, "batch_reward": 1.4879595575332643, "critic_loss": 13.160888916015624, "actor_loss": -132.11684448242187, "alpha_loss": -0.0037612439077347516, "alpha_value": 0.05940101203322411, "duration": 84.58379316329956, "step": 45250}
{"episode_reward": 562.2434922780052, "episode": 182.0, "batch_reward": 1.471713481426239, "critic_loss": 13.228350185394287, "actor_loss": -132.6880380859375, "alpha_loss": -0.0019609747268259526, "alpha_value": 0.059512303709983824, "duration": 84.62607145309448, "step": 45500}
{"episode_reward": 451.89295631641767, "episode": 183.0, "batch_reward": 1.4882578716278076, "critic_loss": 13.0028828830719, "actor_loss": -133.40982604980468, "alpha_loss": 0.00030252711102366446, "alpha_value": 0.05955044293403625, "duration": 84.57712841033936, "step": 45750}
{"episode_reward": 596.3312376517373, "episode": 184.0, "batch_reward": 1.4929620299339295, "critic_loss": 13.63611045074463, "actor_loss": -134.00790551757814, "alpha_loss": -0.007364305794239044, "alpha_value": 0.059606226235628126, "duration": 84.4913854598999, "step": 46000}
{"episode_reward": 561.2909989772168, "episode": 185.0, "batch_reward": 1.4886333904266358, "critic_loss": 13.467370380401611, "actor_loss": -134.6593546142578, "alpha_loss": -0.006905992766842246, "alpha_value": 0.05992809203267097, "duration": 84.76074552536011, "step": 46250}
{"episode_reward": 564.7687294506176, "episode": 186.0, "batch_reward": 1.5135563659667968, "critic_loss": 13.010818050384522, "actor_loss": -135.3041883544922, "alpha_loss": -0.003552184784784913, "alpha_value": 0.06004187908768654, "duration": 84.47964119911194, "step": 46500}
{"episode_reward": 547.4870040425772, "episode": 187.0, "batch_reward": 1.5052924466133117, "critic_loss": 12.965560325622558, "actor_loss": -135.94519567871095, "alpha_loss": -0.007695286041125655, "alpha_value": 0.06028439137339592, "duration": 84.44191861152649, "step": 46750}
{"episode_reward": 577.1808744638761, "episode": 188.0, "batch_reward": 1.5058913521766664, "critic_loss": 12.798572265625, "actor_loss": -136.42381579589843, "alpha_loss": 0.008649801831692457, "alpha_value": 0.06027998787164688, "duration": 84.32827615737915, "step": 47000}
{"episode_reward": 638.5597043942012, "episode": 189.0, "batch_reward": 1.5109826798439026, "critic_loss": 12.887797424316407, "actor_loss": -136.99150964355468, "alpha_loss": 0.0013650877997279168, "alpha_value": 0.06011069232225418, "duration": 84.59767055511475, "step": 47250}
{"episode_reward": 565.7673306783769, "episode": 190.0, "batch_reward": 1.5155430655479432, "critic_loss": 13.124212814331054, "actor_loss": -137.5921845703125, "alpha_loss": 0.002872028736397624, "alpha_value": 0.059943735480308534, "duration": 84.28245806694031, "step": 47500}
{"episode_reward": 521.3771657569263, "episode": 191.0, "batch_reward": 1.5092846593856812, "critic_loss": 12.910694271087646, "actor_loss": -138.18789587402344, "alpha_loss": 0.0036944354102015496, "alpha_value": 0.05989719244837761, "duration": 84.5632815361023, "step": 47750}
{"episode_reward": 545.1621481223822, "episode": 192.0, "batch_reward": 1.5290283913612366, "critic_loss": 12.810798816680908, "actor_loss": -138.86154248046876, "alpha_loss": 0.001290765181183815, "alpha_value": 0.05986619946360588, "duration": 84.40464758872986, "step": 48000}
{"episode_reward": 599.7526801658632, "episode": 193.0, "batch_reward": 1.528257131576538, "critic_loss": 12.827596096038818, "actor_loss": -139.2573828125, "alpha_loss": -0.001178325554355979, "alpha_value": 0.05977058210968971, "duration": 84.60414814949036, "step": 48250}
{"episode_reward": 584.5726969663668, "episode": 194.0, "batch_reward": 1.534196223258972, "critic_loss": 13.246713005065917, "actor_loss": -139.8822000732422, "alpha_loss": -0.0005676208101212979, "alpha_value": 0.05981910023093224, "duration": 84.40357398986816, "step": 48500}
{"episode_reward": 523.0497419923317, "episode": 195.0, "batch_reward": 1.5470522198677064, "critic_loss": 12.864267448425293, "actor_loss": -140.55884411621093, "alpha_loss": 5.513113923370838e-05, "alpha_value": 0.05981138482689857, "duration": 84.70819282531738, "step": 48750}
{"episode_reward": 559.7472078344587, "episode": 196.0, "batch_reward": 1.5372911400794982, "critic_loss": 13.066295677185058, "actor_loss": -140.9349102783203, "alpha_loss": 0.0023892305810004474, "alpha_value": 0.05980876439809799, "duration": 84.72698497772217, "step": 49000}
{"episode_reward": 580.5690672676892, "episode": 197.0, "batch_reward": 1.533197597503662, "critic_loss": 13.440648704528808, "actor_loss": -141.24544775390626, "alpha_loss": 0.004015413951128722, "alpha_value": 0.059739124894142154, "duration": 84.44717502593994, "step": 49250}
{"episode_reward": 582.126005208626, "episode": 198.0, "batch_reward": 1.5440737094879151, "critic_loss": 13.241448307037354, "actor_loss": -141.89381799316405, "alpha_loss": 0.000131022434681654, "alpha_value": 0.05959344065189361, "duration": 84.44868850708008, "step": 49500}
{"episode_reward": 625.4263173001481, "episode": 199.0, "batch_reward": 1.5457575960159302, "critic_loss": 12.723764375686645, "actor_loss": -142.41196020507812, "alpha_loss": 0.0023860547617077827, "alpha_value": 0.059539731174707414, "duration": 84.49561858177185, "step": 49750}
{"episode_reward": 591.6260884727645, "episode": 200.0, "batch_reward": 1.5455259070396423, "critic_loss": 12.951360506057739, "actor_loss": -142.95706616210938, "alpha_loss": 0.011705670449882745, "alpha_value": 0.05933249691128731, "duration": 84.23607897758484, "step": 50000}
{"episode_reward": 537.743022169918, "episode": 201.0, "batch_reward": 1.5585426511764526, "critic_loss": 12.82670486831665, "actor_loss": -143.53439599609376, "alpha_loss": 0.006012790130451321, "alpha_value": 0.059103127866983414, "duration": 100.34242224693298, "step": 50250}
{"episode_reward": 569.1080436849492, "episode": 202.0, "batch_reward": 1.552831889629364, "critic_loss": 12.746934837341309, "actor_loss": -144.08254565429687, "alpha_loss": 0.002918142957612872, "alpha_value": 0.05894498348236084, "duration": 83.98686599731445, "step": 50500}
{"episode_reward": 531.3129425275956, "episode": 203.0, "batch_reward": 1.5550863404273987, "critic_loss": 13.058948318481445, "actor_loss": -144.70559716796876, "alpha_loss": -0.0037366677206009625, "alpha_value": 0.058948418021202084, "duration": 84.19420385360718, "step": 50750}
{"episode_reward": 646.0098574302172, "episode": 204.0, "batch_reward": 1.58419078207016, "critic_loss": 13.047943965911866, "actor_loss": -145.21430383300782, "alpha_loss": -0.0018688612952828408, "alpha_value": 0.05902588158845901, "duration": 84.43038725852966, "step": 51000}
{"episode_reward": 597.4614209719123, "episode": 205.0, "batch_reward": 1.583894748210907, "critic_loss": 12.802927013397216, "actor_loss": -145.7811514892578, "alpha_loss": 0.0014905747305601835, "alpha_value": 0.05904147064685822, "duration": 84.48770904541016, "step": 51250}
{"episode_reward": 624.4348051028403, "episode": 206.0, "batch_reward": 1.5707653722763062, "critic_loss": 12.540638031005859, "actor_loss": -146.2162713623047, "alpha_loss": 0.0010238322224467992, "alpha_value": 0.05895880848169327, "duration": 84.35881209373474, "step": 51500}
{"episode_reward": 568.7585803507974, "episode": 207.0, "batch_reward": 1.576080855846405, "critic_loss": 12.873506454467773, "actor_loss": -146.80307763671874, "alpha_loss": -0.01070053644478321, "alpha_value": 0.059117577344179155, "duration": 84.72112154960632, "step": 51750}
{"episode_reward": 582.1191629998356, "episode": 208.0, "batch_reward": 1.5947797260284424, "critic_loss": 12.932881706237794, "actor_loss": -147.20062365722657, "alpha_loss": -0.0023334914930164814, "alpha_value": 0.05938459068536758, "duration": 84.70197677612305, "step": 52000}
{"episode_reward": 544.4103862286288, "episode": 209.0, "batch_reward": 1.5929091958999633, "critic_loss": 12.962549953460693, "actor_loss": -147.77719348144532, "alpha_loss": -0.0017170556727796793, "alpha_value": 0.059449688524007796, "duration": 84.52538132667542, "step": 52250}
{"episode_reward": 476.91943118051785, "episode": 210.0, "batch_reward": 1.5929466705322266, "critic_loss": 13.202056371688842, "actor_loss": -148.40646875, "alpha_loss": -0.011517807244323193, "alpha_value": 0.059667220771312715, "duration": 84.64502429962158, "step": 52500}
{"episode_reward": 552.6055392119853, "episode": 211.0, "batch_reward": 1.5865196146965026, "critic_loss": 13.43924447631836, "actor_loss": -148.81697570800782, "alpha_loss": -0.0029695196785032747, "alpha_value": 0.05987707072496414, "duration": 84.53018569946289, "step": 52750}
{"episode_reward": 525.7184445599087, "episode": 212.0, "batch_reward": 1.595974368095398, "critic_loss": 13.076142938613891, "actor_loss": -149.392642578125, "alpha_loss": -0.0005018404144793749, "alpha_value": 0.059959765553474424, "duration": 84.58208227157593, "step": 53000}
{"episode_reward": 483.49727161301917, "episode": 213.0, "batch_reward": 1.605606179714203, "critic_loss": 13.003749084472656, "actor_loss": -149.98220947265625, "alpha_loss": 0.005022056698799134, "alpha_value": 0.05992716810107231, "duration": 82.81414890289307, "step": 53250}
{"episode_reward": 449.59120422692547, "episode": 214.0, "batch_reward": 1.6111521010398864, "critic_loss": 12.983150859832763, "actor_loss": -150.3175361328125, "alpha_loss": 0.006959722064435482, "alpha_value": 0.05970406198501587, "duration": 77.08670020103455, "step": 53500}
{"episode_reward": 611.9919307081082, "episode": 215.0, "batch_reward": 1.6049157676696777, "critic_loss": 13.143037075042725, "actor_loss": -150.71747509765626, "alpha_loss": 0.005811146717518568, "alpha_value": 0.05952678197622299, "duration": 76.81239318847656, "step": 53750}
{"episode_reward": 593.3590147923146, "episode": 216.0, "batch_reward": 1.5943171582221984, "critic_loss": 13.613890949249267, "actor_loss": -151.27465014648436, "alpha_loss": -0.0037162067014724015, "alpha_value": 0.059407855808734894, "duration": 77.16729354858398, "step": 54000}
{"episode_reward": 596.8080843788645, "episode": 217.0, "batch_reward": 1.614004671573639, "critic_loss": 13.762216426849365, "actor_loss": -151.78813269042968, "alpha_loss": -0.004363294623792172, "alpha_value": 0.059548296809196474, "duration": 76.81281995773315, "step": 54250}
{"episode_reward": 495.78255990177666, "episode": 218.0, "batch_reward": 1.6265649027824403, "critic_loss": 12.614226654052734, "actor_loss": -152.50483752441406, "alpha_loss": -0.0045470489338040355, "alpha_value": 0.059712214559316634, "duration": 77.13067507743835, "step": 54500}
{"episode_reward": 557.2230781708818, "episode": 219.0, "batch_reward": 1.612000699043274, "critic_loss": 12.58878346633911, "actor_loss": -153.02688244628905, "alpha_loss": 0.006600281579419971, "alpha_value": 0.05967507916688919, "duration": 77.02743458747864, "step": 54750}
{"episode_reward": 584.9976553172847, "episode": 220.0, "batch_reward": 1.6105649890899658, "critic_loss": 12.703779464721679, "actor_loss": -153.21364233398438, "alpha_loss": 0.0001125603299587965, "alpha_value": 0.05958813172578812, "duration": 76.88482856750488, "step": 55000}
{"episode_reward": 583.4141895141053, "episode": 221.0, "batch_reward": 1.6210890045166015, "critic_loss": 12.837288848876954, "actor_loss": -153.82896716308593, "alpha_loss": 0.008015233488753439, "alpha_value": 0.05952623155713081, "duration": 77.01599264144897, "step": 55250}
{"episode_reward": 589.6977464453604, "episode": 222.0, "batch_reward": 1.627693088054657, "critic_loss": 12.92559848022461, "actor_loss": -154.2538623046875, "alpha_loss": 0.006277721410617232, "alpha_value": 0.059260018080472945, "duration": 76.96659803390503, "step": 55500}
{"episode_reward": 561.1815333983891, "episode": 223.0, "batch_reward": 1.628990113735199, "critic_loss": 13.001975643157959, "actor_loss": -154.6994552001953, "alpha_loss": -0.0019223570488393308, "alpha_value": 0.059113641053438186, "duration": 76.75414967536926, "step": 55750}
{"episode_reward": 621.3507554943184, "episode": 224.0, "batch_reward": 1.6285521392822266, "critic_loss": 12.920612970352172, "actor_loss": -155.28893798828125, "alpha_loss": 0.004465433334931731, "alpha_value": 0.05905979174375534, "duration": 76.98228549957275, "step": 56000}
{"episode_reward": 575.7459449371386, "episode": 225.0, "batch_reward": 1.6257279057502747, "critic_loss": 12.59651584625244, "actor_loss": -155.65864477539063, "alpha_loss": 0.006449629653245211, "alpha_value": 0.05890814757347107, "duration": 78.14266300201416, "step": 56250}
{"episode_reward": 519.6707955863145, "episode": 226.0, "batch_reward": 1.6292316093444825, "critic_loss": 12.868070220947265, "actor_loss": -156.13068884277342, "alpha_loss": -0.0006509377676993609, "alpha_value": 0.058796669453382494, "duration": 77.93698453903198, "step": 56500}
{"episode_reward": 585.1921331696583, "episode": 227.0, "batch_reward": 1.641161346912384, "critic_loss": 12.827910148620605, "actor_loss": -156.57421801757812, "alpha_loss": -0.0001874011345207691, "alpha_value": 0.058863173484802245, "duration": 78.05469131469727, "step": 56750}
{"episode_reward": 583.3376311414723, "episode": 228.0, "batch_reward": 1.6415080604553223, "critic_loss": 12.734553665161133, "actor_loss": -157.00474975585936, "alpha_loss": 0.0038013673052191732, "alpha_value": 0.058784929841756824, "duration": 78.0606484413147, "step": 57000}
{"episode_reward": 596.3099965988462, "episode": 229.0, "batch_reward": 1.6403046445846559, "critic_loss": 12.68749169921875, "actor_loss": -157.50392114257812, "alpha_loss": -0.002661835640668869, "alpha_value": 0.05873563212156296, "duration": 78.16879963874817, "step": 57250}
{"episode_reward": 532.4035947803874, "episode": 230.0, "batch_reward": 1.6568987174034118, "critic_loss": 13.075535774230957, "actor_loss": -157.9886973876953, "alpha_loss": -0.007234640367329121, "alpha_value": 0.059000952541828154, "duration": 77.39035177230835, "step": 57500}
{"episode_reward": 620.3273856974846, "episode": 231.0, "batch_reward": 1.635042043685913, "critic_loss": 13.236264083862304, "actor_loss": -158.3316865234375, "alpha_loss": 0.001111482286825776, "alpha_value": 0.05902762246131897, "duration": 76.81839752197266, "step": 57750}
{"episode_reward": 522.6822265685246, "episode": 232.0, "batch_reward": 1.661851149082184, "critic_loss": 13.289268791198731, "actor_loss": -158.99096752929688, "alpha_loss": -0.0018893712861463427, "alpha_value": 0.05904141387343407, "duration": 76.80379962921143, "step": 58000}
{"episode_reward": 648.5670470162061, "episode": 233.0, "batch_reward": 1.6519956736564636, "critic_loss": 12.998123498916627, "actor_loss": -159.30595458984374, "alpha_loss": -0.0010098991505801678, "alpha_value": 0.05915267327427864, "duration": 76.65927314758301, "step": 58250}
{"episode_reward": 575.5137995564907, "episode": 234.0, "batch_reward": 1.6558674535751343, "critic_loss": 12.893113651275634, "actor_loss": -159.79769702148437, "alpha_loss": 0.00797722341120243, "alpha_value": 0.05897628059983254, "duration": 76.70737314224243, "step": 58500}
{"episode_reward": 514.6580001902075, "episode": 235.0, "batch_reward": 1.6627095127105713, "critic_loss": 12.737690662384033, "actor_loss": -160.28014282226562, "alpha_loss": -0.00035673184879124166, "alpha_value": 0.058852125883102416, "duration": 78.86408925056458, "step": 58750}
{"episode_reward": 587.1229352668391, "episode": 236.0, "batch_reward": 1.6689601802825929, "critic_loss": 12.967358535766602, "actor_loss": -160.58222631835937, "alpha_loss": -0.0030716738607734443, "alpha_value": 0.05888917070627213, "duration": 85.30262184143066, "step": 59000}
{"episode_reward": 607.5954156276761, "episode": 237.0, "batch_reward": 1.6781361145973206, "critic_loss": 13.074113620758057, "actor_loss": -161.00063342285156, "alpha_loss": -0.0027267136499285697, "alpha_value": 0.0590648330450058, "duration": 85.1508207321167, "step": 59250}
{"episode_reward": 582.6926159351426, "episode": 238.0, "batch_reward": 1.6759468116760254, "critic_loss": 12.572059280395507, "actor_loss": -161.55995581054688, "alpha_loss": -0.0035529736522585155, "alpha_value": 0.05917585328221321, "duration": 85.23281192779541, "step": 59500}
{"episode_reward": 601.6832894592352, "episode": 239.0, "batch_reward": 1.6680675582885742, "critic_loss": 13.198982875823974, "actor_loss": -161.810701171875, "alpha_loss": 0.0002753962501883507, "alpha_value": 0.059121134638786314, "duration": 85.46534299850464, "step": 59750}
{"episode_reward": 676.7031694208088, "episode": 240.0, "batch_reward": 1.676386505126953, "critic_loss": 13.08225659942627, "actor_loss": -162.32903564453125, "alpha_loss": -0.0014048562850803136, "alpha_value": 0.05922861489653587, "duration": 84.77729392051697, "step": 60000}
{"episode_reward": 597.4507483059368, "episode": 241.0, "batch_reward": 1.6893584294319153, "critic_loss": 13.347130199432373, "actor_loss": -162.65783801269532, "alpha_loss": -0.002536571154370904, "alpha_value": 0.05928339123725891, "duration": 102.92674493789673, "step": 60250}
{"episode_reward": 631.7941627218345, "episode": 242.0, "batch_reward": 1.6779881291389465, "critic_loss": 13.099917984008789, "actor_loss": -163.27472521972658, "alpha_loss": -0.001142228778451681, "alpha_value": 0.059369226694107054, "duration": 85.45114636421204, "step": 60500}
{"episode_reward": 537.0440565256537, "episode": 243.0, "batch_reward": 1.6945017733573913, "critic_loss": 13.280502105712891, "actor_loss": -163.71931164550782, "alpha_loss": -0.0033440760001540184, "alpha_value": 0.05940087515115738, "duration": 85.35980701446533, "step": 60750}
{"episode_reward": 595.9139375075338, "episode": 244.0, "batch_reward": 1.688030550479889, "critic_loss": 12.903105960845947, "actor_loss": -164.1892803955078, "alpha_loss": 0.004700472213327885, "alpha_value": 0.05943176853656769, "duration": 85.3829836845398, "step": 61000}
{"episode_reward": 610.2860957388001, "episode": 245.0, "batch_reward": 1.688202732563019, "critic_loss": 13.057942378997803, "actor_loss": -164.45310778808593, "alpha_loss": 0.0038341103065758944, "alpha_value": 0.05926703128218651, "duration": 85.26946258544922, "step": 61250}
{"episode_reward": 560.1445624386344, "episode": 246.0, "batch_reward": 1.6870934681892396, "critic_loss": 13.286128318786622, "actor_loss": -164.86233642578125, "alpha_loss": 0.010301846766844392, "alpha_value": 0.058968236863613126, "duration": 84.45203709602356, "step": 61500}
{"episode_reward": 646.3661073170023, "episode": 247.0, "batch_reward": 1.6936070508956909, "critic_loss": 13.240385536193848, "actor_loss": -165.35852490234376, "alpha_loss": 0.0028325757607817648, "alpha_value": 0.05882520899176598, "duration": 84.59558248519897, "step": 61750}
{"episode_reward": 621.4063147799731, "episode": 248.0, "batch_reward": 1.6974163551330566, "critic_loss": 13.3843849067688, "actor_loss": -165.7845594482422, "alpha_loss": 0.0030244940128177403, "alpha_value": 0.0587108961045742, "duration": 84.23860359191895, "step": 62000}
{"episode_reward": 518.2274303329905, "episode": 249.0, "batch_reward": 1.7055445427894593, "critic_loss": 13.320971687316895, "actor_loss": -166.2024512939453, "alpha_loss": -0.004438293777406216, "alpha_value": 0.05870118394494057, "duration": 84.3051586151123, "step": 62250}
{"episode_reward": 594.5406844922574, "episode": 250.0, "batch_reward": 1.7100908432006836, "critic_loss": 13.374040382385253, "actor_loss": -166.61611962890626, "alpha_loss": 0.004147883740253746, "alpha_value": 0.058718373209238055, "duration": 84.20717763900757, "step": 62500}
{"episode_reward": 648.9251226669269, "episode": 251.0, "batch_reward": 1.7167079944610595, "critic_loss": 13.607671337127686, "actor_loss": -167.03223986816405, "alpha_loss": -0.0037788379695266484, "alpha_value": 0.05873279830813408, "duration": 83.99169945716858, "step": 62750}
{"episode_reward": 619.7369303851373, "episode": 252.0, "batch_reward": 1.7060226702690124, "critic_loss": 13.57669462966919, "actor_loss": -167.33514318847656, "alpha_loss": 0.0055256920829415326, "alpha_value": 0.05867596900463104, "duration": 84.3378963470459, "step": 63000}
{"episode_reward": 626.2967886133841, "episode": 253.0, "batch_reward": 1.710924211025238, "critic_loss": 13.210654281616211, "actor_loss": -167.67383044433595, "alpha_loss": -0.004893318232148886, "alpha_value": 0.058633845925331114, "duration": 84.1451485157013, "step": 63250}
{"episode_reward": 575.9563746309598, "episode": 254.0, "batch_reward": 1.7070496525764465, "critic_loss": 13.200151107788086, "actor_loss": -168.0531325683594, "alpha_loss": -0.008909582896158098, "alpha_value": 0.05887394097447395, "duration": 84.28897404670715, "step": 63500}
{"episode_reward": 626.8702009567915, "episode": 255.0, "batch_reward": 1.7144981532096863, "critic_loss": 13.850185886383057, "actor_loss": -168.4779669189453, "alpha_loss": -0.00700274889357388, "alpha_value": 0.05915682137012482, "duration": 84.486820936203, "step": 63750}
{"episode_reward": 558.5747852259727, "episode": 256.0, "batch_reward": 1.7249790396690368, "critic_loss": 13.713200080871582, "actor_loss": -168.86036071777343, "alpha_loss": -0.006639034673571587, "alpha_value": 0.05936255875229836, "duration": 84.14778661727905, "step": 64000}
{"episode_reward": 632.420978134783, "episode": 257.0, "batch_reward": 1.7280462379455566, "critic_loss": 13.579138019561768, "actor_loss": -169.14582763671876, "alpha_loss": -0.003450063727796078, "alpha_value": 0.05957663890719414, "duration": 84.19566440582275, "step": 64250}
{"episode_reward": 669.5447980338025, "episode": 258.0, "batch_reward": 1.737237464427948, "critic_loss": 13.190855335235595, "actor_loss": -169.73990112304688, "alpha_loss": -0.001469476468861103, "alpha_value": 0.05967679512500763, "duration": 84.19426250457764, "step": 64500}
{"episode_reward": 575.9440437768552, "episode": 259.0, "batch_reward": 1.7279677605628967, "critic_loss": 13.534262855529786, "actor_loss": -170.1849123535156, "alpha_loss": 0.005578284179791808, "alpha_value": 0.059548135966062544, "duration": 84.2696795463562, "step": 64750}
{"episode_reward": 623.8992182273288, "episode": 260.0, "batch_reward": 1.7398591475486755, "critic_loss": 13.293513614654541, "actor_loss": -170.4525379638672, "alpha_loss": 0.008078656502068043, "alpha_value": 0.05932700657844543, "duration": 84.436772108078, "step": 65000}
{"episode_reward": 529.0245168122271, "episode": 261.0, "batch_reward": 1.7328993964195252, "critic_loss": 13.53263850402832, "actor_loss": -170.82536291503905, "alpha_loss": 0.005688756475225091, "alpha_value": 0.059088413745164874, "duration": 84.27088522911072, "step": 65250}
{"episode_reward": 540.034764814775, "episode": 262.0, "batch_reward": 1.7333835883140565, "critic_loss": 13.63036089706421, "actor_loss": -171.12419763183593, "alpha_loss": 0.0053577930089086295, "alpha_value": 0.05893472942709923, "duration": 84.23700785636902, "step": 65500}
{"episode_reward": 573.2605698819785, "episode": 263.0, "batch_reward": 1.7495442929267884, "critic_loss": 13.420891166687012, "actor_loss": -171.6144676513672, "alpha_loss": 0.0055487472396343945, "alpha_value": 0.05882893714308739, "duration": 84.10041666030884, "step": 65750}
{"episode_reward": 666.4947651059289, "episode": 264.0, "batch_reward": 1.7479652509689332, "critic_loss": 13.526781036376953, "actor_loss": -172.0324383544922, "alpha_loss": -0.004719334037974477, "alpha_value": 0.05875413548946381, "duration": 84.25774955749512, "step": 66000}
{"episode_reward": 595.7725575181178, "episode": 265.0, "batch_reward": 1.7498159680366516, "critic_loss": 13.581209442138672, "actor_loss": -172.3297109375, "alpha_loss": 0.0054205076340585944, "alpha_value": 0.05873924645781517, "duration": 84.33598613739014, "step": 66250}
{"episode_reward": 574.6539466190303, "episode": 266.0, "batch_reward": 1.7479258685112, "critic_loss": 13.545443767547608, "actor_loss": -172.71625061035155, "alpha_loss": 0.003914665730670094, "alpha_value": 0.058651771903038025, "duration": 84.05176258087158, "step": 66500}
{"episode_reward": 604.9394999693931, "episode": 267.0, "batch_reward": 1.7384441795349121, "critic_loss": 13.670234451293945, "actor_loss": -173.03114331054687, "alpha_loss": -0.0056671245396137234, "alpha_value": 0.05861456635594368, "duration": 84.3190245628357, "step": 66750}
{"episode_reward": 600.1806494452392, "episode": 268.0, "batch_reward": 1.745908318042755, "critic_loss": 13.88544100189209, "actor_loss": -173.52227514648436, "alpha_loss": 0.0051760458657518025, "alpha_value": 0.05864380964636803, "duration": 84.35223841667175, "step": 67000}
{"episode_reward": 547.8252834250355, "episode": 269.0, "batch_reward": 1.7525605397224426, "critic_loss": 13.585154285430908, "actor_loss": -173.86407006835938, "alpha_loss": 0.005963263563811779, "alpha_value": 0.05850146010518074, "duration": 84.15857791900635, "step": 67250}
{"episode_reward": 599.8578770294603, "episode": 270.0, "batch_reward": 1.750770903110504, "critic_loss": 13.631174644470216, "actor_loss": -174.1775411376953, "alpha_loss": 0.009669991316273809, "alpha_value": 0.058215019702911375, "duration": 84.30809807777405, "step": 67500}
{"episode_reward": 585.3311889409116, "episode": 271.0, "batch_reward": 1.7667559123039245, "critic_loss": 13.487543800354004, "actor_loss": -174.72744665527344, "alpha_loss": 0.0036713446471840143, "alpha_value": 0.0579460928440094, "duration": 84.91301560401917, "step": 67750}
{"episode_reward": 464.25498993469796, "episode": 272.0, "batch_reward": 1.7404211969375611, "critic_loss": 13.658535945892334, "actor_loss": -175.0534055175781, "alpha_loss": 0.004942039239220321, "alpha_value": 0.05780712154507637, "duration": 85.20708990097046, "step": 68000}
{"episode_reward": 563.4683559418368, "episode": 273.0, "batch_reward": 1.7468939080238342, "critic_loss": 13.716339756011964, "actor_loss": -175.53413330078126, "alpha_loss": 0.004930022863671183, "alpha_value": 0.05771161460876465, "duration": 85.42950677871704, "step": 68250}
{"episode_reward": 627.8802674953739, "episode": 274.0, "batch_reward": 1.7597839965820312, "critic_loss": 13.568905170440674, "actor_loss": -175.82675451660157, "alpha_loss": 0.002903615154325962, "alpha_value": 0.057477903813123704, "duration": 85.28205347061157, "step": 68500}
{"episode_reward": 616.7344961451483, "episode": 275.0, "batch_reward": 1.7724278507232667, "critic_loss": 13.610815662384033, "actor_loss": -176.34986511230468, "alpha_loss": 0.0059955661483109, "alpha_value": 0.05738742309808731, "duration": 85.49833488464355, "step": 68750}
{"episode_reward": 560.3721502897452, "episode": 276.0, "batch_reward": 1.763221634864807, "critic_loss": 13.428614810943603, "actor_loss": -176.6248878173828, "alpha_loss": -0.0006536722537130118, "alpha_value": 0.05732021927833557, "duration": 84.70860576629639, "step": 69000}
{"episode_reward": 608.3525656332429, "episode": 277.0, "batch_reward": 1.7615571975708009, "critic_loss": 13.309978397369385, "actor_loss": -177.00761987304688, "alpha_loss": 0.004435004452243447, "alpha_value": 0.057237214177846905, "duration": 84.13335371017456, "step": 69250}
{"episode_reward": 648.8394255999834, "episode": 278.0, "batch_reward": 1.7785118498802186, "critic_loss": 13.632927436828613, "actor_loss": -177.40162744140625, "alpha_loss": -0.002166675953194499, "alpha_value": 0.057201638072729113, "duration": 84.09263491630554, "step": 69500}
{"episode_reward": 625.2702801304856, "episode": 279.0, "batch_reward": 1.767132429599762, "critic_loss": 13.730467891693115, "actor_loss": -177.8158096923828, "alpha_loss": -0.0077645008098334075, "alpha_value": 0.05740659302473068, "duration": 84.15984606742859, "step": 69750}
{"episode_reward": 675.6763372349285, "episode": 280.0, "batch_reward": 1.779639006137848, "critic_loss": 13.342730850219727, "actor_loss": -178.185744140625, "alpha_loss": 0.001920939654111862, "alpha_value": 0.05744076162576675, "duration": 84.2578775882721, "step": 70000}
{"episode_reward": 598.2940063936068, "episode": 281.0, "batch_reward": 1.7884642424583435, "critic_loss": 13.38472565460205, "actor_loss": -178.57240844726562, "alpha_loss": 2.4536712095141412e-05, "alpha_value": 0.05747681242227554, "duration": 101.20441770553589, "step": 70250}
{"episode_reward": 617.7922007810839, "episode": 282.0, "batch_reward": 1.7795515041351317, "critic_loss": 13.133063011169433, "actor_loss": -178.989859375, "alpha_loss": 0.0011500265393406153, "alpha_value": 0.057432599246501924, "duration": 84.5149974822998, "step": 70500}
{"episode_reward": 626.9489786516558, "episode": 283.0, "batch_reward": 1.7825509357452392, "critic_loss": 13.541011951446533, "actor_loss": -179.27194201660157, "alpha_loss": 0.00045476156659424307, "alpha_value": 0.05745531523227692, "duration": 84.85458278656006, "step": 70750}
{"episode_reward": 600.1207249458276, "episode": 284.0, "batch_reward": 1.788512361049652, "critic_loss": 13.29962442779541, "actor_loss": -179.69937719726562, "alpha_loss": -0.0030329865030944347, "alpha_value": 0.05744941684603691, "duration": 84.63880467414856, "step": 71000}
{"episode_reward": 615.4938349701795, "episode": 285.0, "batch_reward": 1.7935522384643554, "critic_loss": 13.505510738372802, "actor_loss": -179.96107836914064, "alpha_loss": -0.0029036855846643447, "alpha_value": 0.057547831654548645, "duration": 84.44998383522034, "step": 71250}
{"episode_reward": 702.1372670012188, "episode": 286.0, "batch_reward": 1.8019211020469665, "critic_loss": 13.871566608428955, "actor_loss": -180.3544609375, "alpha_loss": 0.0010235897731035947, "alpha_value": 0.05757798865437508, "duration": 84.6070466041565, "step": 71500}
{"episode_reward": 545.3751997765238, "episode": 287.0, "batch_reward": 1.7857646689414979, "critic_loss": 14.200336044311523, "actor_loss": -180.5971221923828, "alpha_loss": -0.0069342107279226186, "alpha_value": 0.05766922375559807, "duration": 85.09996604919434, "step": 71750}
{"episode_reward": 589.7075382510822, "episode": 288.0, "batch_reward": 1.8075154719352722, "critic_loss": 13.420753421783447, "actor_loss": -180.98522534179688, "alpha_loss": 0.0024026943547651174, "alpha_value": 0.05773869904875755, "duration": 85.37647318840027, "step": 72000}
{"episode_reward": 583.0650264630555, "episode": 289.0, "batch_reward": 1.7935736136436462, "critic_loss": 13.469641033172607, "actor_loss": -181.37928503417967, "alpha_loss": 0.004563145624473691, "alpha_value": 0.05761773884296417, "duration": 85.49000859260559, "step": 72250}
{"episode_reward": 490.709139245718, "episode": 290.0, "batch_reward": 1.813753005027771, "critic_loss": 13.284371646881104, "actor_loss": -181.88811315917968, "alpha_loss": 0.006069181615486741, "alpha_value": 0.05747614124417305, "duration": 85.4072687625885, "step": 72500}
{"episode_reward": 581.2439608751444, "episode": 291.0, "batch_reward": 1.7977012915611268, "critic_loss": 13.465042572021485, "actor_loss": -182.0691522216797, "alpha_loss": 0.0014283224660903216, "alpha_value": 0.05734687975049019, "duration": 85.12581706047058, "step": 72750}
{"episode_reward": 531.2314395063074, "episode": 292.0, "batch_reward": 1.8072171792984009, "critic_loss": 13.670519077301025, "actor_loss": -182.47318774414063, "alpha_loss": -0.002678443219512701, "alpha_value": 0.05736710712313652, "duration": 84.76580333709717, "step": 73000}
{"episode_reward": 668.2446818790567, "episode": 293.0, "batch_reward": 1.809710048675537, "critic_loss": 13.699699516296386, "actor_loss": -182.897494140625, "alpha_loss": 0.005600828709080815, "alpha_value": 0.05728702920675278, "duration": 85.35781264305115, "step": 73250}
{"episode_reward": 604.3929547624044, "episode": 294.0, "batch_reward": 1.805021523952484, "critic_loss": 13.625359031677245, "actor_loss": -183.1545672607422, "alpha_loss": 0.00022496470250189305, "alpha_value": 0.05719397914409637, "duration": 85.4088397026062, "step": 73500}
{"episode_reward": 610.5930436900178, "episode": 295.0, "batch_reward": 1.8032826566696167, "critic_loss": 13.657234973907471, "actor_loss": -183.4902628173828, "alpha_loss": 0.001410795284435153, "alpha_value": 0.057154048413038255, "duration": 85.45385646820068, "step": 73750}
{"episode_reward": 554.4206475937283, "episode": 296.0, "batch_reward": 1.8141818814277648, "critic_loss": 13.599201725006104, "actor_loss": -183.87258679199218, "alpha_loss": -0.002355325530283153, "alpha_value": 0.05719391217827797, "duration": 85.10274839401245, "step": 74000}
{"episode_reward": 560.2428379073062, "episode": 297.0, "batch_reward": 1.8109601020812989, "critic_loss": 13.716518100738526, "actor_loss": -184.29672131347655, "alpha_loss": -0.004793851727619767, "alpha_value": 0.05726319518685341, "duration": 84.18969392776489, "step": 74250}
{"episode_reward": 716.9156270999354, "episode": 298.0, "batch_reward": 1.81640869140625, "critic_loss": 13.600980945587159, "actor_loss": -184.52534228515626, "alpha_loss": -0.003919035753235221, "alpha_value": 0.05751312267780304, "duration": 84.14247131347656, "step": 74500}
{"episode_reward": 632.9356419223695, "episode": 299.0, "batch_reward": 1.8123475375175475, "critic_loss": 13.555778434753417, "actor_loss": -184.9265372314453, "alpha_loss": -0.0012324249520897865, "alpha_value": 0.05747589558362961, "duration": 84.270925283432, "step": 74750}
{"episode_reward": 663.4659158372765, "episode": 300.0, "batch_reward": 1.8168674702644347, "critic_loss": 13.275998203277588, "actor_loss": -185.29662915039063, "alpha_loss": -0.0019441633988171816, "alpha_value": 0.05769661721587181, "duration": 84.14815878868103, "step": 75000}
{"episode_reward": 556.4021051915495, "episode": 301.0, "batch_reward": 1.8262403769493103, "critic_loss": 13.582725395202637, "actor_loss": -185.65994738769533, "alpha_loss": 0.00877799060381949, "alpha_value": 0.05747671511769295, "duration": 84.1885814666748, "step": 75250}
{"episode_reward": 582.4988537621927, "episode": 302.0, "batch_reward": 1.825431610584259, "critic_loss": 13.602262092590331, "actor_loss": -185.96381176757814, "alpha_loss": 0.011069725185632706, "alpha_value": 0.057117315739393236, "duration": 84.16995096206665, "step": 75500}
{"episode_reward": 599.6417674991599, "episode": 303.0, "batch_reward": 1.8139363775253297, "critic_loss": 13.538601135253906, "actor_loss": -186.29668798828126, "alpha_loss": 0.004219748616218567, "alpha_value": 0.05679749995470047, "duration": 84.1147289276123, "step": 75750}
{"episode_reward": 503.7466775185899, "episode": 304.0, "batch_reward": 1.8145668277740479, "critic_loss": 13.784175624847412, "actor_loss": -186.54173376464843, "alpha_loss": 0.001320823175832629, "alpha_value": 0.05678490391373634, "duration": 84.33492946624756, "step": 76000}
{"episode_reward": 633.3576822714949, "episode": 305.0, "batch_reward": 1.8273106513023376, "critic_loss": 13.01313173866272, "actor_loss": -187.04937902832032, "alpha_loss": -0.00669868734665215, "alpha_value": 0.05687134638428688, "duration": 84.20037460327148, "step": 76250}
{"episode_reward": 656.7971256032266, "episode": 306.0, "batch_reward": 1.8336205649375916, "critic_loss": 13.187630512237549, "actor_loss": -187.33774877929687, "alpha_loss": 0.0034787548165768384, "alpha_value": 0.05690732422471047, "duration": 84.42990350723267, "step": 76500}
{"episode_reward": 563.5652715863718, "episode": 307.0, "batch_reward": 1.8242025427818298, "critic_loss": 13.508098264694214, "actor_loss": -187.68879272460939, "alpha_loss": -0.00584934208728373, "alpha_value": 0.05695896458625793, "duration": 85.13443326950073, "step": 76750}
{"episode_reward": 596.4039539431832, "episode": 308.0, "batch_reward": 1.8272130031585694, "critic_loss": 13.316859113693237, "actor_loss": -187.910994140625, "alpha_loss": -0.004748694756068289, "alpha_value": 0.05719775420427323, "duration": 85.27144312858582, "step": 77000}
{"episode_reward": 641.166571522549, "episode": 309.0, "batch_reward": 1.8451753101348878, "critic_loss": 13.507327091217041, "actor_loss": -188.32698693847655, "alpha_loss": 0.004791825139895081, "alpha_value": 0.05716395846009254, "duration": 85.5606005191803, "step": 77250}
{"episode_reward": 633.6423072367724, "episode": 310.0, "batch_reward": 1.8431924347877502, "critic_loss": 13.779485439300537, "actor_loss": -188.56603747558594, "alpha_loss": -0.007822856491431595, "alpha_value": 0.05715946638584137, "duration": 85.3231086730957, "step": 77500}
{"episode_reward": 679.8990700233014, "episode": 311.0, "batch_reward": 1.8366727204322815, "critic_loss": 13.50843740272522, "actor_loss": -188.8712667236328, "alpha_loss": -0.005853833187371493, "alpha_value": 0.05745492619276047, "duration": 85.52304148674011, "step": 77750}
{"episode_reward": 695.8997016484026, "episode": 312.0, "batch_reward": 1.8558596277236938, "critic_loss": 13.435775455474854, "actor_loss": -189.22899096679689, "alpha_loss": 0.0015923318564891814, "alpha_value": 0.05748308977484703, "duration": 84.22364592552185, "step": 78000}
{"episode_reward": 729.1763603672599, "episode": 313.0, "batch_reward": 1.8404263191223145, "critic_loss": 13.340440273284912, "actor_loss": -189.39791320800782, "alpha_loss": 0.0002626806627959013, "alpha_value": 0.057474851727485655, "duration": 84.01994729042053, "step": 78250}
{"episode_reward": 650.5542338975578, "episode": 314.0, "batch_reward": 1.8641259288787841, "critic_loss": 13.550691432952881, "actor_loss": -189.9278505859375, "alpha_loss": -0.0006410051481798291, "alpha_value": 0.057496370375156404, "duration": 84.36383938789368, "step": 78500}
{"episode_reward": 654.1012407293945, "episode": 315.0, "batch_reward": 1.851666211605072, "critic_loss": 13.531631435394287, "actor_loss": -190.18108642578125, "alpha_loss": 0.004295506052672863, "alpha_value": 0.05747480434179306, "duration": 83.96205878257751, "step": 78750}
{"episode_reward": 692.060018093376, "episode": 316.0, "batch_reward": 1.849319390296936, "critic_loss": 13.56794510269165, "actor_loss": -190.53862341308593, "alpha_loss": 0.007515770019963384, "alpha_value": 0.057165885478258134, "duration": 84.27252006530762, "step": 79000}
{"episode_reward": 592.4783066143361, "episode": 317.0, "batch_reward": 1.8470935187339783, "critic_loss": 13.674640712738038, "actor_loss": -190.7569013671875, "alpha_loss": -0.002273800862021744, "alpha_value": 0.05709808999300003, "duration": 85.30409693717957, "step": 79250}
{"episode_reward": 634.0697539745856, "episode": 318.0, "batch_reward": 1.8677763595581054, "critic_loss": 14.67818328857422, "actor_loss": -191.07949279785157, "alpha_loss": 0.007257143452763557, "alpha_value": 0.05709457528591156, "duration": 85.62956309318542, "step": 79500}
{"episode_reward": 583.6238956261361, "episode": 319.0, "batch_reward": 1.8643681526184082, "critic_loss": 13.841313304901123, "actor_loss": -191.52509619140625, "alpha_loss": 0.008247100936248898, "alpha_value": 0.05675539541244507, "duration": 85.2635190486908, "step": 79750}
{"episode_reward": 567.3939093028011, "episode": 320.0, "batch_reward": 1.8487352118492126, "critic_loss": 13.935754573822022, "actor_loss": -191.62081274414064, "alpha_loss": 0.0037088363580405712, "alpha_value": 0.05658787229657173, "duration": 85.48398923873901, "step": 80000}
