{"episode_reward": 0.0, "episode": 1.0, "duration": 11.693425178527832, "step": 250}
{"episode_reward": 14.0, "episode": 2.0, "duration": 0.32335448265075684, "step": 500}
{"episode_reward": 37.0, "episode": 3.0, "duration": 0.32471179962158203, "step": 750}
{"episode_reward": 30.0, "episode": 4.0, "duration": 0.3224751949310303, "step": 1000}
{"episode_reward": 8.0, "episode": 5.0, "batch_reward": 0.0888836068855084, "critic_loss": 0.873527802902015, "actor_loss": -1.0836085808393794, "alpha_loss": 0.3002661507364588, "alpha_value": 0.09476658902081306, "duration": 425.97411608695984, "step": 1250}
{"episode_reward": 26.0, "episode": 6.0, "batch_reward": 0.08578125, "critic_loss": 1.3414812291264533, "actor_loss": -2.2583869371414185, "alpha_loss": 0.26633012533187866, "alpha_value": 0.08941012197732925, "duration": 79.93422079086304, "step": 1500}
{"episode_reward": 44.0, "episode": 7.0, "batch_reward": 0.09509375, "critic_loss": 1.4975002410411835, "actor_loss": -2.5571862478256224, "alpha_loss": 0.2616800774335861, "alpha_value": 0.0884021475315094, "duration": 79.98102331161499, "step": 1750}
{"episode_reward": 0.0, "episode": 8.0, "batch_reward": 0.08415625, "critic_loss": 1.5792533431053162, "actor_loss": -2.6687971572875977, "alpha_loss": 0.2629443576335907, "alpha_value": 0.08739608979225158, "duration": 80.12495064735413, "step": 2000}
{"episode_reward": 0.0, "episode": 9.0, "batch_reward": 0.091875, "critic_loss": 2.0509153991937636, "actor_loss": -2.8636805458068846, "alpha_loss": 0.2595436590909958, "alpha_value": 0.08638924926519394, "duration": 80.09728050231934, "step": 2250}
{"episode_reward": 56.0, "episode": 10.0, "batch_reward": 0.131, "critic_loss": 3.768463314652443, "actor_loss": -3.7337563953399657, "alpha_loss": 0.2435533653497696, "alpha_value": 0.08541289132833481, "duration": 79.79317426681519, "step": 2500}
{"episode_reward": 392.0, "episode": 11.0, "batch_reward": 0.31715625, "critic_loss": 3.372385585784912, "actor_loss": -6.312456079483033, "alpha_loss": 0.22152247059345245, "alpha_value": 0.08451876306533813, "duration": 79.89157390594482, "step": 2750}
{"episode_reward": 637.0, "episode": 12.0, "batch_reward": 0.4481875, "critic_loss": 3.6244393520355223, "actor_loss": -8.165636596679688, "alpha_loss": 0.2135111058950424, "alpha_value": 0.0836631145477295, "duration": 79.88798999786377, "step": 3000}
{"episode_reward": 38.0, "episode": 13.0, "batch_reward": 0.41565625, "critic_loss": 4.4130723598003385, "actor_loss": -8.485197910308838, "alpha_loss": 0.19834632575511932, "alpha_value": 0.08284212100505829, "duration": 80.05191898345947, "step": 3250}
{"episode_reward": 21.0, "episode": 14.0, "batch_reward": 0.3903125, "critic_loss": 3.9770778250694274, "actor_loss": -8.963833801269532, "alpha_loss": 0.18387500703334808, "alpha_value": 0.0820689234137535, "duration": 79.92619180679321, "step": 3500}
{"episode_reward": 29.0, "episode": 15.0, "batch_reward": 0.39871875, "critic_loss": 4.13648880815506, "actor_loss": -9.785395034790039, "alpha_loss": 0.16720040106773376, "alpha_value": 0.08133449643850327, "duration": 80.09625148773193, "step": 3750}
{"episode_reward": 313.0, "episode": 16.0, "batch_reward": 0.4173125, "critic_loss": 4.162020354270935, "actor_loss": -11.230828971862794, "alpha_loss": 0.14748905485868455, "alpha_value": 0.08065937465429306, "duration": 80.09709906578064, "step": 4000}
{"episode_reward": 40.0, "episode": 17.0, "batch_reward": 0.40459375, "critic_loss": 5.154680203914642, "actor_loss": -13.143839103698731, "alpha_loss": 0.11976754748821258, "alpha_value": 0.08006328117847443, "duration": 80.07517266273499, "step": 4250}
{"episode_reward": 24.0, "episode": 18.0, "batch_reward": 0.46703125, "critic_loss": 6.897695803642273, "actor_loss": -15.29144970703125, "alpha_loss": 0.09700908303260804, "alpha_value": 0.07957983207702636, "duration": 80.17592024803162, "step": 4500}
{"episode_reward": 844.0, "episode": 19.0, "batch_reward": 0.5560625, "critic_loss": 5.0367791948318485, "actor_loss": -17.927627418518068, "alpha_loss": 0.08949141019582749, "alpha_value": 0.07913206136226654, "duration": 80.0973687171936, "step": 4750}
{"episode_reward": 50.0, "episode": 20.0, "batch_reward": 0.54709375, "critic_loss": 6.817035225868225, "actor_loss": -19.005393089294433, "alpha_loss": 0.08919651252031326, "alpha_value": 0.07867465502023697, "duration": 79.88678646087646, "step": 5000}
{"episode_reward": 51.0, "episode": 21.0, "batch_reward": 0.6095, "critic_loss": 6.882759010314941, "actor_loss": -21.21319369506836, "alpha_loss": 0.08487071058154107, "alpha_value": 0.07821381813287735, "duration": 80.01544523239136, "step": 5250}
{"episode_reward": 971.0, "episode": 22.0, "batch_reward": 0.675625, "critic_loss": 7.264076672554016, "actor_loss": -23.724716888427736, "alpha_loss": 0.08363548269867897, "alpha_value": 0.07775387424230576, "duration": 80.01656436920166, "step": 5500}
{"episode_reward": 22.0, "episode": 23.0, "batch_reward": 0.66915625, "critic_loss": 8.575545333862305, "actor_loss": -25.156633544921874, "alpha_loss": 0.08405822816491126, "alpha_value": 0.07726102554798127, "duration": 79.90740871429443, "step": 5750}
{"episode_reward": 364.0, "episode": 24.0, "batch_reward": 0.68478125, "critic_loss": 10.106851037979126, "actor_loss": -27.657682846069335, "alpha_loss": 0.06793948575854301, "alpha_value": 0.07681110060214996, "duration": 80.01032543182373, "step": 6000}
{"episode_reward": 10.0, "episode": 25.0, "batch_reward": 0.66796875, "critic_loss": 9.466151419639587, "actor_loss": -28.28247413635254, "alpha_loss": 0.06442155173420906, "alpha_value": 0.07639842802286148, "duration": 79.99888873100281, "step": 6250}
{"episode_reward": 0.0, "episode": 26.0, "batch_reward": 0.6298125, "critic_loss": 13.105103755950928, "actor_loss": -29.21204333496094, "alpha_loss": 0.059259483978152276, "alpha_value": 0.07597936868667603, "duration": 80.05061936378479, "step": 6500}
{"episode_reward": 0.0, "episode": 27.0, "batch_reward": 0.60459375, "critic_loss": 11.614150300979615, "actor_loss": -29.626336349487303, "alpha_loss": 0.05660315215587616, "alpha_value": 0.0755883948802948, "duration": 79.99960041046143, "step": 6750}
{"episode_reward": 10.0, "episode": 28.0, "batch_reward": 0.65275, "critic_loss": 11.918705041885376, "actor_loss": -30.162332092285155, "alpha_loss": 0.06311788566410542, "alpha_value": 0.07516013032197952, "duration": 76.36882901191711, "step": 7000}
{"episode_reward": 812.0, "episode": 29.0, "batch_reward": 0.6875625, "critic_loss": 12.124773809432984, "actor_loss": -31.40796513366699, "alpha_loss": 0.06180435808002949, "alpha_value": 0.0746859387755394, "duration": 75.60679006576538, "step": 7250}
{"episode_reward": 232.0, "episode": 30.0, "batch_reward": 0.694125, "critic_loss": 12.572020904541017, "actor_loss": -32.7956088104248, "alpha_loss": 0.06499200087785721, "alpha_value": 0.07419342494010925, "duration": 77.10513234138489, "step": 7500}
{"episode_reward": 0.0, "episode": 31.0, "batch_reward": 0.66078125, "critic_loss": 9.83581168460846, "actor_loss": -33.65002734375, "alpha_loss": 0.05970765917003155, "alpha_value": 0.07367777562141418, "duration": 76.16018295288086, "step": 7750}
{"episode_reward": 0.0, "episode": 32.0, "batch_reward": 0.71203125, "critic_loss": 9.05410891532898, "actor_loss": -36.785557235717775, "alpha_loss": 0.05746238595247269, "alpha_value": 0.0731815647482872, "duration": 75.4713933467865, "step": 8000}
{"episode_reward": 977.0, "episode": 33.0, "batch_reward": 0.78025, "critic_loss": 9.322521125793457, "actor_loss": -39.65891342163086, "alpha_loss": 0.047286836564540864, "alpha_value": 0.07270550924539566, "duration": 79.97886919975281, "step": 8250}
{"episode_reward": 469.0, "episode": 34.0, "batch_reward": 0.79890625, "critic_loss": 8.965911353111267, "actor_loss": -40.42031962585449, "alpha_loss": 0.02061434272490442, "alpha_value": 0.0724195562005043, "duration": 79.91142296791077, "step": 8500}
{"episode_reward": 270.0, "episode": 35.0, "batch_reward": 0.8195, "critic_loss": 8.490562598228454, "actor_loss": -41.61817333984375, "alpha_loss": 0.03258847670629621, "alpha_value": 0.07217280268669128, "duration": 80.00709795951843, "step": 8750}
{"episode_reward": 801.0, "episode": 36.0, "batch_reward": 0.8646875, "critic_loss": 9.34147974205017, "actor_loss": -43.538530639648435, "alpha_loss": 0.026060371615923943, "alpha_value": 0.07184962260723114, "duration": 79.96198296546936, "step": 9000}
{"episode_reward": 15.0, "episode": 37.0, "batch_reward": 0.83690625, "critic_loss": 8.57137188720703, "actor_loss": -44.852248443603514, "alpha_loss": 0.02382018618658185, "alpha_value": 0.07160241150856018, "duration": 80.07402396202087, "step": 9250}
{"episode_reward": 0.0, "episode": 38.0, "batch_reward": 0.8288125, "critic_loss": 8.22817744922638, "actor_loss": -45.89787841796875, "alpha_loss": 0.024000277331098913, "alpha_value": 0.0713355719447136, "duration": 80.03805208206177, "step": 9500}
{"episode_reward": 100.0, "episode": 39.0, "batch_reward": 0.7885625, "critic_loss": 10.591278001785279, "actor_loss": -46.283894104003906, "alpha_loss": 0.022173674015328288, "alpha_value": 0.07105839812755585, "duration": 79.86249446868896, "step": 9750}
{"episode_reward": 15.0, "episode": 40.0, "batch_reward": 0.7881875, "critic_loss": 8.843471982955933, "actor_loss": -47.17614785766602, "alpha_loss": 0.01780778736807406, "alpha_value": 0.07081122088432312, "duration": 79.8037600517273, "step": 10000}
{"episode_reward": 0.0, "episode": 41.0, "batch_reward": 0.7413125, "critic_loss": 9.639305411338807, "actor_loss": -48.12169692993164, "alpha_loss": 0.02490013303607702, "alpha_value": 0.07052007240056991, "duration": 92.6983642578125, "step": 10250}
{"episode_reward": 0.0, "episode": 42.0, "batch_reward": 0.72775, "critic_loss": 8.986055589675903, "actor_loss": -48.15906399536133, "alpha_loss": 0.019659619238693266, "alpha_value": 0.07022023290395736, "duration": 80.0058765411377, "step": 10500}
{"episode_reward": 0.0, "episode": 43.0, "batch_reward": 0.729375, "critic_loss": 8.84135059928894, "actor_loss": -49.913837951660156, "alpha_loss": 0.016232256466522814, "alpha_value": 0.06996110391616821, "duration": 79.93763065338135, "step": 10750}
{"episode_reward": 0.0, "episode": 44.0, "batch_reward": 0.70671875, "critic_loss": 9.99797627067566, "actor_loss": -51.18847579956055, "alpha_loss": 0.025253229262307286, "alpha_value": 0.06967338299751281, "duration": 79.9451949596405, "step": 11000}
{"episode_reward": 0.0, "episode": 45.0, "batch_reward": 0.6885625, "critic_loss": 10.618266178131103, "actor_loss": -50.529135375976566, "alpha_loss": 0.026791182409971952, "alpha_value": 0.06924874877929688, "duration": 79.95528721809387, "step": 11250}
{"episode_reward": 164.0, "episode": 46.0, "batch_reward": 0.7088125, "critic_loss": 9.330488546371459, "actor_loss": -52.584202087402346, "alpha_loss": 0.022958804219961167, "alpha_value": 0.06881436038017273, "duration": 80.12837862968445, "step": 11500}
{"episode_reward": 0.0, "episode": 47.0, "batch_reward": 0.7044375, "critic_loss": 12.863304448127746, "actor_loss": -52.4011801147461, "alpha_loss": 0.0222476391652599, "alpha_value": 0.06844249278306962, "duration": 79.92690229415894, "step": 11750}
{"episode_reward": 82.0, "episode": 48.0, "batch_reward": 0.67128125, "critic_loss": 11.392985103607177, "actor_loss": -53.2869880065918, "alpha_loss": 0.020320704283192752, "alpha_value": 0.06803962194919586, "duration": 80.02000617980957, "step": 12000}
{"episode_reward": 0.0, "episode": 49.0, "batch_reward": 0.64325, "critic_loss": 12.034868648529052, "actor_loss": -52.71550170898438, "alpha_loss": 0.0146536766551435, "alpha_value": 0.06774656933546067, "duration": 79.97747111320496, "step": 12250}
{"episode_reward": 0.0, "episode": 50.0, "batch_reward": 0.650125, "critic_loss": 10.376073680877685, "actor_loss": -54.599052703857424, "alpha_loss": 0.021775851437821986, "alpha_value": 0.06743855953216553, "duration": 79.98262143135071, "step": 12500}
{"episode_reward": 0.0, "episode": 51.0, "batch_reward": 0.6626875, "critic_loss": 8.338230205535888, "actor_loss": -56.664991180419925, "alpha_loss": 0.03246769703552127, "alpha_value": 0.06684851628541946, "duration": 79.82590961456299, "step": 12750}
{"episode_reward": 960.0, "episode": 52.0, "batch_reward": 0.70140625, "critic_loss": 7.896696882247925, "actor_loss": -58.69009176635742, "alpha_loss": 0.03241740626096726, "alpha_value": 0.06622440654039383, "duration": 79.84737253189087, "step": 13000}
{"episode_reward": 0.0, "episode": 53.0, "batch_reward": 0.72784375, "critic_loss": 7.456306418418884, "actor_loss": -59.77989334106445, "alpha_loss": 0.03230902795493603, "alpha_value": 0.06555333638191223, "duration": 79.91747713088989, "step": 13250}
{"episode_reward": 965.0, "episode": 54.0, "batch_reward": 0.723125, "critic_loss": 7.7450120677948, "actor_loss": -61.376789245605465, "alpha_loss": 0.031978280346840623, "alpha_value": 0.06492829167842865, "duration": 79.94495868682861, "step": 13500}
{"episode_reward": 4.0, "episode": 55.0, "batch_reward": 0.73315625, "critic_loss": 6.827473489761353, "actor_loss": -61.10251202392578, "alpha_loss": 0.036014367908239364, "alpha_value": 0.06421652895212174, "duration": 80.02627778053284, "step": 13750}
{"episode_reward": 385.0, "episode": 56.0, "batch_reward": 0.74646875, "critic_loss": 8.268608487129212, "actor_loss": -63.12174758911133, "alpha_loss": 0.0343975370042026, "alpha_value": 0.06348743605613709, "duration": 79.95165610313416, "step": 14000}
{"episode_reward": 6.0, "episode": 57.0, "batch_reward": 0.729375, "critic_loss": 7.0326402406692505, "actor_loss": -62.61165380859375, "alpha_loss": 0.043164655588567254, "alpha_value": 0.06270396322011948, "duration": 79.95749115943909, "step": 14250}
{"episode_reward": 54.0, "episode": 58.0, "batch_reward": 0.757, "critic_loss": 6.623130256652832, "actor_loss": -64.88603649902343, "alpha_loss": 0.04366412405669689, "alpha_value": 0.06186175802350044, "duration": 79.93691182136536, "step": 14500}
{"episode_reward": 960.0, "episode": 59.0, "batch_reward": 0.77003125, "critic_loss": 7.536444440841675, "actor_loss": -66.76606915283203, "alpha_loss": 0.04259706903994084, "alpha_value": 0.06103748446702957, "duration": 80.22203159332275, "step": 14750}
{"episode_reward": 128.0, "episode": 60.0, "batch_reward": 0.76365625, "critic_loss": 16.413889555931092, "actor_loss": -66.80172909545898, "alpha_loss": 0.04135073576122522, "alpha_value": 0.060261351227760315, "duration": 80.02558255195618, "step": 15000}
{"episode_reward": 0.0, "episode": 61.0, "batch_reward": 0.76946875, "critic_loss": 7.68814682006836, "actor_loss": -67.12618826293945, "alpha_loss": 0.03927492010593414, "alpha_value": 0.05952225786447525, "duration": 80.06460118293762, "step": 15250}
{"episode_reward": 112.0, "episode": 62.0, "batch_reward": 0.7630625, "critic_loss": 6.404397134780884, "actor_loss": -67.51034631347656, "alpha_loss": 0.03705693584680557, "alpha_value": 0.05885243490338325, "duration": 80.00145316123962, "step": 15500}
{"episode_reward": 3.0, "episode": 63.0, "batch_reward": 0.7373125, "critic_loss": 5.916450041770935, "actor_loss": -67.12835580444336, "alpha_loss": 0.03758463110029697, "alpha_value": 0.05818543231487274, "duration": 80.15287923812866, "step": 15750}
{"episode_reward": 2.0, "episode": 64.0, "batch_reward": 0.7510625, "critic_loss": 6.56372561454773, "actor_loss": -68.57851260375976, "alpha_loss": 0.03387751652300358, "alpha_value": 0.05756370717287063, "duration": 79.99881863594055, "step": 16000}
{"episode_reward": 996.0, "episode": 65.0, "batch_reward": 0.810625, "critic_loss": 7.454454907417297, "actor_loss": -71.77698916625977, "alpha_loss": 0.03635007216781378, "alpha_value": 0.05693695718050003, "duration": 79.81134128570557, "step": 16250}
{"episode_reward": 956.0, "episode": 66.0, "batch_reward": 0.8319375, "critic_loss": 6.311741538047791, "actor_loss": -73.44123565673829, "alpha_loss": 0.03885907709598541, "alpha_value": 0.05627319985628128, "duration": 80.13261246681213, "step": 16500}
{"episode_reward": 25.0, "episode": 67.0, "batch_reward": 0.83996875, "critic_loss": 7.094211757659912, "actor_loss": -73.68454495239259, "alpha_loss": 0.03914023460447788, "alpha_value": 0.05558520084619522, "duration": 80.01398992538452, "step": 16750}
{"episode_reward": 433.0, "episode": 68.0, "batch_reward": 0.82671875, "critic_loss": 7.266523997306824, "actor_loss": -74.32305038452148, "alpha_loss": 0.037708833737298844, "alpha_value": 0.05490987691283226, "duration": 80.06336402893066, "step": 17000}
{"episode_reward": 4.0, "episode": 69.0, "batch_reward": 0.81625, "critic_loss": 7.425546741485595, "actor_loss": -74.07280114746094, "alpha_loss": 0.038674644134938714, "alpha_value": 0.054285213351249695, "duration": 79.98578310012817, "step": 17250}
{"episode_reward": 0.0, "episode": 70.0, "batch_reward": 0.81475, "critic_loss": 56.36242174816132, "actor_loss": -74.33215991210938, "alpha_loss": 0.03599450598284602, "alpha_value": 0.05364171257615089, "duration": 79.98296856880188, "step": 17500}
{"episode_reward": 48.0, "episode": 71.0, "batch_reward": 0.78871875, "critic_loss": 16.234211723327636, "actor_loss": -73.91862756347656, "alpha_loss": 0.033159304032102224, "alpha_value": 0.0530632808804512, "duration": 80.02418875694275, "step": 17750}
{"episode_reward": 32.0, "episode": 72.0, "batch_reward": 0.79440625, "critic_loss": 24.288405933380126, "actor_loss": -74.00196759033203, "alpha_loss": 0.03032824862189591, "alpha_value": 0.052530724465847015, "duration": 80.03207063674927, "step": 18000}
{"episode_reward": 0.0, "episode": 73.0, "batch_reward": 0.79596875, "critic_loss": 12.946695236206054, "actor_loss": -76.09053091430664, "alpha_loss": 0.03423167162388563, "alpha_value": 0.051991836309432986, "duration": 79.94251585006714, "step": 18250}
{"episode_reward": 993.0, "episode": 74.0, "batch_reward": 0.81503125, "critic_loss": 10.479491456031798, "actor_loss": -77.50209899902343, "alpha_loss": 0.029484858475625514, "alpha_value": 0.05143817138671875, "duration": 79.89742994308472, "step": 18500}
{"episode_reward": 0.0, "episode": 75.0, "batch_reward": 0.809125, "critic_loss": 12.769777360916137, "actor_loss": -79.1713842163086, "alpha_loss": 0.029394517604261636, "alpha_value": 0.05094669586420059, "duration": 79.98958611488342, "step": 18750}
{"episode_reward": 30.0, "episode": 76.0, "batch_reward": 0.7941875, "critic_loss": 11.156254777908325, "actor_loss": -79.68521466064453, "alpha_loss": 0.028563923750072717, "alpha_value": 0.05045060878992081, "duration": 80.13396501541138, "step": 19000}
{"episode_reward": 0.0, "episode": 77.0, "batch_reward": 0.8220625, "critic_loss": 9.200455960273743, "actor_loss": -82.07869229125977, "alpha_loss": 0.029230668652802706, "alpha_value": 0.04995075821876526, "duration": 80.0741639137268, "step": 19250}
{"episode_reward": 975.0, "episode": 78.0, "batch_reward": 0.816875, "critic_loss": 9.624088117599488, "actor_loss": -82.14603088378907, "alpha_loss": 0.03448705149441957, "alpha_value": 0.049403423637151715, "duration": 79.94350385665894, "step": 19500}
{"episode_reward": 0.0, "episode": 79.0, "batch_reward": 0.816375, "critic_loss": 7.675595710754394, "actor_loss": -84.40849493408203, "alpha_loss": 0.033500515058636667, "alpha_value": 0.04881045415997505, "duration": 79.86922550201416, "step": 19750}
{"episode_reward": 0.0, "episode": 80.0, "batch_reward": 0.81, "critic_loss": 7.532979691505433, "actor_loss": -83.7973303527832, "alpha_loss": 0.035575695507228375, "alpha_value": 0.04821956965327263, "duration": 79.74724173545837, "step": 20000}
{"episode_reward": 0.0, "episode": 81.0, "batch_reward": 0.80021875, "critic_loss": 16.667941465377808, "actor_loss": -82.28952603149413, "alpha_loss": 0.03201639704219997, "alpha_value": 0.04766165506839752, "duration": 93.09187650680542, "step": 20250}
{"episode_reward": 35.0, "episode": 82.0, "batch_reward": 0.80234375, "critic_loss": 8.955804998397827, "actor_loss": -82.15982629394532, "alpha_loss": 0.03435656702518463, "alpha_value": 0.047086004972457886, "duration": 79.9176778793335, "step": 20500}
{"episode_reward": 19.0, "episode": 83.0, "batch_reward": 0.79371875, "critic_loss": 8.216081204414367, "actor_loss": -84.01511218261719, "alpha_loss": 0.032006941385567186, "alpha_value": 0.046535267382860186, "duration": 80.06291556358337, "step": 20750}
{"episode_reward": 0.0, "episode": 84.0, "batch_reward": 0.775625, "critic_loss": 7.967667430877685, "actor_loss": -83.11362939453124, "alpha_loss": 0.031627599619328976, "alpha_value": 0.04602017119526863, "duration": 80.02059507369995, "step": 21000}
{"episode_reward": 20.0, "episode": 85.0, "batch_reward": 0.7740625, "critic_loss": 7.6709616079330445, "actor_loss": -84.72648028564453, "alpha_loss": 0.03459102340042591, "alpha_value": 0.04548486241698265, "duration": 79.95028614997864, "step": 21250}
{"episode_reward": 926.0, "episode": 86.0, "batch_reward": 0.81815625, "critic_loss": 7.047814246177674, "actor_loss": -85.40494641113281, "alpha_loss": 0.0353212531208992, "alpha_value": 0.044914464116096495, "duration": 79.90007948875427, "step": 21500}
{"episode_reward": 0.0, "episode": 87.0, "batch_reward": 0.7828125, "critic_loss": 7.729283687591553, "actor_loss": -85.07862701416016, "alpha_loss": 0.03553212313354016, "alpha_value": 0.0443588718175888, "duration": 79.88172554969788, "step": 21750}
{"episode_reward": 0.0, "episode": 88.0, "batch_reward": 0.77275, "critic_loss": 8.973297636985778, "actor_loss": -84.77853619384766, "alpha_loss": 0.033569405592978004, "alpha_value": 0.043815339088439945, "duration": 79.95688366889954, "step": 22000}
{"episode_reward": 16.0, "episode": 89.0, "batch_reward": 0.77296875, "critic_loss": 7.380392198562622, "actor_loss": -85.07574676513671, "alpha_loss": 0.03342602859437466, "alpha_value": 0.04330347779393196, "duration": 79.79923439025879, "step": 22250}
{"episode_reward": 0.0, "episode": 90.0, "batch_reward": 0.75415625, "critic_loss": 6.539940704345703, "actor_loss": -83.6071287841797, "alpha_loss": 0.032459784410893915, "alpha_value": 0.04278645101189613, "duration": 80.03896522521973, "step": 22500}
{"episode_reward": 23.0, "episode": 91.0, "batch_reward": 0.7485625, "critic_loss": 8.412385791778565, "actor_loss": -84.13887872314453, "alpha_loss": 0.03096592012420297, "alpha_value": 0.042304453909397126, "duration": 80.09851360321045, "step": 22750}
{"episode_reward": 4.0, "episode": 92.0, "batch_reward": 0.75165625, "critic_loss": 10.338256386756896, "actor_loss": -85.19456475830079, "alpha_loss": 0.03161732340604067, "alpha_value": 0.04182476216554642, "duration": 80.02553248405457, "step": 23000}
{"episode_reward": 86.0, "episode": 93.0, "batch_reward": 0.73528125, "critic_loss": 9.327609851837158, "actor_loss": -87.16874502563476, "alpha_loss": 0.027335828650742768, "alpha_value": 0.041393655449151995, "duration": 80.07477593421936, "step": 23250}
{"episode_reward": 46.0, "episode": 94.0, "batch_reward": 0.73115625, "critic_loss": 7.646282196998596, "actor_loss": -85.62496118164063, "alpha_loss": 0.02432488001137972, "alpha_value": 0.04099424701929093, "duration": 80.16201043128967, "step": 23500}
{"episode_reward": 10.0, "episode": 95.0, "batch_reward": 0.7331875, "critic_loss": 9.569140377998352, "actor_loss": -84.15709899902343, "alpha_loss": 0.03285694504529238, "alpha_value": 0.04055846062302589, "duration": 80.0520977973938, "step": 23750}
{"episode_reward": 145.0, "episode": 96.0, "batch_reward": 0.72153125, "critic_loss": 25.814273083686828, "actor_loss": -84.97875323486328, "alpha_loss": 0.0270697006508708, "alpha_value": 0.04006517252326012, "duration": 79.83763217926025, "step": 24000}
{"episode_reward": 0.0, "episode": 97.0, "batch_reward": 0.72790625, "critic_loss": 11.6276880941391, "actor_loss": -83.98874194335937, "alpha_loss": 0.024225521825253962, "alpha_value": 0.03972570234537125, "duration": 79.94200110435486, "step": 24250}
{"episode_reward": 12.0, "episode": 98.0, "batch_reward": 0.7095, "critic_loss": 7.209851731300354, "actor_loss": -83.10799890136718, "alpha_loss": 0.02882291342318058, "alpha_value": 0.03930483150482178, "duration": 79.97702169418335, "step": 24500}
{"episode_reward": 0.0, "episode": 99.0, "batch_reward": 0.72109375, "critic_loss": 6.184931331634521, "actor_loss": -84.76644464111328, "alpha_loss": 0.03222073666751385, "alpha_value": 0.03883851957321167, "duration": 79.97392249107361, "step": 24750}
{"episode_reward": 950.0, "episode": 100.0, "batch_reward": 0.7583125, "critic_loss": 6.036450596809387, "actor_loss": -87.7576586303711, "alpha_loss": 0.030376981779932977, "alpha_value": 0.038378411680459974, "duration": 79.87332367897034, "step": 25000}
{"episode_reward": 958.0, "episode": 101.0, "batch_reward": 0.7605, "critic_loss": 6.307583280563355, "actor_loss": -87.84992156982422, "alpha_loss": 0.03298806385695934, "alpha_value": 0.03790964841842651, "duration": 80.0112898349762, "step": 25250}
{"episode_reward": 57.0, "episode": 102.0, "batch_reward": 0.7763125, "critic_loss": 43.36038528251648, "actor_loss": -89.34188464355469, "alpha_loss": 0.02293136297352612, "alpha_value": 0.037473339200019835, "duration": 80.11123776435852, "step": 25500}
{"episode_reward": 116.0, "episode": 103.0, "batch_reward": 0.7593125, "critic_loss": 19.87509857559204, "actor_loss": -89.04043743896484, "alpha_loss": 0.02153812290728092, "alpha_value": 0.037164989590644834, "duration": 80.0239942073822, "step": 25750}
{"episode_reward": 16.0, "episode": 104.0, "batch_reward": 0.7570625, "critic_loss": 21.490437808036805, "actor_loss": -90.17730902099609, "alpha_loss": 0.02332686307653785, "alpha_value": 0.036824057430028916, "duration": 79.87740421295166, "step": 26000}
{"episode_reward": 0.0, "episode": 105.0, "batch_reward": 0.7693125, "critic_loss": 9.414328036308289, "actor_loss": -90.7044732055664, "alpha_loss": 0.022795541759580373, "alpha_value": 0.036472594410181046, "duration": 79.96329307556152, "step": 26250}
{"episode_reward": 643.0, "episode": 106.0, "batch_reward": 0.7658125, "critic_loss": 7.212134949684143, "actor_loss": -92.12739349365235, "alpha_loss": 0.021045070241205395, "alpha_value": 0.03613926935195923, "duration": 80.00290250778198, "step": 26500}
{"episode_reward": 4.0, "episode": 107.0, "batch_reward": 0.7504375, "critic_loss": 8.341588753700256, "actor_loss": -90.91650830078125, "alpha_loss": 0.02259074421040714, "alpha_value": 0.035808467417955396, "duration": 79.8890290260315, "step": 26750}
{"episode_reward": 86.0, "episode": 108.0, "batch_reward": 0.74840625, "critic_loss": 8.075638093948363, "actor_loss": -89.49301062011719, "alpha_loss": 0.02091285077854991, "alpha_value": 0.03545388913154602, "duration": 79.89003705978394, "step": 27000}
{"episode_reward": 0.0, "episode": 109.0, "batch_reward": 0.76015625, "critic_loss": 9.434945885658264, "actor_loss": -91.12170092773438, "alpha_loss": 0.022031936693936587, "alpha_value": 0.03511784437298775, "duration": 79.91810774803162, "step": 27250}
{"episode_reward": 271.0, "episode": 110.0, "batch_reward": 0.7486875, "critic_loss": 10.110102716445923, "actor_loss": -90.12227215576172, "alpha_loss": 0.024101646184921263, "alpha_value": 0.034748189985752104, "duration": 79.92422723770142, "step": 27500}
{"episode_reward": 58.0, "episode": 111.0, "batch_reward": 0.7609375, "critic_loss": 9.794490605354309, "actor_loss": -89.68181329345703, "alpha_loss": 0.027224231846630573, "alpha_value": 0.03433288416266441, "duration": 79.91894364356995, "step": 27750}
{"episode_reward": 823.0, "episode": 112.0, "batch_reward": 0.7491875, "critic_loss": 9.501678854942321, "actor_loss": -89.53172570800781, "alpha_loss": 0.022462691105902197, "alpha_value": 0.033927951604127884, "duration": 79.9976794719696, "step": 28000}
{"episode_reward": 125.0, "episode": 113.0, "batch_reward": 0.76109375, "critic_loss": 8.559430970191956, "actor_loss": -90.2941788330078, "alpha_loss": 0.025113033927977084, "alpha_value": 0.033553809374570844, "duration": 79.94269323348999, "step": 28250}
{"episode_reward": 18.0, "episode": 114.0, "batch_reward": 0.757375, "critic_loss": 10.175433920860291, "actor_loss": -90.31423638916016, "alpha_loss": 0.02403120095282793, "alpha_value": 0.03317514187097549, "duration": 79.90457487106323, "step": 28500}
{"episode_reward": 0.0, "episode": 115.0, "batch_reward": 0.7590625, "critic_loss": 8.488053914070129, "actor_loss": -89.27003143310547, "alpha_loss": 0.026420751973986627, "alpha_value": 0.03276986691355705, "duration": 80.0291531085968, "step": 28750}
{"episode_reward": 628.0, "episode": 116.0, "batch_reward": 0.76315625, "critic_loss": 8.791022928237915, "actor_loss": -88.66942163085938, "alpha_loss": 0.022140429213643075, "alpha_value": 0.03240177074074745, "duration": 80.04210495948792, "step": 29000}
{"episode_reward": 9.0, "episode": 117.0, "batch_reward": 0.7815, "critic_loss": 8.3361157913208, "actor_loss": -90.40897253417968, "alpha_loss": 0.019396009650081397, "alpha_value": 0.03206950935721398, "duration": 80.002525806427, "step": 29250}
{"episode_reward": 750.0, "episode": 118.0, "batch_reward": 0.7770625, "critic_loss": 8.376719502449035, "actor_loss": -90.18355181884766, "alpha_loss": 0.022425462279468775, "alpha_value": 0.03175032988190651, "duration": 79.87671089172363, "step": 29500}
{"episode_reward": 0.0, "episode": 119.0, "batch_reward": 0.7770625, "critic_loss": 7.414710174560547, "actor_loss": -89.7417310180664, "alpha_loss": 0.019306012550368904, "alpha_value": 0.031421980649232864, "duration": 80.04571080207825, "step": 29750}
{"episode_reward": 229.0, "episode": 120.0, "batch_reward": 0.78190625, "critic_loss": 36.7178001871109, "actor_loss": -91.48499035644531, "alpha_loss": 0.016115585243329407, "alpha_value": 0.031120815351605415, "duration": 79.78239393234253, "step": 30000}
{"episode_reward": 314.0, "episode": 121.0, "batch_reward": 0.7825, "critic_loss": 15.411065208435058, "actor_loss": -91.08303240966796, "alpha_loss": 0.013269420515745879, "alpha_value": 0.03090476666390896, "duration": 93.23895192146301, "step": 30250}
{"episode_reward": 98.0, "episode": 122.0, "batch_reward": 0.75928125, "critic_loss": 9.226737382888794, "actor_loss": -89.0722671508789, "alpha_loss": 0.012388742691837252, "alpha_value": 0.030686527758836745, "duration": 79.93495750427246, "step": 30500}
{"episode_reward": 9.0, "episode": 123.0, "batch_reward": 0.7790625, "critic_loss": 8.958574870109558, "actor_loss": -89.76347601318359, "alpha_loss": 0.015012606086209416, "alpha_value": 0.0304529230594635, "duration": 79.83812642097473, "step": 30750}
{"episode_reward": 16.0, "episode": 124.0, "batch_reward": 0.78528125, "critic_loss": 9.331755747795105, "actor_loss": -90.97150561523438, "alpha_loss": 0.015807162325829266, "alpha_value": 0.030177441000938415, "duration": 80.01853919029236, "step": 31000}
{"episode_reward": 976.0, "episode": 125.0, "batch_reward": 0.79796875, "critic_loss": 10.103400569915772, "actor_loss": -92.88621881103515, "alpha_loss": 0.015320567652583121, "alpha_value": 0.02989601741731167, "duration": 80.09479904174805, "step": 31250}
{"episode_reward": 271.0, "episode": 126.0, "batch_reward": 0.78328125, "critic_loss": 12.461749868392944, "actor_loss": -90.70653439331055, "alpha_loss": 0.014030548593960702, "alpha_value": 0.02963943861424923, "duration": 80.14891147613525, "step": 31500}
{"episode_reward": 160.0, "episode": 127.0, "batch_reward": 0.8120625, "critic_loss": 17.58282581138611, "actor_loss": -93.30369635009765, "alpha_loss": 0.014506053504534065, "alpha_value": 0.02936868765950203, "duration": 79.92212343215942, "step": 31750}
{"episode_reward": 903.0, "episode": 128.0, "batch_reward": 0.79109375, "critic_loss": 9.977246868133545, "actor_loss": -93.85493286132812, "alpha_loss": 0.011156272911466657, "alpha_value": 0.02912843006849289, "duration": 80.10938239097595, "step": 32000}
{"episode_reward": 0.0, "episode": 129.0, "batch_reward": 0.8056875, "critic_loss": 9.433657188415527, "actor_loss": -93.93393197631836, "alpha_loss": 0.011131578595377506, "alpha_value": 0.028926599636673926, "duration": 79.95681309700012, "step": 32250}
{"episode_reward": 0.0, "episode": 130.0, "batch_reward": 0.816125, "critic_loss": 10.417413992881775, "actor_loss": -95.26032733154297, "alpha_loss": 0.010875218647532166, "alpha_value": 0.028693846255540847, "duration": 80.10258436203003, "step": 32500}
{"episode_reward": 298.0, "episode": 131.0, "batch_reward": 0.792125, "critic_loss": 12.150386003494262, "actor_loss": -93.30256127929688, "alpha_loss": 0.009405965300742537, "alpha_value": 0.028499824687838553, "duration": 80.05038642883301, "step": 32750}
{"episode_reward": 42.0, "episode": 132.0, "batch_reward": 0.79796875, "critic_loss": 13.020534215927125, "actor_loss": -93.60417990112305, "alpha_loss": 0.008347518258728088, "alpha_value": 0.02830764390528202, "duration": 80.19016289710999, "step": 33000}
{"episode_reward": 0.0, "episode": 133.0, "batch_reward": 0.77765625, "critic_loss": 12.409044818878174, "actor_loss": -93.2588569946289, "alpha_loss": 0.008196310696192085, "alpha_value": 0.028127025470137595, "duration": 80.08054208755493, "step": 33250}
{"episode_reward": 69.0, "episode": 134.0, "batch_reward": 0.8015625, "critic_loss": 12.63563370513916, "actor_loss": -94.19375860595703, "alpha_loss": 0.006025316633284092, "alpha_value": 0.027979939550161363, "duration": 80.16437411308289, "step": 33500}
{"episode_reward": 23.0, "episode": 135.0, "batch_reward": 0.78128125, "critic_loss": 15.082223794937134, "actor_loss": -91.51888732910156, "alpha_loss": 0.008291116894222796, "alpha_value": 0.027803642198443414, "duration": 80.11892223358154, "step": 33750}
{"episode_reward": 0.0, "episode": 136.0, "batch_reward": 0.793875, "critic_loss": 13.700958515167237, "actor_loss": -93.41295281982421, "alpha_loss": 0.00961739341262728, "alpha_value": 0.027594677463173865, "duration": 80.17797136306763, "step": 34000}
{"episode_reward": 951.0, "episode": 137.0, "batch_reward": 0.80878125, "critic_loss": 12.086281620025634, "actor_loss": -95.2428003540039, "alpha_loss": 0.006780901350080967, "alpha_value": 0.027394050374627114, "duration": 80.06676077842712, "step": 34250}
{"episode_reward": 8.0, "episode": 138.0, "batch_reward": 0.78853125, "critic_loss": 14.329453624725343, "actor_loss": -94.27648834228516, "alpha_loss": 0.008728174068033695, "alpha_value": 0.027215087994933128, "duration": 80.17982721328735, "step": 34500}
{"episode_reward": 441.0, "episode": 139.0, "batch_reward": 0.80271875, "critic_loss": 15.825322660446167, "actor_loss": -95.51209881591797, "alpha_loss": 0.0070348070692270994, "alpha_value": 0.02700177201628685, "duration": 80.03850507736206, "step": 34750}
{"episode_reward": 51.0, "episode": 140.0, "batch_reward": 0.824125, "critic_loss": 13.157624668121338, "actor_loss": -95.63732489013672, "alpha_loss": 0.007592913799919188, "alpha_value": 0.026817945018410682, "duration": 80.15708923339844, "step": 35000}
{"episode_reward": 9.0, "episode": 141.0, "batch_reward": 0.79096875, "critic_loss": 17.809303382873534, "actor_loss": -94.79471551513672, "alpha_loss": 0.008131428478285671, "alpha_value": 0.026605297937989235, "duration": 80.06816959381104, "step": 35250}
{"episode_reward": 5.0, "episode": 142.0, "batch_reward": 0.78165625, "critic_loss": 13.64772070121765, "actor_loss": -93.12918408203124, "alpha_loss": 0.010021684620529414, "alpha_value": 0.026356439113616945, "duration": 80.03521227836609, "step": 35500}
{"episode_reward": 105.0, "episode": 143.0, "batch_reward": 0.7679375, "critic_loss": 14.727992500305175, "actor_loss": -92.23138916015625, "alpha_loss": 0.009254067453555764, "alpha_value": 0.026106339409947395, "duration": 80.11919856071472, "step": 35750}
{"episode_reward": 30.0, "episode": 144.0, "batch_reward": 0.75640625, "critic_loss": 13.56946950340271, "actor_loss": -91.22126690673828, "alpha_loss": 0.010751706620212645, "alpha_value": 0.025838963389396667, "duration": 80.06071615219116, "step": 36000}
{"episode_reward": 20.0, "episode": 145.0, "batch_reward": 0.77721875, "critic_loss": 17.27056869316101, "actor_loss": -93.42726403808594, "alpha_loss": 0.008024509372189641, "alpha_value": 0.025583037540316583, "duration": 80.06721210479736, "step": 36250}
{"episode_reward": 34.0, "episode": 146.0, "batch_reward": 0.77240625, "critic_loss": 13.838416682243347, "actor_loss": -92.29232879638671, "alpha_loss": 0.006560298115946352, "alpha_value": 0.0253895433396101, "duration": 80.20199465751648, "step": 36500}
{"episode_reward": 0.0, "episode": 147.0, "batch_reward": 0.77053125, "critic_loss": 16.31326162528992, "actor_loss": -93.60590283203125, "alpha_loss": 0.005877082207240164, "alpha_value": 0.02520383833348751, "duration": 80.03716897964478, "step": 36750}
{"episode_reward": 2.0, "episode": 148.0, "batch_reward": 0.76959375, "critic_loss": 16.538152667999267, "actor_loss": -93.34807727050782, "alpha_loss": 0.004581042106729001, "alpha_value": 0.025064447462558745, "duration": 79.98555779457092, "step": 37000}
{"episode_reward": 91.0, "episode": 149.0, "batch_reward": 0.756625, "critic_loss": 20.742011222839356, "actor_loss": -92.9772114868164, "alpha_loss": 0.003069970041047782, "alpha_value": 0.02495548187196255, "duration": 80.07569122314453, "step": 37250}
{"episode_reward": 0.0, "episode": 150.0, "batch_reward": 0.768, "critic_loss": 17.473065355300903, "actor_loss": -92.86285522460938, "alpha_loss": 0.004388346802443266, "alpha_value": 0.024827268168330193, "duration": 80.14259195327759, "step": 37500}
{"episode_reward": 15.0, "episode": 151.0, "batch_reward": 0.74953125, "critic_loss": 16.037005308151244, "actor_loss": -92.5006049194336, "alpha_loss": 0.00309866702510044, "alpha_value": 0.02471431991457939, "duration": 80.10656905174255, "step": 37750}
{"episode_reward": 21.0, "episode": 152.0, "batch_reward": 0.739625, "critic_loss": 17.538577812194823, "actor_loss": -91.88017810058594, "alpha_loss": 9.786598058417439e-05, "alpha_value": 0.024677853018045426, "duration": 79.98953890800476, "step": 38000}
{"episode_reward": 129.0, "episode": 153.0, "batch_reward": 0.7429375, "critic_loss": 17.92882611465454, "actor_loss": -93.11316497802734, "alpha_loss": 0.0006491934591904283, "alpha_value": 0.024650888428092002, "duration": 80.06721949577332, "step": 38250}
{"episode_reward": 51.0, "episode": 154.0, "batch_reward": 0.7383125, "critic_loss": 20.997898891448976, "actor_loss": -92.39793664550781, "alpha_loss": 0.0007680335212498904, "alpha_value": 0.024611210465431212, "duration": 80.19757795333862, "step": 38500}
{"episode_reward": 22.0, "episode": 155.0, "batch_reward": 0.7348125, "critic_loss": 20.820942058563233, "actor_loss": -92.69881958007812, "alpha_loss": -0.0008727946975268424, "alpha_value": 0.024611495792865753, "duration": 80.11862897872925, "step": 38750}
{"episode_reward": 0.0, "episode": 156.0, "batch_reward": 0.7343125, "critic_loss": 20.066546058654787, "actor_loss": -93.58276708984376, "alpha_loss": 9.098779689520598e-05, "alpha_value": 0.024638592392206192, "duration": 79.98628950119019, "step": 39000}
{"episode_reward": 126.0, "episode": 157.0, "batch_reward": 0.72634375, "critic_loss": 22.9193826713562, "actor_loss": -90.8200560913086, "alpha_loss": -0.004579714395105839, "alpha_value": 0.024741407245397567, "duration": 80.16188931465149, "step": 39250}
{"episode_reward": 9.0, "episode": 158.0, "batch_reward": 0.73346875, "critic_loss": 21.992238945007323, "actor_loss": -91.79441497802735, "alpha_loss": -0.000729809504467994, "alpha_value": 0.024854986026883127, "duration": 80.10047316551208, "step": 39500}
{"episode_reward": 11.0, "episode": 159.0, "batch_reward": 0.72153125, "critic_loss": 22.01298783874512, "actor_loss": -90.99076892089843, "alpha_loss": 0.000966125647071749, "alpha_value": 0.02481090009212494, "duration": 79.98486852645874, "step": 39750}
{"episode_reward": 84.0, "episode": 160.0, "batch_reward": 0.7248125, "critic_loss": 21.55955883407593, "actor_loss": -91.45795153808594, "alpha_loss": -0.00227573025226593, "alpha_value": 0.024853876158595085, "duration": 80.2772810459137, "step": 40000}
{"episode_reward": 0.0, "episode": 161.0, "batch_reward": 0.7143125, "critic_loss": 26.150213684082033, "actor_loss": -91.52992071533203, "alpha_loss": -0.0034306178488768637, "alpha_value": 0.024962074592709542, "duration": 94.69140148162842, "step": 40250}
{"episode_reward": 0.0, "episode": 162.0, "batch_reward": 0.714125, "critic_loss": 26.680043273925783, "actor_loss": -92.83038510131836, "alpha_loss": -0.006265655158087611, "alpha_value": 0.025202537342906, "duration": 80.0091118812561, "step": 40500}
{"episode_reward": 0.0, "episode": 163.0, "batch_reward": 0.7029375, "critic_loss": 24.24834442138672, "actor_loss": -92.14871215820312, "alpha_loss": -0.004712703501340002, "alpha_value": 0.025448609679937364, "duration": 80.10404300689697, "step": 40750}
{"episode_reward": 5.0, "episode": 164.0, "batch_reward": 0.699, "critic_loss": 70.07965250778199, "actor_loss": -92.52335510253906, "alpha_loss": -0.0057771040443331005, "alpha_value": 0.025623781353235245, "duration": 80.26108813285828, "step": 41000}
{"episode_reward": 922.0, "episode": 165.0, "batch_reward": 0.70878125, "critic_loss": 28.905442859649657, "actor_loss": -93.21080151367188, "alpha_loss": -0.008192432962823659, "alpha_value": 0.02590826866030693, "duration": 79.93051958084106, "step": 41250}
{"episode_reward": 250.0, "episode": 166.0, "batch_reward": 0.7244375, "critic_loss": 31.72594150161743, "actor_loss": -94.67434387207031, "alpha_loss": -0.0054195495727472, "alpha_value": 0.026190561324357986, "duration": 80.0535478591919, "step": 41500}
{"episode_reward": 9.0, "episode": 167.0, "batch_reward": 0.709125, "critic_loss": 51.23484745788574, "actor_loss": -93.25038568115234, "alpha_loss": -0.0027816526116803287, "alpha_value": 0.026340970352292062, "duration": 80.05701088905334, "step": 41750}
{"episode_reward": 542.0, "episode": 168.0, "batch_reward": 0.70228125, "critic_loss": 51.18070889282227, "actor_loss": -92.5771693725586, "alpha_loss": -0.0038197093051858247, "alpha_value": 0.026511047810316084, "duration": 80.01425790786743, "step": 42000}
{"episode_reward": 160.0, "episode": 169.0, "batch_reward": 0.724125, "critic_loss": 33.819792572021484, "actor_loss": -97.94644885253906, "alpha_loss": -0.005283761821687221, "alpha_value": 0.026692149758338928, "duration": 80.07050156593323, "step": 42250}
{"episode_reward": 963.0, "episode": 170.0, "batch_reward": 0.76421875, "critic_loss": 44.866261573791505, "actor_loss": -98.74994287109375, "alpha_loss": -0.0072241680789738895, "alpha_value": 0.02695853453874588, "duration": 80.00391030311584, "step": 42500}
{"episode_reward": 832.0, "episode": 171.0, "batch_reward": 0.76821875, "critic_loss": 38.82328754425049, "actor_loss": -100.28095355224609, "alpha_loss": -0.002512403503060341, "alpha_value": 0.027140376091003417, "duration": 80.05055022239685, "step": 42750}
{"episode_reward": 965.0, "episode": 172.0, "batch_reward": 0.77334375, "critic_loss": 59.634566501617435, "actor_loss": -101.43188372802734, "alpha_loss": -0.0019476124090142548, "alpha_value": 0.027209429413080216, "duration": 80.05029439926147, "step": 43000}
{"episode_reward": 78.0, "episode": 173.0, "batch_reward": 0.77509375, "critic_loss": 69.08129939270019, "actor_loss": -101.66525848388672, "alpha_loss": -0.005085199654102326, "alpha_value": 0.027399201616644858, "duration": 80.12609720230103, "step": 43250}
{"episode_reward": 25.0, "episode": 174.0, "batch_reward": 0.769875, "critic_loss": 34.444206512451174, "actor_loss": -100.97814587402344, "alpha_loss": -0.0014574828185141087, "alpha_value": 0.027504688158631326, "duration": 80.00813722610474, "step": 43500}
{"episode_reward": 19.0, "episode": 175.0, "batch_reward": 0.78484375, "critic_loss": 52.164189498901365, "actor_loss": -103.92488256835938, "alpha_loss": -0.0009627195918001235, "alpha_value": 0.027554098159074784, "duration": 80.0528028011322, "step": 43750}
{"episode_reward": 957.0, "episode": 176.0, "batch_reward": 0.79659375, "critic_loss": 41.09389231109619, "actor_loss": -103.99897326660157, "alpha_loss": -0.005031422934029251, "alpha_value": 0.027703825443983077, "duration": 80.00981068611145, "step": 44000}
{"episode_reward": 3.0, "episode": 177.0, "batch_reward": 0.787375, "critic_loss": 39.684594455718994, "actor_loss": -102.82254998779297, "alpha_loss": -0.0011293963762000203, "alpha_value": 0.027882850036025048, "duration": 80.03701710700989, "step": 44250}
{"episode_reward": 104.0, "episode": 178.0, "batch_reward": 0.7718125, "critic_loss": 38.45644046020508, "actor_loss": -102.50135260009766, "alpha_loss": -0.00047859876230359075, "alpha_value": 0.027917586103081704, "duration": 80.14745140075684, "step": 44500}
{"episode_reward": 55.0, "episode": 179.0, "batch_reward": 0.77496875, "critic_loss": 39.19996384429932, "actor_loss": -104.73035968017578, "alpha_loss": -0.0020155903976410627, "alpha_value": 0.02795338197052479, "duration": 80.15343689918518, "step": 44750}
{"episode_reward": 32.0, "episode": 180.0, "batch_reward": 0.77278125, "critic_loss": 60.74552746200562, "actor_loss": -102.96034735107422, "alpha_loss": -0.0016999249299988152, "alpha_value": 0.02806289763748646, "duration": 80.01536583900452, "step": 45000}
{"episode_reward": 298.0, "episode": 181.0, "batch_reward": 0.763125, "critic_loss": 42.91359799575805, "actor_loss": -102.69546038818359, "alpha_loss": 0.0013803069991990924, "alpha_value": 0.028020327389240266, "duration": 80.14727830886841, "step": 45250}
{"episode_reward": 0.0, "episode": 182.0, "batch_reward": 0.764375, "critic_loss": 44.25427130126953, "actor_loss": -104.06749340820312, "alpha_loss": 0.0002652729544788599, "alpha_value": 0.028007787644863127, "duration": 80.0119948387146, "step": 45500}
{"episode_reward": 37.0, "episode": 183.0, "batch_reward": 0.7625625, "critic_loss": 56.272863136291505, "actor_loss": -103.23627209472656, "alpha_loss": 0.00022647338081151246, "alpha_value": 0.028001511961221696, "duration": 79.98555159568787, "step": 45750}
{"episode_reward": 0.0, "episode": 184.0, "batch_reward": 0.75509375, "critic_loss": 47.09884967422485, "actor_loss": -103.75375659179687, "alpha_loss": -0.004652469087392092, "alpha_value": 0.028064866736531257, "duration": 79.98689413070679, "step": 46000}
{"episode_reward": 135.0, "episode": 185.0, "batch_reward": 0.7485625, "critic_loss": 35.837790126800535, "actor_loss": -101.92193139648438, "alpha_loss": -0.004711916805710643, "alpha_value": 0.02838301509618759, "duration": 80.05718803405762, "step": 46250}
{"episode_reward": 5.0, "episode": 186.0, "batch_reward": 0.7615, "critic_loss": 60.2731563911438, "actor_loss": -103.01113665771484, "alpha_loss": -0.003413500138092786, "alpha_value": 0.028555202275514602, "duration": 80.17994117736816, "step": 46500}
{"episode_reward": 30.0, "episode": 187.0, "batch_reward": 0.74478125, "critic_loss": 35.90009325027466, "actor_loss": -100.97011492919921, "alpha_loss": -0.0023031057734042406, "alpha_value": 0.02867573782801628, "duration": 79.97210144996643, "step": 46750}
{"episode_reward": 38.0, "episode": 188.0, "batch_reward": 0.73771875, "critic_loss": 38.748247631073, "actor_loss": -101.81219848632813, "alpha_loss": -0.006733916225843132, "alpha_value": 0.028938011661171912, "duration": 80.15419149398804, "step": 47000}
{"episode_reward": 33.0, "episode": 189.0, "batch_reward": 0.73434375, "critic_loss": 38.548033771514895, "actor_loss": -101.29752038574219, "alpha_loss": -0.003111268316861242, "alpha_value": 0.029147473394870758, "duration": 80.11833906173706, "step": 47250}
{"episode_reward": 17.0, "episode": 190.0, "batch_reward": 0.7443125, "critic_loss": 36.277000717163084, "actor_loss": -102.03768835449219, "alpha_loss": -0.00306953122606501, "alpha_value": 0.02934280976653099, "duration": 79.9834930896759, "step": 47500}
{"episode_reward": 13.0, "episode": 191.0, "batch_reward": 0.727125, "critic_loss": 29.001191247940064, "actor_loss": -101.89468127441407, "alpha_loss": 0.0009625033182092011, "alpha_value": 0.029400504112243653, "duration": 80.1444365978241, "step": 47750}
{"episode_reward": 22.0, "episode": 192.0, "batch_reward": 0.7295, "critic_loss": 35.95586600875855, "actor_loss": -101.01161590576172, "alpha_loss": -0.0009288776116445661, "alpha_value": 0.029383883595466613, "duration": 80.05629801750183, "step": 48000}
{"episode_reward": 116.0, "episode": 193.0, "batch_reward": 0.73453125, "critic_loss": 33.62497833251953, "actor_loss": -101.56085528564454, "alpha_loss": 0.00264867541892454, "alpha_value": 0.02936279533803463, "duration": 80.07491970062256, "step": 48250}
{"episode_reward": 40.0, "episode": 194.0, "batch_reward": 0.73796875, "critic_loss": 34.9665463218689, "actor_loss": -102.44639123535157, "alpha_loss": 0.0009307852513156832, "alpha_value": 0.0292075819671154, "duration": 80.05601620674133, "step": 48500}
{"episode_reward": 928.0, "episode": 195.0, "batch_reward": 0.73803125, "critic_loss": 51.38353992462158, "actor_loss": -102.52851556396485, "alpha_loss": 0.0017154346471652388, "alpha_value": 0.02920768354833126, "duration": 80.1000804901123, "step": 48750}
{"episode_reward": 45.0, "episode": 196.0, "batch_reward": 0.75284375, "critic_loss": 31.366777347564696, "actor_loss": -104.5998321533203, "alpha_loss": -0.0032910189111717046, "alpha_value": 0.029197911366820335, "duration": 79.9298746585846, "step": 49000}
{"episode_reward": 955.0, "episode": 197.0, "batch_reward": 0.75865625, "critic_loss": 43.46794603347778, "actor_loss": -104.35721899414062, "alpha_loss": -0.003088896962814033, "alpha_value": 0.029377631351351737, "duration": 80.0217559337616, "step": 49250}
{"episode_reward": 424.0, "episode": 198.0, "batch_reward": 0.759, "critic_loss": 26.828841804504396, "actor_loss": -104.91773266601562, "alpha_loss": -0.0006756202578544617, "alpha_value": 0.029477951303124427, "duration": 80.05330443382263, "step": 49500}
{"episode_reward": 0.0, "episode": 199.0, "batch_reward": 0.7624375, "critic_loss": 29.00227886581421, "actor_loss": -104.9438306274414, "alpha_loss": 0.0022425615093670786, "alpha_value": 0.029436034604907037, "duration": 79.87374806404114, "step": 49750}
{"episode_reward": 981.0, "episode": 200.0, "batch_reward": 0.7721875, "critic_loss": 25.229062408447266, "actor_loss": -105.81636358642578, "alpha_loss": 0.0023053958909586073, "alpha_value": 0.029324333608150482, "duration": 80.06770181655884, "step": 50000}
{"episode_reward": 31.0, "episode": 201.0, "batch_reward": 0.76603125, "critic_loss": 43.533842430114746, "actor_loss": -105.543087890625, "alpha_loss": -0.0012816927661187948, "alpha_value": 0.029242220118641853, "duration": 94.69635486602783, "step": 50250}
{"episode_reward": 12.0, "episode": 202.0, "batch_reward": 0.7758125, "critic_loss": 35.15843304443359, "actor_loss": -107.17398071289062, "alpha_loss": 0.00021604143641889095, "alpha_value": 0.029369320511817933, "duration": 80.092369556427, "step": 50500}
{"episode_reward": 956.0, "episode": 203.0, "batch_reward": 0.7709375, "critic_loss": 23.71278549194336, "actor_loss": -107.99705279541016, "alpha_loss": 0.0013732903082855046, "alpha_value": 0.029281286284327506, "duration": 80.02061605453491, "step": 50750}
{"episode_reward": 0.0, "episode": 204.0, "batch_reward": 0.7634375, "critic_loss": 34.85624640655517, "actor_loss": -108.44632397460937, "alpha_loss": 0.004104961127974093, "alpha_value": 0.029142977982759475, "duration": 80.23136615753174, "step": 51000}
{"episode_reward": 0.0, "episode": 205.0, "batch_reward": 0.77609375, "critic_loss": 32.507747398376466, "actor_loss": -107.73923724365234, "alpha_loss": 0.0023135857093147935, "alpha_value": 0.028958676964044573, "duration": 80.0766499042511, "step": 51250}
{"episode_reward": 22.0, "episode": 206.0, "batch_reward": 0.7983125, "critic_loss": 20.048330429077147, "actor_loss": -111.17043176269532, "alpha_loss": 0.002259917107410729, "alpha_value": 0.02884486238658428, "duration": 80.02875590324402, "step": 51500}
{"episode_reward": 874.0, "episode": 207.0, "batch_reward": 0.7978125, "critic_loss": 22.863566745758057, "actor_loss": -110.45316046142578, "alpha_loss": -0.0004495979519560933, "alpha_value": 0.028800597965717316, "duration": 80.04239678382874, "step": 51750}
{"episode_reward": 988.0, "episode": 208.0, "batch_reward": 0.79290625, "critic_loss": 20.492783880233766, "actor_loss": -109.76347247314453, "alpha_loss": 0.002463114155922085, "alpha_value": 0.028762038692831993, "duration": 80.0603678226471, "step": 52000}
{"episode_reward": 588.0, "episode": 209.0, "batch_reward": 0.806125, "critic_loss": 18.93516565322876, "actor_loss": -111.47476202392578, "alpha_loss": 0.0005445747766643763, "alpha_value": 0.028662481173872947, "duration": 80.1224091053009, "step": 52250}
{"episode_reward": 25.0, "episode": 210.0, "batch_reward": 0.81425, "critic_loss": 23.296086950302126, "actor_loss": -112.00302899169922, "alpha_loss": 0.0026152613046579063, "alpha_value": 0.02854295414686203, "duration": 80.1324737071991, "step": 52500}
{"episode_reward": 0.0, "episode": 211.0, "batch_reward": 0.7991875, "critic_loss": 21.861299444198607, "actor_loss": -111.14482958984375, "alpha_loss": 0.0039964804728515445, "alpha_value": 0.028416472688317297, "duration": 80.04092192649841, "step": 52750}
{"episode_reward": 62.0, "episode": 212.0, "batch_reward": 0.8136875, "critic_loss": 20.455948944091798, "actor_loss": -112.97880969238281, "alpha_loss": 0.005093436372932047, "alpha_value": 0.028140006452798842, "duration": 80.00897812843323, "step": 53000}
{"episode_reward": 271.0, "episode": 213.0, "batch_reward": 0.79109375, "critic_loss": 23.34019268798828, "actor_loss": -110.11048754882812, "alpha_loss": -6.921342061832548e-05, "alpha_value": 0.02800177636742592, "duration": 79.9628095626831, "step": 53250}
{"episode_reward": 72.0, "episode": 214.0, "batch_reward": 0.8020625, "critic_loss": 23.505995677947997, "actor_loss": -111.87103424072265, "alpha_loss": 0.0032092087008059023, "alpha_value": 0.02793791328370571, "duration": 80.07782173156738, "step": 53500}
{"episode_reward": 581.0, "episode": 215.0, "batch_reward": 0.8236875, "critic_loss": 40.879364776611325, "actor_loss": -113.56584283447266, "alpha_loss": 0.003062766828108579, "alpha_value": 0.02778355322778225, "duration": 80.01374101638794, "step": 53750}
{"episode_reward": 435.0, "episode": 216.0, "batch_reward": 0.80403125, "critic_loss": 49.739720821380615, "actor_loss": -113.03801495361328, "alpha_loss": -0.0004069705726578832, "alpha_value": 0.02762833535671234, "duration": 79.9495210647583, "step": 54000}
{"episode_reward": 32.0, "episode": 217.0, "batch_reward": 0.78375, "critic_loss": 40.84264130401611, "actor_loss": -110.76685998535156, "alpha_loss": -0.003939803610090166, "alpha_value": 0.027799539387226103, "duration": 80.01400804519653, "step": 54250}
{"episode_reward": 49.0, "episode": 218.0, "batch_reward": 0.8064375, "critic_loss": 23.28971307182312, "actor_loss": -111.89902911376953, "alpha_loss": -0.004180908073205501, "alpha_value": 0.02804601028561592, "duration": 80.12934732437134, "step": 54500}
{"episode_reward": 831.0, "episode": 219.0, "batch_reward": 0.80765625, "critic_loss": 23.55624118423462, "actor_loss": -110.66842419433594, "alpha_loss": -0.0009331720601767302, "alpha_value": 0.028161043480038644, "duration": 80.074791431427, "step": 54750}
{"episode_reward": 10.0, "episode": 220.0, "batch_reward": 0.826625, "critic_loss": 20.100675102233886, "actor_loss": -114.53516766357421, "alpha_loss": -0.0008168909256346524, "alpha_value": 0.02819555987417698, "duration": 80.08624863624573, "step": 55000}
{"episode_reward": 983.0, "episode": 221.0, "batch_reward": 0.8041875, "critic_loss": 20.715224296569826, "actor_loss": -112.11261749267578, "alpha_loss": 0.00046894425246864555, "alpha_value": 0.028228932172060014, "duration": 80.12787818908691, "step": 55250}
{"episode_reward": 0.0, "episode": 222.0, "batch_reward": 0.83628125, "critic_loss": 22.08066316986084, "actor_loss": -114.6825244140625, "alpha_loss": 0.0018620400060899555, "alpha_value": 0.028160591140389442, "duration": 78.66148710250854, "step": 55500}
{"episode_reward": 46.0, "episode": 223.0, "batch_reward": 0.82653125, "critic_loss": 30.73780564880371, "actor_loss": -114.14663232421876, "alpha_loss": 0.001961488411296159, "alpha_value": 0.02804122179746628, "duration": 77.16697335243225, "step": 55750}
{"episode_reward": 0.0, "episode": 224.0, "batch_reward": 0.83103125, "critic_loss": 34.18739874649048, "actor_loss": -116.52602026367188, "alpha_loss": 0.0009736019242554903, "alpha_value": 0.027981258124113083, "duration": 77.60839414596558, "step": 56000}
{"episode_reward": 276.0, "episode": 225.0, "batch_reward": 0.80271875, "critic_loss": 30.394817092895508, "actor_loss": -113.66638360595704, "alpha_loss": 0.000647714554797858, "alpha_value": 0.02794294126331806, "duration": 77.66505813598633, "step": 56250}
{"episode_reward": 5.0, "episode": 226.0, "batch_reward": 0.808625, "critic_loss": 23.886310626983644, "actor_loss": -112.54144763183594, "alpha_loss": -0.0016984998835250734, "alpha_value": 0.02791691718995571, "duration": 77.57910633087158, "step": 56500}
{"episode_reward": 78.0, "episode": 227.0, "batch_reward": 0.8001875, "critic_loss": 27.498451652526857, "actor_loss": -112.63864434814454, "alpha_loss": -0.0005265917517244816, "alpha_value": 0.027978874549269676, "duration": 77.40028667449951, "step": 56750}
{"episode_reward": 0.0, "episode": 228.0, "batch_reward": 0.8038125, "critic_loss": 22.599753162384033, "actor_loss": -114.09040399169922, "alpha_loss": -0.0035515424106270076, "alpha_value": 0.02812081728875637, "duration": 77.40972805023193, "step": 57000}
{"episode_reward": 211.0, "episode": 229.0, "batch_reward": 0.8126875, "critic_loss": 36.787511596679686, "actor_loss": -114.73484564208984, "alpha_loss": -0.002156707174144685, "alpha_value": 0.028247847229242326, "duration": 77.03539061546326, "step": 57250}
{"episode_reward": 37.0, "episode": 230.0, "batch_reward": 0.806875, "critic_loss": 49.255127269744875, "actor_loss": -113.96817852783204, "alpha_loss": -0.0081631300766021, "alpha_value": 0.028524895504117014, "duration": 77.16596412658691, "step": 57500}
{"episode_reward": 948.0, "episode": 231.0, "batch_reward": 0.81115625, "critic_loss": 33.24738269042969, "actor_loss": -117.53640118408204, "alpha_loss": -0.006420648622326553, "alpha_value": 0.028928302869200707, "duration": 77.50933885574341, "step": 57750}
{"episode_reward": 25.0, "episode": 232.0, "batch_reward": 0.81053125, "critic_loss": 32.73222951507568, "actor_loss": -114.75609411621093, "alpha_loss": -0.005413174645509571, "alpha_value": 0.02915651522576809, "duration": 77.5376935005188, "step": 58000}
{"episode_reward": 462.0, "episode": 233.0, "batch_reward": 0.814, "critic_loss": 31.700792751312257, "actor_loss": -114.418701171875, "alpha_loss": -0.002760562041774392, "alpha_value": 0.029373596474528314, "duration": 76.81370663642883, "step": 58250}
{"episode_reward": 36.0, "episode": 234.0, "batch_reward": 0.8144375, "critic_loss": 29.353170471191405, "actor_loss": -114.92591381835938, "alpha_loss": -0.0034895174372941255, "alpha_value": 0.029578777566552163, "duration": 76.93467307090759, "step": 58500}
{"episode_reward": 96.0, "episode": 235.0, "batch_reward": 0.83534375, "critic_loss": 31.988817684173583, "actor_loss": -116.6204213256836, "alpha_loss": -0.006169762376695871, "alpha_value": 0.029819154158234596, "duration": 76.25454354286194, "step": 58750}
{"episode_reward": 677.0, "episode": 236.0, "batch_reward": 0.8440625, "critic_loss": 33.01611459732056, "actor_loss": -119.13093603515625, "alpha_loss": -0.00583824791572988, "alpha_value": 0.030059659123420714, "duration": 76.73151540756226, "step": 59000}
{"episode_reward": 36.0, "episode": 237.0, "batch_reward": 0.81640625, "critic_loss": 33.864356357574465, "actor_loss": -114.45783734130859, "alpha_loss": -0.002836768090259284, "alpha_value": 0.03028486554324627, "duration": 76.46223783493042, "step": 59250}
{"episode_reward": 149.0, "episode": 238.0, "batch_reward": 0.80575, "critic_loss": 26.209379905700683, "actor_loss": -115.39286486816407, "alpha_loss": 3.00009548664093e-05, "alpha_value": 0.030315774038434027, "duration": 76.9739077091217, "step": 59500}
{"episode_reward": 45.0, "episode": 239.0, "batch_reward": 0.800875, "critic_loss": 29.924723487854003, "actor_loss": -115.44589849853516, "alpha_loss": -0.003955334842670709, "alpha_value": 0.030457894191145897, "duration": 76.76893424987793, "step": 59750}
{"episode_reward": 13.0, "episode": 240.0, "batch_reward": 0.82046875, "critic_loss": 24.486650646209718, "actor_loss": -115.75267181396484, "alpha_loss": -0.004143738303799182, "alpha_value": 0.03060773354768753, "duration": 76.81132388114929, "step": 60000}
{"episode_reward": 902.0, "episode": 241.0, "batch_reward": 0.83875, "critic_loss": 26.439512313842773, "actor_loss": -116.05672106933594, "alpha_loss": -0.0023267830051481725, "alpha_value": 0.030843812122941017, "duration": 90.74509572982788, "step": 60250}
{"episode_reward": 426.0, "episode": 242.0, "batch_reward": 0.82159375, "critic_loss": 29.067200183868408, "actor_loss": -114.61732305908203, "alpha_loss": 0.0009597583934664726, "alpha_value": 0.030839832693338395, "duration": 77.0495355129242, "step": 60500}
{"episode_reward": 820.0, "episode": 243.0, "batch_reward": 0.8364375, "critic_loss": 38.94081799697876, "actor_loss": -117.44468304443359, "alpha_loss": 0.0027099943170323967, "alpha_value": 0.030689086943864824, "duration": 77.26723980903625, "step": 60750}
{"episode_reward": 359.0, "episode": 244.0, "batch_reward": 0.822875, "critic_loss": 50.75618518447876, "actor_loss": -116.3489248046875, "alpha_loss": -0.003621054049115628, "alpha_value": 0.030657039150595665, "duration": 77.45579147338867, "step": 61000}
{"episode_reward": 18.0, "episode": 245.0, "batch_reward": 0.823125, "critic_loss": 29.058827980041503, "actor_loss": -115.14617462158203, "alpha_loss": -0.003061033584177494, "alpha_value": 0.03089192748069763, "duration": 77.40694236755371, "step": 61250}
{"episode_reward": 39.0, "episode": 246.0, "batch_reward": 0.82634375, "critic_loss": 35.49076449966431, "actor_loss": -114.73870208740234, "alpha_loss": -0.0031986208111047746, "alpha_value": 0.031045144259929658, "duration": 77.095223903656, "step": 61500}
{"episode_reward": 70.0, "episode": 247.0, "batch_reward": 0.820375, "critic_loss": 35.039601501464844, "actor_loss": -115.48107189941406, "alpha_loss": -0.0043704074672423305, "alpha_value": 0.03122729177772999, "duration": 75.29931879043579, "step": 61750}
{"episode_reward": 45.0, "episode": 248.0, "batch_reward": 0.83353125, "critic_loss": 30.08137643432617, "actor_loss": -116.4417699584961, "alpha_loss": -0.001811256089247763, "alpha_value": 0.03137918221950531, "duration": 76.6830804347992, "step": 62000}
{"episode_reward": 29.0, "episode": 249.0, "batch_reward": 0.82653125, "critic_loss": 25.708512567520142, "actor_loss": -115.51345629882813, "alpha_loss": -0.0030857876259833576, "alpha_value": 0.03149204996228218, "duration": 76.26115036010742, "step": 62250}
{"episode_reward": 957.0, "episode": 250.0, "batch_reward": 0.84596875, "critic_loss": 29.111303688049315, "actor_loss": -117.09387438964843, "alpha_loss": -0.0008230151208117604, "alpha_value": 0.03162073373794556, "duration": 76.08306574821472, "step": 62500}
{"episode_reward": 12.0, "episode": 251.0, "batch_reward": 0.8321875, "critic_loss": 25.823911067962648, "actor_loss": -118.0848740234375, "alpha_loss": -0.0007164624363649637, "alpha_value": 0.031624421775341034, "duration": 76.72180914878845, "step": 62750}
{"episode_reward": 469.0, "episode": 252.0, "batch_reward": 0.83959375, "critic_loss": 39.753502937316895, "actor_loss": -116.97426629638672, "alpha_loss": -0.003571473951917142, "alpha_value": 0.03173093661665916, "duration": 76.10442686080933, "step": 63000}
{"episode_reward": 22.0, "episode": 253.0, "batch_reward": 0.83165625, "critic_loss": 28.8123157081604, "actor_loss": -119.25341424560547, "alpha_loss": -0.0038123840743210166, "alpha_value": 0.03191834512352944, "duration": 77.14403080940247, "step": 63250}
{"episode_reward": 954.0, "episode": 254.0, "batch_reward": 0.8454375, "critic_loss": 25.877652881622314, "actor_loss": -117.2884580078125, "alpha_loss": 0.0019295812584459783, "alpha_value": 0.0320068938434124, "duration": 77.12579154968262, "step": 63500}
{"episode_reward": 319.0, "episode": 255.0, "batch_reward": 0.83703125, "critic_loss": 31.837482383728027, "actor_loss": -117.25734686279297, "alpha_loss": 0.0027314588269218803, "alpha_value": 0.031861361533403396, "duration": 74.64370036125183, "step": 63750}
{"episode_reward": 48.0, "episode": 256.0, "batch_reward": 0.84596875, "critic_loss": 33.75626181411743, "actor_loss": -118.57815460205079, "alpha_loss": 0.002811687874607742, "alpha_value": 0.03173399570584297, "duration": 73.89067697525024, "step": 64000}
{"episode_reward": 226.0, "episode": 257.0, "batch_reward": 0.837125, "critic_loss": 38.560955905914305, "actor_loss": -120.24094213867187, "alpha_loss": 0.002207188543397933, "alpha_value": 0.03160735002160072, "duration": 73.42730855941772, "step": 64250}
{"episode_reward": 47.0, "episode": 258.0, "batch_reward": 0.84759375, "critic_loss": 44.793701179504396, "actor_loss": -117.46439544677735, "alpha_loss": 0.0020537227131426335, "alpha_value": 0.031477780640125276, "duration": 74.43028974533081, "step": 64500}
{"episode_reward": 172.0, "episode": 259.0, "batch_reward": 0.84475, "critic_loss": 103.30938903045654, "actor_loss": -118.36458319091797, "alpha_loss": -0.0009502576123923063, "alpha_value": 0.031462405920028684, "duration": 74.26969170570374, "step": 64750}
{"episode_reward": 56.0, "episode": 260.0, "batch_reward": 0.830375, "critic_loss": 34.12197394943237, "actor_loss": -116.23796923828125, "alpha_loss": -0.0004742151056416333, "alpha_value": 0.03148888075351715, "duration": 77.38137722015381, "step": 65000}
{"episode_reward": 949.0, "episode": 261.0, "batch_reward": 0.85840625, "critic_loss": 28.80719311904907, "actor_loss": -118.76335852050781, "alpha_loss": 0.0010430960850790142, "alpha_value": 0.03145392870903015, "duration": 77.5122697353363, "step": 65250}
{"episode_reward": 994.0, "episode": 262.0, "batch_reward": 0.85546875, "critic_loss": 26.95946095275879, "actor_loss": -118.44797546386718, "alpha_loss": 0.0022794390600174665, "alpha_value": 0.03140677151083946, "duration": 77.24669623374939, "step": 65500}
{"episode_reward": 400.0, "episode": 263.0, "batch_reward": 0.8643125, "critic_loss": 34.757603797912594, "actor_loss": -120.33839691162109, "alpha_loss": 0.002861409109085798, "alpha_value": 0.03124201859533787, "duration": 76.52644777297974, "step": 65750}
{"episode_reward": 77.0, "episode": 264.0, "batch_reward": 0.85496875, "critic_loss": 27.39684840774536, "actor_loss": -116.98357244873047, "alpha_loss": 0.0007018777709454298, "alpha_value": 0.031159387677907945, "duration": 76.9922149181366, "step": 66000}
{"episode_reward": 268.0, "episode": 265.0, "batch_reward": 0.86815625, "critic_loss": 32.84884953689575, "actor_loss": -118.46168103027344, "alpha_loss": 0.00033171801222488283, "alpha_value": 0.031115542352199554, "duration": 77.6046450138092, "step": 66250}
{"episode_reward": 963.0, "episode": 266.0, "batch_reward": 0.8756875, "critic_loss": 27.76272247314453, "actor_loss": -121.35573327636719, "alpha_loss": 0.0005552333910018206, "alpha_value": 0.03107110132277012, "duration": 77.41342210769653, "step": 66500}
{"episode_reward": 71.0, "episode": 267.0, "batch_reward": 0.878, "critic_loss": 30.394231353759764, "actor_loss": -120.8954946899414, "alpha_loss": -0.005567097446881234, "alpha_value": 0.031263927906751636, "duration": 77.04931116104126, "step": 66750}
{"episode_reward": 87.0, "episode": 268.0, "batch_reward": 0.88621875, "critic_loss": 59.825148216247555, "actor_loss": -122.26775061035156, "alpha_loss": -0.004813058730214834, "alpha_value": 0.031466535270214084, "duration": 76.77203011512756, "step": 67000}
{"episode_reward": 117.0, "episode": 269.0, "batch_reward": 0.86671875, "critic_loss": 30.0174178314209, "actor_loss": -120.75684887695313, "alpha_loss": -0.004119448460638523, "alpha_value": 0.03172221946716309, "duration": 77.70805597305298, "step": 67250}
{"episode_reward": 6.0, "episode": 270.0, "batch_reward": 0.87628125, "critic_loss": 45.270623863220216, "actor_loss": -120.51483715820312, "alpha_loss": -0.004366300694644451, "alpha_value": 0.031884574621915816, "duration": 77.22605633735657, "step": 67500}
{"episode_reward": 4.0, "episode": 271.0, "batch_reward": 0.86621875, "critic_loss": 35.1394235534668, "actor_loss": -120.01944604492188, "alpha_loss": 0.0001444118428044021, "alpha_value": 0.03205000266432762, "duration": 77.61135363578796, "step": 67750}
{"episode_reward": 178.0, "episode": 272.0, "batch_reward": 0.8651875, "critic_loss": 27.584314723968507, "actor_loss": -119.9134599609375, "alpha_loss": 0.0005412251427769661, "alpha_value": 0.03201191434264183, "duration": 77.08392286300659, "step": 68000}
{"episode_reward": 18.0, "episode": 273.0, "batch_reward": 0.87625, "critic_loss": 29.56409464263916, "actor_loss": -119.18469891357422, "alpha_loss": -0.0014632386933080852, "alpha_value": 0.03203216668963432, "duration": 76.5374219417572, "step": 68250}
{"episode_reward": 990.0, "episode": 274.0, "batch_reward": 0.8740625, "critic_loss": 26.717458484649658, "actor_loss": -122.2420560913086, "alpha_loss": 6.373458728194237e-05, "alpha_value": 0.03206518349051476, "duration": 75.44183015823364, "step": 68500}
{"episode_reward": 0.0, "episode": 275.0, "batch_reward": 0.87215625, "critic_loss": 29.976325225830077, "actor_loss": -121.46630902099609, "alpha_loss": -0.0018906459482386708, "alpha_value": 0.032116573184728624, "duration": 76.87450003623962, "step": 68750}
{"episode_reward": 0.0, "episode": 276.0, "batch_reward": 0.85690625, "critic_loss": 70.08444910812378, "actor_loss": -118.7796509399414, "alpha_loss": -0.008900381167419254, "alpha_value": 0.032233882427215574, "duration": 77.44407606124878, "step": 69000}
{"episode_reward": 793.0, "episode": 277.0, "batch_reward": 0.887125, "critic_loss": 33.115753688812255, "actor_loss": -121.14224792480469, "alpha_loss": -0.0033604013305157422, "alpha_value": 0.03265899354219436, "duration": 77.25430035591125, "step": 69250}
{"episode_reward": 930.0, "episode": 278.0, "batch_reward": 0.89821875, "critic_loss": 30.078311061859132, "actor_loss": -122.73977606201171, "alpha_loss": -0.0010028378679417074, "alpha_value": 0.03278815475106239, "duration": 77.48797559738159, "step": 69500}
{"episode_reward": 970.0, "episode": 279.0, "batch_reward": 0.88453125, "critic_loss": 35.27837021255493, "actor_loss": -123.06195733642578, "alpha_loss": 0.00012230887543410063, "alpha_value": 0.03275685822963715, "duration": 77.447350025177, "step": 69750}
{"episode_reward": 16.0, "episode": 280.0, "batch_reward": 0.88725, "critic_loss": 23.45939239501953, "actor_loss": -123.27700653076172, "alpha_loss": -0.0007028054473921657, "alpha_value": 0.03277839526534081, "duration": 77.39155864715576, "step": 70000}
{"episode_reward": 23.0, "episode": 281.0, "batch_reward": 0.89171875, "critic_loss": 26.447984394073487, "actor_loss": -123.39732208251954, "alpha_loss": -1.5844027511775494e-05, "alpha_value": 0.03280660146474838, "duration": 92.31476020812988, "step": 70250}
{"episode_reward": 70.0, "episode": 282.0, "batch_reward": 0.9103125, "critic_loss": 23.90817134094238, "actor_loss": -124.17453753662109, "alpha_loss": -8.03682766854763e-05, "alpha_value": 0.032825585514307025, "duration": 77.44001054763794, "step": 70500}
{"episode_reward": 10.0, "episode": 283.0, "batch_reward": 0.88715625, "critic_loss": 24.054060886383056, "actor_loss": -122.38606048583985, "alpha_loss": 0.001990160332992673, "alpha_value": 0.03277206134796143, "duration": 77.46065211296082, "step": 70750}
{"episode_reward": 37.0, "episode": 284.0, "batch_reward": 0.8904375, "critic_loss": 41.97232381820679, "actor_loss": -122.45899438476563, "alpha_loss": 0.001587159832008183, "alpha_value": 0.03267587915062904, "duration": 76.77466225624084, "step": 71000}
{"episode_reward": 12.0, "episode": 285.0, "batch_reward": 0.88484375, "critic_loss": 36.71322318267822, "actor_loss": -121.34281823730468, "alpha_loss": -4.153903853148222e-05, "alpha_value": 0.032654143661260605, "duration": 73.5668933391571, "step": 71250}
{"episode_reward": 703.0, "episode": 286.0, "batch_reward": 0.89315625, "critic_loss": 59.50797689819336, "actor_loss": -120.42320318603515, "alpha_loss": -0.001802542946767062, "alpha_value": 0.032691398620605466, "duration": 73.89742541313171, "step": 71500}
{"episode_reward": 5.0, "episode": 287.0, "batch_reward": 0.8874375, "critic_loss": 40.61277346420288, "actor_loss": -123.82045684814453, "alpha_loss": 0.0027531841765157878, "alpha_value": 0.032667723596096036, "duration": 76.403249502182, "step": 71750}
{"episode_reward": 11.0, "episode": 288.0, "batch_reward": 0.883, "critic_loss": 38.833093620300296, "actor_loss": -121.73654760742187, "alpha_loss": 0.001151402489747852, "alpha_value": 0.03257175102829933, "duration": 76.78973746299744, "step": 72000}
{"episode_reward": 36.0, "episode": 289.0, "batch_reward": 0.8640625, "critic_loss": 30.538534809112548, "actor_loss": -120.78872113037109, "alpha_loss": 0.0014912863355129957, "alpha_value": 0.03253880420327187, "duration": 73.71970677375793, "step": 72250}
{"episode_reward": 16.0, "episode": 290.0, "batch_reward": 0.88075, "critic_loss": 25.902047512054445, "actor_loss": -122.96577258300782, "alpha_loss": -0.00023483863100409508, "alpha_value": 0.032486375153064725, "duration": 73.6356954574585, "step": 72500}
{"episode_reward": 647.0, "episode": 291.0, "batch_reward": 0.880125, "critic_loss": 46.271043228149416, "actor_loss": -121.44977124023437, "alpha_loss": -0.0023049536626785993, "alpha_value": 0.03252571234107018, "duration": 73.92821598052979, "step": 72750}
{"episode_reward": 0.0, "episode": 292.0, "batch_reward": 0.85778125, "critic_loss": 32.50546021270752, "actor_loss": -120.98493359375, "alpha_loss": -0.00547454818058759, "alpha_value": 0.03273882058262825, "duration": 75.73588681221008, "step": 73000}
{"episode_reward": 31.0, "episode": 293.0, "batch_reward": 0.877375, "critic_loss": 36.279146385192874, "actor_loss": -122.57197381591797, "alpha_loss": -0.004657471640501171, "alpha_value": 0.03297127178311348, "duration": 88.50980687141418, "step": 73250}
{"episode_reward": 9.0, "episode": 294.0, "batch_reward": 0.87496875, "critic_loss": 32.45107234954834, "actor_loss": -124.4612398071289, "alpha_loss": -0.010429669747129083, "alpha_value": 0.03341517120599747, "duration": 89.40532350540161, "step": 73500}
{"episode_reward": 22.0, "episode": 295.0, "batch_reward": 0.86859375, "critic_loss": 29.328159996032714, "actor_loss": -123.00521990966797, "alpha_loss": -0.0024607291175052525, "alpha_value": 0.0337431418299675, "duration": 89.43776345252991, "step": 73750}
{"episode_reward": 32.0, "episode": 296.0, "batch_reward": 0.8616875, "critic_loss": 39.29000135803223, "actor_loss": -121.79482281494141, "alpha_loss": 0.0002150428374297917, "alpha_value": 0.0337618220448494, "duration": 89.34994339942932, "step": 74000}
{"episode_reward": 21.0, "episode": 297.0, "batch_reward": 0.85815625, "critic_loss": 28.994457530975343, "actor_loss": -122.55093176269531, "alpha_loss": -0.0011646187547594308, "alpha_value": 0.03377926129102707, "duration": 89.71637296676636, "step": 74250}
{"episode_reward": 3.0, "episode": 298.0, "batch_reward": 0.8689375, "critic_loss": 28.658129009246828, "actor_loss": -123.49045739746094, "alpha_loss": -0.003134071907028556, "alpha_value": 0.03388717517256737, "duration": 86.55565118789673, "step": 74500}
{"episode_reward": 27.0, "episode": 299.0, "batch_reward": 0.8548125, "critic_loss": 61.570521675109866, "actor_loss": -123.7122696533203, "alpha_loss": -0.004241812082007528, "alpha_value": 0.03403560027480126, "duration": 89.57293510437012, "step": 74750}
{"episode_reward": 356.0, "episode": 300.0, "batch_reward": 0.8721875, "critic_loss": 36.6646950340271, "actor_loss": -125.33225354003906, "alpha_loss": -0.0036715323138050734, "alpha_value": 0.03429614591598511, "duration": 88.64858841896057, "step": 75000}
{"episode_reward": 168.0, "episode": 301.0, "batch_reward": 0.86053125, "critic_loss": 25.89962880706787, "actor_loss": -123.86553967285157, "alpha_loss": -0.0010820963466539979, "alpha_value": 0.03441012850403786, "duration": 89.41433596611023, "step": 75250}
{"episode_reward": 999.0, "episode": 302.0, "batch_reward": 0.8751875, "critic_loss": 29.213900951385497, "actor_loss": -124.58674169921875, "alpha_loss": -0.0007389166103675961, "alpha_value": 0.034439862072467804, "duration": 89.18368458747864, "step": 75500}
{"episode_reward": 332.0, "episode": 303.0, "batch_reward": 0.86440625, "critic_loss": 29.643177265167235, "actor_loss": -125.58883599853516, "alpha_loss": -0.004458605959545821, "alpha_value": 0.03459876352548599, "duration": 89.30519270896912, "step": 75750}
{"episode_reward": 74.0, "episode": 304.0, "batch_reward": 0.8898125, "critic_loss": 27.609136615753172, "actor_loss": -129.42904150390626, "alpha_loss": -0.0023396024676039817, "alpha_value": 0.03475001320242882, "duration": 89.73276877403259, "step": 76000}
{"episode_reward": 951.0, "episode": 305.0, "batch_reward": 0.88925, "critic_loss": 29.2281290473938, "actor_loss": -127.73474853515626, "alpha_loss": -0.0016531962743028998, "alpha_value": 0.034881969064474105, "duration": 89.79362535476685, "step": 76250}
{"episode_reward": 42.0, "episode": 306.0, "batch_reward": 0.86784375, "critic_loss": 30.824196716308595, "actor_loss": -128.1207952270508, "alpha_loss": -0.002150206072255969, "alpha_value": 0.03501582103967667, "duration": 90.01407527923584, "step": 76500}
{"episode_reward": 117.0, "episode": 307.0, "batch_reward": 0.8685625, "critic_loss": 26.040519802093506, "actor_loss": -127.07149780273437, "alpha_loss": -0.0032608256470412016, "alpha_value": 0.035120483607053755, "duration": 90.12379479408264, "step": 76750}
{"episode_reward": 973.0, "episode": 308.0, "batch_reward": 0.90328125, "critic_loss": 27.57690263748169, "actor_loss": -129.9743671875, "alpha_loss": -0.003528689821716398, "alpha_value": 0.03530071419477463, "duration": 89.989994764328, "step": 77000}
{"episode_reward": 280.0, "episode": 309.0, "batch_reward": 0.90303125, "critic_loss": 36.85092493438721, "actor_loss": -128.57225714111328, "alpha_loss": -0.00039959958149120213, "alpha_value": 0.03539572301506996, "duration": 89.31004357337952, "step": 77250}
{"episode_reward": 971.0, "episode": 310.0, "batch_reward": 0.898125, "critic_loss": 26.924766372680665, "actor_loss": -129.59142578125, "alpha_loss": 0.0014483635975047946, "alpha_value": 0.03538736009597778, "duration": 89.13451623916626, "step": 77500}
{"episode_reward": 0.0, "episode": 311.0, "batch_reward": 0.9018125, "critic_loss": 40.88835200500488, "actor_loss": -129.56114233398438, "alpha_loss": -0.00018940421938896178, "alpha_value": 0.035314434468746186, "duration": 88.56439018249512, "step": 77750}
{"episode_reward": 981.0, "episode": 312.0, "batch_reward": 0.906625, "critic_loss": 31.44619362258911, "actor_loss": -130.41292657470703, "alpha_loss": -0.00249053187482059, "alpha_value": 0.03540627124905586, "duration": 88.18934631347656, "step": 78000}
{"episode_reward": 831.0, "episode": 313.0, "batch_reward": 0.91125, "critic_loss": 39.42703175354004, "actor_loss": -129.66965454101563, "alpha_loss": -0.0001793895736336708, "alpha_value": 0.03547160935401916, "duration": 89.27913188934326, "step": 78250}
{"episode_reward": 277.0, "episode": 314.0, "batch_reward": 0.92415625, "critic_loss": 33.38070775604248, "actor_loss": -130.97470428466798, "alpha_loss": 0.0007915074182674288, "alpha_value": 0.03546214058995247, "duration": 89.10109162330627, "step": 78500}
{"episode_reward": 981.0, "episode": 315.0, "batch_reward": 0.9280625, "critic_loss": 47.81930009841919, "actor_loss": -132.1757025756836, "alpha_loss": 0.002168711656704545, "alpha_value": 0.03539301690459251, "duration": 91.17517733573914, "step": 78750}
{"episode_reward": 56.0, "episode": 316.0, "batch_reward": 0.9141875, "critic_loss": 46.3675845451355, "actor_loss": -129.9505209350586, "alpha_loss": -0.002700588615145534, "alpha_value": 0.03542794281244278, "duration": 91.10085105895996, "step": 79000}
{"episode_reward": 54.0, "episode": 317.0, "batch_reward": 0.89540625, "critic_loss": 33.352433044433596, "actor_loss": -127.4024008178711, "alpha_loss": -0.0005702195358462632, "alpha_value": 0.035498640894889834, "duration": 91.12411713600159, "step": 79250}
{"episode_reward": 343.0, "episode": 318.0, "batch_reward": 0.91971875, "critic_loss": 51.90499471664429, "actor_loss": -133.31367022705078, "alpha_loss": -0.0036058565517887472, "alpha_value": 0.03557169058918953, "duration": 91.14381122589111, "step": 79500}
{"episode_reward": 26.0, "episode": 319.0, "batch_reward": 0.9084375, "critic_loss": 43.98881388473511, "actor_loss": -131.4151870727539, "alpha_loss": -0.0008402777416631579, "alpha_value": 0.03576990282535553, "duration": 91.03396463394165, "step": 79750}
{"episode_reward": 124.0, "episode": 320.0, "batch_reward": 0.8999375, "critic_loss": 43.56659688949585, "actor_loss": -131.07301220703124, "alpha_loss": -0.003439229008741677, "alpha_value": 0.03585960802435875, "duration": 91.17860531806946, "step": 80000}
