{"episode_reward": 0.0, "episode": 1.0, "duration": 72.59366488456726, "step": 250}
{"episode_reward": 59.72814558973196, "episode": 2.0, "duration": 5.8592610359191895, "step": 500}
{"episode_reward": 48.70816289734363, "episode": 3.0, "duration": 5.742853164672852, "step": 750}
{"episode_reward": 46.21279011925397, "episode": 4.0, "duration": 5.736933708190918, "step": 1000}
{"episode_reward": 67.92203932270468, "episode": 5.0, "batch_reward": 0.221908745608681, "critic_loss": 0.5055179296343254, "actor_loss": -3.530467586644869, "alpha_loss": 0.938319840014405, "alpha_value": 0.09466448664877339, "duration": 406.1094901561737, "step": 1250}
{"episode_reward": 37.243640415629606, "episode": 6.0, "batch_reward": 0.20442990279197693, "critic_loss": 0.7320855909585953, "actor_loss": -6.22417317199707, "alpha_loss": 0.8774927630424499, "alpha_value": 0.0891092923283577, "duration": 80.15752410888672, "step": 1500}
{"episode_reward": 44.334949838081286, "episode": 7.0, "batch_reward": 0.2065969676375389, "critic_loss": 0.5640875878334045, "actor_loss": -6.666183650970459, "alpha_loss": 0.8716663088798523, "alpha_value": 0.08805807125568389, "duration": 79.22307181358337, "step": 1750}
{"episode_reward": 59.68961412657338, "episode": 8.0, "batch_reward": 0.2016032783985138, "critic_loss": 0.6329899837970734, "actor_loss": -7.124150863647461, "alpha_loss": 0.8587825083732605, "alpha_value": 0.0870220103263855, "duration": 78.7718722820282, "step": 2000}
{"episode_reward": 39.119670840840975, "episode": 9.0, "batch_reward": 0.20954759937524794, "critic_loss": 0.5223965162038803, "actor_loss": -7.672870449066162, "alpha_loss": 0.8491722860336304, "alpha_value": 0.08600254648923875, "duration": 79.7846429347992, "step": 2250}
{"episode_reward": 77.7794782852391, "episode": 10.0, "batch_reward": 0.22484295171499252, "critic_loss": 0.8646021029949188, "actor_loss": -8.22716424179077, "alpha_loss": 0.840841462135315, "alpha_value": 0.08499682080745698, "duration": 79.90264654159546, "step": 2500}
{"episode_reward": 92.96273503342644, "episode": 11.0, "batch_reward": 0.22528081458806992, "critic_loss": 0.5765257580280304, "actor_loss": -8.683445014953612, "alpha_loss": 0.8334774069786072, "alpha_value": 0.08400353038311005, "duration": 80.25002312660217, "step": 2750}
{"episode_reward": 55.98034793666692, "episode": 12.0, "batch_reward": 0.229646917283535, "critic_loss": 0.7829274154901504, "actor_loss": -9.064083045959473, "alpha_loss": 0.8220982303619385, "alpha_value": 0.08302376478910446, "duration": 79.6288743019104, "step": 3000}
{"episode_reward": 57.08195179553323, "episode": 13.0, "batch_reward": 0.2264363785982132, "critic_loss": 0.8207375738620758, "actor_loss": -9.46336775970459, "alpha_loss": 0.8113677244186401, "alpha_value": 0.08205991512537003, "duration": 79.06204557418823, "step": 3250}
{"episode_reward": 44.73560131623799, "episode": 14.0, "batch_reward": 0.2280218580365181, "critic_loss": 0.8935244312286377, "actor_loss": -9.816692588806152, "alpha_loss": 0.7964210901260376, "alpha_value": 0.0811130782365799, "duration": 78.3067979812622, "step": 3500}
{"episode_reward": 77.0271093164953, "episode": 15.0, "batch_reward": 0.2356510031223297, "critic_loss": 0.8692978078126907, "actor_loss": -10.275954727172852, "alpha_loss": 0.7842153959274292, "alpha_value": 0.08018360602855683, "duration": 77.2528612613678, "step": 3750}
{"episode_reward": 88.62979598897789, "episode": 16.0, "batch_reward": 0.2427064101099968, "critic_loss": 0.9090983752012253, "actor_loss": -10.744183395385742, "alpha_loss": 0.7657917132377624, "alpha_value": 0.07927247923612595, "duration": 78.29476499557495, "step": 4000}
{"episode_reward": 72.13103073575742, "episode": 17.0, "batch_reward": 0.25076290971040727, "critic_loss": 1.0962962206602096, "actor_loss": -11.267781837463378, "alpha_loss": 0.7421852593421936, "alpha_value": 0.07838498997688294, "duration": 76.83234143257141, "step": 4250}
{"episode_reward": 85.19694316784755, "episode": 18.0, "batch_reward": 0.24514139366149904, "critic_loss": 1.2638992834091187, "actor_loss": -11.63777223968506, "alpha_loss": 0.7343370890617371, "alpha_value": 0.07751511549949645, "duration": 77.8182418346405, "step": 4500}
{"episode_reward": 46.83919807900771, "episode": 19.0, "batch_reward": 0.24195231360197067, "critic_loss": 1.2263581411838531, "actor_loss": -12.100553192138673, "alpha_loss": 0.7212997999191284, "alpha_value": 0.07665736597776412, "duration": 77.84996891021729, "step": 4750}
{"episode_reward": 49.0554603570615, "episode": 20.0, "batch_reward": 0.24167513245344163, "critic_loss": 1.1599544644355775, "actor_loss": -12.515855895996093, "alpha_loss": 0.7129069285392762, "alpha_value": 0.07580660432577133, "duration": 77.1690604686737, "step": 5000}
{"episode_reward": 51.62192748889225, "episode": 21.0, "batch_reward": 0.2403666980266571, "critic_loss": 1.1312642068862915, "actor_loss": -12.92669268798828, "alpha_loss": 0.7064146347045899, "alpha_value": 0.07496471273899079, "duration": 77.5386016368866, "step": 5250}
{"episode_reward": 36.9838598342725, "episode": 22.0, "batch_reward": 0.23487928581237794, "critic_loss": 1.5329157683849335, "actor_loss": -13.327660301208496, "alpha_loss": 0.6874500923156738, "alpha_value": 0.07413545501232147, "duration": 79.66924166679382, "step": 5500}
{"episode_reward": 103.38759070796365, "episode": 23.0, "batch_reward": 0.24639590483903884, "critic_loss": 1.470029482603073, "actor_loss": -13.735529655456544, "alpha_loss": 0.6810867209434509, "alpha_value": 0.07331782382726669, "duration": 77.69482088088989, "step": 5750}
{"episode_reward": 44.64860235501404, "episode": 24.0, "batch_reward": 0.24010773533582688, "critic_loss": 1.173126358628273, "actor_loss": -13.997612533569336, "alpha_loss": 0.6700463900566102, "alpha_value": 0.07250980943441392, "duration": 78.25542211532593, "step": 6000}
{"episode_reward": 46.41671308687164, "episode": 25.0, "batch_reward": 0.2381147964000702, "critic_loss": 1.3013056628704072, "actor_loss": -14.429279121398926, "alpha_loss": 0.6632078714370727, "alpha_value": 0.07171045154333115, "duration": 78.548992395401, "step": 6250}
{"episode_reward": 76.06304591834528, "episode": 26.0, "batch_reward": 0.2430012739300728, "critic_loss": 1.3595113098621368, "actor_loss": -14.836901153564453, "alpha_loss": 0.6554647288322448, "alpha_value": 0.0709158734679222, "duration": 76.09684300422668, "step": 6500}
{"episode_reward": 55.20652271640735, "episode": 27.0, "batch_reward": 0.23819777065515518, "critic_loss": 1.575873381614685, "actor_loss": -15.243192611694337, "alpha_loss": 0.6460059461593628, "alpha_value": 0.07013337337970733, "duration": 78.11680579185486, "step": 6750}
{"episode_reward": 43.623350722638115, "episode": 28.0, "batch_reward": 0.2386783527135849, "critic_loss": 1.7786667129993439, "actor_loss": -15.519482299804688, "alpha_loss": 0.6324252643585205, "alpha_value": 0.06936273509263992, "duration": 78.46211409568787, "step": 7000}
{"episode_reward": 84.6038231434366, "episode": 29.0, "batch_reward": 0.24319716829061508, "critic_loss": 1.5979419021606445, "actor_loss": -15.845683700561523, "alpha_loss": 0.6245666403770447, "alpha_value": 0.068597736120224, "duration": 78.38547873497009, "step": 7250}
{"episode_reward": 68.12201702850741, "episode": 30.0, "batch_reward": 0.24227606481313704, "critic_loss": 1.7732651765346528, "actor_loss": -16.210643325805663, "alpha_loss": 0.6132562203407288, "alpha_value": 0.06784559458494187, "duration": 79.74331831932068, "step": 7500}
{"episode_reward": 58.7758879654761, "episode": 31.0, "batch_reward": 0.24399071687459944, "critic_loss": 1.7573513474464417, "actor_loss": -16.634373947143555, "alpha_loss": 0.6074539041519165, "alpha_value": 0.0671028863787651, "duration": 80.12397503852844, "step": 7750}
{"episode_reward": 65.54709689704924, "episode": 32.0, "batch_reward": 0.24646929877996446, "critic_loss": 1.6444716968536377, "actor_loss": -16.89724671936035, "alpha_loss": 0.5973740048408508, "alpha_value": 0.0663654436469078, "duration": 79.8429605960846, "step": 8000}
{"episode_reward": 95.241339073194, "episode": 33.0, "batch_reward": 0.24707443380355834, "critic_loss": 1.8011669266223906, "actor_loss": -17.27970559692383, "alpha_loss": 0.5922536144256592, "alpha_value": 0.06563459759950638, "duration": 79.98718500137329, "step": 8250}
{"episode_reward": 53.799038278016056, "episode": 34.0, "batch_reward": 0.2459743137359619, "critic_loss": 1.5904880821704865, "actor_loss": -17.547634567260744, "alpha_loss": 0.5787916169166565, "alpha_value": 0.06491735702753067, "duration": 79.68909502029419, "step": 8500}
{"episode_reward": 55.49071948489468, "episode": 35.0, "batch_reward": 0.24779201596975325, "critic_loss": 1.8541880424022674, "actor_loss": -17.958099502563478, "alpha_loss": 0.5708760380744934, "alpha_value": 0.06420793831348419, "duration": 79.63349771499634, "step": 8750}
{"episode_reward": 77.68863712029153, "episode": 36.0, "batch_reward": 0.24830473905801773, "critic_loss": 2.2013248109817507, "actor_loss": -18.224185394287108, "alpha_loss": 0.562236376285553, "alpha_value": 0.06350532567501069, "duration": 79.98373508453369, "step": 9000}
{"episode_reward": 128.34453630441388, "episode": 37.0, "batch_reward": 0.25516800183057786, "critic_loss": 1.7644866461753845, "actor_loss": -18.749177322387695, "alpha_loss": 0.5439191846847534, "alpha_value": 0.06281917425990105, "duration": 79.76782464981079, "step": 9250}
{"episode_reward": 62.1522525586016, "episode": 38.0, "batch_reward": 0.25378080117702484, "critic_loss": 1.775122049331665, "actor_loss": -18.943829620361328, "alpha_loss": 0.5438944578170777, "alpha_value": 0.06214209493994713, "duration": 79.8309223651886, "step": 9500}
{"episode_reward": 51.66065201188859, "episode": 39.0, "batch_reward": 0.2546736734509468, "critic_loss": 1.7929657425880432, "actor_loss": -19.206312622070314, "alpha_loss": 0.5402677655220032, "alpha_value": 0.06146032813191414, "duration": 80.11130571365356, "step": 9750}
{"episode_reward": 127.91504858805976, "episode": 40.0, "batch_reward": 0.25910741156339645, "critic_loss": 1.8004644260406495, "actor_loss": -19.63951560974121, "alpha_loss": 0.5185528998374939, "alpha_value": 0.060792822390794754, "duration": 79.64192509651184, "step": 10000}
{"episode_reward": 101.1661766389192, "episode": 41.0, "batch_reward": 0.2652761176228523, "critic_loss": 2.0526381106376648, "actor_loss": -19.978860794067383, "alpha_loss": 0.5162458889484406, "alpha_value": 0.06014216831326485, "duration": 146.39131355285645, "step": 10250}
{"episode_reward": 83.96538847132067, "episode": 42.0, "batch_reward": 0.2674684374332428, "critic_loss": 2.0737379484176635, "actor_loss": -20.30221255493164, "alpha_loss": 0.4980337157249451, "alpha_value": 0.05949638947844505, "duration": 79.83698081970215, "step": 10500}
{"episode_reward": 118.05560229498523, "episode": 43.0, "batch_reward": 0.2759115346074104, "critic_loss": 2.168252553939819, "actor_loss": -20.696227279663084, "alpha_loss": 0.48514386582374575, "alpha_value": 0.05886771437525749, "duration": 79.85615658760071, "step": 10750}
{"episode_reward": 166.5135525062038, "episode": 44.0, "batch_reward": 0.28805820786952974, "critic_loss": 2.1047669270038605, "actor_loss": -21.128292282104493, "alpha_loss": 0.46233736562728883, "alpha_value": 0.05825929713249207, "duration": 79.80275368690491, "step": 11000}
{"episode_reward": 141.6848037460395, "episode": 45.0, "batch_reward": 0.29025677061080934, "critic_loss": 2.217374062538147, "actor_loss": -21.509744033813476, "alpha_loss": 0.4442432403564453, "alpha_value": 0.05767046248912811, "duration": 79.97773742675781, "step": 11250}
{"episode_reward": 158.72977799114057, "episode": 46.0, "batch_reward": 0.2941560302376747, "critic_loss": 2.244194396018982, "actor_loss": -21.96197869873047, "alpha_loss": 0.42630876088142394, "alpha_value": 0.0570940572321415, "duration": 79.58504915237427, "step": 11500}
{"episode_reward": 121.17083505791942, "episode": 47.0, "batch_reward": 0.30227383238077166, "critic_loss": 2.2682535285949705, "actor_loss": -22.318143630981446, "alpha_loss": 0.4116809046268463, "alpha_value": 0.056539109170436856, "duration": 79.88839840888977, "step": 11750}
{"episode_reward": 148.63442685401196, "episode": 48.0, "batch_reward": 0.30911277955770494, "critic_loss": 2.66349857711792, "actor_loss": -22.779742584228515, "alpha_loss": 0.3962482633590698, "alpha_value": 0.055987981170415875, "duration": 79.82146000862122, "step": 12000}
{"episode_reward": 141.1057945573396, "episode": 49.0, "batch_reward": 0.3122480061650276, "critic_loss": 2.353879608631134, "actor_loss": -23.14715101623535, "alpha_loss": 0.39597494339942935, "alpha_value": 0.05544656297564506, "duration": 81.97436094284058, "step": 12250}
{"episode_reward": 112.63098669274028, "episode": 50.0, "batch_reward": 0.3129137343764305, "critic_loss": 2.6413650851249697, "actor_loss": -23.59232760620117, "alpha_loss": 0.38495353603363036, "alpha_value": 0.054905849575996396, "duration": 90.84015464782715, "step": 12500}
{"episode_reward": 155.35053783473685, "episode": 51.0, "batch_reward": 0.3241856513619423, "critic_loss": 3.058846024990082, "actor_loss": -23.96636114501953, "alpha_loss": 0.3771302773952484, "alpha_value": 0.05436519804596901, "duration": 91.94854092597961, "step": 12750}
{"episode_reward": 142.4248700181137, "episode": 52.0, "batch_reward": 0.32666933423280714, "critic_loss": 2.8211039118766785, "actor_loss": -24.382987869262696, "alpha_loss": 0.36934108448028563, "alpha_value": 0.05383207330107689, "duration": 93.17045068740845, "step": 13000}
{"episode_reward": 128.07741677486754, "episode": 53.0, "batch_reward": 0.32742034244537355, "critic_loss": 2.8405189967155455, "actor_loss": -24.923087631225584, "alpha_loss": 0.3430717971324921, "alpha_value": 0.05331114801764488, "duration": 89.48604011535645, "step": 13250}
{"episode_reward": 148.6388999809148, "episode": 54.0, "batch_reward": 0.3368823472261429, "critic_loss": 3.050493758201599, "actor_loss": -25.426377883911133, "alpha_loss": 0.3287986099720001, "alpha_value": 0.052821317791938785, "duration": 88.17404055595398, "step": 13500}
{"episode_reward": 149.1890075280338, "episode": 55.0, "batch_reward": 0.33763269728422163, "critic_loss": 3.017142643928528, "actor_loss": -25.86668264770508, "alpha_loss": 0.31793850207328794, "alpha_value": 0.052335499227046965, "duration": 89.15877151489258, "step": 13750}
{"episode_reward": 87.50536405146444, "episode": 56.0, "batch_reward": 0.3377433037161827, "critic_loss": 2.9872550206184387, "actor_loss": -26.22345965576172, "alpha_loss": 0.3323227186203003, "alpha_value": 0.05182980605959892, "duration": 89.14893293380737, "step": 14000}
{"episode_reward": 154.0780130982715, "episode": 57.0, "batch_reward": 0.34262608098983766, "critic_loss": 2.956176764011383, "actor_loss": -26.704042755126952, "alpha_loss": 0.3228257942199707, "alpha_value": 0.05132447895407677, "duration": 89.3652024269104, "step": 14250}
{"episode_reward": 186.47918089706747, "episode": 58.0, "batch_reward": 0.34962363696098325, "critic_loss": 3.103271461486816, "actor_loss": -27.169704696655273, "alpha_loss": 0.3171172091960907, "alpha_value": 0.050819867461919785, "duration": 88.76490449905396, "step": 14500}
{"episode_reward": 174.51736072235414, "episode": 59.0, "batch_reward": 0.3561065979003906, "critic_loss": 3.011751109600067, "actor_loss": -27.580641815185547, "alpha_loss": 0.3234495439529419, "alpha_value": 0.05030567535758018, "duration": 88.52297878265381, "step": 14750}
{"episode_reward": 129.999843127025, "episode": 60.0, "batch_reward": 0.36454643058776853, "critic_loss": 2.8885715889930723, "actor_loss": -28.0498239440918, "alpha_loss": 0.3238528354167938, "alpha_value": 0.04978874185681343, "duration": 92.82387351989746, "step": 15000}
{"episode_reward": 165.3164481130428, "episode": 61.0, "batch_reward": 0.36820778024196626, "critic_loss": 3.0752326126098635, "actor_loss": -28.42938621520996, "alpha_loss": 0.3165477433204651, "alpha_value": 0.0492685270011425, "duration": 92.8325924873352, "step": 15250}
{"episode_reward": 190.6540287993548, "episode": 62.0, "batch_reward": 0.373607802271843, "critic_loss": 3.161327273845673, "actor_loss": -28.85838510131836, "alpha_loss": 0.3073307931423187, "alpha_value": 0.04875295236706734, "duration": 92.9862585067749, "step": 15500}
{"episode_reward": 196.0500249252417, "episode": 63.0, "batch_reward": 0.3737044950723648, "critic_loss": 3.2598540878295896, "actor_loss": -29.323904403686523, "alpha_loss": 0.2875873019695282, "alpha_value": 0.04826662501692772, "duration": 92.48683285713196, "step": 15750}
{"episode_reward": 155.51914425018649, "episode": 64.0, "batch_reward": 0.3812109051942825, "critic_loss": 3.5712782893180846, "actor_loss": -29.72803257751465, "alpha_loss": 0.2783539978265762, "alpha_value": 0.047788099974393844, "duration": 92.66328811645508, "step": 16000}
{"episode_reward": 200.26917630169282, "episode": 65.0, "batch_reward": 0.39028712558746337, "critic_loss": 3.383950355529785, "actor_loss": -30.276178634643554, "alpha_loss": 0.2738640489578247, "alpha_value": 0.04731757867336273, "duration": 92.09885001182556, "step": 16250}
{"episode_reward": 186.46868273716416, "episode": 66.0, "batch_reward": 0.3931568137407303, "critic_loss": 3.4861142930984497, "actor_loss": -30.920874298095704, "alpha_loss": 0.24889960932731628, "alpha_value": 0.046873053163290025, "duration": 92.15844058990479, "step": 16500}
{"episode_reward": 99.4614148982385, "episode": 67.0, "batch_reward": 0.39908776664733886, "critic_loss": 3.5978377561569213, "actor_loss": -31.378577514648438, "alpha_loss": 0.2557900050878525, "alpha_value": 0.046429288029670716, "duration": 91.5254020690918, "step": 16750}
{"episode_reward": 189.90496293003724, "episode": 68.0, "batch_reward": 0.40317200219631194, "critic_loss": 3.679674963951111, "actor_loss": -31.855478866577148, "alpha_loss": 0.25083384466171266, "alpha_value": 0.04597737231850624, "duration": 91.17343759536743, "step": 17000}
{"episode_reward": 178.99752249956836, "episode": 69.0, "batch_reward": 0.40972149550914766, "critic_loss": 3.675570349216461, "actor_loss": -32.431508255004886, "alpha_loss": 0.24447054100036622, "alpha_value": 0.0455305036008358, "duration": 91.96678400039673, "step": 17250}
{"episode_reward": 186.51086166634346, "episode": 70.0, "batch_reward": 0.4090014144182205, "critic_loss": 3.488953107357025, "actor_loss": -32.806172225952146, "alpha_loss": 0.2312382667064667, "alpha_value": 0.04509390363097191, "duration": 92.70475006103516, "step": 17500}
{"episode_reward": 157.42042731158463, "episode": 71.0, "batch_reward": 0.4155632330179215, "critic_loss": 3.584667154312134, "actor_loss": -33.33523794555664, "alpha_loss": 0.22929770457744597, "alpha_value": 0.04466723170876503, "duration": 92.50701093673706, "step": 17750}
{"episode_reward": 229.1880394876133, "episode": 72.0, "batch_reward": 0.42687292540073396, "critic_loss": 3.887414312362671, "actor_loss": -34.02585223388672, "alpha_loss": 0.21817285072803497, "alpha_value": 0.04424355134367943, "duration": 92.68993210792542, "step": 18000}
{"episode_reward": 214.59142339605776, "episode": 73.0, "batch_reward": 0.42891618514060975, "critic_loss": 3.7467391090393067, "actor_loss": -34.45959600830078, "alpha_loss": 0.219374636054039, "alpha_value": 0.043826302349567414, "duration": 92.499671459198, "step": 18250}
{"episode_reward": 241.63498711908733, "episode": 74.0, "batch_reward": 0.4354692060947418, "critic_loss": 3.851447584629059, "actor_loss": -34.85297244262695, "alpha_loss": 0.22217142057418823, "alpha_value": 0.04338929262757301, "duration": 92.89185523986816, "step": 18500}
{"episode_reward": 192.3484054124275, "episode": 75.0, "batch_reward": 0.43908569431304934, "critic_loss": 3.8680097484588623, "actor_loss": -35.35072271728516, "alpha_loss": 0.20921175742149353, "alpha_value": 0.042965364933013915, "duration": 92.63165211677551, "step": 18750}
{"episode_reward": 200.43419295441217, "episode": 76.0, "batch_reward": 0.4395297642946243, "critic_loss": 3.7684100885391234, "actor_loss": -35.90611572265625, "alpha_loss": 0.20069610953330994, "alpha_value": 0.04255059313774109, "duration": 92.2102403640747, "step": 19000}
{"episode_reward": 168.5205402304129, "episode": 77.0, "batch_reward": 0.4495587182044983, "critic_loss": 4.05513295173645, "actor_loss": -36.31215591430664, "alpha_loss": 0.18654872405529022, "alpha_value": 0.04215817213058472, "duration": 92.91916131973267, "step": 19250}
{"episode_reward": 183.55308527661097, "episode": 78.0, "batch_reward": 0.448381453871727, "critic_loss": 4.135320549964905, "actor_loss": -36.87903643798828, "alpha_loss": 0.18082787990570068, "alpha_value": 0.04177654245495796, "duration": 92.53962874412537, "step": 19500}
{"episode_reward": 188.2245241589639, "episode": 79.0, "batch_reward": 0.45148309671878817, "critic_loss": 4.167964336395264, "actor_loss": -37.33553637695312, "alpha_loss": 0.17909899306297303, "alpha_value": 0.04139679422974586, "duration": 92.72616720199585, "step": 19750}
{"episode_reward": 229.6317981330524, "episode": 80.0, "batch_reward": 0.4598114359378815, "critic_loss": 4.088254626274109, "actor_loss": -37.918720642089845, "alpha_loss": 0.17595014369487763, "alpha_value": 0.04100960895419121, "duration": 92.5394229888916, "step": 20000}
{"episode_reward": 172.5217267233296, "episode": 81.0, "batch_reward": 0.4631897619962692, "critic_loss": 4.209821696281433, "actor_loss": -38.42424792480469, "alpha_loss": 0.17054599756002425, "alpha_value": 0.04063010406494141, "duration": 158.3026328086853, "step": 20250}
{"episode_reward": 218.42204622006142, "episode": 82.0, "batch_reward": 0.4725079256296158, "critic_loss": 4.441604625701904, "actor_loss": -39.16771786499024, "alpha_loss": 0.15979532051086426, "alpha_value": 0.04025348806381226, "duration": 92.38048529624939, "step": 20500}
{"episode_reward": 204.35727271404483, "episode": 83.0, "batch_reward": 0.4784178229570389, "critic_loss": 4.309554003715515, "actor_loss": -39.554807067871096, "alpha_loss": 0.1593466966152191, "alpha_value": 0.03989100724458695, "duration": 92.92795014381409, "step": 20750}
{"episode_reward": 267.1170107340983, "episode": 84.0, "batch_reward": 0.48501398289203645, "critic_loss": 4.280041546821594, "actor_loss": -40.07422152709961, "alpha_loss": 0.14980908542871474, "alpha_value": 0.039531250566244125, "duration": 92.30582022666931, "step": 21000}
{"episode_reward": 270.1909274347921, "episode": 85.0, "batch_reward": 0.48794225144386294, "critic_loss": 4.38188874912262, "actor_loss": -40.78142080688477, "alpha_loss": 0.14541891115903854, "alpha_value": 0.039177677005529404, "duration": 92.90699601173401, "step": 21250}
{"episode_reward": 252.6598600394455, "episode": 86.0, "batch_reward": 0.49584995794296266, "critic_loss": 4.388506669044495, "actor_loss": -41.276788787841795, "alpha_loss": 0.14061761236190795, "alpha_value": 0.03882757920026779, "duration": 92.9212007522583, "step": 21500}
{"episode_reward": 287.41821278110194, "episode": 87.0, "batch_reward": 0.501641683101654, "critic_loss": 4.13211219215393, "actor_loss": -41.90768371582031, "alpha_loss": 0.1385224604010582, "alpha_value": 0.03848569530248642, "duration": 92.30860209465027, "step": 21750}
{"episode_reward": 299.9388173194707, "episode": 88.0, "batch_reward": 0.5096875091791153, "critic_loss": 4.338381343841553, "actor_loss": -42.44700527954102, "alpha_loss": 0.13582152903079986, "alpha_value": 0.038134739071130755, "duration": 92.52031707763672, "step": 22000}
{"episode_reward": 284.5758056517723, "episode": 89.0, "batch_reward": 0.5209545553922653, "critic_loss": 4.38997913646698, "actor_loss": -43.14076693725586, "alpha_loss": 0.12016920113563538, "alpha_value": 0.037803347051143646, "duration": 92.55589962005615, "step": 22250}
{"episode_reward": 271.3618339818832, "episode": 90.0, "batch_reward": 0.5264388278722764, "critic_loss": 4.616383574485779, "actor_loss": -43.916309783935546, "alpha_loss": 0.10713720026612282, "alpha_value": 0.03749252012372017, "duration": 92.14878273010254, "step": 22500}
{"episode_reward": 243.88745287922893, "episode": 91.0, "batch_reward": 0.5314479085206986, "critic_loss": 4.716699505805969, "actor_loss": -44.45057540893555, "alpha_loss": 0.09745094341039658, "alpha_value": 0.03721935933828354, "duration": 92.55989456176758, "step": 22750}
{"episode_reward": 269.98485171533247, "episode": 92.0, "batch_reward": 0.5379583595991134, "critic_loss": 4.573379939079285, "actor_loss": -45.06261782836914, "alpha_loss": 0.0983901976943016, "alpha_value": 0.03694349977374077, "duration": 92.34490442276001, "step": 23000}
{"episode_reward": 251.93743587296925, "episode": 93.0, "batch_reward": 0.5401168684959412, "critic_loss": 4.67021886920929, "actor_loss": -45.629699432373044, "alpha_loss": 0.09301125144958496, "alpha_value": 0.03666438940167427, "duration": 93.16835141181946, "step": 23250}
{"episode_reward": 275.15774376892574, "episode": 94.0, "batch_reward": 0.5407952798604965, "critic_loss": 4.772133242607117, "actor_loss": -46.205780670166014, "alpha_loss": 0.09279862329363824, "alpha_value": 0.03637768718600273, "duration": 92.64202165603638, "step": 23500}
{"episode_reward": 257.0730993059911, "episode": 95.0, "batch_reward": 0.5515655567646026, "critic_loss": 4.60483443069458, "actor_loss": -46.90196820068359, "alpha_loss": 0.08742435184121132, "alpha_value": 0.036101744264364244, "duration": 93.19184589385986, "step": 23750}
{"episode_reward": 258.05976120035257, "episode": 96.0, "batch_reward": 0.553181470990181, "critic_loss": 4.907557485580444, "actor_loss": -47.52636093139648, "alpha_loss": 0.08962893751263619, "alpha_value": 0.03581908732652664, "duration": 92.7762222290039, "step": 24000}
{"episode_reward": 279.4318126313726, "episode": 97.0, "batch_reward": 0.5620590318441391, "critic_loss": 4.938554504394531, "actor_loss": -48.34805975341797, "alpha_loss": 0.0814686686694622, "alpha_value": 0.03554267618060112, "duration": 92.69746375083923, "step": 24250}
{"episode_reward": 267.5436245380921, "episode": 98.0, "batch_reward": 0.5687521796226501, "critic_loss": 4.52770830821991, "actor_loss": -48.73922573852539, "alpha_loss": 0.0779075432419777, "alpha_value": 0.03526773309707642, "duration": 93.39702463150024, "step": 24500}
{"episode_reward": 212.4440875711988, "episode": 99.0, "batch_reward": 0.5631252319812775, "critic_loss": 4.600467064857483, "actor_loss": -49.50946578979492, "alpha_loss": 0.07674219617247581, "alpha_value": 0.03499784591794014, "duration": 92.62638592720032, "step": 24750}
{"episode_reward": 218.1318362295952, "episode": 100.0, "batch_reward": 0.5710227797031403, "critic_loss": 4.47394447517395, "actor_loss": -50.06570690917969, "alpha_loss": 0.0724545136988163, "alpha_value": 0.034727971106767654, "duration": 92.24995589256287, "step": 25000}
{"episode_reward": 252.69735259957426, "episode": 101.0, "batch_reward": 0.5719199098348617, "critic_loss": 4.739538966178894, "actor_loss": -50.68843460083008, "alpha_loss": 0.07251459285616875, "alpha_value": 0.03446182909607887, "duration": 93.2871687412262, "step": 25250}
{"episode_reward": 259.02028870464017, "episode": 102.0, "batch_reward": 0.5836579998731614, "critic_loss": 4.81647497177124, "actor_loss": -51.336656188964845, "alpha_loss": 0.06435298018157481, "alpha_value": 0.034194182574748995, "duration": 92.99950814247131, "step": 25500}
{"episode_reward": 287.52110551047303, "episode": 103.0, "batch_reward": 0.5846773842573166, "critic_loss": 4.871740224838256, "actor_loss": -52.0056572265625, "alpha_loss": 0.061551781356334684, "alpha_value": 0.033948563516139986, "duration": 93.03105068206787, "step": 25750}
{"episode_reward": 347.38018004427585, "episode": 104.0, "batch_reward": 0.5979349474906921, "critic_loss": 4.668785844802857, "actor_loss": -52.735612274169924, "alpha_loss": 0.05622239662706852, "alpha_value": 0.033711822241544724, "duration": 92.764643907547, "step": 26000}
{"episode_reward": 316.80078449371564, "episode": 105.0, "batch_reward": 0.5935442601442337, "critic_loss": 4.674042095184326, "actor_loss": -53.277050903320315, "alpha_loss": 0.062168536841869355, "alpha_value": 0.03345640754699707, "duration": 92.583251953125, "step": 26250}
{"episode_reward": 232.90070482438958, "episode": 106.0, "batch_reward": 0.6128196523189545, "critic_loss": 4.818838109970093, "actor_loss": -53.97908374023437, "alpha_loss": 0.05449607650190592, "alpha_value": 0.03319739007949829, "duration": 92.81338572502136, "step": 26500}
{"episode_reward": 253.15842888801302, "episode": 107.0, "batch_reward": 0.6080334651470184, "critic_loss": 5.156062201499939, "actor_loss": -54.513196685791016, "alpha_loss": 0.04499427628517151, "alpha_value": 0.03298231297731399, "duration": 93.22286653518677, "step": 26750}
{"episode_reward": 307.07960055899133, "episode": 108.0, "batch_reward": 0.6109397193193435, "critic_loss": 4.8607803783416745, "actor_loss": -55.11828726196289, "alpha_loss": 0.04709287866204977, "alpha_value": 0.03276742374897003, "duration": 92.43586373329163, "step": 27000}
{"episode_reward": 276.29029405714675, "episode": 109.0, "batch_reward": 0.6155131275653839, "critic_loss": 4.918404163360596, "actor_loss": -55.69337686157227, "alpha_loss": 0.05265696393698454, "alpha_value": 0.03251999020576477, "duration": 92.58353590965271, "step": 27250}
{"episode_reward": 238.58969647856404, "episode": 110.0, "batch_reward": 0.6219549783468247, "critic_loss": 4.851103749275207, "actor_loss": -56.31612097167969, "alpha_loss": 0.04002493293583393, "alpha_value": 0.032283484011888505, "duration": 92.39660286903381, "step": 27500}
{"episode_reward": 361.7449463188089, "episode": 111.0, "batch_reward": 0.6309864975214005, "critic_loss": 4.989628642082215, "actor_loss": -56.96162963867187, "alpha_loss": 0.039613227274268865, "alpha_value": 0.03209272807836533, "duration": 92.2009072303772, "step": 27750}
{"episode_reward": 344.6443713688136, "episode": 112.0, "batch_reward": 0.6403915762901307, "critic_loss": 4.898397678375244, "actor_loss": -57.627332244873045, "alpha_loss": 0.03468511808663607, "alpha_value": 0.03187478449940682, "duration": 92.06079006195068, "step": 28000}
{"episode_reward": 272.4026054118733, "episode": 113.0, "batch_reward": 0.6296064146757125, "critic_loss": 4.843515040397644, "actor_loss": -58.24096963500977, "alpha_loss": 0.038544308885931966, "alpha_value": 0.0316781485080719, "duration": 92.62155747413635, "step": 28250}
{"episode_reward": 231.26813467484865, "episode": 114.0, "batch_reward": 0.6476664465665817, "critic_loss": 4.911790748596191, "actor_loss": -58.824640899658206, "alpha_loss": 0.03540501709282398, "alpha_value": 0.03147123795747757, "duration": 93.07614707946777, "step": 28500}
{"episode_reward": 376.0725904451734, "episode": 115.0, "batch_reward": 0.6505515109300614, "critic_loss": 5.14114952468872, "actor_loss": -59.36743753051758, "alpha_loss": 0.03887865138053894, "alpha_value": 0.031249190643429757, "duration": 92.6522479057312, "step": 28750}
{"episode_reward": 349.0718464690349, "episode": 116.0, "batch_reward": 0.6548955416679383, "critic_loss": 4.810655201911926, "actor_loss": -59.97173358154297, "alpha_loss": 0.030086365729570387, "alpha_value": 0.03103167909383774, "duration": 93.04344630241394, "step": 29000}
{"episode_reward": 347.40944131500316, "episode": 117.0, "batch_reward": 0.6617683799266815, "critic_loss": 5.0448031911849975, "actor_loss": -60.74618161010742, "alpha_loss": 0.024424961854703723, "alpha_value": 0.03085234560072422, "duration": 92.83572244644165, "step": 29250}
{"episode_reward": 345.63567718119043, "episode": 118.0, "batch_reward": 0.6658591772317887, "critic_loss": 4.952102875709533, "actor_loss": -61.37698388671875, "alpha_loss": 0.02294659468345344, "alpha_value": 0.030703234314918518, "duration": 93.23681735992432, "step": 29500}
{"episode_reward": 231.1433507721074, "episode": 119.0, "batch_reward": 0.6743891336917878, "critic_loss": 5.0751170101165775, "actor_loss": -62.11995739746094, "alpha_loss": 0.01956493011675775, "alpha_value": 0.030550552129745483, "duration": 93.12301087379456, "step": 29750}
{"episode_reward": 282.8283919233358, "episode": 120.0, "batch_reward": 0.6712550802230834, "critic_loss": 4.922631972312927, "actor_loss": -62.70987530517578, "alpha_loss": 0.02111058640293777, "alpha_value": 0.030404444873332978, "duration": 93.13495993614197, "step": 30000}
{"episode_reward": 237.25935970097837, "episode": 121.0, "batch_reward": 0.682588139295578, "critic_loss": 4.956299622535705, "actor_loss": -63.34593960571289, "alpha_loss": 0.012688927778042853, "alpha_value": 0.030267922073602675, "duration": 159.5373730659485, "step": 30250}
{"episode_reward": 301.9106604444256, "episode": 122.0, "batch_reward": 0.6816414483785629, "critic_loss": 5.053568182945251, "actor_loss": -64.02380654907226, "alpha_loss": 0.015768249917775392, "alpha_value": 0.030161909982562064, "duration": 92.54809141159058, "step": 30500}
{"episode_reward": 313.21188860825544, "episode": 123.0, "batch_reward": 0.6864712316989898, "critic_loss": 5.085246536254883, "actor_loss": -64.50229504394531, "alpha_loss": 0.011292765098623932, "alpha_value": 0.03003585712611675, "duration": 92.69966292381287, "step": 30750}
{"episode_reward": 386.8871187794693, "episode": 124.0, "batch_reward": 0.6934804537296295, "critic_loss": 5.2416300830841065, "actor_loss": -65.15703469848633, "alpha_loss": 0.003375616243109107, "alpha_value": 0.029959262698888777, "duration": 93.08415079116821, "step": 31000}
{"episode_reward": 323.277900111542, "episode": 125.0, "batch_reward": 0.7046767795085906, "critic_loss": 5.001730044364929, "actor_loss": -65.77476263427734, "alpha_loss": 0.009962268380448221, "alpha_value": 0.029919748231768607, "duration": 92.25843691825867, "step": 31250}
{"episode_reward": 348.62899415151134, "episode": 126.0, "batch_reward": 0.7066029915809632, "critic_loss": 4.9580429058074955, "actor_loss": -66.41650451660156, "alpha_loss": 0.010486549478024245, "alpha_value": 0.02982228960096836, "duration": 92.60033512115479, "step": 31500}
{"episode_reward": 372.51944983430263, "episode": 127.0, "batch_reward": 0.7075447354316712, "critic_loss": 5.126179850578308, "actor_loss": -66.98935205078125, "alpha_loss": 0.010334744397550822, "alpha_value": 0.02971723812818527, "duration": 92.58006620407104, "step": 31750}
{"episode_reward": 296.2622732499558, "episode": 128.0, "batch_reward": 0.7096589848995208, "critic_loss": 5.009594279289246, "actor_loss": -67.64041467285156, "alpha_loss": 0.007041123659349978, "alpha_value": 0.029627368301153183, "duration": 92.60764646530151, "step": 32000}
{"episode_reward": 300.47303641620636, "episode": 129.0, "batch_reward": 0.7155684859752655, "critic_loss": 4.86805168056488, "actor_loss": -68.28597009277344, "alpha_loss": 0.004146632382646203, "alpha_value": 0.029543852373957635, "duration": 92.60542321205139, "step": 32250}
{"episode_reward": 281.9212785541461, "episode": 130.0, "batch_reward": 0.7143772392272949, "critic_loss": 4.963861886024475, "actor_loss": -68.84788665771484, "alpha_loss": 0.01401236502546817, "alpha_value": 0.029428372770547866, "duration": 92.87768244743347, "step": 32500}
{"episode_reward": 282.4475107408666, "episode": 131.0, "batch_reward": 0.7215631902217865, "critic_loss": 5.195325952529907, "actor_loss": -69.47058276367187, "alpha_loss": 0.009411756827495992, "alpha_value": 0.02931225337088108, "duration": 92.01035356521606, "step": 32750}
{"episode_reward": 348.3368004378638, "episode": 132.0, "batch_reward": 0.7284700005054474, "critic_loss": 5.243916839599609, "actor_loss": -70.08586383056641, "alpha_loss": 0.004313863859977573, "alpha_value": 0.029203290045261385, "duration": 92.48234534263611, "step": 33000}
{"episode_reward": 364.5799940469385, "episode": 133.0, "batch_reward": 0.7355599784851075, "critic_loss": 5.307719582557678, "actor_loss": -70.64237194824219, "alpha_loss": -0.00032689646817743776, "alpha_value": 0.029191355600953102, "duration": 92.838937997818, "step": 33250}
{"episode_reward": 333.3269922368669, "episode": 134.0, "batch_reward": 0.7429885621070862, "critic_loss": 5.431968850135803, "actor_loss": -71.13109985351562, "alpha_loss": 0.004638322620652616, "alpha_value": 0.02917048078775406, "duration": 92.40446138381958, "step": 33500}
{"episode_reward": 362.5725024693313, "episode": 135.0, "batch_reward": 0.7425403611660004, "critic_loss": 5.635738749504089, "actor_loss": -71.67896911621094, "alpha_loss": -0.0011990280877798795, "alpha_value": 0.029116623669862746, "duration": 93.18312978744507, "step": 33750}
{"episode_reward": 316.6101052804048, "episode": 136.0, "batch_reward": 0.7450783123970032, "critic_loss": 5.7494745454788205, "actor_loss": -72.19767962646485, "alpha_loss": 0.002167968657799065, "alpha_value": 0.029123671561479568, "duration": 93.66754722595215, "step": 34000}
{"episode_reward": 385.38216878041055, "episode": 137.0, "batch_reward": 0.7514709048271179, "critic_loss": 5.572133036613464, "actor_loss": -72.94911614990234, "alpha_loss": -0.0010643593268468976, "alpha_value": 0.02912788215279579, "duration": 93.19632720947266, "step": 34250}
{"episode_reward": 417.2663252174578, "episode": 138.0, "batch_reward": 0.7568134996891022, "critic_loss": 5.811513648986816, "actor_loss": -73.5150082397461, "alpha_loss": -9.887737222015858e-05, "alpha_value": 0.029080572202801705, "duration": 92.88124084472656, "step": 34500}
{"episode_reward": 356.17439694065945, "episode": 139.0, "batch_reward": 0.7680314342975616, "critic_loss": 5.767046576499939, "actor_loss": -74.06493835449218, "alpha_loss": -0.007194461672566831, "alpha_value": 0.029195778131484985, "duration": 92.25816321372986, "step": 34750}
{"episode_reward": 381.03698809921866, "episode": 140.0, "batch_reward": 0.7763054983615876, "critic_loss": 5.746546724319458, "actor_loss": -74.6659239501953, "alpha_loss": -0.004406132243573666, "alpha_value": 0.02929605768620968, "duration": 92.65327644348145, "step": 35000}
{"episode_reward": 317.05020882739956, "episode": 141.0, "batch_reward": 0.7821930809020996, "critic_loss": 5.851602955818176, "actor_loss": -75.36330364990235, "alpha_loss": -0.00866899422928691, "alpha_value": 0.029428576618432997, "duration": 92.03380560874939, "step": 35250}
{"episode_reward": 442.79386245285787, "episode": 142.0, "batch_reward": 0.788620634317398, "critic_loss": 6.1065230474472045, "actor_loss": -76.02182116699218, "alpha_loss": -0.007970867465250194, "alpha_value": 0.029590395778417586, "duration": 91.91401982307434, "step": 35500}
{"episode_reward": 395.1494328442409, "episode": 143.0, "batch_reward": 0.7864038679599762, "critic_loss": 6.392359433174133, "actor_loss": -76.55727313232421, "alpha_loss": -0.005139465578831732, "alpha_value": 0.02971040663123131, "duration": 91.84500575065613, "step": 35750}
{"episode_reward": 341.3626153684294, "episode": 144.0, "batch_reward": 0.7867919633388519, "critic_loss": 6.426365405082703, "actor_loss": -77.05037347412109, "alpha_loss": -0.003351990336552262, "alpha_value": 0.029783019751310348, "duration": 92.35646390914917, "step": 36000}
{"episode_reward": 420.92506529447115, "episode": 145.0, "batch_reward": 0.793609961271286, "critic_loss": 6.301146188735962, "actor_loss": -77.72346264648438, "alpha_loss": -0.009571782909333706, "alpha_value": 0.029896620988845827, "duration": 92.95428204536438, "step": 36250}
{"episode_reward": 377.7854575845016, "episode": 146.0, "batch_reward": 0.7958080368041992, "critic_loss": 6.252296592712402, "actor_loss": -78.46821051025391, "alpha_loss": -0.009678067417349666, "alpha_value": 0.03011849880218506, "duration": 92.56034851074219, "step": 36500}
{"episode_reward": 319.4607244413519, "episode": 147.0, "batch_reward": 0.8038847434520722, "critic_loss": 6.475016871452332, "actor_loss": -79.08588018798828, "alpha_loss": -0.009924908329732716, "alpha_value": 0.030315609097480774, "duration": 92.7438735961914, "step": 36750}
{"episode_reward": 424.3601199577926, "episode": 148.0, "batch_reward": 0.8084118528366089, "critic_loss": 5.946167835235595, "actor_loss": -79.57779821777343, "alpha_loss": -0.006923565996810794, "alpha_value": 0.030481632217764853, "duration": 92.54763674736023, "step": 37000}
{"episode_reward": 407.8623224057466, "episode": 149.0, "batch_reward": 0.8350083646774292, "critic_loss": 6.492414413452148, "actor_loss": -80.36228521728516, "alpha_loss": -0.013771481825038791, "alpha_value": 0.030709200382232665, "duration": 92.81152486801147, "step": 37250}
{"episode_reward": 425.2786617622145, "episode": 150.0, "batch_reward": 0.8189661169052124, "critic_loss": 6.576957000732422, "actor_loss": -80.9177221069336, "alpha_loss": -0.015232122147455812, "alpha_value": 0.031037845566868782, "duration": 92.81622910499573, "step": 37500}
{"episode_reward": 366.5469588379998, "episode": 151.0, "batch_reward": 0.8239793801307678, "critic_loss": 6.450630809783935, "actor_loss": -81.42511419677734, "alpha_loss": -0.00930293979216367, "alpha_value": 0.03128268621861935, "duration": 92.39488697052002, "step": 37750}
{"episode_reward": 463.3236601440305, "episode": 152.0, "batch_reward": 0.833665519952774, "critic_loss": 6.378711155891418, "actor_loss": -82.14234167480468, "alpha_loss": -0.012612723436206579, "alpha_value": 0.03151146665215492, "duration": 93.20974898338318, "step": 38000}
{"episode_reward": 473.0348764358603, "episode": 153.0, "batch_reward": 0.8465642492771148, "critic_loss": 6.577143900871277, "actor_loss": -82.74481072998047, "alpha_loss": -0.010379860221408308, "alpha_value": 0.03179192435741424, "duration": 93.42207217216492, "step": 38250}
{"episode_reward": 420.72590768135024, "episode": 154.0, "batch_reward": 0.8470388250350952, "critic_loss": 6.874096151351929, "actor_loss": -83.49483819580078, "alpha_loss": -0.013886982886120678, "alpha_value": 0.032083752930164335, "duration": 92.38548040390015, "step": 38500}
{"episode_reward": 284.4291774100571, "episode": 155.0, "batch_reward": 0.8456498908996583, "critic_loss": 6.771659490585328, "actor_loss": -83.896248046875, "alpha_loss": -0.01321169786620885, "alpha_value": 0.03237337478995323, "duration": 92.09991192817688, "step": 38750}
{"episode_reward": 445.210866238929, "episode": 156.0, "batch_reward": 0.8514860513210296, "critic_loss": 6.7629483165740965, "actor_loss": -84.6343251953125, "alpha_loss": -0.00943340182956308, "alpha_value": 0.032631974041461946, "duration": 92.36648440361023, "step": 39000}
{"episode_reward": 376.56068632113926, "episode": 157.0, "batch_reward": 0.8603075416088104, "critic_loss": 6.680036600112915, "actor_loss": -85.22694366455079, "alpha_loss": -0.00777332778647542, "alpha_value": 0.03281152045726776, "duration": 92.11164426803589, "step": 39250}
{"episode_reward": 307.28623441327187, "episode": 158.0, "batch_reward": 0.8580471465587616, "critic_loss": 6.548662721633911, "actor_loss": -85.88021124267578, "alpha_loss": -0.00448905093036592, "alpha_value": 0.03300562039017677, "duration": 92.37027406692505, "step": 39500}
{"episode_reward": 418.38122310827276, "episode": 159.0, "batch_reward": 0.8633447597026825, "critic_loss": 7.085960214614868, "actor_loss": -86.40547290039062, "alpha_loss": -0.005079429053701461, "alpha_value": 0.03304113000631333, "duration": 92.00839853286743, "step": 39750}
{"episode_reward": 339.3891162022065, "episode": 160.0, "batch_reward": 0.8570558166503907, "critic_loss": 6.801241038322448, "actor_loss": -86.99888891601563, "alpha_loss": -0.0042891426412388686, "alpha_value": 0.033194130420684816, "duration": 92.35329866409302, "step": 40000}
{"episode_reward": 446.2073490377212, "episode": 161.0, "batch_reward": 0.88510023021698, "critic_loss": 6.980408102035523, "actor_loss": -87.7037490234375, "alpha_loss": -0.008634383883327245, "alpha_value": 0.033355615735054016, "duration": 157.95911073684692, "step": 40250}
{"episode_reward": 403.75735606675545, "episode": 162.0, "batch_reward": 0.8752997086048127, "critic_loss": 6.778720552444458, "actor_loss": -88.08855725097656, "alpha_loss": -0.003468317807652056, "alpha_value": 0.03349548959732056, "duration": 91.88714170455933, "step": 40500}
{"episode_reward": 400.7108564455517, "episode": 163.0, "batch_reward": 0.8816073446273803, "critic_loss": 6.731504280090332, "actor_loss": -88.58270318603516, "alpha_loss": -0.0015825436627492308, "alpha_value": 0.03354240900278092, "duration": 92.37247776985168, "step": 40750}
{"episode_reward": 461.15365480598, "episode": 164.0, "batch_reward": 0.8936469433307648, "critic_loss": 6.955118938446045, "actor_loss": -89.20780493164062, "alpha_loss": -0.0010055102230980993, "alpha_value": 0.03356371438503265, "duration": 91.98533487319946, "step": 41000}
{"episode_reward": 365.854845714798, "episode": 165.0, "batch_reward": 0.8920006227493286, "critic_loss": 7.035703151702881, "actor_loss": -89.74357299804687, "alpha_loss": -0.0014118874305859208, "alpha_value": 0.033629701137542725, "duration": 92.4854576587677, "step": 41250}
{"episode_reward": 366.43887172426594, "episode": 166.0, "batch_reward": 0.8888559036254883, "critic_loss": 7.398961965560913, "actor_loss": -90.38835284423828, "alpha_loss": -0.0046350327227264645, "alpha_value": 0.03369798076152802, "duration": 93.14450716972351, "step": 41500}
{"episode_reward": 360.2007072119684, "episode": 167.0, "batch_reward": 0.9030553402900696, "critic_loss": 7.099195573806763, "actor_loss": -91.086990234375, "alpha_loss": -0.0059759389851242305, "alpha_value": 0.03381675058603287, "duration": 92.62341952323914, "step": 41750}
{"episode_reward": 448.9314011923666, "episode": 168.0, "batch_reward": 0.9133218050003051, "critic_loss": 7.0419763088226315, "actor_loss": -91.82142095947266, "alpha_loss": -0.0076998907998204235, "alpha_value": 0.0340328626036644, "duration": 92.8917305469513, "step": 42000}
{"episode_reward": 420.87325745376125, "episode": 169.0, "batch_reward": 0.9146837725639343, "critic_loss": 7.31692431640625, "actor_loss": -92.2339443359375, "alpha_loss": -0.008748331610113382, "alpha_value": 0.034180749595165254, "duration": 92.10172915458679, "step": 42250}
{"episode_reward": 373.50025604259787, "episode": 170.0, "batch_reward": 0.9111323552131653, "critic_loss": 7.221288829803467, "actor_loss": -92.64626318359375, "alpha_loss": -0.009243846830911935, "alpha_value": 0.03446159562468529, "duration": 92.80498790740967, "step": 42500}
{"episode_reward": 431.36101055791676, "episode": 171.0, "batch_reward": 0.9271624529361725, "critic_loss": 7.247946353912353, "actor_loss": -93.4574716796875, "alpha_loss": -0.0045119068957865235, "alpha_value": 0.034577497720718386, "duration": 92.45993423461914, "step": 42750}
{"episode_reward": 388.2926276196896, "episode": 172.0, "batch_reward": 0.9155463826656342, "critic_loss": 7.613100038528442, "actor_loss": -93.96669525146484, "alpha_loss": -0.002249052979052067, "alpha_value": 0.034682523787021635, "duration": 92.50159478187561, "step": 43000}
{"episode_reward": 360.5084173980253, "episode": 173.0, "batch_reward": 0.9209136366844177, "critic_loss": 7.60464465713501, "actor_loss": -94.65874737548828, "alpha_loss": -0.010010113288648427, "alpha_value": 0.03487375527620316, "duration": 92.34090542793274, "step": 43250}
{"episode_reward": 416.1087645720293, "episode": 174.0, "batch_reward": 0.9363299958705902, "critic_loss": 7.242616853713989, "actor_loss": -95.2641293334961, "alpha_loss": -0.0003568657897412777, "alpha_value": 0.034988727450370787, "duration": 92.30904960632324, "step": 43500}
{"episode_reward": 374.7757232044035, "episode": 175.0, "batch_reward": 0.9329295279979706, "critic_loss": 7.694879316329956, "actor_loss": -95.73265216064453, "alpha_loss": -0.0021654093358665703, "alpha_value": 0.03501374107599258, "duration": 92.43440079689026, "step": 43750}
{"episode_reward": 294.13812588701444, "episode": 176.0, "batch_reward": 0.9383340859413147, "critic_loss": 7.670195194244385, "actor_loss": -96.3909857788086, "alpha_loss": -0.005623554286547005, "alpha_value": 0.035070575207471845, "duration": 92.23719692230225, "step": 44000}
{"episode_reward": 346.8035076426999, "episode": 177.0, "batch_reward": 0.927525866985321, "critic_loss": 7.5377200355529785, "actor_loss": -96.99076501464843, "alpha_loss": -0.0008620045697316528, "alpha_value": 0.03521542832255364, "duration": 92.48972415924072, "step": 44250}
{"episode_reward": 475.6049894586463, "episode": 178.0, "batch_reward": 0.9449059920310974, "critic_loss": 7.6125845489501955, "actor_loss": -97.59195825195313, "alpha_loss": -0.011183366665616631, "alpha_value": 0.035286137878894806, "duration": 92.29928398132324, "step": 44500}
{"episode_reward": 440.9405518587361, "episode": 179.0, "batch_reward": 0.9552739803791046, "critic_loss": 7.466370250701904, "actor_loss": -98.10312298583985, "alpha_loss": -0.005980730350129307, "alpha_value": 0.03554444354772568, "duration": 92.4898853302002, "step": 44750}
{"episode_reward": 429.0616963984506, "episode": 180.0, "batch_reward": 0.9480286939144135, "critic_loss": 7.985413496017456, "actor_loss": -98.5281484375, "alpha_loss": 0.00200854482781142, "alpha_value": 0.035603324592113496, "duration": 92.17536640167236, "step": 45000}
{"episode_reward": 464.93635508170854, "episode": 181.0, "batch_reward": 0.9599083898067474, "critic_loss": 7.894649677276611, "actor_loss": -99.12304632568359, "alpha_loss": 0.0015540478453040124, "alpha_value": 0.035495441377162935, "duration": 92.27673411369324, "step": 45250}
{"episode_reward": 431.2201440167264, "episode": 182.0, "batch_reward": 0.9627536113262176, "critic_loss": 8.065206155776977, "actor_loss": -99.81379388427735, "alpha_loss": -0.0064581145849078895, "alpha_value": 0.03560252806544304, "duration": 90.1098039150238, "step": 45500}
{"episode_reward": 511.8921950574059, "episode": 183.0, "batch_reward": 0.9681198098659516, "critic_loss": 7.925991159439087, "actor_loss": -100.43338415527344, "alpha_loss": -0.002055772313848138, "alpha_value": 0.03573376867175102, "duration": 88.50349569320679, "step": 45750}
{"episode_reward": 417.3114033553885, "episode": 184.0, "batch_reward": 0.971159404039383, "critic_loss": 8.047462350845336, "actor_loss": -101.04746496582031, "alpha_loss": 0.00163861533254385, "alpha_value": 0.035749807953834534, "duration": 92.68120193481445, "step": 46000}
{"episode_reward": 440.2179688633603, "episode": 185.0, "batch_reward": 0.9749338014125823, "critic_loss": 8.277495412826537, "actor_loss": -101.42512530517578, "alpha_loss": -0.0064299212452024225, "alpha_value": 0.0357387475669384, "duration": 93.15027976036072, "step": 46250}
{"episode_reward": 475.6292844968614, "episode": 186.0, "batch_reward": 0.9829730257987976, "critic_loss": 7.893396915435791, "actor_loss": -102.08882556152344, "alpha_loss": -0.005748254315927625, "alpha_value": 0.03596168059110642, "duration": 93.55043888092041, "step": 46500}
{"episode_reward": 381.4733093682356, "episode": 187.0, "batch_reward": 0.9757961494922638, "critic_loss": 8.098994632720947, "actor_loss": -102.56152526855469, "alpha_loss": -0.0027953512305393816, "alpha_value": 0.03608404177427292, "duration": 93.31144905090332, "step": 46750}
{"episode_reward": 463.0700837385447, "episode": 188.0, "batch_reward": 0.9858793895244599, "critic_loss": 8.034953010559082, "actor_loss": -103.20832495117187, "alpha_loss": -0.0035539666935801508, "alpha_value": 0.03614780101180077, "duration": 93.22284984588623, "step": 47000}
{"episode_reward": 463.1574614058059, "episode": 189.0, "batch_reward": 0.9869770863056183, "critic_loss": 8.201087554931641, "actor_loss": -103.62864672851562, "alpha_loss": -0.0012475606165826322, "alpha_value": 0.03622939497232437, "duration": 93.32121300697327, "step": 47250}
{"episode_reward": 409.206344072249, "episode": 190.0, "batch_reward": 0.9956316075325012, "critic_loss": 7.8856871509552, "actor_loss": -104.26049285888672, "alpha_loss": -0.006056101734749973, "alpha_value": 0.03625912523269653, "duration": 93.34387063980103, "step": 47500}
{"episode_reward": 457.63258857363576, "episode": 191.0, "batch_reward": 0.9966504259109497, "critic_loss": 7.88843321609497, "actor_loss": -104.82534954833984, "alpha_loss": 0.00037254975270479917, "alpha_value": 0.03637832632660866, "duration": 93.18718814849854, "step": 47750}
{"episode_reward": 409.3273999301846, "episode": 192.0, "batch_reward": 1.002382361650467, "critic_loss": 8.241424650192261, "actor_loss": -105.36000860595703, "alpha_loss": 0.00017032149992883205, "alpha_value": 0.03633503040671349, "duration": 93.21273803710938, "step": 48000}
{"episode_reward": 403.30556683954484, "episode": 193.0, "batch_reward": 1.012918226003647, "critic_loss": 7.8012348136901855, "actor_loss": -106.05718780517579, "alpha_loss": -0.004932368223555386, "alpha_value": 0.03644319725036621, "duration": 93.44825339317322, "step": 48250}
{"episode_reward": 482.97634590920876, "episode": 194.0, "batch_reward": 1.0074890937805177, "critic_loss": 7.937813449859619, "actor_loss": -106.5031206665039, "alpha_loss": 0.0029379526786506177, "alpha_value": 0.03638273575901985, "duration": 92.84785318374634, "step": 48500}
{"episode_reward": 433.0401640186303, "episode": 195.0, "batch_reward": 1.0156151320934295, "critic_loss": 8.237211389541626, "actor_loss": -107.09694799804687, "alpha_loss": -0.007326754532754421, "alpha_value": 0.03651291599869728, "duration": 93.62774848937988, "step": 48750}
{"episode_reward": 411.3349083405303, "episode": 196.0, "batch_reward": 1.0108272559642792, "critic_loss": 8.063523447036744, "actor_loss": -107.36678173828125, "alpha_loss": 0.004661014475859701, "alpha_value": 0.03656141936779022, "duration": 93.50912690162659, "step": 49000}
{"episode_reward": 411.8245412003541, "episode": 197.0, "batch_reward": 1.0250064370632173, "critic_loss": 8.48090174484253, "actor_loss": -108.15964575195312, "alpha_loss": -0.0050987071571871635, "alpha_value": 0.03650673618912697, "duration": 92.91705894470215, "step": 49250}
{"episode_reward": 400.2411380890235, "episode": 198.0, "batch_reward": 1.024692498922348, "critic_loss": 8.172338346481324, "actor_loss": -108.64642553710938, "alpha_loss": -0.010474433510564268, "alpha_value": 0.036748813301324845, "duration": 93.34484672546387, "step": 49500}
{"episode_reward": 414.7769131265698, "episode": 199.0, "batch_reward": 1.0346101837158204, "critic_loss": 8.319982830047607, "actor_loss": -109.23057098388672, "alpha_loss": -0.004385418884456158, "alpha_value": 0.036994960904121396, "duration": 92.80840849876404, "step": 49750}
{"episode_reward": 461.06882507088636, "episode": 200.0, "batch_reward": 1.0301750221252441, "critic_loss": 8.044337795257569, "actor_loss": -109.61597760009765, "alpha_loss": -0.006416218374855816, "alpha_value": 0.03710173776745796, "duration": 92.2787594795227, "step": 50000}
{"episode_reward": 401.03967955376334, "episode": 201.0, "batch_reward": 1.0389219617843628, "critic_loss": 8.239371391296388, "actor_loss": -110.07085089111328, "alpha_loss": -0.0079864530749619, "alpha_value": 0.03725816506147385, "duration": 157.29813504219055, "step": 50250}
{"episode_reward": 440.17833908107485, "episode": 202.0, "batch_reward": 1.037335172891617, "critic_loss": 7.9914984664916995, "actor_loss": -110.61278771972657, "alpha_loss": -0.006230883734300733, "alpha_value": 0.03740789401531219, "duration": 92.70388174057007, "step": 50500}
{"episode_reward": 478.03242389807735, "episode": 203.0, "batch_reward": 1.0410072090625764, "critic_loss": 8.183269718170166, "actor_loss": -111.35473931884766, "alpha_loss": -0.009629269357770682, "alpha_value": 0.037664259880781176, "duration": 93.32452726364136, "step": 50750}
{"episode_reward": 413.4308280072103, "episode": 204.0, "batch_reward": 1.0403463814258576, "critic_loss": 8.416295770645142, "actor_loss": -111.79866320800781, "alpha_loss": -0.0004890685658901929, "alpha_value": 0.037781565427780155, "duration": 93.20299935340881, "step": 51000}
{"episode_reward": 383.9286647898231, "episode": 205.0, "batch_reward": 1.0392879343032837, "critic_loss": 8.250518266677856, "actor_loss": -112.21482385253907, "alpha_loss": -0.004990623971447348, "alpha_value": 0.03791661900281906, "duration": 92.66937017440796, "step": 51250}
{"episode_reward": 433.9195949951394, "episode": 206.0, "batch_reward": 1.046138283252716, "critic_loss": 8.444979383468628, "actor_loss": -112.57752380371093, "alpha_loss": 0.0020093010254204273, "alpha_value": 0.03787132102251053, "duration": 93.30693793296814, "step": 51500}
{"episode_reward": 488.1546303014081, "episode": 207.0, "batch_reward": 1.0551768097877503, "critic_loss": 8.466568832397462, "actor_loss": -113.06395867919922, "alpha_loss": 0.0031061711981892584, "alpha_value": 0.03780974254012108, "duration": 93.52622723579407, "step": 51750}
{"episode_reward": 422.1777436697925, "episode": 208.0, "batch_reward": 1.0658707845211028, "critic_loss": 8.633397930145264, "actor_loss": -113.7364877319336, "alpha_loss": -0.004561189089901745, "alpha_value": 0.03790723538398743, "duration": 93.55652475357056, "step": 52000}
{"episode_reward": 435.78701928470633, "episode": 209.0, "batch_reward": 1.0641284611225128, "critic_loss": 8.873260257720947, "actor_loss": -114.37404473876953, "alpha_loss": -0.01520887897722423, "alpha_value": 0.03813095054030419, "duration": 92.94953227043152, "step": 52250}
{"episode_reward": 424.43200551508414, "episode": 210.0, "batch_reward": 1.0675547218322754, "critic_loss": 9.197337692260742, "actor_loss": -114.90420184326172, "alpha_loss": -0.00383966126665473, "alpha_value": 0.03835979890823364, "duration": 92.3072338104248, "step": 52500}
{"episode_reward": 447.6609858833393, "episode": 211.0, "batch_reward": 1.0772947676181792, "critic_loss": 8.81394072341919, "actor_loss": -115.47937072753906, "alpha_loss": -0.00605314658768475, "alpha_value": 0.038513467758893964, "duration": 92.62665176391602, "step": 52750}
{"episode_reward": 422.935119120844, "episode": 212.0, "batch_reward": 1.08376318359375, "critic_loss": 8.811659477233887, "actor_loss": -115.76386981201172, "alpha_loss": -0.008535410248674453, "alpha_value": 0.03868302419781685, "duration": 92.70260977745056, "step": 53000}
{"episode_reward": 429.60051824068944, "episode": 213.0, "batch_reward": 1.0668668565750121, "critic_loss": 8.767561828613282, "actor_loss": -116.20897973632813, "alpha_loss": 0.0016882512979209422, "alpha_value": 0.03878189659118653, "duration": 92.3012547492981, "step": 53250}
{"episode_reward": 472.66962134694717, "episode": 214.0, "batch_reward": 1.080680730342865, "critic_loss": 8.750333318710327, "actor_loss": -116.75795385742188, "alpha_loss": -0.0036975315203890205, "alpha_value": 0.03882649943232536, "duration": 81.1064567565918, "step": 53500}
{"episode_reward": 484.1104091421424, "episode": 215.0, "batch_reward": 1.0865260791778564, "critic_loss": 8.84267976951599, "actor_loss": -117.28100573730468, "alpha_loss": -0.008800222526304424, "alpha_value": 0.03893046271800995, "duration": 83.60299611091614, "step": 53750}
{"episode_reward": 472.50923254510707, "episode": 216.0, "batch_reward": 1.0829790790081024, "critic_loss": 8.801407220840455, "actor_loss": -117.83198370361328, "alpha_loss": -0.006113512960262597, "alpha_value": 0.03921760430932045, "duration": 93.41184210777283, "step": 54000}
{"episode_reward": 507.4843890949739, "episode": 217.0, "batch_reward": 1.0934716753959657, "critic_loss": 8.765794309616089, "actor_loss": -118.39578393554687, "alpha_loss": 0.0018046456053853034, "alpha_value": 0.039195124983787535, "duration": 94.42695212364197, "step": 54250}
{"episode_reward": 402.4605652106777, "episode": 218.0, "batch_reward": 1.0995296211242676, "critic_loss": 8.839318325042724, "actor_loss": -118.98937670898438, "alpha_loss": -0.010659445095807314, "alpha_value": 0.039304899990558625, "duration": 94.2219626903534, "step": 54500}
{"episode_reward": 512.5977371423825, "episode": 219.0, "batch_reward": 1.0859597880840302, "critic_loss": 8.786108362197876, "actor_loss": -119.31017175292969, "alpha_loss": -0.004195505205541849, "alpha_value": 0.039540923446416854, "duration": 94.34719276428223, "step": 54750}
{"episode_reward": 523.4260296397727, "episode": 220.0, "batch_reward": 1.1056282796859742, "critic_loss": 9.065213695526124, "actor_loss": -119.8762271118164, "alpha_loss": 4.125453531742096e-05, "alpha_value": 0.03956764355301857, "duration": 94.55771279335022, "step": 55000}
{"episode_reward": 463.0413638190076, "episode": 221.0, "batch_reward": 1.104696928024292, "critic_loss": 9.328094680786133, "actor_loss": -120.39838079833984, "alpha_loss": -0.020592748172581197, "alpha_value": 0.03982591852545738, "duration": 94.48614120483398, "step": 55250}
{"episode_reward": 413.86578819821466, "episode": 222.0, "batch_reward": 1.1054915261268616, "critic_loss": 8.997447271347045, "actor_loss": -120.75342767333984, "alpha_loss": 0.00401103625446558, "alpha_value": 0.040095560759305954, "duration": 94.47713303565979, "step": 55500}
{"episode_reward": 531.6156455633546, "episode": 223.0, "batch_reward": 1.1105815176963807, "critic_loss": 9.305240489959717, "actor_loss": -121.21322247314453, "alpha_loss": 0.0018606021064333617, "alpha_value": 0.04000779196619988, "duration": 94.8828752040863, "step": 55750}
{"episode_reward": 454.77172446303064, "episode": 224.0, "batch_reward": 1.1092858021259309, "critic_loss": 9.156093166351319, "actor_loss": -121.78893823242187, "alpha_loss": -0.0025452133882790805, "alpha_value": 0.040028990507125856, "duration": 94.71408081054688, "step": 56000}
{"episode_reward": 453.3053199883643, "episode": 225.0, "batch_reward": 1.1168640608787537, "critic_loss": 8.968343296051025, "actor_loss": -122.35225177001954, "alpha_loss": 0.009068654579110444, "alpha_value": 0.039895929992198945, "duration": 94.76129174232483, "step": 56250}
{"episode_reward": 351.985666299803, "episode": 226.0, "batch_reward": 1.1122328932285308, "critic_loss": 8.987307815551757, "actor_loss": -122.80498767089844, "alpha_loss": 0.0004298412781208754, "alpha_value": 0.039850680321455, "duration": 94.66034841537476, "step": 56500}
{"episode_reward": 452.25908982462505, "episode": 227.0, "batch_reward": 1.120257838010788, "critic_loss": 9.26760552597046, "actor_loss": -123.40838562011719, "alpha_loss": 0.0024176394380629063, "alpha_value": 0.03972296839952469, "duration": 94.59633660316467, "step": 56750}
{"episode_reward": 410.4034622965253, "episode": 228.0, "batch_reward": 1.1204035413265228, "critic_loss": 8.847920232772827, "actor_loss": -123.86430853271484, "alpha_loss": 0.0039143908265978095, "alpha_value": 0.03967027509212494, "duration": 94.57303476333618, "step": 57000}
{"episode_reward": 458.0344512104038, "episode": 229.0, "batch_reward": 1.1419726791381837, "critic_loss": 9.272074895858765, "actor_loss": -124.38185327148437, "alpha_loss": -0.0037175981402397156, "alpha_value": 0.03966216957569122, "duration": 94.65261435508728, "step": 57250}
{"episode_reward": 547.398336217485, "episode": 230.0, "batch_reward": 1.1252429263591766, "critic_loss": 8.967488622665405, "actor_loss": -124.65745812988281, "alpha_loss": -0.0021165861720219255, "alpha_value": 0.0397365542948246, "duration": 94.4208881855011, "step": 57500}
{"episode_reward": 418.49233742935667, "episode": 231.0, "batch_reward": 1.1390641543865203, "critic_loss": 8.911997472763062, "actor_loss": -125.2247603149414, "alpha_loss": -0.005878108168020845, "alpha_value": 0.03985488674044609, "duration": 94.6317138671875, "step": 57750}
{"episode_reward": 506.2079259815049, "episode": 232.0, "batch_reward": 1.1388919398784638, "critic_loss": 9.47246010017395, "actor_loss": -125.56679553222656, "alpha_loss": 0.00650020607188344, "alpha_value": 0.03982787644863129, "duration": 94.7190294265747, "step": 58000}
{"episode_reward": 449.7327361247212, "episode": 233.0, "batch_reward": 1.1365283932685852, "critic_loss": 9.048114513397216, "actor_loss": -126.05800939941406, "alpha_loss": 0.0057094321753829716, "alpha_value": 0.03967658230662346, "duration": 94.62314295768738, "step": 58250}
{"episode_reward": 469.41992521801353, "episode": 234.0, "batch_reward": 1.1450976362228393, "critic_loss": 9.062942337036132, "actor_loss": -126.53038018798829, "alpha_loss": 0.0014595650723204017, "alpha_value": 0.03960793098807335, "duration": 94.80487442016602, "step": 58500}
{"episode_reward": 505.036627009179, "episode": 235.0, "batch_reward": 1.1530442490577697, "critic_loss": 8.978946336746215, "actor_loss": -127.06403833007812, "alpha_loss": 0.0013040288034826518, "alpha_value": 0.03953992691636086, "duration": 94.1005208492279, "step": 58750}
{"episode_reward": 489.9805291669007, "episode": 236.0, "batch_reward": 1.157387130498886, "critic_loss": 9.48688680076599, "actor_loss": -127.58408856201171, "alpha_loss": -0.004786440327763557, "alpha_value": 0.03953322091698647, "duration": 93.84727263450623, "step": 59000}
{"episode_reward": 440.12627355192495, "episode": 237.0, "batch_reward": 1.1581611025333405, "critic_loss": 9.111898580551147, "actor_loss": -128.05219451904296, "alpha_loss": -0.007445167740806937, "alpha_value": 0.03972171863913536, "duration": 94.03209900856018, "step": 59250}
{"episode_reward": 530.0428507401208, "episode": 238.0, "batch_reward": 1.1636391043663026, "critic_loss": 9.447246095657349, "actor_loss": -128.49906048583983, "alpha_loss": -0.011486808957532048, "alpha_value": 0.040033948123455045, "duration": 94.10292863845825, "step": 59500}
{"episode_reward": 452.05309058257757, "episode": 239.0, "batch_reward": 1.1523350279331208, "critic_loss": 9.687590850830079, "actor_loss": -128.85693536376954, "alpha_loss": -0.005593043027445674, "alpha_value": 0.04021036121249199, "duration": 93.6364266872406, "step": 59750}
{"episode_reward": 482.0238564140308, "episode": 240.0, "batch_reward": 1.1595228726863862, "critic_loss": 9.311805307388306, "actor_loss": -129.22523486328126, "alpha_loss": -0.000687171645462513, "alpha_value": 0.04033100885152817, "duration": 93.9475691318512, "step": 60000}
{"episode_reward": 522.876417298718, "episode": 241.0, "batch_reward": 1.1762678191661835, "critic_loss": 9.492458724975586, "actor_loss": -129.87528869628906, "alpha_loss": -0.0031471647154539826, "alpha_value": 0.04041244661808014, "duration": 157.13577103614807, "step": 60250}
{"episode_reward": 375.6531720624566, "episode": 242.0, "batch_reward": 1.169235033750534, "critic_loss": 9.428809577941895, "actor_loss": -130.27060595703125, "alpha_loss": 0.0022929324712604284, "alpha_value": 0.040358711540699005, "duration": 92.51673460006714, "step": 60500}
{"episode_reward": 451.19442655600574, "episode": 243.0, "batch_reward": 1.177044106245041, "critic_loss": 9.113459569931031, "actor_loss": -130.719716796875, "alpha_loss": -0.004409346925094724, "alpha_value": 0.04036853963136673, "duration": 92.91634035110474, "step": 60750}
{"episode_reward": 342.1210485950715, "episode": 244.0, "batch_reward": 1.172023886203766, "critic_loss": 9.34167231941223, "actor_loss": -131.19335339355467, "alpha_loss": 0.0025643574241548776, "alpha_value": 0.04042571583390236, "duration": 93.32823038101196, "step": 61000}
{"episode_reward": 472.2166689910041, "episode": 245.0, "batch_reward": 1.1796730840206147, "critic_loss": 9.082149478912353, "actor_loss": -131.63376391601562, "alpha_loss": -0.001841787625104189, "alpha_value": 0.04045232820510864, "duration": 93.90333986282349, "step": 61250}
{"episode_reward": 510.0683753583393, "episode": 246.0, "batch_reward": 1.1768040921688079, "critic_loss": 9.166081958770752, "actor_loss": -132.05092846679688, "alpha_loss": 0.0030920164976269006, "alpha_value": 0.04033455982804299, "duration": 94.73316502571106, "step": 61500}
{"episode_reward": 495.03708566963473, "episode": 247.0, "batch_reward": 1.1769335508346557, "critic_loss": 9.46048645401001, "actor_loss": -132.46025329589844, "alpha_loss": 0.0014672816526144744, "alpha_value": 0.04029579198360443, "duration": 94.09536051750183, "step": 61750}
{"episode_reward": 442.93364178581635, "episode": 248.0, "batch_reward": 1.1851728441715241, "critic_loss": 9.448599857330322, "actor_loss": -132.8702921142578, "alpha_loss": 0.005493856901302933, "alpha_value": 0.04026241162419319, "duration": 94.68552112579346, "step": 62000}
{"episode_reward": 522.7482656143756, "episode": 249.0, "batch_reward": 1.1898310453891754, "critic_loss": 9.312037040710448, "actor_loss": -133.50203161621093, "alpha_loss": 0.0100392744243145, "alpha_value": 0.04002365931868553, "duration": 93.35616326332092, "step": 62250}
{"episode_reward": 444.55270422908217, "episode": 250.0, "batch_reward": 1.1970545935630799, "critic_loss": 9.493055038452148, "actor_loss": -133.99252014160157, "alpha_loss": -0.005345857155509293, "alpha_value": 0.03996561640501022, "duration": 94.02022743225098, "step": 62500}
{"episode_reward": 529.974062877572, "episode": 251.0, "batch_reward": 1.2007400178909302, "critic_loss": 9.241595119476319, "actor_loss": -134.31225720214843, "alpha_loss": -0.004627209076657891, "alpha_value": 0.040099943846464155, "duration": 93.97862386703491, "step": 62750}
{"episode_reward": 425.514387872105, "episode": 252.0, "batch_reward": 1.2029168195724487, "critic_loss": 9.561038583755494, "actor_loss": -134.86810375976563, "alpha_loss": -0.011027104403823615, "alpha_value": 0.04030945312976837, "duration": 94.04524850845337, "step": 63000}
{"episode_reward": 484.36394694510915, "episode": 253.0, "batch_reward": 1.1926640329360962, "critic_loss": 9.761373275756837, "actor_loss": -135.40740283203124, "alpha_loss": -0.009060079229995608, "alpha_value": 0.040599950700998304, "duration": 94.11128616333008, "step": 63250}
{"episode_reward": 506.33112650495355, "episode": 254.0, "batch_reward": 1.1942908642292023, "critic_loss": 9.413412717819213, "actor_loss": -135.82201110839844, "alpha_loss": 0.002724199226126075, "alpha_value": 0.040620528161525726, "duration": 93.34684538841248, "step": 63500}
{"episode_reward": 502.4584111089154, "episode": 255.0, "batch_reward": 1.2055714120864869, "critic_loss": 9.61500177192688, "actor_loss": -136.2265274658203, "alpha_loss": -0.0024655259624123574, "alpha_value": 0.04062895113229752, "duration": 93.77025508880615, "step": 63750}
{"episode_reward": 423.0954368406764, "episode": 256.0, "batch_reward": 1.2099413304328919, "critic_loss": 9.637633796691894, "actor_loss": -136.54642199707033, "alpha_loss": 0.004006200581789017, "alpha_value": 0.04057042944431305, "duration": 92.2398145198822, "step": 64000}
{"episode_reward": 470.7983865570027, "episode": 257.0, "batch_reward": 1.2098754260540008, "critic_loss": 9.540839099884034, "actor_loss": -136.95994836425783, "alpha_loss": 6.906343065202236e-05, "alpha_value": 0.04053615173697472, "duration": 92.83625149726868, "step": 64250}
{"episode_reward": 432.1063543331463, "episode": 258.0, "batch_reward": 1.2170544180870055, "critic_loss": 10.058630855560303, "actor_loss": -137.3511164550781, "alpha_loss": -0.0038129946161061527, "alpha_value": 0.04066183179616928, "duration": 93.08974552154541, "step": 64500}
{"episode_reward": 489.4773651704332, "episode": 259.0, "batch_reward": 1.216373557806015, "critic_loss": 10.101356594085694, "actor_loss": -137.68701245117188, "alpha_loss": -0.007836192006245255, "alpha_value": 0.040775202840566634, "duration": 93.70128536224365, "step": 64750}
{"episode_reward": 557.9768061350918, "episode": 260.0, "batch_reward": 1.220303300380707, "critic_loss": 9.781103157043457, "actor_loss": -138.1784880371094, "alpha_loss": -0.0020376223772764204, "alpha_value": 0.040827937752008436, "duration": 93.77783727645874, "step": 65000}
{"episode_reward": 500.31022421821376, "episode": 261.0, "batch_reward": 1.2189088053703308, "critic_loss": 10.36482173538208, "actor_loss": -138.56388598632813, "alpha_loss": -0.006491424392908811, "alpha_value": 0.04100942012667656, "duration": 92.56033539772034, "step": 65250}
{"episode_reward": 426.87737959885186, "episode": 262.0, "batch_reward": 1.2191928825378417, "critic_loss": 9.753832832336427, "actor_loss": -139.10479663085937, "alpha_loss": -0.011369817551225424, "alpha_value": 0.04118499752879143, "duration": 93.78999471664429, "step": 65500}
{"episode_reward": 469.02396735919586, "episode": 263.0, "batch_reward": 1.2262942831516266, "critic_loss": 9.798189853668212, "actor_loss": -139.56041528320313, "alpha_loss": -0.0005590517269447446, "alpha_value": 0.04141302049160003, "duration": 92.31008434295654, "step": 65750}
{"episode_reward": 480.5075436787962, "episode": 264.0, "batch_reward": 1.2408026967048644, "critic_loss": 9.541623106002808, "actor_loss": -140.11648034667968, "alpha_loss": -0.005301827849820256, "alpha_value": 0.04134358105063438, "duration": 94.1160352230072, "step": 66000}
{"episode_reward": 545.1083926496002, "episode": 265.0, "batch_reward": 1.2329603433609009, "critic_loss": 9.922922204971313, "actor_loss": -140.4234912109375, "alpha_loss": -0.006243095198646188, "alpha_value": 0.04158705481886864, "duration": 93.21161365509033, "step": 66250}
{"episode_reward": 430.63001606892374, "episode": 266.0, "batch_reward": 1.2330407319068908, "critic_loss": 10.038067409515381, "actor_loss": -140.8104033203125, "alpha_loss": 0.0002510768724605441, "alpha_value": 0.041609622895717624, "duration": 92.9098129272461, "step": 66500}
{"episode_reward": 476.62184405806886, "episode": 267.0, "batch_reward": 1.238244198322296, "critic_loss": 9.992174089431762, "actor_loss": -141.3340349121094, "alpha_loss": -0.0023285568915307523, "alpha_value": 0.04166642880439758, "duration": 93.91470503807068, "step": 66750}
{"episode_reward": 463.028073077288, "episode": 268.0, "batch_reward": 1.2408110036849975, "critic_loss": 10.154601190567016, "actor_loss": -141.67142578125, "alpha_loss": -0.010260094768367707, "alpha_value": 0.04184141880273819, "duration": 94.14537048339844, "step": 67000}
{"episode_reward": 486.2012850810854, "episode": 269.0, "batch_reward": 1.2508707365989684, "critic_loss": 9.929843366622924, "actor_loss": -142.26135778808595, "alpha_loss": -0.004586740715429187, "alpha_value": 0.04205708572268486, "duration": 94.10915040969849, "step": 67250}
{"episode_reward": 527.5421953525491, "episode": 270.0, "batch_reward": 1.2430288391113282, "critic_loss": 10.027777334213257, "actor_loss": -142.4185528564453, "alpha_loss": -0.004044078616425395, "alpha_value": 0.04214820486307144, "duration": 93.6455488204956, "step": 67500}
{"episode_reward": 400.19222320401315, "episode": 271.0, "batch_reward": 1.2529925990104676, "critic_loss": 9.808143569946289, "actor_loss": -142.9109189453125, "alpha_loss": -0.0055844036620110275, "alpha_value": 0.042313557147979734, "duration": 94.72515296936035, "step": 67750}
{"episode_reward": 467.3703848526793, "episode": 272.0, "batch_reward": 1.2484610557556153, "critic_loss": 9.992252061843873, "actor_loss": -143.41992822265624, "alpha_loss": -0.005497000234201551, "alpha_value": 0.042483893930912016, "duration": 95.68165802955627, "step": 68000}
{"episode_reward": 487.85365035107975, "episode": 273.0, "batch_reward": 1.253682434797287, "critic_loss": 9.477575700759887, "actor_loss": -143.75188916015625, "alpha_loss": 0.0011376872891560197, "alpha_value": 0.042457519978284834, "duration": 93.96943473815918, "step": 68250}
{"episode_reward": 471.38774939177983, "episode": 274.0, "batch_reward": 1.2604819931983948, "critic_loss": 10.069380138397216, "actor_loss": -144.13970703125, "alpha_loss": -0.0005523857679218054, "alpha_value": 0.042435876816511155, "duration": 94.1540195941925, "step": 68500}
{"episode_reward": 460.46871695555245, "episode": 275.0, "batch_reward": 1.260755415916443, "critic_loss": 9.551367101669312, "actor_loss": -144.57436352539062, "alpha_loss": 0.0025391902923583985, "alpha_value": 0.04238169902563095, "duration": 94.24594640731812, "step": 68750}
{"episode_reward": 476.61993794044804, "episode": 276.0, "batch_reward": 1.2747667150497437, "critic_loss": 9.769399755477906, "actor_loss": -145.1300578613281, "alpha_loss": -0.00587532457895577, "alpha_value": 0.042483439326286315, "duration": 94.56290125846863, "step": 69000}
{"episode_reward": 478.0024466753853, "episode": 277.0, "batch_reward": 1.2645564341545106, "critic_loss": 9.960474027633667, "actor_loss": -145.531798828125, "alpha_loss": 0.0026773529313504694, "alpha_value": 0.04251722937822342, "duration": 94.224942445755, "step": 69250}
{"episode_reward": 469.59848870725585, "episode": 278.0, "batch_reward": 1.2770088882446289, "critic_loss": 9.199085670471192, "actor_loss": -145.85695336914063, "alpha_loss": 0.005077718663960696, "alpha_value": 0.042491424947977065, "duration": 95.26387929916382, "step": 69500}
{"episode_reward": 449.4340772634915, "episode": 279.0, "batch_reward": 1.258638039112091, "critic_loss": 9.314626468658448, "actor_loss": -146.20925109863282, "alpha_loss": 0.001322789181023836, "alpha_value": 0.04237718650698662, "duration": 94.09027242660522, "step": 69750}
{"episode_reward": 498.94613005031727, "episode": 280.0, "batch_reward": 1.2669807257652284, "critic_loss": 9.451837562561035, "actor_loss": -146.4670147705078, "alpha_loss": 0.0005370137551799416, "alpha_value": 0.04228493168950081, "duration": 94.5884063243866, "step": 70000}
{"episode_reward": 481.58372879727585, "episode": 281.0, "batch_reward": 1.276311918258667, "critic_loss": 9.589220211029053, "actor_loss": -146.87740051269532, "alpha_loss": -0.002423571053892374, "alpha_value": 0.04230549314618111, "duration": 158.13243865966797, "step": 70250}
{"episode_reward": 460.4770841857525, "episode": 282.0, "batch_reward": 1.2848139793872833, "critic_loss": 9.282629453659057, "actor_loss": -147.46521411132812, "alpha_loss": 0.007557603426277638, "alpha_value": 0.04225606456398964, "duration": 94.00393486022949, "step": 70500}
{"episode_reward": 562.4071135846708, "episode": 283.0, "batch_reward": 1.2822414379119873, "critic_loss": 9.472803182601929, "actor_loss": -147.85247106933593, "alpha_loss": 0.001503844927996397, "alpha_value": 0.04217112293839455, "duration": 93.61732888221741, "step": 70750}
{"episode_reward": 429.6872266741053, "episode": 284.0, "batch_reward": 1.274011370897293, "critic_loss": 9.739425989151002, "actor_loss": -148.07175830078126, "alpha_loss": -0.011334854604676366, "alpha_value": 0.04224294522404671, "duration": 93.55638670921326, "step": 71000}
{"episode_reward": 522.0469681761732, "episode": 285.0, "batch_reward": 1.2855634765625, "critic_loss": 9.341986894607544, "actor_loss": -148.38139709472657, "alpha_loss": -0.0009877073131501675, "alpha_value": 0.04240142637491226, "duration": 93.17782592773438, "step": 71250}
{"episode_reward": 549.2363050659085, "episode": 286.0, "batch_reward": 1.2760429286956787, "critic_loss": 9.431592454910279, "actor_loss": -148.65674853515625, "alpha_loss": -0.0017062156982719898, "alpha_value": 0.042426556050777435, "duration": 93.93536806106567, "step": 71500}
{"episode_reward": 542.2128724629612, "episode": 287.0, "batch_reward": 1.2858474335670471, "critic_loss": 9.791673723220825, "actor_loss": -149.0786318359375, "alpha_loss": -0.004111768427304923, "alpha_value": 0.04251492670178413, "duration": 94.39495277404785, "step": 71750}
{"episode_reward": 468.4959751301894, "episode": 288.0, "batch_reward": 1.2918196482658386, "critic_loss": 9.493051738739014, "actor_loss": -149.4421046142578, "alpha_loss": 0.006071550454944372, "alpha_value": 0.042554081618785856, "duration": 94.23553133010864, "step": 72000}
{"episode_reward": 444.13129203776606, "episode": 289.0, "batch_reward": 1.293667762041092, "critic_loss": 9.391099321365356, "actor_loss": -149.8319328613281, "alpha_loss": -0.006312507232651115, "alpha_value": 0.04253699404001236, "duration": 94.30660963058472, "step": 72250}
{"episode_reward": 461.0215558708739, "episode": 290.0, "batch_reward": 1.291521632194519, "critic_loss": 9.340566438674927, "actor_loss": -150.29378503417968, "alpha_loss": -0.002743438357487321, "alpha_value": 0.04263019096851349, "duration": 93.98600101470947, "step": 72500}
{"episode_reward": 438.1845252257132, "episode": 291.0, "batch_reward": 1.3006465334892272, "critic_loss": 9.71635772705078, "actor_loss": -150.62943127441406, "alpha_loss": 0.0037460564635694027, "alpha_value": 0.04262078386545181, "duration": 93.06880235671997, "step": 72750}
{"episode_reward": 560.3923592465178, "episode": 292.0, "batch_reward": 1.2816095345020295, "critic_loss": 9.778229200363159, "actor_loss": -150.8336064453125, "alpha_loss": -0.0033208530228585006, "alpha_value": 0.04262119513750076, "duration": 93.77795052528381, "step": 73000}
{"episode_reward": 444.9204132556488, "episode": 293.0, "batch_reward": 1.2960041213035582, "critic_loss": 9.369384740829467, "actor_loss": -151.21588745117188, "alpha_loss": 0.0003370268978178501, "alpha_value": 0.04263960820436478, "duration": 92.70490717887878, "step": 73250}
{"episode_reward": 523.8233567159992, "episode": 294.0, "batch_reward": 1.292169763326645, "critic_loss": 9.270975776672364, "actor_loss": -151.61423815917968, "alpha_loss": -0.0008095053043216467, "alpha_value": 0.04269011348485947, "duration": 93.50048112869263, "step": 73500}
{"episode_reward": 486.332149262861, "episode": 295.0, "batch_reward": 1.3193555779457091, "critic_loss": 9.39217349243164, "actor_loss": -151.98751110839845, "alpha_loss": 0.00011652039363980294, "alpha_value": 0.042741360783576966, "duration": 93.93679356575012, "step": 73750}
{"episode_reward": 482.4149503162683, "episode": 296.0, "batch_reward": 1.3037424664497375, "critic_loss": 9.767411058425903, "actor_loss": -152.1898994140625, "alpha_loss": 0.00038874303456395867, "alpha_value": 0.04268097883462906, "duration": 93.53577613830566, "step": 74000}
{"episode_reward": 485.9189149971278, "episode": 297.0, "batch_reward": 1.3059806051254272, "critic_loss": 9.450233549118042, "actor_loss": -152.485146484375, "alpha_loss": 0.0017274747332558036, "alpha_value": 0.04268005993962288, "duration": 93.58584856987, "step": 74250}
{"episode_reward": 512.3527759376688, "episode": 298.0, "batch_reward": 1.3115237936973572, "critic_loss": 9.482300592422485, "actor_loss": -153.02200439453125, "alpha_loss": -0.0036148383878171443, "alpha_value": 0.0427127571105957, "duration": 93.37984848022461, "step": 74500}
{"episode_reward": 482.73035882009987, "episode": 299.0, "batch_reward": 1.3083139910697936, "critic_loss": 9.507338161468505, "actor_loss": -153.1451202392578, "alpha_loss": 0.00789754388667643, "alpha_value": 0.04263128098845482, "duration": 93.82523798942566, "step": 74750}
{"episode_reward": 490.6622714531469, "episode": 300.0, "batch_reward": 1.311499831199646, "critic_loss": 9.755380739212036, "actor_loss": -153.42449963378905, "alpha_loss": -0.007867665028199553, "alpha_value": 0.042616493552923206, "duration": 93.19377636909485, "step": 75000}
{"episode_reward": 527.6856914070754, "episode": 301.0, "batch_reward": 1.3221500868797302, "critic_loss": 9.832514356613158, "actor_loss": -153.8592628173828, "alpha_loss": -0.003645187315531075, "alpha_value": 0.04278881692886353, "duration": 90.55729269981384, "step": 75250}
{"episode_reward": 451.64188188787136, "episode": 302.0, "batch_reward": 1.3239921174049378, "critic_loss": 9.243833797454833, "actor_loss": -154.28759521484375, "alpha_loss": -0.006579611630178988, "alpha_value": 0.04297033476829529, "duration": 90.94762372970581, "step": 75500}
{"episode_reward": 526.999750925485, "episode": 303.0, "batch_reward": 1.3208488574028014, "critic_loss": 9.69961566734314, "actor_loss": -154.53301867675782, "alpha_loss": -0.0024558347072452308, "alpha_value": 0.043004963129758836, "duration": 90.78996706008911, "step": 75750}
{"episode_reward": 406.58113736051797, "episode": 304.0, "batch_reward": 1.3364842705726623, "critic_loss": 10.026705781936645, "actor_loss": -154.8347333984375, "alpha_loss": -0.003228762114420533, "alpha_value": 0.043118841737508774, "duration": 91.22476053237915, "step": 76000}
{"episode_reward": 533.0552997811045, "episode": 305.0, "batch_reward": 1.3262207770347596, "critic_loss": 9.762259231567382, "actor_loss": -155.20884997558593, "alpha_loss": 0.003033057529479265, "alpha_value": 0.04310064560174942, "duration": 91.0388457775116, "step": 76250}
{"episode_reward": 511.1883389562765, "episode": 306.0, "batch_reward": 1.319186225414276, "critic_loss": 9.703805053710937, "actor_loss": -155.297138671875, "alpha_loss": 0.010512282693758607, "alpha_value": 0.04293906563520432, "duration": 91.33258724212646, "step": 76500}
{"episode_reward": 406.48717752914723, "episode": 307.0, "batch_reward": 1.3320463657379151, "critic_loss": 9.898330905914307, "actor_loss": -155.62111352539063, "alpha_loss": 0.004341854549013078, "alpha_value": 0.04277205577492714, "duration": 91.5874490737915, "step": 76750}
{"episode_reward": 507.3497733152746, "episode": 308.0, "batch_reward": 1.3251364579200744, "critic_loss": 10.020015857696533, "actor_loss": -155.78294934082032, "alpha_loss": 0.010491197057068347, "alpha_value": 0.04252580872178078, "duration": 90.77258253097534, "step": 77000}
{"episode_reward": 479.18803555066404, "episode": 309.0, "batch_reward": 1.3373385200500487, "critic_loss": 10.026293403625488, "actor_loss": -156.25467797851562, "alpha_loss": -0.0014712672661989928, "alpha_value": 0.042396927297115326, "duration": 91.44780349731445, "step": 77250}
{"episode_reward": 540.8674513742387, "episode": 310.0, "batch_reward": 1.3308097352981567, "critic_loss": 10.010737970352173, "actor_loss": -156.5230106201172, "alpha_loss": 0.009868567099794745, "alpha_value": 0.042331383109092714, "duration": 91.60636520385742, "step": 77500}
{"episode_reward": 465.56613327928903, "episode": 311.0, "batch_reward": 1.3379445109367372, "critic_loss": 9.851391208648682, "actor_loss": -157.01594287109376, "alpha_loss": -0.010042377723846585, "alpha_value": 0.04229791793227196, "duration": 91.08242130279541, "step": 77750}
{"episode_reward": 445.1401862855851, "episode": 312.0, "batch_reward": 1.3385212574005128, "critic_loss": 10.06608747291565, "actor_loss": -157.1218865966797, "alpha_loss": -0.0023252610601484777, "alpha_value": 0.042432586640119556, "duration": 91.69763374328613, "step": 78000}
{"episode_reward": 494.81840349303354, "episode": 313.0, "batch_reward": 1.3478301963806152, "critic_loss": 9.813121246337891, "actor_loss": -157.3354149169922, "alpha_loss": 0.000432236073538661, "alpha_value": 0.04250216501951218, "duration": 91.74621868133545, "step": 78250}
{"episode_reward": 557.0272918707228, "episode": 314.0, "batch_reward": 1.338670630455017, "critic_loss": 9.864627340316773, "actor_loss": -157.4693309326172, "alpha_loss": -0.004345055292360484, "alpha_value": 0.042570023268461224, "duration": 92.13876056671143, "step": 78500}
{"episode_reward": 475.4137147938511, "episode": 315.0, "batch_reward": 1.3403093328475952, "critic_loss": 10.018590988159179, "actor_loss": -157.92375463867188, "alpha_loss": -0.00252494652569294, "alpha_value": 0.04268260943889618, "duration": 93.30364561080933, "step": 78750}
{"episode_reward": 514.0106250672115, "episode": 316.0, "batch_reward": 1.3440373039245606, "critic_loss": 10.012038740158081, "actor_loss": -158.3487958984375, "alpha_loss": 0.0009534137900918722, "alpha_value": 0.04270567536354065, "duration": 93.23053288459778, "step": 79000}
{"episode_reward": 424.8049482733897, "episode": 317.0, "batch_reward": 1.3496975302696228, "critic_loss": 9.62130383682251, "actor_loss": -158.5191778564453, "alpha_loss": 0.0013975416431203484, "alpha_value": 0.0426208227276802, "duration": 92.5757839679718, "step": 79250}
{"episode_reward": 555.7561375996445, "episode": 318.0, "batch_reward": 1.3563471341133118, "critic_loss": 9.809854131698609, "actor_loss": -158.93192578125, "alpha_loss": 0.005580940345302224, "alpha_value": 0.04251246529817581, "duration": 93.115642786026, "step": 79500}
{"episode_reward": 543.8802971539299, "episode": 319.0, "batch_reward": 1.356616132736206, "critic_loss": 9.907237319946288, "actor_loss": -159.08334692382812, "alpha_loss": 0.002248155971057713, "alpha_value": 0.04238319292664528, "duration": 93.24500870704651, "step": 79750}
{"episode_reward": 505.3169556472702, "episode": 320.0, "batch_reward": 1.3565932483673095, "critic_loss": 10.086195587158203, "actor_loss": -159.4040635986328, "alpha_loss": -6.638363003730774e-06, "alpha_value": 0.04237672555446625, "duration": 93.19307494163513, "step": 80000}
